[2024-09-29T14:27:25.677+0000] {local_task_job_runner.py:120} INFO - ::group::Pre task execution logs
[2024-09-29T14:27:25.762+0000] {taskinstance.py:2073} INFO - Dependencies all met for dep_context=non-requeueable deps ti=<TaskInstance: etl.upload_file_invoice_type_to_warehouse scheduled__2024-08-20T00:00:00+00:00 [queued]>
[2024-09-29T14:27:25.834+0000] {taskinstance.py:2073} INFO - Dependencies all met for dep_context=requeueable deps ti=<TaskInstance: etl.upload_file_invoice_type_to_warehouse scheduled__2024-08-20T00:00:00+00:00 [queued]>
[2024-09-29T14:27:25.834+0000] {taskinstance.py:2303} INFO - Starting attempt 1 of 1
[2024-09-29T14:27:26.161+0000] {taskinstance.py:2327} INFO - Executing <Task(GCSToGCSOperator): upload_file_invoice_type_to_warehouse> on 2024-08-20 00:00:00+00:00
[2024-09-29T14:27:26.239+0000] {standard_task_runner.py:90} INFO - Running: ['***', 'tasks', 'run', 'etl', 'upload_file_invoice_type_to_warehouse', 'scheduled__2024-08-20T00:00:00+00:00', '--job-id', '1831', '--raw', '--subdir', 'DAGS_FOLDER/etl.py', '--cfg-path', '/tmp/tmp28wlzxux']
[2024-09-29T14:27:26.240+0000] {standard_task_runner.py:91} INFO - Job 1831: Subtask upload_file_invoice_type_to_warehouse
[2024-09-29T14:27:26.250+0000] {logging_mixin.py:188} WARNING - /home/***/.local/lib/python3.12/site-packages/***/task/task_runner/standard_task_runner.py:61 DeprecationWarning: This process (pid=20971) is multi-threaded, use of fork() may lead to deadlocks in the child.
[2024-09-29T14:27:26.269+0000] {standard_task_runner.py:63} INFO - Started process 21071 to run task
[2024-09-29T14:27:26.446+0000] {task_command.py:426} INFO - Running <TaskInstance: etl.upload_file_invoice_type_to_warehouse scheduled__2024-08-20T00:00:00+00:00 [running]> on host 71321b93f95e
[2024-09-29T14:27:26.880+0000] {taskinstance.py:2644} INFO - Exporting env vars: AIRFLOW_CTX_DAG_OWNER='***' AIRFLOW_CTX_DAG_ID='etl' AIRFLOW_CTX_TASK_ID='upload_file_invoice_type_to_warehouse' AIRFLOW_CTX_EXECUTION_DATE='2024-08-20T00:00:00+00:00' AIRFLOW_CTX_TRY_NUMBER='1' AIRFLOW_CTX_DAG_RUN_ID='scheduled__2024-08-20T00:00:00+00:00'
[2024-09-29T14:27:26.885+0000] {taskinstance.py:430} INFO - ::endgroup::
[2024-09-29T14:27:26.930+0000] {connection.py:274} WARNING - Connection schemes (type: google_cloud_platform) shall not contain '_' according to RFC3986.
[2024-09-29T14:27:26.966+0000] {base.py:84} INFO - Using connection ID 'my-gcp-conn' for task execution.
[2024-09-29T14:27:28.025+0000] {gcs_to_gcs.py:535} INFO - Executing copy of gs://rawdata-madt-finalproject/invoice_type.csv to gs://storage-madt-finalproject/invoice_type.csv
[2024-09-29T14:27:28.714+0000] {gcs.py:256} INFO - Total Bytes: 88 | Bytes Written: 88
[2024-09-29T14:27:28.715+0000] {gcs.py:264} INFO - Object invoice_type.csv in bucket rawdata-madt-finalproject rewritten to object invoice_type.csv in bucket storage-madt-finalproject
[2024-09-29T14:27:28.715+0000] {taskinstance.py:441} INFO - ::group::Post task execution logs
[2024-09-29T14:27:28.752+0000] {taskinstance.py:1205} INFO - Marking task as SUCCESS. dag_id=etl, task_id=upload_file_invoice_type_to_warehouse, execution_date=20240820T000000, start_date=20240929T142725, end_date=20240929T142728
[2024-09-29T14:27:28.848+0000] {local_task_job_runner.py:240} INFO - Task exited with return code 0
[2024-09-29T14:27:28.934+0000] {taskinstance.py:3482} INFO - 0 downstream tasks scheduled from follow-on schedule check
[2024-09-29T14:27:28.945+0000] {local_task_job_runner.py:222} INFO - ::endgroup::
