[2024-09-29T14:32:36.592+0000] {local_task_job_runner.py:120} INFO - ::group::Pre task execution logs
[2024-09-29T14:32:36.644+0000] {taskinstance.py:2073} INFO - Dependencies all met for dep_context=non-requeueable deps ti=<TaskInstance: etl.gcs_to_bq_zoning scheduled__2024-09-02T00:00:00+00:00 [queued]>
[2024-09-29T14:32:36.663+0000] {taskinstance.py:2073} INFO - Dependencies all met for dep_context=requeueable deps ti=<TaskInstance: etl.gcs_to_bq_zoning scheduled__2024-09-02T00:00:00+00:00 [queued]>
[2024-09-29T14:32:36.664+0000] {taskinstance.py:2303} INFO - Starting attempt 1 of 1
[2024-09-29T14:32:36.706+0000] {taskinstance.py:2327} INFO - Executing <Task(GCSToBigQueryOperator): gcs_to_bq_zoning> on 2024-09-02 00:00:00+00:00
[2024-09-29T14:32:36.766+0000] {standard_task_runner.py:90} INFO - Running: ['***', 'tasks', 'run', 'etl', 'gcs_to_bq_zoning', 'scheduled__2024-09-02T00:00:00+00:00', '--job-id', '2287', '--raw', '--subdir', 'DAGS_FOLDER/etl.py', '--cfg-path', '/tmp/tmpbu0ixlm3']
[2024-09-29T14:32:36.767+0000] {standard_task_runner.py:91} INFO - Job 2287: Subtask gcs_to_bq_zoning
[2024-09-29T14:32:36.766+0000] {logging_mixin.py:188} WARNING - /home/***/.local/lib/python3.12/site-packages/***/task/task_runner/standard_task_runner.py:61 DeprecationWarning: This process (pid=25009) is multi-threaded, use of fork() may lead to deadlocks in the child.
[2024-09-29T14:32:36.775+0000] {standard_task_runner.py:63} INFO - Started process 25093 to run task
[2024-09-29T14:32:36.875+0000] {task_command.py:426} INFO - Running <TaskInstance: etl.gcs_to_bq_zoning scheduled__2024-09-02T00:00:00+00:00 [running]> on host 71321b93f95e
[2024-09-29T14:32:37.185+0000] {taskinstance.py:2644} INFO - Exporting env vars: AIRFLOW_CTX_DAG_OWNER='***' AIRFLOW_CTX_DAG_ID='etl' AIRFLOW_CTX_TASK_ID='gcs_to_bq_zoning' AIRFLOW_CTX_EXECUTION_DATE='2024-09-02T00:00:00+00:00' AIRFLOW_CTX_TRY_NUMBER='1' AIRFLOW_CTX_DAG_RUN_ID='scheduled__2024-09-02T00:00:00+00:00'
[2024-09-29T14:32:37.188+0000] {taskinstance.py:430} INFO - ::endgroup::
[2024-09-29T14:32:37.206+0000] {connection.py:274} WARNING - Connection schemes (type: google_cloud_platform) shall not contain '_' according to RFC3986.
[2024-09-29T14:32:37.220+0000] {base.py:84} INFO - Using connection ID 'my-gcp-conn' for task execution.
[2024-09-29T14:32:37.222+0000] {gcs_to_bigquery.py:379} INFO - Using existing BigQuery table for storing data...
[2024-09-29T14:32:37.338+0000] {gcs_to_bigquery.py:383} INFO - Executing: {'load': {'autodetect': True, 'createDisposition': 'CREATE_IF_NEEDED', 'destinationTable': {'projectId': 'madt-finalproject', 'datasetId': 'finalproject_data', 'tableId': 'zoning'}, 'sourceFormat': 'CSV', 'sourceUris': ['gs://storage-madt-finalproject/zoning.csv'], 'writeDisposition': 'WRITE_TRUNCATE', 'ignoreUnknownValues': False, 'skipLeadingRows': None, 'fieldDelimiter': ',', 'quote': None, 'allowQuotedNewlines': False, 'encoding': 'UTF-8'}}
[2024-09-29T14:32:37.339+0000] {bigquery.py:1613} INFO - Inserting job ***_etl_gcs_to_bq_zoning_2024_09_02T00_00_00_00_00_2eadc2f1e43f65e59fdc78c50e86c389
[2024-09-29T14:32:40.256+0000] {taskinstance.py:441} INFO - ::group::Post task execution logs
[2024-09-29T14:32:40.271+0000] {taskinstance.py:1205} INFO - Marking task as SUCCESS. dag_id=etl, task_id=gcs_to_bq_zoning, execution_date=20240902T000000, start_date=20240929T143236, end_date=20240929T143240
[2024-09-29T14:32:40.655+0000] {local_task_job_runner.py:240} INFO - Task exited with return code 0
[2024-09-29T14:32:40.764+0000] {taskinstance.py:3482} INFO - 0 downstream tasks scheduled from follow-on schedule check
[2024-09-29T14:32:40.781+0000] {local_task_job_runner.py:222} INFO - ::endgroup::
