[2024-09-29T09:14:49.569+0000] {local_task_job_runner.py:120} INFO - ::group::Pre task execution logs
[2024-09-29T09:14:49.632+0000] {taskinstance.py:2073} INFO - Dependencies all met for dep_context=non-requeueable deps ti=<TaskInstance: etl.upload_file_store_to_warehouse scheduled__2024-06-28T00:00:00+00:00 [queued]>
[2024-09-29T09:14:49.668+0000] {taskinstance.py:2073} INFO - Dependencies all met for dep_context=requeueable deps ti=<TaskInstance: etl.upload_file_store_to_warehouse scheduled__2024-06-28T00:00:00+00:00 [queued]>
[2024-09-29T09:14:49.668+0000] {taskinstance.py:2303} INFO - Starting attempt 1 of 1
[2024-09-29T09:14:49.791+0000] {taskinstance.py:2327} INFO - Executing <Task(GCSToGCSOperator): upload_file_store_to_warehouse> on 2024-06-28 00:00:00+00:00
[2024-09-29T09:14:49.866+0000] {standard_task_runner.py:90} INFO - Running: ['***', 'tasks', 'run', 'etl', 'upload_file_store_to_warehouse', 'scheduled__2024-06-28T00:00:00+00:00', '--job-id', '777', '--raw', '--subdir', 'DAGS_FOLDER/etl.py', '--cfg-path', '/tmp/tmpvqcek8t0']
[2024-09-29T09:14:49.868+0000] {standard_task_runner.py:91} INFO - Job 777: Subtask upload_file_store_to_warehouse
[2024-09-29T09:14:49.884+0000] {logging_mixin.py:188} WARNING - /home/***/.local/lib/python3.12/site-packages/***/task/task_runner/standard_task_runner.py:61 DeprecationWarning: This process (pid=35006) is multi-threaded, use of fork() may lead to deadlocks in the child.
[2024-09-29T09:14:49.888+0000] {standard_task_runner.py:63} INFO - Started process 35118 to run task
[2024-09-29T09:14:50.061+0000] {task_command.py:426} INFO - Running <TaskInstance: etl.upload_file_store_to_warehouse scheduled__2024-06-28T00:00:00+00:00 [running]> on host 71321b93f95e
[2024-09-29T09:14:50.588+0000] {taskinstance.py:2644} INFO - Exporting env vars: AIRFLOW_CTX_DAG_OWNER='***' AIRFLOW_CTX_DAG_ID='etl' AIRFLOW_CTX_TASK_ID='upload_file_store_to_warehouse' AIRFLOW_CTX_EXECUTION_DATE='2024-06-28T00:00:00+00:00' AIRFLOW_CTX_TRY_NUMBER='1' AIRFLOW_CTX_DAG_RUN_ID='scheduled__2024-06-28T00:00:00+00:00'
[2024-09-29T09:14:50.591+0000] {taskinstance.py:430} INFO - ::endgroup::
[2024-09-29T09:14:50.629+0000] {connection.py:274} WARNING - Connection schemes (type: google_cloud_platform) shall not contain '_' according to RFC3986.
[2024-09-29T09:14:50.659+0000] {base.py:84} INFO - Using connection ID 'my_gcp_conn' for task execution.
[2024-09-29T09:14:51.729+0000] {gcs_to_gcs.py:535} INFO - Executing copy of gs://rawdata-madt-finalproject/store.csv to gs://storage-madt-finalproject/store.csv
[2024-09-29T09:14:53.053+0000] {gcs.py:256} INFO - Total Bytes: 48 | Bytes Written: 48
[2024-09-29T09:14:53.054+0000] {gcs.py:264} INFO - Object store.csv in bucket rawdata-madt-finalproject rewritten to object store.csv in bucket storage-madt-finalproject
[2024-09-29T09:14:53.054+0000] {taskinstance.py:441} INFO - ::group::Post task execution logs
[2024-09-29T09:14:53.104+0000] {taskinstance.py:1205} INFO - Marking task as SUCCESS. dag_id=etl, task_id=upload_file_store_to_warehouse, execution_date=20240628T000000, start_date=20240929T091449, end_date=20240929T091453
[2024-09-29T09:14:53.306+0000] {local_task_job_runner.py:240} INFO - Task exited with return code 0
[2024-09-29T09:14:53.391+0000] {taskinstance.py:3482} INFO - 0 downstream tasks scheduled from follow-on schedule check
[2024-09-29T09:14:53.406+0000] {local_task_job_runner.py:222} INFO - ::endgroup::
