[2024-09-29T14:59:31.838+0000] {local_task_job_runner.py:120} INFO - ::group::Pre task execution logs
[2024-09-29T14:59:31.872+0000] {taskinstance.py:2073} INFO - Dependencies all met for dep_context=non-requeueable deps ti=<TaskInstance: etl_with_cleaning_transfer.clean_and_transfer_csv_files.clean_and_transfer_reorder manual__2024-09-29T14:59:25.230087+00:00 [queued]>
[2024-09-29T14:59:31.882+0000] {taskinstance.py:2073} INFO - Dependencies all met for dep_context=requeueable deps ti=<TaskInstance: etl_with_cleaning_transfer.clean_and_transfer_csv_files.clean_and_transfer_reorder manual__2024-09-29T14:59:25.230087+00:00 [queued]>
[2024-09-29T14:59:31.885+0000] {taskinstance.py:2303} INFO - Starting attempt 1 of 1
[2024-09-29T14:59:31.910+0000] {taskinstance.py:2327} INFO - Executing <Task(PythonOperator): clean_and_transfer_csv_files.clean_and_transfer_reorder> on 2024-09-29 14:59:25.230087+00:00
[2024-09-29T14:59:31.939+0000] {logging_mixin.py:188} WARNING - /home/***/.local/lib/python3.12/site-packages/***/task/task_runner/standard_task_runner.py:61 DeprecationWarning: This process (pid=40406) is multi-threaded, use of fork() may lead to deadlocks in the child.
[2024-09-29T14:59:31.940+0000] {standard_task_runner.py:90} INFO - Running: ['***', 'tasks', 'run', 'etl_with_cleaning_transfer', 'clean_and_transfer_csv_files.clean_and_transfer_reorder', 'manual__2024-09-29T14:59:25.230087+00:00', '--job-id', '2717', '--raw', '--subdir', 'DAGS_FOLDER/etl.py', '--cfg-path', '/tmp/tmptn0gmse2']
[2024-09-29T14:59:31.941+0000] {standard_task_runner.py:91} INFO - Job 2717: Subtask clean_and_transfer_csv_files.clean_and_transfer_reorder
[2024-09-29T14:59:31.943+0000] {standard_task_runner.py:63} INFO - Started process 40487 to run task
[2024-09-29T14:59:32.026+0000] {task_command.py:426} INFO - Running <TaskInstance: etl_with_cleaning_transfer.clean_and_transfer_csv_files.clean_and_transfer_reorder manual__2024-09-29T14:59:25.230087+00:00 [running]> on host 71321b93f95e
[2024-09-29T14:59:32.228+0000] {taskinstance.py:2644} INFO - Exporting env vars: AIRFLOW_CTX_DAG_OWNER='***' AIRFLOW_CTX_DAG_ID='etl_with_cleaning_transfer' AIRFLOW_CTX_TASK_ID='clean_and_transfer_csv_files.clean_and_transfer_reorder' AIRFLOW_CTX_EXECUTION_DATE='2024-09-29T14:59:25.230087+00:00' AIRFLOW_CTX_TRY_NUMBER='1' AIRFLOW_CTX_DAG_RUN_ID='manual__2024-09-29T14:59:25.230087+00:00'
[2024-09-29T14:59:32.230+0000] {taskinstance.py:430} INFO - ::endgroup::
[2024-09-29T14:59:32.249+0000] {connection.py:274} WARNING - Connection schemes (type: google_cloud_platform) shall not contain '_' according to RFC3986.
[2024-09-29T14:59:32.257+0000] {base.py:84} INFO - Using connection ID 'my-gcp-conn' for task execution.
[2024-09-29T14:59:33.688+0000] {gcs.py:344} INFO - File downloaded to /tmp/reorder.csv
[2024-09-29T14:59:34.617+0000] {gcs.py:557} INFO - File /tmp/cleaned_reorder.csv uploaded to reorder.csv in storage-madt-finalproject bucket
[2024-09-29T14:59:34.617+0000] {python.py:237} INFO - Done. Returned value was: None
[2024-09-29T14:59:34.617+0000] {taskinstance.py:441} INFO - ::group::Post task execution logs
[2024-09-29T14:59:34.625+0000] {taskinstance.py:1205} INFO - Marking task as SUCCESS. dag_id=etl_with_cleaning_transfer, task_id=clean_and_transfer_csv_files.clean_and_transfer_reorder, execution_date=20240929T145925, start_date=20240929T145931, end_date=20240929T145934
[2024-09-29T14:59:34.692+0000] {local_task_job_runner.py:240} INFO - Task exited with return code 0
[2024-09-29T14:59:34.722+0000] {taskinstance.py:3482} INFO - 0 downstream tasks scheduled from follow-on schedule check
[2024-09-29T14:59:34.730+0000] {local_task_job_runner.py:222} INFO - ::endgroup::
