[2024-09-30T16:34:03.798+0000] {processor.py:161} INFO - Started process (PID=305) to work on /home/airflow/.local/lib/python3.12/site-packages/airflow/example_dags/example_dag_decorator.py
[2024-09-30T16:34:03.798+0000] {processor.py:830} INFO - Processing file /home/airflow/.local/lib/python3.12/site-packages/airflow/example_dags/example_dag_decorator.py for tasks to queue
[2024-09-30T16:34:03.800+0000] {logging_mixin.py:188} INFO - [2024-09-30T16:34:03.800+0000] {dagbag.py:540} INFO - Filling up the DagBag from /home/airflow/.local/lib/python3.12/site-packages/airflow/example_dags/example_dag_decorator.py
[2024-09-30T16:34:03.918+0000] {processor.py:840} INFO - DAG(s) 'example_dag_decorator' retrieved from /home/airflow/.local/lib/python3.12/site-packages/airflow/example_dags/example_dag_decorator.py
[2024-09-30T16:34:04.047+0000] {logging_mixin.py:188} INFO - [2024-09-30T16:34:04.047+0000] {dag.py:3096} INFO - Sync 1 DAGs
[2024-09-30T16:34:04.280+0000] {logging_mixin.py:188} INFO - [2024-09-30T16:34:04.280+0000] {dag.py:3954} INFO - Setting next_dagrun for example_dag_decorator to None, run_after=None
[2024-09-30T16:34:04.321+0000] {processor.py:183} INFO - Processing /home/airflow/.local/lib/python3.12/site-packages/airflow/example_dags/example_dag_decorator.py took 0.528 seconds
[2024-09-30T16:34:36.948+0000] {processor.py:161} INFO - Started process (PID=581) to work on /home/airflow/.local/lib/python3.12/site-packages/airflow/example_dags/example_dag_decorator.py
[2024-09-30T16:34:36.949+0000] {processor.py:830} INFO - Processing file /home/airflow/.local/lib/python3.12/site-packages/airflow/example_dags/example_dag_decorator.py for tasks to queue
[2024-09-30T16:34:36.951+0000] {logging_mixin.py:188} INFO - [2024-09-30T16:34:36.950+0000] {dagbag.py:540} INFO - Filling up the DagBag from /home/airflow/.local/lib/python3.12/site-packages/airflow/example_dags/example_dag_decorator.py
[2024-09-30T16:34:37.077+0000] {processor.py:840} INFO - DAG(s) 'example_dag_decorator' retrieved from /home/airflow/.local/lib/python3.12/site-packages/airflow/example_dags/example_dag_decorator.py
[2024-09-30T16:34:37.195+0000] {logging_mixin.py:188} INFO - [2024-09-30T16:34:37.195+0000] {dag.py:3096} INFO - Sync 1 DAGs
[2024-09-30T16:34:37.406+0000] {logging_mixin.py:188} INFO - [2024-09-30T16:34:37.406+0000] {dag.py:3954} INFO - Setting next_dagrun for example_dag_decorator to None, run_after=None
[2024-09-30T16:34:37.444+0000] {processor.py:183} INFO - Processing /home/airflow/.local/lib/python3.12/site-packages/airflow/example_dags/example_dag_decorator.py took 0.507 seconds
[2024-09-30T16:35:07.541+0000] {processor.py:161} INFO - Started process (PID=835) to work on /home/airflow/.local/lib/python3.12/site-packages/airflow/example_dags/example_dag_decorator.py
[2024-09-30T16:35:07.542+0000] {processor.py:830} INFO - Processing file /home/airflow/.local/lib/python3.12/site-packages/airflow/example_dags/example_dag_decorator.py for tasks to queue
[2024-09-30T16:35:07.543+0000] {logging_mixin.py:188} INFO - [2024-09-30T16:35:07.543+0000] {dagbag.py:540} INFO - Filling up the DagBag from /home/airflow/.local/lib/python3.12/site-packages/airflow/example_dags/example_dag_decorator.py
[2024-09-30T16:35:07.622+0000] {processor.py:840} INFO - DAG(s) 'example_dag_decorator' retrieved from /home/airflow/.local/lib/python3.12/site-packages/airflow/example_dags/example_dag_decorator.py
[2024-09-30T16:35:07.716+0000] {logging_mixin.py:188} INFO - [2024-09-30T16:35:07.715+0000] {dag.py:3096} INFO - Sync 1 DAGs
[2024-09-30T16:35:07.724+0000] {logging_mixin.py:188} INFO - [2024-09-30T16:35:07.724+0000] {dag.py:3954} INFO - Setting next_dagrun for example_dag_decorator to None, run_after=None
[2024-09-30T16:35:07.743+0000] {processor.py:183} INFO - Processing /home/airflow/.local/lib/python3.12/site-packages/airflow/example_dags/example_dag_decorator.py took 0.208 seconds
[2024-09-30T16:35:38.474+0000] {processor.py:161} INFO - Started process (PID=1101) to work on /home/airflow/.local/lib/python3.12/site-packages/airflow/example_dags/example_dag_decorator.py
[2024-09-30T16:35:38.474+0000] {processor.py:830} INFO - Processing file /home/airflow/.local/lib/python3.12/site-packages/airflow/example_dags/example_dag_decorator.py for tasks to queue
[2024-09-30T16:35:38.476+0000] {logging_mixin.py:188} INFO - [2024-09-30T16:35:38.475+0000] {dagbag.py:540} INFO - Filling up the DagBag from /home/airflow/.local/lib/python3.12/site-packages/airflow/example_dags/example_dag_decorator.py
[2024-09-30T16:35:38.560+0000] {processor.py:840} INFO - DAG(s) 'example_dag_decorator' retrieved from /home/airflow/.local/lib/python3.12/site-packages/airflow/example_dags/example_dag_decorator.py
[2024-09-30T16:35:38.838+0000] {logging_mixin.py:188} INFO - [2024-09-30T16:35:38.837+0000] {dag.py:3096} INFO - Sync 1 DAGs
[2024-09-30T16:35:38.845+0000] {logging_mixin.py:188} INFO - [2024-09-30T16:35:38.845+0000] {dag.py:3954} INFO - Setting next_dagrun for example_dag_decorator to None, run_after=None
[2024-09-30T16:35:38.868+0000] {processor.py:183} INFO - Processing /home/airflow/.local/lib/python3.12/site-packages/airflow/example_dags/example_dag_decorator.py took 0.399 seconds
[2024-09-30T16:36:09.412+0000] {processor.py:161} INFO - Started process (PID=1367) to work on /home/airflow/.local/lib/python3.12/site-packages/airflow/example_dags/example_dag_decorator.py
[2024-09-30T16:36:09.413+0000] {processor.py:830} INFO - Processing file /home/airflow/.local/lib/python3.12/site-packages/airflow/example_dags/example_dag_decorator.py for tasks to queue
[2024-09-30T16:36:09.414+0000] {logging_mixin.py:188} INFO - [2024-09-30T16:36:09.414+0000] {dagbag.py:540} INFO - Filling up the DagBag from /home/airflow/.local/lib/python3.12/site-packages/airflow/example_dags/example_dag_decorator.py
[2024-09-30T16:36:09.487+0000] {processor.py:840} INFO - DAG(s) 'example_dag_decorator' retrieved from /home/airflow/.local/lib/python3.12/site-packages/airflow/example_dags/example_dag_decorator.py
[2024-09-30T16:36:09.746+0000] {logging_mixin.py:188} INFO - [2024-09-30T16:36:09.745+0000] {dag.py:3096} INFO - Sync 1 DAGs
[2024-09-30T16:36:09.754+0000] {logging_mixin.py:188} INFO - [2024-09-30T16:36:09.754+0000] {dag.py:3954} INFO - Setting next_dagrun for example_dag_decorator to None, run_after=None
[2024-09-30T16:36:09.777+0000] {processor.py:183} INFO - Processing /home/airflow/.local/lib/python3.12/site-packages/airflow/example_dags/example_dag_decorator.py took 0.369 seconds
[2024-09-30T16:36:40.218+0000] {processor.py:161} INFO - Started process (PID=1690) to work on /home/airflow/.local/lib/python3.12/site-packages/airflow/example_dags/example_dag_decorator.py
[2024-09-30T16:36:40.218+0000] {processor.py:830} INFO - Processing file /home/airflow/.local/lib/python3.12/site-packages/airflow/example_dags/example_dag_decorator.py for tasks to queue
[2024-09-30T16:36:40.220+0000] {logging_mixin.py:188} INFO - [2024-09-30T16:36:40.220+0000] {dagbag.py:540} INFO - Filling up the DagBag from /home/airflow/.local/lib/python3.12/site-packages/airflow/example_dags/example_dag_decorator.py
[2024-09-30T16:36:40.308+0000] {processor.py:840} INFO - DAG(s) 'example_dag_decorator' retrieved from /home/airflow/.local/lib/python3.12/site-packages/airflow/example_dags/example_dag_decorator.py
[2024-09-30T16:36:40.562+0000] {logging_mixin.py:188} INFO - [2024-09-30T16:36:40.562+0000] {dag.py:3096} INFO - Sync 1 DAGs
[2024-09-30T16:36:40.572+0000] {logging_mixin.py:188} INFO - [2024-09-30T16:36:40.572+0000] {dag.py:3954} INFO - Setting next_dagrun for example_dag_decorator to None, run_after=None
[2024-09-30T16:36:40.596+0000] {processor.py:183} INFO - Processing /home/airflow/.local/lib/python3.12/site-packages/airflow/example_dags/example_dag_decorator.py took 0.382 seconds
[2024-09-30T16:37:10.818+0000] {processor.py:161} INFO - Started process (PID=1956) to work on /home/airflow/.local/lib/python3.12/site-packages/airflow/example_dags/example_dag_decorator.py
[2024-09-30T16:37:10.818+0000] {processor.py:830} INFO - Processing file /home/airflow/.local/lib/python3.12/site-packages/airflow/example_dags/example_dag_decorator.py for tasks to queue
[2024-09-30T16:37:10.820+0000] {logging_mixin.py:188} INFO - [2024-09-30T16:37:10.819+0000] {dagbag.py:540} INFO - Filling up the DagBag from /home/airflow/.local/lib/python3.12/site-packages/airflow/example_dags/example_dag_decorator.py
[2024-09-30T16:37:10.904+0000] {processor.py:840} INFO - DAG(s) 'example_dag_decorator' retrieved from /home/airflow/.local/lib/python3.12/site-packages/airflow/example_dags/example_dag_decorator.py
[2024-09-30T16:37:11.160+0000] {logging_mixin.py:188} INFO - [2024-09-30T16:37:11.159+0000] {dag.py:3096} INFO - Sync 1 DAGs
[2024-09-30T16:37:11.169+0000] {logging_mixin.py:188} INFO - [2024-09-30T16:37:11.169+0000] {dag.py:3954} INFO - Setting next_dagrun for example_dag_decorator to None, run_after=None
[2024-09-30T16:37:11.188+0000] {processor.py:183} INFO - Processing /home/airflow/.local/lib/python3.12/site-packages/airflow/example_dags/example_dag_decorator.py took 0.374 seconds
[2024-09-30T16:37:41.470+0000] {processor.py:161} INFO - Started process (PID=2222) to work on /home/airflow/.local/lib/python3.12/site-packages/airflow/example_dags/example_dag_decorator.py
[2024-09-30T16:37:41.470+0000] {processor.py:830} INFO - Processing file /home/airflow/.local/lib/python3.12/site-packages/airflow/example_dags/example_dag_decorator.py for tasks to queue
[2024-09-30T16:37:41.472+0000] {logging_mixin.py:188} INFO - [2024-09-30T16:37:41.472+0000] {dagbag.py:540} INFO - Filling up the DagBag from /home/airflow/.local/lib/python3.12/site-packages/airflow/example_dags/example_dag_decorator.py
[2024-09-30T16:37:41.549+0000] {processor.py:840} INFO - DAG(s) 'example_dag_decorator' retrieved from /home/airflow/.local/lib/python3.12/site-packages/airflow/example_dags/example_dag_decorator.py
[2024-09-30T16:37:41.811+0000] {logging_mixin.py:188} INFO - [2024-09-30T16:37:41.810+0000] {dag.py:3096} INFO - Sync 1 DAGs
[2024-09-30T16:37:41.819+0000] {logging_mixin.py:188} INFO - [2024-09-30T16:37:41.819+0000] {dag.py:3954} INFO - Setting next_dagrun for example_dag_decorator to None, run_after=None
[2024-09-30T16:37:41.840+0000] {processor.py:183} INFO - Processing /home/airflow/.local/lib/python3.12/site-packages/airflow/example_dags/example_dag_decorator.py took 0.375 seconds
[2024-09-30T16:38:12.196+0000] {processor.py:161} INFO - Started process (PID=2488) to work on /home/airflow/.local/lib/python3.12/site-packages/airflow/example_dags/example_dag_decorator.py
[2024-09-30T16:38:12.197+0000] {processor.py:830} INFO - Processing file /home/airflow/.local/lib/python3.12/site-packages/airflow/example_dags/example_dag_decorator.py for tasks to queue
[2024-09-30T16:38:12.198+0000] {logging_mixin.py:188} INFO - [2024-09-30T16:38:12.198+0000] {dagbag.py:540} INFO - Filling up the DagBag from /home/airflow/.local/lib/python3.12/site-packages/airflow/example_dags/example_dag_decorator.py
[2024-09-30T16:38:12.276+0000] {processor.py:840} INFO - DAG(s) 'example_dag_decorator' retrieved from /home/airflow/.local/lib/python3.12/site-packages/airflow/example_dags/example_dag_decorator.py
[2024-09-30T16:38:12.557+0000] {logging_mixin.py:188} INFO - [2024-09-30T16:38:12.557+0000] {dag.py:3096} INFO - Sync 1 DAGs
[2024-09-30T16:38:12.565+0000] {logging_mixin.py:188} INFO - [2024-09-30T16:38:12.565+0000] {dag.py:3954} INFO - Setting next_dagrun for example_dag_decorator to None, run_after=None
[2024-09-30T16:38:12.584+0000] {processor.py:183} INFO - Processing /home/airflow/.local/lib/python3.12/site-packages/airflow/example_dags/example_dag_decorator.py took 0.392 seconds
[2024-09-30T16:38:42.725+0000] {processor.py:161} INFO - Started process (PID=2754) to work on /home/airflow/.local/lib/python3.12/site-packages/airflow/example_dags/example_dag_decorator.py
[2024-09-30T16:38:42.726+0000] {processor.py:830} INFO - Processing file /home/airflow/.local/lib/python3.12/site-packages/airflow/example_dags/example_dag_decorator.py for tasks to queue
[2024-09-30T16:38:42.728+0000] {logging_mixin.py:188} INFO - [2024-09-30T16:38:42.727+0000] {dagbag.py:540} INFO - Filling up the DagBag from /home/airflow/.local/lib/python3.12/site-packages/airflow/example_dags/example_dag_decorator.py
[2024-09-30T16:38:42.804+0000] {processor.py:840} INFO - DAG(s) 'example_dag_decorator' retrieved from /home/airflow/.local/lib/python3.12/site-packages/airflow/example_dags/example_dag_decorator.py
[2024-09-30T16:38:43.050+0000] {logging_mixin.py:188} INFO - [2024-09-30T16:38:43.050+0000] {dag.py:3096} INFO - Sync 1 DAGs
[2024-09-30T16:38:43.058+0000] {logging_mixin.py:188} INFO - [2024-09-30T16:38:43.058+0000] {dag.py:3954} INFO - Setting next_dagrun for example_dag_decorator to None, run_after=None
[2024-09-30T16:38:43.076+0000] {processor.py:183} INFO - Processing /home/airflow/.local/lib/python3.12/site-packages/airflow/example_dags/example_dag_decorator.py took 0.356 seconds
[2024-09-30T16:39:13.346+0000] {processor.py:161} INFO - Started process (PID=3020) to work on /home/airflow/.local/lib/python3.12/site-packages/airflow/example_dags/example_dag_decorator.py
[2024-09-30T16:39:13.346+0000] {processor.py:830} INFO - Processing file /home/airflow/.local/lib/python3.12/site-packages/airflow/example_dags/example_dag_decorator.py for tasks to queue
[2024-09-30T16:39:13.348+0000] {logging_mixin.py:188} INFO - [2024-09-30T16:39:13.348+0000] {dagbag.py:540} INFO - Filling up the DagBag from /home/airflow/.local/lib/python3.12/site-packages/airflow/example_dags/example_dag_decorator.py
[2024-09-30T16:39:13.422+0000] {processor.py:840} INFO - DAG(s) 'example_dag_decorator' retrieved from /home/airflow/.local/lib/python3.12/site-packages/airflow/example_dags/example_dag_decorator.py
[2024-09-30T16:39:13.680+0000] {logging_mixin.py:188} INFO - [2024-09-30T16:39:13.680+0000] {dag.py:3096} INFO - Sync 1 DAGs
[2024-09-30T16:39:13.689+0000] {logging_mixin.py:188} INFO - [2024-09-30T16:39:13.688+0000] {dag.py:3954} INFO - Setting next_dagrun for example_dag_decorator to None, run_after=None
[2024-09-30T16:39:13.706+0000] {processor.py:183} INFO - Processing /home/airflow/.local/lib/python3.12/site-packages/airflow/example_dags/example_dag_decorator.py took 0.366 seconds
[2024-09-30T16:39:44.096+0000] {processor.py:161} INFO - Started process (PID=3286) to work on /home/airflow/.local/lib/python3.12/site-packages/airflow/example_dags/example_dag_decorator.py
[2024-09-30T16:39:44.097+0000] {processor.py:830} INFO - Processing file /home/airflow/.local/lib/python3.12/site-packages/airflow/example_dags/example_dag_decorator.py for tasks to queue
[2024-09-30T16:39:44.098+0000] {logging_mixin.py:188} INFO - [2024-09-30T16:39:44.098+0000] {dagbag.py:540} INFO - Filling up the DagBag from /home/airflow/.local/lib/python3.12/site-packages/airflow/example_dags/example_dag_decorator.py
[2024-09-30T16:39:44.176+0000] {processor.py:840} INFO - DAG(s) 'example_dag_decorator' retrieved from /home/airflow/.local/lib/python3.12/site-packages/airflow/example_dags/example_dag_decorator.py
[2024-09-30T16:39:44.437+0000] {logging_mixin.py:188} INFO - [2024-09-30T16:39:44.436+0000] {dag.py:3096} INFO - Sync 1 DAGs
[2024-09-30T16:39:44.446+0000] {logging_mixin.py:188} INFO - [2024-09-30T16:39:44.446+0000] {dag.py:3954} INFO - Setting next_dagrun for example_dag_decorator to None, run_after=None
[2024-09-30T16:39:44.464+0000] {processor.py:183} INFO - Processing /home/airflow/.local/lib/python3.12/site-packages/airflow/example_dags/example_dag_decorator.py took 0.372 seconds
[2024-09-30T16:40:15.004+0000] {processor.py:161} INFO - Started process (PID=3552) to work on /home/airflow/.local/lib/python3.12/site-packages/airflow/example_dags/example_dag_decorator.py
[2024-09-30T16:40:15.004+0000] {processor.py:830} INFO - Processing file /home/airflow/.local/lib/python3.12/site-packages/airflow/example_dags/example_dag_decorator.py for tasks to queue
[2024-09-30T16:40:15.006+0000] {logging_mixin.py:188} INFO - [2024-09-30T16:40:15.005+0000] {dagbag.py:540} INFO - Filling up the DagBag from /home/airflow/.local/lib/python3.12/site-packages/airflow/example_dags/example_dag_decorator.py
[2024-09-30T16:40:15.082+0000] {processor.py:840} INFO - DAG(s) 'example_dag_decorator' retrieved from /home/airflow/.local/lib/python3.12/site-packages/airflow/example_dags/example_dag_decorator.py
[2024-09-30T16:40:15.340+0000] {logging_mixin.py:188} INFO - [2024-09-30T16:40:15.339+0000] {dag.py:3096} INFO - Sync 1 DAGs
[2024-09-30T16:40:15.349+0000] {logging_mixin.py:188} INFO - [2024-09-30T16:40:15.348+0000] {dag.py:3954} INFO - Setting next_dagrun for example_dag_decorator to None, run_after=None
[2024-09-30T16:40:15.366+0000] {processor.py:183} INFO - Processing /home/airflow/.local/lib/python3.12/site-packages/airflow/example_dags/example_dag_decorator.py took 0.366 seconds
[2024-09-30T16:40:45.438+0000] {processor.py:161} INFO - Started process (PID=3830) to work on /home/airflow/.local/lib/python3.12/site-packages/airflow/example_dags/example_dag_decorator.py
[2024-09-30T16:40:45.439+0000] {processor.py:830} INFO - Processing file /home/airflow/.local/lib/python3.12/site-packages/airflow/example_dags/example_dag_decorator.py for tasks to queue
[2024-09-30T16:40:45.441+0000] {logging_mixin.py:188} INFO - [2024-09-30T16:40:45.441+0000] {dagbag.py:540} INFO - Filling up the DagBag from /home/airflow/.local/lib/python3.12/site-packages/airflow/example_dags/example_dag_decorator.py
[2024-09-30T16:40:45.522+0000] {processor.py:840} INFO - DAG(s) 'example_dag_decorator' retrieved from /home/airflow/.local/lib/python3.12/site-packages/airflow/example_dags/example_dag_decorator.py
[2024-09-30T16:40:45.763+0000] {logging_mixin.py:188} INFO - [2024-09-30T16:40:45.763+0000] {dag.py:3096} INFO - Sync 1 DAGs
[2024-09-30T16:40:45.771+0000] {logging_mixin.py:188} INFO - [2024-09-30T16:40:45.771+0000] {dag.py:3954} INFO - Setting next_dagrun for example_dag_decorator to None, run_after=None
[2024-09-30T16:40:45.789+0000] {processor.py:183} INFO - Processing /home/airflow/.local/lib/python3.12/site-packages/airflow/example_dags/example_dag_decorator.py took 0.356 seconds
[2024-09-30T16:41:15.828+0000] {processor.py:161} INFO - Started process (PID=4096) to work on /home/airflow/.local/lib/python3.12/site-packages/airflow/example_dags/example_dag_decorator.py
[2024-09-30T16:41:15.829+0000] {processor.py:830} INFO - Processing file /home/airflow/.local/lib/python3.12/site-packages/airflow/example_dags/example_dag_decorator.py for tasks to queue
[2024-09-30T16:41:15.831+0000] {logging_mixin.py:188} INFO - [2024-09-30T16:41:15.830+0000] {dagbag.py:540} INFO - Filling up the DagBag from /home/airflow/.local/lib/python3.12/site-packages/airflow/example_dags/example_dag_decorator.py
[2024-09-30T16:41:16.045+0000] {processor.py:840} INFO - DAG(s) 'example_dag_decorator' retrieved from /home/airflow/.local/lib/python3.12/site-packages/airflow/example_dags/example_dag_decorator.py
[2024-09-30T16:41:16.126+0000] {logging_mixin.py:188} INFO - [2024-09-30T16:41:16.126+0000] {dag.py:3096} INFO - Sync 1 DAGs
[2024-09-30T16:41:16.133+0000] {logging_mixin.py:188} INFO - [2024-09-30T16:41:16.133+0000] {dag.py:3954} INFO - Setting next_dagrun for example_dag_decorator to None, run_after=None
[2024-09-30T16:41:16.150+0000] {processor.py:183} INFO - Processing /home/airflow/.local/lib/python3.12/site-packages/airflow/example_dags/example_dag_decorator.py took 0.327 seconds
[2024-09-30T16:41:46.676+0000] {processor.py:161} INFO - Started process (PID=4357) to work on /home/airflow/.local/lib/python3.12/site-packages/airflow/example_dags/example_dag_decorator.py
[2024-09-30T16:41:46.676+0000] {processor.py:830} INFO - Processing file /home/airflow/.local/lib/python3.12/site-packages/airflow/example_dags/example_dag_decorator.py for tasks to queue
[2024-09-30T16:41:46.678+0000] {logging_mixin.py:188} INFO - [2024-09-30T16:41:46.677+0000] {dagbag.py:540} INFO - Filling up the DagBag from /home/airflow/.local/lib/python3.12/site-packages/airflow/example_dags/example_dag_decorator.py
[2024-09-30T16:41:46.919+0000] {processor.py:840} INFO - DAG(s) 'example_dag_decorator' retrieved from /home/airflow/.local/lib/python3.12/site-packages/airflow/example_dags/example_dag_decorator.py
[2024-09-30T16:41:47.016+0000] {logging_mixin.py:188} INFO - [2024-09-30T16:41:47.016+0000] {dag.py:3096} INFO - Sync 1 DAGs
[2024-09-30T16:41:47.027+0000] {logging_mixin.py:188} INFO - [2024-09-30T16:41:47.027+0000] {dag.py:3954} INFO - Setting next_dagrun for example_dag_decorator to None, run_after=None
[2024-09-30T16:41:47.045+0000] {processor.py:183} INFO - Processing /home/airflow/.local/lib/python3.12/site-packages/airflow/example_dags/example_dag_decorator.py took 0.374 seconds
[2024-09-30T16:42:17.262+0000] {processor.py:161} INFO - Started process (PID=4641) to work on /home/airflow/.local/lib/python3.12/site-packages/airflow/example_dags/example_dag_decorator.py
[2024-09-30T16:42:17.263+0000] {processor.py:830} INFO - Processing file /home/airflow/.local/lib/python3.12/site-packages/airflow/example_dags/example_dag_decorator.py for tasks to queue
[2024-09-30T16:42:17.264+0000] {logging_mixin.py:188} INFO - [2024-09-30T16:42:17.264+0000] {dagbag.py:540} INFO - Filling up the DagBag from /home/airflow/.local/lib/python3.12/site-packages/airflow/example_dags/example_dag_decorator.py
[2024-09-30T16:42:17.526+0000] {processor.py:840} INFO - DAG(s) 'example_dag_decorator' retrieved from /home/airflow/.local/lib/python3.12/site-packages/airflow/example_dags/example_dag_decorator.py
[2024-09-30T16:42:17.614+0000] {logging_mixin.py:188} INFO - [2024-09-30T16:42:17.613+0000] {dag.py:3096} INFO - Sync 1 DAGs
[2024-09-30T16:42:17.624+0000] {logging_mixin.py:188} INFO - [2024-09-30T16:42:17.624+0000] {dag.py:3954} INFO - Setting next_dagrun for example_dag_decorator to None, run_after=None
[2024-09-30T16:42:17.644+0000] {processor.py:183} INFO - Processing /home/airflow/.local/lib/python3.12/site-packages/airflow/example_dags/example_dag_decorator.py took 0.387 seconds
[2024-09-30T16:42:47.733+0000] {processor.py:161} INFO - Started process (PID=4889) to work on /home/airflow/.local/lib/python3.12/site-packages/airflow/example_dags/example_dag_decorator.py
[2024-09-30T16:42:47.733+0000] {processor.py:830} INFO - Processing file /home/airflow/.local/lib/python3.12/site-packages/airflow/example_dags/example_dag_decorator.py for tasks to queue
[2024-09-30T16:42:47.735+0000] {logging_mixin.py:188} INFO - [2024-09-30T16:42:47.734+0000] {dagbag.py:540} INFO - Filling up the DagBag from /home/airflow/.local/lib/python3.12/site-packages/airflow/example_dags/example_dag_decorator.py
[2024-09-30T16:42:47.955+0000] {processor.py:840} INFO - DAG(s) 'example_dag_decorator' retrieved from /home/airflow/.local/lib/python3.12/site-packages/airflow/example_dags/example_dag_decorator.py
[2024-09-30T16:42:48.051+0000] {logging_mixin.py:188} INFO - [2024-09-30T16:42:48.050+0000] {dag.py:3096} INFO - Sync 1 DAGs
[2024-09-30T16:42:48.061+0000] {logging_mixin.py:188} INFO - [2024-09-30T16:42:48.061+0000] {dag.py:3954} INFO - Setting next_dagrun for example_dag_decorator to None, run_after=None
[2024-09-30T16:42:48.079+0000] {processor.py:183} INFO - Processing /home/airflow/.local/lib/python3.12/site-packages/airflow/example_dags/example_dag_decorator.py took 0.350 seconds
[2024-09-30T16:43:18.582+0000] {processor.py:161} INFO - Started process (PID=5155) to work on /home/airflow/.local/lib/python3.12/site-packages/airflow/example_dags/example_dag_decorator.py
[2024-09-30T16:43:18.582+0000] {processor.py:830} INFO - Processing file /home/airflow/.local/lib/python3.12/site-packages/airflow/example_dags/example_dag_decorator.py for tasks to queue
[2024-09-30T16:43:18.584+0000] {logging_mixin.py:188} INFO - [2024-09-30T16:43:18.584+0000] {dagbag.py:540} INFO - Filling up the DagBag from /home/airflow/.local/lib/python3.12/site-packages/airflow/example_dags/example_dag_decorator.py
[2024-09-30T16:43:18.677+0000] {processor.py:840} INFO - DAG(s) 'example_dag_decorator' retrieved from /home/airflow/.local/lib/python3.12/site-packages/airflow/example_dags/example_dag_decorator.py
[2024-09-30T16:43:18.776+0000] {logging_mixin.py:188} INFO - [2024-09-30T16:43:18.776+0000] {dag.py:3096} INFO - Sync 1 DAGs
[2024-09-30T16:43:18.786+0000] {logging_mixin.py:188} INFO - [2024-09-30T16:43:18.786+0000] {dag.py:3954} INFO - Setting next_dagrun for example_dag_decorator to None, run_after=None
[2024-09-30T16:43:18.804+0000] {processor.py:183} INFO - Processing /home/airflow/.local/lib/python3.12/site-packages/airflow/example_dags/example_dag_decorator.py took 0.227 seconds
[2024-09-30T16:43:49.104+0000] {processor.py:161} INFO - Started process (PID=5421) to work on /home/airflow/.local/lib/python3.12/site-packages/airflow/example_dags/example_dag_decorator.py
[2024-09-30T16:43:49.105+0000] {processor.py:830} INFO - Processing file /home/airflow/.local/lib/python3.12/site-packages/airflow/example_dags/example_dag_decorator.py for tasks to queue
[2024-09-30T16:43:49.107+0000] {logging_mixin.py:188} INFO - [2024-09-30T16:43:49.106+0000] {dagbag.py:540} INFO - Filling up the DagBag from /home/airflow/.local/lib/python3.12/site-packages/airflow/example_dags/example_dag_decorator.py
[2024-09-30T16:43:49.180+0000] {processor.py:840} INFO - DAG(s) 'example_dag_decorator' retrieved from /home/airflow/.local/lib/python3.12/site-packages/airflow/example_dags/example_dag_decorator.py
[2024-09-30T16:43:49.283+0000] {logging_mixin.py:188} INFO - [2024-09-30T16:43:49.282+0000] {dag.py:3096} INFO - Sync 1 DAGs
[2024-09-30T16:43:49.295+0000] {logging_mixin.py:188} INFO - [2024-09-30T16:43:49.295+0000] {dag.py:3954} INFO - Setting next_dagrun for example_dag_decorator to None, run_after=None
[2024-09-30T16:43:49.324+0000] {processor.py:183} INFO - Processing /home/airflow/.local/lib/python3.12/site-packages/airflow/example_dags/example_dag_decorator.py took 0.225 seconds
[2024-09-30T16:44:19.690+0000] {processor.py:161} INFO - Started process (PID=5687) to work on /home/airflow/.local/lib/python3.12/site-packages/airflow/example_dags/example_dag_decorator.py
[2024-09-30T16:44:19.691+0000] {processor.py:830} INFO - Processing file /home/airflow/.local/lib/python3.12/site-packages/airflow/example_dags/example_dag_decorator.py for tasks to queue
[2024-09-30T16:44:19.693+0000] {logging_mixin.py:188} INFO - [2024-09-30T16:44:19.692+0000] {dagbag.py:540} INFO - Filling up the DagBag from /home/airflow/.local/lib/python3.12/site-packages/airflow/example_dags/example_dag_decorator.py
[2024-09-30T16:44:19.790+0000] {processor.py:840} INFO - DAG(s) 'example_dag_decorator' retrieved from /home/airflow/.local/lib/python3.12/site-packages/airflow/example_dags/example_dag_decorator.py
[2024-09-30T16:44:19.811+0000] {logging_mixin.py:188} INFO - [2024-09-30T16:44:19.810+0000] {dag.py:3096} INFO - Sync 1 DAGs
[2024-09-30T16:44:19.821+0000] {logging_mixin.py:188} INFO - [2024-09-30T16:44:19.821+0000] {dag.py:3954} INFO - Setting next_dagrun for example_dag_decorator to None, run_after=None
[2024-09-30T16:44:19.838+0000] {processor.py:183} INFO - Processing /home/airflow/.local/lib/python3.12/site-packages/airflow/example_dags/example_dag_decorator.py took 0.153 seconds
[2024-09-30T16:44:50.120+0000] {processor.py:161} INFO - Started process (PID=5953) to work on /home/airflow/.local/lib/python3.12/site-packages/airflow/example_dags/example_dag_decorator.py
[2024-09-30T16:44:50.121+0000] {processor.py:830} INFO - Processing file /home/airflow/.local/lib/python3.12/site-packages/airflow/example_dags/example_dag_decorator.py for tasks to queue
[2024-09-30T16:44:50.123+0000] {logging_mixin.py:188} INFO - [2024-09-30T16:44:50.122+0000] {dagbag.py:540} INFO - Filling up the DagBag from /home/airflow/.local/lib/python3.12/site-packages/airflow/example_dags/example_dag_decorator.py
[2024-09-30T16:44:50.212+0000] {processor.py:840} INFO - DAG(s) 'example_dag_decorator' retrieved from /home/airflow/.local/lib/python3.12/site-packages/airflow/example_dags/example_dag_decorator.py
[2024-09-30T16:44:50.314+0000] {logging_mixin.py:188} INFO - [2024-09-30T16:44:50.314+0000] {dag.py:3096} INFO - Sync 1 DAGs
[2024-09-30T16:44:50.323+0000] {logging_mixin.py:188} INFO - [2024-09-30T16:44:50.323+0000] {dag.py:3954} INFO - Setting next_dagrun for example_dag_decorator to None, run_after=None
[2024-09-30T16:44:50.342+0000] {processor.py:183} INFO - Processing /home/airflow/.local/lib/python3.12/site-packages/airflow/example_dags/example_dag_decorator.py took 0.229 seconds
[2024-09-30T16:45:20.696+0000] {processor.py:161} INFO - Started process (PID=6219) to work on /home/airflow/.local/lib/python3.12/site-packages/airflow/example_dags/example_dag_decorator.py
[2024-09-30T16:45:20.697+0000] {processor.py:830} INFO - Processing file /home/airflow/.local/lib/python3.12/site-packages/airflow/example_dags/example_dag_decorator.py for tasks to queue
[2024-09-30T16:45:20.699+0000] {logging_mixin.py:188} INFO - [2024-09-30T16:45:20.698+0000] {dagbag.py:540} INFO - Filling up the DagBag from /home/airflow/.local/lib/python3.12/site-packages/airflow/example_dags/example_dag_decorator.py
[2024-09-30T16:45:20.787+0000] {processor.py:840} INFO - DAG(s) 'example_dag_decorator' retrieved from /home/airflow/.local/lib/python3.12/site-packages/airflow/example_dags/example_dag_decorator.py
[2024-09-30T16:45:20.884+0000] {logging_mixin.py:188} INFO - [2024-09-30T16:45:20.883+0000] {dag.py:3096} INFO - Sync 1 DAGs
[2024-09-30T16:45:20.893+0000] {logging_mixin.py:188} INFO - [2024-09-30T16:45:20.893+0000] {dag.py:3954} INFO - Setting next_dagrun for example_dag_decorator to None, run_after=None
[2024-09-30T16:45:20.912+0000] {processor.py:183} INFO - Processing /home/airflow/.local/lib/python3.12/site-packages/airflow/example_dags/example_dag_decorator.py took 0.220 seconds
[2024-09-30T16:45:51.212+0000] {processor.py:161} INFO - Started process (PID=6485) to work on /home/airflow/.local/lib/python3.12/site-packages/airflow/example_dags/example_dag_decorator.py
[2024-09-30T16:45:51.212+0000] {processor.py:830} INFO - Processing file /home/airflow/.local/lib/python3.12/site-packages/airflow/example_dags/example_dag_decorator.py for tasks to queue
[2024-09-30T16:45:51.214+0000] {logging_mixin.py:188} INFO - [2024-09-30T16:45:51.214+0000] {dagbag.py:540} INFO - Filling up the DagBag from /home/airflow/.local/lib/python3.12/site-packages/airflow/example_dags/example_dag_decorator.py
[2024-09-30T16:45:51.299+0000] {processor.py:840} INFO - DAG(s) 'example_dag_decorator' retrieved from /home/airflow/.local/lib/python3.12/site-packages/airflow/example_dags/example_dag_decorator.py
[2024-09-30T16:45:51.318+0000] {logging_mixin.py:188} INFO - [2024-09-30T16:45:51.317+0000] {dag.py:3096} INFO - Sync 1 DAGs
[2024-09-30T16:45:51.330+0000] {logging_mixin.py:188} INFO - [2024-09-30T16:45:51.330+0000] {dag.py:3954} INFO - Setting next_dagrun for example_dag_decorator to None, run_after=None
[2024-09-30T16:45:51.349+0000] {processor.py:183} INFO - Processing /home/airflow/.local/lib/python3.12/site-packages/airflow/example_dags/example_dag_decorator.py took 0.142 seconds
[2024-09-30T16:46:21.884+0000] {processor.py:161} INFO - Started process (PID=6751) to work on /home/airflow/.local/lib/python3.12/site-packages/airflow/example_dags/example_dag_decorator.py
[2024-09-30T16:46:21.885+0000] {processor.py:830} INFO - Processing file /home/airflow/.local/lib/python3.12/site-packages/airflow/example_dags/example_dag_decorator.py for tasks to queue
[2024-09-30T16:46:21.886+0000] {logging_mixin.py:188} INFO - [2024-09-30T16:46:21.886+0000] {dagbag.py:540} INFO - Filling up the DagBag from /home/airflow/.local/lib/python3.12/site-packages/airflow/example_dags/example_dag_decorator.py
[2024-09-30T16:46:22.060+0000] {processor.py:840} INFO - DAG(s) 'example_dag_decorator' retrieved from /home/airflow/.local/lib/python3.12/site-packages/airflow/example_dags/example_dag_decorator.py
[2024-09-30T16:46:22.212+0000] {logging_mixin.py:188} INFO - [2024-09-30T16:46:22.211+0000] {dag.py:3096} INFO - Sync 1 DAGs
[2024-09-30T16:46:22.229+0000] {logging_mixin.py:188} INFO - [2024-09-30T16:46:22.229+0000] {dag.py:3954} INFO - Setting next_dagrun for example_dag_decorator to None, run_after=None
[2024-09-30T16:46:22.255+0000] {processor.py:183} INFO - Processing /home/airflow/.local/lib/python3.12/site-packages/airflow/example_dags/example_dag_decorator.py took 0.376 seconds
[2024-09-30T16:46:52.613+0000] {processor.py:161} INFO - Started process (PID=7017) to work on /home/airflow/.local/lib/python3.12/site-packages/airflow/example_dags/example_dag_decorator.py
[2024-09-30T16:46:52.613+0000] {processor.py:830} INFO - Processing file /home/airflow/.local/lib/python3.12/site-packages/airflow/example_dags/example_dag_decorator.py for tasks to queue
[2024-09-30T16:46:52.614+0000] {logging_mixin.py:188} INFO - [2024-09-30T16:46:52.614+0000] {dagbag.py:540} INFO - Filling up the DagBag from /home/airflow/.local/lib/python3.12/site-packages/airflow/example_dags/example_dag_decorator.py
[2024-09-30T16:46:52.709+0000] {processor.py:840} INFO - DAG(s) 'example_dag_decorator' retrieved from /home/airflow/.local/lib/python3.12/site-packages/airflow/example_dags/example_dag_decorator.py
[2024-09-30T16:46:52.805+0000] {logging_mixin.py:188} INFO - [2024-09-30T16:46:52.804+0000] {dag.py:3096} INFO - Sync 1 DAGs
[2024-09-30T16:46:52.814+0000] {logging_mixin.py:188} INFO - [2024-09-30T16:46:52.813+0000] {dag.py:3954} INFO - Setting next_dagrun for example_dag_decorator to None, run_after=None
[2024-09-30T16:46:52.839+0000] {processor.py:183} INFO - Processing /home/airflow/.local/lib/python3.12/site-packages/airflow/example_dags/example_dag_decorator.py took 0.232 seconds
[2024-09-30T16:47:23.191+0000] {processor.py:161} INFO - Started process (PID=7283) to work on /home/airflow/.local/lib/python3.12/site-packages/airflow/example_dags/example_dag_decorator.py
[2024-09-30T16:47:23.195+0000] {processor.py:830} INFO - Processing file /home/airflow/.local/lib/python3.12/site-packages/airflow/example_dags/example_dag_decorator.py for tasks to queue
[2024-09-30T16:47:23.199+0000] {logging_mixin.py:188} INFO - [2024-09-30T16:47:23.199+0000] {dagbag.py:540} INFO - Filling up the DagBag from /home/airflow/.local/lib/python3.12/site-packages/airflow/example_dags/example_dag_decorator.py
[2024-09-30T16:47:23.408+0000] {processor.py:840} INFO - DAG(s) 'example_dag_decorator' retrieved from /home/airflow/.local/lib/python3.12/site-packages/airflow/example_dags/example_dag_decorator.py
[2024-09-30T16:47:23.562+0000] {logging_mixin.py:188} INFO - [2024-09-30T16:47:23.562+0000] {dag.py:3096} INFO - Sync 1 DAGs
[2024-09-30T16:47:23.580+0000] {logging_mixin.py:188} INFO - [2024-09-30T16:47:23.580+0000] {dag.py:3954} INFO - Setting next_dagrun for example_dag_decorator to None, run_after=None
[2024-09-30T16:47:23.628+0000] {processor.py:183} INFO - Processing /home/airflow/.local/lib/python3.12/site-packages/airflow/example_dags/example_dag_decorator.py took 0.458 seconds
[2024-09-30T16:47:53.949+0000] {processor.py:161} INFO - Started process (PID=7549) to work on /home/airflow/.local/lib/python3.12/site-packages/airflow/example_dags/example_dag_decorator.py
[2024-09-30T16:47:53.953+0000] {processor.py:830} INFO - Processing file /home/airflow/.local/lib/python3.12/site-packages/airflow/example_dags/example_dag_decorator.py for tasks to queue
[2024-09-30T16:47:53.954+0000] {logging_mixin.py:188} INFO - [2024-09-30T16:47:53.954+0000] {dagbag.py:540} INFO - Filling up the DagBag from /home/airflow/.local/lib/python3.12/site-packages/airflow/example_dags/example_dag_decorator.py
[2024-09-30T16:47:54.071+0000] {processor.py:840} INFO - DAG(s) 'example_dag_decorator' retrieved from /home/airflow/.local/lib/python3.12/site-packages/airflow/example_dags/example_dag_decorator.py
[2024-09-30T16:47:54.102+0000] {logging_mixin.py:188} INFO - [2024-09-30T16:47:54.102+0000] {dag.py:3096} INFO - Sync 1 DAGs
[2024-09-30T16:47:54.115+0000] {logging_mixin.py:188} INFO - [2024-09-30T16:47:54.115+0000] {dag.py:3954} INFO - Setting next_dagrun for example_dag_decorator to None, run_after=None
[2024-09-30T16:47:54.153+0000] {processor.py:183} INFO - Processing /home/airflow/.local/lib/python3.12/site-packages/airflow/example_dags/example_dag_decorator.py took 0.212 seconds
