[2024-09-30T16:33:56.811+0000] {processor.py:161} INFO - Started process (PID=184) to work on /home/airflow/.local/lib/python3.12/site-packages/airflow/example_dags/example_task_group.py
[2024-09-30T16:33:56.811+0000] {processor.py:830} INFO - Processing file /home/airflow/.local/lib/python3.12/site-packages/airflow/example_dags/example_task_group.py for tasks to queue
[2024-09-30T16:33:56.813+0000] {logging_mixin.py:188} INFO - [2024-09-30T16:33:56.813+0000] {dagbag.py:540} INFO - Filling up the DagBag from /home/airflow/.local/lib/python3.12/site-packages/airflow/example_dags/example_task_group.py
[2024-09-30T16:33:56.826+0000] {processor.py:840} INFO - DAG(s) 'example_task_group' retrieved from /home/airflow/.local/lib/python3.12/site-packages/airflow/example_dags/example_task_group.py
[2024-09-30T16:33:56.856+0000] {logging_mixin.py:188} INFO - [2024-09-30T16:33:56.856+0000] {dag.py:3096} INFO - Sync 1 DAGs
[2024-09-30T16:33:56.885+0000] {logging_mixin.py:188} INFO - [2024-09-30T16:33:56.885+0000] {dag.py:3954} INFO - Setting next_dagrun for example_task_group to 2024-09-29 00:00:00+00:00, run_after=2024-09-30 00:00:00+00:00
[2024-09-30T16:33:56.914+0000] {processor.py:183} INFO - Processing /home/airflow/.local/lib/python3.12/site-packages/airflow/example_dags/example_task_group.py took 0.110 seconds
[2024-09-30T16:34:28.020+0000] {processor.py:161} INFO - Started process (PID=450) to work on /home/airflow/.local/lib/python3.12/site-packages/airflow/example_dags/example_task_group.py
[2024-09-30T16:34:28.021+0000] {processor.py:830} INFO - Processing file /home/airflow/.local/lib/python3.12/site-packages/airflow/example_dags/example_task_group.py for tasks to queue
[2024-09-30T16:34:28.022+0000] {logging_mixin.py:188} INFO - [2024-09-30T16:34:28.022+0000] {dagbag.py:540} INFO - Filling up the DagBag from /home/airflow/.local/lib/python3.12/site-packages/airflow/example_dags/example_task_group.py
[2024-09-30T16:34:28.034+0000] {processor.py:840} INFO - DAG(s) 'example_task_group' retrieved from /home/airflow/.local/lib/python3.12/site-packages/airflow/example_dags/example_task_group.py
[2024-09-30T16:34:28.061+0000] {logging_mixin.py:188} INFO - [2024-09-30T16:34:28.060+0000] {dag.py:3096} INFO - Sync 1 DAGs
[2024-09-30T16:34:28.088+0000] {logging_mixin.py:188} INFO - [2024-09-30T16:34:28.087+0000] {dag.py:3954} INFO - Setting next_dagrun for example_task_group to 2024-09-29 00:00:00+00:00, run_after=2024-09-30 00:00:00+00:00
[2024-09-30T16:34:28.115+0000] {processor.py:183} INFO - Processing /home/airflow/.local/lib/python3.12/site-packages/airflow/example_dags/example_task_group.py took 0.104 seconds
[2024-09-30T16:34:59.023+0000] {processor.py:161} INFO - Started process (PID=714) to work on /home/airflow/.local/lib/python3.12/site-packages/airflow/example_dags/example_task_group.py
[2024-09-30T16:34:59.024+0000] {processor.py:830} INFO - Processing file /home/airflow/.local/lib/python3.12/site-packages/airflow/example_dags/example_task_group.py for tasks to queue
[2024-09-30T16:34:59.025+0000] {logging_mixin.py:188} INFO - [2024-09-30T16:34:59.025+0000] {dagbag.py:540} INFO - Filling up the DagBag from /home/airflow/.local/lib/python3.12/site-packages/airflow/example_dags/example_task_group.py
[2024-09-30T16:34:59.032+0000] {processor.py:840} INFO - DAG(s) 'example_task_group' retrieved from /home/airflow/.local/lib/python3.12/site-packages/airflow/example_dags/example_task_group.py
[2024-09-30T16:34:59.058+0000] {logging_mixin.py:188} INFO - [2024-09-30T16:34:59.057+0000] {dag.py:3096} INFO - Sync 1 DAGs
[2024-09-30T16:34:59.075+0000] {logging_mixin.py:188} INFO - [2024-09-30T16:34:59.075+0000] {dag.py:3954} INFO - Setting next_dagrun for example_task_group to 2024-09-29 00:00:00+00:00, run_after=2024-09-30 00:00:00+00:00
[2024-09-30T16:34:59.442+0000] {processor.py:183} INFO - Processing /home/airflow/.local/lib/python3.12/site-packages/airflow/example_dags/example_task_group.py took 0.423 seconds
[2024-09-30T16:35:30.199+0000] {processor.py:161} INFO - Started process (PID=982) to work on /home/airflow/.local/lib/python3.12/site-packages/airflow/example_dags/example_task_group.py
[2024-09-30T16:35:30.200+0000] {processor.py:830} INFO - Processing file /home/airflow/.local/lib/python3.12/site-packages/airflow/example_dags/example_task_group.py for tasks to queue
[2024-09-30T16:35:30.202+0000] {logging_mixin.py:188} INFO - [2024-09-30T16:35:30.201+0000] {dagbag.py:540} INFO - Filling up the DagBag from /home/airflow/.local/lib/python3.12/site-packages/airflow/example_dags/example_task_group.py
[2024-09-30T16:35:30.209+0000] {processor.py:840} INFO - DAG(s) 'example_task_group' retrieved from /home/airflow/.local/lib/python3.12/site-packages/airflow/example_dags/example_task_group.py
[2024-09-30T16:35:30.227+0000] {logging_mixin.py:188} INFO - [2024-09-30T16:35:30.227+0000] {dag.py:3096} INFO - Sync 1 DAGs
[2024-09-30T16:35:30.244+0000] {logging_mixin.py:188} INFO - [2024-09-30T16:35:30.243+0000] {dag.py:3954} INFO - Setting next_dagrun for example_task_group to 2024-09-29 00:00:00+00:00, run_after=2024-09-30 00:00:00+00:00
[2024-09-30T16:35:30.277+0000] {processor.py:183} INFO - Processing /home/airflow/.local/lib/python3.12/site-packages/airflow/example_dags/example_task_group.py took 0.083 seconds
[2024-09-30T16:36:00.996+0000] {processor.py:161} INFO - Started process (PID=1248) to work on /home/airflow/.local/lib/python3.12/site-packages/airflow/example_dags/example_task_group.py
[2024-09-30T16:36:00.996+0000] {processor.py:830} INFO - Processing file /home/airflow/.local/lib/python3.12/site-packages/airflow/example_dags/example_task_group.py for tasks to queue
[2024-09-30T16:36:00.998+0000] {logging_mixin.py:188} INFO - [2024-09-30T16:36:00.998+0000] {dagbag.py:540} INFO - Filling up the DagBag from /home/airflow/.local/lib/python3.12/site-packages/airflow/example_dags/example_task_group.py
[2024-09-30T16:36:01.004+0000] {processor.py:840} INFO - DAG(s) 'example_task_group' retrieved from /home/airflow/.local/lib/python3.12/site-packages/airflow/example_dags/example_task_group.py
[2024-09-30T16:36:01.023+0000] {logging_mixin.py:188} INFO - [2024-09-30T16:36:01.022+0000] {dag.py:3096} INFO - Sync 1 DAGs
[2024-09-30T16:36:01.045+0000] {logging_mixin.py:188} INFO - [2024-09-30T16:36:01.044+0000] {dag.py:3954} INFO - Setting next_dagrun for example_task_group to 2024-09-29 00:00:00+00:00, run_after=2024-09-30 00:00:00+00:00
[2024-09-30T16:36:01.069+0000] {processor.py:183} INFO - Processing /home/airflow/.local/lib/python3.12/site-packages/airflow/example_dags/example_task_group.py took 0.077 seconds
[2024-09-30T16:36:31.472+0000] {processor.py:161} INFO - Started process (PID=1562) to work on /home/airflow/.local/lib/python3.12/site-packages/airflow/example_dags/example_task_group.py
[2024-09-30T16:36:31.473+0000] {processor.py:830} INFO - Processing file /home/airflow/.local/lib/python3.12/site-packages/airflow/example_dags/example_task_group.py for tasks to queue
[2024-09-30T16:36:31.478+0000] {logging_mixin.py:188} INFO - [2024-09-30T16:36:31.478+0000] {dagbag.py:540} INFO - Filling up the DagBag from /home/airflow/.local/lib/python3.12/site-packages/airflow/example_dags/example_task_group.py
[2024-09-30T16:36:31.493+0000] {processor.py:840} INFO - DAG(s) 'example_task_group' retrieved from /home/airflow/.local/lib/python3.12/site-packages/airflow/example_dags/example_task_group.py
[2024-09-30T16:36:31.560+0000] {logging_mixin.py:188} INFO - [2024-09-30T16:36:31.560+0000] {dag.py:3096} INFO - Sync 1 DAGs
[2024-09-30T16:36:31.606+0000] {logging_mixin.py:188} INFO - [2024-09-30T16:36:31.606+0000] {dag.py:3954} INFO - Setting next_dagrun for example_task_group to 2024-09-29 00:00:00+00:00, run_after=2024-09-30 00:00:00+00:00
[2024-09-30T16:36:31.704+0000] {processor.py:183} INFO - Processing /home/airflow/.local/lib/python3.12/site-packages/airflow/example_dags/example_task_group.py took 0.246 seconds
[2024-09-30T16:37:02.748+0000] {processor.py:161} INFO - Started process (PID=1837) to work on /home/airflow/.local/lib/python3.12/site-packages/airflow/example_dags/example_task_group.py
[2024-09-30T16:37:02.749+0000] {processor.py:830} INFO - Processing file /home/airflow/.local/lib/python3.12/site-packages/airflow/example_dags/example_task_group.py for tasks to queue
[2024-09-30T16:37:02.750+0000] {logging_mixin.py:188} INFO - [2024-09-30T16:37:02.750+0000] {dagbag.py:540} INFO - Filling up the DagBag from /home/airflow/.local/lib/python3.12/site-packages/airflow/example_dags/example_task_group.py
[2024-09-30T16:37:02.756+0000] {processor.py:840} INFO - DAG(s) 'example_task_group' retrieved from /home/airflow/.local/lib/python3.12/site-packages/airflow/example_dags/example_task_group.py
[2024-09-30T16:37:02.774+0000] {logging_mixin.py:188} INFO - [2024-09-30T16:37:02.774+0000] {dag.py:3096} INFO - Sync 1 DAGs
[2024-09-30T16:37:02.792+0000] {logging_mixin.py:188} INFO - [2024-09-30T16:37:02.792+0000] {dag.py:3954} INFO - Setting next_dagrun for example_task_group to 2024-09-29 00:00:00+00:00, run_after=2024-09-30 00:00:00+00:00
[2024-09-30T16:37:02.810+0000] {processor.py:183} INFO - Processing /home/airflow/.local/lib/python3.12/site-packages/airflow/example_dags/example_task_group.py took 0.067 seconds
[2024-09-30T16:37:33.363+0000] {processor.py:161} INFO - Started process (PID=2103) to work on /home/airflow/.local/lib/python3.12/site-packages/airflow/example_dags/example_task_group.py
[2024-09-30T16:37:33.363+0000] {processor.py:830} INFO - Processing file /home/airflow/.local/lib/python3.12/site-packages/airflow/example_dags/example_task_group.py for tasks to queue
[2024-09-30T16:37:33.365+0000] {logging_mixin.py:188} INFO - [2024-09-30T16:37:33.365+0000] {dagbag.py:540} INFO - Filling up the DagBag from /home/airflow/.local/lib/python3.12/site-packages/airflow/example_dags/example_task_group.py
[2024-09-30T16:37:33.372+0000] {processor.py:840} INFO - DAG(s) 'example_task_group' retrieved from /home/airflow/.local/lib/python3.12/site-packages/airflow/example_dags/example_task_group.py
[2024-09-30T16:37:33.395+0000] {logging_mixin.py:188} INFO - [2024-09-30T16:37:33.395+0000] {dag.py:3096} INFO - Sync 1 DAGs
[2024-09-30T16:37:33.415+0000] {logging_mixin.py:188} INFO - [2024-09-30T16:37:33.414+0000] {dag.py:3954} INFO - Setting next_dagrun for example_task_group to 2024-09-29 00:00:00+00:00, run_after=2024-09-30 00:00:00+00:00
[2024-09-30T16:37:33.431+0000] {processor.py:183} INFO - Processing /home/airflow/.local/lib/python3.12/site-packages/airflow/example_dags/example_task_group.py took 0.075 seconds
[2024-09-30T16:38:04.018+0000] {processor.py:161} INFO - Started process (PID=2375) to work on /home/airflow/.local/lib/python3.12/site-packages/airflow/example_dags/example_task_group.py
[2024-09-30T16:38:04.019+0000] {processor.py:830} INFO - Processing file /home/airflow/.local/lib/python3.12/site-packages/airflow/example_dags/example_task_group.py for tasks to queue
[2024-09-30T16:38:04.020+0000] {logging_mixin.py:188} INFO - [2024-09-30T16:38:04.020+0000] {dagbag.py:540} INFO - Filling up the DagBag from /home/airflow/.local/lib/python3.12/site-packages/airflow/example_dags/example_task_group.py
[2024-09-30T16:38:04.027+0000] {processor.py:840} INFO - DAG(s) 'example_task_group' retrieved from /home/airflow/.local/lib/python3.12/site-packages/airflow/example_dags/example_task_group.py
[2024-09-30T16:38:04.047+0000] {logging_mixin.py:188} INFO - [2024-09-30T16:38:04.047+0000] {dag.py:3096} INFO - Sync 1 DAGs
[2024-09-30T16:38:04.068+0000] {logging_mixin.py:188} INFO - [2024-09-30T16:38:04.068+0000] {dag.py:3954} INFO - Setting next_dagrun for example_task_group to 2024-09-29 00:00:00+00:00, run_after=2024-09-30 00:00:00+00:00
[2024-09-30T16:38:04.092+0000] {processor.py:183} INFO - Processing /home/airflow/.local/lib/python3.12/site-packages/airflow/example_dags/example_task_group.py took 0.080 seconds
[2024-09-30T16:38:34.736+0000] {processor.py:161} INFO - Started process (PID=2641) to work on /home/airflow/.local/lib/python3.12/site-packages/airflow/example_dags/example_task_group.py
[2024-09-30T16:38:34.737+0000] {processor.py:830} INFO - Processing file /home/airflow/.local/lib/python3.12/site-packages/airflow/example_dags/example_task_group.py for tasks to queue
[2024-09-30T16:38:34.739+0000] {logging_mixin.py:188} INFO - [2024-09-30T16:38:34.738+0000] {dagbag.py:540} INFO - Filling up the DagBag from /home/airflow/.local/lib/python3.12/site-packages/airflow/example_dags/example_task_group.py
[2024-09-30T16:38:34.747+0000] {processor.py:840} INFO - DAG(s) 'example_task_group' retrieved from /home/airflow/.local/lib/python3.12/site-packages/airflow/example_dags/example_task_group.py
[2024-09-30T16:38:34.768+0000] {logging_mixin.py:188} INFO - [2024-09-30T16:38:34.767+0000] {dag.py:3096} INFO - Sync 1 DAGs
[2024-09-30T16:38:34.789+0000] {logging_mixin.py:188} INFO - [2024-09-30T16:38:34.789+0000] {dag.py:3954} INFO - Setting next_dagrun for example_task_group to 2024-09-29 00:00:00+00:00, run_after=2024-09-30 00:00:00+00:00
[2024-09-30T16:38:34.813+0000] {processor.py:183} INFO - Processing /home/airflow/.local/lib/python3.12/site-packages/airflow/example_dags/example_task_group.py took 0.081 seconds
[2024-09-30T16:39:05.264+0000] {processor.py:161} INFO - Started process (PID=2907) to work on /home/airflow/.local/lib/python3.12/site-packages/airflow/example_dags/example_task_group.py
[2024-09-30T16:39:05.265+0000] {processor.py:830} INFO - Processing file /home/airflow/.local/lib/python3.12/site-packages/airflow/example_dags/example_task_group.py for tasks to queue
[2024-09-30T16:39:05.267+0000] {logging_mixin.py:188} INFO - [2024-09-30T16:39:05.266+0000] {dagbag.py:540} INFO - Filling up the DagBag from /home/airflow/.local/lib/python3.12/site-packages/airflow/example_dags/example_task_group.py
[2024-09-30T16:39:05.272+0000] {processor.py:840} INFO - DAG(s) 'example_task_group' retrieved from /home/airflow/.local/lib/python3.12/site-packages/airflow/example_dags/example_task_group.py
[2024-09-30T16:39:05.293+0000] {logging_mixin.py:188} INFO - [2024-09-30T16:39:05.292+0000] {dag.py:3096} INFO - Sync 1 DAGs
[2024-09-30T16:39:05.311+0000] {logging_mixin.py:188} INFO - [2024-09-30T16:39:05.311+0000] {dag.py:3954} INFO - Setting next_dagrun for example_task_group to 2024-09-29 00:00:00+00:00, run_after=2024-09-30 00:00:00+00:00
[2024-09-30T16:39:05.334+0000] {processor.py:183} INFO - Processing /home/airflow/.local/lib/python3.12/site-packages/airflow/example_dags/example_task_group.py took 0.075 seconds
[2024-09-30T16:39:35.854+0000] {processor.py:161} INFO - Started process (PID=3173) to work on /home/airflow/.local/lib/python3.12/site-packages/airflow/example_dags/example_task_group.py
[2024-09-30T16:39:35.855+0000] {processor.py:830} INFO - Processing file /home/airflow/.local/lib/python3.12/site-packages/airflow/example_dags/example_task_group.py for tasks to queue
[2024-09-30T16:39:35.856+0000] {logging_mixin.py:188} INFO - [2024-09-30T16:39:35.856+0000] {dagbag.py:540} INFO - Filling up the DagBag from /home/airflow/.local/lib/python3.12/site-packages/airflow/example_dags/example_task_group.py
[2024-09-30T16:39:35.864+0000] {processor.py:840} INFO - DAG(s) 'example_task_group' retrieved from /home/airflow/.local/lib/python3.12/site-packages/airflow/example_dags/example_task_group.py
[2024-09-30T16:39:35.882+0000] {logging_mixin.py:188} INFO - [2024-09-30T16:39:35.882+0000] {dag.py:3096} INFO - Sync 1 DAGs
[2024-09-30T16:39:35.902+0000] {logging_mixin.py:188} INFO - [2024-09-30T16:39:35.902+0000] {dag.py:3954} INFO - Setting next_dagrun for example_task_group to 2024-09-29 00:00:00+00:00, run_after=2024-09-30 00:00:00+00:00
[2024-09-30T16:39:36.101+0000] {processor.py:183} INFO - Processing /home/airflow/.local/lib/python3.12/site-packages/airflow/example_dags/example_task_group.py took 0.252 seconds
[2024-09-30T16:40:06.617+0000] {processor.py:161} INFO - Started process (PID=3439) to work on /home/airflow/.local/lib/python3.12/site-packages/airflow/example_dags/example_task_group.py
[2024-09-30T16:40:06.618+0000] {processor.py:830} INFO - Processing file /home/airflow/.local/lib/python3.12/site-packages/airflow/example_dags/example_task_group.py for tasks to queue
[2024-09-30T16:40:06.619+0000] {logging_mixin.py:188} INFO - [2024-09-30T16:40:06.619+0000] {dagbag.py:540} INFO - Filling up the DagBag from /home/airflow/.local/lib/python3.12/site-packages/airflow/example_dags/example_task_group.py
[2024-09-30T16:40:06.625+0000] {processor.py:840} INFO - DAG(s) 'example_task_group' retrieved from /home/airflow/.local/lib/python3.12/site-packages/airflow/example_dags/example_task_group.py
[2024-09-30T16:40:06.645+0000] {logging_mixin.py:188} INFO - [2024-09-30T16:40:06.645+0000] {dag.py:3096} INFO - Sync 1 DAGs
[2024-09-30T16:40:06.664+0000] {logging_mixin.py:188} INFO - [2024-09-30T16:40:06.663+0000] {dag.py:3954} INFO - Setting next_dagrun for example_task_group to 2024-09-29 00:00:00+00:00, run_after=2024-09-30 00:00:00+00:00
[2024-09-30T16:40:06.686+0000] {processor.py:183} INFO - Processing /home/airflow/.local/lib/python3.12/site-packages/airflow/example_dags/example_task_group.py took 0.074 seconds
[2024-09-30T16:40:37.630+0000] {processor.py:161} INFO - Started process (PID=3705) to work on /home/airflow/.local/lib/python3.12/site-packages/airflow/example_dags/example_task_group.py
[2024-09-30T16:40:37.631+0000] {processor.py:830} INFO - Processing file /home/airflow/.local/lib/python3.12/site-packages/airflow/example_dags/example_task_group.py for tasks to queue
[2024-09-30T16:40:37.632+0000] {logging_mixin.py:188} INFO - [2024-09-30T16:40:37.632+0000] {dagbag.py:540} INFO - Filling up the DagBag from /home/airflow/.local/lib/python3.12/site-packages/airflow/example_dags/example_task_group.py
[2024-09-30T16:40:37.640+0000] {processor.py:840} INFO - DAG(s) 'example_task_group' retrieved from /home/airflow/.local/lib/python3.12/site-packages/airflow/example_dags/example_task_group.py
[2024-09-30T16:40:37.659+0000] {logging_mixin.py:188} INFO - [2024-09-30T16:40:37.658+0000] {dag.py:3096} INFO - Sync 1 DAGs
[2024-09-30T16:40:37.675+0000] {logging_mixin.py:188} INFO - [2024-09-30T16:40:37.675+0000] {dag.py:3954} INFO - Setting next_dagrun for example_task_group to 2024-09-29 00:00:00+00:00, run_after=2024-09-30 00:00:00+00:00
[2024-09-30T16:40:37.693+0000] {processor.py:183} INFO - Processing /home/airflow/.local/lib/python3.12/site-packages/airflow/example_dags/example_task_group.py took 0.068 seconds
[2024-09-30T16:41:08.216+0000] {processor.py:161} INFO - Started process (PID=3971) to work on /home/airflow/.local/lib/python3.12/site-packages/airflow/example_dags/example_task_group.py
[2024-09-30T16:41:08.217+0000] {processor.py:830} INFO - Processing file /home/airflow/.local/lib/python3.12/site-packages/airflow/example_dags/example_task_group.py for tasks to queue
[2024-09-30T16:41:08.218+0000] {logging_mixin.py:188} INFO - [2024-09-30T16:41:08.218+0000] {dagbag.py:540} INFO - Filling up the DagBag from /home/airflow/.local/lib/python3.12/site-packages/airflow/example_dags/example_task_group.py
[2024-09-30T16:41:08.224+0000] {processor.py:840} INFO - DAG(s) 'example_task_group' retrieved from /home/airflow/.local/lib/python3.12/site-packages/airflow/example_dags/example_task_group.py
[2024-09-30T16:41:08.244+0000] {logging_mixin.py:188} INFO - [2024-09-30T16:41:08.244+0000] {dag.py:3096} INFO - Sync 1 DAGs
[2024-09-30T16:41:08.266+0000] {logging_mixin.py:188} INFO - [2024-09-30T16:41:08.266+0000] {dag.py:3954} INFO - Setting next_dagrun for example_task_group to 2024-09-29 00:00:00+00:00, run_after=2024-09-30 00:00:00+00:00
[2024-09-30T16:41:08.286+0000] {processor.py:183} INFO - Processing /home/airflow/.local/lib/python3.12/site-packages/airflow/example_dags/example_task_group.py took 0.075 seconds
[2024-09-30T16:41:38.454+0000] {processor.py:161} INFO - Started process (PID=4237) to work on /home/airflow/.local/lib/python3.12/site-packages/airflow/example_dags/example_task_group.py
[2024-09-30T16:41:38.455+0000] {processor.py:830} INFO - Processing file /home/airflow/.local/lib/python3.12/site-packages/airflow/example_dags/example_task_group.py for tasks to queue
[2024-09-30T16:41:38.456+0000] {logging_mixin.py:188} INFO - [2024-09-30T16:41:38.456+0000] {dagbag.py:540} INFO - Filling up the DagBag from /home/airflow/.local/lib/python3.12/site-packages/airflow/example_dags/example_task_group.py
[2024-09-30T16:41:38.464+0000] {processor.py:840} INFO - DAG(s) 'example_task_group' retrieved from /home/airflow/.local/lib/python3.12/site-packages/airflow/example_dags/example_task_group.py
[2024-09-30T16:41:38.483+0000] {logging_mixin.py:188} INFO - [2024-09-30T16:41:38.482+0000] {dag.py:3096} INFO - Sync 1 DAGs
[2024-09-30T16:41:38.504+0000] {logging_mixin.py:188} INFO - [2024-09-30T16:41:38.503+0000] {dag.py:3954} INFO - Setting next_dagrun for example_task_group to 2024-09-29 00:00:00+00:00, run_after=2024-09-30 00:00:00+00:00
[2024-09-30T16:41:38.523+0000] {processor.py:183} INFO - Processing /home/airflow/.local/lib/python3.12/site-packages/airflow/example_dags/example_task_group.py took 0.074 seconds
[2024-09-30T16:42:08.708+0000] {processor.py:161} INFO - Started process (PID=4503) to work on /home/airflow/.local/lib/python3.12/site-packages/airflow/example_dags/example_task_group.py
[2024-09-30T16:42:08.708+0000] {processor.py:830} INFO - Processing file /home/airflow/.local/lib/python3.12/site-packages/airflow/example_dags/example_task_group.py for tasks to queue
[2024-09-30T16:42:08.709+0000] {logging_mixin.py:188} INFO - [2024-09-30T16:42:08.709+0000] {dagbag.py:540} INFO - Filling up the DagBag from /home/airflow/.local/lib/python3.12/site-packages/airflow/example_dags/example_task_group.py
[2024-09-30T16:42:08.715+0000] {processor.py:840} INFO - DAG(s) 'example_task_group' retrieved from /home/airflow/.local/lib/python3.12/site-packages/airflow/example_dags/example_task_group.py
[2024-09-30T16:42:08.732+0000] {logging_mixin.py:188} INFO - [2024-09-30T16:42:08.732+0000] {dag.py:3096} INFO - Sync 1 DAGs
[2024-09-30T16:42:08.891+0000] {logging_mixin.py:188} INFO - [2024-09-30T16:42:08.891+0000] {dag.py:3954} INFO - Setting next_dagrun for example_task_group to 2024-09-29 00:00:00+00:00, run_after=2024-09-30 00:00:00+00:00
[2024-09-30T16:42:08.907+0000] {processor.py:183} INFO - Processing /home/airflow/.local/lib/python3.12/site-packages/airflow/example_dags/example_task_group.py took 0.204 seconds
[2024-09-30T16:42:39.890+0000] {processor.py:161} INFO - Started process (PID=4769) to work on /home/airflow/.local/lib/python3.12/site-packages/airflow/example_dags/example_task_group.py
[2024-09-30T16:42:39.891+0000] {processor.py:830} INFO - Processing file /home/airflow/.local/lib/python3.12/site-packages/airflow/example_dags/example_task_group.py for tasks to queue
[2024-09-30T16:42:39.892+0000] {logging_mixin.py:188} INFO - [2024-09-30T16:42:39.892+0000] {dagbag.py:540} INFO - Filling up the DagBag from /home/airflow/.local/lib/python3.12/site-packages/airflow/example_dags/example_task_group.py
[2024-09-30T16:42:39.898+0000] {processor.py:840} INFO - DAG(s) 'example_task_group' retrieved from /home/airflow/.local/lib/python3.12/site-packages/airflow/example_dags/example_task_group.py
[2024-09-30T16:42:39.914+0000] {logging_mixin.py:188} INFO - [2024-09-30T16:42:39.914+0000] {dag.py:3096} INFO - Sync 1 DAGs
[2024-09-30T16:42:40.070+0000] {logging_mixin.py:188} INFO - [2024-09-30T16:42:40.070+0000] {dag.py:3954} INFO - Setting next_dagrun for example_task_group to 2024-09-29 00:00:00+00:00, run_after=2024-09-30 00:00:00+00:00
[2024-09-30T16:42:40.087+0000] {processor.py:183} INFO - Processing /home/airflow/.local/lib/python3.12/site-packages/airflow/example_dags/example_task_group.py took 0.201 seconds
[2024-09-30T16:43:10.469+0000] {processor.py:161} INFO - Started process (PID=5035) to work on /home/airflow/.local/lib/python3.12/site-packages/airflow/example_dags/example_task_group.py
[2024-09-30T16:43:10.470+0000] {processor.py:830} INFO - Processing file /home/airflow/.local/lib/python3.12/site-packages/airflow/example_dags/example_task_group.py for tasks to queue
[2024-09-30T16:43:10.472+0000] {logging_mixin.py:188} INFO - [2024-09-30T16:43:10.472+0000] {dagbag.py:540} INFO - Filling up the DagBag from /home/airflow/.local/lib/python3.12/site-packages/airflow/example_dags/example_task_group.py
[2024-09-30T16:43:10.480+0000] {processor.py:840} INFO - DAG(s) 'example_task_group' retrieved from /home/airflow/.local/lib/python3.12/site-packages/airflow/example_dags/example_task_group.py
[2024-09-30T16:43:10.498+0000] {logging_mixin.py:188} INFO - [2024-09-30T16:43:10.498+0000] {dag.py:3096} INFO - Sync 1 DAGs
[2024-09-30T16:43:10.515+0000] {logging_mixin.py:188} INFO - [2024-09-30T16:43:10.515+0000] {dag.py:3954} INFO - Setting next_dagrun for example_task_group to 2024-09-29 00:00:00+00:00, run_after=2024-09-30 00:00:00+00:00
[2024-09-30T16:43:10.532+0000] {processor.py:183} INFO - Processing /home/airflow/.local/lib/python3.12/site-packages/airflow/example_dags/example_task_group.py took 0.068 seconds
[2024-09-30T16:43:40.982+0000] {processor.py:161} INFO - Started process (PID=5301) to work on /home/airflow/.local/lib/python3.12/site-packages/airflow/example_dags/example_task_group.py
[2024-09-30T16:43:40.983+0000] {processor.py:830} INFO - Processing file /home/airflow/.local/lib/python3.12/site-packages/airflow/example_dags/example_task_group.py for tasks to queue
[2024-09-30T16:43:40.984+0000] {logging_mixin.py:188} INFO - [2024-09-30T16:43:40.984+0000] {dagbag.py:540} INFO - Filling up the DagBag from /home/airflow/.local/lib/python3.12/site-packages/airflow/example_dags/example_task_group.py
[2024-09-30T16:43:40.991+0000] {processor.py:840} INFO - DAG(s) 'example_task_group' retrieved from /home/airflow/.local/lib/python3.12/site-packages/airflow/example_dags/example_task_group.py
[2024-09-30T16:43:41.013+0000] {logging_mixin.py:188} INFO - [2024-09-30T16:43:41.012+0000] {dag.py:3096} INFO - Sync 1 DAGs
[2024-09-30T16:43:41.030+0000] {logging_mixin.py:188} INFO - [2024-09-30T16:43:41.030+0000] {dag.py:3954} INFO - Setting next_dagrun for example_task_group to 2024-09-29 00:00:00+00:00, run_after=2024-09-30 00:00:00+00:00
[2024-09-30T16:43:41.047+0000] {processor.py:183} INFO - Processing /home/airflow/.local/lib/python3.12/site-packages/airflow/example_dags/example_task_group.py took 0.069 seconds
[2024-09-30T16:44:11.542+0000] {processor.py:161} INFO - Started process (PID=5567) to work on /home/airflow/.local/lib/python3.12/site-packages/airflow/example_dags/example_task_group.py
[2024-09-30T16:44:11.542+0000] {processor.py:830} INFO - Processing file /home/airflow/.local/lib/python3.12/site-packages/airflow/example_dags/example_task_group.py for tasks to queue
[2024-09-30T16:44:11.544+0000] {logging_mixin.py:188} INFO - [2024-09-30T16:44:11.543+0000] {dagbag.py:540} INFO - Filling up the DagBag from /home/airflow/.local/lib/python3.12/site-packages/airflow/example_dags/example_task_group.py
[2024-09-30T16:44:11.549+0000] {processor.py:840} INFO - DAG(s) 'example_task_group' retrieved from /home/airflow/.local/lib/python3.12/site-packages/airflow/example_dags/example_task_group.py
[2024-09-30T16:44:11.565+0000] {logging_mixin.py:188} INFO - [2024-09-30T16:44:11.565+0000] {dag.py:3096} INFO - Sync 1 DAGs
[2024-09-30T16:44:11.581+0000] {logging_mixin.py:188} INFO - [2024-09-30T16:44:11.581+0000] {dag.py:3954} INFO - Setting next_dagrun for example_task_group to 2024-09-29 00:00:00+00:00, run_after=2024-09-30 00:00:00+00:00
[2024-09-30T16:44:11.599+0000] {processor.py:183} INFO - Processing /home/airflow/.local/lib/python3.12/site-packages/airflow/example_dags/example_task_group.py took 0.061 seconds
[2024-09-30T16:44:42.013+0000] {processor.py:161} INFO - Started process (PID=5833) to work on /home/airflow/.local/lib/python3.12/site-packages/airflow/example_dags/example_task_group.py
[2024-09-30T16:44:42.014+0000] {processor.py:830} INFO - Processing file /home/airflow/.local/lib/python3.12/site-packages/airflow/example_dags/example_task_group.py for tasks to queue
[2024-09-30T16:44:42.015+0000] {logging_mixin.py:188} INFO - [2024-09-30T16:44:42.015+0000] {dagbag.py:540} INFO - Filling up the DagBag from /home/airflow/.local/lib/python3.12/site-packages/airflow/example_dags/example_task_group.py
[2024-09-30T16:44:42.021+0000] {processor.py:840} INFO - DAG(s) 'example_task_group' retrieved from /home/airflow/.local/lib/python3.12/site-packages/airflow/example_dags/example_task_group.py
[2024-09-30T16:44:42.037+0000] {logging_mixin.py:188} INFO - [2024-09-30T16:44:42.037+0000] {dag.py:3096} INFO - Sync 1 DAGs
[2024-09-30T16:44:42.054+0000] {logging_mixin.py:188} INFO - [2024-09-30T16:44:42.053+0000] {dag.py:3954} INFO - Setting next_dagrun for example_task_group to 2024-09-29 00:00:00+00:00, run_after=2024-09-30 00:00:00+00:00
[2024-09-30T16:44:42.072+0000] {processor.py:183} INFO - Processing /home/airflow/.local/lib/python3.12/site-packages/airflow/example_dags/example_task_group.py took 0.063 seconds
[2024-09-30T16:45:12.564+0000] {processor.py:161} INFO - Started process (PID=6099) to work on /home/airflow/.local/lib/python3.12/site-packages/airflow/example_dags/example_task_group.py
[2024-09-30T16:45:12.565+0000] {processor.py:830} INFO - Processing file /home/airflow/.local/lib/python3.12/site-packages/airflow/example_dags/example_task_group.py for tasks to queue
[2024-09-30T16:45:12.566+0000] {logging_mixin.py:188} INFO - [2024-09-30T16:45:12.566+0000] {dagbag.py:540} INFO - Filling up the DagBag from /home/airflow/.local/lib/python3.12/site-packages/airflow/example_dags/example_task_group.py
[2024-09-30T16:45:12.572+0000] {processor.py:840} INFO - DAG(s) 'example_task_group' retrieved from /home/airflow/.local/lib/python3.12/site-packages/airflow/example_dags/example_task_group.py
[2024-09-30T16:45:12.588+0000] {logging_mixin.py:188} INFO - [2024-09-30T16:45:12.588+0000] {dag.py:3096} INFO - Sync 1 DAGs
[2024-09-30T16:45:12.604+0000] {logging_mixin.py:188} INFO - [2024-09-30T16:45:12.604+0000] {dag.py:3954} INFO - Setting next_dagrun for example_task_group to 2024-09-29 00:00:00+00:00, run_after=2024-09-30 00:00:00+00:00
[2024-09-30T16:45:12.621+0000] {processor.py:183} INFO - Processing /home/airflow/.local/lib/python3.12/site-packages/airflow/example_dags/example_task_group.py took 0.062 seconds
[2024-09-30T16:45:43.076+0000] {processor.py:161} INFO - Started process (PID=6365) to work on /home/airflow/.local/lib/python3.12/site-packages/airflow/example_dags/example_task_group.py
[2024-09-30T16:45:43.077+0000] {processor.py:830} INFO - Processing file /home/airflow/.local/lib/python3.12/site-packages/airflow/example_dags/example_task_group.py for tasks to queue
[2024-09-30T16:45:43.078+0000] {logging_mixin.py:188} INFO - [2024-09-30T16:45:43.078+0000] {dagbag.py:540} INFO - Filling up the DagBag from /home/airflow/.local/lib/python3.12/site-packages/airflow/example_dags/example_task_group.py
[2024-09-30T16:45:43.083+0000] {processor.py:840} INFO - DAG(s) 'example_task_group' retrieved from /home/airflow/.local/lib/python3.12/site-packages/airflow/example_dags/example_task_group.py
[2024-09-30T16:45:43.100+0000] {logging_mixin.py:188} INFO - [2024-09-30T16:45:43.100+0000] {dag.py:3096} INFO - Sync 1 DAGs
[2024-09-30T16:45:43.116+0000] {logging_mixin.py:188} INFO - [2024-09-30T16:45:43.116+0000] {dag.py:3954} INFO - Setting next_dagrun for example_task_group to 2024-09-29 00:00:00+00:00, run_after=2024-09-30 00:00:00+00:00
[2024-09-30T16:45:43.134+0000] {processor.py:183} INFO - Processing /home/airflow/.local/lib/python3.12/site-packages/airflow/example_dags/example_task_group.py took 0.062 seconds
[2024-09-30T16:46:13.572+0000] {processor.py:161} INFO - Started process (PID=6629) to work on /home/airflow/.local/lib/python3.12/site-packages/airflow/example_dags/example_task_group.py
[2024-09-30T16:46:13.573+0000] {processor.py:830} INFO - Processing file /home/airflow/.local/lib/python3.12/site-packages/airflow/example_dags/example_task_group.py for tasks to queue
[2024-09-30T16:46:13.575+0000] {logging_mixin.py:188} INFO - [2024-09-30T16:46:13.575+0000] {dagbag.py:540} INFO - Filling up the DagBag from /home/airflow/.local/lib/python3.12/site-packages/airflow/example_dags/example_task_group.py
[2024-09-30T16:46:13.583+0000] {processor.py:840} INFO - DAG(s) 'example_task_group' retrieved from /home/airflow/.local/lib/python3.12/site-packages/airflow/example_dags/example_task_group.py
[2024-09-30T16:46:13.604+0000] {logging_mixin.py:188} INFO - [2024-09-30T16:46:13.604+0000] {dag.py:3096} INFO - Sync 1 DAGs
[2024-09-30T16:46:13.624+0000] {logging_mixin.py:188} INFO - [2024-09-30T16:46:13.624+0000] {dag.py:3954} INFO - Setting next_dagrun for example_task_group to 2024-09-29 00:00:00+00:00, run_after=2024-09-30 00:00:00+00:00
[2024-09-30T16:46:13.644+0000] {processor.py:183} INFO - Processing /home/airflow/.local/lib/python3.12/site-packages/airflow/example_dags/example_task_group.py took 0.076 seconds
[2024-09-30T16:46:44.424+0000] {processor.py:161} INFO - Started process (PID=6897) to work on /home/airflow/.local/lib/python3.12/site-packages/airflow/example_dags/example_task_group.py
[2024-09-30T16:46:44.425+0000] {processor.py:830} INFO - Processing file /home/airflow/.local/lib/python3.12/site-packages/airflow/example_dags/example_task_group.py for tasks to queue
[2024-09-30T16:46:44.426+0000] {logging_mixin.py:188} INFO - [2024-09-30T16:46:44.426+0000] {dagbag.py:540} INFO - Filling up the DagBag from /home/airflow/.local/lib/python3.12/site-packages/airflow/example_dags/example_task_group.py
[2024-09-30T16:46:44.431+0000] {processor.py:840} INFO - DAG(s) 'example_task_group' retrieved from /home/airflow/.local/lib/python3.12/site-packages/airflow/example_dags/example_task_group.py
[2024-09-30T16:46:44.447+0000] {logging_mixin.py:188} INFO - [2024-09-30T16:46:44.447+0000] {dag.py:3096} INFO - Sync 1 DAGs
[2024-09-30T16:46:44.464+0000] {logging_mixin.py:188} INFO - [2024-09-30T16:46:44.464+0000] {dag.py:3954} INFO - Setting next_dagrun for example_task_group to 2024-09-29 00:00:00+00:00, run_after=2024-09-30 00:00:00+00:00
[2024-09-30T16:46:44.497+0000] {processor.py:183} INFO - Processing /home/airflow/.local/lib/python3.12/site-packages/airflow/example_dags/example_task_group.py took 0.077 seconds
[2024-09-30T16:47:14.976+0000] {processor.py:161} INFO - Started process (PID=7163) to work on /home/airflow/.local/lib/python3.12/site-packages/airflow/example_dags/example_task_group.py
[2024-09-30T16:47:14.977+0000] {processor.py:830} INFO - Processing file /home/airflow/.local/lib/python3.12/site-packages/airflow/example_dags/example_task_group.py for tasks to queue
[2024-09-30T16:47:14.978+0000] {logging_mixin.py:188} INFO - [2024-09-30T16:47:14.978+0000] {dagbag.py:540} INFO - Filling up the DagBag from /home/airflow/.local/lib/python3.12/site-packages/airflow/example_dags/example_task_group.py
[2024-09-30T16:47:14.984+0000] {processor.py:840} INFO - DAG(s) 'example_task_group' retrieved from /home/airflow/.local/lib/python3.12/site-packages/airflow/example_dags/example_task_group.py
[2024-09-30T16:47:15.000+0000] {logging_mixin.py:188} INFO - [2024-09-30T16:47:15.000+0000] {dag.py:3096} INFO - Sync 1 DAGs
[2024-09-30T16:47:15.016+0000] {logging_mixin.py:188} INFO - [2024-09-30T16:47:15.016+0000] {dag.py:3954} INFO - Setting next_dagrun for example_task_group to 2024-09-29 00:00:00+00:00, run_after=2024-09-30 00:00:00+00:00
[2024-09-30T16:47:15.033+0000] {processor.py:183} INFO - Processing /home/airflow/.local/lib/python3.12/site-packages/airflow/example_dags/example_task_group.py took 0.062 seconds
[2024-09-30T16:47:45.383+0000] {processor.py:161} INFO - Started process (PID=7429) to work on /home/airflow/.local/lib/python3.12/site-packages/airflow/example_dags/example_task_group.py
[2024-09-30T16:47:45.384+0000] {processor.py:830} INFO - Processing file /home/airflow/.local/lib/python3.12/site-packages/airflow/example_dags/example_task_group.py for tasks to queue
[2024-09-30T16:47:45.385+0000] {logging_mixin.py:188} INFO - [2024-09-30T16:47:45.385+0000] {dagbag.py:540} INFO - Filling up the DagBag from /home/airflow/.local/lib/python3.12/site-packages/airflow/example_dags/example_task_group.py
[2024-09-30T16:47:45.391+0000] {processor.py:840} INFO - DAG(s) 'example_task_group' retrieved from /home/airflow/.local/lib/python3.12/site-packages/airflow/example_dags/example_task_group.py
[2024-09-30T16:47:45.410+0000] {logging_mixin.py:188} INFO - [2024-09-30T16:47:45.410+0000] {dag.py:3096} INFO - Sync 1 DAGs
[2024-09-30T16:47:45.434+0000] {logging_mixin.py:188} INFO - [2024-09-30T16:47:45.434+0000] {dag.py:3954} INFO - Setting next_dagrun for example_task_group to 2024-09-29 00:00:00+00:00, run_after=2024-09-30 00:00:00+00:00
[2024-09-30T16:47:45.455+0000] {processor.py:183} INFO - Processing /home/airflow/.local/lib/python3.12/site-packages/airflow/example_dags/example_task_group.py took 0.076 seconds
