[2024-09-30T16:34:04.475+0000] {processor.py:161} INFO - Started process (PID=330) to work on /home/airflow/.local/lib/python3.12/site-packages/airflow/example_dags/example_short_circuit_operator.py
[2024-09-30T16:34:04.476+0000] {processor.py:830} INFO - Processing file /home/airflow/.local/lib/python3.12/site-packages/airflow/example_dags/example_short_circuit_operator.py for tasks to queue
[2024-09-30T16:34:04.477+0000] {logging_mixin.py:188} INFO - [2024-09-30T16:34:04.477+0000] {dagbag.py:540} INFO - Filling up the DagBag from /home/airflow/.local/lib/python3.12/site-packages/airflow/example_dags/example_short_circuit_operator.py
[2024-09-30T16:34:04.488+0000] {processor.py:840} INFO - DAG(s) 'example_short_circuit_operator' retrieved from /home/airflow/.local/lib/python3.12/site-packages/airflow/example_dags/example_short_circuit_operator.py
[2024-09-30T16:34:04.513+0000] {logging_mixin.py:188} INFO - [2024-09-30T16:34:04.512+0000] {dag.py:3096} INFO - Sync 1 DAGs
[2024-09-30T16:34:04.537+0000] {logging_mixin.py:188} INFO - [2024-09-30T16:34:04.537+0000] {dag.py:3954} INFO - Setting next_dagrun for example_short_circuit_operator to 2024-09-29 00:00:00+00:00, run_after=2024-09-30 00:00:00+00:00
[2024-09-30T16:34:04.562+0000] {processor.py:183} INFO - Processing /home/airflow/.local/lib/python3.12/site-packages/airflow/example_dags/example_short_circuit_operator.py took 0.092 seconds
[2024-09-30T16:34:37.205+0000] {processor.py:161} INFO - Started process (PID=594) to work on /home/airflow/.local/lib/python3.12/site-packages/airflow/example_dags/example_short_circuit_operator.py
[2024-09-30T16:34:37.206+0000] {processor.py:830} INFO - Processing file /home/airflow/.local/lib/python3.12/site-packages/airflow/example_dags/example_short_circuit_operator.py for tasks to queue
[2024-09-30T16:34:37.207+0000] {logging_mixin.py:188} INFO - [2024-09-30T16:34:37.207+0000] {dagbag.py:540} INFO - Filling up the DagBag from /home/airflow/.local/lib/python3.12/site-packages/airflow/example_dags/example_short_circuit_operator.py
[2024-09-30T16:34:37.216+0000] {processor.py:840} INFO - DAG(s) 'example_short_circuit_operator' retrieved from /home/airflow/.local/lib/python3.12/site-packages/airflow/example_dags/example_short_circuit_operator.py
[2024-09-30T16:34:37.241+0000] {logging_mixin.py:188} INFO - [2024-09-30T16:34:37.241+0000] {dag.py:3096} INFO - Sync 1 DAGs
[2024-09-30T16:34:37.266+0000] {logging_mixin.py:188} INFO - [2024-09-30T16:34:37.266+0000] {dag.py:3954} INFO - Setting next_dagrun for example_short_circuit_operator to 2024-09-29 00:00:00+00:00, run_after=2024-09-30 00:00:00+00:00
[2024-09-30T16:34:37.293+0000] {processor.py:183} INFO - Processing /home/airflow/.local/lib/python3.12/site-packages/airflow/example_dags/example_short_circuit_operator.py took 0.093 seconds
[2024-09-30T16:35:07.931+0000] {processor.py:161} INFO - Started process (PID=862) to work on /home/airflow/.local/lib/python3.12/site-packages/airflow/example_dags/example_short_circuit_operator.py
[2024-09-30T16:35:07.932+0000] {processor.py:830} INFO - Processing file /home/airflow/.local/lib/python3.12/site-packages/airflow/example_dags/example_short_circuit_operator.py for tasks to queue
[2024-09-30T16:35:07.933+0000] {logging_mixin.py:188} INFO - [2024-09-30T16:35:07.933+0000] {dagbag.py:540} INFO - Filling up the DagBag from /home/airflow/.local/lib/python3.12/site-packages/airflow/example_dags/example_short_circuit_operator.py
[2024-09-30T16:35:07.939+0000] {processor.py:840} INFO - DAG(s) 'example_short_circuit_operator' retrieved from /home/airflow/.local/lib/python3.12/site-packages/airflow/example_dags/example_short_circuit_operator.py
[2024-09-30T16:35:07.960+0000] {logging_mixin.py:188} INFO - [2024-09-30T16:35:07.960+0000] {dag.py:3096} INFO - Sync 1 DAGs
[2024-09-30T16:35:07.981+0000] {logging_mixin.py:188} INFO - [2024-09-30T16:35:07.981+0000] {dag.py:3954} INFO - Setting next_dagrun for example_short_circuit_operator to 2024-09-29 00:00:00+00:00, run_after=2024-09-30 00:00:00+00:00
[2024-09-30T16:35:08.008+0000] {processor.py:183} INFO - Processing /home/airflow/.local/lib/python3.12/site-packages/airflow/example_dags/example_short_circuit_operator.py took 0.082 seconds
[2024-09-30T16:35:38.901+0000] {processor.py:161} INFO - Started process (PID=1126) to work on /home/airflow/.local/lib/python3.12/site-packages/airflow/example_dags/example_short_circuit_operator.py
[2024-09-30T16:35:38.901+0000] {processor.py:830} INFO - Processing file /home/airflow/.local/lib/python3.12/site-packages/airflow/example_dags/example_short_circuit_operator.py for tasks to queue
[2024-09-30T16:35:38.903+0000] {logging_mixin.py:188} INFO - [2024-09-30T16:35:38.903+0000] {dagbag.py:540} INFO - Filling up the DagBag from /home/airflow/.local/lib/python3.12/site-packages/airflow/example_dags/example_short_circuit_operator.py
[2024-09-30T16:35:38.909+0000] {processor.py:840} INFO - DAG(s) 'example_short_circuit_operator' retrieved from /home/airflow/.local/lib/python3.12/site-packages/airflow/example_dags/example_short_circuit_operator.py
[2024-09-30T16:35:38.929+0000] {logging_mixin.py:188} INFO - [2024-09-30T16:35:38.929+0000] {dag.py:3096} INFO - Sync 1 DAGs
[2024-09-30T16:35:38.945+0000] {logging_mixin.py:188} INFO - [2024-09-30T16:35:38.945+0000] {dag.py:3954} INFO - Setting next_dagrun for example_short_circuit_operator to 2024-09-29 00:00:00+00:00, run_after=2024-09-30 00:00:00+00:00
[2024-09-30T16:35:38.966+0000] {processor.py:183} INFO - Processing /home/airflow/.local/lib/python3.12/site-packages/airflow/example_dags/example_short_circuit_operator.py took 0.070 seconds
[2024-09-30T16:36:09.897+0000] {processor.py:161} INFO - Started process (PID=1394) to work on /home/airflow/.local/lib/python3.12/site-packages/airflow/example_dags/example_short_circuit_operator.py
[2024-09-30T16:36:09.898+0000] {processor.py:830} INFO - Processing file /home/airflow/.local/lib/python3.12/site-packages/airflow/example_dags/example_short_circuit_operator.py for tasks to queue
[2024-09-30T16:36:09.900+0000] {logging_mixin.py:188} INFO - [2024-09-30T16:36:09.900+0000] {dagbag.py:540} INFO - Filling up the DagBag from /home/airflow/.local/lib/python3.12/site-packages/airflow/example_dags/example_short_circuit_operator.py
[2024-09-30T16:36:09.908+0000] {processor.py:840} INFO - DAG(s) 'example_short_circuit_operator' retrieved from /home/airflow/.local/lib/python3.12/site-packages/airflow/example_dags/example_short_circuit_operator.py
[2024-09-30T16:36:09.930+0000] {logging_mixin.py:188} INFO - [2024-09-30T16:36:09.929+0000] {dag.py:3096} INFO - Sync 1 DAGs
[2024-09-30T16:36:09.951+0000] {logging_mixin.py:188} INFO - [2024-09-30T16:36:09.950+0000] {dag.py:3954} INFO - Setting next_dagrun for example_short_circuit_operator to 2024-09-29 00:00:00+00:00, run_after=2024-09-30 00:00:00+00:00
[2024-09-30T16:36:09.977+0000] {processor.py:183} INFO - Processing /home/airflow/.local/lib/python3.12/site-packages/airflow/example_dags/example_short_circuit_operator.py took 0.084 seconds
[2024-09-30T16:36:40.632+0000] {processor.py:161} INFO - Started process (PID=1715) to work on /home/airflow/.local/lib/python3.12/site-packages/airflow/example_dags/example_short_circuit_operator.py
[2024-09-30T16:36:40.632+0000] {processor.py:830} INFO - Processing file /home/airflow/.local/lib/python3.12/site-packages/airflow/example_dags/example_short_circuit_operator.py for tasks to queue
[2024-09-30T16:36:40.634+0000] {logging_mixin.py:188} INFO - [2024-09-30T16:36:40.634+0000] {dagbag.py:540} INFO - Filling up the DagBag from /home/airflow/.local/lib/python3.12/site-packages/airflow/example_dags/example_short_circuit_operator.py
[2024-09-30T16:36:40.642+0000] {processor.py:840} INFO - DAG(s) 'example_short_circuit_operator' retrieved from /home/airflow/.local/lib/python3.12/site-packages/airflow/example_dags/example_short_circuit_operator.py
[2024-09-30T16:36:40.664+0000] {logging_mixin.py:188} INFO - [2024-09-30T16:36:40.663+0000] {dag.py:3096} INFO - Sync 1 DAGs
[2024-09-30T16:36:40.681+0000] {logging_mixin.py:188} INFO - [2024-09-30T16:36:40.681+0000] {dag.py:3954} INFO - Setting next_dagrun for example_short_circuit_operator to 2024-09-29 00:00:00+00:00, run_after=2024-09-30 00:00:00+00:00
[2024-09-30T16:36:40.699+0000] {processor.py:183} INFO - Processing /home/airflow/.local/lib/python3.12/site-packages/airflow/example_dags/example_short_circuit_operator.py took 0.073 seconds
[2024-09-30T16:37:11.222+0000] {processor.py:161} INFO - Started process (PID=1981) to work on /home/airflow/.local/lib/python3.12/site-packages/airflow/example_dags/example_short_circuit_operator.py
[2024-09-30T16:37:11.223+0000] {processor.py:830} INFO - Processing file /home/airflow/.local/lib/python3.12/site-packages/airflow/example_dags/example_short_circuit_operator.py for tasks to queue
[2024-09-30T16:37:11.224+0000] {logging_mixin.py:188} INFO - [2024-09-30T16:37:11.224+0000] {dagbag.py:540} INFO - Filling up the DagBag from /home/airflow/.local/lib/python3.12/site-packages/airflow/example_dags/example_short_circuit_operator.py
[2024-09-30T16:37:11.232+0000] {processor.py:840} INFO - DAG(s) 'example_short_circuit_operator' retrieved from /home/airflow/.local/lib/python3.12/site-packages/airflow/example_dags/example_short_circuit_operator.py
[2024-09-30T16:37:11.254+0000] {logging_mixin.py:188} INFO - [2024-09-30T16:37:11.254+0000] {dag.py:3096} INFO - Sync 1 DAGs
[2024-09-30T16:37:11.272+0000] {logging_mixin.py:188} INFO - [2024-09-30T16:37:11.271+0000] {dag.py:3954} INFO - Setting next_dagrun for example_short_circuit_operator to 2024-09-29 00:00:00+00:00, run_after=2024-09-30 00:00:00+00:00
[2024-09-30T16:37:11.303+0000] {processor.py:183} INFO - Processing /home/airflow/.local/lib/python3.12/site-packages/airflow/example_dags/example_short_circuit_operator.py took 0.087 seconds
[2024-09-30T16:37:41.875+0000] {processor.py:161} INFO - Started process (PID=2247) to work on /home/airflow/.local/lib/python3.12/site-packages/airflow/example_dags/example_short_circuit_operator.py
[2024-09-30T16:37:41.875+0000] {processor.py:830} INFO - Processing file /home/airflow/.local/lib/python3.12/site-packages/airflow/example_dags/example_short_circuit_operator.py for tasks to queue
[2024-09-30T16:37:41.877+0000] {logging_mixin.py:188} INFO - [2024-09-30T16:37:41.877+0000] {dagbag.py:540} INFO - Filling up the DagBag from /home/airflow/.local/lib/python3.12/site-packages/airflow/example_dags/example_short_circuit_operator.py
[2024-09-30T16:37:41.885+0000] {processor.py:840} INFO - DAG(s) 'example_short_circuit_operator' retrieved from /home/airflow/.local/lib/python3.12/site-packages/airflow/example_dags/example_short_circuit_operator.py
[2024-09-30T16:37:41.903+0000] {logging_mixin.py:188} INFO - [2024-09-30T16:37:41.903+0000] {dag.py:3096} INFO - Sync 1 DAGs
[2024-09-30T16:37:41.920+0000] {logging_mixin.py:188} INFO - [2024-09-30T16:37:41.920+0000] {dag.py:3954} INFO - Setting next_dagrun for example_short_circuit_operator to 2024-09-29 00:00:00+00:00, run_after=2024-09-30 00:00:00+00:00
[2024-09-30T16:37:41.938+0000] {processor.py:183} INFO - Processing /home/airflow/.local/lib/python3.12/site-packages/airflow/example_dags/example_short_circuit_operator.py took 0.069 seconds
[2024-09-30T16:38:12.620+0000] {processor.py:161} INFO - Started process (PID=2513) to work on /home/airflow/.local/lib/python3.12/site-packages/airflow/example_dags/example_short_circuit_operator.py
[2024-09-30T16:38:12.621+0000] {processor.py:830} INFO - Processing file /home/airflow/.local/lib/python3.12/site-packages/airflow/example_dags/example_short_circuit_operator.py for tasks to queue
[2024-09-30T16:38:12.622+0000] {logging_mixin.py:188} INFO - [2024-09-30T16:38:12.622+0000] {dagbag.py:540} INFO - Filling up the DagBag from /home/airflow/.local/lib/python3.12/site-packages/airflow/example_dags/example_short_circuit_operator.py
[2024-09-30T16:38:12.628+0000] {processor.py:840} INFO - DAG(s) 'example_short_circuit_operator' retrieved from /home/airflow/.local/lib/python3.12/site-packages/airflow/example_dags/example_short_circuit_operator.py
[2024-09-30T16:38:12.649+0000] {logging_mixin.py:188} INFO - [2024-09-30T16:38:12.649+0000] {dag.py:3096} INFO - Sync 1 DAGs
[2024-09-30T16:38:12.668+0000] {logging_mixin.py:188} INFO - [2024-09-30T16:38:12.667+0000] {dag.py:3954} INFO - Setting next_dagrun for example_short_circuit_operator to 2024-09-29 00:00:00+00:00, run_after=2024-09-30 00:00:00+00:00
[2024-09-30T16:38:12.688+0000] {processor.py:183} INFO - Processing /home/airflow/.local/lib/python3.12/site-packages/airflow/example_dags/example_short_circuit_operator.py took 0.074 seconds
[2024-09-30T16:38:43.111+0000] {processor.py:161} INFO - Started process (PID=2779) to work on /home/airflow/.local/lib/python3.12/site-packages/airflow/example_dags/example_short_circuit_operator.py
[2024-09-30T16:38:43.112+0000] {processor.py:830} INFO - Processing file /home/airflow/.local/lib/python3.12/site-packages/airflow/example_dags/example_short_circuit_operator.py for tasks to queue
[2024-09-30T16:38:43.113+0000] {logging_mixin.py:188} INFO - [2024-09-30T16:38:43.113+0000] {dagbag.py:540} INFO - Filling up the DagBag from /home/airflow/.local/lib/python3.12/site-packages/airflow/example_dags/example_short_circuit_operator.py
[2024-09-30T16:38:43.119+0000] {processor.py:840} INFO - DAG(s) 'example_short_circuit_operator' retrieved from /home/airflow/.local/lib/python3.12/site-packages/airflow/example_dags/example_short_circuit_operator.py
[2024-09-30T16:38:43.137+0000] {logging_mixin.py:188} INFO - [2024-09-30T16:38:43.136+0000] {dag.py:3096} INFO - Sync 1 DAGs
[2024-09-30T16:38:43.154+0000] {logging_mixin.py:188} INFO - [2024-09-30T16:38:43.154+0000] {dag.py:3954} INFO - Setting next_dagrun for example_short_circuit_operator to 2024-09-29 00:00:00+00:00, run_after=2024-09-30 00:00:00+00:00
[2024-09-30T16:38:43.173+0000] {processor.py:183} INFO - Processing /home/airflow/.local/lib/python3.12/site-packages/airflow/example_dags/example_short_circuit_operator.py took 0.066 seconds
[2024-09-30T16:39:13.747+0000] {processor.py:161} INFO - Started process (PID=3045) to work on /home/airflow/.local/lib/python3.12/site-packages/airflow/example_dags/example_short_circuit_operator.py
[2024-09-30T16:39:13.748+0000] {processor.py:830} INFO - Processing file /home/airflow/.local/lib/python3.12/site-packages/airflow/example_dags/example_short_circuit_operator.py for tasks to queue
[2024-09-30T16:39:13.750+0000] {logging_mixin.py:188} INFO - [2024-09-30T16:39:13.749+0000] {dagbag.py:540} INFO - Filling up the DagBag from /home/airflow/.local/lib/python3.12/site-packages/airflow/example_dags/example_short_circuit_operator.py
[2024-09-30T16:39:13.757+0000] {processor.py:840} INFO - DAG(s) 'example_short_circuit_operator' retrieved from /home/airflow/.local/lib/python3.12/site-packages/airflow/example_dags/example_short_circuit_operator.py
[2024-09-30T16:39:13.777+0000] {logging_mixin.py:188} INFO - [2024-09-30T16:39:13.776+0000] {dag.py:3096} INFO - Sync 1 DAGs
[2024-09-30T16:39:13.798+0000] {logging_mixin.py:188} INFO - [2024-09-30T16:39:13.797+0000] {dag.py:3954} INFO - Setting next_dagrun for example_short_circuit_operator to 2024-09-29 00:00:00+00:00, run_after=2024-09-30 00:00:00+00:00
[2024-09-30T16:39:13.816+0000] {processor.py:183} INFO - Processing /home/airflow/.local/lib/python3.12/site-packages/airflow/example_dags/example_short_circuit_operator.py took 0.075 seconds
[2024-09-30T16:39:44.501+0000] {processor.py:161} INFO - Started process (PID=3311) to work on /home/airflow/.local/lib/python3.12/site-packages/airflow/example_dags/example_short_circuit_operator.py
[2024-09-30T16:39:44.501+0000] {processor.py:830} INFO - Processing file /home/airflow/.local/lib/python3.12/site-packages/airflow/example_dags/example_short_circuit_operator.py for tasks to queue
[2024-09-30T16:39:44.503+0000] {logging_mixin.py:188} INFO - [2024-09-30T16:39:44.503+0000] {dagbag.py:540} INFO - Filling up the DagBag from /home/airflow/.local/lib/python3.12/site-packages/airflow/example_dags/example_short_circuit_operator.py
[2024-09-30T16:39:44.509+0000] {processor.py:840} INFO - DAG(s) 'example_short_circuit_operator' retrieved from /home/airflow/.local/lib/python3.12/site-packages/airflow/example_dags/example_short_circuit_operator.py
[2024-09-30T16:39:44.529+0000] {logging_mixin.py:188} INFO - [2024-09-30T16:39:44.528+0000] {dag.py:3096} INFO - Sync 1 DAGs
[2024-09-30T16:39:44.548+0000] {logging_mixin.py:188} INFO - [2024-09-30T16:39:44.548+0000] {dag.py:3954} INFO - Setting next_dagrun for example_short_circuit_operator to 2024-09-29 00:00:00+00:00, run_after=2024-09-30 00:00:00+00:00
[2024-09-30T16:39:44.566+0000] {processor.py:183} INFO - Processing /home/airflow/.local/lib/python3.12/site-packages/airflow/example_dags/example_short_circuit_operator.py took 0.072 seconds
[2024-09-30T16:40:15.398+0000] {processor.py:161} INFO - Started process (PID=3577) to work on /home/airflow/.local/lib/python3.12/site-packages/airflow/example_dags/example_short_circuit_operator.py
[2024-09-30T16:40:15.399+0000] {processor.py:830} INFO - Processing file /home/airflow/.local/lib/python3.12/site-packages/airflow/example_dags/example_short_circuit_operator.py for tasks to queue
[2024-09-30T16:40:15.400+0000] {logging_mixin.py:188} INFO - [2024-09-30T16:40:15.400+0000] {dagbag.py:540} INFO - Filling up the DagBag from /home/airflow/.local/lib/python3.12/site-packages/airflow/example_dags/example_short_circuit_operator.py
[2024-09-30T16:40:15.406+0000] {processor.py:840} INFO - DAG(s) 'example_short_circuit_operator' retrieved from /home/airflow/.local/lib/python3.12/site-packages/airflow/example_dags/example_short_circuit_operator.py
[2024-09-30T16:40:15.425+0000] {logging_mixin.py:188} INFO - [2024-09-30T16:40:15.424+0000] {dag.py:3096} INFO - Sync 1 DAGs
[2024-09-30T16:40:15.442+0000] {logging_mixin.py:188} INFO - [2024-09-30T16:40:15.442+0000] {dag.py:3954} INFO - Setting next_dagrun for example_short_circuit_operator to 2024-09-29 00:00:00+00:00, run_after=2024-09-30 00:00:00+00:00
[2024-09-30T16:40:15.460+0000] {processor.py:183} INFO - Processing /home/airflow/.local/lib/python3.12/site-packages/airflow/example_dags/example_short_circuit_operator.py took 0.067 seconds
[2024-09-30T16:40:45.825+0000] {processor.py:161} INFO - Started process (PID=3843) to work on /home/airflow/.local/lib/python3.12/site-packages/airflow/example_dags/example_short_circuit_operator.py
[2024-09-30T16:40:45.826+0000] {processor.py:830} INFO - Processing file /home/airflow/.local/lib/python3.12/site-packages/airflow/example_dags/example_short_circuit_operator.py for tasks to queue
[2024-09-30T16:40:45.827+0000] {logging_mixin.py:188} INFO - [2024-09-30T16:40:45.827+0000] {dagbag.py:540} INFO - Filling up the DagBag from /home/airflow/.local/lib/python3.12/site-packages/airflow/example_dags/example_short_circuit_operator.py
[2024-09-30T16:40:45.834+0000] {processor.py:840} INFO - DAG(s) 'example_short_circuit_operator' retrieved from /home/airflow/.local/lib/python3.12/site-packages/airflow/example_dags/example_short_circuit_operator.py
[2024-09-30T16:40:45.857+0000] {logging_mixin.py:188} INFO - [2024-09-30T16:40:45.857+0000] {dag.py:3096} INFO - Sync 1 DAGs
[2024-09-30T16:40:45.874+0000] {logging_mixin.py:188} INFO - [2024-09-30T16:40:45.874+0000] {dag.py:3954} INFO - Setting next_dagrun for example_short_circuit_operator to 2024-09-29 00:00:00+00:00, run_after=2024-09-30 00:00:00+00:00
[2024-09-30T16:40:46.055+0000] {processor.py:183} INFO - Processing /home/airflow/.local/lib/python3.12/site-packages/airflow/example_dags/example_short_circuit_operator.py took 0.236 seconds
[2024-09-30T16:41:16.189+0000] {processor.py:161} INFO - Started process (PID=4109) to work on /home/airflow/.local/lib/python3.12/site-packages/airflow/example_dags/example_short_circuit_operator.py
[2024-09-30T16:41:16.190+0000] {processor.py:830} INFO - Processing file /home/airflow/.local/lib/python3.12/site-packages/airflow/example_dags/example_short_circuit_operator.py for tasks to queue
[2024-09-30T16:41:16.191+0000] {logging_mixin.py:188} INFO - [2024-09-30T16:41:16.191+0000] {dagbag.py:540} INFO - Filling up the DagBag from /home/airflow/.local/lib/python3.12/site-packages/airflow/example_dags/example_short_circuit_operator.py
[2024-09-30T16:41:16.197+0000] {processor.py:840} INFO - DAG(s) 'example_short_circuit_operator' retrieved from /home/airflow/.local/lib/python3.12/site-packages/airflow/example_dags/example_short_circuit_operator.py
[2024-09-30T16:41:16.220+0000] {logging_mixin.py:188} INFO - [2024-09-30T16:41:16.220+0000] {dag.py:3096} INFO - Sync 1 DAGs
[2024-09-30T16:41:16.239+0000] {logging_mixin.py:188} INFO - [2024-09-30T16:41:16.238+0000] {dag.py:3954} INFO - Setting next_dagrun for example_short_circuit_operator to 2024-09-29 00:00:00+00:00, run_after=2024-09-30 00:00:00+00:00
[2024-09-30T16:41:16.257+0000] {processor.py:183} INFO - Processing /home/airflow/.local/lib/python3.12/site-packages/airflow/example_dags/example_short_circuit_operator.py took 0.073 seconds
[2024-09-30T16:41:46.959+0000] {processor.py:161} INFO - Started process (PID=4375) to work on /home/airflow/.local/lib/python3.12/site-packages/airflow/example_dags/example_short_circuit_operator.py
[2024-09-30T16:41:46.959+0000] {processor.py:830} INFO - Processing file /home/airflow/.local/lib/python3.12/site-packages/airflow/example_dags/example_short_circuit_operator.py for tasks to queue
[2024-09-30T16:41:46.961+0000] {logging_mixin.py:188} INFO - [2024-09-30T16:41:46.960+0000] {dagbag.py:540} INFO - Filling up the DagBag from /home/airflow/.local/lib/python3.12/site-packages/airflow/example_dags/example_short_circuit_operator.py
[2024-09-30T16:41:46.966+0000] {processor.py:840} INFO - DAG(s) 'example_short_circuit_operator' retrieved from /home/airflow/.local/lib/python3.12/site-packages/airflow/example_dags/example_short_circuit_operator.py
[2024-09-30T16:41:46.985+0000] {logging_mixin.py:188} INFO - [2024-09-30T16:41:46.985+0000] {dag.py:3096} INFO - Sync 1 DAGs
[2024-09-30T16:41:47.002+0000] {logging_mixin.py:188} INFO - [2024-09-30T16:41:47.002+0000] {dag.py:3954} INFO - Setting next_dagrun for example_short_circuit_operator to 2024-09-29 00:00:00+00:00, run_after=2024-09-30 00:00:00+00:00
[2024-09-30T16:41:47.022+0000] {processor.py:183} INFO - Processing /home/airflow/.local/lib/python3.12/site-packages/airflow/example_dags/example_short_circuit_operator.py took 0.068 seconds
[2024-09-30T16:42:17.191+0000] {processor.py:161} INFO - Started process (PID=4636) to work on /home/airflow/.local/lib/python3.12/site-packages/airflow/example_dags/example_short_circuit_operator.py
[2024-09-30T16:42:17.191+0000] {processor.py:830} INFO - Processing file /home/airflow/.local/lib/python3.12/site-packages/airflow/example_dags/example_short_circuit_operator.py for tasks to queue
[2024-09-30T16:42:17.193+0000] {logging_mixin.py:188} INFO - [2024-09-30T16:42:17.193+0000] {dagbag.py:540} INFO - Filling up the DagBag from /home/airflow/.local/lib/python3.12/site-packages/airflow/example_dags/example_short_circuit_operator.py
[2024-09-30T16:42:17.200+0000] {processor.py:840} INFO - DAG(s) 'example_short_circuit_operator' retrieved from /home/airflow/.local/lib/python3.12/site-packages/airflow/example_dags/example_short_circuit_operator.py
[2024-09-30T16:42:17.223+0000] {logging_mixin.py:188} INFO - [2024-09-30T16:42:17.223+0000] {dag.py:3096} INFO - Sync 1 DAGs
[2024-09-30T16:42:17.242+0000] {logging_mixin.py:188} INFO - [2024-09-30T16:42:17.242+0000] {dag.py:3954} INFO - Setting next_dagrun for example_short_circuit_operator to 2024-09-29 00:00:00+00:00, run_after=2024-09-30 00:00:00+00:00
[2024-09-30T16:42:17.260+0000] {processor.py:183} INFO - Processing /home/airflow/.local/lib/python3.12/site-packages/airflow/example_dags/example_short_circuit_operator.py took 0.076 seconds
[2024-09-30T16:42:48.191+0000] {processor.py:161} INFO - Started process (PID=4909) to work on /home/airflow/.local/lib/python3.12/site-packages/airflow/example_dags/example_short_circuit_operator.py
[2024-09-30T16:42:48.192+0000] {processor.py:830} INFO - Processing file /home/airflow/.local/lib/python3.12/site-packages/airflow/example_dags/example_short_circuit_operator.py for tasks to queue
[2024-09-30T16:42:48.193+0000] {logging_mixin.py:188} INFO - [2024-09-30T16:42:48.193+0000] {dagbag.py:540} INFO - Filling up the DagBag from /home/airflow/.local/lib/python3.12/site-packages/airflow/example_dags/example_short_circuit_operator.py
[2024-09-30T16:42:48.201+0000] {processor.py:840} INFO - DAG(s) 'example_short_circuit_operator' retrieved from /home/airflow/.local/lib/python3.12/site-packages/airflow/example_dags/example_short_circuit_operator.py
[2024-09-30T16:42:48.224+0000] {logging_mixin.py:188} INFO - [2024-09-30T16:42:48.223+0000] {dag.py:3096} INFO - Sync 1 DAGs
[2024-09-30T16:42:48.245+0000] {logging_mixin.py:188} INFO - [2024-09-30T16:42:48.244+0000] {dag.py:3954} INFO - Setting next_dagrun for example_short_circuit_operator to 2024-09-29 00:00:00+00:00, run_after=2024-09-30 00:00:00+00:00
[2024-09-30T16:42:48.275+0000] {processor.py:183} INFO - Processing /home/airflow/.local/lib/python3.12/site-packages/airflow/example_dags/example_short_circuit_operator.py took 0.090 seconds
[2024-09-30T16:43:18.842+0000] {processor.py:161} INFO - Started process (PID=5173) to work on /home/airflow/.local/lib/python3.12/site-packages/airflow/example_dags/example_short_circuit_operator.py
[2024-09-30T16:43:18.846+0000] {processor.py:830} INFO - Processing file /home/airflow/.local/lib/python3.12/site-packages/airflow/example_dags/example_short_circuit_operator.py for tasks to queue
[2024-09-30T16:43:18.849+0000] {logging_mixin.py:188} INFO - [2024-09-30T16:43:18.847+0000] {dagbag.py:540} INFO - Filling up the DagBag from /home/airflow/.local/lib/python3.12/site-packages/airflow/example_dags/example_short_circuit_operator.py
[2024-09-30T16:43:18.863+0000] {processor.py:840} INFO - DAG(s) 'example_short_circuit_operator' retrieved from /home/airflow/.local/lib/python3.12/site-packages/airflow/example_dags/example_short_circuit_operator.py
[2024-09-30T16:43:18.890+0000] {logging_mixin.py:188} INFO - [2024-09-30T16:43:18.890+0000] {dag.py:3096} INFO - Sync 1 DAGs
[2024-09-30T16:43:18.914+0000] {logging_mixin.py:188} INFO - [2024-09-30T16:43:18.914+0000] {dag.py:3954} INFO - Setting next_dagrun for example_short_circuit_operator to 2024-09-29 00:00:00+00:00, run_after=2024-09-30 00:00:00+00:00
[2024-09-30T16:43:18.936+0000] {processor.py:183} INFO - Processing /home/airflow/.local/lib/python3.12/site-packages/airflow/example_dags/example_short_circuit_operator.py took 0.102 seconds
[2024-09-30T16:43:49.382+0000] {processor.py:161} INFO - Started process (PID=5439) to work on /home/airflow/.local/lib/python3.12/site-packages/airflow/example_dags/example_short_circuit_operator.py
[2024-09-30T16:43:49.382+0000] {processor.py:830} INFO - Processing file /home/airflow/.local/lib/python3.12/site-packages/airflow/example_dags/example_short_circuit_operator.py for tasks to queue
[2024-09-30T16:43:49.383+0000] {logging_mixin.py:188} INFO - [2024-09-30T16:43:49.383+0000] {dagbag.py:540} INFO - Filling up the DagBag from /home/airflow/.local/lib/python3.12/site-packages/airflow/example_dags/example_short_circuit_operator.py
[2024-09-30T16:43:49.389+0000] {processor.py:840} INFO - DAG(s) 'example_short_circuit_operator' retrieved from /home/airflow/.local/lib/python3.12/site-packages/airflow/example_dags/example_short_circuit_operator.py
[2024-09-30T16:43:49.407+0000] {logging_mixin.py:188} INFO - [2024-09-30T16:43:49.407+0000] {dag.py:3096} INFO - Sync 1 DAGs
[2024-09-30T16:43:49.425+0000] {logging_mixin.py:188} INFO - [2024-09-30T16:43:49.424+0000] {dag.py:3954} INFO - Setting next_dagrun for example_short_circuit_operator to 2024-09-29 00:00:00+00:00, run_after=2024-09-30 00:00:00+00:00
[2024-09-30T16:43:49.447+0000] {processor.py:183} INFO - Processing /home/airflow/.local/lib/python3.12/site-packages/airflow/example_dags/example_short_circuit_operator.py took 0.069 seconds
[2024-09-30T16:44:19.914+0000] {processor.py:161} INFO - Started process (PID=5705) to work on /home/airflow/.local/lib/python3.12/site-packages/airflow/example_dags/example_short_circuit_operator.py
[2024-09-30T16:44:19.914+0000] {processor.py:830} INFO - Processing file /home/airflow/.local/lib/python3.12/site-packages/airflow/example_dags/example_short_circuit_operator.py for tasks to queue
[2024-09-30T16:44:19.916+0000] {logging_mixin.py:188} INFO - [2024-09-30T16:44:19.916+0000] {dagbag.py:540} INFO - Filling up the DagBag from /home/airflow/.local/lib/python3.12/site-packages/airflow/example_dags/example_short_circuit_operator.py
[2024-09-30T16:44:19.922+0000] {processor.py:840} INFO - DAG(s) 'example_short_circuit_operator' retrieved from /home/airflow/.local/lib/python3.12/site-packages/airflow/example_dags/example_short_circuit_operator.py
[2024-09-30T16:44:19.942+0000] {logging_mixin.py:188} INFO - [2024-09-30T16:44:19.941+0000] {dag.py:3096} INFO - Sync 1 DAGs
[2024-09-30T16:44:19.960+0000] {logging_mixin.py:188} INFO - [2024-09-30T16:44:19.960+0000] {dag.py:3954} INFO - Setting next_dagrun for example_short_circuit_operator to 2024-09-29 00:00:00+00:00, run_after=2024-09-30 00:00:00+00:00
[2024-09-30T16:44:19.981+0000] {processor.py:183} INFO - Processing /home/airflow/.local/lib/python3.12/site-packages/airflow/example_dags/example_short_circuit_operator.py took 0.072 seconds
[2024-09-30T16:44:50.372+0000] {processor.py:161} INFO - Started process (PID=5971) to work on /home/airflow/.local/lib/python3.12/site-packages/airflow/example_dags/example_short_circuit_operator.py
[2024-09-30T16:44:50.372+0000] {processor.py:830} INFO - Processing file /home/airflow/.local/lib/python3.12/site-packages/airflow/example_dags/example_short_circuit_operator.py for tasks to queue
[2024-09-30T16:44:50.374+0000] {logging_mixin.py:188} INFO - [2024-09-30T16:44:50.373+0000] {dagbag.py:540} INFO - Filling up the DagBag from /home/airflow/.local/lib/python3.12/site-packages/airflow/example_dags/example_short_circuit_operator.py
[2024-09-30T16:44:50.380+0000] {processor.py:840} INFO - DAG(s) 'example_short_circuit_operator' retrieved from /home/airflow/.local/lib/python3.12/site-packages/airflow/example_dags/example_short_circuit_operator.py
[2024-09-30T16:44:50.398+0000] {logging_mixin.py:188} INFO - [2024-09-30T16:44:50.398+0000] {dag.py:3096} INFO - Sync 1 DAGs
[2024-09-30T16:44:50.417+0000] {logging_mixin.py:188} INFO - [2024-09-30T16:44:50.417+0000] {dag.py:3954} INFO - Setting next_dagrun for example_short_circuit_operator to 2024-09-29 00:00:00+00:00, run_after=2024-09-30 00:00:00+00:00
[2024-09-30T16:44:50.454+0000] {processor.py:183} INFO - Processing /home/airflow/.local/lib/python3.12/site-packages/airflow/example_dags/example_short_circuit_operator.py took 0.087 seconds
[2024-09-30T16:45:20.941+0000] {processor.py:161} INFO - Started process (PID=6237) to work on /home/airflow/.local/lib/python3.12/site-packages/airflow/example_dags/example_short_circuit_operator.py
[2024-09-30T16:45:20.941+0000] {processor.py:830} INFO - Processing file /home/airflow/.local/lib/python3.12/site-packages/airflow/example_dags/example_short_circuit_operator.py for tasks to queue
[2024-09-30T16:45:20.942+0000] {logging_mixin.py:188} INFO - [2024-09-30T16:45:20.942+0000] {dagbag.py:540} INFO - Filling up the DagBag from /home/airflow/.local/lib/python3.12/site-packages/airflow/example_dags/example_short_circuit_operator.py
[2024-09-30T16:45:20.948+0000] {processor.py:840} INFO - DAG(s) 'example_short_circuit_operator' retrieved from /home/airflow/.local/lib/python3.12/site-packages/airflow/example_dags/example_short_circuit_operator.py
[2024-09-30T16:45:20.968+0000] {logging_mixin.py:188} INFO - [2024-09-30T16:45:20.968+0000] {dag.py:3096} INFO - Sync 1 DAGs
[2024-09-30T16:45:20.988+0000] {logging_mixin.py:188} INFO - [2024-09-30T16:45:20.988+0000] {dag.py:3954} INFO - Setting next_dagrun for example_short_circuit_operator to 2024-09-29 00:00:00+00:00, run_after=2024-09-30 00:00:00+00:00
[2024-09-30T16:45:21.008+0000] {processor.py:183} INFO - Processing /home/airflow/.local/lib/python3.12/site-packages/airflow/example_dags/example_short_circuit_operator.py took 0.072 seconds
[2024-09-30T16:45:51.436+0000] {processor.py:161} INFO - Started process (PID=6503) to work on /home/airflow/.local/lib/python3.12/site-packages/airflow/example_dags/example_short_circuit_operator.py
[2024-09-30T16:45:51.437+0000] {processor.py:830} INFO - Processing file /home/airflow/.local/lib/python3.12/site-packages/airflow/example_dags/example_short_circuit_operator.py for tasks to queue
[2024-09-30T16:45:51.438+0000] {logging_mixin.py:188} INFO - [2024-09-30T16:45:51.438+0000] {dagbag.py:540} INFO - Filling up the DagBag from /home/airflow/.local/lib/python3.12/site-packages/airflow/example_dags/example_short_circuit_operator.py
[2024-09-30T16:45:51.445+0000] {processor.py:840} INFO - DAG(s) 'example_short_circuit_operator' retrieved from /home/airflow/.local/lib/python3.12/site-packages/airflow/example_dags/example_short_circuit_operator.py
[2024-09-30T16:45:51.462+0000] {logging_mixin.py:188} INFO - [2024-09-30T16:45:51.462+0000] {dag.py:3096} INFO - Sync 1 DAGs
[2024-09-30T16:45:51.479+0000] {logging_mixin.py:188} INFO - [2024-09-30T16:45:51.479+0000] {dag.py:3954} INFO - Setting next_dagrun for example_short_circuit_operator to 2024-09-29 00:00:00+00:00, run_after=2024-09-30 00:00:00+00:00
[2024-09-30T16:45:51.496+0000] {processor.py:183} INFO - Processing /home/airflow/.local/lib/python3.12/site-packages/airflow/example_dags/example_short_circuit_operator.py took 0.064 seconds
[2024-09-30T16:46:22.318+0000] {processor.py:161} INFO - Started process (PID=6769) to work on /home/airflow/.local/lib/python3.12/site-packages/airflow/example_dags/example_short_circuit_operator.py
[2024-09-30T16:46:22.319+0000] {processor.py:830} INFO - Processing file /home/airflow/.local/lib/python3.12/site-packages/airflow/example_dags/example_short_circuit_operator.py for tasks to queue
[2024-09-30T16:46:22.321+0000] {logging_mixin.py:188} INFO - [2024-09-30T16:46:22.321+0000] {dagbag.py:540} INFO - Filling up the DagBag from /home/airflow/.local/lib/python3.12/site-packages/airflow/example_dags/example_short_circuit_operator.py
[2024-09-30T16:46:22.330+0000] {processor.py:840} INFO - DAG(s) 'example_short_circuit_operator' retrieved from /home/airflow/.local/lib/python3.12/site-packages/airflow/example_dags/example_short_circuit_operator.py
[2024-09-30T16:46:22.359+0000] {logging_mixin.py:188} INFO - [2024-09-30T16:46:22.359+0000] {dag.py:3096} INFO - Sync 1 DAGs
[2024-09-30T16:46:22.386+0000] {logging_mixin.py:188} INFO - [2024-09-30T16:46:22.386+0000] {dag.py:3954} INFO - Setting next_dagrun for example_short_circuit_operator to 2024-09-29 00:00:00+00:00, run_after=2024-09-30 00:00:00+00:00
[2024-09-30T16:46:22.419+0000] {processor.py:183} INFO - Processing /home/airflow/.local/lib/python3.12/site-packages/airflow/example_dags/example_short_circuit_operator.py took 0.107 seconds
[2024-09-30T16:46:52.877+0000] {processor.py:161} INFO - Started process (PID=7035) to work on /home/airflow/.local/lib/python3.12/site-packages/airflow/example_dags/example_short_circuit_operator.py
[2024-09-30T16:46:52.877+0000] {processor.py:830} INFO - Processing file /home/airflow/.local/lib/python3.12/site-packages/airflow/example_dags/example_short_circuit_operator.py for tasks to queue
[2024-09-30T16:46:52.878+0000] {logging_mixin.py:188} INFO - [2024-09-30T16:46:52.878+0000] {dagbag.py:540} INFO - Filling up the DagBag from /home/airflow/.local/lib/python3.12/site-packages/airflow/example_dags/example_short_circuit_operator.py
[2024-09-30T16:46:52.884+0000] {processor.py:840} INFO - DAG(s) 'example_short_circuit_operator' retrieved from /home/airflow/.local/lib/python3.12/site-packages/airflow/example_dags/example_short_circuit_operator.py
[2024-09-30T16:46:52.904+0000] {logging_mixin.py:188} INFO - [2024-09-30T16:46:52.903+0000] {dag.py:3096} INFO - Sync 1 DAGs
[2024-09-30T16:46:52.925+0000] {logging_mixin.py:188} INFO - [2024-09-30T16:46:52.925+0000] {dag.py:3954} INFO - Setting next_dagrun for example_short_circuit_operator to 2024-09-29 00:00:00+00:00, run_after=2024-09-30 00:00:00+00:00
[2024-09-30T16:46:52.944+0000] {processor.py:183} INFO - Processing /home/airflow/.local/lib/python3.12/site-packages/airflow/example_dags/example_short_circuit_operator.py took 0.071 seconds
[2024-09-30T16:47:23.714+0000] {processor.py:161} INFO - Started process (PID=7301) to work on /home/airflow/.local/lib/python3.12/site-packages/airflow/example_dags/example_short_circuit_operator.py
[2024-09-30T16:47:23.718+0000] {processor.py:830} INFO - Processing file /home/airflow/.local/lib/python3.12/site-packages/airflow/example_dags/example_short_circuit_operator.py for tasks to queue
[2024-09-30T16:47:23.720+0000] {logging_mixin.py:188} INFO - [2024-09-30T16:47:23.719+0000] {dagbag.py:540} INFO - Filling up the DagBag from /home/airflow/.local/lib/python3.12/site-packages/airflow/example_dags/example_short_circuit_operator.py
[2024-09-30T16:47:23.731+0000] {processor.py:840} INFO - DAG(s) 'example_short_circuit_operator' retrieved from /home/airflow/.local/lib/python3.12/site-packages/airflow/example_dags/example_short_circuit_operator.py
[2024-09-30T16:47:23.763+0000] {logging_mixin.py:188} INFO - [2024-09-30T16:47:23.762+0000] {dag.py:3096} INFO - Sync 1 DAGs
[2024-09-30T16:47:23.799+0000] {logging_mixin.py:188} INFO - [2024-09-30T16:47:23.799+0000] {dag.py:3954} INFO - Setting next_dagrun for example_short_circuit_operator to 2024-09-29 00:00:00+00:00, run_after=2024-09-30 00:00:00+00:00
[2024-09-30T16:47:23.842+0000] {processor.py:183} INFO - Processing /home/airflow/.local/lib/python3.12/site-packages/airflow/example_dags/example_short_circuit_operator.py took 0.140 seconds
[2024-09-30T16:47:54.348+0000] {processor.py:161} INFO - Started process (PID=7567) to work on /home/airflow/.local/lib/python3.12/site-packages/airflow/example_dags/example_short_circuit_operator.py
[2024-09-30T16:47:54.349+0000] {processor.py:830} INFO - Processing file /home/airflow/.local/lib/python3.12/site-packages/airflow/example_dags/example_short_circuit_operator.py for tasks to queue
[2024-09-30T16:47:54.350+0000] {logging_mixin.py:188} INFO - [2024-09-30T16:47:54.350+0000] {dagbag.py:540} INFO - Filling up the DagBag from /home/airflow/.local/lib/python3.12/site-packages/airflow/example_dags/example_short_circuit_operator.py
[2024-09-30T16:47:54.358+0000] {processor.py:840} INFO - DAG(s) 'example_short_circuit_operator' retrieved from /home/airflow/.local/lib/python3.12/site-packages/airflow/example_dags/example_short_circuit_operator.py
[2024-09-30T16:47:54.383+0000] {logging_mixin.py:188} INFO - [2024-09-30T16:47:54.382+0000] {dag.py:3096} INFO - Sync 1 DAGs
[2024-09-30T16:47:54.404+0000] {logging_mixin.py:188} INFO - [2024-09-30T16:47:54.404+0000] {dag.py:3954} INFO - Setting next_dagrun for example_short_circuit_operator to 2024-09-29 00:00:00+00:00, run_after=2024-09-30 00:00:00+00:00
[2024-09-30T16:47:54.440+0000] {processor.py:183} INFO - Processing /home/airflow/.local/lib/python3.12/site-packages/airflow/example_dags/example_short_circuit_operator.py took 0.098 seconds
