[2024-09-30T16:34:05.450+0000] {processor.py:161} INFO - Started process (PID=393) to work on /home/airflow/.local/lib/python3.12/site-packages/airflow/example_dags/example_branch_operator.py
[2024-09-30T16:34:05.450+0000] {processor.py:830} INFO - Processing file /home/airflow/.local/lib/python3.12/site-packages/airflow/example_dags/example_branch_operator.py for tasks to queue
[2024-09-30T16:34:05.452+0000] {logging_mixin.py:188} INFO - [2024-09-30T16:34:05.452+0000] {dagbag.py:540} INFO - Filling up the DagBag from /home/airflow/.local/lib/python3.12/site-packages/airflow/example_dags/example_branch_operator.py
[2024-09-30T16:34:05.468+0000] {processor.py:840} INFO - DAG(s) 'example_branch_operator' retrieved from /home/airflow/.local/lib/python3.12/site-packages/airflow/example_dags/example_branch_operator.py
[2024-09-30T16:34:05.590+0000] {logging_mixin.py:188} INFO - [2024-09-30T16:34:05.590+0000] {dag.py:3096} INFO - Sync 1 DAGs
[2024-09-30T16:34:05.615+0000] {logging_mixin.py:188} INFO - [2024-09-30T16:34:05.615+0000] {dag.py:3954} INFO - Setting next_dagrun for example_branch_operator to 2024-09-29 00:00:00+00:00, run_after=2024-09-30 00:00:00+00:00
[2024-09-30T16:34:05.639+0000] {processor.py:183} INFO - Processing /home/airflow/.local/lib/python3.12/site-packages/airflow/example_dags/example_branch_operator.py took 0.194 seconds
[2024-09-30T16:34:38.331+0000] {processor.py:161} INFO - Started process (PID=659) to work on /home/airflow/.local/lib/python3.12/site-packages/airflow/example_dags/example_branch_operator.py
[2024-09-30T16:34:38.332+0000] {processor.py:830} INFO - Processing file /home/airflow/.local/lib/python3.12/site-packages/airflow/example_dags/example_branch_operator.py for tasks to queue
[2024-09-30T16:34:38.334+0000] {logging_mixin.py:188} INFO - [2024-09-30T16:34:38.333+0000] {dagbag.py:540} INFO - Filling up the DagBag from /home/airflow/.local/lib/python3.12/site-packages/airflow/example_dags/example_branch_operator.py
[2024-09-30T16:34:38.352+0000] {processor.py:840} INFO - DAG(s) 'example_branch_operator' retrieved from /home/airflow/.local/lib/python3.12/site-packages/airflow/example_dags/example_branch_operator.py
[2024-09-30T16:34:38.385+0000] {logging_mixin.py:188} INFO - [2024-09-30T16:34:38.385+0000] {dag.py:3096} INFO - Sync 1 DAGs
[2024-09-30T16:34:38.413+0000] {logging_mixin.py:188} INFO - [2024-09-30T16:34:38.413+0000] {dag.py:3954} INFO - Setting next_dagrun for example_branch_operator to 2024-09-29 00:00:00+00:00, run_after=2024-09-30 00:00:00+00:00
[2024-09-30T16:34:38.435+0000] {processor.py:183} INFO - Processing /home/airflow/.local/lib/python3.12/site-packages/airflow/example_dags/example_branch_operator.py took 0.111 seconds
[2024-09-30T16:35:08.672+0000] {processor.py:161} INFO - Started process (PID=925) to work on /home/airflow/.local/lib/python3.12/site-packages/airflow/example_dags/example_branch_operator.py
[2024-09-30T16:35:08.673+0000] {processor.py:830} INFO - Processing file /home/airflow/.local/lib/python3.12/site-packages/airflow/example_dags/example_branch_operator.py for tasks to queue
[2024-09-30T16:35:08.675+0000] {logging_mixin.py:188} INFO - [2024-09-30T16:35:08.674+0000] {dagbag.py:540} INFO - Filling up the DagBag from /home/airflow/.local/lib/python3.12/site-packages/airflow/example_dags/example_branch_operator.py
[2024-09-30T16:35:08.688+0000] {processor.py:840} INFO - DAG(s) 'example_branch_operator' retrieved from /home/airflow/.local/lib/python3.12/site-packages/airflow/example_dags/example_branch_operator.py
[2024-09-30T16:35:08.710+0000] {logging_mixin.py:188} INFO - [2024-09-30T16:35:08.710+0000] {dag.py:3096} INFO - Sync 1 DAGs
[2024-09-30T16:35:08.728+0000] {logging_mixin.py:188} INFO - [2024-09-30T16:35:08.728+0000] {dag.py:3954} INFO - Setting next_dagrun for example_branch_operator to 2024-09-29 00:00:00+00:00, run_after=2024-09-30 00:00:00+00:00
[2024-09-30T16:35:08.748+0000] {processor.py:183} INFO - Processing /home/airflow/.local/lib/python3.12/site-packages/airflow/example_dags/example_branch_operator.py took 0.081 seconds
[2024-09-30T16:35:39.516+0000] {processor.py:161} INFO - Started process (PID=1191) to work on /home/airflow/.local/lib/python3.12/site-packages/airflow/example_dags/example_branch_operator.py
[2024-09-30T16:35:39.517+0000] {processor.py:830} INFO - Processing file /home/airflow/.local/lib/python3.12/site-packages/airflow/example_dags/example_branch_operator.py for tasks to queue
[2024-09-30T16:35:39.518+0000] {logging_mixin.py:188} INFO - [2024-09-30T16:35:39.518+0000] {dagbag.py:540} INFO - Filling up the DagBag from /home/airflow/.local/lib/python3.12/site-packages/airflow/example_dags/example_branch_operator.py
[2024-09-30T16:35:39.532+0000] {processor.py:840} INFO - DAG(s) 'example_branch_operator' retrieved from /home/airflow/.local/lib/python3.12/site-packages/airflow/example_dags/example_branch_operator.py
[2024-09-30T16:35:39.558+0000] {logging_mixin.py:188} INFO - [2024-09-30T16:35:39.557+0000] {dag.py:3096} INFO - Sync 1 DAGs
[2024-09-30T16:35:39.580+0000] {logging_mixin.py:188} INFO - [2024-09-30T16:35:39.580+0000] {dag.py:3954} INFO - Setting next_dagrun for example_branch_operator to 2024-09-29 00:00:00+00:00, run_after=2024-09-30 00:00:00+00:00
[2024-09-30T16:35:39.604+0000] {processor.py:183} INFO - Processing /home/airflow/.local/lib/python3.12/site-packages/airflow/example_dags/example_branch_operator.py took 0.094 seconds
[2024-09-30T16:36:10.568+0000] {processor.py:161} INFO - Started process (PID=1457) to work on /home/airflow/.local/lib/python3.12/site-packages/airflow/example_dags/example_branch_operator.py
[2024-09-30T16:36:10.568+0000] {processor.py:830} INFO - Processing file /home/airflow/.local/lib/python3.12/site-packages/airflow/example_dags/example_branch_operator.py for tasks to queue
[2024-09-30T16:36:10.570+0000] {logging_mixin.py:188} INFO - [2024-09-30T16:36:10.569+0000] {dagbag.py:540} INFO - Filling up the DagBag from /home/airflow/.local/lib/python3.12/site-packages/airflow/example_dags/example_branch_operator.py
[2024-09-30T16:36:10.583+0000] {processor.py:840} INFO - DAG(s) 'example_branch_operator' retrieved from /home/airflow/.local/lib/python3.12/site-packages/airflow/example_dags/example_branch_operator.py
[2024-09-30T16:36:10.607+0000] {logging_mixin.py:188} INFO - [2024-09-30T16:36:10.606+0000] {dag.py:3096} INFO - Sync 1 DAGs
[2024-09-30T16:36:10.627+0000] {logging_mixin.py:188} INFO - [2024-09-30T16:36:10.627+0000] {dag.py:3954} INFO - Setting next_dagrun for example_branch_operator to 2024-09-29 00:00:00+00:00, run_after=2024-09-30 00:00:00+00:00
[2024-09-30T16:36:10.650+0000] {processor.py:183} INFO - Processing /home/airflow/.local/lib/python3.12/site-packages/airflow/example_dags/example_branch_operator.py took 0.086 seconds
[2024-09-30T16:36:41.237+0000] {processor.py:161} INFO - Started process (PID=1780) to work on /home/airflow/.local/lib/python3.12/site-packages/airflow/example_dags/example_branch_operator.py
[2024-09-30T16:36:41.237+0000] {processor.py:830} INFO - Processing file /home/airflow/.local/lib/python3.12/site-packages/airflow/example_dags/example_branch_operator.py for tasks to queue
[2024-09-30T16:36:41.239+0000] {logging_mixin.py:188} INFO - [2024-09-30T16:36:41.238+0000] {dagbag.py:540} INFO - Filling up the DagBag from /home/airflow/.local/lib/python3.12/site-packages/airflow/example_dags/example_branch_operator.py
[2024-09-30T16:36:41.252+0000] {processor.py:840} INFO - DAG(s) 'example_branch_operator' retrieved from /home/airflow/.local/lib/python3.12/site-packages/airflow/example_dags/example_branch_operator.py
[2024-09-30T16:36:41.283+0000] {logging_mixin.py:188} INFO - [2024-09-30T16:36:41.282+0000] {dag.py:3096} INFO - Sync 1 DAGs
[2024-09-30T16:36:41.302+0000] {logging_mixin.py:188} INFO - [2024-09-30T16:36:41.302+0000] {dag.py:3954} INFO - Setting next_dagrun for example_branch_operator to 2024-09-29 00:00:00+00:00, run_after=2024-09-30 00:00:00+00:00
[2024-09-30T16:36:41.321+0000] {processor.py:183} INFO - Processing /home/airflow/.local/lib/python3.12/site-packages/airflow/example_dags/example_branch_operator.py took 0.088 seconds
[2024-09-30T16:37:11.824+0000] {processor.py:161} INFO - Started process (PID=2046) to work on /home/airflow/.local/lib/python3.12/site-packages/airflow/example_dags/example_branch_operator.py
[2024-09-30T16:37:11.825+0000] {processor.py:830} INFO - Processing file /home/airflow/.local/lib/python3.12/site-packages/airflow/example_dags/example_branch_operator.py for tasks to queue
[2024-09-30T16:37:11.826+0000] {logging_mixin.py:188} INFO - [2024-09-30T16:37:11.826+0000] {dagbag.py:540} INFO - Filling up the DagBag from /home/airflow/.local/lib/python3.12/site-packages/airflow/example_dags/example_branch_operator.py
[2024-09-30T16:37:11.840+0000] {processor.py:840} INFO - DAG(s) 'example_branch_operator' retrieved from /home/airflow/.local/lib/python3.12/site-packages/airflow/example_dags/example_branch_operator.py
[2024-09-30T16:37:11.865+0000] {logging_mixin.py:188} INFO - [2024-09-30T16:37:11.865+0000] {dag.py:3096} INFO - Sync 1 DAGs
[2024-09-30T16:37:11.887+0000] {logging_mixin.py:188} INFO - [2024-09-30T16:37:11.887+0000] {dag.py:3954} INFO - Setting next_dagrun for example_branch_operator to 2024-09-29 00:00:00+00:00, run_after=2024-09-30 00:00:00+00:00
[2024-09-30T16:37:11.907+0000] {processor.py:183} INFO - Processing /home/airflow/.local/lib/python3.12/site-packages/airflow/example_dags/example_branch_operator.py took 0.088 seconds
[2024-09-30T16:37:42.545+0000] {processor.py:161} INFO - Started process (PID=2312) to work on /home/airflow/.local/lib/python3.12/site-packages/airflow/example_dags/example_branch_operator.py
[2024-09-30T16:37:42.546+0000] {processor.py:830} INFO - Processing file /home/airflow/.local/lib/python3.12/site-packages/airflow/example_dags/example_branch_operator.py for tasks to queue
[2024-09-30T16:37:42.547+0000] {logging_mixin.py:188} INFO - [2024-09-30T16:37:42.547+0000] {dagbag.py:540} INFO - Filling up the DagBag from /home/airflow/.local/lib/python3.12/site-packages/airflow/example_dags/example_branch_operator.py
[2024-09-30T16:37:42.564+0000] {processor.py:840} INFO - DAG(s) 'example_branch_operator' retrieved from /home/airflow/.local/lib/python3.12/site-packages/airflow/example_dags/example_branch_operator.py
[2024-09-30T16:37:42.593+0000] {logging_mixin.py:188} INFO - [2024-09-30T16:37:42.593+0000] {dag.py:3096} INFO - Sync 1 DAGs
[2024-09-30T16:37:42.613+0000] {logging_mixin.py:188} INFO - [2024-09-30T16:37:42.613+0000] {dag.py:3954} INFO - Setting next_dagrun for example_branch_operator to 2024-09-29 00:00:00+00:00, run_after=2024-09-30 00:00:00+00:00
[2024-09-30T16:37:42.630+0000] {processor.py:183} INFO - Processing /home/airflow/.local/lib/python3.12/site-packages/airflow/example_dags/example_branch_operator.py took 0.091 seconds
[2024-09-30T16:38:13.233+0000] {processor.py:161} INFO - Started process (PID=2578) to work on /home/airflow/.local/lib/python3.12/site-packages/airflow/example_dags/example_branch_operator.py
[2024-09-30T16:38:13.234+0000] {processor.py:830} INFO - Processing file /home/airflow/.local/lib/python3.12/site-packages/airflow/example_dags/example_branch_operator.py for tasks to queue
[2024-09-30T16:38:13.235+0000] {logging_mixin.py:188} INFO - [2024-09-30T16:38:13.235+0000] {dagbag.py:540} INFO - Filling up the DagBag from /home/airflow/.local/lib/python3.12/site-packages/airflow/example_dags/example_branch_operator.py
[2024-09-30T16:38:13.250+0000] {processor.py:840} INFO - DAG(s) 'example_branch_operator' retrieved from /home/airflow/.local/lib/python3.12/site-packages/airflow/example_dags/example_branch_operator.py
[2024-09-30T16:38:13.272+0000] {logging_mixin.py:188} INFO - [2024-09-30T16:38:13.272+0000] {dag.py:3096} INFO - Sync 1 DAGs
[2024-09-30T16:38:13.289+0000] {logging_mixin.py:188} INFO - [2024-09-30T16:38:13.289+0000] {dag.py:3954} INFO - Setting next_dagrun for example_branch_operator to 2024-09-29 00:00:00+00:00, run_after=2024-09-30 00:00:00+00:00
[2024-09-30T16:38:13.311+0000] {processor.py:183} INFO - Processing /home/airflow/.local/lib/python3.12/site-packages/airflow/example_dags/example_branch_operator.py took 0.082 seconds
[2024-09-30T16:38:43.736+0000] {processor.py:161} INFO - Started process (PID=2844) to work on /home/airflow/.local/lib/python3.12/site-packages/airflow/example_dags/example_branch_operator.py
[2024-09-30T16:38:43.736+0000] {processor.py:830} INFO - Processing file /home/airflow/.local/lib/python3.12/site-packages/airflow/example_dags/example_branch_operator.py for tasks to queue
[2024-09-30T16:38:43.737+0000] {logging_mixin.py:188} INFO - [2024-09-30T16:38:43.737+0000] {dagbag.py:540} INFO - Filling up the DagBag from /home/airflow/.local/lib/python3.12/site-packages/airflow/example_dags/example_branch_operator.py
[2024-09-30T16:38:43.751+0000] {processor.py:840} INFO - DAG(s) 'example_branch_operator' retrieved from /home/airflow/.local/lib/python3.12/site-packages/airflow/example_dags/example_branch_operator.py
[2024-09-30T16:38:43.773+0000] {logging_mixin.py:188} INFO - [2024-09-30T16:38:43.772+0000] {dag.py:3096} INFO - Sync 1 DAGs
[2024-09-30T16:38:43.792+0000] {logging_mixin.py:188} INFO - [2024-09-30T16:38:43.792+0000] {dag.py:3954} INFO - Setting next_dagrun for example_branch_operator to 2024-09-29 00:00:00+00:00, run_after=2024-09-30 00:00:00+00:00
[2024-09-30T16:38:43.810+0000] {processor.py:183} INFO - Processing /home/airflow/.local/lib/python3.12/site-packages/airflow/example_dags/example_branch_operator.py took 0.079 seconds
[2024-09-30T16:39:14.378+0000] {processor.py:161} INFO - Started process (PID=3112) to work on /home/airflow/.local/lib/python3.12/site-packages/airflow/example_dags/example_branch_operator.py
[2024-09-30T16:39:14.379+0000] {processor.py:830} INFO - Processing file /home/airflow/.local/lib/python3.12/site-packages/airflow/example_dags/example_branch_operator.py for tasks to queue
[2024-09-30T16:39:14.380+0000] {logging_mixin.py:188} INFO - [2024-09-30T16:39:14.380+0000] {dagbag.py:540} INFO - Filling up the DagBag from /home/airflow/.local/lib/python3.12/site-packages/airflow/example_dags/example_branch_operator.py
[2024-09-30T16:39:14.398+0000] {processor.py:840} INFO - DAG(s) 'example_branch_operator' retrieved from /home/airflow/.local/lib/python3.12/site-packages/airflow/example_dags/example_branch_operator.py
[2024-09-30T16:39:14.421+0000] {logging_mixin.py:188} INFO - [2024-09-30T16:39:14.420+0000] {dag.py:3096} INFO - Sync 1 DAGs
[2024-09-30T16:39:14.437+0000] {logging_mixin.py:188} INFO - [2024-09-30T16:39:14.437+0000] {dag.py:3954} INFO - Setting next_dagrun for example_branch_operator to 2024-09-29 00:00:00+00:00, run_after=2024-09-30 00:00:00+00:00
[2024-09-30T16:39:14.458+0000] {processor.py:183} INFO - Processing /home/airflow/.local/lib/python3.12/site-packages/airflow/example_dags/example_branch_operator.py took 0.085 seconds
[2024-09-30T16:39:45.100+0000] {processor.py:161} INFO - Started process (PID=3376) to work on /home/airflow/.local/lib/python3.12/site-packages/airflow/example_dags/example_branch_operator.py
[2024-09-30T16:39:45.100+0000] {processor.py:830} INFO - Processing file /home/airflow/.local/lib/python3.12/site-packages/airflow/example_dags/example_branch_operator.py for tasks to queue
[2024-09-30T16:39:45.102+0000] {logging_mixin.py:188} INFO - [2024-09-30T16:39:45.102+0000] {dagbag.py:540} INFO - Filling up the DagBag from /home/airflow/.local/lib/python3.12/site-packages/airflow/example_dags/example_branch_operator.py
[2024-09-30T16:39:45.116+0000] {processor.py:840} INFO - DAG(s) 'example_branch_operator' retrieved from /home/airflow/.local/lib/python3.12/site-packages/airflow/example_dags/example_branch_operator.py
[2024-09-30T16:39:45.138+0000] {logging_mixin.py:188} INFO - [2024-09-30T16:39:45.138+0000] {dag.py:3096} INFO - Sync 1 DAGs
[2024-09-30T16:39:45.156+0000] {logging_mixin.py:188} INFO - [2024-09-30T16:39:45.156+0000] {dag.py:3954} INFO - Setting next_dagrun for example_branch_operator to 2024-09-29 00:00:00+00:00, run_after=2024-09-30 00:00:00+00:00
[2024-09-30T16:39:45.173+0000] {processor.py:183} INFO - Processing /home/airflow/.local/lib/python3.12/site-packages/airflow/example_dags/example_branch_operator.py took 0.080 seconds
[2024-09-30T16:40:16.173+0000] {processor.py:161} INFO - Started process (PID=3644) to work on /home/airflow/.local/lib/python3.12/site-packages/airflow/example_dags/example_branch_operator.py
[2024-09-30T16:40:16.174+0000] {processor.py:830} INFO - Processing file /home/airflow/.local/lib/python3.12/site-packages/airflow/example_dags/example_branch_operator.py for tasks to queue
[2024-09-30T16:40:16.175+0000] {logging_mixin.py:188} INFO - [2024-09-30T16:40:16.175+0000] {dagbag.py:540} INFO - Filling up the DagBag from /home/airflow/.local/lib/python3.12/site-packages/airflow/example_dags/example_branch_operator.py
[2024-09-30T16:40:16.194+0000] {processor.py:840} INFO - DAG(s) 'example_branch_operator' retrieved from /home/airflow/.local/lib/python3.12/site-packages/airflow/example_dags/example_branch_operator.py
[2024-09-30T16:40:16.216+0000] {logging_mixin.py:188} INFO - [2024-09-30T16:40:16.216+0000] {dag.py:3096} INFO - Sync 1 DAGs
[2024-09-30T16:40:16.235+0000] {logging_mixin.py:188} INFO - [2024-09-30T16:40:16.235+0000] {dag.py:3954} INFO - Setting next_dagrun for example_branch_operator to 2024-09-29 00:00:00+00:00, run_after=2024-09-30 00:00:00+00:00
[2024-09-30T16:40:16.253+0000] {processor.py:183} INFO - Processing /home/airflow/.local/lib/python3.12/site-packages/airflow/example_dags/example_branch_operator.py took 0.085 seconds
[2024-09-30T16:40:46.741+0000] {processor.py:161} INFO - Started process (PID=3908) to work on /home/airflow/.local/lib/python3.12/site-packages/airflow/example_dags/example_branch_operator.py
[2024-09-30T16:40:46.742+0000] {processor.py:830} INFO - Processing file /home/airflow/.local/lib/python3.12/site-packages/airflow/example_dags/example_branch_operator.py for tasks to queue
[2024-09-30T16:40:46.744+0000] {logging_mixin.py:188} INFO - [2024-09-30T16:40:46.744+0000] {dagbag.py:540} INFO - Filling up the DagBag from /home/airflow/.local/lib/python3.12/site-packages/airflow/example_dags/example_branch_operator.py
[2024-09-30T16:40:46.759+0000] {processor.py:840} INFO - DAG(s) 'example_branch_operator' retrieved from /home/airflow/.local/lib/python3.12/site-packages/airflow/example_dags/example_branch_operator.py
[2024-09-30T16:40:46.783+0000] {logging_mixin.py:188} INFO - [2024-09-30T16:40:46.783+0000] {dag.py:3096} INFO - Sync 1 DAGs
[2024-09-30T16:40:46.802+0000] {logging_mixin.py:188} INFO - [2024-09-30T16:40:46.801+0000] {dag.py:3954} INFO - Setting next_dagrun for example_branch_operator to 2024-09-29 00:00:00+00:00, run_after=2024-09-30 00:00:00+00:00
[2024-09-30T16:40:46.825+0000] {processor.py:183} INFO - Processing /home/airflow/.local/lib/python3.12/site-packages/airflow/example_dags/example_branch_operator.py took 0.088 seconds
[2024-09-30T16:41:17.554+0000] {processor.py:161} INFO - Started process (PID=4174) to work on /home/airflow/.local/lib/python3.12/site-packages/airflow/example_dags/example_branch_operator.py
[2024-09-30T16:41:17.555+0000] {processor.py:830} INFO - Processing file /home/airflow/.local/lib/python3.12/site-packages/airflow/example_dags/example_branch_operator.py for tasks to queue
[2024-09-30T16:41:17.556+0000] {logging_mixin.py:188} INFO - [2024-09-30T16:41:17.556+0000] {dagbag.py:540} INFO - Filling up the DagBag from /home/airflow/.local/lib/python3.12/site-packages/airflow/example_dags/example_branch_operator.py
[2024-09-30T16:41:17.569+0000] {processor.py:840} INFO - DAG(s) 'example_branch_operator' retrieved from /home/airflow/.local/lib/python3.12/site-packages/airflow/example_dags/example_branch_operator.py
[2024-09-30T16:41:17.592+0000] {logging_mixin.py:188} INFO - [2024-09-30T16:41:17.592+0000] {dag.py:3096} INFO - Sync 1 DAGs
[2024-09-30T16:41:17.761+0000] {logging_mixin.py:188} INFO - [2024-09-30T16:41:17.760+0000] {dag.py:3954} INFO - Setting next_dagrun for example_branch_operator to 2024-09-29 00:00:00+00:00, run_after=2024-09-30 00:00:00+00:00
[2024-09-30T16:41:17.780+0000] {processor.py:183} INFO - Processing /home/airflow/.local/lib/python3.12/site-packages/airflow/example_dags/example_branch_operator.py took 0.230 seconds
[2024-09-30T16:41:48.663+0000] {processor.py:161} INFO - Started process (PID=4440) to work on /home/airflow/.local/lib/python3.12/site-packages/airflow/example_dags/example_branch_operator.py
[2024-09-30T16:41:48.664+0000] {processor.py:830} INFO - Processing file /home/airflow/.local/lib/python3.12/site-packages/airflow/example_dags/example_branch_operator.py for tasks to queue
[2024-09-30T16:41:48.665+0000] {logging_mixin.py:188} INFO - [2024-09-30T16:41:48.665+0000] {dagbag.py:540} INFO - Filling up the DagBag from /home/airflow/.local/lib/python3.12/site-packages/airflow/example_dags/example_branch_operator.py
[2024-09-30T16:41:48.683+0000] {processor.py:840} INFO - DAG(s) 'example_branch_operator' retrieved from /home/airflow/.local/lib/python3.12/site-packages/airflow/example_dags/example_branch_operator.py
[2024-09-30T16:41:48.708+0000] {logging_mixin.py:188} INFO - [2024-09-30T16:41:48.707+0000] {dag.py:3096} INFO - Sync 1 DAGs
[2024-09-30T16:41:48.878+0000] {logging_mixin.py:188} INFO - [2024-09-30T16:41:48.878+0000] {dag.py:3954} INFO - Setting next_dagrun for example_branch_operator to 2024-09-29 00:00:00+00:00, run_after=2024-09-30 00:00:00+00:00
[2024-09-30T16:41:48.895+0000] {processor.py:183} INFO - Processing /home/airflow/.local/lib/python3.12/site-packages/airflow/example_dags/example_branch_operator.py took 0.237 seconds
[2024-09-30T16:42:19.043+0000] {processor.py:161} INFO - Started process (PID=4706) to work on /home/airflow/.local/lib/python3.12/site-packages/airflow/example_dags/example_branch_operator.py
[2024-09-30T16:42:19.043+0000] {processor.py:830} INFO - Processing file /home/airflow/.local/lib/python3.12/site-packages/airflow/example_dags/example_branch_operator.py for tasks to queue
[2024-09-30T16:42:19.045+0000] {logging_mixin.py:188} INFO - [2024-09-30T16:42:19.044+0000] {dagbag.py:540} INFO - Filling up the DagBag from /home/airflow/.local/lib/python3.12/site-packages/airflow/example_dags/example_branch_operator.py
[2024-09-30T16:42:19.057+0000] {processor.py:840} INFO - DAG(s) 'example_branch_operator' retrieved from /home/airflow/.local/lib/python3.12/site-packages/airflow/example_dags/example_branch_operator.py
[2024-09-30T16:42:19.080+0000] {logging_mixin.py:188} INFO - [2024-09-30T16:42:19.079+0000] {dag.py:3096} INFO - Sync 1 DAGs
[2024-09-30T16:42:19.100+0000] {logging_mixin.py:188} INFO - [2024-09-30T16:42:19.100+0000] {dag.py:3954} INFO - Setting next_dagrun for example_branch_operator to 2024-09-29 00:00:00+00:00, run_after=2024-09-30 00:00:00+00:00
[2024-09-30T16:42:19.281+0000] {processor.py:183} INFO - Processing /home/airflow/.local/lib/python3.12/site-packages/airflow/example_dags/example_branch_operator.py took 0.242 seconds
[2024-09-30T16:42:49.960+0000] {processor.py:161} INFO - Started process (PID=4972) to work on /home/airflow/.local/lib/python3.12/site-packages/airflow/example_dags/example_branch_operator.py
[2024-09-30T16:42:49.961+0000] {processor.py:830} INFO - Processing file /home/airflow/.local/lib/python3.12/site-packages/airflow/example_dags/example_branch_operator.py for tasks to queue
[2024-09-30T16:42:49.962+0000] {logging_mixin.py:188} INFO - [2024-09-30T16:42:49.962+0000] {dagbag.py:540} INFO - Filling up the DagBag from /home/airflow/.local/lib/python3.12/site-packages/airflow/example_dags/example_branch_operator.py
[2024-09-30T16:42:49.975+0000] {processor.py:840} INFO - DAG(s) 'example_branch_operator' retrieved from /home/airflow/.local/lib/python3.12/site-packages/airflow/example_dags/example_branch_operator.py
[2024-09-30T16:42:49.998+0000] {logging_mixin.py:188} INFO - [2024-09-30T16:42:49.998+0000] {dag.py:3096} INFO - Sync 1 DAGs
[2024-09-30T16:42:50.016+0000] {logging_mixin.py:188} INFO - [2024-09-30T16:42:50.016+0000] {dag.py:3954} INFO - Setting next_dagrun for example_branch_operator to 2024-09-29 00:00:00+00:00, run_after=2024-09-30 00:00:00+00:00
[2024-09-30T16:42:50.034+0000] {processor.py:183} INFO - Processing /home/airflow/.local/lib/python3.12/site-packages/airflow/example_dags/example_branch_operator.py took 0.078 seconds
[2024-09-30T16:43:20.464+0000] {processor.py:161} INFO - Started process (PID=5238) to work on /home/airflow/.local/lib/python3.12/site-packages/airflow/example_dags/example_branch_operator.py
[2024-09-30T16:43:20.465+0000] {processor.py:830} INFO - Processing file /home/airflow/.local/lib/python3.12/site-packages/airflow/example_dags/example_branch_operator.py for tasks to queue
[2024-09-30T16:43:20.466+0000] {logging_mixin.py:188} INFO - [2024-09-30T16:43:20.466+0000] {dagbag.py:540} INFO - Filling up the DagBag from /home/airflow/.local/lib/python3.12/site-packages/airflow/example_dags/example_branch_operator.py
[2024-09-30T16:43:20.479+0000] {processor.py:840} INFO - DAG(s) 'example_branch_operator' retrieved from /home/airflow/.local/lib/python3.12/site-packages/airflow/example_dags/example_branch_operator.py
[2024-09-30T16:43:20.504+0000] {logging_mixin.py:188} INFO - [2024-09-30T16:43:20.504+0000] {dag.py:3096} INFO - Sync 1 DAGs
[2024-09-30T16:43:20.527+0000] {logging_mixin.py:188} INFO - [2024-09-30T16:43:20.527+0000] {dag.py:3954} INFO - Setting next_dagrun for example_branch_operator to 2024-09-29 00:00:00+00:00, run_after=2024-09-30 00:00:00+00:00
[2024-09-30T16:43:20.550+0000] {processor.py:183} INFO - Processing /home/airflow/.local/lib/python3.12/site-packages/airflow/example_dags/example_branch_operator.py took 0.092 seconds
[2024-09-30T16:43:50.978+0000] {processor.py:161} INFO - Started process (PID=5504) to work on /home/airflow/.local/lib/python3.12/site-packages/airflow/example_dags/example_branch_operator.py
[2024-09-30T16:43:50.979+0000] {processor.py:830} INFO - Processing file /home/airflow/.local/lib/python3.12/site-packages/airflow/example_dags/example_branch_operator.py for tasks to queue
[2024-09-30T16:43:50.980+0000] {logging_mixin.py:188} INFO - [2024-09-30T16:43:50.980+0000] {dagbag.py:540} INFO - Filling up the DagBag from /home/airflow/.local/lib/python3.12/site-packages/airflow/example_dags/example_branch_operator.py
[2024-09-30T16:43:50.995+0000] {processor.py:840} INFO - DAG(s) 'example_branch_operator' retrieved from /home/airflow/.local/lib/python3.12/site-packages/airflow/example_dags/example_branch_operator.py
[2024-09-30T16:43:51.019+0000] {logging_mixin.py:188} INFO - [2024-09-30T16:43:51.019+0000] {dag.py:3096} INFO - Sync 1 DAGs
[2024-09-30T16:43:51.040+0000] {logging_mixin.py:188} INFO - [2024-09-30T16:43:51.039+0000] {dag.py:3954} INFO - Setting next_dagrun for example_branch_operator to 2024-09-29 00:00:00+00:00, run_after=2024-09-30 00:00:00+00:00
[2024-09-30T16:43:51.065+0000] {processor.py:183} INFO - Processing /home/airflow/.local/lib/python3.12/site-packages/airflow/example_dags/example_branch_operator.py took 0.092 seconds
[2024-09-30T16:44:21.516+0000] {processor.py:161} INFO - Started process (PID=5770) to work on /home/airflow/.local/lib/python3.12/site-packages/airflow/example_dags/example_branch_operator.py
[2024-09-30T16:44:21.516+0000] {processor.py:830} INFO - Processing file /home/airflow/.local/lib/python3.12/site-packages/airflow/example_dags/example_branch_operator.py for tasks to queue
[2024-09-30T16:44:21.518+0000] {logging_mixin.py:188} INFO - [2024-09-30T16:44:21.518+0000] {dagbag.py:540} INFO - Filling up the DagBag from /home/airflow/.local/lib/python3.12/site-packages/airflow/example_dags/example_branch_operator.py
[2024-09-30T16:44:21.530+0000] {processor.py:840} INFO - DAG(s) 'example_branch_operator' retrieved from /home/airflow/.local/lib/python3.12/site-packages/airflow/example_dags/example_branch_operator.py
[2024-09-30T16:44:21.553+0000] {logging_mixin.py:188} INFO - [2024-09-30T16:44:21.552+0000] {dag.py:3096} INFO - Sync 1 DAGs
[2024-09-30T16:44:21.572+0000] {logging_mixin.py:188} INFO - [2024-09-30T16:44:21.572+0000] {dag.py:3954} INFO - Setting next_dagrun for example_branch_operator to 2024-09-29 00:00:00+00:00, run_after=2024-09-30 00:00:00+00:00
[2024-09-30T16:44:21.590+0000] {processor.py:183} INFO - Processing /home/airflow/.local/lib/python3.12/site-packages/airflow/example_dags/example_branch_operator.py took 0.080 seconds
[2024-09-30T16:44:52.035+0000] {processor.py:161} INFO - Started process (PID=6036) to work on /home/airflow/.local/lib/python3.12/site-packages/airflow/example_dags/example_branch_operator.py
[2024-09-30T16:44:52.036+0000] {processor.py:830} INFO - Processing file /home/airflow/.local/lib/python3.12/site-packages/airflow/example_dags/example_branch_operator.py for tasks to queue
[2024-09-30T16:44:52.037+0000] {logging_mixin.py:188} INFO - [2024-09-30T16:44:52.037+0000] {dagbag.py:540} INFO - Filling up the DagBag from /home/airflow/.local/lib/python3.12/site-packages/airflow/example_dags/example_branch_operator.py
[2024-09-30T16:44:52.054+0000] {processor.py:840} INFO - DAG(s) 'example_branch_operator' retrieved from /home/airflow/.local/lib/python3.12/site-packages/airflow/example_dags/example_branch_operator.py
[2024-09-30T16:44:52.077+0000] {logging_mixin.py:188} INFO - [2024-09-30T16:44:52.077+0000] {dag.py:3096} INFO - Sync 1 DAGs
[2024-09-30T16:44:52.095+0000] {logging_mixin.py:188} INFO - [2024-09-30T16:44:52.095+0000] {dag.py:3954} INFO - Setting next_dagrun for example_branch_operator to 2024-09-29 00:00:00+00:00, run_after=2024-09-30 00:00:00+00:00
[2024-09-30T16:44:52.112+0000] {processor.py:183} INFO - Processing /home/airflow/.local/lib/python3.12/site-packages/airflow/example_dags/example_branch_operator.py took 0.083 seconds
[2024-09-30T16:45:22.564+0000] {processor.py:161} INFO - Started process (PID=6302) to work on /home/airflow/.local/lib/python3.12/site-packages/airflow/example_dags/example_branch_operator.py
[2024-09-30T16:45:22.565+0000] {processor.py:830} INFO - Processing file /home/airflow/.local/lib/python3.12/site-packages/airflow/example_dags/example_branch_operator.py for tasks to queue
[2024-09-30T16:45:22.566+0000] {logging_mixin.py:188} INFO - [2024-09-30T16:45:22.566+0000] {dagbag.py:540} INFO - Filling up the DagBag from /home/airflow/.local/lib/python3.12/site-packages/airflow/example_dags/example_branch_operator.py
[2024-09-30T16:45:22.579+0000] {processor.py:840} INFO - DAG(s) 'example_branch_operator' retrieved from /home/airflow/.local/lib/python3.12/site-packages/airflow/example_dags/example_branch_operator.py
[2024-09-30T16:45:22.609+0000] {logging_mixin.py:188} INFO - [2024-09-30T16:45:22.608+0000] {dag.py:3096} INFO - Sync 1 DAGs
[2024-09-30T16:45:22.628+0000] {logging_mixin.py:188} INFO - [2024-09-30T16:45:22.628+0000] {dag.py:3954} INFO - Setting next_dagrun for example_branch_operator to 2024-09-29 00:00:00+00:00, run_after=2024-09-30 00:00:00+00:00
[2024-09-30T16:45:22.646+0000] {processor.py:183} INFO - Processing /home/airflow/.local/lib/python3.12/site-packages/airflow/example_dags/example_branch_operator.py took 0.086 seconds
[2024-09-30T16:45:53.044+0000] {processor.py:161} INFO - Started process (PID=6568) to work on /home/airflow/.local/lib/python3.12/site-packages/airflow/example_dags/example_branch_operator.py
[2024-09-30T16:45:53.045+0000] {processor.py:830} INFO - Processing file /home/airflow/.local/lib/python3.12/site-packages/airflow/example_dags/example_branch_operator.py for tasks to queue
[2024-09-30T16:45:53.047+0000] {logging_mixin.py:188} INFO - [2024-09-30T16:45:53.046+0000] {dagbag.py:540} INFO - Filling up the DagBag from /home/airflow/.local/lib/python3.12/site-packages/airflow/example_dags/example_branch_operator.py
[2024-09-30T16:45:53.062+0000] {processor.py:840} INFO - DAG(s) 'example_branch_operator' retrieved from /home/airflow/.local/lib/python3.12/site-packages/airflow/example_dags/example_branch_operator.py
[2024-09-30T16:45:53.083+0000] {logging_mixin.py:188} INFO - [2024-09-30T16:45:53.083+0000] {dag.py:3096} INFO - Sync 1 DAGs
[2024-09-30T16:45:53.101+0000] {logging_mixin.py:188} INFO - [2024-09-30T16:45:53.101+0000] {dag.py:3954} INFO - Setting next_dagrun for example_branch_operator to 2024-09-29 00:00:00+00:00, run_after=2024-09-30 00:00:00+00:00
[2024-09-30T16:45:53.121+0000] {processor.py:183} INFO - Processing /home/airflow/.local/lib/python3.12/site-packages/airflow/example_dags/example_branch_operator.py took 0.082 seconds
[2024-09-30T16:46:23.573+0000] {processor.py:161} INFO - Started process (PID=6834) to work on /home/airflow/.local/lib/python3.12/site-packages/airflow/example_dags/example_branch_operator.py
[2024-09-30T16:46:23.574+0000] {processor.py:830} INFO - Processing file /home/airflow/.local/lib/python3.12/site-packages/airflow/example_dags/example_branch_operator.py for tasks to queue
[2024-09-30T16:46:23.576+0000] {logging_mixin.py:188} INFO - [2024-09-30T16:46:23.575+0000] {dagbag.py:540} INFO - Filling up the DagBag from /home/airflow/.local/lib/python3.12/site-packages/airflow/example_dags/example_branch_operator.py
[2024-09-30T16:46:23.637+0000] {processor.py:840} INFO - DAG(s) 'example_branch_operator' retrieved from /home/airflow/.local/lib/python3.12/site-packages/airflow/example_dags/example_branch_operator.py
[2024-09-30T16:46:23.685+0000] {logging_mixin.py:188} INFO - [2024-09-30T16:46:23.684+0000] {dag.py:3096} INFO - Sync 1 DAGs
[2024-09-30T16:46:23.740+0000] {logging_mixin.py:188} INFO - [2024-09-30T16:46:23.740+0000] {dag.py:3954} INFO - Setting next_dagrun for example_branch_operator to 2024-09-29 00:00:00+00:00, run_after=2024-09-30 00:00:00+00:00
[2024-09-30T16:46:23.828+0000] {processor.py:183} INFO - Processing /home/airflow/.local/lib/python3.12/site-packages/airflow/example_dags/example_branch_operator.py took 0.262 seconds
[2024-09-30T16:46:54.457+0000] {processor.py:161} INFO - Started process (PID=7100) to work on /home/airflow/.local/lib/python3.12/site-packages/airflow/example_dags/example_branch_operator.py
[2024-09-30T16:46:54.457+0000] {processor.py:830} INFO - Processing file /home/airflow/.local/lib/python3.12/site-packages/airflow/example_dags/example_branch_operator.py for tasks to queue
[2024-09-30T16:46:54.459+0000] {logging_mixin.py:188} INFO - [2024-09-30T16:46:54.458+0000] {dagbag.py:540} INFO - Filling up the DagBag from /home/airflow/.local/lib/python3.12/site-packages/airflow/example_dags/example_branch_operator.py
[2024-09-30T16:46:54.471+0000] {processor.py:840} INFO - DAG(s) 'example_branch_operator' retrieved from /home/airflow/.local/lib/python3.12/site-packages/airflow/example_dags/example_branch_operator.py
[2024-09-30T16:46:54.497+0000] {logging_mixin.py:188} INFO - [2024-09-30T16:46:54.497+0000] {dag.py:3096} INFO - Sync 1 DAGs
[2024-09-30T16:46:54.516+0000] {logging_mixin.py:188} INFO - [2024-09-30T16:46:54.516+0000] {dag.py:3954} INFO - Setting next_dagrun for example_branch_operator to 2024-09-29 00:00:00+00:00, run_after=2024-09-30 00:00:00+00:00
[2024-09-30T16:46:54.534+0000] {processor.py:183} INFO - Processing /home/airflow/.local/lib/python3.12/site-packages/airflow/example_dags/example_branch_operator.py took 0.082 seconds
[2024-09-30T16:47:24.653+0000] {processor.py:161} INFO - Started process (PID=7366) to work on /home/airflow/.local/lib/python3.12/site-packages/airflow/example_dags/example_branch_operator.py
[2024-09-30T16:47:24.654+0000] {processor.py:830} INFO - Processing file /home/airflow/.local/lib/python3.12/site-packages/airflow/example_dags/example_branch_operator.py for tasks to queue
[2024-09-30T16:47:24.655+0000] {logging_mixin.py:188} INFO - [2024-09-30T16:47:24.655+0000] {dagbag.py:540} INFO - Filling up the DagBag from /home/airflow/.local/lib/python3.12/site-packages/airflow/example_dags/example_branch_operator.py
[2024-09-30T16:47:24.674+0000] {processor.py:840} INFO - DAG(s) 'example_branch_operator' retrieved from /home/airflow/.local/lib/python3.12/site-packages/airflow/example_dags/example_branch_operator.py
[2024-09-30T16:47:24.706+0000] {logging_mixin.py:188} INFO - [2024-09-30T16:47:24.706+0000] {dag.py:3096} INFO - Sync 1 DAGs
[2024-09-30T16:47:24.732+0000] {logging_mixin.py:188} INFO - [2024-09-30T16:47:24.731+0000] {dag.py:3954} INFO - Setting next_dagrun for example_branch_operator to 2024-09-29 00:00:00+00:00, run_after=2024-09-30 00:00:00+00:00
[2024-09-30T16:47:24.757+0000] {processor.py:183} INFO - Processing /home/airflow/.local/lib/python3.12/site-packages/airflow/example_dags/example_branch_operator.py took 0.110 seconds
[2024-09-30T16:47:55.586+0000] {processor.py:161} INFO - Started process (PID=7634) to work on /home/airflow/.local/lib/python3.12/site-packages/airflow/example_dags/example_branch_operator.py
[2024-09-30T16:47:55.588+0000] {processor.py:830} INFO - Processing file /home/airflow/.local/lib/python3.12/site-packages/airflow/example_dags/example_branch_operator.py for tasks to queue
[2024-09-30T16:47:55.589+0000] {logging_mixin.py:188} INFO - [2024-09-30T16:47:55.589+0000] {dagbag.py:540} INFO - Filling up the DagBag from /home/airflow/.local/lib/python3.12/site-packages/airflow/example_dags/example_branch_operator.py
[2024-09-30T16:47:55.620+0000] {processor.py:840} INFO - DAG(s) 'example_branch_operator' retrieved from /home/airflow/.local/lib/python3.12/site-packages/airflow/example_dags/example_branch_operator.py
[2024-09-30T16:47:55.691+0000] {logging_mixin.py:188} INFO - [2024-09-30T16:47:55.689+0000] {dag.py:3096} INFO - Sync 1 DAGs
[2024-09-30T16:47:55.723+0000] {logging_mixin.py:188} INFO - [2024-09-30T16:47:55.723+0000] {dag.py:3954} INFO - Setting next_dagrun for example_branch_operator to 2024-09-29 00:00:00+00:00, run_after=2024-09-30 00:00:00+00:00
[2024-09-30T16:47:55.747+0000] {processor.py:183} INFO - Processing /home/airflow/.local/lib/python3.12/site-packages/airflow/example_dags/example_branch_operator.py took 0.170 seconds
