[2024-09-30T16:33:57.249+0000] {processor.py:161} INFO - Started process (PID=207) to work on /home/airflow/.local/lib/python3.12/site-packages/airflow/example_dags/example_bash_operator.py
[2024-09-30T16:33:57.250+0000] {processor.py:830} INFO - Processing file /home/airflow/.local/lib/python3.12/site-packages/airflow/example_dags/example_bash_operator.py for tasks to queue
[2024-09-30T16:33:57.252+0000] {logging_mixin.py:188} INFO - [2024-09-30T16:33:57.251+0000] {dagbag.py:540} INFO - Filling up the DagBag from /home/airflow/.local/lib/python3.12/site-packages/airflow/example_dags/example_bash_operator.py
[2024-09-30T16:33:57.279+0000] {processor.py:840} INFO - DAG(s) 'example_bash_operator' retrieved from /home/airflow/.local/lib/python3.12/site-packages/airflow/example_dags/example_bash_operator.py
[2024-09-30T16:33:57.315+0000] {logging_mixin.py:188} INFO - [2024-09-30T16:33:57.314+0000] {dag.py:3096} INFO - Sync 1 DAGs
[2024-09-30T16:33:57.335+0000] {logging_mixin.py:188} INFO - [2024-09-30T16:33:57.335+0000] {dag.py:3954} INFO - Setting next_dagrun for example_bash_operator to 2024-09-29 00:00:00+00:00, run_after=2024-09-30 00:00:00+00:00
[2024-09-30T16:33:57.354+0000] {processor.py:183} INFO - Processing /home/airflow/.local/lib/python3.12/site-packages/airflow/example_dags/example_bash_operator.py took 0.112 seconds
[2024-09-30T16:34:28.360+0000] {processor.py:161} INFO - Started process (PID=475) to work on /home/airflow/.local/lib/python3.12/site-packages/airflow/example_dags/example_bash_operator.py
[2024-09-30T16:34:28.361+0000] {processor.py:830} INFO - Processing file /home/airflow/.local/lib/python3.12/site-packages/airflow/example_dags/example_bash_operator.py for tasks to queue
[2024-09-30T16:34:28.362+0000] {logging_mixin.py:188} INFO - [2024-09-30T16:34:28.362+0000] {dagbag.py:540} INFO - Filling up the DagBag from /home/airflow/.local/lib/python3.12/site-packages/airflow/example_dags/example_bash_operator.py
[2024-09-30T16:34:28.374+0000] {processor.py:840} INFO - DAG(s) 'example_bash_operator' retrieved from /home/airflow/.local/lib/python3.12/site-packages/airflow/example_dags/example_bash_operator.py
[2024-09-30T16:34:28.404+0000] {logging_mixin.py:188} INFO - [2024-09-30T16:34:28.404+0000] {dag.py:3096} INFO - Sync 1 DAGs
[2024-09-30T16:34:28.432+0000] {logging_mixin.py:188} INFO - [2024-09-30T16:34:28.432+0000] {dag.py:3954} INFO - Setting next_dagrun for example_bash_operator to 2024-09-29 00:00:00+00:00, run_after=2024-09-30 00:00:00+00:00
[2024-09-30T16:34:28.456+0000] {processor.py:183} INFO - Processing /home/airflow/.local/lib/python3.12/site-packages/airflow/example_dags/example_bash_operator.py took 0.101 seconds
[2024-09-30T16:35:00.277+0000] {processor.py:161} INFO - Started process (PID=741) to work on /home/airflow/.local/lib/python3.12/site-packages/airflow/example_dags/example_bash_operator.py
[2024-09-30T16:35:00.278+0000] {processor.py:830} INFO - Processing file /home/airflow/.local/lib/python3.12/site-packages/airflow/example_dags/example_bash_operator.py for tasks to queue
[2024-09-30T16:35:00.279+0000] {logging_mixin.py:188} INFO - [2024-09-30T16:35:00.279+0000] {dagbag.py:540} INFO - Filling up the DagBag from /home/airflow/.local/lib/python3.12/site-packages/airflow/example_dags/example_bash_operator.py
[2024-09-30T16:35:00.289+0000] {processor.py:840} INFO - DAG(s) 'example_bash_operator' retrieved from /home/airflow/.local/lib/python3.12/site-packages/airflow/example_dags/example_bash_operator.py
[2024-09-30T16:35:00.316+0000] {logging_mixin.py:188} INFO - [2024-09-30T16:35:00.315+0000] {dag.py:3096} INFO - Sync 1 DAGs
[2024-09-30T16:35:00.334+0000] {logging_mixin.py:188} INFO - [2024-09-30T16:35:00.334+0000] {dag.py:3954} INFO - Setting next_dagrun for example_bash_operator to 2024-09-29 00:00:00+00:00, run_after=2024-09-30 00:00:00+00:00
[2024-09-30T16:35:00.486+0000] {processor.py:183} INFO - Processing /home/airflow/.local/lib/python3.12/site-packages/airflow/example_dags/example_bash_operator.py took 0.213 seconds
[2024-09-30T16:35:31.498+0000] {processor.py:161} INFO - Started process (PID=1007) to work on /home/airflow/.local/lib/python3.12/site-packages/airflow/example_dags/example_bash_operator.py
[2024-09-30T16:35:31.499+0000] {processor.py:830} INFO - Processing file /home/airflow/.local/lib/python3.12/site-packages/airflow/example_dags/example_bash_operator.py for tasks to queue
[2024-09-30T16:35:31.500+0000] {logging_mixin.py:188} INFO - [2024-09-30T16:35:31.500+0000] {dagbag.py:540} INFO - Filling up the DagBag from /home/airflow/.local/lib/python3.12/site-packages/airflow/example_dags/example_bash_operator.py
[2024-09-30T16:35:31.513+0000] {processor.py:840} INFO - DAG(s) 'example_bash_operator' retrieved from /home/airflow/.local/lib/python3.12/site-packages/airflow/example_dags/example_bash_operator.py
[2024-09-30T16:35:31.545+0000] {logging_mixin.py:188} INFO - [2024-09-30T16:35:31.544+0000] {dag.py:3096} INFO - Sync 1 DAGs
[2024-09-30T16:35:31.567+0000] {logging_mixin.py:188} INFO - [2024-09-30T16:35:31.567+0000] {dag.py:3954} INFO - Setting next_dagrun for example_bash_operator to 2024-09-29 00:00:00+00:00, run_after=2024-09-30 00:00:00+00:00
[2024-09-30T16:35:31.585+0000] {processor.py:183} INFO - Processing /home/airflow/.local/lib/python3.12/site-packages/airflow/example_dags/example_bash_operator.py took 0.092 seconds
[2024-09-30T16:36:02.355+0000] {processor.py:161} INFO - Started process (PID=1273) to work on /home/airflow/.local/lib/python3.12/site-packages/airflow/example_dags/example_bash_operator.py
[2024-09-30T16:36:02.356+0000] {processor.py:830} INFO - Processing file /home/airflow/.local/lib/python3.12/site-packages/airflow/example_dags/example_bash_operator.py for tasks to queue
[2024-09-30T16:36:02.357+0000] {logging_mixin.py:188} INFO - [2024-09-30T16:36:02.357+0000] {dagbag.py:540} INFO - Filling up the DagBag from /home/airflow/.local/lib/python3.12/site-packages/airflow/example_dags/example_bash_operator.py
[2024-09-30T16:36:02.370+0000] {processor.py:840} INFO - DAG(s) 'example_bash_operator' retrieved from /home/airflow/.local/lib/python3.12/site-packages/airflow/example_dags/example_bash_operator.py
[2024-09-30T16:36:02.401+0000] {logging_mixin.py:188} INFO - [2024-09-30T16:36:02.400+0000] {dag.py:3096} INFO - Sync 1 DAGs
[2024-09-30T16:36:02.424+0000] {logging_mixin.py:188} INFO - [2024-09-30T16:36:02.424+0000] {dag.py:3954} INFO - Setting next_dagrun for example_bash_operator to 2024-09-29 00:00:00+00:00, run_after=2024-09-30 00:00:00+00:00
[2024-09-30T16:36:02.487+0000] {processor.py:183} INFO - Processing /home/airflow/.local/lib/python3.12/site-packages/airflow/example_dags/example_bash_operator.py took 0.136 seconds
[2024-09-30T16:36:32.812+0000] {processor.py:161} INFO - Started process (PID=1587) to work on /home/airflow/.local/lib/python3.12/site-packages/airflow/example_dags/example_bash_operator.py
[2024-09-30T16:36:32.815+0000] {processor.py:830} INFO - Processing file /home/airflow/.local/lib/python3.12/site-packages/airflow/example_dags/example_bash_operator.py for tasks to queue
[2024-09-30T16:36:32.817+0000] {logging_mixin.py:188} INFO - [2024-09-30T16:36:32.816+0000] {dagbag.py:540} INFO - Filling up the DagBag from /home/airflow/.local/lib/python3.12/site-packages/airflow/example_dags/example_bash_operator.py
[2024-09-30T16:36:32.847+0000] {processor.py:840} INFO - DAG(s) 'example_bash_operator' retrieved from /home/airflow/.local/lib/python3.12/site-packages/airflow/example_dags/example_bash_operator.py
[2024-09-30T16:36:32.977+0000] {logging_mixin.py:188} INFO - [2024-09-30T16:36:32.976+0000] {dag.py:3096} INFO - Sync 1 DAGs
[2024-09-30T16:36:33.086+0000] {logging_mixin.py:188} INFO - [2024-09-30T16:36:33.086+0000] {dag.py:3954} INFO - Setting next_dagrun for example_bash_operator to 2024-09-29 00:00:00+00:00, run_after=2024-09-30 00:00:00+00:00
[2024-09-30T16:36:33.199+0000] {processor.py:183} INFO - Processing /home/airflow/.local/lib/python3.12/site-packages/airflow/example_dags/example_bash_operator.py took 0.402 seconds
[2024-09-30T16:37:04.119+0000] {processor.py:161} INFO - Started process (PID=1873) to work on /home/airflow/.local/lib/python3.12/site-packages/airflow/example_dags/example_bash_operator.py
[2024-09-30T16:37:04.119+0000] {processor.py:830} INFO - Processing file /home/airflow/.local/lib/python3.12/site-packages/airflow/example_dags/example_bash_operator.py for tasks to queue
[2024-09-30T16:37:04.121+0000] {logging_mixin.py:188} INFO - [2024-09-30T16:37:04.121+0000] {dagbag.py:540} INFO - Filling up the DagBag from /home/airflow/.local/lib/python3.12/site-packages/airflow/example_dags/example_bash_operator.py
[2024-09-30T16:37:04.133+0000] {processor.py:840} INFO - DAG(s) 'example_bash_operator' retrieved from /home/airflow/.local/lib/python3.12/site-packages/airflow/example_dags/example_bash_operator.py
[2024-09-30T16:37:04.156+0000] {logging_mixin.py:188} INFO - [2024-09-30T16:37:04.156+0000] {dag.py:3096} INFO - Sync 1 DAGs
[2024-09-30T16:37:04.175+0000] {logging_mixin.py:188} INFO - [2024-09-30T16:37:04.175+0000] {dag.py:3954} INFO - Setting next_dagrun for example_bash_operator to 2024-09-29 00:00:00+00:00, run_after=2024-09-30 00:00:00+00:00
[2024-09-30T16:37:04.194+0000] {processor.py:183} INFO - Processing /home/airflow/.local/lib/python3.12/site-packages/airflow/example_dags/example_bash_operator.py took 0.081 seconds
[2024-09-30T16:37:34.653+0000] {processor.py:161} INFO - Started process (PID=2139) to work on /home/airflow/.local/lib/python3.12/site-packages/airflow/example_dags/example_bash_operator.py
[2024-09-30T16:37:34.654+0000] {processor.py:830} INFO - Processing file /home/airflow/.local/lib/python3.12/site-packages/airflow/example_dags/example_bash_operator.py for tasks to queue
[2024-09-30T16:37:34.656+0000] {logging_mixin.py:188} INFO - [2024-09-30T16:37:34.655+0000] {dagbag.py:540} INFO - Filling up the DagBag from /home/airflow/.local/lib/python3.12/site-packages/airflow/example_dags/example_bash_operator.py
[2024-09-30T16:37:34.668+0000] {processor.py:840} INFO - DAG(s) 'example_bash_operator' retrieved from /home/airflow/.local/lib/python3.12/site-packages/airflow/example_dags/example_bash_operator.py
[2024-09-30T16:37:34.691+0000] {logging_mixin.py:188} INFO - [2024-09-30T16:37:34.691+0000] {dag.py:3096} INFO - Sync 1 DAGs
[2024-09-30T16:37:34.709+0000] {logging_mixin.py:188} INFO - [2024-09-30T16:37:34.709+0000] {dag.py:3954} INFO - Setting next_dagrun for example_bash_operator to 2024-09-29 00:00:00+00:00, run_after=2024-09-30 00:00:00+00:00
[2024-09-30T16:37:34.728+0000] {processor.py:183} INFO - Processing /home/airflow/.local/lib/python3.12/site-packages/airflow/example_dags/example_bash_operator.py took 0.080 seconds
[2024-09-30T16:38:05.321+0000] {processor.py:161} INFO - Started process (PID=2405) to work on /home/airflow/.local/lib/python3.12/site-packages/airflow/example_dags/example_bash_operator.py
[2024-09-30T16:38:05.322+0000] {processor.py:830} INFO - Processing file /home/airflow/.local/lib/python3.12/site-packages/airflow/example_dags/example_bash_operator.py for tasks to queue
[2024-09-30T16:38:05.323+0000] {logging_mixin.py:188} INFO - [2024-09-30T16:38:05.323+0000] {dagbag.py:540} INFO - Filling up the DagBag from /home/airflow/.local/lib/python3.12/site-packages/airflow/example_dags/example_bash_operator.py
[2024-09-30T16:38:05.337+0000] {processor.py:840} INFO - DAG(s) 'example_bash_operator' retrieved from /home/airflow/.local/lib/python3.12/site-packages/airflow/example_dags/example_bash_operator.py
[2024-09-30T16:38:05.368+0000] {logging_mixin.py:188} INFO - [2024-09-30T16:38:05.368+0000] {dag.py:3096} INFO - Sync 1 DAGs
[2024-09-30T16:38:05.392+0000] {logging_mixin.py:188} INFO - [2024-09-30T16:38:05.392+0000] {dag.py:3954} INFO - Setting next_dagrun for example_bash_operator to 2024-09-29 00:00:00+00:00, run_after=2024-09-30 00:00:00+00:00
[2024-09-30T16:38:05.413+0000] {processor.py:183} INFO - Processing /home/airflow/.local/lib/python3.12/site-packages/airflow/example_dags/example_bash_operator.py took 0.097 seconds
[2024-09-30T16:38:36.027+0000] {processor.py:161} INFO - Started process (PID=2671) to work on /home/airflow/.local/lib/python3.12/site-packages/airflow/example_dags/example_bash_operator.py
[2024-09-30T16:38:36.027+0000] {processor.py:830} INFO - Processing file /home/airflow/.local/lib/python3.12/site-packages/airflow/example_dags/example_bash_operator.py for tasks to queue
[2024-09-30T16:38:36.029+0000] {logging_mixin.py:188} INFO - [2024-09-30T16:38:36.028+0000] {dagbag.py:540} INFO - Filling up the DagBag from /home/airflow/.local/lib/python3.12/site-packages/airflow/example_dags/example_bash_operator.py
[2024-09-30T16:38:36.037+0000] {processor.py:840} INFO - DAG(s) 'example_bash_operator' retrieved from /home/airflow/.local/lib/python3.12/site-packages/airflow/example_dags/example_bash_operator.py
[2024-09-30T16:38:36.066+0000] {logging_mixin.py:188} INFO - [2024-09-30T16:38:36.066+0000] {dag.py:3096} INFO - Sync 1 DAGs
[2024-09-30T16:38:36.084+0000] {logging_mixin.py:188} INFO - [2024-09-30T16:38:36.084+0000] {dag.py:3954} INFO - Setting next_dagrun for example_bash_operator to 2024-09-29 00:00:00+00:00, run_after=2024-09-30 00:00:00+00:00
[2024-09-30T16:38:36.103+0000] {processor.py:183} INFO - Processing /home/airflow/.local/lib/python3.12/site-packages/airflow/example_dags/example_bash_operator.py took 0.080 seconds
[2024-09-30T16:39:06.552+0000] {processor.py:161} INFO - Started process (PID=2937) to work on /home/airflow/.local/lib/python3.12/site-packages/airflow/example_dags/example_bash_operator.py
[2024-09-30T16:39:06.553+0000] {processor.py:830} INFO - Processing file /home/airflow/.local/lib/python3.12/site-packages/airflow/example_dags/example_bash_operator.py for tasks to queue
[2024-09-30T16:39:06.554+0000] {logging_mixin.py:188} INFO - [2024-09-30T16:39:06.554+0000] {dagbag.py:540} INFO - Filling up the DagBag from /home/airflow/.local/lib/python3.12/site-packages/airflow/example_dags/example_bash_operator.py
[2024-09-30T16:39:06.567+0000] {processor.py:840} INFO - DAG(s) 'example_bash_operator' retrieved from /home/airflow/.local/lib/python3.12/site-packages/airflow/example_dags/example_bash_operator.py
[2024-09-30T16:39:06.589+0000] {logging_mixin.py:188} INFO - [2024-09-30T16:39:06.589+0000] {dag.py:3096} INFO - Sync 1 DAGs
[2024-09-30T16:39:06.607+0000] {logging_mixin.py:188} INFO - [2024-09-30T16:39:06.607+0000] {dag.py:3954} INFO - Setting next_dagrun for example_bash_operator to 2024-09-29 00:00:00+00:00, run_after=2024-09-30 00:00:00+00:00
[2024-09-30T16:39:06.624+0000] {processor.py:183} INFO - Processing /home/airflow/.local/lib/python3.12/site-packages/airflow/example_dags/example_bash_operator.py took 0.078 seconds
[2024-09-30T16:39:37.328+0000] {processor.py:161} INFO - Started process (PID=3203) to work on /home/airflow/.local/lib/python3.12/site-packages/airflow/example_dags/example_bash_operator.py
[2024-09-30T16:39:37.329+0000] {processor.py:830} INFO - Processing file /home/airflow/.local/lib/python3.12/site-packages/airflow/example_dags/example_bash_operator.py for tasks to queue
[2024-09-30T16:39:37.331+0000] {logging_mixin.py:188} INFO - [2024-09-30T16:39:37.331+0000] {dagbag.py:540} INFO - Filling up the DagBag from /home/airflow/.local/lib/python3.12/site-packages/airflow/example_dags/example_bash_operator.py
[2024-09-30T16:39:37.343+0000] {processor.py:840} INFO - DAG(s) 'example_bash_operator' retrieved from /home/airflow/.local/lib/python3.12/site-packages/airflow/example_dags/example_bash_operator.py
[2024-09-30T16:39:37.365+0000] {logging_mixin.py:188} INFO - [2024-09-30T16:39:37.365+0000] {dag.py:3096} INFO - Sync 1 DAGs
[2024-09-30T16:39:37.382+0000] {logging_mixin.py:188} INFO - [2024-09-30T16:39:37.382+0000] {dag.py:3954} INFO - Setting next_dagrun for example_bash_operator to 2024-09-29 00:00:00+00:00, run_after=2024-09-30 00:00:00+00:00
[2024-09-30T16:39:37.400+0000] {processor.py:183} INFO - Processing /home/airflow/.local/lib/python3.12/site-packages/airflow/example_dags/example_bash_operator.py took 0.077 seconds
[2024-09-30T16:40:08.121+0000] {processor.py:161} INFO - Started process (PID=3469) to work on /home/airflow/.local/lib/python3.12/site-packages/airflow/example_dags/example_bash_operator.py
[2024-09-30T16:40:08.121+0000] {processor.py:830} INFO - Processing file /home/airflow/.local/lib/python3.12/site-packages/airflow/example_dags/example_bash_operator.py for tasks to queue
[2024-09-30T16:40:08.123+0000] {logging_mixin.py:188} INFO - [2024-09-30T16:40:08.123+0000] {dagbag.py:540} INFO - Filling up the DagBag from /home/airflow/.local/lib/python3.12/site-packages/airflow/example_dags/example_bash_operator.py
[2024-09-30T16:40:08.136+0000] {processor.py:840} INFO - DAG(s) 'example_bash_operator' retrieved from /home/airflow/.local/lib/python3.12/site-packages/airflow/example_dags/example_bash_operator.py
[2024-09-30T16:40:08.158+0000] {logging_mixin.py:188} INFO - [2024-09-30T16:40:08.158+0000] {dag.py:3096} INFO - Sync 1 DAGs
[2024-09-30T16:40:08.175+0000] {logging_mixin.py:188} INFO - [2024-09-30T16:40:08.175+0000] {dag.py:3954} INFO - Setting next_dagrun for example_bash_operator to 2024-09-29 00:00:00+00:00, run_after=2024-09-30 00:00:00+00:00
[2024-09-30T16:40:08.370+0000] {processor.py:183} INFO - Processing /home/airflow/.local/lib/python3.12/site-packages/airflow/example_dags/example_bash_operator.py took 0.254 seconds
[2024-09-30T16:40:38.914+0000] {processor.py:161} INFO - Started process (PID=3735) to work on /home/airflow/.local/lib/python3.12/site-packages/airflow/example_dags/example_bash_operator.py
[2024-09-30T16:40:38.914+0000] {processor.py:830} INFO - Processing file /home/airflow/.local/lib/python3.12/site-packages/airflow/example_dags/example_bash_operator.py for tasks to queue
[2024-09-30T16:40:38.916+0000] {logging_mixin.py:188} INFO - [2024-09-30T16:40:38.916+0000] {dagbag.py:540} INFO - Filling up the DagBag from /home/airflow/.local/lib/python3.12/site-packages/airflow/example_dags/example_bash_operator.py
[2024-09-30T16:40:38.928+0000] {processor.py:840} INFO - DAG(s) 'example_bash_operator' retrieved from /home/airflow/.local/lib/python3.12/site-packages/airflow/example_dags/example_bash_operator.py
[2024-09-30T16:40:38.958+0000] {logging_mixin.py:188} INFO - [2024-09-30T16:40:38.957+0000] {dag.py:3096} INFO - Sync 1 DAGs
[2024-09-30T16:40:38.981+0000] {logging_mixin.py:188} INFO - [2024-09-30T16:40:38.981+0000] {dag.py:3954} INFO - Setting next_dagrun for example_bash_operator to 2024-09-29 00:00:00+00:00, run_after=2024-09-30 00:00:00+00:00
[2024-09-30T16:40:39.000+0000] {processor.py:183} INFO - Processing /home/airflow/.local/lib/python3.12/site-packages/airflow/example_dags/example_bash_operator.py took 0.091 seconds
[2024-09-30T16:41:09.541+0000] {processor.py:161} INFO - Started process (PID=4001) to work on /home/airflow/.local/lib/python3.12/site-packages/airflow/example_dags/example_bash_operator.py
[2024-09-30T16:41:09.542+0000] {processor.py:830} INFO - Processing file /home/airflow/.local/lib/python3.12/site-packages/airflow/example_dags/example_bash_operator.py for tasks to queue
[2024-09-30T16:41:09.544+0000] {logging_mixin.py:188} INFO - [2024-09-30T16:41:09.543+0000] {dagbag.py:540} INFO - Filling up the DagBag from /home/airflow/.local/lib/python3.12/site-packages/airflow/example_dags/example_bash_operator.py
[2024-09-30T16:41:09.555+0000] {processor.py:840} INFO - DAG(s) 'example_bash_operator' retrieved from /home/airflow/.local/lib/python3.12/site-packages/airflow/example_dags/example_bash_operator.py
[2024-09-30T16:41:09.577+0000] {logging_mixin.py:188} INFO - [2024-09-30T16:41:09.576+0000] {dag.py:3096} INFO - Sync 1 DAGs
[2024-09-30T16:41:09.594+0000] {logging_mixin.py:188} INFO - [2024-09-30T16:41:09.594+0000] {dag.py:3954} INFO - Setting next_dagrun for example_bash_operator to 2024-09-29 00:00:00+00:00, run_after=2024-09-30 00:00:00+00:00
[2024-09-30T16:41:09.616+0000] {processor.py:183} INFO - Processing /home/airflow/.local/lib/python3.12/site-packages/airflow/example_dags/example_bash_operator.py took 0.080 seconds
[2024-09-30T16:41:39.765+0000] {processor.py:161} INFO - Started process (PID=4267) to work on /home/airflow/.local/lib/python3.12/site-packages/airflow/example_dags/example_bash_operator.py
[2024-09-30T16:41:39.765+0000] {processor.py:830} INFO - Processing file /home/airflow/.local/lib/python3.12/site-packages/airflow/example_dags/example_bash_operator.py for tasks to queue
[2024-09-30T16:41:39.766+0000] {logging_mixin.py:188} INFO - [2024-09-30T16:41:39.766+0000] {dagbag.py:540} INFO - Filling up the DagBag from /home/airflow/.local/lib/python3.12/site-packages/airflow/example_dags/example_bash_operator.py
[2024-09-30T16:41:39.775+0000] {processor.py:840} INFO - DAG(s) 'example_bash_operator' retrieved from /home/airflow/.local/lib/python3.12/site-packages/airflow/example_dags/example_bash_operator.py
[2024-09-30T16:41:39.803+0000] {logging_mixin.py:188} INFO - [2024-09-30T16:41:39.802+0000] {dag.py:3096} INFO - Sync 1 DAGs
[2024-09-30T16:41:39.822+0000] {logging_mixin.py:188} INFO - [2024-09-30T16:41:39.822+0000] {dag.py:3954} INFO - Setting next_dagrun for example_bash_operator to 2024-09-29 00:00:00+00:00, run_after=2024-09-30 00:00:00+00:00
[2024-09-30T16:41:39.840+0000] {processor.py:183} INFO - Processing /home/airflow/.local/lib/python3.12/site-packages/airflow/example_dags/example_bash_operator.py took 0.080 seconds
[2024-09-30T16:42:10.302+0000] {processor.py:161} INFO - Started process (PID=4533) to work on /home/airflow/.local/lib/python3.12/site-packages/airflow/example_dags/example_bash_operator.py
[2024-09-30T16:42:10.303+0000] {processor.py:830} INFO - Processing file /home/airflow/.local/lib/python3.12/site-packages/airflow/example_dags/example_bash_operator.py for tasks to queue
[2024-09-30T16:42:10.304+0000] {logging_mixin.py:188} INFO - [2024-09-30T16:42:10.304+0000] {dagbag.py:540} INFO - Filling up the DagBag from /home/airflow/.local/lib/python3.12/site-packages/airflow/example_dags/example_bash_operator.py
[2024-09-30T16:42:10.316+0000] {processor.py:840} INFO - DAG(s) 'example_bash_operator' retrieved from /home/airflow/.local/lib/python3.12/site-packages/airflow/example_dags/example_bash_operator.py
[2024-09-30T16:42:10.338+0000] {logging_mixin.py:188} INFO - [2024-09-30T16:42:10.338+0000] {dag.py:3096} INFO - Sync 1 DAGs
[2024-09-30T16:42:10.355+0000] {logging_mixin.py:188} INFO - [2024-09-30T16:42:10.355+0000] {dag.py:3954} INFO - Setting next_dagrun for example_bash_operator to 2024-09-29 00:00:00+00:00, run_after=2024-09-30 00:00:00+00:00
[2024-09-30T16:42:10.376+0000] {processor.py:183} INFO - Processing /home/airflow/.local/lib/python3.12/site-packages/airflow/example_dags/example_bash_operator.py took 0.079 seconds
[2024-09-30T16:42:40.880+0000] {processor.py:161} INFO - Started process (PID=4799) to work on /home/airflow/.local/lib/python3.12/site-packages/airflow/example_dags/example_bash_operator.py
[2024-09-30T16:42:40.881+0000] {processor.py:830} INFO - Processing file /home/airflow/.local/lib/python3.12/site-packages/airflow/example_dags/example_bash_operator.py for tasks to queue
[2024-09-30T16:42:40.883+0000] {logging_mixin.py:188} INFO - [2024-09-30T16:42:40.882+0000] {dagbag.py:540} INFO - Filling up the DagBag from /home/airflow/.local/lib/python3.12/site-packages/airflow/example_dags/example_bash_operator.py
[2024-09-30T16:42:40.895+0000] {processor.py:840} INFO - DAG(s) 'example_bash_operator' retrieved from /home/airflow/.local/lib/python3.12/site-packages/airflow/example_dags/example_bash_operator.py
[2024-09-30T16:42:41.089+0000] {logging_mixin.py:188} INFO - [2024-09-30T16:42:41.089+0000] {dag.py:3096} INFO - Sync 1 DAGs
[2024-09-30T16:42:41.105+0000] {logging_mixin.py:188} INFO - [2024-09-30T16:42:41.105+0000] {dag.py:3954} INFO - Setting next_dagrun for example_bash_operator to 2024-09-29 00:00:00+00:00, run_after=2024-09-30 00:00:00+00:00
[2024-09-30T16:42:41.123+0000] {processor.py:183} INFO - Processing /home/airflow/.local/lib/python3.12/site-packages/airflow/example_dags/example_bash_operator.py took 0.248 seconds
[2024-09-30T16:43:11.665+0000] {processor.py:161} INFO - Started process (PID=5058) to work on /home/airflow/.local/lib/python3.12/site-packages/airflow/example_dags/example_bash_operator.py
[2024-09-30T16:43:11.666+0000] {processor.py:830} INFO - Processing file /home/airflow/.local/lib/python3.12/site-packages/airflow/example_dags/example_bash_operator.py for tasks to queue
[2024-09-30T16:43:11.667+0000] {logging_mixin.py:188} INFO - [2024-09-30T16:43:11.667+0000] {dagbag.py:540} INFO - Filling up the DagBag from /home/airflow/.local/lib/python3.12/site-packages/airflow/example_dags/example_bash_operator.py
[2024-09-30T16:43:11.676+0000] {processor.py:840} INFO - DAG(s) 'example_bash_operator' retrieved from /home/airflow/.local/lib/python3.12/site-packages/airflow/example_dags/example_bash_operator.py
[2024-09-30T16:43:11.697+0000] {logging_mixin.py:188} INFO - [2024-09-30T16:43:11.696+0000] {dag.py:3096} INFO - Sync 1 DAGs
[2024-09-30T16:43:11.714+0000] {logging_mixin.py:188} INFO - [2024-09-30T16:43:11.714+0000] {dag.py:3954} INFO - Setting next_dagrun for example_bash_operator to 2024-09-29 00:00:00+00:00, run_after=2024-09-30 00:00:00+00:00
[2024-09-30T16:43:11.731+0000] {processor.py:183} INFO - Processing /home/airflow/.local/lib/python3.12/site-packages/airflow/example_dags/example_bash_operator.py took 0.072 seconds
[2024-09-30T16:43:42.194+0000] {processor.py:161} INFO - Started process (PID=5324) to work on /home/airflow/.local/lib/python3.12/site-packages/airflow/example_dags/example_bash_operator.py
[2024-09-30T16:43:42.195+0000] {processor.py:830} INFO - Processing file /home/airflow/.local/lib/python3.12/site-packages/airflow/example_dags/example_bash_operator.py for tasks to queue
[2024-09-30T16:43:42.197+0000] {logging_mixin.py:188} INFO - [2024-09-30T16:43:42.196+0000] {dagbag.py:540} INFO - Filling up the DagBag from /home/airflow/.local/lib/python3.12/site-packages/airflow/example_dags/example_bash_operator.py
[2024-09-30T16:43:42.206+0000] {processor.py:840} INFO - DAG(s) 'example_bash_operator' retrieved from /home/airflow/.local/lib/python3.12/site-packages/airflow/example_dags/example_bash_operator.py
[2024-09-30T16:43:42.228+0000] {logging_mixin.py:188} INFO - [2024-09-30T16:43:42.228+0000] {dag.py:3096} INFO - Sync 1 DAGs
[2024-09-30T16:43:42.247+0000] {logging_mixin.py:188} INFO - [2024-09-30T16:43:42.247+0000] {dag.py:3954} INFO - Setting next_dagrun for example_bash_operator to 2024-09-29 00:00:00+00:00, run_after=2024-09-30 00:00:00+00:00
[2024-09-30T16:43:42.265+0000] {processor.py:183} INFO - Processing /home/airflow/.local/lib/python3.12/site-packages/airflow/example_dags/example_bash_operator.py took 0.076 seconds
[2024-09-30T16:44:12.745+0000] {processor.py:161} INFO - Started process (PID=5590) to work on /home/airflow/.local/lib/python3.12/site-packages/airflow/example_dags/example_bash_operator.py
[2024-09-30T16:44:12.746+0000] {processor.py:830} INFO - Processing file /home/airflow/.local/lib/python3.12/site-packages/airflow/example_dags/example_bash_operator.py for tasks to queue
[2024-09-30T16:44:12.747+0000] {logging_mixin.py:188} INFO - [2024-09-30T16:44:12.747+0000] {dagbag.py:540} INFO - Filling up the DagBag from /home/airflow/.local/lib/python3.12/site-packages/airflow/example_dags/example_bash_operator.py
[2024-09-30T16:44:12.759+0000] {processor.py:840} INFO - DAG(s) 'example_bash_operator' retrieved from /home/airflow/.local/lib/python3.12/site-packages/airflow/example_dags/example_bash_operator.py
[2024-09-30T16:44:12.787+0000] {logging_mixin.py:188} INFO - [2024-09-30T16:44:12.787+0000] {dag.py:3096} INFO - Sync 1 DAGs
[2024-09-30T16:44:12.807+0000] {logging_mixin.py:188} INFO - [2024-09-30T16:44:12.807+0000] {dag.py:3954} INFO - Setting next_dagrun for example_bash_operator to 2024-09-29 00:00:00+00:00, run_after=2024-09-30 00:00:00+00:00
[2024-09-30T16:44:12.830+0000] {processor.py:183} INFO - Processing /home/airflow/.local/lib/python3.12/site-packages/airflow/example_dags/example_bash_operator.py took 0.090 seconds
[2024-09-30T16:44:43.207+0000] {processor.py:161} INFO - Started process (PID=5856) to work on /home/airflow/.local/lib/python3.12/site-packages/airflow/example_dags/example_bash_operator.py
[2024-09-30T16:44:43.208+0000] {processor.py:830} INFO - Processing file /home/airflow/.local/lib/python3.12/site-packages/airflow/example_dags/example_bash_operator.py for tasks to queue
[2024-09-30T16:44:43.209+0000] {logging_mixin.py:188} INFO - [2024-09-30T16:44:43.209+0000] {dagbag.py:540} INFO - Filling up the DagBag from /home/airflow/.local/lib/python3.12/site-packages/airflow/example_dags/example_bash_operator.py
[2024-09-30T16:44:43.218+0000] {processor.py:840} INFO - DAG(s) 'example_bash_operator' retrieved from /home/airflow/.local/lib/python3.12/site-packages/airflow/example_dags/example_bash_operator.py
[2024-09-30T16:44:43.239+0000] {logging_mixin.py:188} INFO - [2024-09-30T16:44:43.239+0000] {dag.py:3096} INFO - Sync 1 DAGs
[2024-09-30T16:44:43.258+0000] {logging_mixin.py:188} INFO - [2024-09-30T16:44:43.257+0000] {dag.py:3954} INFO - Setting next_dagrun for example_bash_operator to 2024-09-29 00:00:00+00:00, run_after=2024-09-30 00:00:00+00:00
[2024-09-30T16:44:43.277+0000] {processor.py:183} INFO - Processing /home/airflow/.local/lib/python3.12/site-packages/airflow/example_dags/example_bash_operator.py took 0.076 seconds
[2024-09-30T16:45:13.778+0000] {processor.py:161} INFO - Started process (PID=6122) to work on /home/airflow/.local/lib/python3.12/site-packages/airflow/example_dags/example_bash_operator.py
[2024-09-30T16:45:13.778+0000] {processor.py:830} INFO - Processing file /home/airflow/.local/lib/python3.12/site-packages/airflow/example_dags/example_bash_operator.py for tasks to queue
[2024-09-30T16:45:13.780+0000] {logging_mixin.py:188} INFO - [2024-09-30T16:45:13.780+0000] {dagbag.py:540} INFO - Filling up the DagBag from /home/airflow/.local/lib/python3.12/site-packages/airflow/example_dags/example_bash_operator.py
[2024-09-30T16:45:13.791+0000] {processor.py:840} INFO - DAG(s) 'example_bash_operator' retrieved from /home/airflow/.local/lib/python3.12/site-packages/airflow/example_dags/example_bash_operator.py
[2024-09-30T16:45:13.814+0000] {logging_mixin.py:188} INFO - [2024-09-30T16:45:13.814+0000] {dag.py:3096} INFO - Sync 1 DAGs
[2024-09-30T16:45:13.834+0000] {logging_mixin.py:188} INFO - [2024-09-30T16:45:13.833+0000] {dag.py:3954} INFO - Setting next_dagrun for example_bash_operator to 2024-09-29 00:00:00+00:00, run_after=2024-09-30 00:00:00+00:00
[2024-09-30T16:45:13.853+0000] {processor.py:183} INFO - Processing /home/airflow/.local/lib/python3.12/site-packages/airflow/example_dags/example_bash_operator.py took 0.081 seconds
[2024-09-30T16:45:44.275+0000] {processor.py:161} INFO - Started process (PID=6388) to work on /home/airflow/.local/lib/python3.12/site-packages/airflow/example_dags/example_bash_operator.py
[2024-09-30T16:45:44.276+0000] {processor.py:830} INFO - Processing file /home/airflow/.local/lib/python3.12/site-packages/airflow/example_dags/example_bash_operator.py for tasks to queue
[2024-09-30T16:45:44.278+0000] {logging_mixin.py:188} INFO - [2024-09-30T16:45:44.277+0000] {dagbag.py:540} INFO - Filling up the DagBag from /home/airflow/.local/lib/python3.12/site-packages/airflow/example_dags/example_bash_operator.py
[2024-09-30T16:45:44.287+0000] {processor.py:840} INFO - DAG(s) 'example_bash_operator' retrieved from /home/airflow/.local/lib/python3.12/site-packages/airflow/example_dags/example_bash_operator.py
[2024-09-30T16:45:44.307+0000] {logging_mixin.py:188} INFO - [2024-09-30T16:45:44.307+0000] {dag.py:3096} INFO - Sync 1 DAGs
[2024-09-30T16:45:44.324+0000] {logging_mixin.py:188} INFO - [2024-09-30T16:45:44.324+0000] {dag.py:3954} INFO - Setting next_dagrun for example_bash_operator to 2024-09-29 00:00:00+00:00, run_after=2024-09-30 00:00:00+00:00
[2024-09-30T16:45:44.342+0000] {processor.py:183} INFO - Processing /home/airflow/.local/lib/python3.12/site-packages/airflow/example_dags/example_bash_operator.py took 0.072 seconds
[2024-09-30T16:46:14.807+0000] {processor.py:161} INFO - Started process (PID=6654) to work on /home/airflow/.local/lib/python3.12/site-packages/airflow/example_dags/example_bash_operator.py
[2024-09-30T16:46:14.808+0000] {processor.py:830} INFO - Processing file /home/airflow/.local/lib/python3.12/site-packages/airflow/example_dags/example_bash_operator.py for tasks to queue
[2024-09-30T16:46:14.809+0000] {logging_mixin.py:188} INFO - [2024-09-30T16:46:14.809+0000] {dagbag.py:540} INFO - Filling up the DagBag from /home/airflow/.local/lib/python3.12/site-packages/airflow/example_dags/example_bash_operator.py
[2024-09-30T16:46:14.820+0000] {processor.py:840} INFO - DAG(s) 'example_bash_operator' retrieved from /home/airflow/.local/lib/python3.12/site-packages/airflow/example_dags/example_bash_operator.py
[2024-09-30T16:46:14.852+0000] {logging_mixin.py:188} INFO - [2024-09-30T16:46:14.851+0000] {dag.py:3096} INFO - Sync 1 DAGs
[2024-09-30T16:46:14.876+0000] {logging_mixin.py:188} INFO - [2024-09-30T16:46:14.876+0000] {dag.py:3954} INFO - Setting next_dagrun for example_bash_operator to 2024-09-29 00:00:00+00:00, run_after=2024-09-30 00:00:00+00:00
[2024-09-30T16:46:14.894+0000] {processor.py:183} INFO - Processing /home/airflow/.local/lib/python3.12/site-packages/airflow/example_dags/example_bash_operator.py took 0.093 seconds
[2024-09-30T16:46:45.635+0000] {processor.py:161} INFO - Started process (PID=6920) to work on /home/airflow/.local/lib/python3.12/site-packages/airflow/example_dags/example_bash_operator.py
[2024-09-30T16:46:45.635+0000] {processor.py:830} INFO - Processing file /home/airflow/.local/lib/python3.12/site-packages/airflow/example_dags/example_bash_operator.py for tasks to queue
[2024-09-30T16:46:45.637+0000] {logging_mixin.py:188} INFO - [2024-09-30T16:46:45.636+0000] {dagbag.py:540} INFO - Filling up the DagBag from /home/airflow/.local/lib/python3.12/site-packages/airflow/example_dags/example_bash_operator.py
[2024-09-30T16:46:45.648+0000] {processor.py:840} INFO - DAG(s) 'example_bash_operator' retrieved from /home/airflow/.local/lib/python3.12/site-packages/airflow/example_dags/example_bash_operator.py
[2024-09-30T16:46:45.674+0000] {logging_mixin.py:188} INFO - [2024-09-30T16:46:45.674+0000] {dag.py:3096} INFO - Sync 1 DAGs
[2024-09-30T16:46:45.691+0000] {logging_mixin.py:188} INFO - [2024-09-30T16:46:45.691+0000] {dag.py:3954} INFO - Setting next_dagrun for example_bash_operator to 2024-09-29 00:00:00+00:00, run_after=2024-09-30 00:00:00+00:00
[2024-09-30T16:46:45.709+0000] {processor.py:183} INFO - Processing /home/airflow/.local/lib/python3.12/site-packages/airflow/example_dags/example_bash_operator.py took 0.082 seconds
[2024-09-30T16:47:16.179+0000] {processor.py:161} INFO - Started process (PID=7186) to work on /home/airflow/.local/lib/python3.12/site-packages/airflow/example_dags/example_bash_operator.py
[2024-09-30T16:47:16.179+0000] {processor.py:830} INFO - Processing file /home/airflow/.local/lib/python3.12/site-packages/airflow/example_dags/example_bash_operator.py for tasks to queue
[2024-09-30T16:47:16.181+0000] {logging_mixin.py:188} INFO - [2024-09-30T16:47:16.181+0000] {dagbag.py:540} INFO - Filling up the DagBag from /home/airflow/.local/lib/python3.12/site-packages/airflow/example_dags/example_bash_operator.py
[2024-09-30T16:47:16.191+0000] {processor.py:840} INFO - DAG(s) 'example_bash_operator' retrieved from /home/airflow/.local/lib/python3.12/site-packages/airflow/example_dags/example_bash_operator.py
[2024-09-30T16:47:16.211+0000] {logging_mixin.py:188} INFO - [2024-09-30T16:47:16.211+0000] {dag.py:3096} INFO - Sync 1 DAGs
[2024-09-30T16:47:16.230+0000] {logging_mixin.py:188} INFO - [2024-09-30T16:47:16.230+0000] {dag.py:3954} INFO - Setting next_dagrun for example_bash_operator to 2024-09-29 00:00:00+00:00, run_after=2024-09-30 00:00:00+00:00
[2024-09-30T16:47:16.249+0000] {processor.py:183} INFO - Processing /home/airflow/.local/lib/python3.12/site-packages/airflow/example_dags/example_bash_operator.py took 0.076 seconds
