[2024-09-30T16:33:57.588+0000] {processor.py:161} INFO - Started process (PID=232) to work on /home/airflow/.local/lib/python3.12/site-packages/airflow/example_dags/example_external_task_marker_dag.py
[2024-09-30T16:33:57.588+0000] {processor.py:830} INFO - Processing file /home/airflow/.local/lib/python3.12/site-packages/airflow/example_dags/example_external_task_marker_dag.py for tasks to queue
[2024-09-30T16:33:57.590+0000] {logging_mixin.py:188} INFO - [2024-09-30T16:33:57.589+0000] {dagbag.py:540} INFO - Filling up the DagBag from /home/airflow/.local/lib/python3.12/site-packages/airflow/example_dags/example_external_task_marker_dag.py
[2024-09-30T16:33:57.596+0000] {processor.py:840} INFO - DAG(s) 'example_external_task_marker_parent', 'example_external_task_marker_child' retrieved from /home/airflow/.local/lib/python3.12/site-packages/airflow/example_dags/example_external_task_marker_dag.py
[2024-09-30T16:33:57.619+0000] {logging_mixin.py:188} INFO - [2024-09-30T16:33:57.619+0000] {dag.py:3096} INFO - Sync 2 DAGs
[2024-09-30T16:33:57.638+0000] {logging_mixin.py:188} INFO - [2024-09-30T16:33:57.638+0000] {dag.py:3954} INFO - Setting next_dagrun for example_external_task_marker_child to None, run_after=None
[2024-09-30T16:33:57.643+0000] {logging_mixin.py:188} INFO - [2024-09-30T16:33:57.642+0000] {dag.py:3954} INFO - Setting next_dagrun for example_external_task_marker_parent to None, run_after=None
[2024-09-30T16:33:57.669+0000] {processor.py:183} INFO - Processing /home/airflow/.local/lib/python3.12/site-packages/airflow/example_dags/example_external_task_marker_dag.py took 0.088 seconds
[2024-09-30T16:34:28.682+0000] {processor.py:161} INFO - Started process (PID=500) to work on /home/airflow/.local/lib/python3.12/site-packages/airflow/example_dags/example_external_task_marker_dag.py
[2024-09-30T16:34:28.683+0000] {processor.py:830} INFO - Processing file /home/airflow/.local/lib/python3.12/site-packages/airflow/example_dags/example_external_task_marker_dag.py for tasks to queue
[2024-09-30T16:34:28.685+0000] {logging_mixin.py:188} INFO - [2024-09-30T16:34:28.684+0000] {dagbag.py:540} INFO - Filling up the DagBag from /home/airflow/.local/lib/python3.12/site-packages/airflow/example_dags/example_external_task_marker_dag.py
[2024-09-30T16:34:28.690+0000] {processor.py:840} INFO - DAG(s) 'example_external_task_marker_child', 'example_external_task_marker_parent' retrieved from /home/airflow/.local/lib/python3.12/site-packages/airflow/example_dags/example_external_task_marker_dag.py
[2024-09-30T16:34:28.712+0000] {logging_mixin.py:188} INFO - [2024-09-30T16:34:28.711+0000] {dag.py:3096} INFO - Sync 2 DAGs
[2024-09-30T16:34:28.725+0000] {logging_mixin.py:188} INFO - [2024-09-30T16:34:28.724+0000] {dag.py:3954} INFO - Setting next_dagrun for example_external_task_marker_child to None, run_after=None
[2024-09-30T16:34:28.727+0000] {logging_mixin.py:188} INFO - [2024-09-30T16:34:28.727+0000] {dag.py:3954} INFO - Setting next_dagrun for example_external_task_marker_parent to None, run_after=None
[2024-09-30T16:34:28.751+0000] {processor.py:183} INFO - Processing /home/airflow/.local/lib/python3.12/site-packages/airflow/example_dags/example_external_task_marker_dag.py took 0.074 seconds
[2024-09-30T16:35:00.718+0000] {processor.py:161} INFO - Started process (PID=764) to work on /home/airflow/.local/lib/python3.12/site-packages/airflow/example_dags/example_external_task_marker_dag.py
[2024-09-30T16:35:00.723+0000] {processor.py:830} INFO - Processing file /home/airflow/.local/lib/python3.12/site-packages/airflow/example_dags/example_external_task_marker_dag.py for tasks to queue
[2024-09-30T16:35:00.725+0000] {logging_mixin.py:188} INFO - [2024-09-30T16:35:00.724+0000] {dagbag.py:540} INFO - Filling up the DagBag from /home/airflow/.local/lib/python3.12/site-packages/airflow/example_dags/example_external_task_marker_dag.py
[2024-09-30T16:35:00.731+0000] {processor.py:840} INFO - DAG(s) 'example_external_task_marker_child', 'example_external_task_marker_parent' retrieved from /home/airflow/.local/lib/python3.12/site-packages/airflow/example_dags/example_external_task_marker_dag.py
[2024-09-30T16:35:00.754+0000] {logging_mixin.py:188} INFO - [2024-09-30T16:35:00.753+0000] {dag.py:3096} INFO - Sync 2 DAGs
[2024-09-30T16:35:00.767+0000] {logging_mixin.py:188} INFO - [2024-09-30T16:35:00.767+0000] {dag.py:3954} INFO - Setting next_dagrun for example_external_task_marker_child to None, run_after=None
[2024-09-30T16:35:00.770+0000] {logging_mixin.py:188} INFO - [2024-09-30T16:35:00.770+0000] {dag.py:3954} INFO - Setting next_dagrun for example_external_task_marker_parent to None, run_after=None
[2024-09-30T16:35:00.811+0000] {processor.py:183} INFO - Processing /home/airflow/.local/lib/python3.12/site-packages/airflow/example_dags/example_external_task_marker_dag.py took 0.099 seconds
[2024-09-30T16:35:31.781+0000] {processor.py:161} INFO - Started process (PID=1032) to work on /home/airflow/.local/lib/python3.12/site-packages/airflow/example_dags/example_external_task_marker_dag.py
[2024-09-30T16:35:31.782+0000] {processor.py:830} INFO - Processing file /home/airflow/.local/lib/python3.12/site-packages/airflow/example_dags/example_external_task_marker_dag.py for tasks to queue
[2024-09-30T16:35:31.783+0000] {logging_mixin.py:188} INFO - [2024-09-30T16:35:31.783+0000] {dagbag.py:540} INFO - Filling up the DagBag from /home/airflow/.local/lib/python3.12/site-packages/airflow/example_dags/example_external_task_marker_dag.py
[2024-09-30T16:35:31.787+0000] {processor.py:840} INFO - DAG(s) 'example_external_task_marker_child', 'example_external_task_marker_parent' retrieved from /home/airflow/.local/lib/python3.12/site-packages/airflow/example_dags/example_external_task_marker_dag.py
[2024-09-30T16:35:31.805+0000] {logging_mixin.py:188} INFO - [2024-09-30T16:35:31.804+0000] {dag.py:3096} INFO - Sync 2 DAGs
[2024-09-30T16:35:31.814+0000] {logging_mixin.py:188} INFO - [2024-09-30T16:35:31.814+0000] {dag.py:3954} INFO - Setting next_dagrun for example_external_task_marker_child to None, run_after=None
[2024-09-30T16:35:31.817+0000] {logging_mixin.py:188} INFO - [2024-09-30T16:35:31.817+0000] {dag.py:3954} INFO - Setting next_dagrun for example_external_task_marker_parent to None, run_after=None
[2024-09-30T16:35:31.837+0000] {processor.py:183} INFO - Processing /home/airflow/.local/lib/python3.12/site-packages/airflow/example_dags/example_external_task_marker_dag.py took 0.060 seconds
[2024-09-30T16:36:02.712+0000] {processor.py:161} INFO - Started process (PID=1296) to work on /home/airflow/.local/lib/python3.12/site-packages/airflow/example_dags/example_external_task_marker_dag.py
[2024-09-30T16:36:02.713+0000] {processor.py:830} INFO - Processing file /home/airflow/.local/lib/python3.12/site-packages/airflow/example_dags/example_external_task_marker_dag.py for tasks to queue
[2024-09-30T16:36:02.715+0000] {logging_mixin.py:188} INFO - [2024-09-30T16:36:02.714+0000] {dagbag.py:540} INFO - Filling up the DagBag from /home/airflow/.local/lib/python3.12/site-packages/airflow/example_dags/example_external_task_marker_dag.py
[2024-09-30T16:36:02.720+0000] {processor.py:840} INFO - DAG(s) 'example_external_task_marker_child', 'example_external_task_marker_parent' retrieved from /home/airflow/.local/lib/python3.12/site-packages/airflow/example_dags/example_external_task_marker_dag.py
[2024-09-30T16:36:02.746+0000] {logging_mixin.py:188} INFO - [2024-09-30T16:36:02.745+0000] {dag.py:3096} INFO - Sync 2 DAGs
[2024-09-30T16:36:02.761+0000] {logging_mixin.py:188} INFO - [2024-09-30T16:36:02.761+0000] {dag.py:3954} INFO - Setting next_dagrun for example_external_task_marker_child to None, run_after=None
[2024-09-30T16:36:02.766+0000] {logging_mixin.py:188} INFO - [2024-09-30T16:36:02.765+0000] {dag.py:3954} INFO - Setting next_dagrun for example_external_task_marker_parent to None, run_after=None
[2024-09-30T16:36:02.790+0000] {processor.py:183} INFO - Processing /home/airflow/.local/lib/python3.12/site-packages/airflow/example_dags/example_external_task_marker_dag.py took 0.084 seconds
[2024-09-30T16:36:33.812+0000] {processor.py:161} INFO - Started process (PID=1620) to work on /home/airflow/.local/lib/python3.12/site-packages/airflow/example_dags/example_external_task_marker_dag.py
[2024-09-30T16:36:33.815+0000] {processor.py:830} INFO - Processing file /home/airflow/.local/lib/python3.12/site-packages/airflow/example_dags/example_external_task_marker_dag.py for tasks to queue
[2024-09-30T16:36:33.821+0000] {logging_mixin.py:188} INFO - [2024-09-30T16:36:33.821+0000] {dagbag.py:540} INFO - Filling up the DagBag from /home/airflow/.local/lib/python3.12/site-packages/airflow/example_dags/example_external_task_marker_dag.py
[2024-09-30T16:36:33.853+0000] {processor.py:840} INFO - DAG(s) 'example_external_task_marker_parent', 'example_external_task_marker_child' retrieved from /home/airflow/.local/lib/python3.12/site-packages/airflow/example_dags/example_external_task_marker_dag.py
[2024-09-30T16:36:33.910+0000] {logging_mixin.py:188} INFO - [2024-09-30T16:36:33.909+0000] {dag.py:3096} INFO - Sync 2 DAGs
[2024-09-30T16:36:33.977+0000] {logging_mixin.py:188} INFO - [2024-09-30T16:36:33.973+0000] {dag.py:3954} INFO - Setting next_dagrun for example_external_task_marker_child to None, run_after=None
[2024-09-30T16:36:33.985+0000] {logging_mixin.py:188} INFO - [2024-09-30T16:36:33.984+0000] {dag.py:3954} INFO - Setting next_dagrun for example_external_task_marker_parent to None, run_after=None
[2024-09-30T16:36:34.055+0000] {processor.py:183} INFO - Processing /home/airflow/.local/lib/python3.12/site-packages/airflow/example_dags/example_external_task_marker_dag.py took 0.263 seconds
[2024-09-30T16:37:04.293+0000] {processor.py:161} INFO - Started process (PID=1891) to work on /home/airflow/.local/lib/python3.12/site-packages/airflow/example_dags/example_external_task_marker_dag.py
[2024-09-30T16:37:04.294+0000] {processor.py:830} INFO - Processing file /home/airflow/.local/lib/python3.12/site-packages/airflow/example_dags/example_external_task_marker_dag.py for tasks to queue
[2024-09-30T16:37:04.295+0000] {logging_mixin.py:188} INFO - [2024-09-30T16:37:04.295+0000] {dagbag.py:540} INFO - Filling up the DagBag from /home/airflow/.local/lib/python3.12/site-packages/airflow/example_dags/example_external_task_marker_dag.py
[2024-09-30T16:37:04.301+0000] {processor.py:840} INFO - DAG(s) 'example_external_task_marker_child', 'example_external_task_marker_parent' retrieved from /home/airflow/.local/lib/python3.12/site-packages/airflow/example_dags/example_external_task_marker_dag.py
[2024-09-30T16:37:04.321+0000] {logging_mixin.py:188} INFO - [2024-09-30T16:37:04.321+0000] {dag.py:3096} INFO - Sync 2 DAGs
[2024-09-30T16:37:04.331+0000] {logging_mixin.py:188} INFO - [2024-09-30T16:37:04.331+0000] {dag.py:3954} INFO - Setting next_dagrun for example_external_task_marker_child to None, run_after=None
[2024-09-30T16:37:04.334+0000] {logging_mixin.py:188} INFO - [2024-09-30T16:37:04.334+0000] {dag.py:3954} INFO - Setting next_dagrun for example_external_task_marker_parent to None, run_after=None
[2024-09-30T16:37:04.353+0000] {processor.py:183} INFO - Processing /home/airflow/.local/lib/python3.12/site-packages/airflow/example_dags/example_external_task_marker_dag.py took 0.065 seconds
[2024-09-30T16:37:34.825+0000] {processor.py:161} INFO - Started process (PID=2157) to work on /home/airflow/.local/lib/python3.12/site-packages/airflow/example_dags/example_external_task_marker_dag.py
[2024-09-30T16:37:34.826+0000] {processor.py:830} INFO - Processing file /home/airflow/.local/lib/python3.12/site-packages/airflow/example_dags/example_external_task_marker_dag.py for tasks to queue
[2024-09-30T16:37:34.827+0000] {logging_mixin.py:188} INFO - [2024-09-30T16:37:34.827+0000] {dagbag.py:540} INFO - Filling up the DagBag from /home/airflow/.local/lib/python3.12/site-packages/airflow/example_dags/example_external_task_marker_dag.py
[2024-09-30T16:37:34.832+0000] {processor.py:840} INFO - DAG(s) 'example_external_task_marker_child', 'example_external_task_marker_parent' retrieved from /home/airflow/.local/lib/python3.12/site-packages/airflow/example_dags/example_external_task_marker_dag.py
[2024-09-30T16:37:34.850+0000] {logging_mixin.py:188} INFO - [2024-09-30T16:37:34.850+0000] {dag.py:3096} INFO - Sync 2 DAGs
[2024-09-30T16:37:34.864+0000] {logging_mixin.py:188} INFO - [2024-09-30T16:37:34.864+0000] {dag.py:3954} INFO - Setting next_dagrun for example_external_task_marker_child to None, run_after=None
[2024-09-30T16:37:34.868+0000] {logging_mixin.py:188} INFO - [2024-09-30T16:37:34.868+0000] {dag.py:3954} INFO - Setting next_dagrun for example_external_task_marker_parent to None, run_after=None
[2024-09-30T16:37:34.894+0000] {processor.py:183} INFO - Processing /home/airflow/.local/lib/python3.12/site-packages/airflow/example_dags/example_external_task_marker_dag.py took 0.073 seconds
[2024-09-30T16:38:05.506+0000] {processor.py:161} INFO - Started process (PID=2423) to work on /home/airflow/.local/lib/python3.12/site-packages/airflow/example_dags/example_external_task_marker_dag.py
[2024-09-30T16:38:05.506+0000] {processor.py:830} INFO - Processing file /home/airflow/.local/lib/python3.12/site-packages/airflow/example_dags/example_external_task_marker_dag.py for tasks to queue
[2024-09-30T16:38:05.508+0000] {logging_mixin.py:188} INFO - [2024-09-30T16:38:05.508+0000] {dagbag.py:540} INFO - Filling up the DagBag from /home/airflow/.local/lib/python3.12/site-packages/airflow/example_dags/example_external_task_marker_dag.py
[2024-09-30T16:38:05.514+0000] {processor.py:840} INFO - DAG(s) 'example_external_task_marker_child', 'example_external_task_marker_parent' retrieved from /home/airflow/.local/lib/python3.12/site-packages/airflow/example_dags/example_external_task_marker_dag.py
[2024-09-30T16:38:05.536+0000] {logging_mixin.py:188} INFO - [2024-09-30T16:38:05.535+0000] {dag.py:3096} INFO - Sync 2 DAGs
[2024-09-30T16:38:05.548+0000] {logging_mixin.py:188} INFO - [2024-09-30T16:38:05.547+0000] {dag.py:3954} INFO - Setting next_dagrun for example_external_task_marker_child to None, run_after=None
[2024-09-30T16:38:05.551+0000] {logging_mixin.py:188} INFO - [2024-09-30T16:38:05.551+0000] {dag.py:3954} INFO - Setting next_dagrun for example_external_task_marker_parent to None, run_after=None
[2024-09-30T16:38:05.568+0000] {processor.py:183} INFO - Processing /home/airflow/.local/lib/python3.12/site-packages/airflow/example_dags/example_external_task_marker_dag.py took 0.067 seconds
[2024-09-30T16:38:36.191+0000] {processor.py:161} INFO - Started process (PID=2689) to work on /home/airflow/.local/lib/python3.12/site-packages/airflow/example_dags/example_external_task_marker_dag.py
[2024-09-30T16:38:36.192+0000] {processor.py:830} INFO - Processing file /home/airflow/.local/lib/python3.12/site-packages/airflow/example_dags/example_external_task_marker_dag.py for tasks to queue
[2024-09-30T16:38:36.193+0000] {logging_mixin.py:188} INFO - [2024-09-30T16:38:36.193+0000] {dagbag.py:540} INFO - Filling up the DagBag from /home/airflow/.local/lib/python3.12/site-packages/airflow/example_dags/example_external_task_marker_dag.py
[2024-09-30T16:38:36.199+0000] {processor.py:840} INFO - DAG(s) 'example_external_task_marker_child', 'example_external_task_marker_parent' retrieved from /home/airflow/.local/lib/python3.12/site-packages/airflow/example_dags/example_external_task_marker_dag.py
[2024-09-30T16:38:36.217+0000] {logging_mixin.py:188} INFO - [2024-09-30T16:38:36.217+0000] {dag.py:3096} INFO - Sync 2 DAGs
[2024-09-30T16:38:36.227+0000] {logging_mixin.py:188} INFO - [2024-09-30T16:38:36.227+0000] {dag.py:3954} INFO - Setting next_dagrun for example_external_task_marker_child to None, run_after=None
[2024-09-30T16:38:36.230+0000] {logging_mixin.py:188} INFO - [2024-09-30T16:38:36.230+0000] {dag.py:3954} INFO - Setting next_dagrun for example_external_task_marker_parent to None, run_after=None
[2024-09-30T16:38:36.249+0000] {processor.py:183} INFO - Processing /home/airflow/.local/lib/python3.12/site-packages/airflow/example_dags/example_external_task_marker_dag.py took 0.062 seconds
[2024-09-30T16:39:06.720+0000] {processor.py:161} INFO - Started process (PID=2955) to work on /home/airflow/.local/lib/python3.12/site-packages/airflow/example_dags/example_external_task_marker_dag.py
[2024-09-30T16:39:06.720+0000] {processor.py:830} INFO - Processing file /home/airflow/.local/lib/python3.12/site-packages/airflow/example_dags/example_external_task_marker_dag.py for tasks to queue
[2024-09-30T16:39:06.722+0000] {logging_mixin.py:188} INFO - [2024-09-30T16:39:06.721+0000] {dagbag.py:540} INFO - Filling up the DagBag from /home/airflow/.local/lib/python3.12/site-packages/airflow/example_dags/example_external_task_marker_dag.py
[2024-09-30T16:39:06.726+0000] {processor.py:840} INFO - DAG(s) 'example_external_task_marker_parent', 'example_external_task_marker_child' retrieved from /home/airflow/.local/lib/python3.12/site-packages/airflow/example_dags/example_external_task_marker_dag.py
[2024-09-30T16:39:06.743+0000] {logging_mixin.py:188} INFO - [2024-09-30T16:39:06.743+0000] {dag.py:3096} INFO - Sync 2 DAGs
[2024-09-30T16:39:06.753+0000] {logging_mixin.py:188} INFO - [2024-09-30T16:39:06.753+0000] {dag.py:3954} INFO - Setting next_dagrun for example_external_task_marker_child to None, run_after=None
[2024-09-30T16:39:06.756+0000] {logging_mixin.py:188} INFO - [2024-09-30T16:39:06.756+0000] {dag.py:3954} INFO - Setting next_dagrun for example_external_task_marker_parent to None, run_after=None
[2024-09-30T16:39:06.774+0000] {processor.py:183} INFO - Processing /home/airflow/.local/lib/python3.12/site-packages/airflow/example_dags/example_external_task_marker_dag.py took 0.059 seconds
[2024-09-30T16:39:37.497+0000] {processor.py:161} INFO - Started process (PID=3221) to work on /home/airflow/.local/lib/python3.12/site-packages/airflow/example_dags/example_external_task_marker_dag.py
[2024-09-30T16:39:37.497+0000] {processor.py:830} INFO - Processing file /home/airflow/.local/lib/python3.12/site-packages/airflow/example_dags/example_external_task_marker_dag.py for tasks to queue
[2024-09-30T16:39:37.499+0000] {logging_mixin.py:188} INFO - [2024-09-30T16:39:37.499+0000] {dagbag.py:540} INFO - Filling up the DagBag from /home/airflow/.local/lib/python3.12/site-packages/airflow/example_dags/example_external_task_marker_dag.py
[2024-09-30T16:39:37.505+0000] {processor.py:840} INFO - DAG(s) 'example_external_task_marker_child', 'example_external_task_marker_parent' retrieved from /home/airflow/.local/lib/python3.12/site-packages/airflow/example_dags/example_external_task_marker_dag.py
[2024-09-30T16:39:37.523+0000] {logging_mixin.py:188} INFO - [2024-09-30T16:39:37.523+0000] {dag.py:3096} INFO - Sync 2 DAGs
[2024-09-30T16:39:37.534+0000] {logging_mixin.py:188} INFO - [2024-09-30T16:39:37.533+0000] {dag.py:3954} INFO - Setting next_dagrun for example_external_task_marker_child to None, run_after=None
[2024-09-30T16:39:37.536+0000] {logging_mixin.py:188} INFO - [2024-09-30T16:39:37.536+0000] {dag.py:3954} INFO - Setting next_dagrun for example_external_task_marker_parent to None, run_after=None
[2024-09-30T16:39:37.554+0000] {processor.py:183} INFO - Processing /home/airflow/.local/lib/python3.12/site-packages/airflow/example_dags/example_external_task_marker_dag.py took 0.063 seconds
[2024-09-30T16:40:08.390+0000] {processor.py:161} INFO - Started process (PID=3489) to work on /home/airflow/.local/lib/python3.12/site-packages/airflow/example_dags/example_external_task_marker_dag.py
[2024-09-30T16:40:08.391+0000] {processor.py:830} INFO - Processing file /home/airflow/.local/lib/python3.12/site-packages/airflow/example_dags/example_external_task_marker_dag.py for tasks to queue
[2024-09-30T16:40:08.392+0000] {logging_mixin.py:188} INFO - [2024-09-30T16:40:08.392+0000] {dagbag.py:540} INFO - Filling up the DagBag from /home/airflow/.local/lib/python3.12/site-packages/airflow/example_dags/example_external_task_marker_dag.py
[2024-09-30T16:40:08.397+0000] {processor.py:840} INFO - DAG(s) 'example_external_task_marker_parent', 'example_external_task_marker_child' retrieved from /home/airflow/.local/lib/python3.12/site-packages/airflow/example_dags/example_external_task_marker_dag.py
[2024-09-30T16:40:08.418+0000] {logging_mixin.py:188} INFO - [2024-09-30T16:40:08.417+0000] {dag.py:3096} INFO - Sync 2 DAGs
[2024-09-30T16:40:08.428+0000] {logging_mixin.py:188} INFO - [2024-09-30T16:40:08.428+0000] {dag.py:3954} INFO - Setting next_dagrun for example_external_task_marker_child to None, run_after=None
[2024-09-30T16:40:08.431+0000] {logging_mixin.py:188} INFO - [2024-09-30T16:40:08.431+0000] {dag.py:3954} INFO - Setting next_dagrun for example_external_task_marker_parent to None, run_after=None
[2024-09-30T16:40:08.448+0000] {processor.py:183} INFO - Processing /home/airflow/.local/lib/python3.12/site-packages/airflow/example_dags/example_external_task_marker_dag.py took 0.062 seconds
[2024-09-30T16:40:39.098+0000] {processor.py:161} INFO - Started process (PID=3753) to work on /home/airflow/.local/lib/python3.12/site-packages/airflow/example_dags/example_external_task_marker_dag.py
[2024-09-30T16:40:39.098+0000] {processor.py:830} INFO - Processing file /home/airflow/.local/lib/python3.12/site-packages/airflow/example_dags/example_external_task_marker_dag.py for tasks to queue
[2024-09-30T16:40:39.100+0000] {logging_mixin.py:188} INFO - [2024-09-30T16:40:39.099+0000] {dagbag.py:540} INFO - Filling up the DagBag from /home/airflow/.local/lib/python3.12/site-packages/airflow/example_dags/example_external_task_marker_dag.py
[2024-09-30T16:40:39.104+0000] {processor.py:840} INFO - DAG(s) 'example_external_task_marker_child', 'example_external_task_marker_parent' retrieved from /home/airflow/.local/lib/python3.12/site-packages/airflow/example_dags/example_external_task_marker_dag.py
[2024-09-30T16:40:39.124+0000] {logging_mixin.py:188} INFO - [2024-09-30T16:40:39.124+0000] {dag.py:3096} INFO - Sync 2 DAGs
[2024-09-30T16:40:39.135+0000] {logging_mixin.py:188} INFO - [2024-09-30T16:40:39.135+0000] {dag.py:3954} INFO - Setting next_dagrun for example_external_task_marker_child to None, run_after=None
[2024-09-30T16:40:39.138+0000] {logging_mixin.py:188} INFO - [2024-09-30T16:40:39.138+0000] {dag.py:3954} INFO - Setting next_dagrun for example_external_task_marker_parent to None, run_after=None
[2024-09-30T16:40:39.157+0000] {processor.py:183} INFO - Processing /home/airflow/.local/lib/python3.12/site-packages/airflow/example_dags/example_external_task_marker_dag.py took 0.066 seconds
[2024-09-30T16:41:09.716+0000] {processor.py:161} INFO - Started process (PID=4019) to work on /home/airflow/.local/lib/python3.12/site-packages/airflow/example_dags/example_external_task_marker_dag.py
[2024-09-30T16:41:09.717+0000] {processor.py:830} INFO - Processing file /home/airflow/.local/lib/python3.12/site-packages/airflow/example_dags/example_external_task_marker_dag.py for tasks to queue
[2024-09-30T16:41:09.718+0000] {logging_mixin.py:188} INFO - [2024-09-30T16:41:09.718+0000] {dagbag.py:540} INFO - Filling up the DagBag from /home/airflow/.local/lib/python3.12/site-packages/airflow/example_dags/example_external_task_marker_dag.py
[2024-09-30T16:41:09.724+0000] {processor.py:840} INFO - DAG(s) 'example_external_task_marker_parent', 'example_external_task_marker_child' retrieved from /home/airflow/.local/lib/python3.12/site-packages/airflow/example_dags/example_external_task_marker_dag.py
[2024-09-30T16:41:09.744+0000] {logging_mixin.py:188} INFO - [2024-09-30T16:41:09.744+0000] {dag.py:3096} INFO - Sync 2 DAGs
[2024-09-30T16:41:09.754+0000] {logging_mixin.py:188} INFO - [2024-09-30T16:41:09.754+0000] {dag.py:3954} INFO - Setting next_dagrun for example_external_task_marker_child to None, run_after=None
[2024-09-30T16:41:09.757+0000] {logging_mixin.py:188} INFO - [2024-09-30T16:41:09.757+0000] {dag.py:3954} INFO - Setting next_dagrun for example_external_task_marker_parent to None, run_after=None
[2024-09-30T16:41:09.775+0000] {processor.py:183} INFO - Processing /home/airflow/.local/lib/python3.12/site-packages/airflow/example_dags/example_external_task_marker_dag.py took 0.064 seconds
[2024-09-30T16:41:39.932+0000] {processor.py:161} INFO - Started process (PID=4285) to work on /home/airflow/.local/lib/python3.12/site-packages/airflow/example_dags/example_external_task_marker_dag.py
[2024-09-30T16:41:39.932+0000] {processor.py:830} INFO - Processing file /home/airflow/.local/lib/python3.12/site-packages/airflow/example_dags/example_external_task_marker_dag.py for tasks to queue
[2024-09-30T16:41:39.934+0000] {logging_mixin.py:188} INFO - [2024-09-30T16:41:39.934+0000] {dagbag.py:540} INFO - Filling up the DagBag from /home/airflow/.local/lib/python3.12/site-packages/airflow/example_dags/example_external_task_marker_dag.py
[2024-09-30T16:41:39.940+0000] {processor.py:840} INFO - DAG(s) 'example_external_task_marker_child', 'example_external_task_marker_parent' retrieved from /home/airflow/.local/lib/python3.12/site-packages/airflow/example_dags/example_external_task_marker_dag.py
[2024-09-30T16:41:39.960+0000] {logging_mixin.py:188} INFO - [2024-09-30T16:41:39.960+0000] {dag.py:3096} INFO - Sync 2 DAGs
[2024-09-30T16:41:39.973+0000] {logging_mixin.py:188} INFO - [2024-09-30T16:41:39.973+0000] {dag.py:3954} INFO - Setting next_dagrun for example_external_task_marker_child to None, run_after=None
[2024-09-30T16:41:39.976+0000] {logging_mixin.py:188} INFO - [2024-09-30T16:41:39.976+0000] {dag.py:3954} INFO - Setting next_dagrun for example_external_task_marker_parent to None, run_after=None
[2024-09-30T16:41:39.993+0000] {processor.py:183} INFO - Processing /home/airflow/.local/lib/python3.12/site-packages/airflow/example_dags/example_external_task_marker_dag.py took 0.067 seconds
[2024-09-30T16:42:10.469+0000] {processor.py:161} INFO - Started process (PID=4551) to work on /home/airflow/.local/lib/python3.12/site-packages/airflow/example_dags/example_external_task_marker_dag.py
[2024-09-30T16:42:10.469+0000] {processor.py:830} INFO - Processing file /home/airflow/.local/lib/python3.12/site-packages/airflow/example_dags/example_external_task_marker_dag.py for tasks to queue
[2024-09-30T16:42:10.471+0000] {logging_mixin.py:188} INFO - [2024-09-30T16:42:10.471+0000] {dagbag.py:540} INFO - Filling up the DagBag from /home/airflow/.local/lib/python3.12/site-packages/airflow/example_dags/example_external_task_marker_dag.py
[2024-09-30T16:42:10.477+0000] {processor.py:840} INFO - DAG(s) 'example_external_task_marker_child', 'example_external_task_marker_parent' retrieved from /home/airflow/.local/lib/python3.12/site-packages/airflow/example_dags/example_external_task_marker_dag.py
[2024-09-30T16:42:10.496+0000] {logging_mixin.py:188} INFO - [2024-09-30T16:42:10.496+0000] {dag.py:3096} INFO - Sync 2 DAGs
[2024-09-30T16:42:10.510+0000] {logging_mixin.py:188} INFO - [2024-09-30T16:42:10.510+0000] {dag.py:3954} INFO - Setting next_dagrun for example_external_task_marker_child to None, run_after=None
[2024-09-30T16:42:10.513+0000] {logging_mixin.py:188} INFO - [2024-09-30T16:42:10.513+0000] {dag.py:3954} INFO - Setting next_dagrun for example_external_task_marker_parent to None, run_after=None
[2024-09-30T16:42:10.538+0000] {processor.py:183} INFO - Processing /home/airflow/.local/lib/python3.12/site-packages/airflow/example_dags/example_external_task_marker_dag.py took 0.074 seconds
[2024-09-30T16:42:41.378+0000] {processor.py:161} INFO - Started process (PID=4817) to work on /home/airflow/.local/lib/python3.12/site-packages/airflow/example_dags/example_external_task_marker_dag.py
[2024-09-30T16:42:41.378+0000] {processor.py:830} INFO - Processing file /home/airflow/.local/lib/python3.12/site-packages/airflow/example_dags/example_external_task_marker_dag.py for tasks to queue
[2024-09-30T16:42:41.380+0000] {logging_mixin.py:188} INFO - [2024-09-30T16:42:41.380+0000] {dagbag.py:540} INFO - Filling up the DagBag from /home/airflow/.local/lib/python3.12/site-packages/airflow/example_dags/example_external_task_marker_dag.py
[2024-09-30T16:42:41.385+0000] {processor.py:840} INFO - DAG(s) 'example_external_task_marker_parent', 'example_external_task_marker_child' retrieved from /home/airflow/.local/lib/python3.12/site-packages/airflow/example_dags/example_external_task_marker_dag.py
[2024-09-30T16:42:41.569+0000] {logging_mixin.py:188} INFO - [2024-09-30T16:42:41.569+0000] {dag.py:3096} INFO - Sync 2 DAGs
[2024-09-30T16:42:41.579+0000] {logging_mixin.py:188} INFO - [2024-09-30T16:42:41.579+0000] {dag.py:3954} INFO - Setting next_dagrun for example_external_task_marker_child to None, run_after=None
[2024-09-30T16:42:41.582+0000] {logging_mixin.py:188} INFO - [2024-09-30T16:42:41.582+0000] {dag.py:3954} INFO - Setting next_dagrun for example_external_task_marker_parent to None, run_after=None
[2024-09-30T16:42:41.598+0000] {processor.py:183} INFO - Processing /home/airflow/.local/lib/python3.12/site-packages/airflow/example_dags/example_external_task_marker_dag.py took 0.226 seconds
[2024-09-30T16:43:11.918+0000] {processor.py:161} INFO - Started process (PID=5083) to work on /home/airflow/.local/lib/python3.12/site-packages/airflow/example_dags/example_external_task_marker_dag.py
[2024-09-30T16:43:11.919+0000] {processor.py:830} INFO - Processing file /home/airflow/.local/lib/python3.12/site-packages/airflow/example_dags/example_external_task_marker_dag.py for tasks to queue
[2024-09-30T16:43:11.920+0000] {logging_mixin.py:188} INFO - [2024-09-30T16:43:11.920+0000] {dagbag.py:540} INFO - Filling up the DagBag from /home/airflow/.local/lib/python3.12/site-packages/airflow/example_dags/example_external_task_marker_dag.py
[2024-09-30T16:43:11.926+0000] {processor.py:840} INFO - DAG(s) 'example_external_task_marker_child', 'example_external_task_marker_parent' retrieved from /home/airflow/.local/lib/python3.12/site-packages/airflow/example_dags/example_external_task_marker_dag.py
[2024-09-30T16:43:11.943+0000] {logging_mixin.py:188} INFO - [2024-09-30T16:43:11.943+0000] {dag.py:3096} INFO - Sync 2 DAGs
[2024-09-30T16:43:11.954+0000] {logging_mixin.py:188} INFO - [2024-09-30T16:43:11.954+0000] {dag.py:3954} INFO - Setting next_dagrun for example_external_task_marker_child to None, run_after=None
[2024-09-30T16:43:11.957+0000] {logging_mixin.py:188} INFO - [2024-09-30T16:43:11.956+0000] {dag.py:3954} INFO - Setting next_dagrun for example_external_task_marker_parent to None, run_after=None
[2024-09-30T16:43:11.973+0000] {processor.py:183} INFO - Processing /home/airflow/.local/lib/python3.12/site-packages/airflow/example_dags/example_external_task_marker_dag.py took 0.060 seconds
[2024-09-30T16:43:42.439+0000] {processor.py:161} INFO - Started process (PID=5349) to work on /home/airflow/.local/lib/python3.12/site-packages/airflow/example_dags/example_external_task_marker_dag.py
[2024-09-30T16:43:42.439+0000] {processor.py:830} INFO - Processing file /home/airflow/.local/lib/python3.12/site-packages/airflow/example_dags/example_external_task_marker_dag.py for tasks to queue
[2024-09-30T16:43:42.441+0000] {logging_mixin.py:188} INFO - [2024-09-30T16:43:42.441+0000] {dagbag.py:540} INFO - Filling up the DagBag from /home/airflow/.local/lib/python3.12/site-packages/airflow/example_dags/example_external_task_marker_dag.py
[2024-09-30T16:43:42.446+0000] {processor.py:840} INFO - DAG(s) 'example_external_task_marker_parent', 'example_external_task_marker_child' retrieved from /home/airflow/.local/lib/python3.12/site-packages/airflow/example_dags/example_external_task_marker_dag.py
[2024-09-30T16:43:42.465+0000] {logging_mixin.py:188} INFO - [2024-09-30T16:43:42.465+0000] {dag.py:3096} INFO - Sync 2 DAGs
[2024-09-30T16:43:42.475+0000] {logging_mixin.py:188} INFO - [2024-09-30T16:43:42.475+0000] {dag.py:3954} INFO - Setting next_dagrun for example_external_task_marker_child to None, run_after=None
[2024-09-30T16:43:42.478+0000] {logging_mixin.py:188} INFO - [2024-09-30T16:43:42.478+0000] {dag.py:3954} INFO - Setting next_dagrun for example_external_task_marker_parent to None, run_after=None
[2024-09-30T16:43:42.497+0000] {processor.py:183} INFO - Processing /home/airflow/.local/lib/python3.12/site-packages/airflow/example_dags/example_external_task_marker_dag.py took 0.062 seconds
[2024-09-30T16:44:13.002+0000] {processor.py:161} INFO - Started process (PID=5615) to work on /home/airflow/.local/lib/python3.12/site-packages/airflow/example_dags/example_external_task_marker_dag.py
[2024-09-30T16:44:13.003+0000] {processor.py:830} INFO - Processing file /home/airflow/.local/lib/python3.12/site-packages/airflow/example_dags/example_external_task_marker_dag.py for tasks to queue
[2024-09-30T16:44:13.005+0000] {logging_mixin.py:188} INFO - [2024-09-30T16:44:13.004+0000] {dagbag.py:540} INFO - Filling up the DagBag from /home/airflow/.local/lib/python3.12/site-packages/airflow/example_dags/example_external_task_marker_dag.py
[2024-09-30T16:44:13.011+0000] {processor.py:840} INFO - DAG(s) 'example_external_task_marker_parent', 'example_external_task_marker_child' retrieved from /home/airflow/.local/lib/python3.12/site-packages/airflow/example_dags/example_external_task_marker_dag.py
[2024-09-30T16:44:13.037+0000] {logging_mixin.py:188} INFO - [2024-09-30T16:44:13.037+0000] {dag.py:3096} INFO - Sync 2 DAGs
[2024-09-30T16:44:13.053+0000] {logging_mixin.py:188} INFO - [2024-09-30T16:44:13.053+0000] {dag.py:3954} INFO - Setting next_dagrun for example_external_task_marker_child to None, run_after=None
[2024-09-30T16:44:13.057+0000] {logging_mixin.py:188} INFO - [2024-09-30T16:44:13.056+0000] {dag.py:3954} INFO - Setting next_dagrun for example_external_task_marker_parent to None, run_after=None
[2024-09-30T16:44:13.075+0000] {processor.py:183} INFO - Processing /home/airflow/.local/lib/python3.12/site-packages/airflow/example_dags/example_external_task_marker_dag.py took 0.079 seconds
[2024-09-30T16:44:43.458+0000] {processor.py:161} INFO - Started process (PID=5881) to work on /home/airflow/.local/lib/python3.12/site-packages/airflow/example_dags/example_external_task_marker_dag.py
[2024-09-30T16:44:43.459+0000] {processor.py:830} INFO - Processing file /home/airflow/.local/lib/python3.12/site-packages/airflow/example_dags/example_external_task_marker_dag.py for tasks to queue
[2024-09-30T16:44:43.460+0000] {logging_mixin.py:188} INFO - [2024-09-30T16:44:43.460+0000] {dagbag.py:540} INFO - Filling up the DagBag from /home/airflow/.local/lib/python3.12/site-packages/airflow/example_dags/example_external_task_marker_dag.py
[2024-09-30T16:44:43.465+0000] {processor.py:840} INFO - DAG(s) 'example_external_task_marker_parent', 'example_external_task_marker_child' retrieved from /home/airflow/.local/lib/python3.12/site-packages/airflow/example_dags/example_external_task_marker_dag.py
[2024-09-30T16:44:43.486+0000] {logging_mixin.py:188} INFO - [2024-09-30T16:44:43.486+0000] {dag.py:3096} INFO - Sync 2 DAGs
[2024-09-30T16:44:43.498+0000] {logging_mixin.py:188} INFO - [2024-09-30T16:44:43.498+0000] {dag.py:3954} INFO - Setting next_dagrun for example_external_task_marker_child to None, run_after=None
[2024-09-30T16:44:43.501+0000] {logging_mixin.py:188} INFO - [2024-09-30T16:44:43.500+0000] {dag.py:3954} INFO - Setting next_dagrun for example_external_task_marker_parent to None, run_after=None
[2024-09-30T16:44:43.519+0000] {processor.py:183} INFO - Processing /home/airflow/.local/lib/python3.12/site-packages/airflow/example_dags/example_external_task_marker_dag.py took 0.065 seconds
[2024-09-30T16:45:14.031+0000] {processor.py:161} INFO - Started process (PID=6147) to work on /home/airflow/.local/lib/python3.12/site-packages/airflow/example_dags/example_external_task_marker_dag.py
[2024-09-30T16:45:14.031+0000] {processor.py:830} INFO - Processing file /home/airflow/.local/lib/python3.12/site-packages/airflow/example_dags/example_external_task_marker_dag.py for tasks to queue
[2024-09-30T16:45:14.033+0000] {logging_mixin.py:188} INFO - [2024-09-30T16:45:14.032+0000] {dagbag.py:540} INFO - Filling up the DagBag from /home/airflow/.local/lib/python3.12/site-packages/airflow/example_dags/example_external_task_marker_dag.py
[2024-09-30T16:45:14.037+0000] {processor.py:840} INFO - DAG(s) 'example_external_task_marker_parent', 'example_external_task_marker_child' retrieved from /home/airflow/.local/lib/python3.12/site-packages/airflow/example_dags/example_external_task_marker_dag.py
[2024-09-30T16:45:14.055+0000] {logging_mixin.py:188} INFO - [2024-09-30T16:45:14.055+0000] {dag.py:3096} INFO - Sync 2 DAGs
[2024-09-30T16:45:14.065+0000] {logging_mixin.py:188} INFO - [2024-09-30T16:45:14.065+0000] {dag.py:3954} INFO - Setting next_dagrun for example_external_task_marker_child to None, run_after=None
[2024-09-30T16:45:14.069+0000] {logging_mixin.py:188} INFO - [2024-09-30T16:45:14.069+0000] {dag.py:3954} INFO - Setting next_dagrun for example_external_task_marker_parent to None, run_after=None
[2024-09-30T16:45:14.086+0000] {processor.py:183} INFO - Processing /home/airflow/.local/lib/python3.12/site-packages/airflow/example_dags/example_external_task_marker_dag.py took 0.061 seconds
[2024-09-30T16:45:44.518+0000] {processor.py:161} INFO - Started process (PID=6413) to work on /home/airflow/.local/lib/python3.12/site-packages/airflow/example_dags/example_external_task_marker_dag.py
[2024-09-30T16:45:44.518+0000] {processor.py:830} INFO - Processing file /home/airflow/.local/lib/python3.12/site-packages/airflow/example_dags/example_external_task_marker_dag.py for tasks to queue
[2024-09-30T16:45:44.519+0000] {logging_mixin.py:188} INFO - [2024-09-30T16:45:44.519+0000] {dagbag.py:540} INFO - Filling up the DagBag from /home/airflow/.local/lib/python3.12/site-packages/airflow/example_dags/example_external_task_marker_dag.py
[2024-09-30T16:45:44.525+0000] {processor.py:840} INFO - DAG(s) 'example_external_task_marker_parent', 'example_external_task_marker_child' retrieved from /home/airflow/.local/lib/python3.12/site-packages/airflow/example_dags/example_external_task_marker_dag.py
[2024-09-30T16:45:44.549+0000] {logging_mixin.py:188} INFO - [2024-09-30T16:45:44.548+0000] {dag.py:3096} INFO - Sync 2 DAGs
[2024-09-30T16:45:44.563+0000] {logging_mixin.py:188} INFO - [2024-09-30T16:45:44.563+0000] {dag.py:3954} INFO - Setting next_dagrun for example_external_task_marker_child to None, run_after=None
[2024-09-30T16:45:44.567+0000] {logging_mixin.py:188} INFO - [2024-09-30T16:45:44.567+0000] {dag.py:3954} INFO - Setting next_dagrun for example_external_task_marker_parent to None, run_after=None
[2024-09-30T16:45:44.588+0000] {processor.py:183} INFO - Processing /home/airflow/.local/lib/python3.12/site-packages/airflow/example_dags/example_external_task_marker_dag.py took 0.074 seconds
[2024-09-30T16:46:15.076+0000] {processor.py:161} INFO - Started process (PID=6679) to work on /home/airflow/.local/lib/python3.12/site-packages/airflow/example_dags/example_external_task_marker_dag.py
[2024-09-30T16:46:15.077+0000] {processor.py:830} INFO - Processing file /home/airflow/.local/lib/python3.12/site-packages/airflow/example_dags/example_external_task_marker_dag.py for tasks to queue
[2024-09-30T16:46:15.079+0000] {logging_mixin.py:188} INFO - [2024-09-30T16:46:15.078+0000] {dagbag.py:540} INFO - Filling up the DagBag from /home/airflow/.local/lib/python3.12/site-packages/airflow/example_dags/example_external_task_marker_dag.py
[2024-09-30T16:46:15.085+0000] {processor.py:840} INFO - DAG(s) 'example_external_task_marker_child', 'example_external_task_marker_parent' retrieved from /home/airflow/.local/lib/python3.12/site-packages/airflow/example_dags/example_external_task_marker_dag.py
[2024-09-30T16:46:15.105+0000] {logging_mixin.py:188} INFO - [2024-09-30T16:46:15.105+0000] {dag.py:3096} INFO - Sync 2 DAGs
[2024-09-30T16:46:15.117+0000] {logging_mixin.py:188} INFO - [2024-09-30T16:46:15.117+0000] {dag.py:3954} INFO - Setting next_dagrun for example_external_task_marker_child to None, run_after=None
[2024-09-30T16:46:15.121+0000] {logging_mixin.py:188} INFO - [2024-09-30T16:46:15.121+0000] {dag.py:3954} INFO - Setting next_dagrun for example_external_task_marker_parent to None, run_after=None
[2024-09-30T16:46:15.138+0000] {processor.py:183} INFO - Processing /home/airflow/.local/lib/python3.12/site-packages/airflow/example_dags/example_external_task_marker_dag.py took 0.068 seconds
[2024-09-30T16:46:45.893+0000] {processor.py:161} INFO - Started process (PID=6945) to work on /home/airflow/.local/lib/python3.12/site-packages/airflow/example_dags/example_external_task_marker_dag.py
[2024-09-30T16:46:45.894+0000] {processor.py:830} INFO - Processing file /home/airflow/.local/lib/python3.12/site-packages/airflow/example_dags/example_external_task_marker_dag.py for tasks to queue
[2024-09-30T16:46:45.895+0000] {logging_mixin.py:188} INFO - [2024-09-30T16:46:45.895+0000] {dagbag.py:540} INFO - Filling up the DagBag from /home/airflow/.local/lib/python3.12/site-packages/airflow/example_dags/example_external_task_marker_dag.py
[2024-09-30T16:46:45.900+0000] {processor.py:840} INFO - DAG(s) 'example_external_task_marker_child', 'example_external_task_marker_parent' retrieved from /home/airflow/.local/lib/python3.12/site-packages/airflow/example_dags/example_external_task_marker_dag.py
[2024-09-30T16:46:45.918+0000] {logging_mixin.py:188} INFO - [2024-09-30T16:46:45.917+0000] {dag.py:3096} INFO - Sync 2 DAGs
[2024-09-30T16:46:45.930+0000] {logging_mixin.py:188} INFO - [2024-09-30T16:46:45.930+0000] {dag.py:3954} INFO - Setting next_dagrun for example_external_task_marker_child to None, run_after=None
[2024-09-30T16:46:45.933+0000] {logging_mixin.py:188} INFO - [2024-09-30T16:46:45.933+0000] {dag.py:3954} INFO - Setting next_dagrun for example_external_task_marker_parent to None, run_after=None
[2024-09-30T16:46:45.958+0000] {processor.py:183} INFO - Processing /home/airflow/.local/lib/python3.12/site-packages/airflow/example_dags/example_external_task_marker_dag.py took 0.069 seconds
[2024-09-30T16:47:16.434+0000] {processor.py:161} INFO - Started process (PID=7211) to work on /home/airflow/.local/lib/python3.12/site-packages/airflow/example_dags/example_external_task_marker_dag.py
[2024-09-30T16:47:16.434+0000] {processor.py:830} INFO - Processing file /home/airflow/.local/lib/python3.12/site-packages/airflow/example_dags/example_external_task_marker_dag.py for tasks to queue
[2024-09-30T16:47:16.436+0000] {logging_mixin.py:188} INFO - [2024-09-30T16:47:16.436+0000] {dagbag.py:540} INFO - Filling up the DagBag from /home/airflow/.local/lib/python3.12/site-packages/airflow/example_dags/example_external_task_marker_dag.py
[2024-09-30T16:47:16.441+0000] {processor.py:840} INFO - DAG(s) 'example_external_task_marker_parent', 'example_external_task_marker_child' retrieved from /home/airflow/.local/lib/python3.12/site-packages/airflow/example_dags/example_external_task_marker_dag.py
[2024-09-30T16:47:16.459+0000] {logging_mixin.py:188} INFO - [2024-09-30T16:47:16.458+0000] {dag.py:3096} INFO - Sync 2 DAGs
[2024-09-30T16:47:16.469+0000] {logging_mixin.py:188} INFO - [2024-09-30T16:47:16.469+0000] {dag.py:3954} INFO - Setting next_dagrun for example_external_task_marker_child to None, run_after=None
[2024-09-30T16:47:16.472+0000] {logging_mixin.py:188} INFO - [2024-09-30T16:47:16.472+0000] {dag.py:3954} INFO - Setting next_dagrun for example_external_task_marker_parent to None, run_after=None
[2024-09-30T16:47:16.489+0000] {processor.py:183} INFO - Processing /home/airflow/.local/lib/python3.12/site-packages/airflow/example_dags/example_external_task_marker_dag.py took 0.061 seconds
[2024-09-30T16:47:47.748+0000] {processor.py:161} INFO - Started process (PID=7477) to work on /home/airflow/.local/lib/python3.12/site-packages/airflow/example_dags/example_external_task_marker_dag.py
[2024-09-30T16:47:47.749+0000] {processor.py:830} INFO - Processing file /home/airflow/.local/lib/python3.12/site-packages/airflow/example_dags/example_external_task_marker_dag.py for tasks to queue
[2024-09-30T16:47:47.751+0000] {logging_mixin.py:188} INFO - [2024-09-30T16:47:47.751+0000] {dagbag.py:540} INFO - Filling up the DagBag from /home/airflow/.local/lib/python3.12/site-packages/airflow/example_dags/example_external_task_marker_dag.py
[2024-09-30T16:47:47.763+0000] {processor.py:840} INFO - DAG(s) 'example_external_task_marker_parent', 'example_external_task_marker_child' retrieved from /home/airflow/.local/lib/python3.12/site-packages/airflow/example_dags/example_external_task_marker_dag.py
[2024-09-30T16:47:47.807+0000] {logging_mixin.py:188} INFO - [2024-09-30T16:47:47.806+0000] {dag.py:3096} INFO - Sync 2 DAGs
[2024-09-30T16:47:47.825+0000] {logging_mixin.py:188} INFO - [2024-09-30T16:47:47.825+0000] {dag.py:3954} INFO - Setting next_dagrun for example_external_task_marker_child to None, run_after=None
[2024-09-30T16:47:47.832+0000] {logging_mixin.py:188} INFO - [2024-09-30T16:47:47.832+0000] {dag.py:3954} INFO - Setting next_dagrun for example_external_task_marker_parent to None, run_after=None
[2024-09-30T16:47:47.935+0000] {processor.py:183} INFO - Processing /home/airflow/.local/lib/python3.12/site-packages/airflow/example_dags/example_external_task_marker_dag.py took 0.205 seconds
