[2024-09-30T16:33:57.957+0000] {processor.py:161} INFO - Started process (PID=252) to work on /home/airflow/.local/lib/python3.12/site-packages/airflow/example_dags/example_datasets.py
[2024-09-30T16:33:57.958+0000] {processor.py:830} INFO - Processing file /home/airflow/.local/lib/python3.12/site-packages/airflow/example_dags/example_datasets.py for tasks to queue
[2024-09-30T16:33:57.960+0000] {logging_mixin.py:188} INFO - [2024-09-30T16:33:57.959+0000] {dagbag.py:540} INFO - Filling up the DagBag from /home/airflow/.local/lib/python3.12/site-packages/airflow/example_dags/example_datasets.py
[2024-09-30T16:33:57.979+0000] {processor.py:840} INFO - DAG(s) 'consume_1_and_2_with_dataset_expressions', 'consume_1_or_2_with_dataset_expressions', 'dataset_consumes_1_and_2', 'dataset_consumes_1', 'dataset_produces_2', 'consume_1_or_both_2_and_3_with_dataset_expressions', 'dataset_produces_1', 'dataset_consumes_1_never_scheduled', 'conditional_dataset_and_time_based_timetable', 'dataset_consumes_unknown_never_scheduled' retrieved from /home/airflow/.local/lib/python3.12/site-packages/airflow/example_dags/example_datasets.py
[2024-09-30T16:33:58.027+0000] {logging_mixin.py:188} INFO - [2024-09-30T16:33:58.026+0000] {dag.py:3096} INFO - Sync 10 DAGs
[2024-09-30T16:33:58.062+0000] {logging_mixin.py:188} INFO - [2024-09-30T16:33:58.062+0000] {dag.py:3954} INFO - Setting next_dagrun for conditional_dataset_and_time_based_timetable to 2024-09-25 01:00:00+00:00, run_after=2024-09-25 01:00:00+00:00
[2024-09-30T16:33:58.066+0000] {logging_mixin.py:188} INFO - [2024-09-30T16:33:58.066+0000] {dag.py:3954} INFO - Setting next_dagrun for consume_1_and_2_with_dataset_expressions to None, run_after=None
[2024-09-30T16:33:58.067+0000] {logging_mixin.py:188} INFO - [2024-09-30T16:33:58.067+0000] {dag.py:3954} INFO - Setting next_dagrun for consume_1_or_2_with_dataset_expressions to None, run_after=None
[2024-09-30T16:33:58.068+0000] {logging_mixin.py:188} INFO - [2024-09-30T16:33:58.068+0000] {dag.py:3954} INFO - Setting next_dagrun for consume_1_or_both_2_and_3_with_dataset_expressions to None, run_after=None
[2024-09-30T16:33:58.070+0000] {logging_mixin.py:188} INFO - [2024-09-30T16:33:58.070+0000] {dag.py:3954} INFO - Setting next_dagrun for dataset_consumes_1 to None, run_after=None
[2024-09-30T16:33:58.072+0000] {logging_mixin.py:188} INFO - [2024-09-30T16:33:58.071+0000] {dag.py:3954} INFO - Setting next_dagrun for dataset_consumes_1_and_2 to None, run_after=None
[2024-09-30T16:33:58.073+0000] {logging_mixin.py:188} INFO - [2024-09-30T16:33:58.072+0000] {dag.py:3954} INFO - Setting next_dagrun for dataset_consumes_1_never_scheduled to None, run_after=None
[2024-09-30T16:33:58.075+0000] {logging_mixin.py:188} INFO - [2024-09-30T16:33:58.075+0000] {dag.py:3954} INFO - Setting next_dagrun for dataset_consumes_unknown_never_scheduled to None, run_after=None
[2024-09-30T16:33:58.079+0000] {logging_mixin.py:188} INFO - [2024-09-30T16:33:58.079+0000] {dag.py:3954} INFO - Setting next_dagrun for dataset_produces_1 to 2024-09-29 00:00:00+00:00, run_after=2024-09-30 00:00:00+00:00
[2024-09-30T16:33:58.080+0000] {logging_mixin.py:188} INFO - [2024-09-30T16:33:58.080+0000] {dag.py:3954} INFO - Setting next_dagrun for dataset_produces_2 to None, run_after=None
[2024-09-30T16:33:58.123+0000] {processor.py:183} INFO - Processing /home/airflow/.local/lib/python3.12/site-packages/airflow/example_dags/example_datasets.py took 0.172 seconds
[2024-09-30T16:34:28.983+0000] {processor.py:161} INFO - Started process (PID=520) to work on /home/airflow/.local/lib/python3.12/site-packages/airflow/example_dags/example_datasets.py
[2024-09-30T16:34:28.983+0000] {processor.py:830} INFO - Processing file /home/airflow/.local/lib/python3.12/site-packages/airflow/example_dags/example_datasets.py for tasks to queue
[2024-09-30T16:34:28.985+0000] {logging_mixin.py:188} INFO - [2024-09-30T16:34:28.985+0000] {dagbag.py:540} INFO - Filling up the DagBag from /home/airflow/.local/lib/python3.12/site-packages/airflow/example_dags/example_datasets.py
[2024-09-30T16:34:29.001+0000] {processor.py:840} INFO - DAG(s) 'dataset_consumes_1_and_2', 'consume_1_or_2_with_dataset_expressions', 'consume_1_or_both_2_and_3_with_dataset_expressions', 'dataset_consumes_unknown_never_scheduled', 'consume_1_and_2_with_dataset_expressions', 'conditional_dataset_and_time_based_timetable', 'dataset_produces_2', 'dataset_produces_1', 'dataset_consumes_1', 'dataset_consumes_1_never_scheduled' retrieved from /home/airflow/.local/lib/python3.12/site-packages/airflow/example_dags/example_datasets.py
[2024-09-30T16:34:29.052+0000] {logging_mixin.py:188} INFO - [2024-09-30T16:34:29.052+0000] {dag.py:3096} INFO - Sync 10 DAGs
[2024-09-30T16:34:29.075+0000] {logging_mixin.py:188} INFO - [2024-09-30T16:34:29.075+0000] {dag.py:3954} INFO - Setting next_dagrun for conditional_dataset_and_time_based_timetable to 2024-09-25 01:00:00+00:00, run_after=2024-09-25 01:00:00+00:00
[2024-09-30T16:34:29.078+0000] {logging_mixin.py:188} INFO - [2024-09-30T16:34:29.078+0000] {dag.py:3954} INFO - Setting next_dagrun for consume_1_and_2_with_dataset_expressions to None, run_after=None
[2024-09-30T16:34:29.080+0000] {logging_mixin.py:188} INFO - [2024-09-30T16:34:29.080+0000] {dag.py:3954} INFO - Setting next_dagrun for consume_1_or_2_with_dataset_expressions to None, run_after=None
[2024-09-30T16:34:29.082+0000] {logging_mixin.py:188} INFO - [2024-09-30T16:34:29.082+0000] {dag.py:3954} INFO - Setting next_dagrun for consume_1_or_both_2_and_3_with_dataset_expressions to None, run_after=None
[2024-09-30T16:34:29.083+0000] {logging_mixin.py:188} INFO - [2024-09-30T16:34:29.083+0000] {dag.py:3954} INFO - Setting next_dagrun for dataset_consumes_1 to None, run_after=None
[2024-09-30T16:34:29.085+0000] {logging_mixin.py:188} INFO - [2024-09-30T16:34:29.084+0000] {dag.py:3954} INFO - Setting next_dagrun for dataset_consumes_1_and_2 to None, run_after=None
[2024-09-30T16:34:29.086+0000] {logging_mixin.py:188} INFO - [2024-09-30T16:34:29.086+0000] {dag.py:3954} INFO - Setting next_dagrun for dataset_consumes_1_never_scheduled to None, run_after=None
[2024-09-30T16:34:29.088+0000] {logging_mixin.py:188} INFO - [2024-09-30T16:34:29.087+0000] {dag.py:3954} INFO - Setting next_dagrun for dataset_consumes_unknown_never_scheduled to None, run_after=None
[2024-09-30T16:34:29.090+0000] {logging_mixin.py:188} INFO - [2024-09-30T16:34:29.090+0000] {dag.py:3954} INFO - Setting next_dagrun for dataset_produces_1 to 2024-09-29 00:00:00+00:00, run_after=2024-09-30 00:00:00+00:00
[2024-09-30T16:34:29.092+0000] {logging_mixin.py:188} INFO - [2024-09-30T16:34:29.092+0000] {dag.py:3954} INFO - Setting next_dagrun for dataset_produces_2 to None, run_after=None
[2024-09-30T16:34:29.136+0000] {processor.py:183} INFO - Processing /home/airflow/.local/lib/python3.12/site-packages/airflow/example_dags/example_datasets.py took 0.159 seconds
[2024-09-30T16:35:01.042+0000] {processor.py:161} INFO - Started process (PID=786) to work on /home/airflow/.local/lib/python3.12/site-packages/airflow/example_dags/example_datasets.py
[2024-09-30T16:35:01.042+0000] {processor.py:830} INFO - Processing file /home/airflow/.local/lib/python3.12/site-packages/airflow/example_dags/example_datasets.py for tasks to queue
[2024-09-30T16:35:01.044+0000] {logging_mixin.py:188} INFO - [2024-09-30T16:35:01.044+0000] {dagbag.py:540} INFO - Filling up the DagBag from /home/airflow/.local/lib/python3.12/site-packages/airflow/example_dags/example_datasets.py
[2024-09-30T16:35:01.056+0000] {processor.py:840} INFO - DAG(s) 'dataset_consumes_1_never_scheduled', 'dataset_produces_1', 'dataset_consumes_1_and_2', 'consume_1_or_both_2_and_3_with_dataset_expressions', 'consume_1_or_2_with_dataset_expressions', 'dataset_consumes_unknown_never_scheduled', 'dataset_produces_2', 'conditional_dataset_and_time_based_timetable', 'consume_1_and_2_with_dataset_expressions', 'dataset_consumes_1' retrieved from /home/airflow/.local/lib/python3.12/site-packages/airflow/example_dags/example_datasets.py
[2024-09-30T16:35:01.096+0000] {logging_mixin.py:188} INFO - [2024-09-30T16:35:01.096+0000] {dag.py:3096} INFO - Sync 10 DAGs
[2024-09-30T16:35:01.120+0000] {logging_mixin.py:188} INFO - [2024-09-30T16:35:01.120+0000] {dag.py:3954} INFO - Setting next_dagrun for conditional_dataset_and_time_based_timetable to 2024-09-25 01:00:00+00:00, run_after=2024-09-25 01:00:00+00:00
[2024-09-30T16:35:01.123+0000] {logging_mixin.py:188} INFO - [2024-09-30T16:35:01.123+0000] {dag.py:3954} INFO - Setting next_dagrun for consume_1_and_2_with_dataset_expressions to None, run_after=None
[2024-09-30T16:35:01.124+0000] {logging_mixin.py:188} INFO - [2024-09-30T16:35:01.124+0000] {dag.py:3954} INFO - Setting next_dagrun for consume_1_or_2_with_dataset_expressions to None, run_after=None
[2024-09-30T16:35:01.125+0000] {logging_mixin.py:188} INFO - [2024-09-30T16:35:01.125+0000] {dag.py:3954} INFO - Setting next_dagrun for consume_1_or_both_2_and_3_with_dataset_expressions to None, run_after=None
[2024-09-30T16:35:01.126+0000] {logging_mixin.py:188} INFO - [2024-09-30T16:35:01.125+0000] {dag.py:3954} INFO - Setting next_dagrun for dataset_consumes_1 to None, run_after=None
[2024-09-30T16:35:01.127+0000] {logging_mixin.py:188} INFO - [2024-09-30T16:35:01.127+0000] {dag.py:3954} INFO - Setting next_dagrun for dataset_consumes_1_and_2 to None, run_after=None
[2024-09-30T16:35:01.128+0000] {logging_mixin.py:188} INFO - [2024-09-30T16:35:01.128+0000] {dag.py:3954} INFO - Setting next_dagrun for dataset_consumes_1_never_scheduled to None, run_after=None
[2024-09-30T16:35:01.129+0000] {logging_mixin.py:188} INFO - [2024-09-30T16:35:01.129+0000] {dag.py:3954} INFO - Setting next_dagrun for dataset_consumes_unknown_never_scheduled to None, run_after=None
[2024-09-30T16:35:01.131+0000] {logging_mixin.py:188} INFO - [2024-09-30T16:35:01.131+0000] {dag.py:3954} INFO - Setting next_dagrun for dataset_produces_1 to 2024-09-29 00:00:00+00:00, run_after=2024-09-30 00:00:00+00:00
[2024-09-30T16:35:01.132+0000] {logging_mixin.py:188} INFO - [2024-09-30T16:35:01.132+0000] {dag.py:3954} INFO - Setting next_dagrun for dataset_produces_2 to None, run_after=None
[2024-09-30T16:35:01.167+0000] {processor.py:183} INFO - Processing /home/airflow/.local/lib/python3.12/site-packages/airflow/example_dags/example_datasets.py took 0.130 seconds
[2024-09-30T16:35:32.040+0000] {processor.py:161} INFO - Started process (PID=1052) to work on /home/airflow/.local/lib/python3.12/site-packages/airflow/example_dags/example_datasets.py
[2024-09-30T16:35:32.040+0000] {processor.py:830} INFO - Processing file /home/airflow/.local/lib/python3.12/site-packages/airflow/example_dags/example_datasets.py for tasks to queue
[2024-09-30T16:35:32.042+0000] {logging_mixin.py:188} INFO - [2024-09-30T16:35:32.042+0000] {dagbag.py:540} INFO - Filling up the DagBag from /home/airflow/.local/lib/python3.12/site-packages/airflow/example_dags/example_datasets.py
[2024-09-30T16:35:32.054+0000] {processor.py:840} INFO - DAG(s) 'consume_1_or_2_with_dataset_expressions', 'consume_1_or_both_2_and_3_with_dataset_expressions', 'dataset_produces_1', 'dataset_consumes_unknown_never_scheduled', 'conditional_dataset_and_time_based_timetable', 'dataset_consumes_1_and_2', 'dataset_consumes_1', 'dataset_consumes_1_never_scheduled', 'dataset_produces_2', 'consume_1_and_2_with_dataset_expressions' retrieved from /home/airflow/.local/lib/python3.12/site-packages/airflow/example_dags/example_datasets.py
[2024-09-30T16:35:32.099+0000] {logging_mixin.py:188} INFO - [2024-09-30T16:35:32.099+0000] {dag.py:3096} INFO - Sync 10 DAGs
[2024-09-30T16:35:32.128+0000] {logging_mixin.py:188} INFO - [2024-09-30T16:35:32.128+0000] {dag.py:3954} INFO - Setting next_dagrun for conditional_dataset_and_time_based_timetable to 2024-09-25 01:00:00+00:00, run_after=2024-09-25 01:00:00+00:00
[2024-09-30T16:35:32.132+0000] {logging_mixin.py:188} INFO - [2024-09-30T16:35:32.132+0000] {dag.py:3954} INFO - Setting next_dagrun for consume_1_and_2_with_dataset_expressions to None, run_after=None
[2024-09-30T16:35:32.133+0000] {logging_mixin.py:188} INFO - [2024-09-30T16:35:32.133+0000] {dag.py:3954} INFO - Setting next_dagrun for consume_1_or_2_with_dataset_expressions to None, run_after=None
[2024-09-30T16:35:32.134+0000] {logging_mixin.py:188} INFO - [2024-09-30T16:35:32.134+0000] {dag.py:3954} INFO - Setting next_dagrun for consume_1_or_both_2_and_3_with_dataset_expressions to None, run_after=None
[2024-09-30T16:35:32.135+0000] {logging_mixin.py:188} INFO - [2024-09-30T16:35:32.135+0000] {dag.py:3954} INFO - Setting next_dagrun for dataset_consumes_1 to None, run_after=None
[2024-09-30T16:35:32.136+0000] {logging_mixin.py:188} INFO - [2024-09-30T16:35:32.136+0000] {dag.py:3954} INFO - Setting next_dagrun for dataset_consumes_1_and_2 to None, run_after=None
[2024-09-30T16:35:32.137+0000] {logging_mixin.py:188} INFO - [2024-09-30T16:35:32.137+0000] {dag.py:3954} INFO - Setting next_dagrun for dataset_consumes_1_never_scheduled to None, run_after=None
[2024-09-30T16:35:32.138+0000] {logging_mixin.py:188} INFO - [2024-09-30T16:35:32.138+0000] {dag.py:3954} INFO - Setting next_dagrun for dataset_consumes_unknown_never_scheduled to None, run_after=None
[2024-09-30T16:35:32.140+0000] {logging_mixin.py:188} INFO - [2024-09-30T16:35:32.140+0000] {dag.py:3954} INFO - Setting next_dagrun for dataset_produces_1 to 2024-09-29 00:00:00+00:00, run_after=2024-09-30 00:00:00+00:00
[2024-09-30T16:35:32.141+0000] {logging_mixin.py:188} INFO - [2024-09-30T16:35:32.141+0000] {dag.py:3954} INFO - Setting next_dagrun for dataset_produces_2 to None, run_after=None
[2024-09-30T16:35:32.179+0000] {processor.py:183} INFO - Processing /home/airflow/.local/lib/python3.12/site-packages/airflow/example_dags/example_datasets.py took 0.145 seconds
[2024-09-30T16:36:02.926+0000] {processor.py:161} INFO - Started process (PID=1318) to work on /home/airflow/.local/lib/python3.12/site-packages/airflow/example_dags/example_datasets.py
[2024-09-30T16:36:02.927+0000] {processor.py:830} INFO - Processing file /home/airflow/.local/lib/python3.12/site-packages/airflow/example_dags/example_datasets.py for tasks to queue
[2024-09-30T16:36:02.928+0000] {logging_mixin.py:188} INFO - [2024-09-30T16:36:02.928+0000] {dagbag.py:540} INFO - Filling up the DagBag from /home/airflow/.local/lib/python3.12/site-packages/airflow/example_dags/example_datasets.py
[2024-09-30T16:36:02.940+0000] {processor.py:840} INFO - DAG(s) 'dataset_consumes_1_and_2', 'dataset_consumes_1_never_scheduled', 'consume_1_and_2_with_dataset_expressions', 'conditional_dataset_and_time_based_timetable', 'dataset_produces_1', 'consume_1_or_2_with_dataset_expressions', 'consume_1_or_both_2_and_3_with_dataset_expressions', 'dataset_consumes_1', 'dataset_produces_2', 'dataset_consumes_unknown_never_scheduled' retrieved from /home/airflow/.local/lib/python3.12/site-packages/airflow/example_dags/example_datasets.py
[2024-09-30T16:36:02.987+0000] {logging_mixin.py:188} INFO - [2024-09-30T16:36:02.987+0000] {dag.py:3096} INFO - Sync 10 DAGs
[2024-09-30T16:36:03.021+0000] {logging_mixin.py:188} INFO - [2024-09-30T16:36:03.021+0000] {dag.py:3954} INFO - Setting next_dagrun for conditional_dataset_and_time_based_timetable to 2024-09-25 01:00:00+00:00, run_after=2024-09-25 01:00:00+00:00
[2024-09-30T16:36:03.025+0000] {logging_mixin.py:188} INFO - [2024-09-30T16:36:03.025+0000] {dag.py:3954} INFO - Setting next_dagrun for consume_1_and_2_with_dataset_expressions to None, run_after=None
[2024-09-30T16:36:03.026+0000] {logging_mixin.py:188} INFO - [2024-09-30T16:36:03.026+0000] {dag.py:3954} INFO - Setting next_dagrun for consume_1_or_2_with_dataset_expressions to None, run_after=None
[2024-09-30T16:36:03.027+0000] {logging_mixin.py:188} INFO - [2024-09-30T16:36:03.027+0000] {dag.py:3954} INFO - Setting next_dagrun for consume_1_or_both_2_and_3_with_dataset_expressions to None, run_after=None
[2024-09-30T16:36:03.028+0000] {logging_mixin.py:188} INFO - [2024-09-30T16:36:03.028+0000] {dag.py:3954} INFO - Setting next_dagrun for dataset_consumes_1 to None, run_after=None
[2024-09-30T16:36:03.030+0000] {logging_mixin.py:188} INFO - [2024-09-30T16:36:03.030+0000] {dag.py:3954} INFO - Setting next_dagrun for dataset_consumes_1_and_2 to None, run_after=None
[2024-09-30T16:36:03.031+0000] {logging_mixin.py:188} INFO - [2024-09-30T16:36:03.031+0000] {dag.py:3954} INFO - Setting next_dagrun for dataset_consumes_1_never_scheduled to None, run_after=None
[2024-09-30T16:36:03.032+0000] {logging_mixin.py:188} INFO - [2024-09-30T16:36:03.032+0000] {dag.py:3954} INFO - Setting next_dagrun for dataset_consumes_unknown_never_scheduled to None, run_after=None
[2024-09-30T16:36:03.035+0000] {logging_mixin.py:188} INFO - [2024-09-30T16:36:03.035+0000] {dag.py:3954} INFO - Setting next_dagrun for dataset_produces_1 to 2024-09-29 00:00:00+00:00, run_after=2024-09-30 00:00:00+00:00
[2024-09-30T16:36:03.036+0000] {logging_mixin.py:188} INFO - [2024-09-30T16:36:03.036+0000] {dag.py:3954} INFO - Setting next_dagrun for dataset_produces_2 to None, run_after=None
[2024-09-30T16:36:03.073+0000] {processor.py:183} INFO - Processing /home/airflow/.local/lib/python3.12/site-packages/airflow/example_dags/example_datasets.py took 0.152 seconds
[2024-09-30T16:36:34.554+0000] {processor.py:161} INFO - Started process (PID=1643) to work on /home/airflow/.local/lib/python3.12/site-packages/airflow/example_dags/example_datasets.py
[2024-09-30T16:36:34.558+0000] {processor.py:830} INFO - Processing file /home/airflow/.local/lib/python3.12/site-packages/airflow/example_dags/example_datasets.py for tasks to queue
[2024-09-30T16:36:34.562+0000] {logging_mixin.py:188} INFO - [2024-09-30T16:36:34.559+0000] {dagbag.py:540} INFO - Filling up the DagBag from /home/airflow/.local/lib/python3.12/site-packages/airflow/example_dags/example_datasets.py
[2024-09-30T16:36:34.616+0000] {processor.py:840} INFO - DAG(s) 'dataset_produces_2', 'dataset_produces_1', 'dataset_consumes_1_never_scheduled', 'consume_1_or_both_2_and_3_with_dataset_expressions', 'consume_1_or_2_with_dataset_expressions', 'dataset_consumes_1_and_2', 'conditional_dataset_and_time_based_timetable', 'dataset_consumes_1', 'consume_1_and_2_with_dataset_expressions', 'dataset_consumes_unknown_never_scheduled' retrieved from /home/airflow/.local/lib/python3.12/site-packages/airflow/example_dags/example_datasets.py
[2024-09-30T16:36:34.724+0000] {logging_mixin.py:188} INFO - [2024-09-30T16:36:34.724+0000] {dag.py:3096} INFO - Sync 10 DAGs
[2024-09-30T16:36:34.766+0000] {logging_mixin.py:188} INFO - [2024-09-30T16:36:34.766+0000] {dag.py:3954} INFO - Setting next_dagrun for conditional_dataset_and_time_based_timetable to 2024-09-25 01:00:00+00:00, run_after=2024-09-25 01:00:00+00:00
[2024-09-30T16:36:34.771+0000] {logging_mixin.py:188} INFO - [2024-09-30T16:36:34.770+0000] {dag.py:3954} INFO - Setting next_dagrun for consume_1_and_2_with_dataset_expressions to None, run_after=None
[2024-09-30T16:36:34.773+0000] {logging_mixin.py:188} INFO - [2024-09-30T16:36:34.772+0000] {dag.py:3954} INFO - Setting next_dagrun for consume_1_or_2_with_dataset_expressions to None, run_after=None
[2024-09-30T16:36:34.774+0000] {logging_mixin.py:188} INFO - [2024-09-30T16:36:34.774+0000] {dag.py:3954} INFO - Setting next_dagrun for consume_1_or_both_2_and_3_with_dataset_expressions to None, run_after=None
[2024-09-30T16:36:34.778+0000] {logging_mixin.py:188} INFO - [2024-09-30T16:36:34.778+0000] {dag.py:3954} INFO - Setting next_dagrun for dataset_consumes_1 to None, run_after=None
[2024-09-30T16:36:34.780+0000] {logging_mixin.py:188} INFO - [2024-09-30T16:36:34.780+0000] {dag.py:3954} INFO - Setting next_dagrun for dataset_consumes_1_and_2 to None, run_after=None
[2024-09-30T16:36:34.782+0000] {logging_mixin.py:188} INFO - [2024-09-30T16:36:34.781+0000] {dag.py:3954} INFO - Setting next_dagrun for dataset_consumes_1_never_scheduled to None, run_after=None
[2024-09-30T16:36:34.784+0000] {logging_mixin.py:188} INFO - [2024-09-30T16:36:34.784+0000] {dag.py:3954} INFO - Setting next_dagrun for dataset_consumes_unknown_never_scheduled to None, run_after=None
[2024-09-30T16:36:34.788+0000] {logging_mixin.py:188} INFO - [2024-09-30T16:36:34.788+0000] {dag.py:3954} INFO - Setting next_dagrun for dataset_produces_1 to 2024-09-29 00:00:00+00:00, run_after=2024-09-30 00:00:00+00:00
[2024-09-30T16:36:34.792+0000] {logging_mixin.py:188} INFO - [2024-09-30T16:36:34.792+0000] {dag.py:3954} INFO - Setting next_dagrun for dataset_produces_2 to None, run_after=None
[2024-09-30T16:36:34.845+0000] {processor.py:183} INFO - Processing /home/airflow/.local/lib/python3.12/site-packages/airflow/example_dags/example_datasets.py took 0.301 seconds
[2024-09-30T16:37:05.467+0000] {processor.py:161} INFO - Started process (PID=1913) to work on /home/airflow/.local/lib/python3.12/site-packages/airflow/example_dags/example_datasets.py
[2024-09-30T16:37:05.468+0000] {processor.py:830} INFO - Processing file /home/airflow/.local/lib/python3.12/site-packages/airflow/example_dags/example_datasets.py for tasks to queue
[2024-09-30T16:37:05.469+0000] {logging_mixin.py:188} INFO - [2024-09-30T16:37:05.469+0000] {dagbag.py:540} INFO - Filling up the DagBag from /home/airflow/.local/lib/python3.12/site-packages/airflow/example_dags/example_datasets.py
[2024-09-30T16:37:05.480+0000] {processor.py:840} INFO - DAG(s) 'dataset_produces_2', 'dataset_consumes_1_and_2', 'conditional_dataset_and_time_based_timetable', 'dataset_consumes_unknown_never_scheduled', 'dataset_produces_1', 'dataset_consumes_1_never_scheduled', 'consume_1_or_2_with_dataset_expressions', 'consume_1_or_both_2_and_3_with_dataset_expressions', 'dataset_consumes_1', 'consume_1_and_2_with_dataset_expressions' retrieved from /home/airflow/.local/lib/python3.12/site-packages/airflow/example_dags/example_datasets.py
[2024-09-30T16:37:05.515+0000] {logging_mixin.py:188} INFO - [2024-09-30T16:37:05.515+0000] {dag.py:3096} INFO - Sync 10 DAGs
[2024-09-30T16:37:05.534+0000] {logging_mixin.py:188} INFO - [2024-09-30T16:37:05.534+0000] {dag.py:3954} INFO - Setting next_dagrun for conditional_dataset_and_time_based_timetable to 2024-09-25 01:00:00+00:00, run_after=2024-09-25 01:00:00+00:00
[2024-09-30T16:37:05.537+0000] {logging_mixin.py:188} INFO - [2024-09-30T16:37:05.536+0000] {dag.py:3954} INFO - Setting next_dagrun for consume_1_and_2_with_dataset_expressions to None, run_after=None
[2024-09-30T16:37:05.537+0000] {logging_mixin.py:188} INFO - [2024-09-30T16:37:05.537+0000] {dag.py:3954} INFO - Setting next_dagrun for consume_1_or_2_with_dataset_expressions to None, run_after=None
[2024-09-30T16:37:05.538+0000] {logging_mixin.py:188} INFO - [2024-09-30T16:37:05.538+0000] {dag.py:3954} INFO - Setting next_dagrun for consume_1_or_both_2_and_3_with_dataset_expressions to None, run_after=None
[2024-09-30T16:37:05.539+0000] {logging_mixin.py:188} INFO - [2024-09-30T16:37:05.539+0000] {dag.py:3954} INFO - Setting next_dagrun for dataset_consumes_1 to None, run_after=None
[2024-09-30T16:37:05.540+0000] {logging_mixin.py:188} INFO - [2024-09-30T16:37:05.540+0000] {dag.py:3954} INFO - Setting next_dagrun for dataset_consumes_1_and_2 to None, run_after=None
[2024-09-30T16:37:05.541+0000] {logging_mixin.py:188} INFO - [2024-09-30T16:37:05.541+0000] {dag.py:3954} INFO - Setting next_dagrun for dataset_consumes_1_never_scheduled to None, run_after=None
[2024-09-30T16:37:05.542+0000] {logging_mixin.py:188} INFO - [2024-09-30T16:37:05.542+0000] {dag.py:3954} INFO - Setting next_dagrun for dataset_consumes_unknown_never_scheduled to None, run_after=None
[2024-09-30T16:37:05.544+0000] {logging_mixin.py:188} INFO - [2024-09-30T16:37:05.543+0000] {dag.py:3954} INFO - Setting next_dagrun for dataset_produces_1 to 2024-09-29 00:00:00+00:00, run_after=2024-09-30 00:00:00+00:00
[2024-09-30T16:37:05.544+0000] {logging_mixin.py:188} INFO - [2024-09-30T16:37:05.544+0000] {dag.py:3954} INFO - Setting next_dagrun for dataset_produces_2 to None, run_after=None
[2024-09-30T16:37:05.573+0000] {processor.py:183} INFO - Processing /home/airflow/.local/lib/python3.12/site-packages/airflow/example_dags/example_datasets.py took 0.111 seconds
[2024-09-30T16:37:36.017+0000] {processor.py:161} INFO - Started process (PID=2179) to work on /home/airflow/.local/lib/python3.12/site-packages/airflow/example_dags/example_datasets.py
[2024-09-30T16:37:36.018+0000] {processor.py:830} INFO - Processing file /home/airflow/.local/lib/python3.12/site-packages/airflow/example_dags/example_datasets.py for tasks to queue
[2024-09-30T16:37:36.019+0000] {logging_mixin.py:188} INFO - [2024-09-30T16:37:36.019+0000] {dagbag.py:540} INFO - Filling up the DagBag from /home/airflow/.local/lib/python3.12/site-packages/airflow/example_dags/example_datasets.py
[2024-09-30T16:37:36.030+0000] {processor.py:840} INFO - DAG(s) 'consume_1_or_2_with_dataset_expressions', 'dataset_consumes_unknown_never_scheduled', 'dataset_consumes_1_and_2', 'consume_1_and_2_with_dataset_expressions', 'dataset_produces_1', 'dataset_produces_2', 'dataset_consumes_1', 'dataset_consumes_1_never_scheduled', 'conditional_dataset_and_time_based_timetable', 'consume_1_or_both_2_and_3_with_dataset_expressions' retrieved from /home/airflow/.local/lib/python3.12/site-packages/airflow/example_dags/example_datasets.py
[2024-09-30T16:37:36.063+0000] {logging_mixin.py:188} INFO - [2024-09-30T16:37:36.063+0000] {dag.py:3096} INFO - Sync 10 DAGs
[2024-09-30T16:37:36.082+0000] {logging_mixin.py:188} INFO - [2024-09-30T16:37:36.082+0000] {dag.py:3954} INFO - Setting next_dagrun for conditional_dataset_and_time_based_timetable to 2024-09-25 01:00:00+00:00, run_after=2024-09-25 01:00:00+00:00
[2024-09-30T16:37:36.085+0000] {logging_mixin.py:188} INFO - [2024-09-30T16:37:36.085+0000] {dag.py:3954} INFO - Setting next_dagrun for consume_1_and_2_with_dataset_expressions to None, run_after=None
[2024-09-30T16:37:36.086+0000] {logging_mixin.py:188} INFO - [2024-09-30T16:37:36.086+0000] {dag.py:3954} INFO - Setting next_dagrun for consume_1_or_2_with_dataset_expressions to None, run_after=None
[2024-09-30T16:37:36.087+0000] {logging_mixin.py:188} INFO - [2024-09-30T16:37:36.087+0000] {dag.py:3954} INFO - Setting next_dagrun for consume_1_or_both_2_and_3_with_dataset_expressions to None, run_after=None
[2024-09-30T16:37:36.088+0000] {logging_mixin.py:188} INFO - [2024-09-30T16:37:36.088+0000] {dag.py:3954} INFO - Setting next_dagrun for dataset_consumes_1 to None, run_after=None
[2024-09-30T16:37:36.089+0000] {logging_mixin.py:188} INFO - [2024-09-30T16:37:36.089+0000] {dag.py:3954} INFO - Setting next_dagrun for dataset_consumes_1_and_2 to None, run_after=None
[2024-09-30T16:37:36.090+0000] {logging_mixin.py:188} INFO - [2024-09-30T16:37:36.090+0000] {dag.py:3954} INFO - Setting next_dagrun for dataset_consumes_1_never_scheduled to None, run_after=None
[2024-09-30T16:37:36.090+0000] {logging_mixin.py:188} INFO - [2024-09-30T16:37:36.090+0000] {dag.py:3954} INFO - Setting next_dagrun for dataset_consumes_unknown_never_scheduled to None, run_after=None
[2024-09-30T16:37:36.092+0000] {logging_mixin.py:188} INFO - [2024-09-30T16:37:36.092+0000] {dag.py:3954} INFO - Setting next_dagrun for dataset_produces_1 to 2024-09-29 00:00:00+00:00, run_after=2024-09-30 00:00:00+00:00
[2024-09-30T16:37:36.093+0000] {logging_mixin.py:188} INFO - [2024-09-30T16:37:36.093+0000] {dag.py:3954} INFO - Setting next_dagrun for dataset_produces_2 to None, run_after=None
[2024-09-30T16:37:36.121+0000] {processor.py:183} INFO - Processing /home/airflow/.local/lib/python3.12/site-packages/airflow/example_dags/example_datasets.py took 0.108 seconds
[2024-09-30T16:38:06.686+0000] {processor.py:161} INFO - Started process (PID=2445) to work on /home/airflow/.local/lib/python3.12/site-packages/airflow/example_dags/example_datasets.py
[2024-09-30T16:38:06.687+0000] {processor.py:830} INFO - Processing file /home/airflow/.local/lib/python3.12/site-packages/airflow/example_dags/example_datasets.py for tasks to queue
[2024-09-30T16:38:06.688+0000] {logging_mixin.py:188} INFO - [2024-09-30T16:38:06.688+0000] {dagbag.py:540} INFO - Filling up the DagBag from /home/airflow/.local/lib/python3.12/site-packages/airflow/example_dags/example_datasets.py
[2024-09-30T16:38:06.699+0000] {processor.py:840} INFO - DAG(s) 'consume_1_and_2_with_dataset_expressions', 'dataset_consumes_1_and_2', 'dataset_produces_1', 'dataset_consumes_unknown_never_scheduled', 'dataset_consumes_1', 'consume_1_or_2_with_dataset_expressions', 'conditional_dataset_and_time_based_timetable', 'dataset_produces_2', 'dataset_consumes_1_never_scheduled', 'consume_1_or_both_2_and_3_with_dataset_expressions' retrieved from /home/airflow/.local/lib/python3.12/site-packages/airflow/example_dags/example_datasets.py
[2024-09-30T16:38:06.732+0000] {logging_mixin.py:188} INFO - [2024-09-30T16:38:06.732+0000] {dag.py:3096} INFO - Sync 10 DAGs
[2024-09-30T16:38:06.755+0000] {logging_mixin.py:188} INFO - [2024-09-30T16:38:06.754+0000] {dag.py:3954} INFO - Setting next_dagrun for conditional_dataset_and_time_based_timetable to 2024-09-25 01:00:00+00:00, run_after=2024-09-25 01:00:00+00:00
[2024-09-30T16:38:06.757+0000] {logging_mixin.py:188} INFO - [2024-09-30T16:38:06.757+0000] {dag.py:3954} INFO - Setting next_dagrun for consume_1_and_2_with_dataset_expressions to None, run_after=None
[2024-09-30T16:38:06.758+0000] {logging_mixin.py:188} INFO - [2024-09-30T16:38:06.758+0000] {dag.py:3954} INFO - Setting next_dagrun for consume_1_or_2_with_dataset_expressions to None, run_after=None
[2024-09-30T16:38:06.759+0000] {logging_mixin.py:188} INFO - [2024-09-30T16:38:06.759+0000] {dag.py:3954} INFO - Setting next_dagrun for consume_1_or_both_2_and_3_with_dataset_expressions to None, run_after=None
[2024-09-30T16:38:06.760+0000] {logging_mixin.py:188} INFO - [2024-09-30T16:38:06.760+0000] {dag.py:3954} INFO - Setting next_dagrun for dataset_consumes_1 to None, run_after=None
[2024-09-30T16:38:06.761+0000] {logging_mixin.py:188} INFO - [2024-09-30T16:38:06.761+0000] {dag.py:3954} INFO - Setting next_dagrun for dataset_consumes_1_and_2 to None, run_after=None
[2024-09-30T16:38:06.762+0000] {logging_mixin.py:188} INFO - [2024-09-30T16:38:06.762+0000] {dag.py:3954} INFO - Setting next_dagrun for dataset_consumes_1_never_scheduled to None, run_after=None
[2024-09-30T16:38:06.763+0000] {logging_mixin.py:188} INFO - [2024-09-30T16:38:06.762+0000] {dag.py:3954} INFO - Setting next_dagrun for dataset_consumes_unknown_never_scheduled to None, run_after=None
[2024-09-30T16:38:06.764+0000] {logging_mixin.py:188} INFO - [2024-09-30T16:38:06.764+0000] {dag.py:3954} INFO - Setting next_dagrun for dataset_produces_1 to 2024-09-29 00:00:00+00:00, run_after=2024-09-30 00:00:00+00:00
[2024-09-30T16:38:06.765+0000] {logging_mixin.py:188} INFO - [2024-09-30T16:38:06.765+0000] {dag.py:3954} INFO - Setting next_dagrun for dataset_produces_2 to None, run_after=None
[2024-09-30T16:38:06.936+0000] {processor.py:183} INFO - Processing /home/airflow/.local/lib/python3.12/site-packages/airflow/example_dags/example_datasets.py took 0.254 seconds
[2024-09-30T16:38:37.373+0000] {processor.py:161} INFO - Started process (PID=2711) to work on /home/airflow/.local/lib/python3.12/site-packages/airflow/example_dags/example_datasets.py
[2024-09-30T16:38:37.374+0000] {processor.py:830} INFO - Processing file /home/airflow/.local/lib/python3.12/site-packages/airflow/example_dags/example_datasets.py for tasks to queue
[2024-09-30T16:38:37.375+0000] {logging_mixin.py:188} INFO - [2024-09-30T16:38:37.375+0000] {dagbag.py:540} INFO - Filling up the DagBag from /home/airflow/.local/lib/python3.12/site-packages/airflow/example_dags/example_datasets.py
[2024-09-30T16:38:37.386+0000] {processor.py:840} INFO - DAG(s) 'dataset_consumes_1', 'dataset_consumes_unknown_never_scheduled', 'dataset_produces_2', 'conditional_dataset_and_time_based_timetable', 'consume_1_or_both_2_and_3_with_dataset_expressions', 'dataset_produces_1', 'consume_1_or_2_with_dataset_expressions', 'dataset_consumes_1_and_2', 'consume_1_and_2_with_dataset_expressions', 'dataset_consumes_1_never_scheduled' retrieved from /home/airflow/.local/lib/python3.12/site-packages/airflow/example_dags/example_datasets.py
[2024-09-30T16:38:37.422+0000] {logging_mixin.py:188} INFO - [2024-09-30T16:38:37.422+0000] {dag.py:3096} INFO - Sync 10 DAGs
[2024-09-30T16:38:37.443+0000] {logging_mixin.py:188} INFO - [2024-09-30T16:38:37.443+0000] {dag.py:3954} INFO - Setting next_dagrun for conditional_dataset_and_time_based_timetable to 2024-09-25 01:00:00+00:00, run_after=2024-09-25 01:00:00+00:00
[2024-09-30T16:38:37.445+0000] {logging_mixin.py:188} INFO - [2024-09-30T16:38:37.445+0000] {dag.py:3954} INFO - Setting next_dagrun for consume_1_and_2_with_dataset_expressions to None, run_after=None
[2024-09-30T16:38:37.446+0000] {logging_mixin.py:188} INFO - [2024-09-30T16:38:37.446+0000] {dag.py:3954} INFO - Setting next_dagrun for consume_1_or_2_with_dataset_expressions to None, run_after=None
[2024-09-30T16:38:37.447+0000] {logging_mixin.py:188} INFO - [2024-09-30T16:38:37.447+0000] {dag.py:3954} INFO - Setting next_dagrun for consume_1_or_both_2_and_3_with_dataset_expressions to None, run_after=None
[2024-09-30T16:38:37.448+0000] {logging_mixin.py:188} INFO - [2024-09-30T16:38:37.448+0000] {dag.py:3954} INFO - Setting next_dagrun for dataset_consumes_1 to None, run_after=None
[2024-09-30T16:38:37.449+0000] {logging_mixin.py:188} INFO - [2024-09-30T16:38:37.449+0000] {dag.py:3954} INFO - Setting next_dagrun for dataset_consumes_1_and_2 to None, run_after=None
[2024-09-30T16:38:37.450+0000] {logging_mixin.py:188} INFO - [2024-09-30T16:38:37.449+0000] {dag.py:3954} INFO - Setting next_dagrun for dataset_consumes_1_never_scheduled to None, run_after=None
[2024-09-30T16:38:37.450+0000] {logging_mixin.py:188} INFO - [2024-09-30T16:38:37.450+0000] {dag.py:3954} INFO - Setting next_dagrun for dataset_consumes_unknown_never_scheduled to None, run_after=None
[2024-09-30T16:38:37.452+0000] {logging_mixin.py:188} INFO - [2024-09-30T16:38:37.452+0000] {dag.py:3954} INFO - Setting next_dagrun for dataset_produces_1 to 2024-09-29 00:00:00+00:00, run_after=2024-09-30 00:00:00+00:00
[2024-09-30T16:38:37.453+0000] {logging_mixin.py:188} INFO - [2024-09-30T16:38:37.453+0000] {dag.py:3954} INFO - Setting next_dagrun for dataset_produces_2 to None, run_after=None
[2024-09-30T16:38:37.480+0000] {processor.py:183} INFO - Processing /home/airflow/.local/lib/python3.12/site-packages/airflow/example_dags/example_datasets.py took 0.110 seconds
[2024-09-30T16:39:07.904+0000] {processor.py:161} INFO - Started process (PID=2977) to work on /home/airflow/.local/lib/python3.12/site-packages/airflow/example_dags/example_datasets.py
[2024-09-30T16:39:07.905+0000] {processor.py:830} INFO - Processing file /home/airflow/.local/lib/python3.12/site-packages/airflow/example_dags/example_datasets.py for tasks to queue
[2024-09-30T16:39:07.906+0000] {logging_mixin.py:188} INFO - [2024-09-30T16:39:07.906+0000] {dagbag.py:540} INFO - Filling up the DagBag from /home/airflow/.local/lib/python3.12/site-packages/airflow/example_dags/example_datasets.py
[2024-09-30T16:39:07.918+0000] {processor.py:840} INFO - DAG(s) 'dataset_consumes_1_and_2', 'dataset_consumes_unknown_never_scheduled', 'consume_1_or_2_with_dataset_expressions', 'dataset_produces_1', 'dataset_consumes_1', 'dataset_produces_2', 'consume_1_and_2_with_dataset_expressions', 'dataset_consumes_1_never_scheduled', 'conditional_dataset_and_time_based_timetable', 'consume_1_or_both_2_and_3_with_dataset_expressions' retrieved from /home/airflow/.local/lib/python3.12/site-packages/airflow/example_dags/example_datasets.py
[2024-09-30T16:39:07.953+0000] {logging_mixin.py:188} INFO - [2024-09-30T16:39:07.953+0000] {dag.py:3096} INFO - Sync 10 DAGs
[2024-09-30T16:39:07.971+0000] {logging_mixin.py:188} INFO - [2024-09-30T16:39:07.971+0000] {dag.py:3954} INFO - Setting next_dagrun for conditional_dataset_and_time_based_timetable to 2024-09-25 01:00:00+00:00, run_after=2024-09-25 01:00:00+00:00
[2024-09-30T16:39:07.974+0000] {logging_mixin.py:188} INFO - [2024-09-30T16:39:07.974+0000] {dag.py:3954} INFO - Setting next_dagrun for consume_1_and_2_with_dataset_expressions to None, run_after=None
[2024-09-30T16:39:07.975+0000] {logging_mixin.py:188} INFO - [2024-09-30T16:39:07.975+0000] {dag.py:3954} INFO - Setting next_dagrun for consume_1_or_2_with_dataset_expressions to None, run_after=None
[2024-09-30T16:39:07.976+0000] {logging_mixin.py:188} INFO - [2024-09-30T16:39:07.976+0000] {dag.py:3954} INFO - Setting next_dagrun for consume_1_or_both_2_and_3_with_dataset_expressions to None, run_after=None
[2024-09-30T16:39:07.976+0000] {logging_mixin.py:188} INFO - [2024-09-30T16:39:07.976+0000] {dag.py:3954} INFO - Setting next_dagrun for dataset_consumes_1 to None, run_after=None
[2024-09-30T16:39:07.977+0000] {logging_mixin.py:188} INFO - [2024-09-30T16:39:07.977+0000] {dag.py:3954} INFO - Setting next_dagrun for dataset_consumes_1_and_2 to None, run_after=None
[2024-09-30T16:39:07.978+0000] {logging_mixin.py:188} INFO - [2024-09-30T16:39:07.978+0000] {dag.py:3954} INFO - Setting next_dagrun for dataset_consumes_1_never_scheduled to None, run_after=None
[2024-09-30T16:39:07.979+0000] {logging_mixin.py:188} INFO - [2024-09-30T16:39:07.979+0000] {dag.py:3954} INFO - Setting next_dagrun for dataset_consumes_unknown_never_scheduled to None, run_after=None
[2024-09-30T16:39:07.981+0000] {logging_mixin.py:188} INFO - [2024-09-30T16:39:07.981+0000] {dag.py:3954} INFO - Setting next_dagrun for dataset_produces_1 to 2024-09-29 00:00:00+00:00, run_after=2024-09-30 00:00:00+00:00
[2024-09-30T16:39:07.982+0000] {logging_mixin.py:188} INFO - [2024-09-30T16:39:07.981+0000] {dag.py:3954} INFO - Setting next_dagrun for dataset_produces_2 to None, run_after=None
[2024-09-30T16:39:08.014+0000] {processor.py:183} INFO - Processing /home/airflow/.local/lib/python3.12/site-packages/airflow/example_dags/example_datasets.py took 0.114 seconds
[2024-09-30T16:39:38.676+0000] {processor.py:161} INFO - Started process (PID=3243) to work on /home/airflow/.local/lib/python3.12/site-packages/airflow/example_dags/example_datasets.py
[2024-09-30T16:39:38.677+0000] {processor.py:830} INFO - Processing file /home/airflow/.local/lib/python3.12/site-packages/airflow/example_dags/example_datasets.py for tasks to queue
[2024-09-30T16:39:38.679+0000] {logging_mixin.py:188} INFO - [2024-09-30T16:39:38.678+0000] {dagbag.py:540} INFO - Filling up the DagBag from /home/airflow/.local/lib/python3.12/site-packages/airflow/example_dags/example_datasets.py
[2024-09-30T16:39:38.694+0000] {processor.py:840} INFO - DAG(s) 'dataset_produces_2', 'consume_1_or_2_with_dataset_expressions', 'conditional_dataset_and_time_based_timetable', 'dataset_consumes_1_and_2', 'dataset_consumes_1', 'consume_1_and_2_with_dataset_expressions', 'dataset_consumes_unknown_never_scheduled', 'dataset_produces_1', 'dataset_consumes_1_never_scheduled', 'consume_1_or_both_2_and_3_with_dataset_expressions' retrieved from /home/airflow/.local/lib/python3.12/site-packages/airflow/example_dags/example_datasets.py
[2024-09-30T16:39:38.734+0000] {logging_mixin.py:188} INFO - [2024-09-30T16:39:38.734+0000] {dag.py:3096} INFO - Sync 10 DAGs
[2024-09-30T16:39:38.753+0000] {logging_mixin.py:188} INFO - [2024-09-30T16:39:38.753+0000] {dag.py:3954} INFO - Setting next_dagrun for conditional_dataset_and_time_based_timetable to 2024-09-25 01:00:00+00:00, run_after=2024-09-25 01:00:00+00:00
[2024-09-30T16:39:38.756+0000] {logging_mixin.py:188} INFO - [2024-09-30T16:39:38.756+0000] {dag.py:3954} INFO - Setting next_dagrun for consume_1_and_2_with_dataset_expressions to None, run_after=None
[2024-09-30T16:39:38.757+0000] {logging_mixin.py:188} INFO - [2024-09-30T16:39:38.757+0000] {dag.py:3954} INFO - Setting next_dagrun for consume_1_or_2_with_dataset_expressions to None, run_after=None
[2024-09-30T16:39:38.758+0000] {logging_mixin.py:188} INFO - [2024-09-30T16:39:38.758+0000] {dag.py:3954} INFO - Setting next_dagrun for consume_1_or_both_2_and_3_with_dataset_expressions to None, run_after=None
[2024-09-30T16:39:38.759+0000] {logging_mixin.py:188} INFO - [2024-09-30T16:39:38.759+0000] {dag.py:3954} INFO - Setting next_dagrun for dataset_consumes_1 to None, run_after=None
[2024-09-30T16:39:38.760+0000] {logging_mixin.py:188} INFO - [2024-09-30T16:39:38.759+0000] {dag.py:3954} INFO - Setting next_dagrun for dataset_consumes_1_and_2 to None, run_after=None
[2024-09-30T16:39:38.760+0000] {logging_mixin.py:188} INFO - [2024-09-30T16:39:38.760+0000] {dag.py:3954} INFO - Setting next_dagrun for dataset_consumes_1_never_scheduled to None, run_after=None
[2024-09-30T16:39:38.761+0000] {logging_mixin.py:188} INFO - [2024-09-30T16:39:38.761+0000] {dag.py:3954} INFO - Setting next_dagrun for dataset_consumes_unknown_never_scheduled to None, run_after=None
[2024-09-30T16:39:38.763+0000] {logging_mixin.py:188} INFO - [2024-09-30T16:39:38.763+0000] {dag.py:3954} INFO - Setting next_dagrun for dataset_produces_1 to 2024-09-29 00:00:00+00:00, run_after=2024-09-30 00:00:00+00:00
[2024-09-30T16:39:38.764+0000] {logging_mixin.py:188} INFO - [2024-09-30T16:39:38.764+0000] {dag.py:3954} INFO - Setting next_dagrun for dataset_produces_2 to None, run_after=None
[2024-09-30T16:39:38.795+0000] {processor.py:183} INFO - Processing /home/airflow/.local/lib/python3.12/site-packages/airflow/example_dags/example_datasets.py took 0.124 seconds
[2024-09-30T16:40:09.563+0000] {processor.py:161} INFO - Started process (PID=3509) to work on /home/airflow/.local/lib/python3.12/site-packages/airflow/example_dags/example_datasets.py
[2024-09-30T16:40:09.563+0000] {processor.py:830} INFO - Processing file /home/airflow/.local/lib/python3.12/site-packages/airflow/example_dags/example_datasets.py for tasks to queue
[2024-09-30T16:40:09.564+0000] {logging_mixin.py:188} INFO - [2024-09-30T16:40:09.564+0000] {dagbag.py:540} INFO - Filling up the DagBag from /home/airflow/.local/lib/python3.12/site-packages/airflow/example_dags/example_datasets.py
[2024-09-30T16:40:09.575+0000] {processor.py:840} INFO - DAG(s) 'consume_1_or_both_2_and_3_with_dataset_expressions', 'dataset_produces_1', 'dataset_consumes_1_never_scheduled', 'conditional_dataset_and_time_based_timetable', 'consume_1_and_2_with_dataset_expressions', 'dataset_produces_2', 'dataset_consumes_unknown_never_scheduled', 'dataset_consumes_1', 'consume_1_or_2_with_dataset_expressions', 'dataset_consumes_1_and_2' retrieved from /home/airflow/.local/lib/python3.12/site-packages/airflow/example_dags/example_datasets.py
[2024-09-30T16:40:09.609+0000] {logging_mixin.py:188} INFO - [2024-09-30T16:40:09.609+0000] {dag.py:3096} INFO - Sync 10 DAGs
[2024-09-30T16:40:09.628+0000] {logging_mixin.py:188} INFO - [2024-09-30T16:40:09.628+0000] {dag.py:3954} INFO - Setting next_dagrun for conditional_dataset_and_time_based_timetable to 2024-09-25 01:00:00+00:00, run_after=2024-09-25 01:00:00+00:00
[2024-09-30T16:40:09.631+0000] {logging_mixin.py:188} INFO - [2024-09-30T16:40:09.631+0000] {dag.py:3954} INFO - Setting next_dagrun for consume_1_and_2_with_dataset_expressions to None, run_after=None
[2024-09-30T16:40:09.632+0000] {logging_mixin.py:188} INFO - [2024-09-30T16:40:09.631+0000] {dag.py:3954} INFO - Setting next_dagrun for consume_1_or_2_with_dataset_expressions to None, run_after=None
[2024-09-30T16:40:09.632+0000] {logging_mixin.py:188} INFO - [2024-09-30T16:40:09.632+0000] {dag.py:3954} INFO - Setting next_dagrun for consume_1_or_both_2_and_3_with_dataset_expressions to None, run_after=None
[2024-09-30T16:40:09.633+0000] {logging_mixin.py:188} INFO - [2024-09-30T16:40:09.633+0000] {dag.py:3954} INFO - Setting next_dagrun for dataset_consumes_1 to None, run_after=None
[2024-09-30T16:40:09.634+0000] {logging_mixin.py:188} INFO - [2024-09-30T16:40:09.634+0000] {dag.py:3954} INFO - Setting next_dagrun for dataset_consumes_1_and_2 to None, run_after=None
[2024-09-30T16:40:09.635+0000] {logging_mixin.py:188} INFO - [2024-09-30T16:40:09.635+0000] {dag.py:3954} INFO - Setting next_dagrun for dataset_consumes_1_never_scheduled to None, run_after=None
[2024-09-30T16:40:09.636+0000] {logging_mixin.py:188} INFO - [2024-09-30T16:40:09.635+0000] {dag.py:3954} INFO - Setting next_dagrun for dataset_consumes_unknown_never_scheduled to None, run_after=None
[2024-09-30T16:40:09.637+0000] {logging_mixin.py:188} INFO - [2024-09-30T16:40:09.637+0000] {dag.py:3954} INFO - Setting next_dagrun for dataset_produces_1 to 2024-09-29 00:00:00+00:00, run_after=2024-09-30 00:00:00+00:00
[2024-09-30T16:40:09.638+0000] {logging_mixin.py:188} INFO - [2024-09-30T16:40:09.638+0000] {dag.py:3954} INFO - Setting next_dagrun for dataset_produces_2 to None, run_after=None
[2024-09-30T16:40:09.665+0000] {processor.py:183} INFO - Processing /home/airflow/.local/lib/python3.12/site-packages/airflow/example_dags/example_datasets.py took 0.107 seconds
[2024-09-30T16:40:40.281+0000] {processor.py:161} INFO - Started process (PID=3775) to work on /home/airflow/.local/lib/python3.12/site-packages/airflow/example_dags/example_datasets.py
[2024-09-30T16:40:40.282+0000] {processor.py:830} INFO - Processing file /home/airflow/.local/lib/python3.12/site-packages/airflow/example_dags/example_datasets.py for tasks to queue
[2024-09-30T16:40:40.283+0000] {logging_mixin.py:188} INFO - [2024-09-30T16:40:40.283+0000] {dagbag.py:540} INFO - Filling up the DagBag from /home/airflow/.local/lib/python3.12/site-packages/airflow/example_dags/example_datasets.py
[2024-09-30T16:40:40.294+0000] {processor.py:840} INFO - DAG(s) 'conditional_dataset_and_time_based_timetable', 'dataset_consumes_unknown_never_scheduled', 'dataset_produces_2', 'consume_1_or_2_with_dataset_expressions', 'dataset_consumes_1_never_scheduled', 'dataset_consumes_1_and_2', 'consume_1_and_2_with_dataset_expressions', 'consume_1_or_both_2_and_3_with_dataset_expressions', 'dataset_consumes_1', 'dataset_produces_1' retrieved from /home/airflow/.local/lib/python3.12/site-packages/airflow/example_dags/example_datasets.py
[2024-09-30T16:40:40.327+0000] {logging_mixin.py:188} INFO - [2024-09-30T16:40:40.327+0000] {dag.py:3096} INFO - Sync 10 DAGs
[2024-09-30T16:40:40.490+0000] {logging_mixin.py:188} INFO - [2024-09-30T16:40:40.490+0000] {dag.py:3954} INFO - Setting next_dagrun for conditional_dataset_and_time_based_timetable to 2024-09-25 01:00:00+00:00, run_after=2024-09-25 01:00:00+00:00
[2024-09-30T16:40:40.493+0000] {logging_mixin.py:188} INFO - [2024-09-30T16:40:40.493+0000] {dag.py:3954} INFO - Setting next_dagrun for consume_1_and_2_with_dataset_expressions to None, run_after=None
[2024-09-30T16:40:40.494+0000] {logging_mixin.py:188} INFO - [2024-09-30T16:40:40.494+0000] {dag.py:3954} INFO - Setting next_dagrun for consume_1_or_2_with_dataset_expressions to None, run_after=None
[2024-09-30T16:40:40.495+0000] {logging_mixin.py:188} INFO - [2024-09-30T16:40:40.495+0000] {dag.py:3954} INFO - Setting next_dagrun for consume_1_or_both_2_and_3_with_dataset_expressions to None, run_after=None
[2024-09-30T16:40:40.496+0000] {logging_mixin.py:188} INFO - [2024-09-30T16:40:40.495+0000] {dag.py:3954} INFO - Setting next_dagrun for dataset_consumes_1 to None, run_after=None
[2024-09-30T16:40:40.496+0000] {logging_mixin.py:188} INFO - [2024-09-30T16:40:40.496+0000] {dag.py:3954} INFO - Setting next_dagrun for dataset_consumes_1_and_2 to None, run_after=None
[2024-09-30T16:40:40.497+0000] {logging_mixin.py:188} INFO - [2024-09-30T16:40:40.497+0000] {dag.py:3954} INFO - Setting next_dagrun for dataset_consumes_1_never_scheduled to None, run_after=None
[2024-09-30T16:40:40.498+0000] {logging_mixin.py:188} INFO - [2024-09-30T16:40:40.498+0000] {dag.py:3954} INFO - Setting next_dagrun for dataset_consumes_unknown_never_scheduled to None, run_after=None
[2024-09-30T16:40:40.500+0000] {logging_mixin.py:188} INFO - [2024-09-30T16:40:40.500+0000] {dag.py:3954} INFO - Setting next_dagrun for dataset_produces_1 to 2024-09-29 00:00:00+00:00, run_after=2024-09-30 00:00:00+00:00
[2024-09-30T16:40:40.501+0000] {logging_mixin.py:188} INFO - [2024-09-30T16:40:40.500+0000] {dag.py:3954} INFO - Setting next_dagrun for dataset_produces_2 to None, run_after=None
[2024-09-30T16:40:40.536+0000] {processor.py:183} INFO - Processing /home/airflow/.local/lib/python3.12/site-packages/airflow/example_dags/example_datasets.py took 0.259 seconds
[2024-09-30T16:41:10.886+0000] {processor.py:161} INFO - Started process (PID=4041) to work on /home/airflow/.local/lib/python3.12/site-packages/airflow/example_dags/example_datasets.py
[2024-09-30T16:41:10.887+0000] {processor.py:830} INFO - Processing file /home/airflow/.local/lib/python3.12/site-packages/airflow/example_dags/example_datasets.py for tasks to queue
[2024-09-30T16:41:10.888+0000] {logging_mixin.py:188} INFO - [2024-09-30T16:41:10.888+0000] {dagbag.py:540} INFO - Filling up the DagBag from /home/airflow/.local/lib/python3.12/site-packages/airflow/example_dags/example_datasets.py
[2024-09-30T16:41:10.899+0000] {processor.py:840} INFO - DAG(s) 'dataset_consumes_unknown_never_scheduled', 'dataset_consumes_1_and_2', 'dataset_consumes_1_never_scheduled', 'dataset_produces_2', 'consume_1_or_both_2_and_3_with_dataset_expressions', 'dataset_consumes_1', 'consume_1_and_2_with_dataset_expressions', 'dataset_produces_1', 'consume_1_or_2_with_dataset_expressions', 'conditional_dataset_and_time_based_timetable' retrieved from /home/airflow/.local/lib/python3.12/site-packages/airflow/example_dags/example_datasets.py
[2024-09-30T16:41:10.932+0000] {logging_mixin.py:188} INFO - [2024-09-30T16:41:10.932+0000] {dag.py:3096} INFO - Sync 10 DAGs
[2024-09-30T16:41:10.951+0000] {logging_mixin.py:188} INFO - [2024-09-30T16:41:10.951+0000] {dag.py:3954} INFO - Setting next_dagrun for conditional_dataset_and_time_based_timetable to 2024-09-25 01:00:00+00:00, run_after=2024-09-25 01:00:00+00:00
[2024-09-30T16:41:10.954+0000] {logging_mixin.py:188} INFO - [2024-09-30T16:41:10.953+0000] {dag.py:3954} INFO - Setting next_dagrun for consume_1_and_2_with_dataset_expressions to None, run_after=None
[2024-09-30T16:41:10.954+0000] {logging_mixin.py:188} INFO - [2024-09-30T16:41:10.954+0000] {dag.py:3954} INFO - Setting next_dagrun for consume_1_or_2_with_dataset_expressions to None, run_after=None
[2024-09-30T16:41:10.955+0000] {logging_mixin.py:188} INFO - [2024-09-30T16:41:10.955+0000] {dag.py:3954} INFO - Setting next_dagrun for consume_1_or_both_2_and_3_with_dataset_expressions to None, run_after=None
[2024-09-30T16:41:10.956+0000] {logging_mixin.py:188} INFO - [2024-09-30T16:41:10.956+0000] {dag.py:3954} INFO - Setting next_dagrun for dataset_consumes_1 to None, run_after=None
[2024-09-30T16:41:10.957+0000] {logging_mixin.py:188} INFO - [2024-09-30T16:41:10.957+0000] {dag.py:3954} INFO - Setting next_dagrun for dataset_consumes_1_and_2 to None, run_after=None
[2024-09-30T16:41:10.959+0000] {logging_mixin.py:188} INFO - [2024-09-30T16:41:10.958+0000] {dag.py:3954} INFO - Setting next_dagrun for dataset_consumes_1_never_scheduled to None, run_after=None
[2024-09-30T16:41:10.960+0000] {logging_mixin.py:188} INFO - [2024-09-30T16:41:10.959+0000] {dag.py:3954} INFO - Setting next_dagrun for dataset_consumes_unknown_never_scheduled to None, run_after=None
[2024-09-30T16:41:10.962+0000] {logging_mixin.py:188} INFO - [2024-09-30T16:41:10.962+0000] {dag.py:3954} INFO - Setting next_dagrun for dataset_produces_1 to 2024-09-29 00:00:00+00:00, run_after=2024-09-30 00:00:00+00:00
[2024-09-30T16:41:10.963+0000] {logging_mixin.py:188} INFO - [2024-09-30T16:41:10.963+0000] {dag.py:3954} INFO - Setting next_dagrun for dataset_produces_2 to None, run_after=None
[2024-09-30T16:41:11.135+0000] {processor.py:183} INFO - Processing /home/airflow/.local/lib/python3.12/site-packages/airflow/example_dags/example_datasets.py took 0.253 seconds
[2024-09-30T16:41:42.118+0000] {processor.py:161} INFO - Started process (PID=4307) to work on /home/airflow/.local/lib/python3.12/site-packages/airflow/example_dags/example_datasets.py
[2024-09-30T16:41:42.119+0000] {processor.py:830} INFO - Processing file /home/airflow/.local/lib/python3.12/site-packages/airflow/example_dags/example_datasets.py for tasks to queue
[2024-09-30T16:41:42.121+0000] {logging_mixin.py:188} INFO - [2024-09-30T16:41:42.120+0000] {dagbag.py:540} INFO - Filling up the DagBag from /home/airflow/.local/lib/python3.12/site-packages/airflow/example_dags/example_datasets.py
[2024-09-30T16:41:42.136+0000] {processor.py:840} INFO - DAG(s) 'consume_1_or_2_with_dataset_expressions', 'dataset_consumes_unknown_never_scheduled', 'dataset_consumes_1_never_scheduled', 'consume_1_and_2_with_dataset_expressions', 'consume_1_or_both_2_and_3_with_dataset_expressions', 'dataset_produces_2', 'dataset_consumes_1_and_2', 'dataset_produces_1', 'conditional_dataset_and_time_based_timetable', 'dataset_consumes_1' retrieved from /home/airflow/.local/lib/python3.12/site-packages/airflow/example_dags/example_datasets.py
[2024-09-30T16:41:42.174+0000] {logging_mixin.py:188} INFO - [2024-09-30T16:41:42.174+0000] {dag.py:3096} INFO - Sync 10 DAGs
[2024-09-30T16:41:42.195+0000] {logging_mixin.py:188} INFO - [2024-09-30T16:41:42.195+0000] {dag.py:3954} INFO - Setting next_dagrun for conditional_dataset_and_time_based_timetable to 2024-09-25 01:00:00+00:00, run_after=2024-09-25 01:00:00+00:00
[2024-09-30T16:41:42.198+0000] {logging_mixin.py:188} INFO - [2024-09-30T16:41:42.198+0000] {dag.py:3954} INFO - Setting next_dagrun for consume_1_and_2_with_dataset_expressions to None, run_after=None
[2024-09-30T16:41:42.200+0000] {logging_mixin.py:188} INFO - [2024-09-30T16:41:42.199+0000] {dag.py:3954} INFO - Setting next_dagrun for consume_1_or_2_with_dataset_expressions to None, run_after=None
[2024-09-30T16:41:42.201+0000] {logging_mixin.py:188} INFO - [2024-09-30T16:41:42.200+0000] {dag.py:3954} INFO - Setting next_dagrun for consume_1_or_both_2_and_3_with_dataset_expressions to None, run_after=None
[2024-09-30T16:41:42.202+0000] {logging_mixin.py:188} INFO - [2024-09-30T16:41:42.202+0000] {dag.py:3954} INFO - Setting next_dagrun for dataset_consumes_1 to None, run_after=None
[2024-09-30T16:41:42.203+0000] {logging_mixin.py:188} INFO - [2024-09-30T16:41:42.203+0000] {dag.py:3954} INFO - Setting next_dagrun for dataset_consumes_1_and_2 to None, run_after=None
[2024-09-30T16:41:42.204+0000] {logging_mixin.py:188} INFO - [2024-09-30T16:41:42.204+0000] {dag.py:3954} INFO - Setting next_dagrun for dataset_consumes_1_never_scheduled to None, run_after=None
[2024-09-30T16:41:42.205+0000] {logging_mixin.py:188} INFO - [2024-09-30T16:41:42.205+0000] {dag.py:3954} INFO - Setting next_dagrun for dataset_consumes_unknown_never_scheduled to None, run_after=None
[2024-09-30T16:41:42.207+0000] {logging_mixin.py:188} INFO - [2024-09-30T16:41:42.207+0000] {dag.py:3954} INFO - Setting next_dagrun for dataset_produces_1 to 2024-09-29 00:00:00+00:00, run_after=2024-09-30 00:00:00+00:00
[2024-09-30T16:41:42.208+0000] {logging_mixin.py:188} INFO - [2024-09-30T16:41:42.208+0000] {dag.py:3954} INFO - Setting next_dagrun for dataset_produces_2 to None, run_after=None
[2024-09-30T16:41:42.241+0000] {processor.py:183} INFO - Processing /home/airflow/.local/lib/python3.12/site-packages/airflow/example_dags/example_datasets.py took 0.127 seconds
[2024-09-30T16:42:12.591+0000] {processor.py:161} INFO - Started process (PID=4573) to work on /home/airflow/.local/lib/python3.12/site-packages/airflow/example_dags/example_datasets.py
[2024-09-30T16:42:12.592+0000] {processor.py:830} INFO - Processing file /home/airflow/.local/lib/python3.12/site-packages/airflow/example_dags/example_datasets.py for tasks to queue
[2024-09-30T16:42:12.594+0000] {logging_mixin.py:188} INFO - [2024-09-30T16:42:12.593+0000] {dagbag.py:540} INFO - Filling up the DagBag from /home/airflow/.local/lib/python3.12/site-packages/airflow/example_dags/example_datasets.py
[2024-09-30T16:42:12.608+0000] {processor.py:840} INFO - DAG(s) 'dataset_consumes_1_and_2', 'consume_1_or_2_with_dataset_expressions', 'dataset_consumes_1_never_scheduled', 'dataset_produces_2', 'consume_1_and_2_with_dataset_expressions', 'consume_1_or_both_2_and_3_with_dataset_expressions', 'conditional_dataset_and_time_based_timetable', 'dataset_consumes_1', 'dataset_produces_1', 'dataset_consumes_unknown_never_scheduled' retrieved from /home/airflow/.local/lib/python3.12/site-packages/airflow/example_dags/example_datasets.py
[2024-09-30T16:42:12.643+0000] {logging_mixin.py:188} INFO - [2024-09-30T16:42:12.643+0000] {dag.py:3096} INFO - Sync 10 DAGs
[2024-09-30T16:42:12.662+0000] {logging_mixin.py:188} INFO - [2024-09-30T16:42:12.662+0000] {dag.py:3954} INFO - Setting next_dagrun for conditional_dataset_and_time_based_timetable to 2024-09-25 01:00:00+00:00, run_after=2024-09-25 01:00:00+00:00
[2024-09-30T16:42:12.665+0000] {logging_mixin.py:188} INFO - [2024-09-30T16:42:12.665+0000] {dag.py:3954} INFO - Setting next_dagrun for consume_1_and_2_with_dataset_expressions to None, run_after=None
[2024-09-30T16:42:12.666+0000] {logging_mixin.py:188} INFO - [2024-09-30T16:42:12.666+0000] {dag.py:3954} INFO - Setting next_dagrun for consume_1_or_2_with_dataset_expressions to None, run_after=None
[2024-09-30T16:42:12.667+0000] {logging_mixin.py:188} INFO - [2024-09-30T16:42:12.667+0000] {dag.py:3954} INFO - Setting next_dagrun for consume_1_or_both_2_and_3_with_dataset_expressions to None, run_after=None
[2024-09-30T16:42:12.668+0000] {logging_mixin.py:188} INFO - [2024-09-30T16:42:12.668+0000] {dag.py:3954} INFO - Setting next_dagrun for dataset_consumes_1 to None, run_after=None
[2024-09-30T16:42:12.669+0000] {logging_mixin.py:188} INFO - [2024-09-30T16:42:12.668+0000] {dag.py:3954} INFO - Setting next_dagrun for dataset_consumes_1_and_2 to None, run_after=None
[2024-09-30T16:42:12.669+0000] {logging_mixin.py:188} INFO - [2024-09-30T16:42:12.669+0000] {dag.py:3954} INFO - Setting next_dagrun for dataset_consumes_1_never_scheduled to None, run_after=None
[2024-09-30T16:42:12.670+0000] {logging_mixin.py:188} INFO - [2024-09-30T16:42:12.670+0000] {dag.py:3954} INFO - Setting next_dagrun for dataset_consumes_unknown_never_scheduled to None, run_after=None
[2024-09-30T16:42:12.672+0000] {logging_mixin.py:188} INFO - [2024-09-30T16:42:12.672+0000] {dag.py:3954} INFO - Setting next_dagrun for dataset_produces_1 to 2024-09-29 00:00:00+00:00, run_after=2024-09-30 00:00:00+00:00
[2024-09-30T16:42:12.673+0000] {logging_mixin.py:188} INFO - [2024-09-30T16:42:12.673+0000] {dag.py:3954} INFO - Setting next_dagrun for dataset_produces_2 to None, run_after=None
[2024-09-30T16:42:12.707+0000] {processor.py:183} INFO - Processing /home/airflow/.local/lib/python3.12/site-packages/airflow/example_dags/example_datasets.py took 0.120 seconds
[2024-09-30T16:42:42.878+0000] {processor.py:161} INFO - Started process (PID=4839) to work on /home/airflow/.local/lib/python3.12/site-packages/airflow/example_dags/example_datasets.py
[2024-09-30T16:42:42.878+0000] {processor.py:830} INFO - Processing file /home/airflow/.local/lib/python3.12/site-packages/airflow/example_dags/example_datasets.py for tasks to queue
[2024-09-30T16:42:42.880+0000] {logging_mixin.py:188} INFO - [2024-09-30T16:42:42.879+0000] {dagbag.py:540} INFO - Filling up the DagBag from /home/airflow/.local/lib/python3.12/site-packages/airflow/example_dags/example_datasets.py
[2024-09-30T16:42:42.891+0000] {processor.py:840} INFO - DAG(s) 'dataset_consumes_unknown_never_scheduled', 'dataset_produces_1', 'dataset_consumes_1_and_2', 'consume_1_or_2_with_dataset_expressions', 'conditional_dataset_and_time_based_timetable', 'dataset_produces_2', 'dataset_consumes_1_never_scheduled', 'consume_1_or_both_2_and_3_with_dataset_expressions', 'dataset_consumes_1', 'consume_1_and_2_with_dataset_expressions' retrieved from /home/airflow/.local/lib/python3.12/site-packages/airflow/example_dags/example_datasets.py
[2024-09-30T16:42:43.066+0000] {logging_mixin.py:188} INFO - [2024-09-30T16:42:43.066+0000] {dag.py:3096} INFO - Sync 10 DAGs
[2024-09-30T16:42:43.084+0000] {logging_mixin.py:188} INFO - [2024-09-30T16:42:43.084+0000] {dag.py:3954} INFO - Setting next_dagrun for conditional_dataset_and_time_based_timetable to 2024-09-25 01:00:00+00:00, run_after=2024-09-25 01:00:00+00:00
[2024-09-30T16:42:43.088+0000] {logging_mixin.py:188} INFO - [2024-09-30T16:42:43.087+0000] {dag.py:3954} INFO - Setting next_dagrun for consume_1_and_2_with_dataset_expressions to None, run_after=None
[2024-09-30T16:42:43.088+0000] {logging_mixin.py:188} INFO - [2024-09-30T16:42:43.088+0000] {dag.py:3954} INFO - Setting next_dagrun for consume_1_or_2_with_dataset_expressions to None, run_after=None
[2024-09-30T16:42:43.089+0000] {logging_mixin.py:188} INFO - [2024-09-30T16:42:43.089+0000] {dag.py:3954} INFO - Setting next_dagrun for consume_1_or_both_2_and_3_with_dataset_expressions to None, run_after=None
[2024-09-30T16:42:43.090+0000] {logging_mixin.py:188} INFO - [2024-09-30T16:42:43.090+0000] {dag.py:3954} INFO - Setting next_dagrun for dataset_consumes_1 to None, run_after=None
[2024-09-30T16:42:43.091+0000] {logging_mixin.py:188} INFO - [2024-09-30T16:42:43.091+0000] {dag.py:3954} INFO - Setting next_dagrun for dataset_consumes_1_and_2 to None, run_after=None
[2024-09-30T16:42:43.092+0000] {logging_mixin.py:188} INFO - [2024-09-30T16:42:43.091+0000] {dag.py:3954} INFO - Setting next_dagrun for dataset_consumes_1_never_scheduled to None, run_after=None
[2024-09-30T16:42:43.092+0000] {logging_mixin.py:188} INFO - [2024-09-30T16:42:43.092+0000] {dag.py:3954} INFO - Setting next_dagrun for dataset_consumes_unknown_never_scheduled to None, run_after=None
[2024-09-30T16:42:43.094+0000] {logging_mixin.py:188} INFO - [2024-09-30T16:42:43.094+0000] {dag.py:3954} INFO - Setting next_dagrun for dataset_produces_1 to 2024-09-29 00:00:00+00:00, run_after=2024-09-30 00:00:00+00:00
[2024-09-30T16:42:43.095+0000] {logging_mixin.py:188} INFO - [2024-09-30T16:42:43.095+0000] {dag.py:3954} INFO - Setting next_dagrun for dataset_produces_2 to None, run_after=None
[2024-09-30T16:42:43.136+0000] {processor.py:183} INFO - Processing /home/airflow/.local/lib/python3.12/site-packages/airflow/example_dags/example_datasets.py took 0.263 seconds
[2024-09-30T16:43:14.084+0000] {processor.py:161} INFO - Started process (PID=5105) to work on /home/airflow/.local/lib/python3.12/site-packages/airflow/example_dags/example_datasets.py
[2024-09-30T16:43:14.085+0000] {processor.py:830} INFO - Processing file /home/airflow/.local/lib/python3.12/site-packages/airflow/example_dags/example_datasets.py for tasks to queue
[2024-09-30T16:43:14.086+0000] {logging_mixin.py:188} INFO - [2024-09-30T16:43:14.086+0000] {dagbag.py:540} INFO - Filling up the DagBag from /home/airflow/.local/lib/python3.12/site-packages/airflow/example_dags/example_datasets.py
[2024-09-30T16:43:14.102+0000] {processor.py:840} INFO - DAG(s) 'dataset_consumes_1', 'dataset_consumes_1_never_scheduled', 'consume_1_and_2_with_dataset_expressions', 'conditional_dataset_and_time_based_timetable', 'dataset_produces_1', 'dataset_produces_2', 'consume_1_or_2_with_dataset_expressions', 'dataset_consumes_1_and_2', 'consume_1_or_both_2_and_3_with_dataset_expressions', 'dataset_consumes_unknown_never_scheduled' retrieved from /home/airflow/.local/lib/python3.12/site-packages/airflow/example_dags/example_datasets.py
[2024-09-30T16:43:14.150+0000] {logging_mixin.py:188} INFO - [2024-09-30T16:43:14.150+0000] {dag.py:3096} INFO - Sync 10 DAGs
[2024-09-30T16:43:14.170+0000] {logging_mixin.py:188} INFO - [2024-09-30T16:43:14.169+0000] {dag.py:3954} INFO - Setting next_dagrun for conditional_dataset_and_time_based_timetable to 2024-09-25 01:00:00+00:00, run_after=2024-09-25 01:00:00+00:00
[2024-09-30T16:43:14.173+0000] {logging_mixin.py:188} INFO - [2024-09-30T16:43:14.172+0000] {dag.py:3954} INFO - Setting next_dagrun for consume_1_and_2_with_dataset_expressions to None, run_after=None
[2024-09-30T16:43:14.173+0000] {logging_mixin.py:188} INFO - [2024-09-30T16:43:14.173+0000] {dag.py:3954} INFO - Setting next_dagrun for consume_1_or_2_with_dataset_expressions to None, run_after=None
[2024-09-30T16:43:14.174+0000] {logging_mixin.py:188} INFO - [2024-09-30T16:43:14.174+0000] {dag.py:3954} INFO - Setting next_dagrun for consume_1_or_both_2_and_3_with_dataset_expressions to None, run_after=None
[2024-09-30T16:43:14.175+0000] {logging_mixin.py:188} INFO - [2024-09-30T16:43:14.175+0000] {dag.py:3954} INFO - Setting next_dagrun for dataset_consumes_1 to None, run_after=None
[2024-09-30T16:43:14.176+0000] {logging_mixin.py:188} INFO - [2024-09-30T16:43:14.176+0000] {dag.py:3954} INFO - Setting next_dagrun for dataset_consumes_1_and_2 to None, run_after=None
[2024-09-30T16:43:14.177+0000] {logging_mixin.py:188} INFO - [2024-09-30T16:43:14.177+0000] {dag.py:3954} INFO - Setting next_dagrun for dataset_consumes_1_never_scheduled to None, run_after=None
[2024-09-30T16:43:14.178+0000] {logging_mixin.py:188} INFO - [2024-09-30T16:43:14.178+0000] {dag.py:3954} INFO - Setting next_dagrun for dataset_consumes_unknown_never_scheduled to None, run_after=None
[2024-09-30T16:43:14.180+0000] {logging_mixin.py:188} INFO - [2024-09-30T16:43:14.180+0000] {dag.py:3954} INFO - Setting next_dagrun for dataset_produces_1 to 2024-09-29 00:00:00+00:00, run_after=2024-09-30 00:00:00+00:00
[2024-09-30T16:43:14.181+0000] {logging_mixin.py:188} INFO - [2024-09-30T16:43:14.181+0000] {dag.py:3954} INFO - Setting next_dagrun for dataset_produces_2 to None, run_after=None
[2024-09-30T16:43:14.214+0000] {processor.py:183} INFO - Processing /home/airflow/.local/lib/python3.12/site-packages/airflow/example_dags/example_datasets.py took 0.136 seconds
[2024-09-30T16:43:44.618+0000] {processor.py:161} INFO - Started process (PID=5371) to work on /home/airflow/.local/lib/python3.12/site-packages/airflow/example_dags/example_datasets.py
[2024-09-30T16:43:44.619+0000] {processor.py:830} INFO - Processing file /home/airflow/.local/lib/python3.12/site-packages/airflow/example_dags/example_datasets.py for tasks to queue
[2024-09-30T16:43:44.621+0000] {logging_mixin.py:188} INFO - [2024-09-30T16:43:44.621+0000] {dagbag.py:540} INFO - Filling up the DagBag from /home/airflow/.local/lib/python3.12/site-packages/airflow/example_dags/example_datasets.py
[2024-09-30T16:43:44.632+0000] {processor.py:840} INFO - DAG(s) 'dataset_consumes_unknown_never_scheduled', 'dataset_consumes_1_and_2', 'consume_1_or_2_with_dataset_expressions', 'dataset_produces_2', 'consume_1_and_2_with_dataset_expressions', 'dataset_produces_1', 'conditional_dataset_and_time_based_timetable', 'consume_1_or_both_2_and_3_with_dataset_expressions', 'dataset_consumes_1', 'dataset_consumes_1_never_scheduled' retrieved from /home/airflow/.local/lib/python3.12/site-packages/airflow/example_dags/example_datasets.py
[2024-09-30T16:43:44.668+0000] {logging_mixin.py:188} INFO - [2024-09-30T16:43:44.668+0000] {dag.py:3096} INFO - Sync 10 DAGs
[2024-09-30T16:43:44.686+0000] {logging_mixin.py:188} INFO - [2024-09-30T16:43:44.686+0000] {dag.py:3954} INFO - Setting next_dagrun for conditional_dataset_and_time_based_timetable to 2024-09-25 01:00:00+00:00, run_after=2024-09-25 01:00:00+00:00
[2024-09-30T16:43:44.689+0000] {logging_mixin.py:188} INFO - [2024-09-30T16:43:44.689+0000] {dag.py:3954} INFO - Setting next_dagrun for consume_1_and_2_with_dataset_expressions to None, run_after=None
[2024-09-30T16:43:44.690+0000] {logging_mixin.py:188} INFO - [2024-09-30T16:43:44.690+0000] {dag.py:3954} INFO - Setting next_dagrun for consume_1_or_2_with_dataset_expressions to None, run_after=None
[2024-09-30T16:43:44.691+0000] {logging_mixin.py:188} INFO - [2024-09-30T16:43:44.691+0000] {dag.py:3954} INFO - Setting next_dagrun for consume_1_or_both_2_and_3_with_dataset_expressions to None, run_after=None
[2024-09-30T16:43:44.692+0000] {logging_mixin.py:188} INFO - [2024-09-30T16:43:44.692+0000] {dag.py:3954} INFO - Setting next_dagrun for dataset_consumes_1 to None, run_after=None
[2024-09-30T16:43:44.693+0000] {logging_mixin.py:188} INFO - [2024-09-30T16:43:44.693+0000] {dag.py:3954} INFO - Setting next_dagrun for dataset_consumes_1_and_2 to None, run_after=None
[2024-09-30T16:43:44.694+0000] {logging_mixin.py:188} INFO - [2024-09-30T16:43:44.693+0000] {dag.py:3954} INFO - Setting next_dagrun for dataset_consumes_1_never_scheduled to None, run_after=None
[2024-09-30T16:43:44.695+0000] {logging_mixin.py:188} INFO - [2024-09-30T16:43:44.694+0000] {dag.py:3954} INFO - Setting next_dagrun for dataset_consumes_unknown_never_scheduled to None, run_after=None
[2024-09-30T16:43:44.697+0000] {logging_mixin.py:188} INFO - [2024-09-30T16:43:44.697+0000] {dag.py:3954} INFO - Setting next_dagrun for dataset_produces_1 to 2024-09-29 00:00:00+00:00, run_after=2024-09-30 00:00:00+00:00
[2024-09-30T16:43:44.698+0000] {logging_mixin.py:188} INFO - [2024-09-30T16:43:44.698+0000] {dag.py:3954} INFO - Setting next_dagrun for dataset_produces_2 to None, run_after=None
[2024-09-30T16:43:44.731+0000] {processor.py:183} INFO - Processing /home/airflow/.local/lib/python3.12/site-packages/airflow/example_dags/example_datasets.py took 0.118 seconds
[2024-09-30T16:44:15.204+0000] {processor.py:161} INFO - Started process (PID=5637) to work on /home/airflow/.local/lib/python3.12/site-packages/airflow/example_dags/example_datasets.py
[2024-09-30T16:44:15.205+0000] {processor.py:830} INFO - Processing file /home/airflow/.local/lib/python3.12/site-packages/airflow/example_dags/example_datasets.py for tasks to queue
[2024-09-30T16:44:15.207+0000] {logging_mixin.py:188} INFO - [2024-09-30T16:44:15.206+0000] {dagbag.py:540} INFO - Filling up the DagBag from /home/airflow/.local/lib/python3.12/site-packages/airflow/example_dags/example_datasets.py
[2024-09-30T16:44:15.218+0000] {processor.py:840} INFO - DAG(s) 'dataset_consumes_1_and_2', 'consume_1_and_2_with_dataset_expressions', 'dataset_produces_1', 'dataset_consumes_unknown_never_scheduled', 'conditional_dataset_and_time_based_timetable', 'consume_1_or_2_with_dataset_expressions', 'consume_1_or_both_2_and_3_with_dataset_expressions', 'dataset_consumes_1_never_scheduled', 'dataset_produces_2', 'dataset_consumes_1' retrieved from /home/airflow/.local/lib/python3.12/site-packages/airflow/example_dags/example_datasets.py
[2024-09-30T16:44:15.256+0000] {logging_mixin.py:188} INFO - [2024-09-30T16:44:15.256+0000] {dag.py:3096} INFO - Sync 10 DAGs
[2024-09-30T16:44:15.277+0000] {logging_mixin.py:188} INFO - [2024-09-30T16:44:15.277+0000] {dag.py:3954} INFO - Setting next_dagrun for conditional_dataset_and_time_based_timetable to 2024-09-25 01:00:00+00:00, run_after=2024-09-25 01:00:00+00:00
[2024-09-30T16:44:15.280+0000] {logging_mixin.py:188} INFO - [2024-09-30T16:44:15.280+0000] {dag.py:3954} INFO - Setting next_dagrun for consume_1_and_2_with_dataset_expressions to None, run_after=None
[2024-09-30T16:44:15.281+0000] {logging_mixin.py:188} INFO - [2024-09-30T16:44:15.281+0000] {dag.py:3954} INFO - Setting next_dagrun for consume_1_or_2_with_dataset_expressions to None, run_after=None
[2024-09-30T16:44:15.282+0000] {logging_mixin.py:188} INFO - [2024-09-30T16:44:15.282+0000] {dag.py:3954} INFO - Setting next_dagrun for consume_1_or_both_2_and_3_with_dataset_expressions to None, run_after=None
[2024-09-30T16:44:15.283+0000] {logging_mixin.py:188} INFO - [2024-09-30T16:44:15.283+0000] {dag.py:3954} INFO - Setting next_dagrun for dataset_consumes_1 to None, run_after=None
[2024-09-30T16:44:15.284+0000] {logging_mixin.py:188} INFO - [2024-09-30T16:44:15.284+0000] {dag.py:3954} INFO - Setting next_dagrun for dataset_consumes_1_and_2 to None, run_after=None
[2024-09-30T16:44:15.285+0000] {logging_mixin.py:188} INFO - [2024-09-30T16:44:15.285+0000] {dag.py:3954} INFO - Setting next_dagrun for dataset_consumes_1_never_scheduled to None, run_after=None
[2024-09-30T16:44:15.286+0000] {logging_mixin.py:188} INFO - [2024-09-30T16:44:15.286+0000] {dag.py:3954} INFO - Setting next_dagrun for dataset_consumes_unknown_never_scheduled to None, run_after=None
[2024-09-30T16:44:15.288+0000] {logging_mixin.py:188} INFO - [2024-09-30T16:44:15.288+0000] {dag.py:3954} INFO - Setting next_dagrun for dataset_produces_1 to 2024-09-29 00:00:00+00:00, run_after=2024-09-30 00:00:00+00:00
[2024-09-30T16:44:15.289+0000] {logging_mixin.py:188} INFO - [2024-09-30T16:44:15.289+0000] {dag.py:3954} INFO - Setting next_dagrun for dataset_produces_2 to None, run_after=None
[2024-09-30T16:44:15.321+0000] {processor.py:183} INFO - Processing /home/airflow/.local/lib/python3.12/site-packages/airflow/example_dags/example_datasets.py took 0.121 seconds
[2024-09-30T16:44:45.646+0000] {processor.py:161} INFO - Started process (PID=5903) to work on /home/airflow/.local/lib/python3.12/site-packages/airflow/example_dags/example_datasets.py
[2024-09-30T16:44:45.647+0000] {processor.py:830} INFO - Processing file /home/airflow/.local/lib/python3.12/site-packages/airflow/example_dags/example_datasets.py for tasks to queue
[2024-09-30T16:44:45.648+0000] {logging_mixin.py:188} INFO - [2024-09-30T16:44:45.648+0000] {dagbag.py:540} INFO - Filling up the DagBag from /home/airflow/.local/lib/python3.12/site-packages/airflow/example_dags/example_datasets.py
[2024-09-30T16:44:45.661+0000] {processor.py:840} INFO - DAG(s) 'dataset_produces_2', 'dataset_consumes_1_and_2', 'consume_1_or_both_2_and_3_with_dataset_expressions', 'consume_1_and_2_with_dataset_expressions', 'dataset_consumes_1_never_scheduled', 'dataset_consumes_unknown_never_scheduled', 'dataset_consumes_1', 'conditional_dataset_and_time_based_timetable', 'dataset_produces_1', 'consume_1_or_2_with_dataset_expressions' retrieved from /home/airflow/.local/lib/python3.12/site-packages/airflow/example_dags/example_datasets.py
[2024-09-30T16:44:45.696+0000] {logging_mixin.py:188} INFO - [2024-09-30T16:44:45.696+0000] {dag.py:3096} INFO - Sync 10 DAGs
[2024-09-30T16:44:45.715+0000] {logging_mixin.py:188} INFO - [2024-09-30T16:44:45.715+0000] {dag.py:3954} INFO - Setting next_dagrun for conditional_dataset_and_time_based_timetable to 2024-09-25 01:00:00+00:00, run_after=2024-09-25 01:00:00+00:00
[2024-09-30T16:44:45.718+0000] {logging_mixin.py:188} INFO - [2024-09-30T16:44:45.718+0000] {dag.py:3954} INFO - Setting next_dagrun for consume_1_and_2_with_dataset_expressions to None, run_after=None
[2024-09-30T16:44:45.719+0000] {logging_mixin.py:188} INFO - [2024-09-30T16:44:45.719+0000] {dag.py:3954} INFO - Setting next_dagrun for consume_1_or_2_with_dataset_expressions to None, run_after=None
[2024-09-30T16:44:45.720+0000] {logging_mixin.py:188} INFO - [2024-09-30T16:44:45.719+0000] {dag.py:3954} INFO - Setting next_dagrun for consume_1_or_both_2_and_3_with_dataset_expressions to None, run_after=None
[2024-09-30T16:44:45.720+0000] {logging_mixin.py:188} INFO - [2024-09-30T16:44:45.720+0000] {dag.py:3954} INFO - Setting next_dagrun for dataset_consumes_1 to None, run_after=None
[2024-09-30T16:44:45.721+0000] {logging_mixin.py:188} INFO - [2024-09-30T16:44:45.721+0000] {dag.py:3954} INFO - Setting next_dagrun for dataset_consumes_1_and_2 to None, run_after=None
[2024-09-30T16:44:45.722+0000] {logging_mixin.py:188} INFO - [2024-09-30T16:44:45.722+0000] {dag.py:3954} INFO - Setting next_dagrun for dataset_consumes_1_never_scheduled to None, run_after=None
[2024-09-30T16:44:45.723+0000] {logging_mixin.py:188} INFO - [2024-09-30T16:44:45.723+0000] {dag.py:3954} INFO - Setting next_dagrun for dataset_consumes_unknown_never_scheduled to None, run_after=None
[2024-09-30T16:44:45.725+0000] {logging_mixin.py:188} INFO - [2024-09-30T16:44:45.725+0000] {dag.py:3954} INFO - Setting next_dagrun for dataset_produces_1 to 2024-09-29 00:00:00+00:00, run_after=2024-09-30 00:00:00+00:00
[2024-09-30T16:44:45.726+0000] {logging_mixin.py:188} INFO - [2024-09-30T16:44:45.726+0000] {dag.py:3954} INFO - Setting next_dagrun for dataset_produces_2 to None, run_after=None
[2024-09-30T16:44:45.756+0000] {processor.py:183} INFO - Processing /home/airflow/.local/lib/python3.12/site-packages/airflow/example_dags/example_datasets.py took 0.115 seconds
[2024-09-30T16:45:16.214+0000] {processor.py:161} INFO - Started process (PID=6169) to work on /home/airflow/.local/lib/python3.12/site-packages/airflow/example_dags/example_datasets.py
[2024-09-30T16:45:16.215+0000] {processor.py:830} INFO - Processing file /home/airflow/.local/lib/python3.12/site-packages/airflow/example_dags/example_datasets.py for tasks to queue
[2024-09-30T16:45:16.217+0000] {logging_mixin.py:188} INFO - [2024-09-30T16:45:16.216+0000] {dagbag.py:540} INFO - Filling up the DagBag from /home/airflow/.local/lib/python3.12/site-packages/airflow/example_dags/example_datasets.py
[2024-09-30T16:45:16.228+0000] {processor.py:840} INFO - DAG(s) 'dataset_consumes_1_never_scheduled', 'consume_1_or_2_with_dataset_expressions', 'dataset_consumes_1_and_2', 'dataset_consumes_1', 'consume_1_and_2_with_dataset_expressions', 'dataset_produces_2', 'dataset_consumes_unknown_never_scheduled', 'dataset_produces_1', 'conditional_dataset_and_time_based_timetable', 'consume_1_or_both_2_and_3_with_dataset_expressions' retrieved from /home/airflow/.local/lib/python3.12/site-packages/airflow/example_dags/example_datasets.py
[2024-09-30T16:45:16.263+0000] {logging_mixin.py:188} INFO - [2024-09-30T16:45:16.263+0000] {dag.py:3096} INFO - Sync 10 DAGs
[2024-09-30T16:45:16.283+0000] {logging_mixin.py:188} INFO - [2024-09-30T16:45:16.282+0000] {dag.py:3954} INFO - Setting next_dagrun for conditional_dataset_and_time_based_timetable to 2024-09-25 01:00:00+00:00, run_after=2024-09-25 01:00:00+00:00
[2024-09-30T16:45:16.285+0000] {logging_mixin.py:188} INFO - [2024-09-30T16:45:16.285+0000] {dag.py:3954} INFO - Setting next_dagrun for consume_1_and_2_with_dataset_expressions to None, run_after=None
[2024-09-30T16:45:16.286+0000] {logging_mixin.py:188} INFO - [2024-09-30T16:45:16.286+0000] {dag.py:3954} INFO - Setting next_dagrun for consume_1_or_2_with_dataset_expressions to None, run_after=None
[2024-09-30T16:45:16.287+0000] {logging_mixin.py:188} INFO - [2024-09-30T16:45:16.287+0000] {dag.py:3954} INFO - Setting next_dagrun for consume_1_or_both_2_and_3_with_dataset_expressions to None, run_after=None
[2024-09-30T16:45:16.288+0000] {logging_mixin.py:188} INFO - [2024-09-30T16:45:16.288+0000] {dag.py:3954} INFO - Setting next_dagrun for dataset_consumes_1 to None, run_after=None
[2024-09-30T16:45:16.289+0000] {logging_mixin.py:188} INFO - [2024-09-30T16:45:16.289+0000] {dag.py:3954} INFO - Setting next_dagrun for dataset_consumes_1_and_2 to None, run_after=None
[2024-09-30T16:45:16.290+0000] {logging_mixin.py:188} INFO - [2024-09-30T16:45:16.290+0000] {dag.py:3954} INFO - Setting next_dagrun for dataset_consumes_1_never_scheduled to None, run_after=None
[2024-09-30T16:45:16.291+0000] {logging_mixin.py:188} INFO - [2024-09-30T16:45:16.291+0000] {dag.py:3954} INFO - Setting next_dagrun for dataset_consumes_unknown_never_scheduled to None, run_after=None
[2024-09-30T16:45:16.294+0000] {logging_mixin.py:188} INFO - [2024-09-30T16:45:16.293+0000] {dag.py:3954} INFO - Setting next_dagrun for dataset_produces_1 to 2024-09-29 00:00:00+00:00, run_after=2024-09-30 00:00:00+00:00
[2024-09-30T16:45:16.295+0000] {logging_mixin.py:188} INFO - [2024-09-30T16:45:16.294+0000] {dag.py:3954} INFO - Setting next_dagrun for dataset_produces_2 to None, run_after=None
[2024-09-30T16:45:16.325+0000] {processor.py:183} INFO - Processing /home/airflow/.local/lib/python3.12/site-packages/airflow/example_dags/example_datasets.py took 0.115 seconds
[2024-09-30T16:45:46.700+0000] {processor.py:161} INFO - Started process (PID=6435) to work on /home/airflow/.local/lib/python3.12/site-packages/airflow/example_dags/example_datasets.py
[2024-09-30T16:45:46.701+0000] {processor.py:830} INFO - Processing file /home/airflow/.local/lib/python3.12/site-packages/airflow/example_dags/example_datasets.py for tasks to queue
[2024-09-30T16:45:46.703+0000] {logging_mixin.py:188} INFO - [2024-09-30T16:45:46.702+0000] {dagbag.py:540} INFO - Filling up the DagBag from /home/airflow/.local/lib/python3.12/site-packages/airflow/example_dags/example_datasets.py
[2024-09-30T16:45:46.717+0000] {processor.py:840} INFO - DAG(s) 'consume_1_or_2_with_dataset_expressions', 'dataset_consumes_1_never_scheduled', 'dataset_produces_1', 'dataset_consumes_unknown_never_scheduled', 'dataset_consumes_1_and_2', 'conditional_dataset_and_time_based_timetable', 'dataset_consumes_1', 'consume_1_and_2_with_dataset_expressions', 'dataset_produces_2', 'consume_1_or_both_2_and_3_with_dataset_expressions' retrieved from /home/airflow/.local/lib/python3.12/site-packages/airflow/example_dags/example_datasets.py
[2024-09-30T16:45:46.759+0000] {logging_mixin.py:188} INFO - [2024-09-30T16:45:46.758+0000] {dag.py:3096} INFO - Sync 10 DAGs
[2024-09-30T16:45:46.779+0000] {logging_mixin.py:188} INFO - [2024-09-30T16:45:46.779+0000] {dag.py:3954} INFO - Setting next_dagrun for conditional_dataset_and_time_based_timetable to 2024-09-25 01:00:00+00:00, run_after=2024-09-25 01:00:00+00:00
[2024-09-30T16:45:46.783+0000] {logging_mixin.py:188} INFO - [2024-09-30T16:45:46.783+0000] {dag.py:3954} INFO - Setting next_dagrun for consume_1_and_2_with_dataset_expressions to None, run_after=None
[2024-09-30T16:45:46.784+0000] {logging_mixin.py:188} INFO - [2024-09-30T16:45:46.784+0000] {dag.py:3954} INFO - Setting next_dagrun for consume_1_or_2_with_dataset_expressions to None, run_after=None
[2024-09-30T16:45:46.785+0000] {logging_mixin.py:188} INFO - [2024-09-30T16:45:46.785+0000] {dag.py:3954} INFO - Setting next_dagrun for consume_1_or_both_2_and_3_with_dataset_expressions to None, run_after=None
[2024-09-30T16:45:46.786+0000] {logging_mixin.py:188} INFO - [2024-09-30T16:45:46.786+0000] {dag.py:3954} INFO - Setting next_dagrun for dataset_consumes_1 to None, run_after=None
[2024-09-30T16:45:46.787+0000] {logging_mixin.py:188} INFO - [2024-09-30T16:45:46.787+0000] {dag.py:3954} INFO - Setting next_dagrun for dataset_consumes_1_and_2 to None, run_after=None
[2024-09-30T16:45:46.788+0000] {logging_mixin.py:188} INFO - [2024-09-30T16:45:46.788+0000] {dag.py:3954} INFO - Setting next_dagrun for dataset_consumes_1_never_scheduled to None, run_after=None
[2024-09-30T16:45:46.789+0000] {logging_mixin.py:188} INFO - [2024-09-30T16:45:46.789+0000] {dag.py:3954} INFO - Setting next_dagrun for dataset_consumes_unknown_never_scheduled to None, run_after=None
[2024-09-30T16:45:46.791+0000] {logging_mixin.py:188} INFO - [2024-09-30T16:45:46.790+0000] {dag.py:3954} INFO - Setting next_dagrun for dataset_produces_1 to 2024-09-29 00:00:00+00:00, run_after=2024-09-30 00:00:00+00:00
[2024-09-30T16:45:46.791+0000] {logging_mixin.py:188} INFO - [2024-09-30T16:45:46.791+0000] {dag.py:3954} INFO - Setting next_dagrun for dataset_produces_2 to None, run_after=None
[2024-09-30T16:45:46.820+0000] {processor.py:183} INFO - Processing /home/airflow/.local/lib/python3.12/site-packages/airflow/example_dags/example_datasets.py took 0.124 seconds
[2024-09-30T16:46:17.285+0000] {processor.py:161} INFO - Started process (PID=6701) to work on /home/airflow/.local/lib/python3.12/site-packages/airflow/example_dags/example_datasets.py
[2024-09-30T16:46:17.285+0000] {processor.py:830} INFO - Processing file /home/airflow/.local/lib/python3.12/site-packages/airflow/example_dags/example_datasets.py for tasks to queue
[2024-09-30T16:46:17.287+0000] {logging_mixin.py:188} INFO - [2024-09-30T16:46:17.287+0000] {dagbag.py:540} INFO - Filling up the DagBag from /home/airflow/.local/lib/python3.12/site-packages/airflow/example_dags/example_datasets.py
[2024-09-30T16:46:17.302+0000] {processor.py:840} INFO - DAG(s) 'consume_1_or_2_with_dataset_expressions', 'dataset_consumes_unknown_never_scheduled', 'dataset_produces_1', 'dataset_consumes_1_and_2', 'dataset_produces_2', 'conditional_dataset_and_time_based_timetable', 'dataset_consumes_1_never_scheduled', 'dataset_consumes_1', 'consume_1_or_both_2_and_3_with_dataset_expressions', 'consume_1_and_2_with_dataset_expressions' retrieved from /home/airflow/.local/lib/python3.12/site-packages/airflow/example_dags/example_datasets.py
[2024-09-30T16:46:17.345+0000] {logging_mixin.py:188} INFO - [2024-09-30T16:46:17.345+0000] {dag.py:3096} INFO - Sync 10 DAGs
[2024-09-30T16:46:17.374+0000] {logging_mixin.py:188} INFO - [2024-09-30T16:46:17.374+0000] {dag.py:3954} INFO - Setting next_dagrun for conditional_dataset_and_time_based_timetable to 2024-09-25 01:00:00+00:00, run_after=2024-09-25 01:00:00+00:00
[2024-09-30T16:46:17.378+0000] {logging_mixin.py:188} INFO - [2024-09-30T16:46:17.378+0000] {dag.py:3954} INFO - Setting next_dagrun for consume_1_and_2_with_dataset_expressions to None, run_after=None
[2024-09-30T16:46:17.379+0000] {logging_mixin.py:188} INFO - [2024-09-30T16:46:17.379+0000] {dag.py:3954} INFO - Setting next_dagrun for consume_1_or_2_with_dataset_expressions to None, run_after=None
[2024-09-30T16:46:17.380+0000] {logging_mixin.py:188} INFO - [2024-09-30T16:46:17.380+0000] {dag.py:3954} INFO - Setting next_dagrun for consume_1_or_both_2_and_3_with_dataset_expressions to None, run_after=None
[2024-09-30T16:46:17.381+0000] {logging_mixin.py:188} INFO - [2024-09-30T16:46:17.381+0000] {dag.py:3954} INFO - Setting next_dagrun for dataset_consumes_1 to None, run_after=None
[2024-09-30T16:46:17.382+0000] {logging_mixin.py:188} INFO - [2024-09-30T16:46:17.382+0000] {dag.py:3954} INFO - Setting next_dagrun for dataset_consumes_1_and_2 to None, run_after=None
[2024-09-30T16:46:17.383+0000] {logging_mixin.py:188} INFO - [2024-09-30T16:46:17.383+0000] {dag.py:3954} INFO - Setting next_dagrun for dataset_consumes_1_never_scheduled to None, run_after=None
[2024-09-30T16:46:17.384+0000] {logging_mixin.py:188} INFO - [2024-09-30T16:46:17.384+0000] {dag.py:3954} INFO - Setting next_dagrun for dataset_consumes_unknown_never_scheduled to None, run_after=None
[2024-09-30T16:46:17.387+0000] {logging_mixin.py:188} INFO - [2024-09-30T16:46:17.387+0000] {dag.py:3954} INFO - Setting next_dagrun for dataset_produces_1 to 2024-09-29 00:00:00+00:00, run_after=2024-09-30 00:00:00+00:00
[2024-09-30T16:46:17.388+0000] {logging_mixin.py:188} INFO - [2024-09-30T16:46:17.388+0000] {dag.py:3954} INFO - Setting next_dagrun for dataset_produces_2 to None, run_after=None
[2024-09-30T16:46:17.419+0000] {processor.py:183} INFO - Processing /home/airflow/.local/lib/python3.12/site-packages/airflow/example_dags/example_datasets.py took 0.139 seconds
[2024-09-30T16:46:48.094+0000] {processor.py:161} INFO - Started process (PID=6967) to work on /home/airflow/.local/lib/python3.12/site-packages/airflow/example_dags/example_datasets.py
[2024-09-30T16:46:48.095+0000] {processor.py:830} INFO - Processing file /home/airflow/.local/lib/python3.12/site-packages/airflow/example_dags/example_datasets.py for tasks to queue
[2024-09-30T16:46:48.096+0000] {logging_mixin.py:188} INFO - [2024-09-30T16:46:48.096+0000] {dagbag.py:540} INFO - Filling up the DagBag from /home/airflow/.local/lib/python3.12/site-packages/airflow/example_dags/example_datasets.py
[2024-09-30T16:46:48.112+0000] {processor.py:840} INFO - DAG(s) 'dataset_produces_1', 'consume_1_and_2_with_dataset_expressions', 'dataset_consumes_1_and_2', 'dataset_produces_2', 'consume_1_or_both_2_and_3_with_dataset_expressions', 'consume_1_or_2_with_dataset_expressions', 'dataset_consumes_unknown_never_scheduled', 'dataset_consumes_1_never_scheduled', 'conditional_dataset_and_time_based_timetable', 'dataset_consumes_1' retrieved from /home/airflow/.local/lib/python3.12/site-packages/airflow/example_dags/example_datasets.py
[2024-09-30T16:46:48.165+0000] {logging_mixin.py:188} INFO - [2024-09-30T16:46:48.165+0000] {dag.py:3096} INFO - Sync 10 DAGs
[2024-09-30T16:46:48.194+0000] {logging_mixin.py:188} INFO - [2024-09-30T16:46:48.194+0000] {dag.py:3954} INFO - Setting next_dagrun for conditional_dataset_and_time_based_timetable to 2024-09-25 01:00:00+00:00, run_after=2024-09-25 01:00:00+00:00
[2024-09-30T16:46:48.199+0000] {logging_mixin.py:188} INFO - [2024-09-30T16:46:48.199+0000] {dag.py:3954} INFO - Setting next_dagrun for consume_1_and_2_with_dataset_expressions to None, run_after=None
[2024-09-30T16:46:48.200+0000] {logging_mixin.py:188} INFO - [2024-09-30T16:46:48.200+0000] {dag.py:3954} INFO - Setting next_dagrun for consume_1_or_2_with_dataset_expressions to None, run_after=None
[2024-09-30T16:46:48.201+0000] {logging_mixin.py:188} INFO - [2024-09-30T16:46:48.201+0000] {dag.py:3954} INFO - Setting next_dagrun for consume_1_or_both_2_and_3_with_dataset_expressions to None, run_after=None
[2024-09-30T16:46:48.202+0000] {logging_mixin.py:188} INFO - [2024-09-30T16:46:48.202+0000] {dag.py:3954} INFO - Setting next_dagrun for dataset_consumes_1 to None, run_after=None
[2024-09-30T16:46:48.203+0000] {logging_mixin.py:188} INFO - [2024-09-30T16:46:48.203+0000] {dag.py:3954} INFO - Setting next_dagrun for dataset_consumes_1_and_2 to None, run_after=None
[2024-09-30T16:46:48.204+0000] {logging_mixin.py:188} INFO - [2024-09-30T16:46:48.204+0000] {dag.py:3954} INFO - Setting next_dagrun for dataset_consumes_1_never_scheduled to None, run_after=None
[2024-09-30T16:46:48.205+0000] {logging_mixin.py:188} INFO - [2024-09-30T16:46:48.205+0000] {dag.py:3954} INFO - Setting next_dagrun for dataset_consumes_unknown_never_scheduled to None, run_after=None
[2024-09-30T16:46:48.207+0000] {logging_mixin.py:188} INFO - [2024-09-30T16:46:48.207+0000] {dag.py:3954} INFO - Setting next_dagrun for dataset_produces_1 to 2024-09-29 00:00:00+00:00, run_after=2024-09-30 00:00:00+00:00
[2024-09-30T16:46:48.208+0000] {logging_mixin.py:188} INFO - [2024-09-30T16:46:48.208+0000] {dag.py:3954} INFO - Setting next_dagrun for dataset_produces_2 to None, run_after=None
[2024-09-30T16:46:48.238+0000] {processor.py:183} INFO - Processing /home/airflow/.local/lib/python3.12/site-packages/airflow/example_dags/example_datasets.py took 0.148 seconds
[2024-09-30T16:47:18.618+0000] {processor.py:161} INFO - Started process (PID=7233) to work on /home/airflow/.local/lib/python3.12/site-packages/airflow/example_dags/example_datasets.py
[2024-09-30T16:47:18.618+0000] {processor.py:830} INFO - Processing file /home/airflow/.local/lib/python3.12/site-packages/airflow/example_dags/example_datasets.py for tasks to queue
[2024-09-30T16:47:18.620+0000] {logging_mixin.py:188} INFO - [2024-09-30T16:47:18.620+0000] {dagbag.py:540} INFO - Filling up the DagBag from /home/airflow/.local/lib/python3.12/site-packages/airflow/example_dags/example_datasets.py
[2024-09-30T16:47:18.631+0000] {processor.py:840} INFO - DAG(s) 'dataset_consumes_1_never_scheduled', 'consume_1_or_both_2_and_3_with_dataset_expressions', 'dataset_consumes_unknown_never_scheduled', 'dataset_produces_1', 'dataset_consumes_1_and_2', 'consume_1_and_2_with_dataset_expressions', 'dataset_produces_2', 'consume_1_or_2_with_dataset_expressions', 'dataset_consumes_1', 'conditional_dataset_and_time_based_timetable' retrieved from /home/airflow/.local/lib/python3.12/site-packages/airflow/example_dags/example_datasets.py
[2024-09-30T16:47:18.668+0000] {logging_mixin.py:188} INFO - [2024-09-30T16:47:18.668+0000] {dag.py:3096} INFO - Sync 10 DAGs
[2024-09-30T16:47:18.690+0000] {logging_mixin.py:188} INFO - [2024-09-30T16:47:18.689+0000] {dag.py:3954} INFO - Setting next_dagrun for conditional_dataset_and_time_based_timetable to 2024-09-25 01:00:00+00:00, run_after=2024-09-25 01:00:00+00:00
[2024-09-30T16:47:18.693+0000] {logging_mixin.py:188} INFO - [2024-09-30T16:47:18.693+0000] {dag.py:3954} INFO - Setting next_dagrun for consume_1_and_2_with_dataset_expressions to None, run_after=None
[2024-09-30T16:47:18.694+0000] {logging_mixin.py:188} INFO - [2024-09-30T16:47:18.693+0000] {dag.py:3954} INFO - Setting next_dagrun for consume_1_or_2_with_dataset_expressions to None, run_after=None
[2024-09-30T16:47:18.695+0000] {logging_mixin.py:188} INFO - [2024-09-30T16:47:18.694+0000] {dag.py:3954} INFO - Setting next_dagrun for consume_1_or_both_2_and_3_with_dataset_expressions to None, run_after=None
[2024-09-30T16:47:18.695+0000] {logging_mixin.py:188} INFO - [2024-09-30T16:47:18.695+0000] {dag.py:3954} INFO - Setting next_dagrun for dataset_consumes_1 to None, run_after=None
[2024-09-30T16:47:18.696+0000] {logging_mixin.py:188} INFO - [2024-09-30T16:47:18.696+0000] {dag.py:3954} INFO - Setting next_dagrun for dataset_consumes_1_and_2 to None, run_after=None
[2024-09-30T16:47:18.697+0000] {logging_mixin.py:188} INFO - [2024-09-30T16:47:18.697+0000] {dag.py:3954} INFO - Setting next_dagrun for dataset_consumes_1_never_scheduled to None, run_after=None
[2024-09-30T16:47:18.698+0000] {logging_mixin.py:188} INFO - [2024-09-30T16:47:18.698+0000] {dag.py:3954} INFO - Setting next_dagrun for dataset_consumes_unknown_never_scheduled to None, run_after=None
[2024-09-30T16:47:18.700+0000] {logging_mixin.py:188} INFO - [2024-09-30T16:47:18.700+0000] {dag.py:3954} INFO - Setting next_dagrun for dataset_produces_1 to 2024-09-29 00:00:00+00:00, run_after=2024-09-30 00:00:00+00:00
[2024-09-30T16:47:18.701+0000] {logging_mixin.py:188} INFO - [2024-09-30T16:47:18.701+0000] {dag.py:3954} INFO - Setting next_dagrun for dataset_produces_2 to None, run_after=None
[2024-09-30T16:47:18.731+0000] {processor.py:183} INFO - Processing /home/airflow/.local/lib/python3.12/site-packages/airflow/example_dags/example_datasets.py took 0.118 seconds
