[2024-10-07T14:15:14.213+0000] {processor.py:161} INFO - Started process (PID=214) to work on /home/airflow/.local/lib/python3.12/site-packages/airflow/example_dags/example_bash_operator.py
[2024-10-07T14:15:14.214+0000] {processor.py:830} INFO - Processing file /home/airflow/.local/lib/python3.12/site-packages/airflow/example_dags/example_bash_operator.py for tasks to queue
[2024-10-07T14:15:14.215+0000] {logging_mixin.py:188} INFO - [2024-10-07T14:15:14.215+0000] {dagbag.py:540} INFO - Filling up the DagBag from /home/airflow/.local/lib/python3.12/site-packages/airflow/example_dags/example_bash_operator.py
[2024-10-07T14:15:14.231+0000] {processor.py:840} INFO - DAG(s) 'example_bash_operator' retrieved from /home/airflow/.local/lib/python3.12/site-packages/airflow/example_dags/example_bash_operator.py
[2024-10-07T14:15:14.269+0000] {logging_mixin.py:188} INFO - [2024-10-07T14:15:14.268+0000] {dag.py:3096} INFO - Sync 1 DAGs
[2024-10-07T14:15:14.300+0000] {logging_mixin.py:188} INFO - [2024-10-07T14:15:14.300+0000] {dag.py:3954} INFO - Setting next_dagrun for example_bash_operator to 2024-10-06 00:00:00+00:00, run_after=2024-10-07 00:00:00+00:00
[2024-10-07T14:15:14.328+0000] {processor.py:183} INFO - Processing /home/airflow/.local/lib/python3.12/site-packages/airflow/example_dags/example_bash_operator.py took 0.120 seconds
[2024-10-07T14:16:17.284+0000] {processor.py:161} INFO - Started process (PID=218) to work on /home/airflow/.local/lib/python3.12/site-packages/airflow/example_dags/example_bash_operator.py
[2024-10-07T14:16:17.285+0000] {processor.py:830} INFO - Processing file /home/airflow/.local/lib/python3.12/site-packages/airflow/example_dags/example_bash_operator.py for tasks to queue
[2024-10-07T14:16:17.287+0000] {logging_mixin.py:188} INFO - [2024-10-07T14:16:17.286+0000] {dagbag.py:540} INFO - Filling up the DagBag from /home/airflow/.local/lib/python3.12/site-packages/airflow/example_dags/example_bash_operator.py
[2024-10-07T14:16:17.299+0000] {processor.py:840} INFO - DAG(s) 'example_bash_operator' retrieved from /home/airflow/.local/lib/python3.12/site-packages/airflow/example_dags/example_bash_operator.py
[2024-10-07T14:16:17.339+0000] {logging_mixin.py:188} INFO - [2024-10-07T14:16:17.339+0000] {dag.py:3096} INFO - Sync 1 DAGs
[2024-10-07T14:16:17.372+0000] {logging_mixin.py:188} INFO - [2024-10-07T14:16:17.371+0000] {dag.py:3954} INFO - Setting next_dagrun for example_bash_operator to 2024-10-06 00:00:00+00:00, run_after=2024-10-07 00:00:00+00:00
[2024-10-07T14:16:17.408+0000] {processor.py:183} INFO - Processing /home/airflow/.local/lib/python3.12/site-packages/airflow/example_dags/example_bash_operator.py took 0.129 seconds
[2024-10-07T14:16:47.474+0000] {processor.py:161} INFO - Started process (PID=484) to work on /home/airflow/.local/lib/python3.12/site-packages/airflow/example_dags/example_bash_operator.py
[2024-10-07T14:16:47.474+0000] {processor.py:830} INFO - Processing file /home/airflow/.local/lib/python3.12/site-packages/airflow/example_dags/example_bash_operator.py for tasks to queue
[2024-10-07T14:16:47.476+0000] {logging_mixin.py:188} INFO - [2024-10-07T14:16:47.476+0000] {dagbag.py:540} INFO - Filling up the DagBag from /home/airflow/.local/lib/python3.12/site-packages/airflow/example_dags/example_bash_operator.py
[2024-10-07T14:16:47.490+0000] {processor.py:840} INFO - DAG(s) 'example_bash_operator' retrieved from /home/airflow/.local/lib/python3.12/site-packages/airflow/example_dags/example_bash_operator.py
[2024-10-07T14:16:47.520+0000] {logging_mixin.py:188} INFO - [2024-10-07T14:16:47.520+0000] {dag.py:3096} INFO - Sync 1 DAGs
[2024-10-07T14:16:47.545+0000] {logging_mixin.py:188} INFO - [2024-10-07T14:16:47.545+0000] {dag.py:3954} INFO - Setting next_dagrun for example_bash_operator to 2024-10-06 00:00:00+00:00, run_after=2024-10-07 00:00:00+00:00
[2024-10-07T14:16:47.569+0000] {processor.py:183} INFO - Processing /home/airflow/.local/lib/python3.12/site-packages/airflow/example_dags/example_bash_operator.py took 0.102 seconds
[2024-10-07T14:17:19.144+0000] {processor.py:161} INFO - Started process (PID=752) to work on /home/airflow/.local/lib/python3.12/site-packages/airflow/example_dags/example_bash_operator.py
[2024-10-07T14:17:19.145+0000] {processor.py:830} INFO - Processing file /home/airflow/.local/lib/python3.12/site-packages/airflow/example_dags/example_bash_operator.py for tasks to queue
[2024-10-07T14:17:19.146+0000] {logging_mixin.py:188} INFO - [2024-10-07T14:17:19.146+0000] {dagbag.py:540} INFO - Filling up the DagBag from /home/airflow/.local/lib/python3.12/site-packages/airflow/example_dags/example_bash_operator.py
[2024-10-07T14:17:19.157+0000] {processor.py:840} INFO - DAG(s) 'example_bash_operator' retrieved from /home/airflow/.local/lib/python3.12/site-packages/airflow/example_dags/example_bash_operator.py
[2024-10-07T14:17:19.180+0000] {logging_mixin.py:188} INFO - [2024-10-07T14:17:19.180+0000] {dag.py:3096} INFO - Sync 1 DAGs
[2024-10-07T14:17:19.197+0000] {logging_mixin.py:188} INFO - [2024-10-07T14:17:19.197+0000] {dag.py:3954} INFO - Setting next_dagrun for example_bash_operator to 2024-10-06 00:00:00+00:00, run_after=2024-10-07 00:00:00+00:00
[2024-10-07T14:17:19.221+0000] {processor.py:183} INFO - Processing /home/airflow/.local/lib/python3.12/site-packages/airflow/example_dags/example_bash_operator.py took 0.084 seconds
[2024-10-07T14:17:49.265+0000] {processor.py:161} INFO - Started process (PID=1016) to work on /home/airflow/.local/lib/python3.12/site-packages/airflow/example_dags/example_bash_operator.py
[2024-10-07T14:17:49.266+0000] {processor.py:830} INFO - Processing file /home/airflow/.local/lib/python3.12/site-packages/airflow/example_dags/example_bash_operator.py for tasks to queue
[2024-10-07T14:17:49.268+0000] {logging_mixin.py:188} INFO - [2024-10-07T14:17:49.267+0000] {dagbag.py:540} INFO - Filling up the DagBag from /home/airflow/.local/lib/python3.12/site-packages/airflow/example_dags/example_bash_operator.py
[2024-10-07T14:17:49.279+0000] {processor.py:840} INFO - DAG(s) 'example_bash_operator' retrieved from /home/airflow/.local/lib/python3.12/site-packages/airflow/example_dags/example_bash_operator.py
[2024-10-07T14:17:49.301+0000] {logging_mixin.py:188} INFO - [2024-10-07T14:17:49.301+0000] {dag.py:3096} INFO - Sync 1 DAGs
[2024-10-07T14:17:49.321+0000] {logging_mixin.py:188} INFO - [2024-10-07T14:17:49.321+0000] {dag.py:3954} INFO - Setting next_dagrun for example_bash_operator to 2024-10-06 00:00:00+00:00, run_after=2024-10-07 00:00:00+00:00
[2024-10-07T14:17:49.346+0000] {processor.py:183} INFO - Processing /home/airflow/.local/lib/python3.12/site-packages/airflow/example_dags/example_bash_operator.py took 0.087 seconds
[2024-10-07T14:18:19.973+0000] {processor.py:161} INFO - Started process (PID=1282) to work on /home/airflow/.local/lib/python3.12/site-packages/airflow/example_dags/example_bash_operator.py
[2024-10-07T14:18:19.973+0000] {processor.py:830} INFO - Processing file /home/airflow/.local/lib/python3.12/site-packages/airflow/example_dags/example_bash_operator.py for tasks to queue
[2024-10-07T14:18:19.975+0000] {logging_mixin.py:188} INFO - [2024-10-07T14:18:19.974+0000] {dagbag.py:540} INFO - Filling up the DagBag from /home/airflow/.local/lib/python3.12/site-packages/airflow/example_dags/example_bash_operator.py
[2024-10-07T14:18:19.983+0000] {processor.py:840} INFO - DAG(s) 'example_bash_operator' retrieved from /home/airflow/.local/lib/python3.12/site-packages/airflow/example_dags/example_bash_operator.py
[2024-10-07T14:18:20.005+0000] {logging_mixin.py:188} INFO - [2024-10-07T14:18:20.005+0000] {dag.py:3096} INFO - Sync 1 DAGs
[2024-10-07T14:18:20.025+0000] {logging_mixin.py:188} INFO - [2024-10-07T14:18:20.025+0000] {dag.py:3954} INFO - Setting next_dagrun for example_bash_operator to 2024-10-06 00:00:00+00:00, run_after=2024-10-07 00:00:00+00:00
[2024-10-07T14:18:20.045+0000] {processor.py:183} INFO - Processing /home/airflow/.local/lib/python3.12/site-packages/airflow/example_dags/example_bash_operator.py took 0.076 seconds
[2024-10-07T14:18:50.713+0000] {processor.py:161} INFO - Started process (PID=1548) to work on /home/airflow/.local/lib/python3.12/site-packages/airflow/example_dags/example_bash_operator.py
[2024-10-07T14:18:50.713+0000] {processor.py:830} INFO - Processing file /home/airflow/.local/lib/python3.12/site-packages/airflow/example_dags/example_bash_operator.py for tasks to queue
[2024-10-07T14:18:50.715+0000] {logging_mixin.py:188} INFO - [2024-10-07T14:18:50.714+0000] {dagbag.py:540} INFO - Filling up the DagBag from /home/airflow/.local/lib/python3.12/site-packages/airflow/example_dags/example_bash_operator.py
[2024-10-07T14:18:50.724+0000] {processor.py:840} INFO - DAG(s) 'example_bash_operator' retrieved from /home/airflow/.local/lib/python3.12/site-packages/airflow/example_dags/example_bash_operator.py
[2024-10-07T14:18:50.749+0000] {logging_mixin.py:188} INFO - [2024-10-07T14:18:50.749+0000] {dag.py:3096} INFO - Sync 1 DAGs
[2024-10-07T14:18:50.771+0000] {logging_mixin.py:188} INFO - [2024-10-07T14:18:50.771+0000] {dag.py:3954} INFO - Setting next_dagrun for example_bash_operator to 2024-10-06 00:00:00+00:00, run_after=2024-10-07 00:00:00+00:00
[2024-10-07T14:18:50.789+0000] {processor.py:183} INFO - Processing /home/airflow/.local/lib/python3.12/site-packages/airflow/example_dags/example_bash_operator.py took 0.082 seconds
[2024-10-07T14:19:21.627+0000] {processor.py:161} INFO - Started process (PID=1816) to work on /home/airflow/.local/lib/python3.12/site-packages/airflow/example_dags/example_bash_operator.py
[2024-10-07T14:19:21.628+0000] {processor.py:830} INFO - Processing file /home/airflow/.local/lib/python3.12/site-packages/airflow/example_dags/example_bash_operator.py for tasks to queue
[2024-10-07T14:19:21.629+0000] {logging_mixin.py:188} INFO - [2024-10-07T14:19:21.629+0000] {dagbag.py:540} INFO - Filling up the DagBag from /home/airflow/.local/lib/python3.12/site-packages/airflow/example_dags/example_bash_operator.py
[2024-10-07T14:19:21.641+0000] {processor.py:840} INFO - DAG(s) 'example_bash_operator' retrieved from /home/airflow/.local/lib/python3.12/site-packages/airflow/example_dags/example_bash_operator.py
[2024-10-07T14:19:21.670+0000] {logging_mixin.py:188} INFO - [2024-10-07T14:19:21.670+0000] {dag.py:3096} INFO - Sync 1 DAGs
[2024-10-07T14:19:21.693+0000] {logging_mixin.py:188} INFO - [2024-10-07T14:19:21.693+0000] {dag.py:3954} INFO - Setting next_dagrun for example_bash_operator to 2024-10-06 00:00:00+00:00, run_after=2024-10-07 00:00:00+00:00
[2024-10-07T14:19:21.731+0000] {processor.py:183} INFO - Processing /home/airflow/.local/lib/python3.12/site-packages/airflow/example_dags/example_bash_operator.py took 0.108 seconds
[2024-10-07T14:19:51.792+0000] {processor.py:161} INFO - Started process (PID=2082) to work on /home/airflow/.local/lib/python3.12/site-packages/airflow/example_dags/example_bash_operator.py
[2024-10-07T14:19:51.793+0000] {processor.py:830} INFO - Processing file /home/airflow/.local/lib/python3.12/site-packages/airflow/example_dags/example_bash_operator.py for tasks to queue
[2024-10-07T14:19:51.794+0000] {logging_mixin.py:188} INFO - [2024-10-07T14:19:51.794+0000] {dagbag.py:540} INFO - Filling up the DagBag from /home/airflow/.local/lib/python3.12/site-packages/airflow/example_dags/example_bash_operator.py
[2024-10-07T14:19:51.806+0000] {processor.py:840} INFO - DAG(s) 'example_bash_operator' retrieved from /home/airflow/.local/lib/python3.12/site-packages/airflow/example_dags/example_bash_operator.py
[2024-10-07T14:19:51.828+0000] {logging_mixin.py:188} INFO - [2024-10-07T14:19:51.828+0000] {dag.py:3096} INFO - Sync 1 DAGs
[2024-10-07T14:19:51.845+0000] {logging_mixin.py:188} INFO - [2024-10-07T14:19:51.845+0000] {dag.py:3954} INFO - Setting next_dagrun for example_bash_operator to 2024-10-06 00:00:00+00:00, run_after=2024-10-07 00:00:00+00:00
[2024-10-07T14:19:51.863+0000] {processor.py:183} INFO - Processing /home/airflow/.local/lib/python3.12/site-packages/airflow/example_dags/example_bash_operator.py took 0.075 seconds
[2024-10-07T14:20:22.515+0000] {processor.py:161} INFO - Started process (PID=2346) to work on /home/airflow/.local/lib/python3.12/site-packages/airflow/example_dags/example_bash_operator.py
[2024-10-07T14:20:22.516+0000] {processor.py:830} INFO - Processing file /home/airflow/.local/lib/python3.12/site-packages/airflow/example_dags/example_bash_operator.py for tasks to queue
[2024-10-07T14:20:22.517+0000] {logging_mixin.py:188} INFO - [2024-10-07T14:20:22.517+0000] {dagbag.py:540} INFO - Filling up the DagBag from /home/airflow/.local/lib/python3.12/site-packages/airflow/example_dags/example_bash_operator.py
[2024-10-07T14:20:22.526+0000] {processor.py:840} INFO - DAG(s) 'example_bash_operator' retrieved from /home/airflow/.local/lib/python3.12/site-packages/airflow/example_dags/example_bash_operator.py
[2024-10-07T14:20:22.547+0000] {logging_mixin.py:188} INFO - [2024-10-07T14:20:22.547+0000] {dag.py:3096} INFO - Sync 1 DAGs
[2024-10-07T14:20:22.565+0000] {logging_mixin.py:188} INFO - [2024-10-07T14:20:22.565+0000] {dag.py:3954} INFO - Setting next_dagrun for example_bash_operator to 2024-10-06 00:00:00+00:00, run_after=2024-10-07 00:00:00+00:00
[2024-10-07T14:20:22.581+0000] {processor.py:183} INFO - Processing /home/airflow/.local/lib/python3.12/site-packages/airflow/example_dags/example_bash_operator.py took 0.070 seconds
[2024-10-07T14:20:53.308+0000] {processor.py:161} INFO - Started process (PID=2612) to work on /home/airflow/.local/lib/python3.12/site-packages/airflow/example_dags/example_bash_operator.py
[2024-10-07T14:20:53.309+0000] {processor.py:830} INFO - Processing file /home/airflow/.local/lib/python3.12/site-packages/airflow/example_dags/example_bash_operator.py for tasks to queue
[2024-10-07T14:20:53.311+0000] {logging_mixin.py:188} INFO - [2024-10-07T14:20:53.310+0000] {dagbag.py:540} INFO - Filling up the DagBag from /home/airflow/.local/lib/python3.12/site-packages/airflow/example_dags/example_bash_operator.py
[2024-10-07T14:20:53.322+0000] {processor.py:840} INFO - DAG(s) 'example_bash_operator' retrieved from /home/airflow/.local/lib/python3.12/site-packages/airflow/example_dags/example_bash_operator.py
[2024-10-07T14:20:53.347+0000] {logging_mixin.py:188} INFO - [2024-10-07T14:20:53.347+0000] {dag.py:3096} INFO - Sync 1 DAGs
[2024-10-07T14:20:53.366+0000] {logging_mixin.py:188} INFO - [2024-10-07T14:20:53.366+0000] {dag.py:3954} INFO - Setting next_dagrun for example_bash_operator to 2024-10-06 00:00:00+00:00, run_after=2024-10-07 00:00:00+00:00
[2024-10-07T14:20:53.387+0000] {processor.py:183} INFO - Processing /home/airflow/.local/lib/python3.12/site-packages/airflow/example_dags/example_bash_operator.py took 0.085 seconds
[2024-10-07T14:21:24.162+0000] {processor.py:161} INFO - Started process (PID=2878) to work on /home/airflow/.local/lib/python3.12/site-packages/airflow/example_dags/example_bash_operator.py
[2024-10-07T14:21:24.163+0000] {processor.py:830} INFO - Processing file /home/airflow/.local/lib/python3.12/site-packages/airflow/example_dags/example_bash_operator.py for tasks to queue
[2024-10-07T14:21:24.164+0000] {logging_mixin.py:188} INFO - [2024-10-07T14:21:24.164+0000] {dagbag.py:540} INFO - Filling up the DagBag from /home/airflow/.local/lib/python3.12/site-packages/airflow/example_dags/example_bash_operator.py
[2024-10-07T14:21:24.177+0000] {processor.py:840} INFO - DAG(s) 'example_bash_operator' retrieved from /home/airflow/.local/lib/python3.12/site-packages/airflow/example_dags/example_bash_operator.py
[2024-10-07T14:21:24.200+0000] {logging_mixin.py:188} INFO - [2024-10-07T14:21:24.199+0000] {dag.py:3096} INFO - Sync 1 DAGs
[2024-10-07T14:21:24.218+0000] {logging_mixin.py:188} INFO - [2024-10-07T14:21:24.218+0000] {dag.py:3954} INFO - Setting next_dagrun for example_bash_operator to 2024-10-06 00:00:00+00:00, run_after=2024-10-07 00:00:00+00:00
[2024-10-07T14:21:24.238+0000] {processor.py:183} INFO - Processing /home/airflow/.local/lib/python3.12/site-packages/airflow/example_dags/example_bash_operator.py took 0.082 seconds
[2024-10-07T14:21:55.569+0000] {processor.py:161} INFO - Started process (PID=3146) to work on /home/airflow/.local/lib/python3.12/site-packages/airflow/example_dags/example_bash_operator.py
[2024-10-07T14:21:55.570+0000] {processor.py:830} INFO - Processing file /home/airflow/.local/lib/python3.12/site-packages/airflow/example_dags/example_bash_operator.py for tasks to queue
[2024-10-07T14:21:55.572+0000] {logging_mixin.py:188} INFO - [2024-10-07T14:21:55.572+0000] {dagbag.py:540} INFO - Filling up the DagBag from /home/airflow/.local/lib/python3.12/site-packages/airflow/example_dags/example_bash_operator.py
[2024-10-07T14:21:55.584+0000] {processor.py:840} INFO - DAG(s) 'example_bash_operator' retrieved from /home/airflow/.local/lib/python3.12/site-packages/airflow/example_dags/example_bash_operator.py
[2024-10-07T14:21:55.606+0000] {logging_mixin.py:188} INFO - [2024-10-07T14:21:55.606+0000] {dag.py:3096} INFO - Sync 1 DAGs
[2024-10-07T14:21:55.624+0000] {logging_mixin.py:188} INFO - [2024-10-07T14:21:55.623+0000] {dag.py:3954} INFO - Setting next_dagrun for example_bash_operator to 2024-10-06 00:00:00+00:00, run_after=2024-10-07 00:00:00+00:00
[2024-10-07T14:21:55.656+0000] {processor.py:183} INFO - Processing /home/airflow/.local/lib/python3.12/site-packages/airflow/example_dags/example_bash_operator.py took 0.091 seconds
[2024-10-07T14:22:26.421+0000] {processor.py:161} INFO - Started process (PID=3449) to work on /home/airflow/.local/lib/python3.12/site-packages/airflow/example_dags/example_bash_operator.py
[2024-10-07T14:22:26.422+0000] {processor.py:830} INFO - Processing file /home/airflow/.local/lib/python3.12/site-packages/airflow/example_dags/example_bash_operator.py for tasks to queue
[2024-10-07T14:22:26.423+0000] {logging_mixin.py:188} INFO - [2024-10-07T14:22:26.423+0000] {dagbag.py:540} INFO - Filling up the DagBag from /home/airflow/.local/lib/python3.12/site-packages/airflow/example_dags/example_bash_operator.py
[2024-10-07T14:22:26.435+0000] {processor.py:840} INFO - DAG(s) 'example_bash_operator' retrieved from /home/airflow/.local/lib/python3.12/site-packages/airflow/example_dags/example_bash_operator.py
[2024-10-07T14:22:26.465+0000] {logging_mixin.py:188} INFO - [2024-10-07T14:22:26.464+0000] {dag.py:3096} INFO - Sync 1 DAGs
[2024-10-07T14:22:26.486+0000] {logging_mixin.py:188} INFO - [2024-10-07T14:22:26.486+0000] {dag.py:3954} INFO - Setting next_dagrun for example_bash_operator to 2024-10-06 00:00:00+00:00, run_after=2024-10-07 00:00:00+00:00
[2024-10-07T14:22:26.508+0000] {processor.py:183} INFO - Processing /home/airflow/.local/lib/python3.12/site-packages/airflow/example_dags/example_bash_operator.py took 0.092 seconds
[2024-10-07T14:22:57.377+0000] {processor.py:161} INFO - Started process (PID=3740) to work on /home/airflow/.local/lib/python3.12/site-packages/airflow/example_dags/example_bash_operator.py
[2024-10-07T14:22:57.378+0000] {processor.py:830} INFO - Processing file /home/airflow/.local/lib/python3.12/site-packages/airflow/example_dags/example_bash_operator.py for tasks to queue
[2024-10-07T14:22:57.380+0000] {logging_mixin.py:188} INFO - [2024-10-07T14:22:57.379+0000] {dagbag.py:540} INFO - Filling up the DagBag from /home/airflow/.local/lib/python3.12/site-packages/airflow/example_dags/example_bash_operator.py
[2024-10-07T14:22:57.392+0000] {processor.py:840} INFO - DAG(s) 'example_bash_operator' retrieved from /home/airflow/.local/lib/python3.12/site-packages/airflow/example_dags/example_bash_operator.py
[2024-10-07T14:22:57.414+0000] {logging_mixin.py:188} INFO - [2024-10-07T14:22:57.414+0000] {dag.py:3096} INFO - Sync 1 DAGs
[2024-10-07T14:22:57.431+0000] {logging_mixin.py:188} INFO - [2024-10-07T14:22:57.431+0000] {dag.py:3954} INFO - Setting next_dagrun for example_bash_operator to 2024-10-06 00:00:00+00:00, run_after=2024-10-07 00:00:00+00:00
[2024-10-07T14:22:57.648+0000] {processor.py:183} INFO - Processing /home/airflow/.local/lib/python3.12/site-packages/airflow/example_dags/example_bash_operator.py took 0.276 seconds
[2024-10-07T14:23:28.098+0000] {processor.py:161} INFO - Started process (PID=4004) to work on /home/airflow/.local/lib/python3.12/site-packages/airflow/example_dags/example_bash_operator.py
[2024-10-07T14:23:28.099+0000] {processor.py:830} INFO - Processing file /home/airflow/.local/lib/python3.12/site-packages/airflow/example_dags/example_bash_operator.py for tasks to queue
[2024-10-07T14:23:28.101+0000] {logging_mixin.py:188} INFO - [2024-10-07T14:23:28.100+0000] {dagbag.py:540} INFO - Filling up the DagBag from /home/airflow/.local/lib/python3.12/site-packages/airflow/example_dags/example_bash_operator.py
[2024-10-07T14:23:28.112+0000] {processor.py:840} INFO - DAG(s) 'example_bash_operator' retrieved from /home/airflow/.local/lib/python3.12/site-packages/airflow/example_dags/example_bash_operator.py
[2024-10-07T14:23:28.138+0000] {logging_mixin.py:188} INFO - [2024-10-07T14:23:28.138+0000] {dag.py:3096} INFO - Sync 1 DAGs
[2024-10-07T14:23:28.156+0000] {logging_mixin.py:188} INFO - [2024-10-07T14:23:28.156+0000] {dag.py:3954} INFO - Setting next_dagrun for example_bash_operator to 2024-10-06 00:00:00+00:00, run_after=2024-10-07 00:00:00+00:00
[2024-10-07T14:23:28.176+0000] {processor.py:183} INFO - Processing /home/airflow/.local/lib/python3.12/site-packages/airflow/example_dags/example_bash_operator.py took 0.084 seconds
[2024-10-07T14:23:58.766+0000] {processor.py:161} INFO - Started process (PID=4272) to work on /home/airflow/.local/lib/python3.12/site-packages/airflow/example_dags/example_bash_operator.py
[2024-10-07T14:23:58.767+0000] {processor.py:830} INFO - Processing file /home/airflow/.local/lib/python3.12/site-packages/airflow/example_dags/example_bash_operator.py for tasks to queue
[2024-10-07T14:23:58.768+0000] {logging_mixin.py:188} INFO - [2024-10-07T14:23:58.768+0000] {dagbag.py:540} INFO - Filling up the DagBag from /home/airflow/.local/lib/python3.12/site-packages/airflow/example_dags/example_bash_operator.py
[2024-10-07T14:23:58.777+0000] {processor.py:840} INFO - DAG(s) 'example_bash_operator' retrieved from /home/airflow/.local/lib/python3.12/site-packages/airflow/example_dags/example_bash_operator.py
[2024-10-07T14:23:58.806+0000] {logging_mixin.py:188} INFO - [2024-10-07T14:23:58.806+0000] {dag.py:3096} INFO - Sync 1 DAGs
[2024-10-07T14:23:58.828+0000] {logging_mixin.py:188} INFO - [2024-10-07T14:23:58.827+0000] {dag.py:3954} INFO - Setting next_dagrun for example_bash_operator to 2024-10-06 00:00:00+00:00, run_after=2024-10-07 00:00:00+00:00
[2024-10-07T14:23:58.846+0000] {processor.py:183} INFO - Processing /home/airflow/.local/lib/python3.12/site-packages/airflow/example_dags/example_bash_operator.py took 0.084 seconds
[2024-10-07T14:24:29.367+0000] {processor.py:161} INFO - Started process (PID=4536) to work on /home/airflow/.local/lib/python3.12/site-packages/airflow/example_dags/example_bash_operator.py
[2024-10-07T14:24:29.368+0000] {processor.py:830} INFO - Processing file /home/airflow/.local/lib/python3.12/site-packages/airflow/example_dags/example_bash_operator.py for tasks to queue
[2024-10-07T14:24:29.370+0000] {logging_mixin.py:188} INFO - [2024-10-07T14:24:29.370+0000] {dagbag.py:540} INFO - Filling up the DagBag from /home/airflow/.local/lib/python3.12/site-packages/airflow/example_dags/example_bash_operator.py
[2024-10-07T14:24:29.381+0000] {processor.py:840} INFO - DAG(s) 'example_bash_operator' retrieved from /home/airflow/.local/lib/python3.12/site-packages/airflow/example_dags/example_bash_operator.py
[2024-10-07T14:24:29.408+0000] {logging_mixin.py:188} INFO - [2024-10-07T14:24:29.407+0000] {dag.py:3096} INFO - Sync 1 DAGs
[2024-10-07T14:24:29.429+0000] {logging_mixin.py:188} INFO - [2024-10-07T14:24:29.428+0000] {dag.py:3954} INFO - Setting next_dagrun for example_bash_operator to 2024-10-06 00:00:00+00:00, run_after=2024-10-07 00:00:00+00:00
[2024-10-07T14:24:29.449+0000] {processor.py:183} INFO - Processing /home/airflow/.local/lib/python3.12/site-packages/airflow/example_dags/example_bash_operator.py took 0.087 seconds
[2024-10-07T14:25:00.077+0000] {processor.py:161} INFO - Started process (PID=4802) to work on /home/airflow/.local/lib/python3.12/site-packages/airflow/example_dags/example_bash_operator.py
[2024-10-07T14:25:00.077+0000] {processor.py:830} INFO - Processing file /home/airflow/.local/lib/python3.12/site-packages/airflow/example_dags/example_bash_operator.py for tasks to queue
[2024-10-07T14:25:00.078+0000] {logging_mixin.py:188} INFO - [2024-10-07T14:25:00.078+0000] {dagbag.py:540} INFO - Filling up the DagBag from /home/airflow/.local/lib/python3.12/site-packages/airflow/example_dags/example_bash_operator.py
[2024-10-07T14:25:00.087+0000] {processor.py:840} INFO - DAG(s) 'example_bash_operator' retrieved from /home/airflow/.local/lib/python3.12/site-packages/airflow/example_dags/example_bash_operator.py
[2024-10-07T14:25:00.266+0000] {logging_mixin.py:188} INFO - [2024-10-07T14:25:00.266+0000] {dag.py:3096} INFO - Sync 1 DAGs
[2024-10-07T14:25:00.281+0000] {logging_mixin.py:188} INFO - [2024-10-07T14:25:00.281+0000] {dag.py:3954} INFO - Setting next_dagrun for example_bash_operator to 2024-10-06 00:00:00+00:00, run_after=2024-10-07 00:00:00+00:00
[2024-10-07T14:25:00.301+0000] {processor.py:183} INFO - Processing /home/airflow/.local/lib/python3.12/site-packages/airflow/example_dags/example_bash_operator.py took 0.229 seconds
[2024-10-07T14:25:30.477+0000] {processor.py:161} INFO - Started process (PID=5068) to work on /home/airflow/.local/lib/python3.12/site-packages/airflow/example_dags/example_bash_operator.py
[2024-10-07T14:25:30.477+0000] {processor.py:830} INFO - Processing file /home/airflow/.local/lib/python3.12/site-packages/airflow/example_dags/example_bash_operator.py for tasks to queue
[2024-10-07T14:25:30.478+0000] {logging_mixin.py:188} INFO - [2024-10-07T14:25:30.478+0000] {dagbag.py:540} INFO - Filling up the DagBag from /home/airflow/.local/lib/python3.12/site-packages/airflow/example_dags/example_bash_operator.py
[2024-10-07T14:25:30.487+0000] {processor.py:840} INFO - DAG(s) 'example_bash_operator' retrieved from /home/airflow/.local/lib/python3.12/site-packages/airflow/example_dags/example_bash_operator.py
[2024-10-07T14:25:30.508+0000] {logging_mixin.py:188} INFO - [2024-10-07T14:25:30.508+0000] {dag.py:3096} INFO - Sync 1 DAGs
[2024-10-07T14:25:30.529+0000] {logging_mixin.py:188} INFO - [2024-10-07T14:25:30.528+0000] {dag.py:3954} INFO - Setting next_dagrun for example_bash_operator to 2024-10-06 00:00:00+00:00, run_after=2024-10-07 00:00:00+00:00
[2024-10-07T14:25:30.550+0000] {processor.py:183} INFO - Processing /home/airflow/.local/lib/python3.12/site-packages/airflow/example_dags/example_bash_operator.py took 0.078 seconds
[2024-10-07T14:26:01.292+0000] {processor.py:161} INFO - Started process (PID=5336) to work on /home/airflow/.local/lib/python3.12/site-packages/airflow/example_dags/example_bash_operator.py
[2024-10-07T14:26:01.292+0000] {processor.py:830} INFO - Processing file /home/airflow/.local/lib/python3.12/site-packages/airflow/example_dags/example_bash_operator.py for tasks to queue
[2024-10-07T14:26:01.294+0000] {logging_mixin.py:188} INFO - [2024-10-07T14:26:01.294+0000] {dagbag.py:540} INFO - Filling up the DagBag from /home/airflow/.local/lib/python3.12/site-packages/airflow/example_dags/example_bash_operator.py
[2024-10-07T14:26:01.305+0000] {processor.py:840} INFO - DAG(s) 'example_bash_operator' retrieved from /home/airflow/.local/lib/python3.12/site-packages/airflow/example_dags/example_bash_operator.py
[2024-10-07T14:26:01.326+0000] {logging_mixin.py:188} INFO - [2024-10-07T14:26:01.326+0000] {dag.py:3096} INFO - Sync 1 DAGs
[2024-10-07T14:26:01.343+0000] {logging_mixin.py:188} INFO - [2024-10-07T14:26:01.343+0000] {dag.py:3954} INFO - Setting next_dagrun for example_bash_operator to 2024-10-06 00:00:00+00:00, run_after=2024-10-07 00:00:00+00:00
[2024-10-07T14:26:01.361+0000] {processor.py:183} INFO - Processing /home/airflow/.local/lib/python3.12/site-packages/airflow/example_dags/example_bash_operator.py took 0.074 seconds
[2024-10-07T14:26:31.895+0000] {processor.py:161} INFO - Started process (PID=5600) to work on /home/airflow/.local/lib/python3.12/site-packages/airflow/example_dags/example_bash_operator.py
[2024-10-07T14:26:31.896+0000] {processor.py:830} INFO - Processing file /home/airflow/.local/lib/python3.12/site-packages/airflow/example_dags/example_bash_operator.py for tasks to queue
[2024-10-07T14:26:31.897+0000] {logging_mixin.py:188} INFO - [2024-10-07T14:26:31.897+0000] {dagbag.py:540} INFO - Filling up the DagBag from /home/airflow/.local/lib/python3.12/site-packages/airflow/example_dags/example_bash_operator.py
[2024-10-07T14:26:31.910+0000] {processor.py:840} INFO - DAG(s) 'example_bash_operator' retrieved from /home/airflow/.local/lib/python3.12/site-packages/airflow/example_dags/example_bash_operator.py
[2024-10-07T14:26:31.938+0000] {logging_mixin.py:188} INFO - [2024-10-07T14:26:31.938+0000] {dag.py:3096} INFO - Sync 1 DAGs
[2024-10-07T14:26:31.961+0000] {logging_mixin.py:188} INFO - [2024-10-07T14:26:31.961+0000] {dag.py:3954} INFO - Setting next_dagrun for example_bash_operator to 2024-10-06 00:00:00+00:00, run_after=2024-10-07 00:00:00+00:00
[2024-10-07T14:26:31.988+0000] {processor.py:183} INFO - Processing /home/airflow/.local/lib/python3.12/site-packages/airflow/example_dags/example_bash_operator.py took 0.098 seconds
[2024-10-07T14:27:02.850+0000] {processor.py:161} INFO - Started process (PID=5866) to work on /home/airflow/.local/lib/python3.12/site-packages/airflow/example_dags/example_bash_operator.py
[2024-10-07T14:27:02.851+0000] {processor.py:830} INFO - Processing file /home/airflow/.local/lib/python3.12/site-packages/airflow/example_dags/example_bash_operator.py for tasks to queue
[2024-10-07T14:27:02.853+0000] {logging_mixin.py:188} INFO - [2024-10-07T14:27:02.852+0000] {dagbag.py:540} INFO - Filling up the DagBag from /home/airflow/.local/lib/python3.12/site-packages/airflow/example_dags/example_bash_operator.py
[2024-10-07T14:27:02.865+0000] {processor.py:840} INFO - DAG(s) 'example_bash_operator' retrieved from /home/airflow/.local/lib/python3.12/site-packages/airflow/example_dags/example_bash_operator.py
[2024-10-07T14:27:02.890+0000] {logging_mixin.py:188} INFO - [2024-10-07T14:27:02.890+0000] {dag.py:3096} INFO - Sync 1 DAGs
[2024-10-07T14:27:02.912+0000] {logging_mixin.py:188} INFO - [2024-10-07T14:27:02.912+0000] {dag.py:3954} INFO - Setting next_dagrun for example_bash_operator to 2024-10-06 00:00:00+00:00, run_after=2024-10-07 00:00:00+00:00
[2024-10-07T14:27:02.930+0000] {processor.py:183} INFO - Processing /home/airflow/.local/lib/python3.12/site-packages/airflow/example_dags/example_bash_operator.py took 0.086 seconds
[2024-10-07T14:27:34.334+0000] {processor.py:161} INFO - Started process (PID=6154) to work on /home/airflow/.local/lib/python3.12/site-packages/airflow/example_dags/example_bash_operator.py
[2024-10-07T14:27:34.334+0000] {processor.py:830} INFO - Processing file /home/airflow/.local/lib/python3.12/site-packages/airflow/example_dags/example_bash_operator.py for tasks to queue
[2024-10-07T14:27:34.339+0000] {logging_mixin.py:188} INFO - [2024-10-07T14:27:34.339+0000] {dagbag.py:540} INFO - Filling up the DagBag from /home/airflow/.local/lib/python3.12/site-packages/airflow/example_dags/example_bash_operator.py
[2024-10-07T14:27:34.374+0000] {processor.py:840} INFO - DAG(s) 'example_bash_operator' retrieved from /home/airflow/.local/lib/python3.12/site-packages/airflow/example_dags/example_bash_operator.py
[2024-10-07T14:27:34.426+0000] {logging_mixin.py:188} INFO - [2024-10-07T14:27:34.426+0000] {dag.py:3096} INFO - Sync 1 DAGs
[2024-10-07T14:27:34.480+0000] {logging_mixin.py:188} INFO - [2024-10-07T14:27:34.479+0000] {dag.py:3954} INFO - Setting next_dagrun for example_bash_operator to 2024-10-06 00:00:00+00:00, run_after=2024-10-07 00:00:00+00:00
[2024-10-07T14:27:34.533+0000] {processor.py:183} INFO - Processing /home/airflow/.local/lib/python3.12/site-packages/airflow/example_dags/example_bash_operator.py took 0.206 seconds
[2024-10-07T14:28:05.418+0000] {processor.py:161} INFO - Started process (PID=6461) to work on /home/airflow/.local/lib/python3.12/site-packages/airflow/example_dags/example_bash_operator.py
[2024-10-07T14:28:05.419+0000] {processor.py:830} INFO - Processing file /home/airflow/.local/lib/python3.12/site-packages/airflow/example_dags/example_bash_operator.py for tasks to queue
[2024-10-07T14:28:05.420+0000] {logging_mixin.py:188} INFO - [2024-10-07T14:28:05.420+0000] {dagbag.py:540} INFO - Filling up the DagBag from /home/airflow/.local/lib/python3.12/site-packages/airflow/example_dags/example_bash_operator.py
[2024-10-07T14:28:05.432+0000] {processor.py:840} INFO - DAG(s) 'example_bash_operator' retrieved from /home/airflow/.local/lib/python3.12/site-packages/airflow/example_dags/example_bash_operator.py
[2024-10-07T14:28:05.458+0000] {logging_mixin.py:188} INFO - [2024-10-07T14:28:05.458+0000] {dag.py:3096} INFO - Sync 1 DAGs
[2024-10-07T14:28:05.476+0000] {logging_mixin.py:188} INFO - [2024-10-07T14:28:05.476+0000] {dag.py:3954} INFO - Setting next_dagrun for example_bash_operator to 2024-10-06 00:00:00+00:00, run_after=2024-10-07 00:00:00+00:00
[2024-10-07T14:28:05.494+0000] {processor.py:183} INFO - Processing /home/airflow/.local/lib/python3.12/site-packages/airflow/example_dags/example_bash_operator.py took 0.082 seconds
[2024-10-07T14:28:36.216+0000] {processor.py:161} INFO - Started process (PID=6727) to work on /home/airflow/.local/lib/python3.12/site-packages/airflow/example_dags/example_bash_operator.py
[2024-10-07T14:28:36.217+0000] {processor.py:830} INFO - Processing file /home/airflow/.local/lib/python3.12/site-packages/airflow/example_dags/example_bash_operator.py for tasks to queue
[2024-10-07T14:28:36.219+0000] {logging_mixin.py:188} INFO - [2024-10-07T14:28:36.219+0000] {dagbag.py:540} INFO - Filling up the DagBag from /home/airflow/.local/lib/python3.12/site-packages/airflow/example_dags/example_bash_operator.py
[2024-10-07T14:28:36.230+0000] {processor.py:840} INFO - DAG(s) 'example_bash_operator' retrieved from /home/airflow/.local/lib/python3.12/site-packages/airflow/example_dags/example_bash_operator.py
[2024-10-07T14:28:36.258+0000] {logging_mixin.py:188} INFO - [2024-10-07T14:28:36.258+0000] {dag.py:3096} INFO - Sync 1 DAGs
[2024-10-07T14:28:36.279+0000] {logging_mixin.py:188} INFO - [2024-10-07T14:28:36.278+0000] {dag.py:3954} INFO - Setting next_dagrun for example_bash_operator to 2024-10-06 00:00:00+00:00, run_after=2024-10-07 00:00:00+00:00
[2024-10-07T14:28:36.299+0000] {processor.py:183} INFO - Processing /home/airflow/.local/lib/python3.12/site-packages/airflow/example_dags/example_bash_operator.py took 0.088 seconds
[2024-10-07T14:29:06.817+0000] {processor.py:161} INFO - Started process (PID=6993) to work on /home/airflow/.local/lib/python3.12/site-packages/airflow/example_dags/example_bash_operator.py
[2024-10-07T14:29:06.817+0000] {processor.py:830} INFO - Processing file /home/airflow/.local/lib/python3.12/site-packages/airflow/example_dags/example_bash_operator.py for tasks to queue
[2024-10-07T14:29:06.819+0000] {logging_mixin.py:188} INFO - [2024-10-07T14:29:06.818+0000] {dagbag.py:540} INFO - Filling up the DagBag from /home/airflow/.local/lib/python3.12/site-packages/airflow/example_dags/example_bash_operator.py
[2024-10-07T14:29:06.828+0000] {processor.py:840} INFO - DAG(s) 'example_bash_operator' retrieved from /home/airflow/.local/lib/python3.12/site-packages/airflow/example_dags/example_bash_operator.py
[2024-10-07T14:29:06.851+0000] {logging_mixin.py:188} INFO - [2024-10-07T14:29:06.851+0000] {dag.py:3096} INFO - Sync 1 DAGs
[2024-10-07T14:29:06.880+0000] {logging_mixin.py:188} INFO - [2024-10-07T14:29:06.880+0000] {dag.py:3954} INFO - Setting next_dagrun for example_bash_operator to 2024-10-06 00:00:00+00:00, run_after=2024-10-07 00:00:00+00:00
[2024-10-07T14:29:06.907+0000] {processor.py:183} INFO - Processing /home/airflow/.local/lib/python3.12/site-packages/airflow/example_dags/example_bash_operator.py took 0.095 seconds
[2024-10-07T14:29:37.595+0000] {processor.py:161} INFO - Started process (PID=7259) to work on /home/airflow/.local/lib/python3.12/site-packages/airflow/example_dags/example_bash_operator.py
[2024-10-07T14:29:37.596+0000] {processor.py:830} INFO - Processing file /home/airflow/.local/lib/python3.12/site-packages/airflow/example_dags/example_bash_operator.py for tasks to queue
[2024-10-07T14:29:37.597+0000] {logging_mixin.py:188} INFO - [2024-10-07T14:29:37.597+0000] {dagbag.py:540} INFO - Filling up the DagBag from /home/airflow/.local/lib/python3.12/site-packages/airflow/example_dags/example_bash_operator.py
[2024-10-07T14:29:37.608+0000] {processor.py:840} INFO - DAG(s) 'example_bash_operator' retrieved from /home/airflow/.local/lib/python3.12/site-packages/airflow/example_dags/example_bash_operator.py
[2024-10-07T14:29:37.636+0000] {logging_mixin.py:188} INFO - [2024-10-07T14:29:37.636+0000] {dag.py:3096} INFO - Sync 1 DAGs
[2024-10-07T14:29:37.658+0000] {logging_mixin.py:188} INFO - [2024-10-07T14:29:37.658+0000] {dag.py:3954} INFO - Setting next_dagrun for example_bash_operator to 2024-10-06 00:00:00+00:00, run_after=2024-10-07 00:00:00+00:00
[2024-10-07T14:29:37.676+0000] {processor.py:183} INFO - Processing /home/airflow/.local/lib/python3.12/site-packages/airflow/example_dags/example_bash_operator.py took 0.087 seconds
[2024-10-07T14:30:08.341+0000] {processor.py:161} INFO - Started process (PID=7525) to work on /home/airflow/.local/lib/python3.12/site-packages/airflow/example_dags/example_bash_operator.py
[2024-10-07T14:30:08.342+0000] {processor.py:830} INFO - Processing file /home/airflow/.local/lib/python3.12/site-packages/airflow/example_dags/example_bash_operator.py for tasks to queue
[2024-10-07T14:30:08.344+0000] {logging_mixin.py:188} INFO - [2024-10-07T14:30:08.343+0000] {dagbag.py:540} INFO - Filling up the DagBag from /home/airflow/.local/lib/python3.12/site-packages/airflow/example_dags/example_bash_operator.py
[2024-10-07T14:30:08.355+0000] {processor.py:840} INFO - DAG(s) 'example_bash_operator' retrieved from /home/airflow/.local/lib/python3.12/site-packages/airflow/example_dags/example_bash_operator.py
[2024-10-07T14:30:08.376+0000] {logging_mixin.py:188} INFO - [2024-10-07T14:30:08.376+0000] {dag.py:3096} INFO - Sync 1 DAGs
[2024-10-07T14:30:08.394+0000] {logging_mixin.py:188} INFO - [2024-10-07T14:30:08.393+0000] {dag.py:3954} INFO - Setting next_dagrun for example_bash_operator to 2024-10-06 00:00:00+00:00, run_after=2024-10-07 00:00:00+00:00
[2024-10-07T14:30:08.412+0000] {processor.py:183} INFO - Processing /home/airflow/.local/lib/python3.12/site-packages/airflow/example_dags/example_bash_operator.py took 0.077 seconds
[2024-10-07T14:30:39.057+0000] {processor.py:161} INFO - Started process (PID=7791) to work on /home/airflow/.local/lib/python3.12/site-packages/airflow/example_dags/example_bash_operator.py
[2024-10-07T14:30:39.058+0000] {processor.py:830} INFO - Processing file /home/airflow/.local/lib/python3.12/site-packages/airflow/example_dags/example_bash_operator.py for tasks to queue
[2024-10-07T14:30:39.060+0000] {logging_mixin.py:188} INFO - [2024-10-07T14:30:39.059+0000] {dagbag.py:540} INFO - Filling up the DagBag from /home/airflow/.local/lib/python3.12/site-packages/airflow/example_dags/example_bash_operator.py
[2024-10-07T14:30:39.071+0000] {processor.py:840} INFO - DAG(s) 'example_bash_operator' retrieved from /home/airflow/.local/lib/python3.12/site-packages/airflow/example_dags/example_bash_operator.py
[2024-10-07T14:30:39.097+0000] {logging_mixin.py:188} INFO - [2024-10-07T14:30:39.097+0000] {dag.py:3096} INFO - Sync 1 DAGs
[2024-10-07T14:30:39.116+0000] {logging_mixin.py:188} INFO - [2024-10-07T14:30:39.115+0000] {dag.py:3954} INFO - Setting next_dagrun for example_bash_operator to 2024-10-06 00:00:00+00:00, run_after=2024-10-07 00:00:00+00:00
[2024-10-07T14:30:39.137+0000] {processor.py:183} INFO - Processing /home/airflow/.local/lib/python3.12/site-packages/airflow/example_dags/example_bash_operator.py took 0.085 seconds
[2024-10-07T14:31:10.078+0000] {processor.py:161} INFO - Started process (PID=8058) to work on /home/airflow/.local/lib/python3.12/site-packages/airflow/example_dags/example_bash_operator.py
[2024-10-07T14:31:10.079+0000] {processor.py:830} INFO - Processing file /home/airflow/.local/lib/python3.12/site-packages/airflow/example_dags/example_bash_operator.py for tasks to queue
[2024-10-07T14:31:10.081+0000] {logging_mixin.py:188} INFO - [2024-10-07T14:31:10.080+0000] {dagbag.py:540} INFO - Filling up the DagBag from /home/airflow/.local/lib/python3.12/site-packages/airflow/example_dags/example_bash_operator.py
[2024-10-07T14:31:10.092+0000] {processor.py:840} INFO - DAG(s) 'example_bash_operator' retrieved from /home/airflow/.local/lib/python3.12/site-packages/airflow/example_dags/example_bash_operator.py
[2024-10-07T14:31:10.121+0000] {logging_mixin.py:188} INFO - [2024-10-07T14:31:10.121+0000] {dag.py:3096} INFO - Sync 1 DAGs
[2024-10-07T14:31:10.141+0000] {logging_mixin.py:188} INFO - [2024-10-07T14:31:10.141+0000] {dag.py:3954} INFO - Setting next_dagrun for example_bash_operator to 2024-10-06 00:00:00+00:00, run_after=2024-10-07 00:00:00+00:00
[2024-10-07T14:31:10.162+0000] {processor.py:183} INFO - Processing /home/airflow/.local/lib/python3.12/site-packages/airflow/example_dags/example_bash_operator.py took 0.088 seconds
[2024-10-07T14:31:41.059+0000] {processor.py:161} INFO - Started process (PID=8324) to work on /home/airflow/.local/lib/python3.12/site-packages/airflow/example_dags/example_bash_operator.py
[2024-10-07T14:31:41.060+0000] {processor.py:830} INFO - Processing file /home/airflow/.local/lib/python3.12/site-packages/airflow/example_dags/example_bash_operator.py for tasks to queue
[2024-10-07T14:31:41.061+0000] {logging_mixin.py:188} INFO - [2024-10-07T14:31:41.061+0000] {dagbag.py:540} INFO - Filling up the DagBag from /home/airflow/.local/lib/python3.12/site-packages/airflow/example_dags/example_bash_operator.py
[2024-10-07T14:31:41.070+0000] {processor.py:840} INFO - DAG(s) 'example_bash_operator' retrieved from /home/airflow/.local/lib/python3.12/site-packages/airflow/example_dags/example_bash_operator.py
[2024-10-07T14:31:41.091+0000] {logging_mixin.py:188} INFO - [2024-10-07T14:31:41.091+0000] {dag.py:3096} INFO - Sync 1 DAGs
[2024-10-07T14:31:41.110+0000] {logging_mixin.py:188} INFO - [2024-10-07T14:31:41.110+0000] {dag.py:3954} INFO - Setting next_dagrun for example_bash_operator to 2024-10-06 00:00:00+00:00, run_after=2024-10-07 00:00:00+00:00
[2024-10-07T14:31:41.128+0000] {processor.py:183} INFO - Processing /home/airflow/.local/lib/python3.12/site-packages/airflow/example_dags/example_bash_operator.py took 0.073 seconds
[2024-10-07T14:32:11.870+0000] {processor.py:161} INFO - Started process (PID=8590) to work on /home/airflow/.local/lib/python3.12/site-packages/airflow/example_dags/example_bash_operator.py
[2024-10-07T14:32:11.871+0000] {processor.py:830} INFO - Processing file /home/airflow/.local/lib/python3.12/site-packages/airflow/example_dags/example_bash_operator.py for tasks to queue
[2024-10-07T14:32:11.873+0000] {logging_mixin.py:188} INFO - [2024-10-07T14:32:11.872+0000] {dagbag.py:540} INFO - Filling up the DagBag from /home/airflow/.local/lib/python3.12/site-packages/airflow/example_dags/example_bash_operator.py
[2024-10-07T14:32:11.884+0000] {processor.py:840} INFO - DAG(s) 'example_bash_operator' retrieved from /home/airflow/.local/lib/python3.12/site-packages/airflow/example_dags/example_bash_operator.py
[2024-10-07T14:32:11.912+0000] {logging_mixin.py:188} INFO - [2024-10-07T14:32:11.911+0000] {dag.py:3096} INFO - Sync 1 DAGs
[2024-10-07T14:32:11.935+0000] {logging_mixin.py:188} INFO - [2024-10-07T14:32:11.935+0000] {dag.py:3954} INFO - Setting next_dagrun for example_bash_operator to 2024-10-06 00:00:00+00:00, run_after=2024-10-07 00:00:00+00:00
[2024-10-07T14:32:11.954+0000] {processor.py:183} INFO - Processing /home/airflow/.local/lib/python3.12/site-packages/airflow/example_dags/example_bash_operator.py took 0.089 seconds
[2024-10-07T14:32:42.633+0000] {processor.py:161} INFO - Started process (PID=8859) to work on /home/airflow/.local/lib/python3.12/site-packages/airflow/example_dags/example_bash_operator.py
[2024-10-07T14:32:42.633+0000] {processor.py:830} INFO - Processing file /home/airflow/.local/lib/python3.12/site-packages/airflow/example_dags/example_bash_operator.py for tasks to queue
[2024-10-07T14:32:42.635+0000] {logging_mixin.py:188} INFO - [2024-10-07T14:32:42.635+0000] {dagbag.py:540} INFO - Filling up the DagBag from /home/airflow/.local/lib/python3.12/site-packages/airflow/example_dags/example_bash_operator.py
[2024-10-07T14:32:42.646+0000] {processor.py:840} INFO - DAG(s) 'example_bash_operator' retrieved from /home/airflow/.local/lib/python3.12/site-packages/airflow/example_dags/example_bash_operator.py
[2024-10-07T14:32:42.671+0000] {logging_mixin.py:188} INFO - [2024-10-07T14:32:42.671+0000] {dag.py:3096} INFO - Sync 1 DAGs
[2024-10-07T14:32:42.689+0000] {logging_mixin.py:188} INFO - [2024-10-07T14:32:42.689+0000] {dag.py:3954} INFO - Setting next_dagrun for example_bash_operator to 2024-10-06 00:00:00+00:00, run_after=2024-10-07 00:00:00+00:00
[2024-10-07T14:32:42.706+0000] {processor.py:183} INFO - Processing /home/airflow/.local/lib/python3.12/site-packages/airflow/example_dags/example_bash_operator.py took 0.079 seconds
[2024-10-07T14:33:13.322+0000] {processor.py:161} INFO - Started process (PID=9125) to work on /home/airflow/.local/lib/python3.12/site-packages/airflow/example_dags/example_bash_operator.py
[2024-10-07T14:33:13.322+0000] {processor.py:830} INFO - Processing file /home/airflow/.local/lib/python3.12/site-packages/airflow/example_dags/example_bash_operator.py for tasks to queue
[2024-10-07T14:33:13.324+0000] {logging_mixin.py:188} INFO - [2024-10-07T14:33:13.323+0000] {dagbag.py:540} INFO - Filling up the DagBag from /home/airflow/.local/lib/python3.12/site-packages/airflow/example_dags/example_bash_operator.py
[2024-10-07T14:33:13.332+0000] {processor.py:840} INFO - DAG(s) 'example_bash_operator' retrieved from /home/airflow/.local/lib/python3.12/site-packages/airflow/example_dags/example_bash_operator.py
[2024-10-07T14:33:13.353+0000] {logging_mixin.py:188} INFO - [2024-10-07T14:33:13.353+0000] {dag.py:3096} INFO - Sync 1 DAGs
[2024-10-07T14:33:13.371+0000] {logging_mixin.py:188} INFO - [2024-10-07T14:33:13.371+0000] {dag.py:3954} INFO - Setting next_dagrun for example_bash_operator to 2024-10-06 00:00:00+00:00, run_after=2024-10-07 00:00:00+00:00
[2024-10-07T14:33:13.393+0000] {processor.py:183} INFO - Processing /home/airflow/.local/lib/python3.12/site-packages/airflow/example_dags/example_bash_operator.py took 0.075 seconds
[2024-10-07T14:33:43.934+0000] {processor.py:161} INFO - Started process (PID=9391) to work on /home/airflow/.local/lib/python3.12/site-packages/airflow/example_dags/example_bash_operator.py
[2024-10-07T14:33:43.935+0000] {processor.py:830} INFO - Processing file /home/airflow/.local/lib/python3.12/site-packages/airflow/example_dags/example_bash_operator.py for tasks to queue
[2024-10-07T14:33:43.936+0000] {logging_mixin.py:188} INFO - [2024-10-07T14:33:43.936+0000] {dagbag.py:540} INFO - Filling up the DagBag from /home/airflow/.local/lib/python3.12/site-packages/airflow/example_dags/example_bash_operator.py
[2024-10-07T14:33:43.947+0000] {processor.py:840} INFO - DAG(s) 'example_bash_operator' retrieved from /home/airflow/.local/lib/python3.12/site-packages/airflow/example_dags/example_bash_operator.py
[2024-10-07T14:33:43.974+0000] {logging_mixin.py:188} INFO - [2024-10-07T14:33:43.974+0000] {dag.py:3096} INFO - Sync 1 DAGs
[2024-10-07T14:33:43.991+0000] {logging_mixin.py:188} INFO - [2024-10-07T14:33:43.991+0000] {dag.py:3954} INFO - Setting next_dagrun for example_bash_operator to 2024-10-06 00:00:00+00:00, run_after=2024-10-07 00:00:00+00:00
[2024-10-07T14:33:44.010+0000] {processor.py:183} INFO - Processing /home/airflow/.local/lib/python3.12/site-packages/airflow/example_dags/example_bash_operator.py took 0.082 seconds
[2024-10-07T14:34:14.602+0000] {processor.py:161} INFO - Started process (PID=9657) to work on /home/airflow/.local/lib/python3.12/site-packages/airflow/example_dags/example_bash_operator.py
[2024-10-07T14:34:14.602+0000] {processor.py:830} INFO - Processing file /home/airflow/.local/lib/python3.12/site-packages/airflow/example_dags/example_bash_operator.py for tasks to queue
[2024-10-07T14:34:14.604+0000] {logging_mixin.py:188} INFO - [2024-10-07T14:34:14.604+0000] {dagbag.py:540} INFO - Filling up the DagBag from /home/airflow/.local/lib/python3.12/site-packages/airflow/example_dags/example_bash_operator.py
[2024-10-07T14:34:14.615+0000] {processor.py:840} INFO - DAG(s) 'example_bash_operator' retrieved from /home/airflow/.local/lib/python3.12/site-packages/airflow/example_dags/example_bash_operator.py
[2024-10-07T14:34:14.642+0000] {logging_mixin.py:188} INFO - [2024-10-07T14:34:14.642+0000] {dag.py:3096} INFO - Sync 1 DAGs
[2024-10-07T14:34:14.663+0000] {logging_mixin.py:188} INFO - [2024-10-07T14:34:14.663+0000] {dag.py:3954} INFO - Setting next_dagrun for example_bash_operator to 2024-10-06 00:00:00+00:00, run_after=2024-10-07 00:00:00+00:00
[2024-10-07T14:34:14.682+0000] {processor.py:183} INFO - Processing /home/airflow/.local/lib/python3.12/site-packages/airflow/example_dags/example_bash_operator.py took 0.086 seconds
[2024-10-07T14:34:45.407+0000] {processor.py:161} INFO - Started process (PID=9924) to work on /home/airflow/.local/lib/python3.12/site-packages/airflow/example_dags/example_bash_operator.py
[2024-10-07T14:34:45.407+0000] {processor.py:830} INFO - Processing file /home/airflow/.local/lib/python3.12/site-packages/airflow/example_dags/example_bash_operator.py for tasks to queue
[2024-10-07T14:34:45.409+0000] {logging_mixin.py:188} INFO - [2024-10-07T14:34:45.408+0000] {dagbag.py:540} INFO - Filling up the DagBag from /home/airflow/.local/lib/python3.12/site-packages/airflow/example_dags/example_bash_operator.py
[2024-10-07T14:34:45.418+0000] {processor.py:840} INFO - DAG(s) 'example_bash_operator' retrieved from /home/airflow/.local/lib/python3.12/site-packages/airflow/example_dags/example_bash_operator.py
[2024-10-07T14:34:45.446+0000] {logging_mixin.py:188} INFO - [2024-10-07T14:34:45.445+0000] {dag.py:3096} INFO - Sync 1 DAGs
[2024-10-07T14:34:45.467+0000] {logging_mixin.py:188} INFO - [2024-10-07T14:34:45.467+0000] {dag.py:3954} INFO - Setting next_dagrun for example_bash_operator to 2024-10-06 00:00:00+00:00, run_after=2024-10-07 00:00:00+00:00
[2024-10-07T14:34:45.486+0000] {processor.py:183} INFO - Processing /home/airflow/.local/lib/python3.12/site-packages/airflow/example_dags/example_bash_operator.py took 0.084 seconds
[2024-10-07T14:35:16.242+0000] {processor.py:161} INFO - Started process (PID=10190) to work on /home/airflow/.local/lib/python3.12/site-packages/airflow/example_dags/example_bash_operator.py
[2024-10-07T14:35:16.242+0000] {processor.py:830} INFO - Processing file /home/airflow/.local/lib/python3.12/site-packages/airflow/example_dags/example_bash_operator.py for tasks to queue
[2024-10-07T14:35:16.244+0000] {logging_mixin.py:188} INFO - [2024-10-07T14:35:16.244+0000] {dagbag.py:540} INFO - Filling up the DagBag from /home/airflow/.local/lib/python3.12/site-packages/airflow/example_dags/example_bash_operator.py
[2024-10-07T14:35:16.255+0000] {processor.py:840} INFO - DAG(s) 'example_bash_operator' retrieved from /home/airflow/.local/lib/python3.12/site-packages/airflow/example_dags/example_bash_operator.py
[2024-10-07T14:35:16.278+0000] {logging_mixin.py:188} INFO - [2024-10-07T14:35:16.278+0000] {dag.py:3096} INFO - Sync 1 DAGs
[2024-10-07T14:35:16.296+0000] {logging_mixin.py:188} INFO - [2024-10-07T14:35:16.295+0000] {dag.py:3954} INFO - Setting next_dagrun for example_bash_operator to 2024-10-06 00:00:00+00:00, run_after=2024-10-07 00:00:00+00:00
[2024-10-07T14:35:16.314+0000] {processor.py:183} INFO - Processing /home/airflow/.local/lib/python3.12/site-packages/airflow/example_dags/example_bash_operator.py took 0.078 seconds
[2024-10-07T14:35:46.953+0000] {processor.py:161} INFO - Started process (PID=10456) to work on /home/airflow/.local/lib/python3.12/site-packages/airflow/example_dags/example_bash_operator.py
[2024-10-07T14:35:46.954+0000] {processor.py:830} INFO - Processing file /home/airflow/.local/lib/python3.12/site-packages/airflow/example_dags/example_bash_operator.py for tasks to queue
[2024-10-07T14:35:46.956+0000] {logging_mixin.py:188} INFO - [2024-10-07T14:35:46.955+0000] {dagbag.py:540} INFO - Filling up the DagBag from /home/airflow/.local/lib/python3.12/site-packages/airflow/example_dags/example_bash_operator.py
[2024-10-07T14:35:46.966+0000] {processor.py:840} INFO - DAG(s) 'example_bash_operator' retrieved from /home/airflow/.local/lib/python3.12/site-packages/airflow/example_dags/example_bash_operator.py
[2024-10-07T14:35:46.989+0000] {logging_mixin.py:188} INFO - [2024-10-07T14:35:46.989+0000] {dag.py:3096} INFO - Sync 1 DAGs
[2024-10-07T14:35:47.009+0000] {logging_mixin.py:188} INFO - [2024-10-07T14:35:47.009+0000] {dag.py:3954} INFO - Setting next_dagrun for example_bash_operator to 2024-10-06 00:00:00+00:00, run_after=2024-10-07 00:00:00+00:00
[2024-10-07T14:35:47.032+0000] {processor.py:183} INFO - Processing /home/airflow/.local/lib/python3.12/site-packages/airflow/example_dags/example_bash_operator.py took 0.084 seconds
[2024-10-07T14:36:17.340+0000] {processor.py:161} INFO - Started process (PID=10722) to work on /home/airflow/.local/lib/python3.12/site-packages/airflow/example_dags/example_bash_operator.py
[2024-10-07T14:36:17.341+0000] {processor.py:830} INFO - Processing file /home/airflow/.local/lib/python3.12/site-packages/airflow/example_dags/example_bash_operator.py for tasks to queue
[2024-10-07T14:36:17.342+0000] {logging_mixin.py:188} INFO - [2024-10-07T14:36:17.342+0000] {dagbag.py:540} INFO - Filling up the DagBag from /home/airflow/.local/lib/python3.12/site-packages/airflow/example_dags/example_bash_operator.py
[2024-10-07T14:36:17.351+0000] {processor.py:840} INFO - DAG(s) 'example_bash_operator' retrieved from /home/airflow/.local/lib/python3.12/site-packages/airflow/example_dags/example_bash_operator.py
[2024-10-07T14:36:17.372+0000] {logging_mixin.py:188} INFO - [2024-10-07T14:36:17.372+0000] {dag.py:3096} INFO - Sync 1 DAGs
[2024-10-07T14:36:17.391+0000] {logging_mixin.py:188} INFO - [2024-10-07T14:36:17.391+0000] {dag.py:3954} INFO - Setting next_dagrun for example_bash_operator to 2024-10-06 00:00:00+00:00, run_after=2024-10-07 00:00:00+00:00
[2024-10-07T14:36:17.444+0000] {processor.py:183} INFO - Processing /home/airflow/.local/lib/python3.12/site-packages/airflow/example_dags/example_bash_operator.py took 0.108 seconds
[2024-10-07T14:36:47.932+0000] {processor.py:161} INFO - Started process (PID=10988) to work on /home/airflow/.local/lib/python3.12/site-packages/airflow/example_dags/example_bash_operator.py
[2024-10-07T14:36:47.933+0000] {processor.py:830} INFO - Processing file /home/airflow/.local/lib/python3.12/site-packages/airflow/example_dags/example_bash_operator.py for tasks to queue
[2024-10-07T14:36:47.934+0000] {logging_mixin.py:188} INFO - [2024-10-07T14:36:47.934+0000] {dagbag.py:540} INFO - Filling up the DagBag from /home/airflow/.local/lib/python3.12/site-packages/airflow/example_dags/example_bash_operator.py
[2024-10-07T14:36:47.945+0000] {processor.py:840} INFO - DAG(s) 'example_bash_operator' retrieved from /home/airflow/.local/lib/python3.12/site-packages/airflow/example_dags/example_bash_operator.py
[2024-10-07T14:36:47.965+0000] {logging_mixin.py:188} INFO - [2024-10-07T14:36:47.965+0000] {dag.py:3096} INFO - Sync 1 DAGs
[2024-10-07T14:36:47.982+0000] {logging_mixin.py:188} INFO - [2024-10-07T14:36:47.982+0000] {dag.py:3954} INFO - Setting next_dagrun for example_bash_operator to 2024-10-06 00:00:00+00:00, run_after=2024-10-07 00:00:00+00:00
[2024-10-07T14:36:48.002+0000] {processor.py:183} INFO - Processing /home/airflow/.local/lib/python3.12/site-packages/airflow/example_dags/example_bash_operator.py took 0.076 seconds
[2024-10-07T14:37:18.504+0000] {processor.py:161} INFO - Started process (PID=11254) to work on /home/airflow/.local/lib/python3.12/site-packages/airflow/example_dags/example_bash_operator.py
[2024-10-07T14:37:18.504+0000] {processor.py:830} INFO - Processing file /home/airflow/.local/lib/python3.12/site-packages/airflow/example_dags/example_bash_operator.py for tasks to queue
[2024-10-07T14:37:18.506+0000] {logging_mixin.py:188} INFO - [2024-10-07T14:37:18.505+0000] {dagbag.py:540} INFO - Filling up the DagBag from /home/airflow/.local/lib/python3.12/site-packages/airflow/example_dags/example_bash_operator.py
[2024-10-07T14:37:18.514+0000] {processor.py:840} INFO - DAG(s) 'example_bash_operator' retrieved from /home/airflow/.local/lib/python3.12/site-packages/airflow/example_dags/example_bash_operator.py
[2024-10-07T14:37:18.535+0000] {logging_mixin.py:188} INFO - [2024-10-07T14:37:18.535+0000] {dag.py:3096} INFO - Sync 1 DAGs
[2024-10-07T14:37:18.552+0000] {logging_mixin.py:188} INFO - [2024-10-07T14:37:18.552+0000] {dag.py:3954} INFO - Setting next_dagrun for example_bash_operator to 2024-10-06 00:00:00+00:00, run_after=2024-10-07 00:00:00+00:00
[2024-10-07T14:37:18.569+0000] {processor.py:183} INFO - Processing /home/airflow/.local/lib/python3.12/site-packages/airflow/example_dags/example_bash_operator.py took 0.069 seconds
[2024-10-07T14:37:49.089+0000] {processor.py:161} INFO - Started process (PID=11520) to work on /home/airflow/.local/lib/python3.12/site-packages/airflow/example_dags/example_bash_operator.py
[2024-10-07T14:37:49.090+0000] {processor.py:830} INFO - Processing file /home/airflow/.local/lib/python3.12/site-packages/airflow/example_dags/example_bash_operator.py for tasks to queue
[2024-10-07T14:37:49.091+0000] {logging_mixin.py:188} INFO - [2024-10-07T14:37:49.091+0000] {dagbag.py:540} INFO - Filling up the DagBag from /home/airflow/.local/lib/python3.12/site-packages/airflow/example_dags/example_bash_operator.py
[2024-10-07T14:37:49.102+0000] {processor.py:840} INFO - DAG(s) 'example_bash_operator' retrieved from /home/airflow/.local/lib/python3.12/site-packages/airflow/example_dags/example_bash_operator.py
[2024-10-07T14:37:49.130+0000] {logging_mixin.py:188} INFO - [2024-10-07T14:37:49.130+0000] {dag.py:3096} INFO - Sync 1 DAGs
[2024-10-07T14:37:49.152+0000] {logging_mixin.py:188} INFO - [2024-10-07T14:37:49.152+0000] {dag.py:3954} INFO - Setting next_dagrun for example_bash_operator to 2024-10-06 00:00:00+00:00, run_after=2024-10-07 00:00:00+00:00
[2024-10-07T14:37:49.170+0000] {processor.py:183} INFO - Processing /home/airflow/.local/lib/python3.12/site-packages/airflow/example_dags/example_bash_operator.py took 0.087 seconds
[2024-10-07T14:38:19.608+0000] {processor.py:161} INFO - Started process (PID=11786) to work on /home/airflow/.local/lib/python3.12/site-packages/airflow/example_dags/example_bash_operator.py
[2024-10-07T14:38:19.609+0000] {processor.py:830} INFO - Processing file /home/airflow/.local/lib/python3.12/site-packages/airflow/example_dags/example_bash_operator.py for tasks to queue
[2024-10-07T14:38:19.610+0000] {logging_mixin.py:188} INFO - [2024-10-07T14:38:19.610+0000] {dagbag.py:540} INFO - Filling up the DagBag from /home/airflow/.local/lib/python3.12/site-packages/airflow/example_dags/example_bash_operator.py
[2024-10-07T14:38:19.621+0000] {processor.py:840} INFO - DAG(s) 'example_bash_operator' retrieved from /home/airflow/.local/lib/python3.12/site-packages/airflow/example_dags/example_bash_operator.py
[2024-10-07T14:38:19.642+0000] {logging_mixin.py:188} INFO - [2024-10-07T14:38:19.642+0000] {dag.py:3096} INFO - Sync 1 DAGs
[2024-10-07T14:38:19.660+0000] {logging_mixin.py:188} INFO - [2024-10-07T14:38:19.659+0000] {dag.py:3954} INFO - Setting next_dagrun for example_bash_operator to 2024-10-06 00:00:00+00:00, run_after=2024-10-07 00:00:00+00:00
[2024-10-07T14:38:19.680+0000] {processor.py:183} INFO - Processing /home/airflow/.local/lib/python3.12/site-packages/airflow/example_dags/example_bash_operator.py took 0.078 seconds
[2024-10-07T14:38:50.375+0000] {processor.py:161} INFO - Started process (PID=12052) to work on /home/airflow/.local/lib/python3.12/site-packages/airflow/example_dags/example_bash_operator.py
[2024-10-07T14:38:50.376+0000] {processor.py:830} INFO - Processing file /home/airflow/.local/lib/python3.12/site-packages/airflow/example_dags/example_bash_operator.py for tasks to queue
[2024-10-07T14:38:50.377+0000] {logging_mixin.py:188} INFO - [2024-10-07T14:38:50.377+0000] {dagbag.py:540} INFO - Filling up the DagBag from /home/airflow/.local/lib/python3.12/site-packages/airflow/example_dags/example_bash_operator.py
[2024-10-07T14:38:50.386+0000] {processor.py:840} INFO - DAG(s) 'example_bash_operator' retrieved from /home/airflow/.local/lib/python3.12/site-packages/airflow/example_dags/example_bash_operator.py
[2024-10-07T14:38:50.413+0000] {logging_mixin.py:188} INFO - [2024-10-07T14:38:50.412+0000] {dag.py:3096} INFO - Sync 1 DAGs
[2024-10-07T14:38:50.435+0000] {logging_mixin.py:188} INFO - [2024-10-07T14:38:50.434+0000] {dag.py:3954} INFO - Setting next_dagrun for example_bash_operator to 2024-10-06 00:00:00+00:00, run_after=2024-10-07 00:00:00+00:00
[2024-10-07T14:38:50.458+0000] {processor.py:183} INFO - Processing /home/airflow/.local/lib/python3.12/site-packages/airflow/example_dags/example_bash_operator.py took 0.086 seconds
[2024-10-07T14:39:20.888+0000] {processor.py:161} INFO - Started process (PID=12324) to work on /home/airflow/.local/lib/python3.12/site-packages/airflow/example_dags/example_bash_operator.py
[2024-10-07T14:39:20.888+0000] {processor.py:830} INFO - Processing file /home/airflow/.local/lib/python3.12/site-packages/airflow/example_dags/example_bash_operator.py for tasks to queue
[2024-10-07T14:39:20.890+0000] {logging_mixin.py:188} INFO - [2024-10-07T14:39:20.890+0000] {dagbag.py:540} INFO - Filling up the DagBag from /home/airflow/.local/lib/python3.12/site-packages/airflow/example_dags/example_bash_operator.py
[2024-10-07T14:39:20.902+0000] {processor.py:840} INFO - DAG(s) 'example_bash_operator' retrieved from /home/airflow/.local/lib/python3.12/site-packages/airflow/example_dags/example_bash_operator.py
[2024-10-07T14:39:20.930+0000] {logging_mixin.py:188} INFO - [2024-10-07T14:39:20.930+0000] {dag.py:3096} INFO - Sync 1 DAGs
[2024-10-07T14:39:20.950+0000] {logging_mixin.py:188} INFO - [2024-10-07T14:39:20.950+0000] {dag.py:3954} INFO - Setting next_dagrun for example_bash_operator to 2024-10-06 00:00:00+00:00, run_after=2024-10-07 00:00:00+00:00
[2024-10-07T14:39:20.970+0000] {processor.py:183} INFO - Processing /home/airflow/.local/lib/python3.12/site-packages/airflow/example_dags/example_bash_operator.py took 0.087 seconds
[2024-10-07T14:39:51.480+0000] {processor.py:161} INFO - Started process (PID=12590) to work on /home/airflow/.local/lib/python3.12/site-packages/airflow/example_dags/example_bash_operator.py
[2024-10-07T14:39:51.481+0000] {processor.py:830} INFO - Processing file /home/airflow/.local/lib/python3.12/site-packages/airflow/example_dags/example_bash_operator.py for tasks to queue
[2024-10-07T14:39:51.483+0000] {logging_mixin.py:188} INFO - [2024-10-07T14:39:51.482+0000] {dagbag.py:540} INFO - Filling up the DagBag from /home/airflow/.local/lib/python3.12/site-packages/airflow/example_dags/example_bash_operator.py
[2024-10-07T14:39:51.494+0000] {processor.py:840} INFO - DAG(s) 'example_bash_operator' retrieved from /home/airflow/.local/lib/python3.12/site-packages/airflow/example_dags/example_bash_operator.py
[2024-10-07T14:39:51.522+0000] {logging_mixin.py:188} INFO - [2024-10-07T14:39:51.522+0000] {dag.py:3096} INFO - Sync 1 DAGs
[2024-10-07T14:39:51.543+0000] {logging_mixin.py:188} INFO - [2024-10-07T14:39:51.543+0000] {dag.py:3954} INFO - Setting next_dagrun for example_bash_operator to 2024-10-06 00:00:00+00:00, run_after=2024-10-07 00:00:00+00:00
[2024-10-07T14:39:51.563+0000] {processor.py:183} INFO - Processing /home/airflow/.local/lib/python3.12/site-packages/airflow/example_dags/example_bash_operator.py took 0.088 seconds
[2024-10-07T14:40:22.200+0000] {processor.py:161} INFO - Started process (PID=12856) to work on /home/airflow/.local/lib/python3.12/site-packages/airflow/example_dags/example_bash_operator.py
[2024-10-07T14:40:22.201+0000] {processor.py:830} INFO - Processing file /home/airflow/.local/lib/python3.12/site-packages/airflow/example_dags/example_bash_operator.py for tasks to queue
[2024-10-07T14:40:22.203+0000] {logging_mixin.py:188} INFO - [2024-10-07T14:40:22.202+0000] {dagbag.py:540} INFO - Filling up the DagBag from /home/airflow/.local/lib/python3.12/site-packages/airflow/example_dags/example_bash_operator.py
[2024-10-07T14:40:22.214+0000] {processor.py:840} INFO - DAG(s) 'example_bash_operator' retrieved from /home/airflow/.local/lib/python3.12/site-packages/airflow/example_dags/example_bash_operator.py
[2024-10-07T14:40:22.235+0000] {logging_mixin.py:188} INFO - [2024-10-07T14:40:22.235+0000] {dag.py:3096} INFO - Sync 1 DAGs
[2024-10-07T14:40:22.253+0000] {logging_mixin.py:188} INFO - [2024-10-07T14:40:22.253+0000] {dag.py:3954} INFO - Setting next_dagrun for example_bash_operator to 2024-10-06 00:00:00+00:00, run_after=2024-10-07 00:00:00+00:00
[2024-10-07T14:40:22.271+0000] {processor.py:183} INFO - Processing /home/airflow/.local/lib/python3.12/site-packages/airflow/example_dags/example_bash_operator.py took 0.076 seconds
[2024-10-07T14:40:52.790+0000] {processor.py:161} INFO - Started process (PID=13122) to work on /home/airflow/.local/lib/python3.12/site-packages/airflow/example_dags/example_bash_operator.py
[2024-10-07T14:40:52.791+0000] {processor.py:830} INFO - Processing file /home/airflow/.local/lib/python3.12/site-packages/airflow/example_dags/example_bash_operator.py for tasks to queue
[2024-10-07T14:40:52.793+0000] {logging_mixin.py:188} INFO - [2024-10-07T14:40:52.793+0000] {dagbag.py:540} INFO - Filling up the DagBag from /home/airflow/.local/lib/python3.12/site-packages/airflow/example_dags/example_bash_operator.py
[2024-10-07T14:40:52.804+0000] {processor.py:840} INFO - DAG(s) 'example_bash_operator' retrieved from /home/airflow/.local/lib/python3.12/site-packages/airflow/example_dags/example_bash_operator.py
[2024-10-07T14:40:52.835+0000] {logging_mixin.py:188} INFO - [2024-10-07T14:40:52.834+0000] {dag.py:3096} INFO - Sync 1 DAGs
[2024-10-07T14:40:52.858+0000] {logging_mixin.py:188} INFO - [2024-10-07T14:40:52.858+0000] {dag.py:3954} INFO - Setting next_dagrun for example_bash_operator to 2024-10-06 00:00:00+00:00, run_after=2024-10-07 00:00:00+00:00
[2024-10-07T14:40:52.879+0000] {processor.py:183} INFO - Processing /home/airflow/.local/lib/python3.12/site-packages/airflow/example_dags/example_bash_operator.py took 0.094 seconds
[2024-10-07T14:41:23.467+0000] {processor.py:161} INFO - Started process (PID=13388) to work on /home/airflow/.local/lib/python3.12/site-packages/airflow/example_dags/example_bash_operator.py
[2024-10-07T14:41:23.467+0000] {processor.py:830} INFO - Processing file /home/airflow/.local/lib/python3.12/site-packages/airflow/example_dags/example_bash_operator.py for tasks to queue
[2024-10-07T14:41:23.469+0000] {logging_mixin.py:188} INFO - [2024-10-07T14:41:23.468+0000] {dagbag.py:540} INFO - Filling up the DagBag from /home/airflow/.local/lib/python3.12/site-packages/airflow/example_dags/example_bash_operator.py
[2024-10-07T14:41:23.478+0000] {processor.py:840} INFO - DAG(s) 'example_bash_operator' retrieved from /home/airflow/.local/lib/python3.12/site-packages/airflow/example_dags/example_bash_operator.py
[2024-10-07T14:41:23.505+0000] {logging_mixin.py:188} INFO - [2024-10-07T14:41:23.505+0000] {dag.py:3096} INFO - Sync 1 DAGs
[2024-10-07T14:41:23.525+0000] {logging_mixin.py:188} INFO - [2024-10-07T14:41:23.525+0000] {dag.py:3954} INFO - Setting next_dagrun for example_bash_operator to 2024-10-06 00:00:00+00:00, run_after=2024-10-07 00:00:00+00:00
[2024-10-07T14:41:23.552+0000] {processor.py:183} INFO - Processing /home/airflow/.local/lib/python3.12/site-packages/airflow/example_dags/example_bash_operator.py took 0.089 seconds
[2024-10-07T14:41:53.988+0000] {processor.py:161} INFO - Started process (PID=13654) to work on /home/airflow/.local/lib/python3.12/site-packages/airflow/example_dags/example_bash_operator.py
[2024-10-07T14:41:53.989+0000] {processor.py:830} INFO - Processing file /home/airflow/.local/lib/python3.12/site-packages/airflow/example_dags/example_bash_operator.py for tasks to queue
[2024-10-07T14:41:53.991+0000] {logging_mixin.py:188} INFO - [2024-10-07T14:41:53.990+0000] {dagbag.py:540} INFO - Filling up the DagBag from /home/airflow/.local/lib/python3.12/site-packages/airflow/example_dags/example_bash_operator.py
[2024-10-07T14:41:54.001+0000] {processor.py:840} INFO - DAG(s) 'example_bash_operator' retrieved from /home/airflow/.local/lib/python3.12/site-packages/airflow/example_dags/example_bash_operator.py
[2024-10-07T14:41:54.029+0000] {logging_mixin.py:188} INFO - [2024-10-07T14:41:54.028+0000] {dag.py:3096} INFO - Sync 1 DAGs
[2024-10-07T14:41:54.049+0000] {logging_mixin.py:188} INFO - [2024-10-07T14:41:54.049+0000] {dag.py:3954} INFO - Setting next_dagrun for example_bash_operator to 2024-10-06 00:00:00+00:00, run_after=2024-10-07 00:00:00+00:00
[2024-10-07T14:41:54.066+0000] {processor.py:183} INFO - Processing /home/airflow/.local/lib/python3.12/site-packages/airflow/example_dags/example_bash_operator.py took 0.084 seconds
[2024-10-07T14:42:24.533+0000] {processor.py:161} INFO - Started process (PID=13920) to work on /home/airflow/.local/lib/python3.12/site-packages/airflow/example_dags/example_bash_operator.py
[2024-10-07T14:42:24.534+0000] {processor.py:830} INFO - Processing file /home/airflow/.local/lib/python3.12/site-packages/airflow/example_dags/example_bash_operator.py for tasks to queue
[2024-10-07T14:42:24.535+0000] {logging_mixin.py:188} INFO - [2024-10-07T14:42:24.535+0000] {dagbag.py:540} INFO - Filling up the DagBag from /home/airflow/.local/lib/python3.12/site-packages/airflow/example_dags/example_bash_operator.py
[2024-10-07T14:42:24.547+0000] {processor.py:840} INFO - DAG(s) 'example_bash_operator' retrieved from /home/airflow/.local/lib/python3.12/site-packages/airflow/example_dags/example_bash_operator.py
[2024-10-07T14:42:24.574+0000] {logging_mixin.py:188} INFO - [2024-10-07T14:42:24.573+0000] {dag.py:3096} INFO - Sync 1 DAGs
[2024-10-07T14:42:24.597+0000] {logging_mixin.py:188} INFO - [2024-10-07T14:42:24.596+0000] {dag.py:3954} INFO - Setting next_dagrun for example_bash_operator to 2024-10-06 00:00:00+00:00, run_after=2024-10-07 00:00:00+00:00
[2024-10-07T14:42:24.618+0000] {processor.py:183} INFO - Processing /home/airflow/.local/lib/python3.12/site-packages/airflow/example_dags/example_bash_operator.py took 0.089 seconds
[2024-10-07T14:42:54.693+0000] {processor.py:161} INFO - Started process (PID=14186) to work on /home/airflow/.local/lib/python3.12/site-packages/airflow/example_dags/example_bash_operator.py
[2024-10-07T14:42:54.694+0000] {processor.py:830} INFO - Processing file /home/airflow/.local/lib/python3.12/site-packages/airflow/example_dags/example_bash_operator.py for tasks to queue
[2024-10-07T14:42:54.695+0000] {logging_mixin.py:188} INFO - [2024-10-07T14:42:54.695+0000] {dagbag.py:540} INFO - Filling up the DagBag from /home/airflow/.local/lib/python3.12/site-packages/airflow/example_dags/example_bash_operator.py
[2024-10-07T14:42:54.707+0000] {processor.py:840} INFO - DAG(s) 'example_bash_operator' retrieved from /home/airflow/.local/lib/python3.12/site-packages/airflow/example_dags/example_bash_operator.py
[2024-10-07T14:42:54.728+0000] {logging_mixin.py:188} INFO - [2024-10-07T14:42:54.728+0000] {dag.py:3096} INFO - Sync 1 DAGs
[2024-10-07T14:42:54.745+0000] {logging_mixin.py:188} INFO - [2024-10-07T14:42:54.745+0000] {dag.py:3954} INFO - Setting next_dagrun for example_bash_operator to 2024-10-06 00:00:00+00:00, run_after=2024-10-07 00:00:00+00:00
[2024-10-07T14:42:54.762+0000] {processor.py:183} INFO - Processing /home/airflow/.local/lib/python3.12/site-packages/airflow/example_dags/example_bash_operator.py took 0.074 seconds
[2024-10-07T14:43:25.391+0000] {processor.py:161} INFO - Started process (PID=14454) to work on /home/airflow/.local/lib/python3.12/site-packages/airflow/example_dags/example_bash_operator.py
[2024-10-07T14:43:25.392+0000] {processor.py:830} INFO - Processing file /home/airflow/.local/lib/python3.12/site-packages/airflow/example_dags/example_bash_operator.py for tasks to queue
[2024-10-07T14:43:25.393+0000] {logging_mixin.py:188} INFO - [2024-10-07T14:43:25.393+0000] {dagbag.py:540} INFO - Filling up the DagBag from /home/airflow/.local/lib/python3.12/site-packages/airflow/example_dags/example_bash_operator.py
[2024-10-07T14:43:25.402+0000] {processor.py:840} INFO - DAG(s) 'example_bash_operator' retrieved from /home/airflow/.local/lib/python3.12/site-packages/airflow/example_dags/example_bash_operator.py
[2024-10-07T14:43:25.423+0000] {logging_mixin.py:188} INFO - [2024-10-07T14:43:25.422+0000] {dag.py:3096} INFO - Sync 1 DAGs
[2024-10-07T14:43:25.439+0000] {logging_mixin.py:188} INFO - [2024-10-07T14:43:25.439+0000] {dag.py:3954} INFO - Setting next_dagrun for example_bash_operator to 2024-10-06 00:00:00+00:00, run_after=2024-10-07 00:00:00+00:00
[2024-10-07T14:43:25.462+0000] {processor.py:183} INFO - Processing /home/airflow/.local/lib/python3.12/site-packages/airflow/example_dags/example_bash_operator.py took 0.076 seconds
[2024-10-07T14:43:56.067+0000] {processor.py:161} INFO - Started process (PID=14718) to work on /home/airflow/.local/lib/python3.12/site-packages/airflow/example_dags/example_bash_operator.py
[2024-10-07T14:43:56.068+0000] {processor.py:830} INFO - Processing file /home/airflow/.local/lib/python3.12/site-packages/airflow/example_dags/example_bash_operator.py for tasks to queue
[2024-10-07T14:43:56.070+0000] {logging_mixin.py:188} INFO - [2024-10-07T14:43:56.069+0000] {dagbag.py:540} INFO - Filling up the DagBag from /home/airflow/.local/lib/python3.12/site-packages/airflow/example_dags/example_bash_operator.py
[2024-10-07T14:43:56.080+0000] {processor.py:840} INFO - DAG(s) 'example_bash_operator' retrieved from /home/airflow/.local/lib/python3.12/site-packages/airflow/example_dags/example_bash_operator.py
[2024-10-07T14:43:56.107+0000] {logging_mixin.py:188} INFO - [2024-10-07T14:43:56.107+0000] {dag.py:3096} INFO - Sync 1 DAGs
[2024-10-07T14:43:56.129+0000] {logging_mixin.py:188} INFO - [2024-10-07T14:43:56.129+0000] {dag.py:3954} INFO - Setting next_dagrun for example_bash_operator to 2024-10-06 00:00:00+00:00, run_after=2024-10-07 00:00:00+00:00
[2024-10-07T14:43:56.152+0000] {processor.py:183} INFO - Processing /home/airflow/.local/lib/python3.12/site-packages/airflow/example_dags/example_bash_operator.py took 0.089 seconds
[2024-10-07T14:44:26.676+0000] {processor.py:161} INFO - Started process (PID=14984) to work on /home/airflow/.local/lib/python3.12/site-packages/airflow/example_dags/example_bash_operator.py
[2024-10-07T14:44:26.676+0000] {processor.py:830} INFO - Processing file /home/airflow/.local/lib/python3.12/site-packages/airflow/example_dags/example_bash_operator.py for tasks to queue
[2024-10-07T14:44:26.677+0000] {logging_mixin.py:188} INFO - [2024-10-07T14:44:26.677+0000] {dagbag.py:540} INFO - Filling up the DagBag from /home/airflow/.local/lib/python3.12/site-packages/airflow/example_dags/example_bash_operator.py
[2024-10-07T14:44:26.688+0000] {processor.py:840} INFO - DAG(s) 'example_bash_operator' retrieved from /home/airflow/.local/lib/python3.12/site-packages/airflow/example_dags/example_bash_operator.py
[2024-10-07T14:44:26.715+0000] {logging_mixin.py:188} INFO - [2024-10-07T14:44:26.715+0000] {dag.py:3096} INFO - Sync 1 DAGs
[2024-10-07T14:44:26.734+0000] {logging_mixin.py:188} INFO - [2024-10-07T14:44:26.734+0000] {dag.py:3954} INFO - Setting next_dagrun for example_bash_operator to 2024-10-06 00:00:00+00:00, run_after=2024-10-07 00:00:00+00:00
[2024-10-07T14:44:26.752+0000] {processor.py:183} INFO - Processing /home/airflow/.local/lib/python3.12/site-packages/airflow/example_dags/example_bash_operator.py took 0.081 seconds
[2024-10-07T14:44:57.419+0000] {processor.py:161} INFO - Started process (PID=15252) to work on /home/airflow/.local/lib/python3.12/site-packages/airflow/example_dags/example_bash_operator.py
[2024-10-07T14:44:57.420+0000] {processor.py:830} INFO - Processing file /home/airflow/.local/lib/python3.12/site-packages/airflow/example_dags/example_bash_operator.py for tasks to queue
[2024-10-07T14:44:57.421+0000] {logging_mixin.py:188} INFO - [2024-10-07T14:44:57.421+0000] {dagbag.py:540} INFO - Filling up the DagBag from /home/airflow/.local/lib/python3.12/site-packages/airflow/example_dags/example_bash_operator.py
[2024-10-07T14:44:57.430+0000] {processor.py:840} INFO - DAG(s) 'example_bash_operator' retrieved from /home/airflow/.local/lib/python3.12/site-packages/airflow/example_dags/example_bash_operator.py
[2024-10-07T14:44:57.450+0000] {logging_mixin.py:188} INFO - [2024-10-07T14:44:57.450+0000] {dag.py:3096} INFO - Sync 1 DAGs
[2024-10-07T14:44:57.466+0000] {logging_mixin.py:188} INFO - [2024-10-07T14:44:57.466+0000] {dag.py:3954} INFO - Setting next_dagrun for example_bash_operator to 2024-10-06 00:00:00+00:00, run_after=2024-10-07 00:00:00+00:00
[2024-10-07T14:44:57.484+0000] {processor.py:183} INFO - Processing /home/airflow/.local/lib/python3.12/site-packages/airflow/example_dags/example_bash_operator.py took 0.069 seconds
[2024-10-07T14:45:28.184+0000] {processor.py:161} INFO - Started process (PID=15518) to work on /home/airflow/.local/lib/python3.12/site-packages/airflow/example_dags/example_bash_operator.py
[2024-10-07T14:45:28.184+0000] {processor.py:830} INFO - Processing file /home/airflow/.local/lib/python3.12/site-packages/airflow/example_dags/example_bash_operator.py for tasks to queue
[2024-10-07T14:45:28.186+0000] {logging_mixin.py:188} INFO - [2024-10-07T14:45:28.185+0000] {dagbag.py:540} INFO - Filling up the DagBag from /home/airflow/.local/lib/python3.12/site-packages/airflow/example_dags/example_bash_operator.py
[2024-10-07T14:45:28.194+0000] {processor.py:840} INFO - DAG(s) 'example_bash_operator' retrieved from /home/airflow/.local/lib/python3.12/site-packages/airflow/example_dags/example_bash_operator.py
[2024-10-07T14:45:28.215+0000] {logging_mixin.py:188} INFO - [2024-10-07T14:45:28.215+0000] {dag.py:3096} INFO - Sync 1 DAGs
[2024-10-07T14:45:28.232+0000] {logging_mixin.py:188} INFO - [2024-10-07T14:45:28.232+0000] {dag.py:3954} INFO - Setting next_dagrun for example_bash_operator to 2024-10-06 00:00:00+00:00, run_after=2024-10-07 00:00:00+00:00
[2024-10-07T14:45:28.249+0000] {processor.py:183} INFO - Processing /home/airflow/.local/lib/python3.12/site-packages/airflow/example_dags/example_bash_operator.py took 0.070 seconds
[2024-10-07T14:45:58.767+0000] {processor.py:161} INFO - Started process (PID=15782) to work on /home/airflow/.local/lib/python3.12/site-packages/airflow/example_dags/example_bash_operator.py
[2024-10-07T14:45:58.767+0000] {processor.py:830} INFO - Processing file /home/airflow/.local/lib/python3.12/site-packages/airflow/example_dags/example_bash_operator.py for tasks to queue
[2024-10-07T14:45:58.769+0000] {logging_mixin.py:188} INFO - [2024-10-07T14:45:58.769+0000] {dagbag.py:540} INFO - Filling up the DagBag from /home/airflow/.local/lib/python3.12/site-packages/airflow/example_dags/example_bash_operator.py
[2024-10-07T14:45:58.780+0000] {processor.py:840} INFO - DAG(s) 'example_bash_operator' retrieved from /home/airflow/.local/lib/python3.12/site-packages/airflow/example_dags/example_bash_operator.py
[2024-10-07T14:45:58.806+0000] {logging_mixin.py:188} INFO - [2024-10-07T14:45:58.806+0000] {dag.py:3096} INFO - Sync 1 DAGs
[2024-10-07T14:45:58.824+0000] {logging_mixin.py:188} INFO - [2024-10-07T14:45:58.823+0000] {dag.py:3954} INFO - Setting next_dagrun for example_bash_operator to 2024-10-06 00:00:00+00:00, run_after=2024-10-07 00:00:00+00:00
[2024-10-07T14:45:58.842+0000] {processor.py:183} INFO - Processing /home/airflow/.local/lib/python3.12/site-packages/airflow/example_dags/example_bash_operator.py took 0.081 seconds
[2024-10-07T14:46:29.515+0000] {processor.py:161} INFO - Started process (PID=16048) to work on /home/airflow/.local/lib/python3.12/site-packages/airflow/example_dags/example_bash_operator.py
[2024-10-07T14:46:29.516+0000] {processor.py:830} INFO - Processing file /home/airflow/.local/lib/python3.12/site-packages/airflow/example_dags/example_bash_operator.py for tasks to queue
[2024-10-07T14:46:29.518+0000] {logging_mixin.py:188} INFO - [2024-10-07T14:46:29.518+0000] {dagbag.py:540} INFO - Filling up the DagBag from /home/airflow/.local/lib/python3.12/site-packages/airflow/example_dags/example_bash_operator.py
[2024-10-07T14:46:29.530+0000] {processor.py:840} INFO - DAG(s) 'example_bash_operator' retrieved from /home/airflow/.local/lib/python3.12/site-packages/airflow/example_dags/example_bash_operator.py
[2024-10-07T14:46:29.553+0000] {logging_mixin.py:188} INFO - [2024-10-07T14:46:29.553+0000] {dag.py:3096} INFO - Sync 1 DAGs
[2024-10-07T14:46:29.571+0000] {logging_mixin.py:188} INFO - [2024-10-07T14:46:29.571+0000] {dag.py:3954} INFO - Setting next_dagrun for example_bash_operator to 2024-10-06 00:00:00+00:00, run_after=2024-10-07 00:00:00+00:00
[2024-10-07T14:46:29.605+0000] {processor.py:183} INFO - Processing /home/airflow/.local/lib/python3.12/site-packages/airflow/example_dags/example_bash_operator.py took 0.095 seconds
[2024-10-07T14:47:00.192+0000] {processor.py:161} INFO - Started process (PID=16314) to work on /home/airflow/.local/lib/python3.12/site-packages/airflow/example_dags/example_bash_operator.py
[2024-10-07T14:47:00.193+0000] {processor.py:830} INFO - Processing file /home/airflow/.local/lib/python3.12/site-packages/airflow/example_dags/example_bash_operator.py for tasks to queue
[2024-10-07T14:47:00.194+0000] {logging_mixin.py:188} INFO - [2024-10-07T14:47:00.194+0000] {dagbag.py:540} INFO - Filling up the DagBag from /home/airflow/.local/lib/python3.12/site-packages/airflow/example_dags/example_bash_operator.py
[2024-10-07T14:47:00.206+0000] {processor.py:840} INFO - DAG(s) 'example_bash_operator' retrieved from /home/airflow/.local/lib/python3.12/site-packages/airflow/example_dags/example_bash_operator.py
[2024-10-07T14:47:00.234+0000] {logging_mixin.py:188} INFO - [2024-10-07T14:47:00.234+0000] {dag.py:3096} INFO - Sync 1 DAGs
[2024-10-07T14:47:00.256+0000] {logging_mixin.py:188} INFO - [2024-10-07T14:47:00.256+0000] {dag.py:3954} INFO - Setting next_dagrun for example_bash_operator to 2024-10-06 00:00:00+00:00, run_after=2024-10-07 00:00:00+00:00
[2024-10-07T14:47:00.276+0000] {processor.py:183} INFO - Processing /home/airflow/.local/lib/python3.12/site-packages/airflow/example_dags/example_bash_operator.py took 0.088 seconds
[2024-10-07T14:47:30.950+0000] {processor.py:161} INFO - Started process (PID=16580) to work on /home/airflow/.local/lib/python3.12/site-packages/airflow/example_dags/example_bash_operator.py
[2024-10-07T14:47:30.950+0000] {processor.py:830} INFO - Processing file /home/airflow/.local/lib/python3.12/site-packages/airflow/example_dags/example_bash_operator.py for tasks to queue
[2024-10-07T14:47:30.951+0000] {logging_mixin.py:188} INFO - [2024-10-07T14:47:30.951+0000] {dagbag.py:540} INFO - Filling up the DagBag from /home/airflow/.local/lib/python3.12/site-packages/airflow/example_dags/example_bash_operator.py
[2024-10-07T14:47:30.962+0000] {processor.py:840} INFO - DAG(s) 'example_bash_operator' retrieved from /home/airflow/.local/lib/python3.12/site-packages/airflow/example_dags/example_bash_operator.py
[2024-10-07T14:47:30.983+0000] {logging_mixin.py:188} INFO - [2024-10-07T14:47:30.983+0000] {dag.py:3096} INFO - Sync 1 DAGs
[2024-10-07T14:47:31.003+0000] {logging_mixin.py:188} INFO - [2024-10-07T14:47:31.003+0000] {dag.py:3954} INFO - Setting next_dagrun for example_bash_operator to 2024-10-06 00:00:00+00:00, run_after=2024-10-07 00:00:00+00:00
[2024-10-07T14:47:31.023+0000] {processor.py:183} INFO - Processing /home/airflow/.local/lib/python3.12/site-packages/airflow/example_dags/example_bash_operator.py took 0.077 seconds
[2024-10-07T14:48:01.529+0000] {processor.py:161} INFO - Started process (PID=16848) to work on /home/airflow/.local/lib/python3.12/site-packages/airflow/example_dags/example_bash_operator.py
[2024-10-07T14:48:01.529+0000] {processor.py:830} INFO - Processing file /home/airflow/.local/lib/python3.12/site-packages/airflow/example_dags/example_bash_operator.py for tasks to queue
[2024-10-07T14:48:01.531+0000] {logging_mixin.py:188} INFO - [2024-10-07T14:48:01.530+0000] {dagbag.py:540} INFO - Filling up the DagBag from /home/airflow/.local/lib/python3.12/site-packages/airflow/example_dags/example_bash_operator.py
[2024-10-07T14:48:01.540+0000] {processor.py:840} INFO - DAG(s) 'example_bash_operator' retrieved from /home/airflow/.local/lib/python3.12/site-packages/airflow/example_dags/example_bash_operator.py
[2024-10-07T14:48:01.565+0000] {logging_mixin.py:188} INFO - [2024-10-07T14:48:01.565+0000] {dag.py:3096} INFO - Sync 1 DAGs
[2024-10-07T14:48:01.584+0000] {logging_mixin.py:188} INFO - [2024-10-07T14:48:01.584+0000] {dag.py:3954} INFO - Setting next_dagrun for example_bash_operator to 2024-10-06 00:00:00+00:00, run_after=2024-10-07 00:00:00+00:00
[2024-10-07T14:48:01.602+0000] {processor.py:183} INFO - Processing /home/airflow/.local/lib/python3.12/site-packages/airflow/example_dags/example_bash_operator.py took 0.079 seconds
[2024-10-07T14:48:32.176+0000] {processor.py:161} INFO - Started process (PID=17114) to work on /home/airflow/.local/lib/python3.12/site-packages/airflow/example_dags/example_bash_operator.py
[2024-10-07T14:48:32.177+0000] {processor.py:830} INFO - Processing file /home/airflow/.local/lib/python3.12/site-packages/airflow/example_dags/example_bash_operator.py for tasks to queue
[2024-10-07T14:48:32.178+0000] {logging_mixin.py:188} INFO - [2024-10-07T14:48:32.178+0000] {dagbag.py:540} INFO - Filling up the DagBag from /home/airflow/.local/lib/python3.12/site-packages/airflow/example_dags/example_bash_operator.py
[2024-10-07T14:48:32.186+0000] {processor.py:840} INFO - DAG(s) 'example_bash_operator' retrieved from /home/airflow/.local/lib/python3.12/site-packages/airflow/example_dags/example_bash_operator.py
[2024-10-07T14:48:32.206+0000] {logging_mixin.py:188} INFO - [2024-10-07T14:48:32.206+0000] {dag.py:3096} INFO - Sync 1 DAGs
[2024-10-07T14:48:32.223+0000] {logging_mixin.py:188} INFO - [2024-10-07T14:48:32.222+0000] {dag.py:3954} INFO - Setting next_dagrun for example_bash_operator to 2024-10-06 00:00:00+00:00, run_after=2024-10-07 00:00:00+00:00
[2024-10-07T14:48:32.241+0000] {processor.py:183} INFO - Processing /home/airflow/.local/lib/python3.12/site-packages/airflow/example_dags/example_bash_operator.py took 0.069 seconds
[2024-10-07T14:49:02.875+0000] {processor.py:161} INFO - Started process (PID=17378) to work on /home/airflow/.local/lib/python3.12/site-packages/airflow/example_dags/example_bash_operator.py
[2024-10-07T14:49:02.876+0000] {processor.py:830} INFO - Processing file /home/airflow/.local/lib/python3.12/site-packages/airflow/example_dags/example_bash_operator.py for tasks to queue
[2024-10-07T14:49:02.877+0000] {logging_mixin.py:188} INFO - [2024-10-07T14:49:02.877+0000] {dagbag.py:540} INFO - Filling up the DagBag from /home/airflow/.local/lib/python3.12/site-packages/airflow/example_dags/example_bash_operator.py
[2024-10-07T14:49:02.886+0000] {processor.py:840} INFO - DAG(s) 'example_bash_operator' retrieved from /home/airflow/.local/lib/python3.12/site-packages/airflow/example_dags/example_bash_operator.py
[2024-10-07T14:49:02.909+0000] {logging_mixin.py:188} INFO - [2024-10-07T14:49:02.909+0000] {dag.py:3096} INFO - Sync 1 DAGs
[2024-10-07T14:49:02.927+0000] {logging_mixin.py:188} INFO - [2024-10-07T14:49:02.927+0000] {dag.py:3954} INFO - Setting next_dagrun for example_bash_operator to 2024-10-06 00:00:00+00:00, run_after=2024-10-07 00:00:00+00:00
[2024-10-07T14:49:02.945+0000] {processor.py:183} INFO - Processing /home/airflow/.local/lib/python3.12/site-packages/airflow/example_dags/example_bash_operator.py took 0.075 seconds
[2024-10-07T15:58:35.427+0000] {processor.py:161} INFO - Started process (PID=210) to work on /home/airflow/.local/lib/python3.12/site-packages/airflow/example_dags/example_bash_operator.py
[2024-10-07T15:58:35.429+0000] {processor.py:830} INFO - Processing file /home/airflow/.local/lib/python3.12/site-packages/airflow/example_dags/example_bash_operator.py for tasks to queue
[2024-10-07T15:58:35.434+0000] {logging_mixin.py:188} INFO - [2024-10-07T15:58:35.434+0000] {dagbag.py:540} INFO - Filling up the DagBag from /home/airflow/.local/lib/python3.12/site-packages/airflow/example_dags/example_bash_operator.py
[2024-10-07T15:58:35.470+0000] {processor.py:840} INFO - DAG(s) 'example_bash_operator' retrieved from /home/airflow/.local/lib/python3.12/site-packages/airflow/example_dags/example_bash_operator.py
[2024-10-07T15:58:35.508+0000] {logging_mixin.py:188} INFO - [2024-10-07T15:58:35.508+0000] {dag.py:3096} INFO - Sync 1 DAGs
[2024-10-07T15:58:35.533+0000] {logging_mixin.py:188} INFO - [2024-10-07T15:58:35.533+0000] {dag.py:3954} INFO - Setting next_dagrun for example_bash_operator to 2024-10-06 00:00:00+00:00, run_after=2024-10-07 00:00:00+00:00
[2024-10-07T15:58:35.562+0000] {processor.py:183} INFO - Processing /home/airflow/.local/lib/python3.12/site-packages/airflow/example_dags/example_bash_operator.py took 0.145 seconds
