[2024-10-07T14:15:14.069+0000] {processor.py:161} INFO - Started process (PID=206) to work on /home/airflow/.local/lib/python3.12/site-packages/airflow/example_dags/example_params_ui_tutorial.py
[2024-10-07T14:15:14.069+0000] {processor.py:830} INFO - Processing file /home/airflow/.local/lib/python3.12/site-packages/airflow/example_dags/example_params_ui_tutorial.py for tasks to queue
[2024-10-07T14:15:14.071+0000] {logging_mixin.py:188} INFO - [2024-10-07T14:15:14.070+0000] {dagbag.py:540} INFO - Filling up the DagBag from /home/airflow/.local/lib/python3.12/site-packages/airflow/example_dags/example_params_ui_tutorial.py
[2024-10-07T14:15:14.082+0000] {processor.py:840} INFO - DAG(s) 'example_params_ui_tutorial' retrieved from /home/airflow/.local/lib/python3.12/site-packages/airflow/example_dags/example_params_ui_tutorial.py
[2024-10-07T14:15:14.246+0000] {logging_mixin.py:188} INFO - [2024-10-07T14:15:14.245+0000] {dag.py:3096} INFO - Sync 1 DAGs
[2024-10-07T14:15:14.255+0000] {logging_mixin.py:188} INFO - [2024-10-07T14:15:14.255+0000] {dag.py:3954} INFO - Setting next_dagrun for example_params_ui_tutorial to None, run_after=None
[2024-10-07T14:15:14.294+0000] {processor.py:183} INFO - Processing /home/airflow/.local/lib/python3.12/site-packages/airflow/example_dags/example_params_ui_tutorial.py took 0.231 seconds
[2024-10-07T14:16:16.890+0000] {processor.py:161} INFO - Started process (PID=208) to work on /home/airflow/.local/lib/python3.12/site-packages/airflow/example_dags/example_params_ui_tutorial.py
[2024-10-07T14:16:16.891+0000] {processor.py:830} INFO - Processing file /home/airflow/.local/lib/python3.12/site-packages/airflow/example_dags/example_params_ui_tutorial.py for tasks to queue
[2024-10-07T14:16:16.893+0000] {logging_mixin.py:188} INFO - [2024-10-07T14:16:16.893+0000] {dagbag.py:540} INFO - Filling up the DagBag from /home/airflow/.local/lib/python3.12/site-packages/airflow/example_dags/example_params_ui_tutorial.py
[2024-10-07T14:16:16.911+0000] {processor.py:840} INFO - DAG(s) 'example_params_ui_tutorial' retrieved from /home/airflow/.local/lib/python3.12/site-packages/airflow/example_dags/example_params_ui_tutorial.py
[2024-10-07T14:16:16.984+0000] {logging_mixin.py:188} INFO - [2024-10-07T14:16:16.984+0000] {dag.py:3096} INFO - Sync 1 DAGs
[2024-10-07T14:16:17.001+0000] {logging_mixin.py:188} INFO - [2024-10-07T14:16:17.000+0000] {dag.py:3954} INFO - Setting next_dagrun for example_params_ui_tutorial to None, run_after=None
[2024-10-07T14:16:17.249+0000] {processor.py:183} INFO - Processing /home/airflow/.local/lib/python3.12/site-packages/airflow/example_dags/example_params_ui_tutorial.py took 0.368 seconds
[2024-10-07T14:16:47.334+0000] {processor.py:161} INFO - Started process (PID=476) to work on /home/airflow/.local/lib/python3.12/site-packages/airflow/example_dags/example_params_ui_tutorial.py
[2024-10-07T14:16:47.335+0000] {processor.py:830} INFO - Processing file /home/airflow/.local/lib/python3.12/site-packages/airflow/example_dags/example_params_ui_tutorial.py for tasks to queue
[2024-10-07T14:16:47.336+0000] {logging_mixin.py:188} INFO - [2024-10-07T14:16:47.336+0000] {dagbag.py:540} INFO - Filling up the DagBag from /home/airflow/.local/lib/python3.12/site-packages/airflow/example_dags/example_params_ui_tutorial.py
[2024-10-07T14:16:47.348+0000] {processor.py:840} INFO - DAG(s) 'example_params_ui_tutorial' retrieved from /home/airflow/.local/lib/python3.12/site-packages/airflow/example_dags/example_params_ui_tutorial.py
[2024-10-07T14:16:47.397+0000] {logging_mixin.py:188} INFO - [2024-10-07T14:16:47.397+0000] {dag.py:3096} INFO - Sync 1 DAGs
[2024-10-07T14:16:47.411+0000] {logging_mixin.py:188} INFO - [2024-10-07T14:16:47.411+0000] {dag.py:3954} INFO - Setting next_dagrun for example_params_ui_tutorial to None, run_after=None
[2024-10-07T14:16:47.431+0000] {processor.py:183} INFO - Processing /home/airflow/.local/lib/python3.12/site-packages/airflow/example_dags/example_params_ui_tutorial.py took 0.103 seconds
[2024-10-07T14:17:18.090+0000] {processor.py:161} INFO - Started process (PID=740) to work on /home/airflow/.local/lib/python3.12/site-packages/airflow/example_dags/example_params_ui_tutorial.py
[2024-10-07T14:17:18.137+0000] {processor.py:830} INFO - Processing file /home/airflow/.local/lib/python3.12/site-packages/airflow/example_dags/example_params_ui_tutorial.py for tasks to queue
[2024-10-07T14:17:18.139+0000] {logging_mixin.py:188} INFO - [2024-10-07T14:17:18.138+0000] {dagbag.py:540} INFO - Filling up the DagBag from /home/airflow/.local/lib/python3.12/site-packages/airflow/example_dags/example_params_ui_tutorial.py
[2024-10-07T14:17:18.150+0000] {processor.py:840} INFO - DAG(s) 'example_params_ui_tutorial' retrieved from /home/airflow/.local/lib/python3.12/site-packages/airflow/example_dags/example_params_ui_tutorial.py
[2024-10-07T14:17:18.202+0000] {logging_mixin.py:188} INFO - [2024-10-07T14:17:18.202+0000] {dag.py:3096} INFO - Sync 1 DAGs
[2024-10-07T14:17:18.212+0000] {logging_mixin.py:188} INFO - [2024-10-07T14:17:18.212+0000] {dag.py:3954} INFO - Setting next_dagrun for example_params_ui_tutorial to None, run_after=None
[2024-10-07T14:17:19.104+0000] {processor.py:183} INFO - Processing /home/airflow/.local/lib/python3.12/site-packages/airflow/example_dags/example_params_ui_tutorial.py took 1.019 seconds
[2024-10-07T14:17:49.154+0000] {processor.py:161} INFO - Started process (PID=1006) to work on /home/airflow/.local/lib/python3.12/site-packages/airflow/example_dags/example_params_ui_tutorial.py
[2024-10-07T14:17:49.154+0000] {processor.py:830} INFO - Processing file /home/airflow/.local/lib/python3.12/site-packages/airflow/example_dags/example_params_ui_tutorial.py for tasks to queue
[2024-10-07T14:17:49.156+0000] {logging_mixin.py:188} INFO - [2024-10-07T14:17:49.156+0000] {dagbag.py:540} INFO - Filling up the DagBag from /home/airflow/.local/lib/python3.12/site-packages/airflow/example_dags/example_params_ui_tutorial.py
[2024-10-07T14:17:49.167+0000] {processor.py:840} INFO - DAG(s) 'example_params_ui_tutorial' retrieved from /home/airflow/.local/lib/python3.12/site-packages/airflow/example_dags/example_params_ui_tutorial.py
[2024-10-07T14:17:49.205+0000] {logging_mixin.py:188} INFO - [2024-10-07T14:17:49.204+0000] {dag.py:3096} INFO - Sync 1 DAGs
[2024-10-07T14:17:49.216+0000] {logging_mixin.py:188} INFO - [2024-10-07T14:17:49.216+0000] {dag.py:3954} INFO - Setting next_dagrun for example_params_ui_tutorial to None, run_after=None
[2024-10-07T14:17:49.235+0000] {processor.py:183} INFO - Processing /home/airflow/.local/lib/python3.12/site-packages/airflow/example_dags/example_params_ui_tutorial.py took 0.087 seconds
[2024-10-07T14:18:19.851+0000] {processor.py:161} INFO - Started process (PID=1272) to work on /home/airflow/.local/lib/python3.12/site-packages/airflow/example_dags/example_params_ui_tutorial.py
[2024-10-07T14:18:19.851+0000] {processor.py:830} INFO - Processing file /home/airflow/.local/lib/python3.12/site-packages/airflow/example_dags/example_params_ui_tutorial.py for tasks to queue
[2024-10-07T14:18:19.853+0000] {logging_mixin.py:188} INFO - [2024-10-07T14:18:19.852+0000] {dagbag.py:540} INFO - Filling up the DagBag from /home/airflow/.local/lib/python3.12/site-packages/airflow/example_dags/example_params_ui_tutorial.py
[2024-10-07T14:18:19.861+0000] {processor.py:840} INFO - DAG(s) 'example_params_ui_tutorial' retrieved from /home/airflow/.local/lib/python3.12/site-packages/airflow/example_dags/example_params_ui_tutorial.py
[2024-10-07T14:18:19.912+0000] {logging_mixin.py:188} INFO - [2024-10-07T14:18:19.912+0000] {dag.py:3096} INFO - Sync 1 DAGs
[2024-10-07T14:18:19.925+0000] {logging_mixin.py:188} INFO - [2024-10-07T14:18:19.924+0000] {dag.py:3954} INFO - Setting next_dagrun for example_params_ui_tutorial to None, run_after=None
[2024-10-07T14:18:19.943+0000] {processor.py:183} INFO - Processing /home/airflow/.local/lib/python3.12/site-packages/airflow/example_dags/example_params_ui_tutorial.py took 0.096 seconds
[2024-10-07T14:18:50.601+0000] {processor.py:161} INFO - Started process (PID=1538) to work on /home/airflow/.local/lib/python3.12/site-packages/airflow/example_dags/example_params_ui_tutorial.py
[2024-10-07T14:18:50.602+0000] {processor.py:830} INFO - Processing file /home/airflow/.local/lib/python3.12/site-packages/airflow/example_dags/example_params_ui_tutorial.py for tasks to queue
[2024-10-07T14:18:50.604+0000] {logging_mixin.py:188} INFO - [2024-10-07T14:18:50.604+0000] {dagbag.py:540} INFO - Filling up the DagBag from /home/airflow/.local/lib/python3.12/site-packages/airflow/example_dags/example_params_ui_tutorial.py
[2024-10-07T14:18:50.614+0000] {processor.py:840} INFO - DAG(s) 'example_params_ui_tutorial' retrieved from /home/airflow/.local/lib/python3.12/site-packages/airflow/example_dags/example_params_ui_tutorial.py
[2024-10-07T14:18:50.649+0000] {logging_mixin.py:188} INFO - [2024-10-07T14:18:50.649+0000] {dag.py:3096} INFO - Sync 1 DAGs
[2024-10-07T14:18:50.658+0000] {logging_mixin.py:188} INFO - [2024-10-07T14:18:50.658+0000] {dag.py:3954} INFO - Setting next_dagrun for example_params_ui_tutorial to None, run_after=None
[2024-10-07T14:18:50.677+0000] {processor.py:183} INFO - Processing /home/airflow/.local/lib/python3.12/site-packages/airflow/example_dags/example_params_ui_tutorial.py took 0.081 seconds
[2024-10-07T14:19:21.415+0000] {processor.py:161} INFO - Started process (PID=1804) to work on /home/airflow/.local/lib/python3.12/site-packages/airflow/example_dags/example_params_ui_tutorial.py
[2024-10-07T14:19:21.415+0000] {processor.py:830} INFO - Processing file /home/airflow/.local/lib/python3.12/site-packages/airflow/example_dags/example_params_ui_tutorial.py for tasks to queue
[2024-10-07T14:19:21.417+0000] {logging_mixin.py:188} INFO - [2024-10-07T14:19:21.417+0000] {dagbag.py:540} INFO - Filling up the DagBag from /home/airflow/.local/lib/python3.12/site-packages/airflow/example_dags/example_params_ui_tutorial.py
[2024-10-07T14:19:21.428+0000] {processor.py:840} INFO - DAG(s) 'example_params_ui_tutorial' retrieved from /home/airflow/.local/lib/python3.12/site-packages/airflow/example_dags/example_params_ui_tutorial.py
[2024-10-07T14:19:21.486+0000] {logging_mixin.py:188} INFO - [2024-10-07T14:19:21.486+0000] {dag.py:3096} INFO - Sync 1 DAGs
[2024-10-07T14:19:21.496+0000] {logging_mixin.py:188} INFO - [2024-10-07T14:19:21.496+0000] {dag.py:3954} INFO - Setting next_dagrun for example_params_ui_tutorial to None, run_after=None
[2024-10-07T14:19:21.515+0000] {processor.py:183} INFO - Processing /home/airflow/.local/lib/python3.12/site-packages/airflow/example_dags/example_params_ui_tutorial.py took 0.106 seconds
[2024-10-07T14:19:51.581+0000] {processor.py:161} INFO - Started process (PID=2070) to work on /home/airflow/.local/lib/python3.12/site-packages/airflow/example_dags/example_params_ui_tutorial.py
[2024-10-07T14:19:51.582+0000] {processor.py:830} INFO - Processing file /home/airflow/.local/lib/python3.12/site-packages/airflow/example_dags/example_params_ui_tutorial.py for tasks to queue
[2024-10-07T14:19:51.583+0000] {logging_mixin.py:188} INFO - [2024-10-07T14:19:51.583+0000] {dagbag.py:540} INFO - Filling up the DagBag from /home/airflow/.local/lib/python3.12/site-packages/airflow/example_dags/example_params_ui_tutorial.py
[2024-10-07T14:19:51.596+0000] {processor.py:840} INFO - DAG(s) 'example_params_ui_tutorial' retrieved from /home/airflow/.local/lib/python3.12/site-packages/airflow/example_dags/example_params_ui_tutorial.py
[2024-10-07T14:19:51.646+0000] {logging_mixin.py:188} INFO - [2024-10-07T14:19:51.646+0000] {dag.py:3096} INFO - Sync 1 DAGs
[2024-10-07T14:19:51.656+0000] {logging_mixin.py:188} INFO - [2024-10-07T14:19:51.656+0000] {dag.py:3954} INFO - Setting next_dagrun for example_params_ui_tutorial to None, run_after=None
[2024-10-07T14:19:51.677+0000] {processor.py:183} INFO - Processing /home/airflow/.local/lib/python3.12/site-packages/airflow/example_dags/example_params_ui_tutorial.py took 0.102 seconds
[2024-10-07T14:20:22.392+0000] {processor.py:161} INFO - Started process (PID=2336) to work on /home/airflow/.local/lib/python3.12/site-packages/airflow/example_dags/example_params_ui_tutorial.py
[2024-10-07T14:20:22.392+0000] {processor.py:830} INFO - Processing file /home/airflow/.local/lib/python3.12/site-packages/airflow/example_dags/example_params_ui_tutorial.py for tasks to queue
[2024-10-07T14:20:22.393+0000] {logging_mixin.py:188} INFO - [2024-10-07T14:20:22.393+0000] {dagbag.py:540} INFO - Filling up the DagBag from /home/airflow/.local/lib/python3.12/site-packages/airflow/example_dags/example_params_ui_tutorial.py
[2024-10-07T14:20:22.403+0000] {processor.py:840} INFO - DAG(s) 'example_params_ui_tutorial' retrieved from /home/airflow/.local/lib/python3.12/site-packages/airflow/example_dags/example_params_ui_tutorial.py
[2024-10-07T14:20:22.454+0000] {logging_mixin.py:188} INFO - [2024-10-07T14:20:22.454+0000] {dag.py:3096} INFO - Sync 1 DAGs
[2024-10-07T14:20:22.465+0000] {logging_mixin.py:188} INFO - [2024-10-07T14:20:22.465+0000] {dag.py:3954} INFO - Setting next_dagrun for example_params_ui_tutorial to None, run_after=None
[2024-10-07T14:20:22.485+0000] {processor.py:183} INFO - Processing /home/airflow/.local/lib/python3.12/site-packages/airflow/example_dags/example_params_ui_tutorial.py took 0.098 seconds
[2024-10-07T14:20:53.200+0000] {processor.py:161} INFO - Started process (PID=2602) to work on /home/airflow/.local/lib/python3.12/site-packages/airflow/example_dags/example_params_ui_tutorial.py
[2024-10-07T14:20:53.201+0000] {processor.py:830} INFO - Processing file /home/airflow/.local/lib/python3.12/site-packages/airflow/example_dags/example_params_ui_tutorial.py for tasks to queue
[2024-10-07T14:20:53.202+0000] {logging_mixin.py:188} INFO - [2024-10-07T14:20:53.202+0000] {dagbag.py:540} INFO - Filling up the DagBag from /home/airflow/.local/lib/python3.12/site-packages/airflow/example_dags/example_params_ui_tutorial.py
[2024-10-07T14:20:53.212+0000] {processor.py:840} INFO - DAG(s) 'example_params_ui_tutorial' retrieved from /home/airflow/.local/lib/python3.12/site-packages/airflow/example_dags/example_params_ui_tutorial.py
[2024-10-07T14:20:53.249+0000] {logging_mixin.py:188} INFO - [2024-10-07T14:20:53.248+0000] {dag.py:3096} INFO - Sync 1 DAGs
[2024-10-07T14:20:53.260+0000] {logging_mixin.py:188} INFO - [2024-10-07T14:20:53.259+0000] {dag.py:3954} INFO - Setting next_dagrun for example_params_ui_tutorial to None, run_after=None
[2024-10-07T14:20:53.280+0000] {processor.py:183} INFO - Processing /home/airflow/.local/lib/python3.12/site-packages/airflow/example_dags/example_params_ui_tutorial.py took 0.085 seconds
[2024-10-07T14:21:24.056+0000] {processor.py:161} INFO - Started process (PID=2868) to work on /home/airflow/.local/lib/python3.12/site-packages/airflow/example_dags/example_params_ui_tutorial.py
[2024-10-07T14:21:24.056+0000] {processor.py:830} INFO - Processing file /home/airflow/.local/lib/python3.12/site-packages/airflow/example_dags/example_params_ui_tutorial.py for tasks to queue
[2024-10-07T14:21:24.057+0000] {logging_mixin.py:188} INFO - [2024-10-07T14:21:24.057+0000] {dagbag.py:540} INFO - Filling up the DagBag from /home/airflow/.local/lib/python3.12/site-packages/airflow/example_dags/example_params_ui_tutorial.py
[2024-10-07T14:21:24.067+0000] {processor.py:840} INFO - DAG(s) 'example_params_ui_tutorial' retrieved from /home/airflow/.local/lib/python3.12/site-packages/airflow/example_dags/example_params_ui_tutorial.py
[2024-10-07T14:21:24.104+0000] {logging_mixin.py:188} INFO - [2024-10-07T14:21:24.103+0000] {dag.py:3096} INFO - Sync 1 DAGs
[2024-10-07T14:21:24.114+0000] {logging_mixin.py:188} INFO - [2024-10-07T14:21:24.114+0000] {dag.py:3954} INFO - Setting next_dagrun for example_params_ui_tutorial to None, run_after=None
[2024-10-07T14:21:24.133+0000] {processor.py:183} INFO - Processing /home/airflow/.local/lib/python3.12/site-packages/airflow/example_dags/example_params_ui_tutorial.py took 0.081 seconds
[2024-10-07T14:21:54.988+0000] {processor.py:161} INFO - Started process (PID=3134) to work on /home/airflow/.local/lib/python3.12/site-packages/airflow/example_dags/example_params_ui_tutorial.py
[2024-10-07T14:21:54.989+0000] {processor.py:830} INFO - Processing file /home/airflow/.local/lib/python3.12/site-packages/airflow/example_dags/example_params_ui_tutorial.py for tasks to queue
[2024-10-07T14:21:54.990+0000] {logging_mixin.py:188} INFO - [2024-10-07T14:21:54.990+0000] {dagbag.py:540} INFO - Filling up the DagBag from /home/airflow/.local/lib/python3.12/site-packages/airflow/example_dags/example_params_ui_tutorial.py
[2024-10-07T14:21:54.999+0000] {processor.py:840} INFO - DAG(s) 'example_params_ui_tutorial' retrieved from /home/airflow/.local/lib/python3.12/site-packages/airflow/example_dags/example_params_ui_tutorial.py
[2024-10-07T14:21:55.036+0000] {logging_mixin.py:188} INFO - [2024-10-07T14:21:55.036+0000] {dag.py:3096} INFO - Sync 1 DAGs
[2024-10-07T14:21:55.045+0000] {logging_mixin.py:188} INFO - [2024-10-07T14:21:55.045+0000] {dag.py:3954} INFO - Setting next_dagrun for example_params_ui_tutorial to None, run_after=None
[2024-10-07T14:21:55.468+0000] {processor.py:183} INFO - Processing /home/airflow/.local/lib/python3.12/site-packages/airflow/example_dags/example_params_ui_tutorial.py took 0.484 seconds
[2024-10-07T14:22:26.295+0000] {processor.py:161} INFO - Started process (PID=3439) to work on /home/airflow/.local/lib/python3.12/site-packages/airflow/example_dags/example_params_ui_tutorial.py
[2024-10-07T14:22:26.296+0000] {processor.py:830} INFO - Processing file /home/airflow/.local/lib/python3.12/site-packages/airflow/example_dags/example_params_ui_tutorial.py for tasks to queue
[2024-10-07T14:22:26.298+0000] {logging_mixin.py:188} INFO - [2024-10-07T14:22:26.297+0000] {dagbag.py:540} INFO - Filling up the DagBag from /home/airflow/.local/lib/python3.12/site-packages/airflow/example_dags/example_params_ui_tutorial.py
[2024-10-07T14:22:26.309+0000] {processor.py:840} INFO - DAG(s) 'example_params_ui_tutorial' retrieved from /home/airflow/.local/lib/python3.12/site-packages/airflow/example_dags/example_params_ui_tutorial.py
[2024-10-07T14:22:26.358+0000] {logging_mixin.py:188} INFO - [2024-10-07T14:22:26.358+0000] {dag.py:3096} INFO - Sync 1 DAGs
[2024-10-07T14:22:26.371+0000] {logging_mixin.py:188} INFO - [2024-10-07T14:22:26.371+0000] {dag.py:3954} INFO - Setting next_dagrun for example_params_ui_tutorial to None, run_after=None
[2024-10-07T14:22:26.390+0000] {processor.py:183} INFO - Processing /home/airflow/.local/lib/python3.12/site-packages/airflow/example_dags/example_params_ui_tutorial.py took 0.101 seconds
[2024-10-07T14:22:57.176+0000] {processor.py:161} INFO - Started process (PID=3728) to work on /home/airflow/.local/lib/python3.12/site-packages/airflow/example_dags/example_params_ui_tutorial.py
[2024-10-07T14:22:57.177+0000] {processor.py:830} INFO - Processing file /home/airflow/.local/lib/python3.12/site-packages/airflow/example_dags/example_params_ui_tutorial.py for tasks to queue
[2024-10-07T14:22:57.179+0000] {logging_mixin.py:188} INFO - [2024-10-07T14:22:57.179+0000] {dagbag.py:540} INFO - Filling up the DagBag from /home/airflow/.local/lib/python3.12/site-packages/airflow/example_dags/example_params_ui_tutorial.py
[2024-10-07T14:22:57.190+0000] {processor.py:840} INFO - DAG(s) 'example_params_ui_tutorial' retrieved from /home/airflow/.local/lib/python3.12/site-packages/airflow/example_dags/example_params_ui_tutorial.py
[2024-10-07T14:22:57.229+0000] {logging_mixin.py:188} INFO - [2024-10-07T14:22:57.229+0000] {dag.py:3096} INFO - Sync 1 DAGs
[2024-10-07T14:22:57.240+0000] {logging_mixin.py:188} INFO - [2024-10-07T14:22:57.240+0000] {dag.py:3954} INFO - Setting next_dagrun for example_params_ui_tutorial to None, run_after=None
[2024-10-07T14:22:57.263+0000] {processor.py:183} INFO - Processing /home/airflow/.local/lib/python3.12/site-packages/airflow/example_dags/example_params_ui_tutorial.py took 0.092 seconds
[2024-10-07T14:23:27.967+0000] {processor.py:161} INFO - Started process (PID=3994) to work on /home/airflow/.local/lib/python3.12/site-packages/airflow/example_dags/example_params_ui_tutorial.py
[2024-10-07T14:23:27.968+0000] {processor.py:830} INFO - Processing file /home/airflow/.local/lib/python3.12/site-packages/airflow/example_dags/example_params_ui_tutorial.py for tasks to queue
[2024-10-07T14:23:27.969+0000] {logging_mixin.py:188} INFO - [2024-10-07T14:23:27.969+0000] {dagbag.py:540} INFO - Filling up the DagBag from /home/airflow/.local/lib/python3.12/site-packages/airflow/example_dags/example_params_ui_tutorial.py
[2024-10-07T14:23:27.979+0000] {processor.py:840} INFO - DAG(s) 'example_params_ui_tutorial' retrieved from /home/airflow/.local/lib/python3.12/site-packages/airflow/example_dags/example_params_ui_tutorial.py
[2024-10-07T14:23:28.030+0000] {logging_mixin.py:188} INFO - [2024-10-07T14:23:28.030+0000] {dag.py:3096} INFO - Sync 1 DAGs
[2024-10-07T14:23:28.042+0000] {logging_mixin.py:188} INFO - [2024-10-07T14:23:28.042+0000] {dag.py:3954} INFO - Setting next_dagrun for example_params_ui_tutorial to None, run_after=None
[2024-10-07T14:23:28.065+0000] {processor.py:183} INFO - Processing /home/airflow/.local/lib/python3.12/site-packages/airflow/example_dags/example_params_ui_tutorial.py took 0.103 seconds
[2024-10-07T14:23:58.558+0000] {processor.py:161} INFO - Started process (PID=4260) to work on /home/airflow/.local/lib/python3.12/site-packages/airflow/example_dags/example_params_ui_tutorial.py
[2024-10-07T14:23:58.558+0000] {processor.py:830} INFO - Processing file /home/airflow/.local/lib/python3.12/site-packages/airflow/example_dags/example_params_ui_tutorial.py for tasks to queue
[2024-10-07T14:23:58.560+0000] {logging_mixin.py:188} INFO - [2024-10-07T14:23:58.560+0000] {dagbag.py:540} INFO - Filling up the DagBag from /home/airflow/.local/lib/python3.12/site-packages/airflow/example_dags/example_params_ui_tutorial.py
[2024-10-07T14:23:58.570+0000] {processor.py:840} INFO - DAG(s) 'example_params_ui_tutorial' retrieved from /home/airflow/.local/lib/python3.12/site-packages/airflow/example_dags/example_params_ui_tutorial.py
[2024-10-07T14:23:58.619+0000] {logging_mixin.py:188} INFO - [2024-10-07T14:23:58.619+0000] {dag.py:3096} INFO - Sync 1 DAGs
[2024-10-07T14:23:58.630+0000] {logging_mixin.py:188} INFO - [2024-10-07T14:23:58.630+0000] {dag.py:3954} INFO - Setting next_dagrun for example_params_ui_tutorial to None, run_after=None
[2024-10-07T14:23:58.665+0000] {processor.py:183} INFO - Processing /home/airflow/.local/lib/python3.12/site-packages/airflow/example_dags/example_params_ui_tutorial.py took 0.114 seconds
[2024-10-07T14:24:29.241+0000] {processor.py:161} INFO - Started process (PID=4526) to work on /home/airflow/.local/lib/python3.12/site-packages/airflow/example_dags/example_params_ui_tutorial.py
[2024-10-07T14:24:29.242+0000] {processor.py:830} INFO - Processing file /home/airflow/.local/lib/python3.12/site-packages/airflow/example_dags/example_params_ui_tutorial.py for tasks to queue
[2024-10-07T14:24:29.244+0000] {logging_mixin.py:188} INFO - [2024-10-07T14:24:29.244+0000] {dagbag.py:540} INFO - Filling up the DagBag from /home/airflow/.local/lib/python3.12/site-packages/airflow/example_dags/example_params_ui_tutorial.py
[2024-10-07T14:24:29.257+0000] {processor.py:840} INFO - DAG(s) 'example_params_ui_tutorial' retrieved from /home/airflow/.local/lib/python3.12/site-packages/airflow/example_dags/example_params_ui_tutorial.py
[2024-10-07T14:24:29.306+0000] {logging_mixin.py:188} INFO - [2024-10-07T14:24:29.306+0000] {dag.py:3096} INFO - Sync 1 DAGs
[2024-10-07T14:24:29.317+0000] {logging_mixin.py:188} INFO - [2024-10-07T14:24:29.317+0000] {dag.py:3954} INFO - Setting next_dagrun for example_params_ui_tutorial to None, run_after=None
[2024-10-07T14:24:29.336+0000] {processor.py:183} INFO - Processing /home/airflow/.local/lib/python3.12/site-packages/airflow/example_dags/example_params_ui_tutorial.py took 0.100 seconds
[2024-10-07T14:24:59.802+0000] {processor.py:161} INFO - Started process (PID=4792) to work on /home/airflow/.local/lib/python3.12/site-packages/airflow/example_dags/example_params_ui_tutorial.py
[2024-10-07T14:24:59.802+0000] {processor.py:830} INFO - Processing file /home/airflow/.local/lib/python3.12/site-packages/airflow/example_dags/example_params_ui_tutorial.py for tasks to queue
[2024-10-07T14:24:59.804+0000] {logging_mixin.py:188} INFO - [2024-10-07T14:24:59.804+0000] {dagbag.py:540} INFO - Filling up the DagBag from /home/airflow/.local/lib/python3.12/site-packages/airflow/example_dags/example_params_ui_tutorial.py
[2024-10-07T14:24:59.814+0000] {processor.py:840} INFO - DAG(s) 'example_params_ui_tutorial' retrieved from /home/airflow/.local/lib/python3.12/site-packages/airflow/example_dags/example_params_ui_tutorial.py
[2024-10-07T14:25:00.001+0000] {logging_mixin.py:188} INFO - [2024-10-07T14:25:00.001+0000] {dag.py:3096} INFO - Sync 1 DAGs
[2024-10-07T14:25:00.010+0000] {logging_mixin.py:188} INFO - [2024-10-07T14:25:00.010+0000] {dag.py:3954} INFO - Setting next_dagrun for example_params_ui_tutorial to None, run_after=None
[2024-10-07T14:25:00.043+0000] {processor.py:183} INFO - Processing /home/airflow/.local/lib/python3.12/site-packages/airflow/example_dags/example_params_ui_tutorial.py took 0.247 seconds
[2024-10-07T14:25:30.360+0000] {processor.py:161} INFO - Started process (PID=5058) to work on /home/airflow/.local/lib/python3.12/site-packages/airflow/example_dags/example_params_ui_tutorial.py
[2024-10-07T14:25:30.360+0000] {processor.py:830} INFO - Processing file /home/airflow/.local/lib/python3.12/site-packages/airflow/example_dags/example_params_ui_tutorial.py for tasks to queue
[2024-10-07T14:25:30.361+0000] {logging_mixin.py:188} INFO - [2024-10-07T14:25:30.361+0000] {dagbag.py:540} INFO - Filling up the DagBag from /home/airflow/.local/lib/python3.12/site-packages/airflow/example_dags/example_params_ui_tutorial.py
[2024-10-07T14:25:30.370+0000] {processor.py:840} INFO - DAG(s) 'example_params_ui_tutorial' retrieved from /home/airflow/.local/lib/python3.12/site-packages/airflow/example_dags/example_params_ui_tutorial.py
[2024-10-07T14:25:30.419+0000] {logging_mixin.py:188} INFO - [2024-10-07T14:25:30.419+0000] {dag.py:3096} INFO - Sync 1 DAGs
[2024-10-07T14:25:30.432+0000] {logging_mixin.py:188} INFO - [2024-10-07T14:25:30.432+0000] {dag.py:3954} INFO - Setting next_dagrun for example_params_ui_tutorial to None, run_after=None
[2024-10-07T14:25:30.450+0000] {processor.py:183} INFO - Processing /home/airflow/.local/lib/python3.12/site-packages/airflow/example_dags/example_params_ui_tutorial.py took 0.094 seconds
[2024-10-07T14:26:01.090+0000] {processor.py:161} INFO - Started process (PID=5324) to work on /home/airflow/.local/lib/python3.12/site-packages/airflow/example_dags/example_params_ui_tutorial.py
[2024-10-07T14:26:01.091+0000] {processor.py:830} INFO - Processing file /home/airflow/.local/lib/python3.12/site-packages/airflow/example_dags/example_params_ui_tutorial.py for tasks to queue
[2024-10-07T14:26:01.092+0000] {logging_mixin.py:188} INFO - [2024-10-07T14:26:01.092+0000] {dagbag.py:540} INFO - Filling up the DagBag from /home/airflow/.local/lib/python3.12/site-packages/airflow/example_dags/example_params_ui_tutorial.py
[2024-10-07T14:26:01.101+0000] {processor.py:840} INFO - DAG(s) 'example_params_ui_tutorial' retrieved from /home/airflow/.local/lib/python3.12/site-packages/airflow/example_dags/example_params_ui_tutorial.py
[2024-10-07T14:26:01.151+0000] {logging_mixin.py:188} INFO - [2024-10-07T14:26:01.150+0000] {dag.py:3096} INFO - Sync 1 DAGs
[2024-10-07T14:26:01.162+0000] {logging_mixin.py:188} INFO - [2024-10-07T14:26:01.162+0000] {dag.py:3954} INFO - Setting next_dagrun for example_params_ui_tutorial to None, run_after=None
[2024-10-07T14:26:01.182+0000] {processor.py:183} INFO - Processing /home/airflow/.local/lib/python3.12/site-packages/airflow/example_dags/example_params_ui_tutorial.py took 0.096 seconds
[2024-10-07T14:26:31.786+0000] {processor.py:161} INFO - Started process (PID=5590) to work on /home/airflow/.local/lib/python3.12/site-packages/airflow/example_dags/example_params_ui_tutorial.py
[2024-10-07T14:26:31.787+0000] {processor.py:830} INFO - Processing file /home/airflow/.local/lib/python3.12/site-packages/airflow/example_dags/example_params_ui_tutorial.py for tasks to queue
[2024-10-07T14:26:31.788+0000] {logging_mixin.py:188} INFO - [2024-10-07T14:26:31.788+0000] {dagbag.py:540} INFO - Filling up the DagBag from /home/airflow/.local/lib/python3.12/site-packages/airflow/example_dags/example_params_ui_tutorial.py
[2024-10-07T14:26:31.797+0000] {processor.py:840} INFO - DAG(s) 'example_params_ui_tutorial' retrieved from /home/airflow/.local/lib/python3.12/site-packages/airflow/example_dags/example_params_ui_tutorial.py
[2024-10-07T14:26:31.833+0000] {logging_mixin.py:188} INFO - [2024-10-07T14:26:31.833+0000] {dag.py:3096} INFO - Sync 1 DAGs
[2024-10-07T14:26:31.844+0000] {logging_mixin.py:188} INFO - [2024-10-07T14:26:31.844+0000] {dag.py:3954} INFO - Setting next_dagrun for example_params_ui_tutorial to None, run_after=None
[2024-10-07T14:26:31.863+0000] {processor.py:183} INFO - Processing /home/airflow/.local/lib/python3.12/site-packages/airflow/example_dags/example_params_ui_tutorial.py took 0.082 seconds
[2024-10-07T14:27:02.722+0000] {processor.py:161} INFO - Started process (PID=5856) to work on /home/airflow/.local/lib/python3.12/site-packages/airflow/example_dags/example_params_ui_tutorial.py
[2024-10-07T14:27:02.723+0000] {processor.py:830} INFO - Processing file /home/airflow/.local/lib/python3.12/site-packages/airflow/example_dags/example_params_ui_tutorial.py for tasks to queue
[2024-10-07T14:27:02.725+0000] {logging_mixin.py:188} INFO - [2024-10-07T14:27:02.724+0000] {dagbag.py:540} INFO - Filling up the DagBag from /home/airflow/.local/lib/python3.12/site-packages/airflow/example_dags/example_params_ui_tutorial.py
[2024-10-07T14:27:02.735+0000] {processor.py:840} INFO - DAG(s) 'example_params_ui_tutorial' retrieved from /home/airflow/.local/lib/python3.12/site-packages/airflow/example_dags/example_params_ui_tutorial.py
[2024-10-07T14:27:02.785+0000] {logging_mixin.py:188} INFO - [2024-10-07T14:27:02.785+0000] {dag.py:3096} INFO - Sync 1 DAGs
[2024-10-07T14:27:02.797+0000] {logging_mixin.py:188} INFO - [2024-10-07T14:27:02.796+0000] {dag.py:3954} INFO - Setting next_dagrun for example_params_ui_tutorial to None, run_after=None
[2024-10-07T14:27:02.816+0000] {processor.py:183} INFO - Processing /home/airflow/.local/lib/python3.12/site-packages/airflow/example_dags/example_params_ui_tutorial.py took 0.100 seconds
[2024-10-07T14:27:33.727+0000] {processor.py:161} INFO - Started process (PID=6141) to work on /home/airflow/.local/lib/python3.12/site-packages/airflow/example_dags/example_params_ui_tutorial.py
[2024-10-07T14:27:33.728+0000] {processor.py:830} INFO - Processing file /home/airflow/.local/lib/python3.12/site-packages/airflow/example_dags/example_params_ui_tutorial.py for tasks to queue
[2024-10-07T14:27:33.729+0000] {logging_mixin.py:188} INFO - [2024-10-07T14:27:33.729+0000] {dagbag.py:540} INFO - Filling up the DagBag from /home/airflow/.local/lib/python3.12/site-packages/airflow/example_dags/example_params_ui_tutorial.py
[2024-10-07T14:27:33.754+0000] {processor.py:840} INFO - DAG(s) 'example_params_ui_tutorial' retrieved from /home/airflow/.local/lib/python3.12/site-packages/airflow/example_dags/example_params_ui_tutorial.py
[2024-10-07T14:27:33.876+0000] {logging_mixin.py:188} INFO - [2024-10-07T14:27:33.876+0000] {dag.py:3096} INFO - Sync 1 DAGs
[2024-10-07T14:27:33.910+0000] {logging_mixin.py:188} INFO - [2024-10-07T14:27:33.910+0000] {dag.py:3954} INFO - Setting next_dagrun for example_params_ui_tutorial to None, run_after=None
[2024-10-07T14:27:33.987+0000] {processor.py:183} INFO - Processing /home/airflow/.local/lib/python3.12/site-packages/airflow/example_dags/example_params_ui_tutorial.py took 0.265 seconds
[2024-10-07T14:28:04.285+0000] {processor.py:161} INFO - Started process (PID=6446) to work on /home/airflow/.local/lib/python3.12/site-packages/airflow/example_dags/example_params_ui_tutorial.py
[2024-10-07T14:28:04.285+0000] {processor.py:830} INFO - Processing file /home/airflow/.local/lib/python3.12/site-packages/airflow/example_dags/example_params_ui_tutorial.py for tasks to queue
[2024-10-07T14:28:04.287+0000] {logging_mixin.py:188} INFO - [2024-10-07T14:28:04.287+0000] {dagbag.py:540} INFO - Filling up the DagBag from /home/airflow/.local/lib/python3.12/site-packages/airflow/example_dags/example_params_ui_tutorial.py
[2024-10-07T14:28:04.297+0000] {processor.py:840} INFO - DAG(s) 'example_params_ui_tutorial' retrieved from /home/airflow/.local/lib/python3.12/site-packages/airflow/example_dags/example_params_ui_tutorial.py
[2024-10-07T14:28:04.341+0000] {logging_mixin.py:188} INFO - [2024-10-07T14:28:04.341+0000] {dag.py:3096} INFO - Sync 1 DAGs
[2024-10-07T14:28:04.354+0000] {logging_mixin.py:188} INFO - [2024-10-07T14:28:04.354+0000] {dag.py:3954} INFO - Setting next_dagrun for example_params_ui_tutorial to None, run_after=None
[2024-10-07T14:28:04.375+0000] {processor.py:183} INFO - Processing /home/airflow/.local/lib/python3.12/site-packages/airflow/example_dags/example_params_ui_tutorial.py took 0.096 seconds
[2024-10-07T14:28:35.080+0000] {processor.py:161} INFO - Started process (PID=6712) to work on /home/airflow/.local/lib/python3.12/site-packages/airflow/example_dags/example_params_ui_tutorial.py
[2024-10-07T14:28:35.080+0000] {processor.py:830} INFO - Processing file /home/airflow/.local/lib/python3.12/site-packages/airflow/example_dags/example_params_ui_tutorial.py for tasks to queue
[2024-10-07T14:28:35.082+0000] {logging_mixin.py:188} INFO - [2024-10-07T14:28:35.081+0000] {dagbag.py:540} INFO - Filling up the DagBag from /home/airflow/.local/lib/python3.12/site-packages/airflow/example_dags/example_params_ui_tutorial.py
[2024-10-07T14:28:35.091+0000] {processor.py:840} INFO - DAG(s) 'example_params_ui_tutorial' retrieved from /home/airflow/.local/lib/python3.12/site-packages/airflow/example_dags/example_params_ui_tutorial.py
[2024-10-07T14:28:35.141+0000] {logging_mixin.py:188} INFO - [2024-10-07T14:28:35.141+0000] {dag.py:3096} INFO - Sync 1 DAGs
[2024-10-07T14:28:35.154+0000] {logging_mixin.py:188} INFO - [2024-10-07T14:28:35.154+0000] {dag.py:3954} INFO - Setting next_dagrun for example_params_ui_tutorial to None, run_after=None
[2024-10-07T14:28:35.174+0000] {processor.py:183} INFO - Processing /home/airflow/.local/lib/python3.12/site-packages/airflow/example_dags/example_params_ui_tutorial.py took 0.099 seconds
[2024-10-07T14:29:05.701+0000] {processor.py:161} INFO - Started process (PID=6978) to work on /home/airflow/.local/lib/python3.12/site-packages/airflow/example_dags/example_params_ui_tutorial.py
[2024-10-07T14:29:05.702+0000] {processor.py:830} INFO - Processing file /home/airflow/.local/lib/python3.12/site-packages/airflow/example_dags/example_params_ui_tutorial.py for tasks to queue
[2024-10-07T14:29:05.703+0000] {logging_mixin.py:188} INFO - [2024-10-07T14:29:05.703+0000] {dagbag.py:540} INFO - Filling up the DagBag from /home/airflow/.local/lib/python3.12/site-packages/airflow/example_dags/example_params_ui_tutorial.py
[2024-10-07T14:29:05.712+0000] {processor.py:840} INFO - DAG(s) 'example_params_ui_tutorial' retrieved from /home/airflow/.local/lib/python3.12/site-packages/airflow/example_dags/example_params_ui_tutorial.py
[2024-10-07T14:29:05.747+0000] {logging_mixin.py:188} INFO - [2024-10-07T14:29:05.747+0000] {dag.py:3096} INFO - Sync 1 DAGs
[2024-10-07T14:29:05.757+0000] {logging_mixin.py:188} INFO - [2024-10-07T14:29:05.757+0000] {dag.py:3954} INFO - Setting next_dagrun for example_params_ui_tutorial to None, run_after=None
[2024-10-07T14:29:05.777+0000] {processor.py:183} INFO - Processing /home/airflow/.local/lib/python3.12/site-packages/airflow/example_dags/example_params_ui_tutorial.py took 0.080 seconds
[2024-10-07T14:29:36.447+0000] {processor.py:161} INFO - Started process (PID=7244) to work on /home/airflow/.local/lib/python3.12/site-packages/airflow/example_dags/example_params_ui_tutorial.py
[2024-10-07T14:29:36.448+0000] {processor.py:830} INFO - Processing file /home/airflow/.local/lib/python3.12/site-packages/airflow/example_dags/example_params_ui_tutorial.py for tasks to queue
[2024-10-07T14:29:36.449+0000] {logging_mixin.py:188} INFO - [2024-10-07T14:29:36.449+0000] {dagbag.py:540} INFO - Filling up the DagBag from /home/airflow/.local/lib/python3.12/site-packages/airflow/example_dags/example_params_ui_tutorial.py
[2024-10-07T14:29:36.459+0000] {processor.py:840} INFO - DAG(s) 'example_params_ui_tutorial' retrieved from /home/airflow/.local/lib/python3.12/site-packages/airflow/example_dags/example_params_ui_tutorial.py
[2024-10-07T14:29:36.509+0000] {logging_mixin.py:188} INFO - [2024-10-07T14:29:36.509+0000] {dag.py:3096} INFO - Sync 1 DAGs
[2024-10-07T14:29:36.519+0000] {logging_mixin.py:188} INFO - [2024-10-07T14:29:36.519+0000] {dag.py:3954} INFO - Setting next_dagrun for example_params_ui_tutorial to None, run_after=None
[2024-10-07T14:29:36.551+0000] {processor.py:183} INFO - Processing /home/airflow/.local/lib/python3.12/site-packages/airflow/example_dags/example_params_ui_tutorial.py took 0.109 seconds
[2024-10-07T14:30:07.211+0000] {processor.py:161} INFO - Started process (PID=7510) to work on /home/airflow/.local/lib/python3.12/site-packages/airflow/example_dags/example_params_ui_tutorial.py
[2024-10-07T14:30:07.212+0000] {processor.py:830} INFO - Processing file /home/airflow/.local/lib/python3.12/site-packages/airflow/example_dags/example_params_ui_tutorial.py for tasks to queue
[2024-10-07T14:30:07.214+0000] {logging_mixin.py:188} INFO - [2024-10-07T14:30:07.213+0000] {dagbag.py:540} INFO - Filling up the DagBag from /home/airflow/.local/lib/python3.12/site-packages/airflow/example_dags/example_params_ui_tutorial.py
[2024-10-07T14:30:07.224+0000] {processor.py:840} INFO - DAG(s) 'example_params_ui_tutorial' retrieved from /home/airflow/.local/lib/python3.12/site-packages/airflow/example_dags/example_params_ui_tutorial.py
[2024-10-07T14:30:07.263+0000] {logging_mixin.py:188} INFO - [2024-10-07T14:30:07.263+0000] {dag.py:3096} INFO - Sync 1 DAGs
[2024-10-07T14:30:07.277+0000] {logging_mixin.py:188} INFO - [2024-10-07T14:30:07.276+0000] {dag.py:3954} INFO - Setting next_dagrun for example_params_ui_tutorial to None, run_after=None
[2024-10-07T14:30:07.295+0000] {processor.py:183} INFO - Processing /home/airflow/.local/lib/python3.12/site-packages/airflow/example_dags/example_params_ui_tutorial.py took 0.090 seconds
[2024-10-07T14:30:37.936+0000] {processor.py:161} INFO - Started process (PID=7776) to work on /home/airflow/.local/lib/python3.12/site-packages/airflow/example_dags/example_params_ui_tutorial.py
[2024-10-07T14:30:37.937+0000] {processor.py:830} INFO - Processing file /home/airflow/.local/lib/python3.12/site-packages/airflow/example_dags/example_params_ui_tutorial.py for tasks to queue
[2024-10-07T14:30:37.939+0000] {logging_mixin.py:188} INFO - [2024-10-07T14:30:37.938+0000] {dagbag.py:540} INFO - Filling up the DagBag from /home/airflow/.local/lib/python3.12/site-packages/airflow/example_dags/example_params_ui_tutorial.py
[2024-10-07T14:30:37.948+0000] {processor.py:840} INFO - DAG(s) 'example_params_ui_tutorial' retrieved from /home/airflow/.local/lib/python3.12/site-packages/airflow/example_dags/example_params_ui_tutorial.py
[2024-10-07T14:30:37.987+0000] {logging_mixin.py:188} INFO - [2024-10-07T14:30:37.987+0000] {dag.py:3096} INFO - Sync 1 DAGs
[2024-10-07T14:30:37.998+0000] {logging_mixin.py:188} INFO - [2024-10-07T14:30:37.998+0000] {dag.py:3954} INFO - Setting next_dagrun for example_params_ui_tutorial to None, run_after=None
[2024-10-07T14:30:38.016+0000] {processor.py:183} INFO - Processing /home/airflow/.local/lib/python3.12/site-packages/airflow/example_dags/example_params_ui_tutorial.py took 0.086 seconds
[2024-10-07T14:31:08.674+0000] {processor.py:161} INFO - Started process (PID=8043) to work on /home/airflow/.local/lib/python3.12/site-packages/airflow/example_dags/example_params_ui_tutorial.py
[2024-10-07T14:31:08.675+0000] {processor.py:830} INFO - Processing file /home/airflow/.local/lib/python3.12/site-packages/airflow/example_dags/example_params_ui_tutorial.py for tasks to queue
[2024-10-07T14:31:08.676+0000] {logging_mixin.py:188} INFO - [2024-10-07T14:31:08.676+0000] {dagbag.py:540} INFO - Filling up the DagBag from /home/airflow/.local/lib/python3.12/site-packages/airflow/example_dags/example_params_ui_tutorial.py
[2024-10-07T14:31:08.685+0000] {processor.py:840} INFO - DAG(s) 'example_params_ui_tutorial' retrieved from /home/airflow/.local/lib/python3.12/site-packages/airflow/example_dags/example_params_ui_tutorial.py
[2024-10-07T14:31:08.734+0000] {logging_mixin.py:188} INFO - [2024-10-07T14:31:08.733+0000] {dag.py:3096} INFO - Sync 1 DAGs
[2024-10-07T14:31:08.747+0000] {logging_mixin.py:188} INFO - [2024-10-07T14:31:08.747+0000] {dag.py:3954} INFO - Setting next_dagrun for example_params_ui_tutorial to None, run_after=None
[2024-10-07T14:31:09.037+0000] {processor.py:183} INFO - Processing /home/airflow/.local/lib/python3.12/site-packages/airflow/example_dags/example_params_ui_tutorial.py took 0.367 seconds
[2024-10-07T14:31:39.943+0000] {processor.py:161} INFO - Started process (PID=8309) to work on /home/airflow/.local/lib/python3.12/site-packages/airflow/example_dags/example_params_ui_tutorial.py
[2024-10-07T14:31:39.944+0000] {processor.py:830} INFO - Processing file /home/airflow/.local/lib/python3.12/site-packages/airflow/example_dags/example_params_ui_tutorial.py for tasks to queue
[2024-10-07T14:31:39.946+0000] {logging_mixin.py:188} INFO - [2024-10-07T14:31:39.945+0000] {dagbag.py:540} INFO - Filling up the DagBag from /home/airflow/.local/lib/python3.12/site-packages/airflow/example_dags/example_params_ui_tutorial.py
[2024-10-07T14:31:39.955+0000] {processor.py:840} INFO - DAG(s) 'example_params_ui_tutorial' retrieved from /home/airflow/.local/lib/python3.12/site-packages/airflow/example_dags/example_params_ui_tutorial.py
[2024-10-07T14:31:39.991+0000] {logging_mixin.py:188} INFO - [2024-10-07T14:31:39.991+0000] {dag.py:3096} INFO - Sync 1 DAGs
[2024-10-07T14:31:40.001+0000] {logging_mixin.py:188} INFO - [2024-10-07T14:31:40.001+0000] {dag.py:3954} INFO - Setting next_dagrun for example_params_ui_tutorial to None, run_after=None
[2024-10-07T14:31:40.018+0000] {processor.py:183} INFO - Processing /home/airflow/.local/lib/python3.12/site-packages/airflow/example_dags/example_params_ui_tutorial.py took 0.081 seconds
[2024-10-07T14:32:10.747+0000] {processor.py:161} INFO - Started process (PID=8575) to work on /home/airflow/.local/lib/python3.12/site-packages/airflow/example_dags/example_params_ui_tutorial.py
[2024-10-07T14:32:10.748+0000] {processor.py:830} INFO - Processing file /home/airflow/.local/lib/python3.12/site-packages/airflow/example_dags/example_params_ui_tutorial.py for tasks to queue
[2024-10-07T14:32:10.749+0000] {logging_mixin.py:188} INFO - [2024-10-07T14:32:10.749+0000] {dagbag.py:540} INFO - Filling up the DagBag from /home/airflow/.local/lib/python3.12/site-packages/airflow/example_dags/example_params_ui_tutorial.py
[2024-10-07T14:32:10.758+0000] {processor.py:840} INFO - DAG(s) 'example_params_ui_tutorial' retrieved from /home/airflow/.local/lib/python3.12/site-packages/airflow/example_dags/example_params_ui_tutorial.py
[2024-10-07T14:32:10.796+0000] {logging_mixin.py:188} INFO - [2024-10-07T14:32:10.796+0000] {dag.py:3096} INFO - Sync 1 DAGs
[2024-10-07T14:32:10.806+0000] {logging_mixin.py:188} INFO - [2024-10-07T14:32:10.806+0000] {dag.py:3954} INFO - Setting next_dagrun for example_params_ui_tutorial to None, run_after=None
[2024-10-07T14:32:10.828+0000] {processor.py:183} INFO - Processing /home/airflow/.local/lib/python3.12/site-packages/airflow/example_dags/example_params_ui_tutorial.py took 0.085 seconds
[2024-10-07T14:32:41.515+0000] {processor.py:161} INFO - Started process (PID=8843) to work on /home/airflow/.local/lib/python3.12/site-packages/airflow/example_dags/example_params_ui_tutorial.py
[2024-10-07T14:32:41.515+0000] {processor.py:830} INFO - Processing file /home/airflow/.local/lib/python3.12/site-packages/airflow/example_dags/example_params_ui_tutorial.py for tasks to queue
[2024-10-07T14:32:41.517+0000] {logging_mixin.py:188} INFO - [2024-10-07T14:32:41.517+0000] {dagbag.py:540} INFO - Filling up the DagBag from /home/airflow/.local/lib/python3.12/site-packages/airflow/example_dags/example_params_ui_tutorial.py
[2024-10-07T14:32:41.527+0000] {processor.py:840} INFO - DAG(s) 'example_params_ui_tutorial' retrieved from /home/airflow/.local/lib/python3.12/site-packages/airflow/example_dags/example_params_ui_tutorial.py
[2024-10-07T14:32:41.564+0000] {logging_mixin.py:188} INFO - [2024-10-07T14:32:41.563+0000] {dag.py:3096} INFO - Sync 1 DAGs
[2024-10-07T14:32:41.575+0000] {logging_mixin.py:188} INFO - [2024-10-07T14:32:41.574+0000] {dag.py:3954} INFO - Setting next_dagrun for example_params_ui_tutorial to None, run_after=None
[2024-10-07T14:32:41.593+0000] {processor.py:183} INFO - Processing /home/airflow/.local/lib/python3.12/site-packages/airflow/example_dags/example_params_ui_tutorial.py took 0.084 seconds
[2024-10-07T14:33:12.201+0000] {processor.py:161} INFO - Started process (PID=9110) to work on /home/airflow/.local/lib/python3.12/site-packages/airflow/example_dags/example_params_ui_tutorial.py
[2024-10-07T14:33:12.202+0000] {processor.py:830} INFO - Processing file /home/airflow/.local/lib/python3.12/site-packages/airflow/example_dags/example_params_ui_tutorial.py for tasks to queue
[2024-10-07T14:33:12.203+0000] {logging_mixin.py:188} INFO - [2024-10-07T14:33:12.203+0000] {dagbag.py:540} INFO - Filling up the DagBag from /home/airflow/.local/lib/python3.12/site-packages/airflow/example_dags/example_params_ui_tutorial.py
[2024-10-07T14:33:12.212+0000] {processor.py:840} INFO - DAG(s) 'example_params_ui_tutorial' retrieved from /home/airflow/.local/lib/python3.12/site-packages/airflow/example_dags/example_params_ui_tutorial.py
[2024-10-07T14:33:12.246+0000] {logging_mixin.py:188} INFO - [2024-10-07T14:33:12.246+0000] {dag.py:3096} INFO - Sync 1 DAGs
[2024-10-07T14:33:12.256+0000] {logging_mixin.py:188} INFO - [2024-10-07T14:33:12.256+0000] {dag.py:3954} INFO - Setting next_dagrun for example_params_ui_tutorial to None, run_after=None
[2024-10-07T14:33:12.282+0000] {processor.py:183} INFO - Processing /home/airflow/.local/lib/python3.12/site-packages/airflow/example_dags/example_params_ui_tutorial.py took 0.085 seconds
[2024-10-07T14:33:42.803+0000] {processor.py:161} INFO - Started process (PID=9376) to work on /home/airflow/.local/lib/python3.12/site-packages/airflow/example_dags/example_params_ui_tutorial.py
[2024-10-07T14:33:42.804+0000] {processor.py:830} INFO - Processing file /home/airflow/.local/lib/python3.12/site-packages/airflow/example_dags/example_params_ui_tutorial.py for tasks to queue
[2024-10-07T14:33:42.805+0000] {logging_mixin.py:188} INFO - [2024-10-07T14:33:42.805+0000] {dagbag.py:540} INFO - Filling up the DagBag from /home/airflow/.local/lib/python3.12/site-packages/airflow/example_dags/example_params_ui_tutorial.py
[2024-10-07T14:33:42.814+0000] {processor.py:840} INFO - DAG(s) 'example_params_ui_tutorial' retrieved from /home/airflow/.local/lib/python3.12/site-packages/airflow/example_dags/example_params_ui_tutorial.py
[2024-10-07T14:33:42.849+0000] {logging_mixin.py:188} INFO - [2024-10-07T14:33:42.848+0000] {dag.py:3096} INFO - Sync 1 DAGs
[2024-10-07T14:33:42.860+0000] {logging_mixin.py:188} INFO - [2024-10-07T14:33:42.860+0000] {dag.py:3954} INFO - Setting next_dagrun for example_params_ui_tutorial to None, run_after=None
[2024-10-07T14:33:42.891+0000] {processor.py:183} INFO - Processing /home/airflow/.local/lib/python3.12/site-packages/airflow/example_dags/example_params_ui_tutorial.py took 0.093 seconds
[2024-10-07T14:34:13.465+0000] {processor.py:161} INFO - Started process (PID=9642) to work on /home/airflow/.local/lib/python3.12/site-packages/airflow/example_dags/example_params_ui_tutorial.py
[2024-10-07T14:34:13.465+0000] {processor.py:830} INFO - Processing file /home/airflow/.local/lib/python3.12/site-packages/airflow/example_dags/example_params_ui_tutorial.py for tasks to queue
[2024-10-07T14:34:13.466+0000] {logging_mixin.py:188} INFO - [2024-10-07T14:34:13.466+0000] {dagbag.py:540} INFO - Filling up the DagBag from /home/airflow/.local/lib/python3.12/site-packages/airflow/example_dags/example_params_ui_tutorial.py
[2024-10-07T14:34:13.476+0000] {processor.py:840} INFO - DAG(s) 'example_params_ui_tutorial' retrieved from /home/airflow/.local/lib/python3.12/site-packages/airflow/example_dags/example_params_ui_tutorial.py
[2024-10-07T14:34:13.525+0000] {logging_mixin.py:188} INFO - [2024-10-07T14:34:13.525+0000] {dag.py:3096} INFO - Sync 1 DAGs
[2024-10-07T14:34:13.537+0000] {logging_mixin.py:188} INFO - [2024-10-07T14:34:13.537+0000] {dag.py:3954} INFO - Setting next_dagrun for example_params_ui_tutorial to None, run_after=None
[2024-10-07T14:34:13.561+0000] {processor.py:183} INFO - Processing /home/airflow/.local/lib/python3.12/site-packages/airflow/example_dags/example_params_ui_tutorial.py took 0.101 seconds
[2024-10-07T14:34:44.295+0000] {processor.py:161} INFO - Started process (PID=9909) to work on /home/airflow/.local/lib/python3.12/site-packages/airflow/example_dags/example_params_ui_tutorial.py
[2024-10-07T14:34:44.295+0000] {processor.py:830} INFO - Processing file /home/airflow/.local/lib/python3.12/site-packages/airflow/example_dags/example_params_ui_tutorial.py for tasks to queue
[2024-10-07T14:34:44.296+0000] {logging_mixin.py:188} INFO - [2024-10-07T14:34:44.296+0000] {dagbag.py:540} INFO - Filling up the DagBag from /home/airflow/.local/lib/python3.12/site-packages/airflow/example_dags/example_params_ui_tutorial.py
[2024-10-07T14:34:44.305+0000] {processor.py:840} INFO - DAG(s) 'example_params_ui_tutorial' retrieved from /home/airflow/.local/lib/python3.12/site-packages/airflow/example_dags/example_params_ui_tutorial.py
[2024-10-07T14:34:44.339+0000] {logging_mixin.py:188} INFO - [2024-10-07T14:34:44.339+0000] {dag.py:3096} INFO - Sync 1 DAGs
[2024-10-07T14:34:44.350+0000] {logging_mixin.py:188} INFO - [2024-10-07T14:34:44.349+0000] {dag.py:3954} INFO - Setting next_dagrun for example_params_ui_tutorial to None, run_after=None
[2024-10-07T14:34:44.366+0000] {processor.py:183} INFO - Processing /home/airflow/.local/lib/python3.12/site-packages/airflow/example_dags/example_params_ui_tutorial.py took 0.076 seconds
[2024-10-07T14:35:15.093+0000] {processor.py:161} INFO - Started process (PID=10175) to work on /home/airflow/.local/lib/python3.12/site-packages/airflow/example_dags/example_params_ui_tutorial.py
[2024-10-07T14:35:15.093+0000] {processor.py:830} INFO - Processing file /home/airflow/.local/lib/python3.12/site-packages/airflow/example_dags/example_params_ui_tutorial.py for tasks to queue
[2024-10-07T14:35:15.094+0000] {logging_mixin.py:188} INFO - [2024-10-07T14:35:15.094+0000] {dagbag.py:540} INFO - Filling up the DagBag from /home/airflow/.local/lib/python3.12/site-packages/airflow/example_dags/example_params_ui_tutorial.py
[2024-10-07T14:35:15.105+0000] {processor.py:840} INFO - DAG(s) 'example_params_ui_tutorial' retrieved from /home/airflow/.local/lib/python3.12/site-packages/airflow/example_dags/example_params_ui_tutorial.py
[2024-10-07T14:35:15.154+0000] {logging_mixin.py:188} INFO - [2024-10-07T14:35:15.154+0000] {dag.py:3096} INFO - Sync 1 DAGs
[2024-10-07T14:35:15.167+0000] {logging_mixin.py:188} INFO - [2024-10-07T14:35:15.167+0000] {dag.py:3954} INFO - Setting next_dagrun for example_params_ui_tutorial to None, run_after=None
[2024-10-07T14:35:15.199+0000] {processor.py:183} INFO - Processing /home/airflow/.local/lib/python3.12/site-packages/airflow/example_dags/example_params_ui_tutorial.py took 0.111 seconds
[2024-10-07T14:35:45.805+0000] {processor.py:161} INFO - Started process (PID=10441) to work on /home/airflow/.local/lib/python3.12/site-packages/airflow/example_dags/example_params_ui_tutorial.py
[2024-10-07T14:35:45.806+0000] {processor.py:830} INFO - Processing file /home/airflow/.local/lib/python3.12/site-packages/airflow/example_dags/example_params_ui_tutorial.py for tasks to queue
[2024-10-07T14:35:45.807+0000] {logging_mixin.py:188} INFO - [2024-10-07T14:35:45.807+0000] {dagbag.py:540} INFO - Filling up the DagBag from /home/airflow/.local/lib/python3.12/site-packages/airflow/example_dags/example_params_ui_tutorial.py
[2024-10-07T14:35:45.818+0000] {processor.py:840} INFO - DAG(s) 'example_params_ui_tutorial' retrieved from /home/airflow/.local/lib/python3.12/site-packages/airflow/example_dags/example_params_ui_tutorial.py
[2024-10-07T14:35:45.854+0000] {logging_mixin.py:188} INFO - [2024-10-07T14:35:45.854+0000] {dag.py:3096} INFO - Sync 1 DAGs
[2024-10-07T14:35:45.864+0000] {logging_mixin.py:188} INFO - [2024-10-07T14:35:45.864+0000] {dag.py:3954} INFO - Setting next_dagrun for example_params_ui_tutorial to None, run_after=None
[2024-10-07T14:35:45.910+0000] {processor.py:183} INFO - Processing /home/airflow/.local/lib/python3.12/site-packages/airflow/example_dags/example_params_ui_tutorial.py took 0.111 seconds
[2024-10-07T14:36:16.226+0000] {processor.py:161} INFO - Started process (PID=10707) to work on /home/airflow/.local/lib/python3.12/site-packages/airflow/example_dags/example_params_ui_tutorial.py
[2024-10-07T14:36:16.227+0000] {processor.py:830} INFO - Processing file /home/airflow/.local/lib/python3.12/site-packages/airflow/example_dags/example_params_ui_tutorial.py for tasks to queue
[2024-10-07T14:36:16.228+0000] {logging_mixin.py:188} INFO - [2024-10-07T14:36:16.228+0000] {dagbag.py:540} INFO - Filling up the DagBag from /home/airflow/.local/lib/python3.12/site-packages/airflow/example_dags/example_params_ui_tutorial.py
[2024-10-07T14:36:16.237+0000] {processor.py:840} INFO - DAG(s) 'example_params_ui_tutorial' retrieved from /home/airflow/.local/lib/python3.12/site-packages/airflow/example_dags/example_params_ui_tutorial.py
[2024-10-07T14:36:16.271+0000] {logging_mixin.py:188} INFO - [2024-10-07T14:36:16.271+0000] {dag.py:3096} INFO - Sync 1 DAGs
[2024-10-07T14:36:16.281+0000] {logging_mixin.py:188} INFO - [2024-10-07T14:36:16.281+0000] {dag.py:3954} INFO - Setting next_dagrun for example_params_ui_tutorial to None, run_after=None
[2024-10-07T14:36:16.301+0000] {processor.py:183} INFO - Processing /home/airflow/.local/lib/python3.12/site-packages/airflow/example_dags/example_params_ui_tutorial.py took 0.079 seconds
[2024-10-07T14:36:46.797+0000] {processor.py:161} INFO - Started process (PID=10973) to work on /home/airflow/.local/lib/python3.12/site-packages/airflow/example_dags/example_params_ui_tutorial.py
[2024-10-07T14:36:46.798+0000] {processor.py:830} INFO - Processing file /home/airflow/.local/lib/python3.12/site-packages/airflow/example_dags/example_params_ui_tutorial.py for tasks to queue
[2024-10-07T14:36:46.799+0000] {logging_mixin.py:188} INFO - [2024-10-07T14:36:46.799+0000] {dagbag.py:540} INFO - Filling up the DagBag from /home/airflow/.local/lib/python3.12/site-packages/airflow/example_dags/example_params_ui_tutorial.py
[2024-10-07T14:36:46.810+0000] {processor.py:840} INFO - DAG(s) 'example_params_ui_tutorial' retrieved from /home/airflow/.local/lib/python3.12/site-packages/airflow/example_dags/example_params_ui_tutorial.py
[2024-10-07T14:36:46.854+0000] {logging_mixin.py:188} INFO - [2024-10-07T14:36:46.853+0000] {dag.py:3096} INFO - Sync 1 DAGs
[2024-10-07T14:36:46.864+0000] {logging_mixin.py:188} INFO - [2024-10-07T14:36:46.864+0000] {dag.py:3954} INFO - Setting next_dagrun for example_params_ui_tutorial to None, run_after=None
[2024-10-07T14:36:46.885+0000] {processor.py:183} INFO - Processing /home/airflow/.local/lib/python3.12/site-packages/airflow/example_dags/example_params_ui_tutorial.py took 0.094 seconds
[2024-10-07T14:37:17.359+0000] {processor.py:161} INFO - Started process (PID=11239) to work on /home/airflow/.local/lib/python3.12/site-packages/airflow/example_dags/example_params_ui_tutorial.py
[2024-10-07T14:37:17.361+0000] {processor.py:830} INFO - Processing file /home/airflow/.local/lib/python3.12/site-packages/airflow/example_dags/example_params_ui_tutorial.py for tasks to queue
[2024-10-07T14:37:17.362+0000] {logging_mixin.py:188} INFO - [2024-10-07T14:37:17.362+0000] {dagbag.py:540} INFO - Filling up the DagBag from /home/airflow/.local/lib/python3.12/site-packages/airflow/example_dags/example_params_ui_tutorial.py
[2024-10-07T14:37:17.372+0000] {processor.py:840} INFO - DAG(s) 'example_params_ui_tutorial' retrieved from /home/airflow/.local/lib/python3.12/site-packages/airflow/example_dags/example_params_ui_tutorial.py
[2024-10-07T14:37:17.428+0000] {logging_mixin.py:188} INFO - [2024-10-07T14:37:17.428+0000] {dag.py:3096} INFO - Sync 1 DAGs
[2024-10-07T14:37:17.440+0000] {logging_mixin.py:188} INFO - [2024-10-07T14:37:17.440+0000] {dag.py:3954} INFO - Setting next_dagrun for example_params_ui_tutorial to None, run_after=None
[2024-10-07T14:37:17.459+0000] {processor.py:183} INFO - Processing /home/airflow/.local/lib/python3.12/site-packages/airflow/example_dags/example_params_ui_tutorial.py took 0.105 seconds
[2024-10-07T14:37:47.950+0000] {processor.py:161} INFO - Started process (PID=11505) to work on /home/airflow/.local/lib/python3.12/site-packages/airflow/example_dags/example_params_ui_tutorial.py
[2024-10-07T14:37:47.951+0000] {processor.py:830} INFO - Processing file /home/airflow/.local/lib/python3.12/site-packages/airflow/example_dags/example_params_ui_tutorial.py for tasks to queue
[2024-10-07T14:37:47.952+0000] {logging_mixin.py:188} INFO - [2024-10-07T14:37:47.952+0000] {dagbag.py:540} INFO - Filling up the DagBag from /home/airflow/.local/lib/python3.12/site-packages/airflow/example_dags/example_params_ui_tutorial.py
[2024-10-07T14:37:47.962+0000] {processor.py:840} INFO - DAG(s) 'example_params_ui_tutorial' retrieved from /home/airflow/.local/lib/python3.12/site-packages/airflow/example_dags/example_params_ui_tutorial.py
[2024-10-07T14:37:47.999+0000] {logging_mixin.py:188} INFO - [2024-10-07T14:37:47.999+0000] {dag.py:3096} INFO - Sync 1 DAGs
[2024-10-07T14:37:48.010+0000] {logging_mixin.py:188} INFO - [2024-10-07T14:37:48.010+0000] {dag.py:3954} INFO - Setting next_dagrun for example_params_ui_tutorial to None, run_after=None
[2024-10-07T14:37:48.033+0000] {processor.py:183} INFO - Processing /home/airflow/.local/lib/python3.12/site-packages/airflow/example_dags/example_params_ui_tutorial.py took 0.089 seconds
[2024-10-07T14:38:18.486+0000] {processor.py:161} INFO - Started process (PID=11771) to work on /home/airflow/.local/lib/python3.12/site-packages/airflow/example_dags/example_params_ui_tutorial.py
[2024-10-07T14:38:18.487+0000] {processor.py:830} INFO - Processing file /home/airflow/.local/lib/python3.12/site-packages/airflow/example_dags/example_params_ui_tutorial.py for tasks to queue
[2024-10-07T14:38:18.488+0000] {logging_mixin.py:188} INFO - [2024-10-07T14:38:18.488+0000] {dagbag.py:540} INFO - Filling up the DagBag from /home/airflow/.local/lib/python3.12/site-packages/airflow/example_dags/example_params_ui_tutorial.py
[2024-10-07T14:38:18.497+0000] {processor.py:840} INFO - DAG(s) 'example_params_ui_tutorial' retrieved from /home/airflow/.local/lib/python3.12/site-packages/airflow/example_dags/example_params_ui_tutorial.py
[2024-10-07T14:38:18.535+0000] {logging_mixin.py:188} INFO - [2024-10-07T14:38:18.535+0000] {dag.py:3096} INFO - Sync 1 DAGs
[2024-10-07T14:38:18.545+0000] {logging_mixin.py:188} INFO - [2024-10-07T14:38:18.545+0000] {dag.py:3954} INFO - Setting next_dagrun for example_params_ui_tutorial to None, run_after=None
[2024-10-07T14:38:18.565+0000] {processor.py:183} INFO - Processing /home/airflow/.local/lib/python3.12/site-packages/airflow/example_dags/example_params_ui_tutorial.py took 0.083 seconds
[2024-10-07T14:38:49.242+0000] {processor.py:161} INFO - Started process (PID=12037) to work on /home/airflow/.local/lib/python3.12/site-packages/airflow/example_dags/example_params_ui_tutorial.py
[2024-10-07T14:38:49.242+0000] {processor.py:830} INFO - Processing file /home/airflow/.local/lib/python3.12/site-packages/airflow/example_dags/example_params_ui_tutorial.py for tasks to queue
[2024-10-07T14:38:49.244+0000] {logging_mixin.py:188} INFO - [2024-10-07T14:38:49.243+0000] {dagbag.py:540} INFO - Filling up the DagBag from /home/airflow/.local/lib/python3.12/site-packages/airflow/example_dags/example_params_ui_tutorial.py
[2024-10-07T14:38:49.254+0000] {processor.py:840} INFO - DAG(s) 'example_params_ui_tutorial' retrieved from /home/airflow/.local/lib/python3.12/site-packages/airflow/example_dags/example_params_ui_tutorial.py
[2024-10-07T14:38:49.303+0000] {logging_mixin.py:188} INFO - [2024-10-07T14:38:49.302+0000] {dag.py:3096} INFO - Sync 1 DAGs
[2024-10-07T14:38:49.316+0000] {logging_mixin.py:188} INFO - [2024-10-07T14:38:49.315+0000] {dag.py:3954} INFO - Setting next_dagrun for example_params_ui_tutorial to None, run_after=None
[2024-10-07T14:38:49.335+0000] {processor.py:183} INFO - Processing /home/airflow/.local/lib/python3.12/site-packages/airflow/example_dags/example_params_ui_tutorial.py took 0.097 seconds
[2024-10-07T14:39:19.749+0000] {processor.py:161} INFO - Started process (PID=12303) to work on /home/airflow/.local/lib/python3.12/site-packages/airflow/example_dags/example_params_ui_tutorial.py
[2024-10-07T14:39:19.750+0000] {processor.py:830} INFO - Processing file /home/airflow/.local/lib/python3.12/site-packages/airflow/example_dags/example_params_ui_tutorial.py for tasks to queue
[2024-10-07T14:39:19.751+0000] {logging_mixin.py:188} INFO - [2024-10-07T14:39:19.751+0000] {dagbag.py:540} INFO - Filling up the DagBag from /home/airflow/.local/lib/python3.12/site-packages/airflow/example_dags/example_params_ui_tutorial.py
[2024-10-07T14:39:19.761+0000] {processor.py:840} INFO - DAG(s) 'example_params_ui_tutorial' retrieved from /home/airflow/.local/lib/python3.12/site-packages/airflow/example_dags/example_params_ui_tutorial.py
[2024-10-07T14:39:19.812+0000] {logging_mixin.py:188} INFO - [2024-10-07T14:39:19.811+0000] {dag.py:3096} INFO - Sync 1 DAGs
[2024-10-07T14:39:19.825+0000] {logging_mixin.py:188} INFO - [2024-10-07T14:39:19.824+0000] {dag.py:3954} INFO - Setting next_dagrun for example_params_ui_tutorial to None, run_after=None
[2024-10-07T14:39:19.843+0000] {processor.py:183} INFO - Processing /home/airflow/.local/lib/python3.12/site-packages/airflow/example_dags/example_params_ui_tutorial.py took 0.099 seconds
[2024-10-07T14:39:50.347+0000] {processor.py:161} INFO - Started process (PID=12569) to work on /home/airflow/.local/lib/python3.12/site-packages/airflow/example_dags/example_params_ui_tutorial.py
[2024-10-07T14:39:50.348+0000] {processor.py:830} INFO - Processing file /home/airflow/.local/lib/python3.12/site-packages/airflow/example_dags/example_params_ui_tutorial.py for tasks to queue
[2024-10-07T14:39:50.349+0000] {logging_mixin.py:188} INFO - [2024-10-07T14:39:50.349+0000] {dagbag.py:540} INFO - Filling up the DagBag from /home/airflow/.local/lib/python3.12/site-packages/airflow/example_dags/example_params_ui_tutorial.py
[2024-10-07T14:39:50.358+0000] {processor.py:840} INFO - DAG(s) 'example_params_ui_tutorial' retrieved from /home/airflow/.local/lib/python3.12/site-packages/airflow/example_dags/example_params_ui_tutorial.py
[2024-10-07T14:39:50.394+0000] {logging_mixin.py:188} INFO - [2024-10-07T14:39:50.394+0000] {dag.py:3096} INFO - Sync 1 DAGs
[2024-10-07T14:39:50.404+0000] {logging_mixin.py:188} INFO - [2024-10-07T14:39:50.404+0000] {dag.py:3954} INFO - Setting next_dagrun for example_params_ui_tutorial to None, run_after=None
[2024-10-07T14:39:50.438+0000] {processor.py:183} INFO - Processing /home/airflow/.local/lib/python3.12/site-packages/airflow/example_dags/example_params_ui_tutorial.py took 0.095 seconds
[2024-10-07T14:40:21.064+0000] {processor.py:161} INFO - Started process (PID=12841) to work on /home/airflow/.local/lib/python3.12/site-packages/airflow/example_dags/example_params_ui_tutorial.py
[2024-10-07T14:40:21.065+0000] {processor.py:830} INFO - Processing file /home/airflow/.local/lib/python3.12/site-packages/airflow/example_dags/example_params_ui_tutorial.py for tasks to queue
[2024-10-07T14:40:21.066+0000] {logging_mixin.py:188} INFO - [2024-10-07T14:40:21.066+0000] {dagbag.py:540} INFO - Filling up the DagBag from /home/airflow/.local/lib/python3.12/site-packages/airflow/example_dags/example_params_ui_tutorial.py
[2024-10-07T14:40:21.075+0000] {processor.py:840} INFO - DAG(s) 'example_params_ui_tutorial' retrieved from /home/airflow/.local/lib/python3.12/site-packages/airflow/example_dags/example_params_ui_tutorial.py
[2024-10-07T14:40:21.125+0000] {logging_mixin.py:188} INFO - [2024-10-07T14:40:21.124+0000] {dag.py:3096} INFO - Sync 1 DAGs
[2024-10-07T14:40:21.137+0000] {logging_mixin.py:188} INFO - [2024-10-07T14:40:21.137+0000] {dag.py:3954} INFO - Setting next_dagrun for example_params_ui_tutorial to None, run_after=None
[2024-10-07T14:40:21.157+0000] {processor.py:183} INFO - Processing /home/airflow/.local/lib/python3.12/site-packages/airflow/example_dags/example_params_ui_tutorial.py took 0.099 seconds
[2024-10-07T14:40:51.659+0000] {processor.py:161} INFO - Started process (PID=13107) to work on /home/airflow/.local/lib/python3.12/site-packages/airflow/example_dags/example_params_ui_tutorial.py
[2024-10-07T14:40:51.660+0000] {processor.py:830} INFO - Processing file /home/airflow/.local/lib/python3.12/site-packages/airflow/example_dags/example_params_ui_tutorial.py for tasks to queue
[2024-10-07T14:40:51.661+0000] {logging_mixin.py:188} INFO - [2024-10-07T14:40:51.661+0000] {dagbag.py:540} INFO - Filling up the DagBag from /home/airflow/.local/lib/python3.12/site-packages/airflow/example_dags/example_params_ui_tutorial.py
[2024-10-07T14:40:51.671+0000] {processor.py:840} INFO - DAG(s) 'example_params_ui_tutorial' retrieved from /home/airflow/.local/lib/python3.12/site-packages/airflow/example_dags/example_params_ui_tutorial.py
[2024-10-07T14:40:51.721+0000] {logging_mixin.py:188} INFO - [2024-10-07T14:40:51.720+0000] {dag.py:3096} INFO - Sync 1 DAGs
[2024-10-07T14:40:51.732+0000] {logging_mixin.py:188} INFO - [2024-10-07T14:40:51.732+0000] {dag.py:3954} INFO - Setting next_dagrun for example_params_ui_tutorial to None, run_after=None
[2024-10-07T14:40:51.750+0000] {processor.py:183} INFO - Processing /home/airflow/.local/lib/python3.12/site-packages/airflow/example_dags/example_params_ui_tutorial.py took 0.095 seconds
[2024-10-07T14:41:22.354+0000] {processor.py:161} INFO - Started process (PID=13373) to work on /home/airflow/.local/lib/python3.12/site-packages/airflow/example_dags/example_params_ui_tutorial.py
[2024-10-07T14:41:22.355+0000] {processor.py:830} INFO - Processing file /home/airflow/.local/lib/python3.12/site-packages/airflow/example_dags/example_params_ui_tutorial.py for tasks to queue
[2024-10-07T14:41:22.356+0000] {logging_mixin.py:188} INFO - [2024-10-07T14:41:22.356+0000] {dagbag.py:540} INFO - Filling up the DagBag from /home/airflow/.local/lib/python3.12/site-packages/airflow/example_dags/example_params_ui_tutorial.py
[2024-10-07T14:41:22.365+0000] {processor.py:840} INFO - DAG(s) 'example_params_ui_tutorial' retrieved from /home/airflow/.local/lib/python3.12/site-packages/airflow/example_dags/example_params_ui_tutorial.py
[2024-10-07T14:41:22.399+0000] {logging_mixin.py:188} INFO - [2024-10-07T14:41:22.398+0000] {dag.py:3096} INFO - Sync 1 DAGs
[2024-10-07T14:41:22.408+0000] {logging_mixin.py:188} INFO - [2024-10-07T14:41:22.408+0000] {dag.py:3954} INFO - Setting next_dagrun for example_params_ui_tutorial to None, run_after=None
[2024-10-07T14:41:22.427+0000] {processor.py:183} INFO - Processing /home/airflow/.local/lib/python3.12/site-packages/airflow/example_dags/example_params_ui_tutorial.py took 0.077 seconds
[2024-10-07T14:41:52.863+0000] {processor.py:161} INFO - Started process (PID=13639) to work on /home/airflow/.local/lib/python3.12/site-packages/airflow/example_dags/example_params_ui_tutorial.py
[2024-10-07T14:41:52.863+0000] {processor.py:830} INFO - Processing file /home/airflow/.local/lib/python3.12/site-packages/airflow/example_dags/example_params_ui_tutorial.py for tasks to queue
[2024-10-07T14:41:52.865+0000] {logging_mixin.py:188} INFO - [2024-10-07T14:41:52.864+0000] {dagbag.py:540} INFO - Filling up the DagBag from /home/airflow/.local/lib/python3.12/site-packages/airflow/example_dags/example_params_ui_tutorial.py
[2024-10-07T14:41:52.873+0000] {processor.py:840} INFO - DAG(s) 'example_params_ui_tutorial' retrieved from /home/airflow/.local/lib/python3.12/site-packages/airflow/example_dags/example_params_ui_tutorial.py
[2024-10-07T14:41:52.922+0000] {logging_mixin.py:188} INFO - [2024-10-07T14:41:52.922+0000] {dag.py:3096} INFO - Sync 1 DAGs
[2024-10-07T14:41:52.932+0000] {logging_mixin.py:188} INFO - [2024-10-07T14:41:52.932+0000] {dag.py:3954} INFO - Setting next_dagrun for example_params_ui_tutorial to None, run_after=None
[2024-10-07T14:41:52.950+0000] {processor.py:183} INFO - Processing /home/airflow/.local/lib/python3.12/site-packages/airflow/example_dags/example_params_ui_tutorial.py took 0.092 seconds
[2024-10-07T14:42:23.408+0000] {processor.py:161} INFO - Started process (PID=13905) to work on /home/airflow/.local/lib/python3.12/site-packages/airflow/example_dags/example_params_ui_tutorial.py
[2024-10-07T14:42:23.408+0000] {processor.py:830} INFO - Processing file /home/airflow/.local/lib/python3.12/site-packages/airflow/example_dags/example_params_ui_tutorial.py for tasks to queue
[2024-10-07T14:42:23.410+0000] {logging_mixin.py:188} INFO - [2024-10-07T14:42:23.410+0000] {dagbag.py:540} INFO - Filling up the DagBag from /home/airflow/.local/lib/python3.12/site-packages/airflow/example_dags/example_params_ui_tutorial.py
[2024-10-07T14:42:23.421+0000] {processor.py:840} INFO - DAG(s) 'example_params_ui_tutorial' retrieved from /home/airflow/.local/lib/python3.12/site-packages/airflow/example_dags/example_params_ui_tutorial.py
[2024-10-07T14:42:23.461+0000] {logging_mixin.py:188} INFO - [2024-10-07T14:42:23.461+0000] {dag.py:3096} INFO - Sync 1 DAGs
[2024-10-07T14:42:23.472+0000] {logging_mixin.py:188} INFO - [2024-10-07T14:42:23.471+0000] {dag.py:3954} INFO - Setting next_dagrun for example_params_ui_tutorial to None, run_after=None
[2024-10-07T14:42:23.491+0000] {processor.py:183} INFO - Processing /home/airflow/.local/lib/python3.12/site-packages/airflow/example_dags/example_params_ui_tutorial.py took 0.089 seconds
[2024-10-07T14:42:54.506+0000] {processor.py:161} INFO - Started process (PID=14171) to work on /home/airflow/.local/lib/python3.12/site-packages/airflow/example_dags/example_params_ui_tutorial.py
[2024-10-07T14:42:54.506+0000] {processor.py:830} INFO - Processing file /home/airflow/.local/lib/python3.12/site-packages/airflow/example_dags/example_params_ui_tutorial.py for tasks to queue
[2024-10-07T14:42:54.507+0000] {logging_mixin.py:188} INFO - [2024-10-07T14:42:54.507+0000] {dagbag.py:540} INFO - Filling up the DagBag from /home/airflow/.local/lib/python3.12/site-packages/airflow/example_dags/example_params_ui_tutorial.py
[2024-10-07T14:42:54.518+0000] {processor.py:840} INFO - DAG(s) 'example_params_ui_tutorial' retrieved from /home/airflow/.local/lib/python3.12/site-packages/airflow/example_dags/example_params_ui_tutorial.py
[2024-10-07T14:42:54.568+0000] {logging_mixin.py:188} INFO - [2024-10-07T14:42:54.568+0000] {dag.py:3096} INFO - Sync 1 DAGs
[2024-10-07T14:42:54.580+0000] {logging_mixin.py:188} INFO - [2024-10-07T14:42:54.580+0000] {dag.py:3954} INFO - Setting next_dagrun for example_params_ui_tutorial to None, run_after=None
[2024-10-07T14:42:54.598+0000] {processor.py:183} INFO - Processing /home/airflow/.local/lib/python3.12/site-packages/airflow/example_dags/example_params_ui_tutorial.py took 0.096 seconds
[2024-10-07T14:43:25.283+0000] {processor.py:161} INFO - Started process (PID=14442) to work on /home/airflow/.local/lib/python3.12/site-packages/airflow/example_dags/example_params_ui_tutorial.py
[2024-10-07T14:43:25.283+0000] {processor.py:830} INFO - Processing file /home/airflow/.local/lib/python3.12/site-packages/airflow/example_dags/example_params_ui_tutorial.py for tasks to queue
[2024-10-07T14:43:25.285+0000] {logging_mixin.py:188} INFO - [2024-10-07T14:43:25.285+0000] {dagbag.py:540} INFO - Filling up the DagBag from /home/airflow/.local/lib/python3.12/site-packages/airflow/example_dags/example_params_ui_tutorial.py
[2024-10-07T14:43:25.294+0000] {processor.py:840} INFO - DAG(s) 'example_params_ui_tutorial' retrieved from /home/airflow/.local/lib/python3.12/site-packages/airflow/example_dags/example_params_ui_tutorial.py
[2024-10-07T14:43:25.333+0000] {logging_mixin.py:188} INFO - [2024-10-07T14:43:25.333+0000] {dag.py:3096} INFO - Sync 1 DAGs
[2024-10-07T14:43:25.343+0000] {logging_mixin.py:188} INFO - [2024-10-07T14:43:25.343+0000] {dag.py:3954} INFO - Setting next_dagrun for example_params_ui_tutorial to None, run_after=None
[2024-10-07T14:43:25.362+0000] {processor.py:183} INFO - Processing /home/airflow/.local/lib/python3.12/site-packages/airflow/example_dags/example_params_ui_tutorial.py took 0.084 seconds
[2024-10-07T14:43:55.958+0000] {processor.py:161} INFO - Started process (PID=14710) to work on /home/airflow/.local/lib/python3.12/site-packages/airflow/example_dags/example_params_ui_tutorial.py
[2024-10-07T14:43:55.958+0000] {processor.py:830} INFO - Processing file /home/airflow/.local/lib/python3.12/site-packages/airflow/example_dags/example_params_ui_tutorial.py for tasks to queue
[2024-10-07T14:43:55.959+0000] {logging_mixin.py:188} INFO - [2024-10-07T14:43:55.959+0000] {dagbag.py:540} INFO - Filling up the DagBag from /home/airflow/.local/lib/python3.12/site-packages/airflow/example_dags/example_params_ui_tutorial.py
[2024-10-07T14:43:55.968+0000] {processor.py:840} INFO - DAG(s) 'example_params_ui_tutorial' retrieved from /home/airflow/.local/lib/python3.12/site-packages/airflow/example_dags/example_params_ui_tutorial.py
[2024-10-07T14:43:56.004+0000] {logging_mixin.py:188} INFO - [2024-10-07T14:43:56.004+0000] {dag.py:3096} INFO - Sync 1 DAGs
[2024-10-07T14:43:56.014+0000] {logging_mixin.py:188} INFO - [2024-10-07T14:43:56.014+0000] {dag.py:3954} INFO - Setting next_dagrun for example_params_ui_tutorial to None, run_after=None
[2024-10-07T14:43:56.034+0000] {processor.py:183} INFO - Processing /home/airflow/.local/lib/python3.12/site-packages/airflow/example_dags/example_params_ui_tutorial.py took 0.081 seconds
[2024-10-07T14:44:26.570+0000] {processor.py:161} INFO - Started process (PID=14976) to work on /home/airflow/.local/lib/python3.12/site-packages/airflow/example_dags/example_params_ui_tutorial.py
[2024-10-07T14:44:26.571+0000] {processor.py:830} INFO - Processing file /home/airflow/.local/lib/python3.12/site-packages/airflow/example_dags/example_params_ui_tutorial.py for tasks to queue
[2024-10-07T14:44:26.572+0000] {logging_mixin.py:188} INFO - [2024-10-07T14:44:26.572+0000] {dagbag.py:540} INFO - Filling up the DagBag from /home/airflow/.local/lib/python3.12/site-packages/airflow/example_dags/example_params_ui_tutorial.py
[2024-10-07T14:44:26.580+0000] {processor.py:840} INFO - DAG(s) 'example_params_ui_tutorial' retrieved from /home/airflow/.local/lib/python3.12/site-packages/airflow/example_dags/example_params_ui_tutorial.py
[2024-10-07T14:44:26.615+0000] {logging_mixin.py:188} INFO - [2024-10-07T14:44:26.615+0000] {dag.py:3096} INFO - Sync 1 DAGs
[2024-10-07T14:44:26.624+0000] {logging_mixin.py:188} INFO - [2024-10-07T14:44:26.624+0000] {dag.py:3954} INFO - Setting next_dagrun for example_params_ui_tutorial to None, run_after=None
[2024-10-07T14:44:26.642+0000] {processor.py:183} INFO - Processing /home/airflow/.local/lib/python3.12/site-packages/airflow/example_dags/example_params_ui_tutorial.py took 0.077 seconds
[2024-10-07T14:44:57.324+0000] {processor.py:161} INFO - Started process (PID=15242) to work on /home/airflow/.local/lib/python3.12/site-packages/airflow/example_dags/example_params_ui_tutorial.py
[2024-10-07T14:44:57.325+0000] {processor.py:830} INFO - Processing file /home/airflow/.local/lib/python3.12/site-packages/airflow/example_dags/example_params_ui_tutorial.py for tasks to queue
[2024-10-07T14:44:57.326+0000] {logging_mixin.py:188} INFO - [2024-10-07T14:44:57.326+0000] {dagbag.py:540} INFO - Filling up the DagBag from /home/airflow/.local/lib/python3.12/site-packages/airflow/example_dags/example_params_ui_tutorial.py
[2024-10-07T14:44:57.334+0000] {processor.py:840} INFO - DAG(s) 'example_params_ui_tutorial' retrieved from /home/airflow/.local/lib/python3.12/site-packages/airflow/example_dags/example_params_ui_tutorial.py
[2024-10-07T14:44:57.370+0000] {logging_mixin.py:188} INFO - [2024-10-07T14:44:57.369+0000] {dag.py:3096} INFO - Sync 1 DAGs
[2024-10-07T14:44:57.379+0000] {logging_mixin.py:188} INFO - [2024-10-07T14:44:57.379+0000] {dag.py:3954} INFO - Setting next_dagrun for example_params_ui_tutorial to None, run_after=None
[2024-10-07T14:44:57.398+0000] {processor.py:183} INFO - Processing /home/airflow/.local/lib/python3.12/site-packages/airflow/example_dags/example_params_ui_tutorial.py took 0.079 seconds
[2024-10-07T14:45:28.074+0000] {processor.py:161} INFO - Started process (PID=15508) to work on /home/airflow/.local/lib/python3.12/site-packages/airflow/example_dags/example_params_ui_tutorial.py
[2024-10-07T14:45:28.075+0000] {processor.py:830} INFO - Processing file /home/airflow/.local/lib/python3.12/site-packages/airflow/example_dags/example_params_ui_tutorial.py for tasks to queue
[2024-10-07T14:45:28.076+0000] {logging_mixin.py:188} INFO - [2024-10-07T14:45:28.076+0000] {dagbag.py:540} INFO - Filling up the DagBag from /home/airflow/.local/lib/python3.12/site-packages/airflow/example_dags/example_params_ui_tutorial.py
[2024-10-07T14:45:28.088+0000] {processor.py:840} INFO - DAG(s) 'example_params_ui_tutorial' retrieved from /home/airflow/.local/lib/python3.12/site-packages/airflow/example_dags/example_params_ui_tutorial.py
[2024-10-07T14:45:28.126+0000] {logging_mixin.py:188} INFO - [2024-10-07T14:45:28.126+0000] {dag.py:3096} INFO - Sync 1 DAGs
[2024-10-07T14:45:28.136+0000] {logging_mixin.py:188} INFO - [2024-10-07T14:45:28.136+0000] {dag.py:3954} INFO - Setting next_dagrun for example_params_ui_tutorial to None, run_after=None
[2024-10-07T14:45:28.162+0000] {processor.py:183} INFO - Processing /home/airflow/.local/lib/python3.12/site-packages/airflow/example_dags/example_params_ui_tutorial.py took 0.093 seconds
[2024-10-07T14:45:58.661+0000] {processor.py:161} INFO - Started process (PID=15774) to work on /home/airflow/.local/lib/python3.12/site-packages/airflow/example_dags/example_params_ui_tutorial.py
[2024-10-07T14:45:58.661+0000] {processor.py:830} INFO - Processing file /home/airflow/.local/lib/python3.12/site-packages/airflow/example_dags/example_params_ui_tutorial.py for tasks to queue
[2024-10-07T14:45:58.662+0000] {logging_mixin.py:188} INFO - [2024-10-07T14:45:58.662+0000] {dagbag.py:540} INFO - Filling up the DagBag from /home/airflow/.local/lib/python3.12/site-packages/airflow/example_dags/example_params_ui_tutorial.py
[2024-10-07T14:45:58.671+0000] {processor.py:840} INFO - DAG(s) 'example_params_ui_tutorial' retrieved from /home/airflow/.local/lib/python3.12/site-packages/airflow/example_dags/example_params_ui_tutorial.py
[2024-10-07T14:45:58.705+0000] {logging_mixin.py:188} INFO - [2024-10-07T14:45:58.705+0000] {dag.py:3096} INFO - Sync 1 DAGs
[2024-10-07T14:45:58.714+0000] {logging_mixin.py:188} INFO - [2024-10-07T14:45:58.714+0000] {dag.py:3954} INFO - Setting next_dagrun for example_params_ui_tutorial to None, run_after=None
[2024-10-07T14:45:58.733+0000] {processor.py:183} INFO - Processing /home/airflow/.local/lib/python3.12/site-packages/airflow/example_dags/example_params_ui_tutorial.py took 0.077 seconds
[2024-10-07T14:46:29.377+0000] {processor.py:161} INFO - Started process (PID=16040) to work on /home/airflow/.local/lib/python3.12/site-packages/airflow/example_dags/example_params_ui_tutorial.py
[2024-10-07T14:46:29.378+0000] {processor.py:830} INFO - Processing file /home/airflow/.local/lib/python3.12/site-packages/airflow/example_dags/example_params_ui_tutorial.py for tasks to queue
[2024-10-07T14:46:29.379+0000] {logging_mixin.py:188} INFO - [2024-10-07T14:46:29.379+0000] {dagbag.py:540} INFO - Filling up the DagBag from /home/airflow/.local/lib/python3.12/site-packages/airflow/example_dags/example_params_ui_tutorial.py
[2024-10-07T14:46:29.388+0000] {processor.py:840} INFO - DAG(s) 'example_params_ui_tutorial' retrieved from /home/airflow/.local/lib/python3.12/site-packages/airflow/example_dags/example_params_ui_tutorial.py
[2024-10-07T14:46:29.441+0000] {logging_mixin.py:188} INFO - [2024-10-07T14:46:29.441+0000] {dag.py:3096} INFO - Sync 1 DAGs
[2024-10-07T14:46:29.451+0000] {logging_mixin.py:188} INFO - [2024-10-07T14:46:29.451+0000] {dag.py:3954} INFO - Setting next_dagrun for example_params_ui_tutorial to None, run_after=None
[2024-10-07T14:46:29.473+0000] {processor.py:183} INFO - Processing /home/airflow/.local/lib/python3.12/site-packages/airflow/example_dags/example_params_ui_tutorial.py took 0.100 seconds
[2024-10-07T14:47:00.087+0000] {processor.py:161} INFO - Started process (PID=16306) to work on /home/airflow/.local/lib/python3.12/site-packages/airflow/example_dags/example_params_ui_tutorial.py
[2024-10-07T14:47:00.088+0000] {processor.py:830} INFO - Processing file /home/airflow/.local/lib/python3.12/site-packages/airflow/example_dags/example_params_ui_tutorial.py for tasks to queue
[2024-10-07T14:47:00.089+0000] {logging_mixin.py:188} INFO - [2024-10-07T14:47:00.089+0000] {dagbag.py:540} INFO - Filling up the DagBag from /home/airflow/.local/lib/python3.12/site-packages/airflow/example_dags/example_params_ui_tutorial.py
[2024-10-07T14:47:00.098+0000] {processor.py:840} INFO - DAG(s) 'example_params_ui_tutorial' retrieved from /home/airflow/.local/lib/python3.12/site-packages/airflow/example_dags/example_params_ui_tutorial.py
[2024-10-07T14:47:00.134+0000] {logging_mixin.py:188} INFO - [2024-10-07T14:47:00.134+0000] {dag.py:3096} INFO - Sync 1 DAGs
[2024-10-07T14:47:00.144+0000] {logging_mixin.py:188} INFO - [2024-10-07T14:47:00.144+0000] {dag.py:3954} INFO - Setting next_dagrun for example_params_ui_tutorial to None, run_after=None
[2024-10-07T14:47:00.161+0000] {processor.py:183} INFO - Processing /home/airflow/.local/lib/python3.12/site-packages/airflow/example_dags/example_params_ui_tutorial.py took 0.078 seconds
[2024-10-07T14:47:30.839+0000] {processor.py:161} INFO - Started process (PID=16572) to work on /home/airflow/.local/lib/python3.12/site-packages/airflow/example_dags/example_params_ui_tutorial.py
[2024-10-07T14:47:30.839+0000] {processor.py:830} INFO - Processing file /home/airflow/.local/lib/python3.12/site-packages/airflow/example_dags/example_params_ui_tutorial.py for tasks to queue
[2024-10-07T14:47:30.841+0000] {logging_mixin.py:188} INFO - [2024-10-07T14:47:30.841+0000] {dagbag.py:540} INFO - Filling up the DagBag from /home/airflow/.local/lib/python3.12/site-packages/airflow/example_dags/example_params_ui_tutorial.py
[2024-10-07T14:47:30.850+0000] {processor.py:840} INFO - DAG(s) 'example_params_ui_tutorial' retrieved from /home/airflow/.local/lib/python3.12/site-packages/airflow/example_dags/example_params_ui_tutorial.py
[2024-10-07T14:47:30.887+0000] {logging_mixin.py:188} INFO - [2024-10-07T14:47:30.887+0000] {dag.py:3096} INFO - Sync 1 DAGs
[2024-10-07T14:47:30.899+0000] {logging_mixin.py:188} INFO - [2024-10-07T14:47:30.898+0000] {dag.py:3954} INFO - Setting next_dagrun for example_params_ui_tutorial to None, run_after=None
[2024-10-07T14:47:30.919+0000] {processor.py:183} INFO - Processing /home/airflow/.local/lib/python3.12/site-packages/airflow/example_dags/example_params_ui_tutorial.py took 0.085 seconds
[2024-10-07T14:48:01.416+0000] {processor.py:161} INFO - Started process (PID=16836) to work on /home/airflow/.local/lib/python3.12/site-packages/airflow/example_dags/example_params_ui_tutorial.py
[2024-10-07T14:48:01.417+0000] {processor.py:830} INFO - Processing file /home/airflow/.local/lib/python3.12/site-packages/airflow/example_dags/example_params_ui_tutorial.py for tasks to queue
[2024-10-07T14:48:01.418+0000] {logging_mixin.py:188} INFO - [2024-10-07T14:48:01.418+0000] {dagbag.py:540} INFO - Filling up the DagBag from /home/airflow/.local/lib/python3.12/site-packages/airflow/example_dags/example_params_ui_tutorial.py
[2024-10-07T14:48:01.430+0000] {processor.py:840} INFO - DAG(s) 'example_params_ui_tutorial' retrieved from /home/airflow/.local/lib/python3.12/site-packages/airflow/example_dags/example_params_ui_tutorial.py
[2024-10-07T14:48:01.467+0000] {logging_mixin.py:188} INFO - [2024-10-07T14:48:01.467+0000] {dag.py:3096} INFO - Sync 1 DAGs
[2024-10-07T14:48:01.477+0000] {logging_mixin.py:188} INFO - [2024-10-07T14:48:01.476+0000] {dag.py:3954} INFO - Setting next_dagrun for example_params_ui_tutorial to None, run_after=None
[2024-10-07T14:48:01.495+0000] {processor.py:183} INFO - Processing /home/airflow/.local/lib/python3.12/site-packages/airflow/example_dags/example_params_ui_tutorial.py took 0.085 seconds
[2024-10-07T14:48:32.067+0000] {processor.py:161} INFO - Started process (PID=17104) to work on /home/airflow/.local/lib/python3.12/site-packages/airflow/example_dags/example_params_ui_tutorial.py
[2024-10-07T14:48:32.068+0000] {processor.py:830} INFO - Processing file /home/airflow/.local/lib/python3.12/site-packages/airflow/example_dags/example_params_ui_tutorial.py for tasks to queue
[2024-10-07T14:48:32.069+0000] {logging_mixin.py:188} INFO - [2024-10-07T14:48:32.069+0000] {dagbag.py:540} INFO - Filling up the DagBag from /home/airflow/.local/lib/python3.12/site-packages/airflow/example_dags/example_params_ui_tutorial.py
[2024-10-07T14:48:32.080+0000] {processor.py:840} INFO - DAG(s) 'example_params_ui_tutorial' retrieved from /home/airflow/.local/lib/python3.12/site-packages/airflow/example_dags/example_params_ui_tutorial.py
[2024-10-07T14:48:32.130+0000] {logging_mixin.py:188} INFO - [2024-10-07T14:48:32.130+0000] {dag.py:3096} INFO - Sync 1 DAGs
[2024-10-07T14:48:32.142+0000] {logging_mixin.py:188} INFO - [2024-10-07T14:48:32.142+0000] {dag.py:3954} INFO - Setting next_dagrun for example_params_ui_tutorial to None, run_after=None
[2024-10-07T14:48:32.160+0000] {processor.py:183} INFO - Processing /home/airflow/.local/lib/python3.12/site-packages/airflow/example_dags/example_params_ui_tutorial.py took 0.098 seconds
[2024-10-07T14:49:02.749+0000] {processor.py:161} INFO - Started process (PID=17370) to work on /home/airflow/.local/lib/python3.12/site-packages/airflow/example_dags/example_params_ui_tutorial.py
[2024-10-07T14:49:02.749+0000] {processor.py:830} INFO - Processing file /home/airflow/.local/lib/python3.12/site-packages/airflow/example_dags/example_params_ui_tutorial.py for tasks to queue
[2024-10-07T14:49:02.750+0000] {logging_mixin.py:188} INFO - [2024-10-07T14:49:02.750+0000] {dagbag.py:540} INFO - Filling up the DagBag from /home/airflow/.local/lib/python3.12/site-packages/airflow/example_dags/example_params_ui_tutorial.py
[2024-10-07T14:49:02.759+0000] {processor.py:840} INFO - DAG(s) 'example_params_ui_tutorial' retrieved from /home/airflow/.local/lib/python3.12/site-packages/airflow/example_dags/example_params_ui_tutorial.py
[2024-10-07T14:49:02.794+0000] {logging_mixin.py:188} INFO - [2024-10-07T14:49:02.794+0000] {dag.py:3096} INFO - Sync 1 DAGs
[2024-10-07T14:49:02.803+0000] {logging_mixin.py:188} INFO - [2024-10-07T14:49:02.803+0000] {dag.py:3954} INFO - Setting next_dagrun for example_params_ui_tutorial to None, run_after=None
[2024-10-07T14:49:02.843+0000] {processor.py:183} INFO - Processing /home/airflow/.local/lib/python3.12/site-packages/airflow/example_dags/example_params_ui_tutorial.py took 0.099 seconds
[2024-10-07T15:58:35.233+0000] {processor.py:161} INFO - Started process (PID=193) to work on /home/airflow/.local/lib/python3.12/site-packages/airflow/example_dags/example_params_ui_tutorial.py
[2024-10-07T15:58:35.234+0000] {processor.py:830} INFO - Processing file /home/airflow/.local/lib/python3.12/site-packages/airflow/example_dags/example_params_ui_tutorial.py for tasks to queue
[2024-10-07T15:58:35.237+0000] {logging_mixin.py:188} INFO - [2024-10-07T15:58:35.237+0000] {dagbag.py:540} INFO - Filling up the DagBag from /home/airflow/.local/lib/python3.12/site-packages/airflow/example_dags/example_params_ui_tutorial.py
[2024-10-07T15:58:35.253+0000] {processor.py:840} INFO - DAG(s) 'example_params_ui_tutorial' retrieved from /home/airflow/.local/lib/python3.12/site-packages/airflow/example_dags/example_params_ui_tutorial.py
[2024-10-07T15:58:35.326+0000] {logging_mixin.py:188} INFO - [2024-10-07T15:58:35.326+0000] {dag.py:3096} INFO - Sync 1 DAGs
[2024-10-07T15:58:35.348+0000] {logging_mixin.py:188} INFO - [2024-10-07T15:58:35.347+0000] {dag.py:3954} INFO - Setting next_dagrun for example_params_ui_tutorial to None, run_after=None
[2024-10-07T15:58:35.377+0000] {processor.py:183} INFO - Processing /home/airflow/.local/lib/python3.12/site-packages/airflow/example_dags/example_params_ui_tutorial.py took 0.149 seconds
