[2024-10-07T16:08:36.450+0000] {local_task_job_runner.py:120} INFO - ::group::Pre task execution logs
[2024-10-07T16:08:36.497+0000] {taskinstance.py:2073} INFO - Dependencies all met for dep_context=non-requeueable deps ti=<TaskInstance: etl_with_cleaning_transfer.gcs_to_bigquery.gcs_to_bq_transaction manual__2024-10-07T16:08:18.526165+00:00 [queued]>
[2024-10-07T16:08:36.515+0000] {taskinstance.py:2073} INFO - Dependencies all met for dep_context=requeueable deps ti=<TaskInstance: etl_with_cleaning_transfer.gcs_to_bigquery.gcs_to_bq_transaction manual__2024-10-07T16:08:18.526165+00:00 [queued]>
[2024-10-07T16:08:36.516+0000] {taskinstance.py:2303} INFO - Starting attempt 1 of 4
[2024-10-07T16:08:36.578+0000] {taskinstance.py:2327} INFO - Executing <Task(GCSToBigQueryOperator): gcs_to_bigquery.gcs_to_bq_transaction> on 2024-10-07 16:08:18.526165+00:00
[2024-10-07T16:08:36.625+0000] {logging_mixin.py:188} WARNING - /home/***/.local/lib/python3.12/site-packages/***/task/task_runner/standard_task_runner.py:61 DeprecationWarning: This process (pid=5570) is multi-threaded, use of fork() may lead to deadlocks in the child.
[2024-10-07T16:08:36.626+0000] {standard_task_runner.py:63} INFO - Started process 5589 to run task
[2024-10-07T16:08:36.631+0000] {standard_task_runner.py:90} INFO - Running: ['***', 'tasks', 'run', 'etl_with_cleaning_transfer', 'gcs_to_bigquery.gcs_to_bq_transaction', 'manual__2024-10-07T16:08:18.526165+00:00', '--job-id', '3348', '--raw', '--subdir', 'DAGS_FOLDER/etl.py', '--cfg-path', '/tmp/tmpa_psgn1q']
[2024-10-07T16:08:36.632+0000] {standard_task_runner.py:91} INFO - Job 3348: Subtask gcs_to_bigquery.gcs_to_bq_transaction
[2024-10-07T16:08:36.710+0000] {task_command.py:426} INFO - Running <TaskInstance: etl_with_cleaning_transfer.gcs_to_bigquery.gcs_to_bq_transaction manual__2024-10-07T16:08:18.526165+00:00 [running]> on host 71321b93f95e
[2024-10-07T16:08:36.902+0000] {taskinstance.py:2644} INFO - Exporting env vars: AIRFLOW_CTX_DAG_OWNER='***' AIRFLOW_CTX_DAG_ID='etl_with_cleaning_transfer' AIRFLOW_CTX_TASK_ID='gcs_to_bigquery.gcs_to_bq_transaction' AIRFLOW_CTX_EXECUTION_DATE='2024-10-07T16:08:18.526165+00:00' AIRFLOW_CTX_TRY_NUMBER='1' AIRFLOW_CTX_DAG_RUN_ID='manual__2024-10-07T16:08:18.526165+00:00'
[2024-10-07T16:08:36.907+0000] {taskinstance.py:430} INFO - ::endgroup::
[2024-10-07T16:08:36.926+0000] {connection.py:274} WARNING - Connection schemes (type: google_cloud_platform) shall not contain '_' according to RFC3986.
[2024-10-07T16:08:36.949+0000] {base.py:84} INFO - Using connection ID 'my-gcp-conn' for task execution.
[2024-10-07T16:08:36.951+0000] {gcs_to_bigquery.py:379} INFO - Using existing BigQuery table for storing data...
[2024-10-07T16:08:37.044+0000] {gcs_to_bigquery.py:383} INFO - Executing: {'load': {'autodetect': True, 'createDisposition': 'CREATE_IF_NEEDED', 'destinationTable': {'projectId': 'madt-finalproject', 'datasetId': 'finalproject_data', 'tableId': 'transaction'}, 'sourceFormat': 'CSV', 'sourceUris': ['gs://storage-madt-finalproject/transaction.csv'], 'writeDisposition': 'WRITE_TRUNCATE', 'ignoreUnknownValues': True, 'schema': {'fields': [{'name': 'ProductId', 'type': 'STRING'}, {'name': 'StoreId', 'type': 'STRING'}, {'name': 'TypeId', 'type': 'STRING'}, {'name': 'InvoiceNo', 'type': 'STRING'}, {'name': 'Reorder_Cause_ID', 'type': 'STRING'}, {'name': 'Quantity', 'type': 'INT64'}]}, 'skipLeadingRows': 1, 'fieldDelimiter': ',', 'quote': None, 'allowQuotedNewlines': False, 'encoding': 'UTF-8'}}
[2024-10-07T16:08:37.045+0000] {bigquery.py:1613} INFO - Inserting job ***_etl_with_cleaning_transfer_gcs_to_bigquery_gcs_to_bq_transaction_2024_10_07T16_08_18_526165_00_00_c6cd95e880486a90238ecd9e1998c4a6
[2024-10-07T16:08:40.712+0000] {taskinstance.py:441} INFO - ::group::Post task execution logs
[2024-10-07T16:08:40.719+0000] {taskinstance.py:1205} INFO - Marking task as SUCCESS. dag_id=etl_with_cleaning_transfer, task_id=gcs_to_bigquery.gcs_to_bq_transaction, execution_date=20241007T160818, start_date=20241007T160836, end_date=20241007T160840
[2024-10-07T16:08:40.777+0000] {local_task_job_runner.py:240} INFO - Task exited with return code 0
[2024-10-07T16:08:40.797+0000] {taskinstance.py:3482} INFO - 0 downstream tasks scheduled from follow-on schedule check
[2024-10-07T16:08:40.810+0000] {local_task_job_runner.py:222} INFO - ::endgroup::
