[2024-11-05T16:46:19.958+0000] {local_task_job_runner.py:120} INFO - ::group::Pre task execution logs
[2024-11-05T16:46:19.991+0000] {taskinstance.py:2073} INFO - Dependencies all met for dep_context=non-requeueable deps ti=<TaskInstance: etl_data_pipeline_v2.gcs_to_bigquery.gcs_to_bq_CustomerSales manual__2024-11-05T16:46:02.792522+00:00 [queued]>
[2024-11-05T16:46:20.008+0000] {taskinstance.py:2073} INFO - Dependencies all met for dep_context=requeueable deps ti=<TaskInstance: etl_data_pipeline_v2.gcs_to_bigquery.gcs_to_bq_CustomerSales manual__2024-11-05T16:46:02.792522+00:00 [queued]>
[2024-11-05T16:46:20.008+0000] {taskinstance.py:2303} INFO - Starting attempt 1 of 4
[2024-11-05T16:46:20.045+0000] {taskinstance.py:2327} INFO - Executing <Task(GCSToBigQueryOperator): gcs_to_bigquery.gcs_to_bq_CustomerSales> on 2024-11-05 16:46:02.792522+00:00
[2024-11-05T16:46:20.057+0000] {logging_mixin.py:188} WARNING - /home/***/.local/lib/python3.12/site-packages/***/task/task_runner/standard_task_runner.py:61 DeprecationWarning: This process (pid=41358) is multi-threaded, use of fork() may lead to deadlocks in the child.
[2024-11-05T16:46:20.075+0000] {standard_task_runner.py:63} INFO - Started process 41378 to run task
[2024-11-05T16:46:20.074+0000] {standard_task_runner.py:90} INFO - Running: ['***', 'tasks', 'run', 'etl_data_pipeline_v2', 'gcs_to_bigquery.gcs_to_bq_CustomerSales', 'manual__2024-11-05T16:46:02.792522+00:00', '--job-id', '3627', '--raw', '--subdir', 'DAGS_FOLDER/etl2.py', '--cfg-path', '/tmp/tmpthnhds42']
[2024-11-05T16:46:20.077+0000] {standard_task_runner.py:91} INFO - Job 3627: Subtask gcs_to_bigquery.gcs_to_bq_CustomerSales
[2024-11-05T16:46:20.248+0000] {task_command.py:426} INFO - Running <TaskInstance: etl_data_pipeline_v2.gcs_to_bigquery.gcs_to_bq_CustomerSales manual__2024-11-05T16:46:02.792522+00:00 [running]> on host 71321b93f95e
[2024-11-05T16:46:20.469+0000] {taskinstance.py:2644} INFO - Exporting env vars: AIRFLOW_CTX_DAG_OWNER='***' AIRFLOW_CTX_DAG_ID='etl_data_pipeline_v2' AIRFLOW_CTX_TASK_ID='gcs_to_bigquery.gcs_to_bq_CustomerSales' AIRFLOW_CTX_EXECUTION_DATE='2024-11-05T16:46:02.792522+00:00' AIRFLOW_CTX_TRY_NUMBER='1' AIRFLOW_CTX_DAG_RUN_ID='manual__2024-11-05T16:46:02.792522+00:00'
[2024-11-05T16:46:20.470+0000] {taskinstance.py:430} INFO - ::endgroup::
[2024-11-05T16:46:20.491+0000] {connection.py:274} WARNING - Connection schemes (type: google_cloud_platform) shall not contain '_' according to RFC3986.
[2024-11-05T16:46:20.497+0000] {base.py:84} INFO - Using connection ID 'my-gcp-conn' for task execution.
[2024-11-05T16:46:20.498+0000] {gcs_to_bigquery.py:379} INFO - Using existing BigQuery table for storing data...
[2024-11-05T16:46:20.652+0000] {gcs_to_bigquery.py:383} INFO - Executing: {'load': {'autodetect': True, 'createDisposition': 'CREATE_IF_NEEDED', 'destinationTable': {'projectId': 'madt-finalproject', 'datasetId': 'finalproject_data', 'tableId': 'CustomerSales'}, 'sourceFormat': 'CSV', 'sourceUris': ['gs://storage-madt-finalproject/CustomerSales.csv'], 'writeDisposition': 'WRITE_TRUNCATE', 'ignoreUnknownValues': True, 'schema': {'fields': [{'name': 'CustomerID', 'type': 'STRING'}, {'name': 'sales_id', 'type': 'STRING'}]}, 'skipLeadingRows': 1, 'fieldDelimiter': ',', 'quote': None, 'allowQuotedNewlines': False, 'encoding': 'UTF-8'}}
[2024-11-05T16:46:20.654+0000] {bigquery.py:1613} INFO - Inserting job ***_etl_data_pipeline_v2_gcs_to_bigquery_gcs_to_bq_CustomerSales_2024_11_05T16_46_02_792522_00_00_beba26fd300a374fa1f7c58553e21b69
[2024-11-05T16:46:24.630+0000] {taskinstance.py:441} INFO - ::group::Post task execution logs
[2024-11-05T16:46:24.637+0000] {taskinstance.py:1205} INFO - Marking task as SUCCESS. dag_id=etl_data_pipeline_v2, task_id=gcs_to_bigquery.gcs_to_bq_CustomerSales, execution_date=20241105T164602, start_date=20241105T164619, end_date=20241105T164624
[2024-11-05T16:46:24.671+0000] {local_task_job_runner.py:240} INFO - Task exited with return code 0
[2024-11-05T16:46:24.689+0000] {taskinstance.py:3482} INFO - 0 downstream tasks scheduled from follow-on schedule check
[2024-11-05T16:46:24.697+0000] {local_task_job_runner.py:222} INFO - ::endgroup::
