[2024-09-29T09:11:34.718+0000] {local_task_job_runner.py:120} INFO - ::group::Pre task execution logs
[2024-09-29T09:11:34.786+0000] {taskinstance.py:2073} INFO - Dependencies all met for dep_context=non-requeueable deps ti=<TaskInstance: etl.gcs_to_bq_reorder scheduled__2024-06-01T00:00:00+00:00 [queued]>
[2024-09-29T09:11:34.816+0000] {taskinstance.py:2073} INFO - Dependencies all met for dep_context=requeueable deps ti=<TaskInstance: etl.gcs_to_bq_reorder scheduled__2024-06-01T00:00:00+00:00 [queued]>
[2024-09-29T09:11:34.816+0000] {taskinstance.py:2303} INFO - Starting attempt 1 of 1
[2024-09-29T09:11:34.855+0000] {taskinstance.py:2327} INFO - Executing <Task(GCSToBigQueryOperator): gcs_to_bq_reorder> on 2024-06-01 00:00:00+00:00
[2024-09-29T09:11:34.881+0000] {logging_mixin.py:188} WARNING - /home/***/.local/lib/python3.12/site-packages/***/task/task_runner/standard_task_runner.py:61 DeprecationWarning: This process (pid=32542) is multi-threaded, use of fork() may lead to deadlocks in the child.
[2024-09-29T09:11:34.885+0000] {standard_task_runner.py:63} INFO - Started process 32599 to run task
[2024-09-29T09:11:34.902+0000] {standard_task_runner.py:90} INFO - Running: ['***', 'tasks', 'run', 'etl', 'gcs_to_bq_reorder', 'scheduled__2024-06-01T00:00:00+00:00', '--job-id', '508', '--raw', '--subdir', 'DAGS_FOLDER/etl.py', '--cfg-path', '/tmp/tmpp5nysy5p']
[2024-09-29T09:11:34.905+0000] {standard_task_runner.py:91} INFO - Job 508: Subtask gcs_to_bq_reorder
[2024-09-29T09:11:35.061+0000] {task_command.py:426} INFO - Running <TaskInstance: etl.gcs_to_bq_reorder scheduled__2024-06-01T00:00:00+00:00 [running]> on host 71321b93f95e
[2024-09-29T09:11:35.298+0000] {taskinstance.py:2644} INFO - Exporting env vars: AIRFLOW_CTX_DAG_OWNER='***' AIRFLOW_CTX_DAG_ID='etl' AIRFLOW_CTX_TASK_ID='gcs_to_bq_reorder' AIRFLOW_CTX_EXECUTION_DATE='2024-06-01T00:00:00+00:00' AIRFLOW_CTX_TRY_NUMBER='1' AIRFLOW_CTX_DAG_RUN_ID='scheduled__2024-06-01T00:00:00+00:00'
[2024-09-29T09:11:35.300+0000] {taskinstance.py:430} INFO - ::endgroup::
[2024-09-29T09:11:35.320+0000] {connection.py:274} WARNING - Connection schemes (type: google_cloud_platform) shall not contain '_' according to RFC3986.
[2024-09-29T09:11:35.332+0000] {base.py:84} INFO - Using connection ID 'my_gcp_conn' for task execution.
[2024-09-29T09:11:35.333+0000] {gcs_to_bigquery.py:379} INFO - Using existing BigQuery table for storing data...
[2024-09-29T09:11:35.461+0000] {bigquery.py:2328} INFO - Project is not included in destination_project_dataset_table: finalproject_data.reorder; using project "madt-finalproject"
[2024-09-29T09:11:35.462+0000] {gcs_to_bigquery.py:383} INFO - Executing: {'load': {'autodetect': True, 'createDisposition': 'CREATE_IF_NEEDED', 'destinationTable': {'projectId': 'madt-finalproject', 'datasetId': 'finalproject_data', 'tableId': 'reorder'}, 'sourceFormat': 'CSV', 'sourceUris': ['gs://storage-madt-finalproject/reorder.csv'], 'writeDisposition': 'WRITE_TRUNCATE', 'ignoreUnknownValues': False, 'skipLeadingRows': None, 'fieldDelimiter': ',', 'quote': None, 'allowQuotedNewlines': False, 'encoding': 'UTF-8'}}
[2024-09-29T09:11:35.462+0000] {bigquery.py:1613} INFO - Inserting job ***_etl_gcs_to_bq_reorder_2024_06_01T00_00_00_00_00_08107fb997cf16ac3c6d09982cbf7186
[2024-09-29T09:11:38.446+0000] {taskinstance.py:441} INFO - ::group::Post task execution logs
[2024-09-29T09:11:38.506+0000] {taskinstance.py:1205} INFO - Marking task as SUCCESS. dag_id=etl, task_id=gcs_to_bq_reorder, execution_date=20240601T000000, start_date=20240929T091134, end_date=20240929T091138
[2024-09-29T09:11:38.638+0000] {local_task_job_runner.py:240} INFO - Task exited with return code 0
[2024-09-29T09:11:38.995+0000] {taskinstance.py:3482} INFO - 0 downstream tasks scheduled from follow-on schedule check
[2024-09-29T09:11:39.012+0000] {local_task_job_runner.py:222} INFO - ::endgroup::
