[2024-10-01T18:26:15.421+0000] {local_task_job_runner.py:120} INFO - ::group::Pre task execution logs
[2024-10-01T18:26:15.478+0000] {taskinstance.py:2073} INFO - Dependencies all met for dep_context=non-requeueable deps ti=<TaskInstance: etl_with_cleaning_transfer.gcs_to_bigquery.gcs_to_bq_store manual__2024-10-01T18:25:58.684021+00:00 [queued]>
[2024-10-01T18:26:15.531+0000] {taskinstance.py:2073} INFO - Dependencies all met for dep_context=requeueable deps ti=<TaskInstance: etl_with_cleaning_transfer.gcs_to_bigquery.gcs_to_bq_store manual__2024-10-01T18:25:58.684021+00:00 [queued]>
[2024-10-01T18:26:15.531+0000] {taskinstance.py:2303} INFO - Starting attempt 1 of 4
[2024-10-01T18:26:15.589+0000] {taskinstance.py:2327} INFO - Executing <Task(GCSToBigQueryOperator): gcs_to_bigquery.gcs_to_bq_store> on 2024-10-01 18:25:58.684021+00:00
[2024-10-01T18:26:15.646+0000] {standard_task_runner.py:90} INFO - Running: ['***', 'tasks', 'run', 'etl_with_cleaning_transfer', 'gcs_to_bigquery.gcs_to_bq_store', 'manual__2024-10-01T18:25:58.684021+00:00', '--job-id', '2905', '--raw', '--subdir', 'DAGS_FOLDER/etl.py', '--cfg-path', '/tmp/tmp2dfou_oq']
[2024-10-01T18:26:15.649+0000] {standard_task_runner.py:91} INFO - Job 2905: Subtask gcs_to_bigquery.gcs_to_bq_store
[2024-10-01T18:26:15.662+0000] {logging_mixin.py:188} WARNING - /home/***/.local/lib/python3.12/site-packages/***/task/task_runner/standard_task_runner.py:61 DeprecationWarning: This process (pid=22694) is multi-threaded, use of fork() may lead to deadlocks in the child.
[2024-10-01T18:26:15.663+0000] {standard_task_runner.py:63} INFO - Started process 22805 to run task
[2024-10-01T18:26:15.795+0000] {task_command.py:426} INFO - Running <TaskInstance: etl_with_cleaning_transfer.gcs_to_bigquery.gcs_to_bq_store manual__2024-10-01T18:25:58.684021+00:00 [running]> on host 71321b93f95e
[2024-10-01T18:26:16.059+0000] {taskinstance.py:2644} INFO - Exporting env vars: AIRFLOW_CTX_DAG_OWNER='***' AIRFLOW_CTX_DAG_ID='etl_with_cleaning_transfer' AIRFLOW_CTX_TASK_ID='gcs_to_bigquery.gcs_to_bq_store' AIRFLOW_CTX_EXECUTION_DATE='2024-10-01T18:25:58.684021+00:00' AIRFLOW_CTX_TRY_NUMBER='1' AIRFLOW_CTX_DAG_RUN_ID='manual__2024-10-01T18:25:58.684021+00:00'
[2024-10-01T18:26:16.061+0000] {taskinstance.py:430} INFO - ::endgroup::
[2024-10-01T18:26:16.082+0000] {connection.py:274} WARNING - Connection schemes (type: google_cloud_platform) shall not contain '_' according to RFC3986.
[2024-10-01T18:26:16.093+0000] {base.py:84} INFO - Using connection ID 'my-gcp-conn' for task execution.
[2024-10-01T18:26:16.107+0000] {gcs_to_bigquery.py:379} INFO - Using existing BigQuery table for storing data...
[2024-10-01T18:26:16.217+0000] {gcs_to_bigquery.py:383} INFO - Executing: {'load': {'autodetect': True, 'createDisposition': 'CREATE_IF_NEEDED', 'destinationTable': {'projectId': 'madt-finalproject', 'datasetId': 'finalproject_data', 'tableId': 'store'}, 'sourceFormat': 'CSV', 'sourceUris': ['gs://storage-madt-finalproject/cleaned_store.csv'], 'writeDisposition': 'WRITE_TRUNCATE', 'ignoreUnknownValues': True, 'maxBadRecords': 10, 'skipLeadingRows': 1, 'fieldDelimiter': ',', 'quote': None, 'allowQuotedNewlines': False, 'encoding': 'UTF-8'}}
[2024-10-01T18:26:16.218+0000] {bigquery.py:1613} INFO - Inserting job ***_etl_with_cleaning_transfer_gcs_to_bigquery_gcs_to_bq_store_2024_10_01T18_25_58_684021_00_00_d7b7447b34e29931b86a5e6bd638bfa7
[2024-10-01T18:26:19.729+0000] {taskinstance.py:441} INFO - ::group::Post task execution logs
[2024-10-01T18:26:19.740+0000] {taskinstance.py:1205} INFO - Marking task as SUCCESS. dag_id=etl_with_cleaning_transfer, task_id=gcs_to_bigquery.gcs_to_bq_store, execution_date=20241001T182558, start_date=20241001T182615, end_date=20241001T182619
[2024-10-01T18:26:19.791+0000] {local_task_job_runner.py:240} INFO - Task exited with return code 0
[2024-10-01T18:26:19.816+0000] {taskinstance.py:3482} INFO - 0 downstream tasks scheduled from follow-on schedule check
[2024-10-01T18:26:19.825+0000] {local_task_job_runner.py:222} INFO - ::endgroup::
