[2024-09-29T14:20:32.899+0000] {local_task_job_runner.py:120} INFO - ::group::Pre task execution logs
[2024-09-29T14:20:32.944+0000] {taskinstance.py:2073} INFO - Dependencies all met for dep_context=non-requeueable deps ti=<TaskInstance: etl.upload_file_reorder_to_warehouse scheduled__2024-07-21T00:00:00+00:00 [queued]>
[2024-09-29T14:20:32.996+0000] {taskinstance.py:2073} INFO - Dependencies all met for dep_context=requeueable deps ti=<TaskInstance: etl.upload_file_reorder_to_warehouse scheduled__2024-07-21T00:00:00+00:00 [queued]>
[2024-09-29T14:20:32.998+0000] {taskinstance.py:2303} INFO - Starting attempt 1 of 1
[2024-09-29T14:20:33.051+0000] {taskinstance.py:2327} INFO - Executing <Task(GCSToGCSOperator): upload_file_reorder_to_warehouse> on 2024-07-21 00:00:00+00:00
[2024-09-29T14:20:33.136+0000] {standard_task_runner.py:90} INFO - Running: ['***', 'tasks', 'run', 'etl', 'upload_file_reorder_to_warehouse', 'scheduled__2024-07-21T00:00:00+00:00', '--job-id', '1240', '--raw', '--subdir', 'DAGS_FOLDER/etl.py', '--cfg-path', '/tmp/tmp8zlzk3ag']
[2024-09-29T14:20:33.138+0000] {standard_task_runner.py:91} INFO - Job 1240: Subtask upload_file_reorder_to_warehouse
[2024-09-29T14:20:33.146+0000] {logging_mixin.py:188} WARNING - /home/***/.local/lib/python3.12/site-packages/***/task/task_runner/standard_task_runner.py:61 DeprecationWarning: This process (pid=15610) is multi-threaded, use of fork() may lead to deadlocks in the child.
[2024-09-29T14:20:33.147+0000] {standard_task_runner.py:63} INFO - Started process 15727 to run task
[2024-09-29T14:20:33.269+0000] {task_command.py:426} INFO - Running <TaskInstance: etl.upload_file_reorder_to_warehouse scheduled__2024-07-21T00:00:00+00:00 [running]> on host 71321b93f95e
[2024-09-29T14:20:33.513+0000] {taskinstance.py:2644} INFO - Exporting env vars: AIRFLOW_CTX_DAG_OWNER='***' AIRFLOW_CTX_DAG_ID='etl' AIRFLOW_CTX_TASK_ID='upload_file_reorder_to_warehouse' AIRFLOW_CTX_EXECUTION_DATE='2024-07-21T00:00:00+00:00' AIRFLOW_CTX_TRY_NUMBER='1' AIRFLOW_CTX_DAG_RUN_ID='scheduled__2024-07-21T00:00:00+00:00'
[2024-09-29T14:20:33.516+0000] {taskinstance.py:430} INFO - ::endgroup::
[2024-09-29T14:20:33.541+0000] {connection.py:274} WARNING - Connection schemes (type: google_cloud_platform) shall not contain '_' according to RFC3986.
[2024-09-29T14:20:33.555+0000] {base.py:84} INFO - Using connection ID 'my-gcp-conn' for task execution.
[2024-09-29T14:20:34.368+0000] {gcs_to_gcs.py:535} INFO - Executing copy of gs://rawdata-madt-finalproject/reorder.csv to gs://storage-madt-finalproject/reorder.csv
[2024-09-29T14:20:35.759+0000] {gcs.py:256} INFO - Total Bytes: 404 | Bytes Written: 404
[2024-09-29T14:20:35.759+0000] {gcs.py:264} INFO - Object reorder.csv in bucket rawdata-madt-finalproject rewritten to object reorder.csv in bucket storage-madt-finalproject
[2024-09-29T14:20:35.760+0000] {taskinstance.py:441} INFO - ::group::Post task execution logs
[2024-09-29T14:20:35.786+0000] {taskinstance.py:1205} INFO - Marking task as SUCCESS. dag_id=etl, task_id=upload_file_reorder_to_warehouse, execution_date=20240721T000000, start_date=20240929T142032, end_date=20240929T142035
[2024-09-29T14:20:36.119+0000] {local_task_job_runner.py:240} INFO - Task exited with return code 0
[2024-09-29T14:20:36.941+0000] {taskinstance.py:3482} INFO - 0 downstream tasks scheduled from follow-on schedule check
[2024-09-29T14:20:36.965+0000] {local_task_job_runner.py:222} INFO - ::endgroup::
