[2024-09-29T14:34:37.150+0000] {local_task_job_runner.py:120} INFO - ::group::Pre task execution logs
[2024-09-29T14:34:37.188+0000] {taskinstance.py:2073} INFO - Dependencies all met for dep_context=non-requeueable deps ti=<TaskInstance: etl.gcs_to_bq_invoice_trans scheduled__2024-09-11T00:00:00+00:00 [queued]>
[2024-09-29T14:34:37.207+0000] {taskinstance.py:2073} INFO - Dependencies all met for dep_context=requeueable deps ti=<TaskInstance: etl.gcs_to_bq_invoice_trans scheduled__2024-09-11T00:00:00+00:00 [queued]>
[2024-09-29T14:34:37.207+0000] {taskinstance.py:2303} INFO - Starting attempt 1 of 1
[2024-09-29T14:34:37.241+0000] {taskinstance.py:2327} INFO - Executing <Task(GCSToBigQueryOperator): gcs_to_bq_invoice_trans> on 2024-09-11 00:00:00+00:00
[2024-09-29T14:34:37.273+0000] {standard_task_runner.py:90} INFO - Running: ['***', 'tasks', 'run', 'etl', 'gcs_to_bq_invoice_trans', 'scheduled__2024-09-11T00:00:00+00:00', '--job-id', '2463', '--raw', '--subdir', 'DAGS_FOLDER/etl.py', '--cfg-path', '/tmp/tmpajnl6b_8']
[2024-09-29T14:34:37.274+0000] {standard_task_runner.py:91} INFO - Job 2463: Subtask gcs_to_bq_invoice_trans
[2024-09-29T14:34:37.272+0000] {logging_mixin.py:188} WARNING - /home/***/.local/lib/python3.12/site-packages/***/task/task_runner/standard_task_runner.py:61 DeprecationWarning: This process (pid=26567) is multi-threaded, use of fork() may lead to deadlocks in the child.
[2024-09-29T14:34:37.276+0000] {standard_task_runner.py:63} INFO - Started process 26660 to run task
[2024-09-29T14:34:37.387+0000] {task_command.py:426} INFO - Running <TaskInstance: etl.gcs_to_bq_invoice_trans scheduled__2024-09-11T00:00:00+00:00 [running]> on host 71321b93f95e
[2024-09-29T14:34:37.602+0000] {taskinstance.py:2644} INFO - Exporting env vars: AIRFLOW_CTX_DAG_OWNER='***' AIRFLOW_CTX_DAG_ID='etl' AIRFLOW_CTX_TASK_ID='gcs_to_bq_invoice_trans' AIRFLOW_CTX_EXECUTION_DATE='2024-09-11T00:00:00+00:00' AIRFLOW_CTX_TRY_NUMBER='1' AIRFLOW_CTX_DAG_RUN_ID='scheduled__2024-09-11T00:00:00+00:00'
[2024-09-29T14:34:37.603+0000] {taskinstance.py:430} INFO - ::endgroup::
[2024-09-29T14:34:37.616+0000] {connection.py:274} WARNING - Connection schemes (type: google_cloud_platform) shall not contain '_' according to RFC3986.
[2024-09-29T14:34:37.629+0000] {base.py:84} INFO - Using connection ID 'my-gcp-conn' for task execution.
[2024-09-29T14:34:37.633+0000] {gcs_to_bigquery.py:379} INFO - Using existing BigQuery table for storing data...
[2024-09-29T14:34:37.782+0000] {gcs_to_bigquery.py:383} INFO - Executing: {'load': {'autodetect': True, 'createDisposition': 'CREATE_IF_NEEDED', 'destinationTable': {'projectId': 'madt-finalproject', 'datasetId': 'finalproject_data', 'tableId': 'invoice_trans'}, 'sourceFormat': 'CSV', 'sourceUris': ['gs://storage-madt-finalproject/invoice_trans.csv'], 'writeDisposition': 'WRITE_TRUNCATE', 'ignoreUnknownValues': False, 'skipLeadingRows': None, 'fieldDelimiter': ',', 'quote': None, 'allowQuotedNewlines': False, 'encoding': 'UTF-8'}}
[2024-09-29T14:34:37.786+0000] {bigquery.py:1613} INFO - Inserting job ***_etl_gcs_to_bq_invoice_trans_2024_09_11T00_00_00_00_00_48c787603885fde714a44b06b05643e8
[2024-09-29T14:34:40.892+0000] {taskinstance.py:441} INFO - ::group::Post task execution logs
[2024-09-29T14:34:40.939+0000] {taskinstance.py:1205} INFO - Marking task as SUCCESS. dag_id=etl, task_id=gcs_to_bq_invoice_trans, execution_date=20240911T000000, start_date=20240929T143437, end_date=20240929T143440
[2024-09-29T14:34:41.166+0000] {local_task_job_runner.py:240} INFO - Task exited with return code 0
[2024-09-29T14:34:41.303+0000] {taskinstance.py:3482} INFO - 0 downstream tasks scheduled from follow-on schedule check
[2024-09-29T14:34:41.319+0000] {local_task_job_runner.py:222} INFO - ::endgroup::
