[2024-09-29T14:25:39.787+0000] {local_task_job_runner.py:120} INFO - ::group::Pre task execution logs
[2024-09-29T14:25:39.837+0000] {taskinstance.py:2073} INFO - Dependencies all met for dep_context=non-requeueable deps ti=<TaskInstance: etl.gcs_to_bq_invoice_type scheduled__2024-08-01T00:00:00+00:00 [queued]>
[2024-09-29T14:25:39.868+0000] {taskinstance.py:2073} INFO - Dependencies all met for dep_context=requeueable deps ti=<TaskInstance: etl.gcs_to_bq_invoice_type scheduled__2024-08-01T00:00:00+00:00 [queued]>
[2024-09-29T14:25:39.869+0000] {taskinstance.py:2303} INFO - Starting attempt 1 of 1
[2024-09-29T14:25:39.947+0000] {taskinstance.py:2327} INFO - Executing <Task(GCSToBigQueryOperator): gcs_to_bq_invoice_type> on 2024-08-01 00:00:00+00:00
[2024-09-29T14:25:39.990+0000] {logging_mixin.py:188} WARNING - /home/***/.local/lib/python3.12/site-packages/***/task/task_runner/standard_task_runner.py:61 DeprecationWarning: This process (pid=19606) is multi-threaded, use of fork() may lead to deadlocks in the child.
[2024-09-29T14:25:39.992+0000] {standard_task_runner.py:63} INFO - Started process 19684 to run task
[2024-09-29T14:25:39.989+0000] {standard_task_runner.py:90} INFO - Running: ['***', 'tasks', 'run', 'etl', 'gcs_to_bq_invoice_type', 'scheduled__2024-08-01T00:00:00+00:00', '--job-id', '1680', '--raw', '--subdir', 'DAGS_FOLDER/etl.py', '--cfg-path', '/tmp/tmp2ixlh_da']
[2024-09-29T14:25:39.994+0000] {standard_task_runner.py:91} INFO - Job 1680: Subtask gcs_to_bq_invoice_type
[2024-09-29T14:25:40.155+0000] {task_command.py:426} INFO - Running <TaskInstance: etl.gcs_to_bq_invoice_type scheduled__2024-08-01T00:00:00+00:00 [running]> on host 71321b93f95e
[2024-09-29T14:25:40.512+0000] {taskinstance.py:2644} INFO - Exporting env vars: AIRFLOW_CTX_DAG_OWNER='***' AIRFLOW_CTX_DAG_ID='etl' AIRFLOW_CTX_TASK_ID='gcs_to_bq_invoice_type' AIRFLOW_CTX_EXECUTION_DATE='2024-08-01T00:00:00+00:00' AIRFLOW_CTX_TRY_NUMBER='1' AIRFLOW_CTX_DAG_RUN_ID='scheduled__2024-08-01T00:00:00+00:00'
[2024-09-29T14:25:40.513+0000] {taskinstance.py:430} INFO - ::endgroup::
[2024-09-29T14:25:40.550+0000] {connection.py:274} WARNING - Connection schemes (type: google_cloud_platform) shall not contain '_' according to RFC3986.
[2024-09-29T14:25:40.583+0000] {base.py:84} INFO - Using connection ID 'my-gcp-conn' for task execution.
[2024-09-29T14:25:40.584+0000] {gcs_to_bigquery.py:379} INFO - Using existing BigQuery table for storing data...
[2024-09-29T14:25:40.733+0000] {gcs_to_bigquery.py:383} INFO - Executing: {'load': {'autodetect': True, 'createDisposition': 'CREATE_IF_NEEDED', 'destinationTable': {'projectId': 'madt-finalproject', 'datasetId': 'finalproject_data', 'tableId': 'invoice_type'}, 'sourceFormat': 'CSV', 'sourceUris': ['gs://storage-madt-finalproject/invoice_type.csv'], 'writeDisposition': 'WRITE_TRUNCATE', 'ignoreUnknownValues': False, 'skipLeadingRows': None, 'fieldDelimiter': ',', 'quote': None, 'allowQuotedNewlines': False, 'encoding': 'UTF-8'}}
[2024-09-29T14:25:40.734+0000] {bigquery.py:1613} INFO - Inserting job ***_etl_gcs_to_bq_invoice_type_2024_08_01T00_00_00_00_00_535fe8e9ea47f221ec4c9f65f0c484a6
[2024-09-29T14:25:43.631+0000] {taskinstance.py:441} INFO - ::group::Post task execution logs
[2024-09-29T14:25:43.655+0000] {taskinstance.py:1205} INFO - Marking task as SUCCESS. dag_id=etl, task_id=gcs_to_bq_invoice_type, execution_date=20240801T000000, start_date=20240929T142539, end_date=20240929T142543
[2024-09-29T14:25:43.798+0000] {local_task_job_runner.py:240} INFO - Task exited with return code 0
[2024-09-29T14:25:43.880+0000] {taskinstance.py:3482} INFO - 0 downstream tasks scheduled from follow-on schedule check
[2024-09-29T14:25:43.899+0000] {local_task_job_runner.py:222} INFO - ::endgroup::
