[2024-10-01T18:39:39.922+0000] {local_task_job_runner.py:120} INFO - ::group::Pre task execution logs
[2024-10-01T18:39:39.971+0000] {taskinstance.py:2073} INFO - Dependencies all met for dep_context=non-requeueable deps ti=<TaskInstance: etl_with_cleaning_transfer.gcs_to_bigquery.gcs_to_bq_store manual__2024-10-01T18:39:23.499512+00:00 [queued]>
[2024-10-01T18:39:40.016+0000] {taskinstance.py:2073} INFO - Dependencies all met for dep_context=requeueable deps ti=<TaskInstance: etl_with_cleaning_transfer.gcs_to_bigquery.gcs_to_bq_store manual__2024-10-01T18:39:23.499512+00:00 [queued]>
[2024-10-01T18:39:40.020+0000] {taskinstance.py:2303} INFO - Starting attempt 1 of 4
[2024-10-01T18:39:40.076+0000] {taskinstance.py:2327} INFO - Executing <Task(GCSToBigQueryOperator): gcs_to_bigquery.gcs_to_bq_store> on 2024-10-01 18:39:23.499512+00:00
[2024-10-01T18:39:40.124+0000] {standard_task_runner.py:90} INFO - Running: ['***', 'tasks', 'run', 'etl_with_cleaning_transfer', 'gcs_to_bigquery.gcs_to_bq_store', 'manual__2024-10-01T18:39:23.499512+00:00', '--job-id', '2995', '--raw', '--subdir', 'DAGS_FOLDER/etl.py', '--cfg-path', '/tmp/tmptvhzwrg7']
[2024-10-01T18:39:40.127+0000] {standard_task_runner.py:91} INFO - Job 2995: Subtask gcs_to_bigquery.gcs_to_bq_store
[2024-10-01T18:39:40.124+0000] {logging_mixin.py:188} WARNING - /home/***/.local/lib/python3.12/site-packages/***/task/task_runner/standard_task_runner.py:61 DeprecationWarning: This process (pid=30036) is multi-threaded, use of fork() may lead to deadlocks in the child.
[2024-10-01T18:39:40.133+0000] {standard_task_runner.py:63} INFO - Started process 30133 to run task
[2024-10-01T18:39:40.282+0000] {task_command.py:426} INFO - Running <TaskInstance: etl_with_cleaning_transfer.gcs_to_bigquery.gcs_to_bq_store manual__2024-10-01T18:39:23.499512+00:00 [running]> on host 71321b93f95e
[2024-10-01T18:39:40.602+0000] {taskinstance.py:2644} INFO - Exporting env vars: AIRFLOW_CTX_DAG_OWNER='***' AIRFLOW_CTX_DAG_ID='etl_with_cleaning_transfer' AIRFLOW_CTX_TASK_ID='gcs_to_bigquery.gcs_to_bq_store' AIRFLOW_CTX_EXECUTION_DATE='2024-10-01T18:39:23.499512+00:00' AIRFLOW_CTX_TRY_NUMBER='1' AIRFLOW_CTX_DAG_RUN_ID='manual__2024-10-01T18:39:23.499512+00:00'
[2024-10-01T18:39:40.606+0000] {taskinstance.py:430} INFO - ::endgroup::
[2024-10-01T18:39:40.633+0000] {connection.py:274} WARNING - Connection schemes (type: google_cloud_platform) shall not contain '_' according to RFC3986.
[2024-10-01T18:39:40.653+0000] {base.py:84} INFO - Using connection ID 'my-gcp-conn' for task execution.
[2024-10-01T18:39:40.655+0000] {gcs_to_bigquery.py:379} INFO - Using existing BigQuery table for storing data...
[2024-10-01T18:39:40.741+0000] {gcs_to_bigquery.py:383} INFO - Executing: {'load': {'autodetect': True, 'createDisposition': 'CREATE_IF_NEEDED', 'destinationTable': {'projectId': 'madt-finalproject', 'datasetId': 'finalproject_data', 'tableId': 'store'}, 'sourceFormat': 'CSV', 'sourceUris': ['gs://storage-madt-finalproject/cleaned_store.csv'], 'writeDisposition': 'WRITE_TRUNCATE', 'ignoreUnknownValues': True, 'maxBadRecords': 10, 'skipLeadingRows': 1, 'fieldDelimiter': ',', 'quote': None, 'allowQuotedNewlines': False, 'encoding': 'UTF-8'}}
[2024-10-01T18:39:40.743+0000] {bigquery.py:1613} INFO - Inserting job ***_etl_with_cleaning_transfer_gcs_to_bigquery_gcs_to_bq_store_2024_10_01T18_39_23_499512_00_00_ef77a6a1d89a927e806fe9a92710ea72
[2024-10-01T18:39:43.854+0000] {taskinstance.py:441} INFO - ::group::Post task execution logs
[2024-10-01T18:39:43.862+0000] {taskinstance.py:1205} INFO - Marking task as SUCCESS. dag_id=etl_with_cleaning_transfer, task_id=gcs_to_bigquery.gcs_to_bq_store, execution_date=20241001T183923, start_date=20241001T183939, end_date=20241001T183943
[2024-10-01T18:39:43.899+0000] {local_task_job_runner.py:240} INFO - Task exited with return code 0
[2024-10-01T18:39:43.918+0000] {taskinstance.py:3482} INFO - 0 downstream tasks scheduled from follow-on schedule check
[2024-10-01T18:39:43.923+0000] {local_task_job_runner.py:222} INFO - ::endgroup::
