[2024-09-29T09:11:02.571+0000] {local_task_job_runner.py:120} INFO - ::group::Pre task execution logs
[2024-09-29T09:11:02.638+0000] {taskinstance.py:2073} INFO - Dependencies all met for dep_context=non-requeueable deps ti=<TaskInstance: etl.create_dataset scheduled__2024-06-08T00:00:00+00:00 [queued]>
[2024-09-29T09:11:02.677+0000] {taskinstance.py:2073} INFO - Dependencies all met for dep_context=requeueable deps ti=<TaskInstance: etl.create_dataset scheduled__2024-06-08T00:00:00+00:00 [queued]>
[2024-09-29T09:11:02.684+0000] {taskinstance.py:2303} INFO - Starting attempt 1 of 1
[2024-09-29T09:11:03.637+0000] {taskinstance.py:2327} INFO - Executing <Task(BigQueryCreateEmptyDatasetOperator): create_dataset> on 2024-06-08 00:00:00+00:00
[2024-09-29T09:11:03.712+0000] {standard_task_runner.py:90} INFO - Running: ['***', 'tasks', 'run', 'etl', 'create_dataset', 'scheduled__2024-06-08T00:00:00+00:00', '--job-id', '461', '--raw', '--subdir', 'DAGS_FOLDER/etl.py', '--cfg-path', '/tmp/tmpv1qca8jo']
[2024-09-29T09:11:03.728+0000] {standard_task_runner.py:91} INFO - Job 461: Subtask create_dataset
[2024-09-29T09:11:03.708+0000] {logging_mixin.py:188} WARNING - /home/***/.local/lib/python3.12/site-packages/***/task/task_runner/standard_task_runner.py:61 DeprecationWarning: This process (pid=32079) is multi-threaded, use of fork() may lead to deadlocks in the child.
[2024-09-29T09:11:03.733+0000] {standard_task_runner.py:63} INFO - Started process 32205 to run task
[2024-09-29T09:11:03.993+0000] {task_command.py:426} INFO - Running <TaskInstance: etl.create_dataset scheduled__2024-06-08T00:00:00+00:00 [running]> on host 71321b93f95e
[2024-09-29T09:11:04.479+0000] {taskinstance.py:2644} INFO - Exporting env vars: AIRFLOW_CTX_DAG_OWNER='***' AIRFLOW_CTX_DAG_ID='etl' AIRFLOW_CTX_TASK_ID='create_dataset' AIRFLOW_CTX_EXECUTION_DATE='2024-06-08T00:00:00+00:00' AIRFLOW_CTX_TRY_NUMBER='1' AIRFLOW_CTX_DAG_RUN_ID='scheduled__2024-06-08T00:00:00+00:00'
[2024-09-29T09:11:04.480+0000] {taskinstance.py:430} INFO - ::endgroup::
[2024-09-29T09:11:04.513+0000] {connection.py:274} WARNING - Connection schemes (type: google_cloud_platform) shall not contain '_' according to RFC3986.
[2024-09-29T09:11:04.536+0000] {base.py:84} INFO - Using connection ID 'my_gcp_conn' for task execution.
[2024-09-29T09:11:04.932+0000] {bigquery.py:470} INFO - datasetId was not specified in `dataset_reference`. Will use default value finalproject_data.
[2024-09-29T09:11:04.933+0000] {bigquery.py:470} INFO - projectId was not specified in `dataset_reference`. Will use default value madt-finalproject.
[2024-09-29T09:11:04.933+0000] {bigquery.py:481} INFO - Creating dataset: finalproject_data in project: madt-finalproject 
[2024-09-29T09:11:05.709+0000] {bigquery.py:2045} INFO - Dataset finalproject_data already exists.
[2024-09-29T09:11:05.745+0000] {taskinstance.py:441} INFO - ::group::Post task execution logs
[2024-09-29T09:11:05.771+0000] {taskinstance.py:1205} INFO - Marking task as SUCCESS. dag_id=etl, task_id=create_dataset, execution_date=20240608T000000, start_date=20240929T091102, end_date=20240929T091105
[2024-09-29T09:11:05.891+0000] {local_task_job_runner.py:240} INFO - Task exited with return code 0
[2024-09-29T09:11:06.137+0000] {taskinstance.py:3482} INFO - 9 downstream tasks scheduled from follow-on schedule check
[2024-09-29T09:11:06.148+0000] {local_task_job_runner.py:222} INFO - ::endgroup::
