[2024-09-29T14:31:55.411+0000] {local_task_job_runner.py:120} INFO - ::group::Pre task execution logs
[2024-09-29T14:31:55.496+0000] {taskinstance.py:2073} INFO - Dependencies all met for dep_context=non-requeueable deps ti=<TaskInstance: etl.gcs_to_bq_zoning scheduled__2024-08-29T00:00:00+00:00 [queued]>
[2024-09-29T14:31:55.532+0000] {taskinstance.py:2073} INFO - Dependencies all met for dep_context=requeueable deps ti=<TaskInstance: etl.gcs_to_bq_zoning scheduled__2024-08-29T00:00:00+00:00 [queued]>
[2024-09-29T14:31:55.533+0000] {taskinstance.py:2303} INFO - Starting attempt 1 of 1
[2024-09-29T14:31:55.816+0000] {taskinstance.py:2327} INFO - Executing <Task(GCSToBigQueryOperator): gcs_to_bq_zoning> on 2024-08-29 00:00:00+00:00
[2024-09-29T14:31:55.860+0000] {standard_task_runner.py:90} INFO - Running: ['***', 'tasks', 'run', 'etl', 'gcs_to_bq_zoning', 'scheduled__2024-08-29T00:00:00+00:00', '--job-id', '2227', '--raw', '--subdir', 'DAGS_FOLDER/etl.py', '--cfg-path', '/tmp/tmpz9qmc9fi']
[2024-09-29T14:31:55.862+0000] {standard_task_runner.py:91} INFO - Job 2227: Subtask gcs_to_bq_zoning
[2024-09-29T14:31:55.856+0000] {logging_mixin.py:188} WARNING - /home/***/.local/lib/python3.12/site-packages/***/task/task_runner/standard_task_runner.py:61 DeprecationWarning: This process (pid=24455) is multi-threaded, use of fork() may lead to deadlocks in the child.
[2024-09-29T14:31:55.865+0000] {standard_task_runner.py:63} INFO - Started process 24557 to run task
[2024-09-29T14:31:56.071+0000] {task_command.py:426} INFO - Running <TaskInstance: etl.gcs_to_bq_zoning scheduled__2024-08-29T00:00:00+00:00 [running]> on host 71321b93f95e
[2024-09-29T14:31:56.335+0000] {taskinstance.py:2644} INFO - Exporting env vars: AIRFLOW_CTX_DAG_OWNER='***' AIRFLOW_CTX_DAG_ID='etl' AIRFLOW_CTX_TASK_ID='gcs_to_bq_zoning' AIRFLOW_CTX_EXECUTION_DATE='2024-08-29T00:00:00+00:00' AIRFLOW_CTX_TRY_NUMBER='1' AIRFLOW_CTX_DAG_RUN_ID='scheduled__2024-08-29T00:00:00+00:00'
[2024-09-29T14:31:56.338+0000] {taskinstance.py:430} INFO - ::endgroup::
[2024-09-29T14:31:56.368+0000] {connection.py:274} WARNING - Connection schemes (type: google_cloud_platform) shall not contain '_' according to RFC3986.
[2024-09-29T14:31:56.398+0000] {base.py:84} INFO - Using connection ID 'my-gcp-conn' for task execution.
[2024-09-29T14:31:56.400+0000] {gcs_to_bigquery.py:379} INFO - Using existing BigQuery table for storing data...
[2024-09-29T14:31:56.525+0000] {gcs_to_bigquery.py:383} INFO - Executing: {'load': {'autodetect': True, 'createDisposition': 'CREATE_IF_NEEDED', 'destinationTable': {'projectId': 'madt-finalproject', 'datasetId': 'finalproject_data', 'tableId': 'zoning'}, 'sourceFormat': 'CSV', 'sourceUris': ['gs://storage-madt-finalproject/zoning.csv'], 'writeDisposition': 'WRITE_TRUNCATE', 'ignoreUnknownValues': False, 'skipLeadingRows': None, 'fieldDelimiter': ',', 'quote': None, 'allowQuotedNewlines': False, 'encoding': 'UTF-8'}}
[2024-09-29T14:31:56.528+0000] {bigquery.py:1613} INFO - Inserting job ***_etl_gcs_to_bq_zoning_2024_08_29T00_00_00_00_00_9d29d4c46bee3d8ffb77b30057bd15d2
[2024-09-29T14:31:59.756+0000] {taskinstance.py:441} INFO - ::group::Post task execution logs
[2024-09-29T14:31:59.779+0000] {taskinstance.py:1205} INFO - Marking task as SUCCESS. dag_id=etl, task_id=gcs_to_bq_zoning, execution_date=20240829T000000, start_date=20240929T143155, end_date=20240929T143159
[2024-09-29T14:31:59.916+0000] {local_task_job_runner.py:240} INFO - Task exited with return code 0
[2024-09-29T14:31:59.956+0000] {taskinstance.py:3482} INFO - 0 downstream tasks scheduled from follow-on schedule check
[2024-09-29T14:31:59.967+0000] {local_task_job_runner.py:222} INFO - ::endgroup::
