[2024-09-29T09:10:38.580+0000] {local_task_job_runner.py:120} INFO - ::group::Pre task execution logs
[2024-09-29T09:10:38.643+0000] {taskinstance.py:2073} INFO - Dependencies all met for dep_context=non-requeueable deps ti=<TaskInstance: etl.upload_file_customer_to_warehouse scheduled__2024-06-09T00:00:00+00:00 [queued]>
[2024-09-29T09:10:38.689+0000] {taskinstance.py:2073} INFO - Dependencies all met for dep_context=requeueable deps ti=<TaskInstance: etl.upload_file_customer_to_warehouse scheduled__2024-06-09T00:00:00+00:00 [queued]>
[2024-09-29T09:10:38.689+0000] {taskinstance.py:2303} INFO - Starting attempt 1 of 1
[2024-09-29T09:10:38.777+0000] {taskinstance.py:2327} INFO - Executing <Task(GCSToGCSOperator): upload_file_customer_to_warehouse> on 2024-06-09 00:00:00+00:00
[2024-09-29T09:10:38.883+0000] {logging_mixin.py:188} WARNING - /home/***/.local/lib/python3.12/site-packages/***/task/task_runner/standard_task_runner.py:61 DeprecationWarning: This process (pid=31804) is multi-threaded, use of fork() may lead to deadlocks in the child.
[2024-09-29T09:10:38.884+0000] {standard_task_runner.py:63} INFO - Started process 31897 to run task
[2024-09-29T09:10:38.885+0000] {standard_task_runner.py:90} INFO - Running: ['***', 'tasks', 'run', 'etl', 'upload_file_customer_to_warehouse', 'scheduled__2024-06-09T00:00:00+00:00', '--job-id', '426', '--raw', '--subdir', 'DAGS_FOLDER/etl.py', '--cfg-path', '/tmp/tmpxum8v0zg']
[2024-09-29T09:10:38.887+0000] {standard_task_runner.py:91} INFO - Job 426: Subtask upload_file_customer_to_warehouse
[2024-09-29T09:10:39.168+0000] {task_command.py:426} INFO - Running <TaskInstance: etl.upload_file_customer_to_warehouse scheduled__2024-06-09T00:00:00+00:00 [running]> on host 71321b93f95e
[2024-09-29T09:10:39.732+0000] {taskinstance.py:2644} INFO - Exporting env vars: AIRFLOW_CTX_DAG_OWNER='***' AIRFLOW_CTX_DAG_ID='etl' AIRFLOW_CTX_TASK_ID='upload_file_customer_to_warehouse' AIRFLOW_CTX_EXECUTION_DATE='2024-06-09T00:00:00+00:00' AIRFLOW_CTX_TRY_NUMBER='1' AIRFLOW_CTX_DAG_RUN_ID='scheduled__2024-06-09T00:00:00+00:00'
[2024-09-29T09:10:39.734+0000] {taskinstance.py:430} INFO - ::endgroup::
[2024-09-29T09:10:39.764+0000] {connection.py:274} WARNING - Connection schemes (type: google_cloud_platform) shall not contain '_' according to RFC3986.
[2024-09-29T09:10:39.789+0000] {base.py:84} INFO - Using connection ID 'my_gcp_conn' for task execution.
[2024-09-29T09:10:40.773+0000] {gcs_to_gcs.py:535} INFO - Executing copy of gs://rawdata-madt-finalproject/customer.csv to gs://storage-madt-finalproject/customer.csv
[2024-09-29T09:10:41.179+0000] {gcs.py:256} INFO - Total Bytes: 14321 | Bytes Written: 14321
[2024-09-29T09:10:41.179+0000] {gcs.py:264} INFO - Object customer.csv in bucket rawdata-madt-finalproject rewritten to object customer.csv in bucket storage-madt-finalproject
[2024-09-29T09:10:41.179+0000] {taskinstance.py:441} INFO - ::group::Post task execution logs
[2024-09-29T09:10:41.226+0000] {taskinstance.py:1205} INFO - Marking task as SUCCESS. dag_id=etl, task_id=upload_file_customer_to_warehouse, execution_date=20240609T000000, start_date=20240929T091038, end_date=20240929T091041
[2024-09-29T09:10:41.343+0000] {local_task_job_runner.py:240} INFO - Task exited with return code 0
[2024-09-29T09:10:41.433+0000] {taskinstance.py:3482} INFO - 0 downstream tasks scheduled from follow-on schedule check
[2024-09-29T09:10:41.443+0000] {local_task_job_runner.py:222} INFO - ::endgroup::
