[2024-09-29T08:11:44.305+0000] {processor.py:161} INFO - Started process (PID=201) to work on /home/airflow/.local/lib/python3.12/site-packages/airflow/example_dags/example_bash_operator.py
[2024-09-29T08:11:44.306+0000] {processor.py:830} INFO - Processing file /home/airflow/.local/lib/python3.12/site-packages/airflow/example_dags/example_bash_operator.py for tasks to queue
[2024-09-29T08:11:44.308+0000] {logging_mixin.py:188} INFO - [2024-09-29T08:11:44.308+0000] {dagbag.py:540} INFO - Filling up the DagBag from /home/airflow/.local/lib/python3.12/site-packages/airflow/example_dags/example_bash_operator.py
[2024-09-29T08:11:44.325+0000] {processor.py:840} INFO - DAG(s) 'example_bash_operator' retrieved from /home/airflow/.local/lib/python3.12/site-packages/airflow/example_dags/example_bash_operator.py
[2024-09-29T08:11:44.510+0000] {logging_mixin.py:188} INFO - [2024-09-29T08:11:44.507+0000] {override.py:1829} INFO - Created Permission View: can read on DAG:example_bash_operator
[2024-09-29T08:11:44.542+0000] {logging_mixin.py:188} INFO - [2024-09-29T08:11:44.541+0000] {override.py:1829} INFO - Created Permission View: can delete on DAG:example_bash_operator
[2024-09-29T08:11:44.564+0000] {logging_mixin.py:188} INFO - [2024-09-29T08:11:44.564+0000] {override.py:1829} INFO - Created Permission View: can edit on DAG:example_bash_operator
[2024-09-29T08:11:44.565+0000] {logging_mixin.py:188} INFO - [2024-09-29T08:11:44.565+0000] {dag.py:3096} INFO - Sync 1 DAGs
[2024-09-29T08:11:44.582+0000] {logging_mixin.py:188} INFO - [2024-09-29T08:11:44.582+0000] {dag.py:3118} INFO - Creating ORM DAG for example_bash_operator
[2024-09-29T08:11:44.596+0000] {logging_mixin.py:188} INFO - [2024-09-29T08:11:44.596+0000] {dag.py:3954} INFO - Setting next_dagrun for example_bash_operator to 2024-09-28 00:00:00+00:00, run_after=2024-09-29 00:00:00+00:00
[2024-09-29T08:11:44.620+0000] {processor.py:183} INFO - Processing /home/airflow/.local/lib/python3.12/site-packages/airflow/example_dags/example_bash_operator.py took 0.323 seconds
[2024-09-29T08:12:15.193+0000] {processor.py:161} INFO - Started process (PID=465) to work on /home/airflow/.local/lib/python3.12/site-packages/airflow/example_dags/example_bash_operator.py
[2024-09-29T08:12:15.194+0000] {processor.py:830} INFO - Processing file /home/airflow/.local/lib/python3.12/site-packages/airflow/example_dags/example_bash_operator.py for tasks to queue
[2024-09-29T08:12:15.195+0000] {logging_mixin.py:188} INFO - [2024-09-29T08:12:15.195+0000] {dagbag.py:540} INFO - Filling up the DagBag from /home/airflow/.local/lib/python3.12/site-packages/airflow/example_dags/example_bash_operator.py
[2024-09-29T08:12:15.205+0000] {processor.py:840} INFO - DAG(s) 'example_bash_operator' retrieved from /home/airflow/.local/lib/python3.12/site-packages/airflow/example_dags/example_bash_operator.py
[2024-09-29T08:12:15.229+0000] {logging_mixin.py:188} INFO - [2024-09-29T08:12:15.229+0000] {dag.py:3096} INFO - Sync 1 DAGs
[2024-09-29T08:12:15.249+0000] {logging_mixin.py:188} INFO - [2024-09-29T08:12:15.248+0000] {dag.py:3954} INFO - Setting next_dagrun for example_bash_operator to 2024-09-28 00:00:00+00:00, run_after=2024-09-29 00:00:00+00:00
[2024-09-29T08:12:15.276+0000] {processor.py:183} INFO - Processing /home/airflow/.local/lib/python3.12/site-packages/airflow/example_dags/example_bash_operator.py took 0.087 seconds
[2024-09-29T08:12:45.547+0000] {processor.py:161} INFO - Started process (PID=736) to work on /home/airflow/.local/lib/python3.12/site-packages/airflow/example_dags/example_bash_operator.py
[2024-09-29T08:12:45.547+0000] {processor.py:830} INFO - Processing file /home/airflow/.local/lib/python3.12/site-packages/airflow/example_dags/example_bash_operator.py for tasks to queue
[2024-09-29T08:12:45.549+0000] {logging_mixin.py:188} INFO - [2024-09-29T08:12:45.549+0000] {dagbag.py:540} INFO - Filling up the DagBag from /home/airflow/.local/lib/python3.12/site-packages/airflow/example_dags/example_bash_operator.py
[2024-09-29T08:12:45.559+0000] {processor.py:840} INFO - DAG(s) 'example_bash_operator' retrieved from /home/airflow/.local/lib/python3.12/site-packages/airflow/example_dags/example_bash_operator.py
[2024-09-29T08:12:45.584+0000] {logging_mixin.py:188} INFO - [2024-09-29T08:12:45.583+0000] {dag.py:3096} INFO - Sync 1 DAGs
[2024-09-29T08:12:45.604+0000] {logging_mixin.py:188} INFO - [2024-09-29T08:12:45.604+0000] {dag.py:3954} INFO - Setting next_dagrun for example_bash_operator to 2024-09-28 00:00:00+00:00, run_after=2024-09-29 00:00:00+00:00
[2024-09-29T08:12:45.625+0000] {processor.py:183} INFO - Processing /home/airflow/.local/lib/python3.12/site-packages/airflow/example_dags/example_bash_operator.py took 0.084 seconds
[2024-09-29T08:13:15.915+0000] {processor.py:161} INFO - Started process (PID=995) to work on /home/airflow/.local/lib/python3.12/site-packages/airflow/example_dags/example_bash_operator.py
[2024-09-29T08:13:15.915+0000] {processor.py:830} INFO - Processing file /home/airflow/.local/lib/python3.12/site-packages/airflow/example_dags/example_bash_operator.py for tasks to queue
[2024-09-29T08:13:15.917+0000] {logging_mixin.py:188} INFO - [2024-09-29T08:13:15.916+0000] {dagbag.py:540} INFO - Filling up the DagBag from /home/airflow/.local/lib/python3.12/site-packages/airflow/example_dags/example_bash_operator.py
[2024-09-29T08:13:15.926+0000] {processor.py:840} INFO - DAG(s) 'example_bash_operator' retrieved from /home/airflow/.local/lib/python3.12/site-packages/airflow/example_dags/example_bash_operator.py
[2024-09-29T08:13:15.950+0000] {logging_mixin.py:188} INFO - [2024-09-29T08:13:15.949+0000] {dag.py:3096} INFO - Sync 1 DAGs
[2024-09-29T08:13:15.969+0000] {logging_mixin.py:188} INFO - [2024-09-29T08:13:15.969+0000] {dag.py:3954} INFO - Setting next_dagrun for example_bash_operator to 2024-09-28 00:00:00+00:00, run_after=2024-09-29 00:00:00+00:00
[2024-09-29T08:13:16.002+0000] {processor.py:183} INFO - Processing /home/airflow/.local/lib/python3.12/site-packages/airflow/example_dags/example_bash_operator.py took 0.092 seconds
[2024-09-29T08:13:46.362+0000] {processor.py:161} INFO - Started process (PID=1257) to work on /home/airflow/.local/lib/python3.12/site-packages/airflow/example_dags/example_bash_operator.py
[2024-09-29T08:13:46.362+0000] {processor.py:830} INFO - Processing file /home/airflow/.local/lib/python3.12/site-packages/airflow/example_dags/example_bash_operator.py for tasks to queue
[2024-09-29T08:13:46.364+0000] {logging_mixin.py:188} INFO - [2024-09-29T08:13:46.363+0000] {dagbag.py:540} INFO - Filling up the DagBag from /home/airflow/.local/lib/python3.12/site-packages/airflow/example_dags/example_bash_operator.py
[2024-09-29T08:13:46.377+0000] {processor.py:840} INFO - DAG(s) 'example_bash_operator' retrieved from /home/airflow/.local/lib/python3.12/site-packages/airflow/example_dags/example_bash_operator.py
[2024-09-29T08:13:46.410+0000] {logging_mixin.py:188} INFO - [2024-09-29T08:13:46.410+0000] {dag.py:3096} INFO - Sync 1 DAGs
[2024-09-29T08:13:46.439+0000] {logging_mixin.py:188} INFO - [2024-09-29T08:13:46.438+0000] {dag.py:3954} INFO - Setting next_dagrun for example_bash_operator to 2024-09-28 00:00:00+00:00, run_after=2024-09-29 00:00:00+00:00
[2024-09-29T08:13:46.462+0000] {processor.py:183} INFO - Processing /home/airflow/.local/lib/python3.12/site-packages/airflow/example_dags/example_bash_operator.py took 0.105 seconds
[2024-09-29T08:14:16.740+0000] {processor.py:161} INFO - Started process (PID=1519) to work on /home/airflow/.local/lib/python3.12/site-packages/airflow/example_dags/example_bash_operator.py
[2024-09-29T08:14:16.741+0000] {processor.py:830} INFO - Processing file /home/airflow/.local/lib/python3.12/site-packages/airflow/example_dags/example_bash_operator.py for tasks to queue
[2024-09-29T08:14:16.743+0000] {logging_mixin.py:188} INFO - [2024-09-29T08:14:16.742+0000] {dagbag.py:540} INFO - Filling up the DagBag from /home/airflow/.local/lib/python3.12/site-packages/airflow/example_dags/example_bash_operator.py
[2024-09-29T08:14:16.755+0000] {processor.py:840} INFO - DAG(s) 'example_bash_operator' retrieved from /home/airflow/.local/lib/python3.12/site-packages/airflow/example_dags/example_bash_operator.py
[2024-09-29T08:14:16.787+0000] {logging_mixin.py:188} INFO - [2024-09-29T08:14:16.787+0000] {dag.py:3096} INFO - Sync 1 DAGs
[2024-09-29T08:14:16.807+0000] {logging_mixin.py:188} INFO - [2024-09-29T08:14:16.806+0000] {dag.py:3954} INFO - Setting next_dagrun for example_bash_operator to 2024-09-28 00:00:00+00:00, run_after=2024-09-29 00:00:00+00:00
[2024-09-29T08:14:16.828+0000] {processor.py:183} INFO - Processing /home/airflow/.local/lib/python3.12/site-packages/airflow/example_dags/example_bash_operator.py took 0.094 seconds
[2024-09-29T08:14:46.999+0000] {processor.py:161} INFO - Started process (PID=1781) to work on /home/airflow/.local/lib/python3.12/site-packages/airflow/example_dags/example_bash_operator.py
[2024-09-29T08:14:47.000+0000] {processor.py:830} INFO - Processing file /home/airflow/.local/lib/python3.12/site-packages/airflow/example_dags/example_bash_operator.py for tasks to queue
[2024-09-29T08:14:47.001+0000] {logging_mixin.py:188} INFO - [2024-09-29T08:14:47.001+0000] {dagbag.py:540} INFO - Filling up the DagBag from /home/airflow/.local/lib/python3.12/site-packages/airflow/example_dags/example_bash_operator.py
[2024-09-29T08:14:47.010+0000] {processor.py:840} INFO - DAG(s) 'example_bash_operator' retrieved from /home/airflow/.local/lib/python3.12/site-packages/airflow/example_dags/example_bash_operator.py
[2024-09-29T08:14:47.034+0000] {logging_mixin.py:188} INFO - [2024-09-29T08:14:47.034+0000] {dag.py:3096} INFO - Sync 1 DAGs
[2024-09-29T08:14:47.054+0000] {logging_mixin.py:188} INFO - [2024-09-29T08:14:47.054+0000] {dag.py:3954} INFO - Setting next_dagrun for example_bash_operator to 2024-09-28 00:00:00+00:00, run_after=2024-09-29 00:00:00+00:00
[2024-09-29T08:14:47.074+0000] {processor.py:183} INFO - Processing /home/airflow/.local/lib/python3.12/site-packages/airflow/example_dags/example_bash_operator.py took 0.079 seconds
[2024-09-29T08:15:17.349+0000] {processor.py:161} INFO - Started process (PID=2043) to work on /home/airflow/.local/lib/python3.12/site-packages/airflow/example_dags/example_bash_operator.py
[2024-09-29T08:15:17.349+0000] {processor.py:830} INFO - Processing file /home/airflow/.local/lib/python3.12/site-packages/airflow/example_dags/example_bash_operator.py for tasks to queue
[2024-09-29T08:15:17.350+0000] {logging_mixin.py:188} INFO - [2024-09-29T08:15:17.350+0000] {dagbag.py:540} INFO - Filling up the DagBag from /home/airflow/.local/lib/python3.12/site-packages/airflow/example_dags/example_bash_operator.py
[2024-09-29T08:15:17.359+0000] {processor.py:840} INFO - DAG(s) 'example_bash_operator' retrieved from /home/airflow/.local/lib/python3.12/site-packages/airflow/example_dags/example_bash_operator.py
[2024-09-29T08:15:17.382+0000] {logging_mixin.py:188} INFO - [2024-09-29T08:15:17.382+0000] {dag.py:3096} INFO - Sync 1 DAGs
[2024-09-29T08:15:17.401+0000] {logging_mixin.py:188} INFO - [2024-09-29T08:15:17.400+0000] {dag.py:3954} INFO - Setting next_dagrun for example_bash_operator to 2024-09-28 00:00:00+00:00, run_after=2024-09-29 00:00:00+00:00
[2024-09-29T08:15:17.427+0000] {processor.py:183} INFO - Processing /home/airflow/.local/lib/python3.12/site-packages/airflow/example_dags/example_bash_operator.py took 0.083 seconds
[2024-09-29T08:15:47.500+0000] {processor.py:161} INFO - Started process (PID=2305) to work on /home/airflow/.local/lib/python3.12/site-packages/airflow/example_dags/example_bash_operator.py
[2024-09-29T08:15:47.500+0000] {processor.py:830} INFO - Processing file /home/airflow/.local/lib/python3.12/site-packages/airflow/example_dags/example_bash_operator.py for tasks to queue
[2024-09-29T08:15:47.501+0000] {logging_mixin.py:188} INFO - [2024-09-29T08:15:47.501+0000] {dagbag.py:540} INFO - Filling up the DagBag from /home/airflow/.local/lib/python3.12/site-packages/airflow/example_dags/example_bash_operator.py
[2024-09-29T08:15:47.510+0000] {processor.py:840} INFO - DAG(s) 'example_bash_operator' retrieved from /home/airflow/.local/lib/python3.12/site-packages/airflow/example_dags/example_bash_operator.py
[2024-09-29T08:15:47.533+0000] {logging_mixin.py:188} INFO - [2024-09-29T08:15:47.533+0000] {dag.py:3096} INFO - Sync 1 DAGs
[2024-09-29T08:15:47.552+0000] {logging_mixin.py:188} INFO - [2024-09-29T08:15:47.552+0000] {dag.py:3954} INFO - Setting next_dagrun for example_bash_operator to 2024-09-28 00:00:00+00:00, run_after=2024-09-29 00:00:00+00:00
[2024-09-29T08:15:47.584+0000] {processor.py:183} INFO - Processing /home/airflow/.local/lib/python3.12/site-packages/airflow/example_dags/example_bash_operator.py took 0.089 seconds
[2024-09-29T08:16:17.665+0000] {processor.py:161} INFO - Started process (PID=2565) to work on /home/airflow/.local/lib/python3.12/site-packages/airflow/example_dags/example_bash_operator.py
[2024-09-29T08:16:17.666+0000] {processor.py:830} INFO - Processing file /home/airflow/.local/lib/python3.12/site-packages/airflow/example_dags/example_bash_operator.py for tasks to queue
[2024-09-29T08:16:17.667+0000] {logging_mixin.py:188} INFO - [2024-09-29T08:16:17.667+0000] {dagbag.py:540} INFO - Filling up the DagBag from /home/airflow/.local/lib/python3.12/site-packages/airflow/example_dags/example_bash_operator.py
[2024-09-29T08:16:17.676+0000] {processor.py:840} INFO - DAG(s) 'example_bash_operator' retrieved from /home/airflow/.local/lib/python3.12/site-packages/airflow/example_dags/example_bash_operator.py
[2024-09-29T08:16:17.699+0000] {logging_mixin.py:188} INFO - [2024-09-29T08:16:17.699+0000] {dag.py:3096} INFO - Sync 1 DAGs
[2024-09-29T08:16:17.719+0000] {logging_mixin.py:188} INFO - [2024-09-29T08:16:17.719+0000] {dag.py:3954} INFO - Setting next_dagrun for example_bash_operator to 2024-09-28 00:00:00+00:00, run_after=2024-09-29 00:00:00+00:00
[2024-09-29T08:16:17.742+0000] {processor.py:183} INFO - Processing /home/airflow/.local/lib/python3.12/site-packages/airflow/example_dags/example_bash_operator.py took 0.083 seconds
[2024-09-29T08:16:48.115+0000] {processor.py:161} INFO - Started process (PID=2829) to work on /home/airflow/.local/lib/python3.12/site-packages/airflow/example_dags/example_bash_operator.py
[2024-09-29T08:16:48.116+0000] {processor.py:830} INFO - Processing file /home/airflow/.local/lib/python3.12/site-packages/airflow/example_dags/example_bash_operator.py for tasks to queue
[2024-09-29T08:16:48.117+0000] {logging_mixin.py:188} INFO - [2024-09-29T08:16:48.117+0000] {dagbag.py:540} INFO - Filling up the DagBag from /home/airflow/.local/lib/python3.12/site-packages/airflow/example_dags/example_bash_operator.py
[2024-09-29T08:16:48.127+0000] {processor.py:840} INFO - DAG(s) 'example_bash_operator' retrieved from /home/airflow/.local/lib/python3.12/site-packages/airflow/example_dags/example_bash_operator.py
[2024-09-29T08:16:48.155+0000] {logging_mixin.py:188} INFO - [2024-09-29T08:16:48.155+0000] {dag.py:3096} INFO - Sync 1 DAGs
[2024-09-29T08:16:48.182+0000] {logging_mixin.py:188} INFO - [2024-09-29T08:16:48.182+0000] {dag.py:3954} INFO - Setting next_dagrun for example_bash_operator to 2024-09-28 00:00:00+00:00, run_after=2024-09-29 00:00:00+00:00
[2024-09-29T08:16:48.212+0000] {processor.py:183} INFO - Processing /home/airflow/.local/lib/python3.12/site-packages/airflow/example_dags/example_bash_operator.py took 0.102 seconds
[2024-09-29T08:17:18.471+0000] {processor.py:161} INFO - Started process (PID=3089) to work on /home/airflow/.local/lib/python3.12/site-packages/airflow/example_dags/example_bash_operator.py
[2024-09-29T08:17:18.472+0000] {processor.py:830} INFO - Processing file /home/airflow/.local/lib/python3.12/site-packages/airflow/example_dags/example_bash_operator.py for tasks to queue
[2024-09-29T08:17:18.473+0000] {logging_mixin.py:188} INFO - [2024-09-29T08:17:18.473+0000] {dagbag.py:540} INFO - Filling up the DagBag from /home/airflow/.local/lib/python3.12/site-packages/airflow/example_dags/example_bash_operator.py
[2024-09-29T08:17:18.482+0000] {processor.py:840} INFO - DAG(s) 'example_bash_operator' retrieved from /home/airflow/.local/lib/python3.12/site-packages/airflow/example_dags/example_bash_operator.py
[2024-09-29T08:17:18.506+0000] {logging_mixin.py:188} INFO - [2024-09-29T08:17:18.506+0000] {dag.py:3096} INFO - Sync 1 DAGs
[2024-09-29T08:17:18.529+0000] {logging_mixin.py:188} INFO - [2024-09-29T08:17:18.528+0000] {dag.py:3954} INFO - Setting next_dagrun for example_bash_operator to 2024-09-28 00:00:00+00:00, run_after=2024-09-29 00:00:00+00:00
[2024-09-29T08:17:18.550+0000] {processor.py:183} INFO - Processing /home/airflow/.local/lib/python3.12/site-packages/airflow/example_dags/example_bash_operator.py took 0.085 seconds
[2024-09-29T08:17:48.752+0000] {processor.py:161} INFO - Started process (PID=3353) to work on /home/airflow/.local/lib/python3.12/site-packages/airflow/example_dags/example_bash_operator.py
[2024-09-29T08:17:48.753+0000] {processor.py:830} INFO - Processing file /home/airflow/.local/lib/python3.12/site-packages/airflow/example_dags/example_bash_operator.py for tasks to queue
[2024-09-29T08:17:48.754+0000] {logging_mixin.py:188} INFO - [2024-09-29T08:17:48.754+0000] {dagbag.py:540} INFO - Filling up the DagBag from /home/airflow/.local/lib/python3.12/site-packages/airflow/example_dags/example_bash_operator.py
[2024-09-29T08:17:48.767+0000] {processor.py:840} INFO - DAG(s) 'example_bash_operator' retrieved from /home/airflow/.local/lib/python3.12/site-packages/airflow/example_dags/example_bash_operator.py
[2024-09-29T08:17:48.791+0000] {logging_mixin.py:188} INFO - [2024-09-29T08:17:48.791+0000] {dag.py:3096} INFO - Sync 1 DAGs
[2024-09-29T08:17:48.812+0000] {logging_mixin.py:188} INFO - [2024-09-29T08:17:48.812+0000] {dag.py:3954} INFO - Setting next_dagrun for example_bash_operator to 2024-09-28 00:00:00+00:00, run_after=2024-09-29 00:00:00+00:00
[2024-09-29T08:17:48.835+0000] {processor.py:183} INFO - Processing /home/airflow/.local/lib/python3.12/site-packages/airflow/example_dags/example_bash_operator.py took 0.088 seconds
[2024-09-29T08:18:18.868+0000] {processor.py:161} INFO - Started process (PID=3613) to work on /home/airflow/.local/lib/python3.12/site-packages/airflow/example_dags/example_bash_operator.py
[2024-09-29T08:18:18.868+0000] {processor.py:830} INFO - Processing file /home/airflow/.local/lib/python3.12/site-packages/airflow/example_dags/example_bash_operator.py for tasks to queue
[2024-09-29T08:18:18.870+0000] {logging_mixin.py:188} INFO - [2024-09-29T08:18:18.870+0000] {dagbag.py:540} INFO - Filling up the DagBag from /home/airflow/.local/lib/python3.12/site-packages/airflow/example_dags/example_bash_operator.py
[2024-09-29T08:18:18.881+0000] {processor.py:840} INFO - DAG(s) 'example_bash_operator' retrieved from /home/airflow/.local/lib/python3.12/site-packages/airflow/example_dags/example_bash_operator.py
[2024-09-29T08:18:18.904+0000] {logging_mixin.py:188} INFO - [2024-09-29T08:18:18.904+0000] {dag.py:3096} INFO - Sync 1 DAGs
[2024-09-29T08:18:18.933+0000] {logging_mixin.py:188} INFO - [2024-09-29T08:18:18.933+0000] {dag.py:3954} INFO - Setting next_dagrun for example_bash_operator to 2024-09-28 00:00:00+00:00, run_after=2024-09-29 00:00:00+00:00
[2024-09-29T08:18:18.956+0000] {processor.py:183} INFO - Processing /home/airflow/.local/lib/python3.12/site-packages/airflow/example_dags/example_bash_operator.py took 0.095 seconds
[2024-09-29T08:18:49.095+0000] {processor.py:161} INFO - Started process (PID=3875) to work on /home/airflow/.local/lib/python3.12/site-packages/airflow/example_dags/example_bash_operator.py
[2024-09-29T08:18:49.096+0000] {processor.py:830} INFO - Processing file /home/airflow/.local/lib/python3.12/site-packages/airflow/example_dags/example_bash_operator.py for tasks to queue
[2024-09-29T08:18:49.097+0000] {logging_mixin.py:188} INFO - [2024-09-29T08:18:49.097+0000] {dagbag.py:540} INFO - Filling up the DagBag from /home/airflow/.local/lib/python3.12/site-packages/airflow/example_dags/example_bash_operator.py
[2024-09-29T08:18:49.106+0000] {processor.py:840} INFO - DAG(s) 'example_bash_operator' retrieved from /home/airflow/.local/lib/python3.12/site-packages/airflow/example_dags/example_bash_operator.py
[2024-09-29T08:18:49.136+0000] {logging_mixin.py:188} INFO - [2024-09-29T08:18:49.136+0000] {dag.py:3096} INFO - Sync 1 DAGs
[2024-09-29T08:18:49.159+0000] {logging_mixin.py:188} INFO - [2024-09-29T08:18:49.158+0000] {dag.py:3954} INFO - Setting next_dagrun for example_bash_operator to 2024-09-28 00:00:00+00:00, run_after=2024-09-29 00:00:00+00:00
[2024-09-29T08:18:49.186+0000] {processor.py:183} INFO - Processing /home/airflow/.local/lib/python3.12/site-packages/airflow/example_dags/example_bash_operator.py took 0.097 seconds
[2024-09-29T08:19:19.417+0000] {processor.py:161} INFO - Started process (PID=4139) to work on /home/airflow/.local/lib/python3.12/site-packages/airflow/example_dags/example_bash_operator.py
[2024-09-29T08:19:19.417+0000] {processor.py:830} INFO - Processing file /home/airflow/.local/lib/python3.12/site-packages/airflow/example_dags/example_bash_operator.py for tasks to queue
[2024-09-29T08:19:19.419+0000] {logging_mixin.py:188} INFO - [2024-09-29T08:19:19.418+0000] {dagbag.py:540} INFO - Filling up the DagBag from /home/airflow/.local/lib/python3.12/site-packages/airflow/example_dags/example_bash_operator.py
[2024-09-29T08:19:19.428+0000] {processor.py:840} INFO - DAG(s) 'example_bash_operator' retrieved from /home/airflow/.local/lib/python3.12/site-packages/airflow/example_dags/example_bash_operator.py
[2024-09-29T08:19:19.451+0000] {logging_mixin.py:188} INFO - [2024-09-29T08:19:19.450+0000] {dag.py:3096} INFO - Sync 1 DAGs
[2024-09-29T08:19:19.469+0000] {logging_mixin.py:188} INFO - [2024-09-29T08:19:19.469+0000] {dag.py:3954} INFO - Setting next_dagrun for example_bash_operator to 2024-09-28 00:00:00+00:00, run_after=2024-09-29 00:00:00+00:00
[2024-09-29T08:19:19.494+0000] {processor.py:183} INFO - Processing /home/airflow/.local/lib/python3.12/site-packages/airflow/example_dags/example_bash_operator.py took 0.082 seconds
[2024-09-29T08:19:49.616+0000] {processor.py:161} INFO - Started process (PID=4401) to work on /home/airflow/.local/lib/python3.12/site-packages/airflow/example_dags/example_bash_operator.py
[2024-09-29T08:19:49.617+0000] {processor.py:830} INFO - Processing file /home/airflow/.local/lib/python3.12/site-packages/airflow/example_dags/example_bash_operator.py for tasks to queue
[2024-09-29T08:19:49.618+0000] {logging_mixin.py:188} INFO - [2024-09-29T08:19:49.618+0000] {dagbag.py:540} INFO - Filling up the DagBag from /home/airflow/.local/lib/python3.12/site-packages/airflow/example_dags/example_bash_operator.py
[2024-09-29T08:19:49.627+0000] {processor.py:840} INFO - DAG(s) 'example_bash_operator' retrieved from /home/airflow/.local/lib/python3.12/site-packages/airflow/example_dags/example_bash_operator.py
[2024-09-29T08:19:49.649+0000] {logging_mixin.py:188} INFO - [2024-09-29T08:19:49.649+0000] {dag.py:3096} INFO - Sync 1 DAGs
[2024-09-29T08:19:49.670+0000] {logging_mixin.py:188} INFO - [2024-09-29T08:19:49.670+0000] {dag.py:3954} INFO - Setting next_dagrun for example_bash_operator to 2024-09-28 00:00:00+00:00, run_after=2024-09-29 00:00:00+00:00
[2024-09-29T08:19:49.690+0000] {processor.py:183} INFO - Processing /home/airflow/.local/lib/python3.12/site-packages/airflow/example_dags/example_bash_operator.py took 0.079 seconds
[2024-09-29T08:20:19.748+0000] {processor.py:161} INFO - Started process (PID=4661) to work on /home/airflow/.local/lib/python3.12/site-packages/airflow/example_dags/example_bash_operator.py
[2024-09-29T08:20:19.749+0000] {processor.py:830} INFO - Processing file /home/airflow/.local/lib/python3.12/site-packages/airflow/example_dags/example_bash_operator.py for tasks to queue
[2024-09-29T08:20:19.750+0000] {logging_mixin.py:188} INFO - [2024-09-29T08:20:19.750+0000] {dagbag.py:540} INFO - Filling up the DagBag from /home/airflow/.local/lib/python3.12/site-packages/airflow/example_dags/example_bash_operator.py
[2024-09-29T08:20:19.764+0000] {processor.py:840} INFO - DAG(s) 'example_bash_operator' retrieved from /home/airflow/.local/lib/python3.12/site-packages/airflow/example_dags/example_bash_operator.py
[2024-09-29T08:20:19.787+0000] {logging_mixin.py:188} INFO - [2024-09-29T08:20:19.787+0000] {dag.py:3096} INFO - Sync 1 DAGs
[2024-09-29T08:20:19.806+0000] {logging_mixin.py:188} INFO - [2024-09-29T08:20:19.806+0000] {dag.py:3954} INFO - Setting next_dagrun for example_bash_operator to 2024-09-28 00:00:00+00:00, run_after=2024-09-29 00:00:00+00:00
[2024-09-29T08:20:19.827+0000] {processor.py:183} INFO - Processing /home/airflow/.local/lib/python3.12/site-packages/airflow/example_dags/example_bash_operator.py took 0.086 seconds
[2024-09-29T08:20:50.115+0000] {processor.py:161} INFO - Started process (PID=4925) to work on /home/airflow/.local/lib/python3.12/site-packages/airflow/example_dags/example_bash_operator.py
[2024-09-29T08:20:50.116+0000] {processor.py:830} INFO - Processing file /home/airflow/.local/lib/python3.12/site-packages/airflow/example_dags/example_bash_operator.py for tasks to queue
[2024-09-29T08:20:50.117+0000] {logging_mixin.py:188} INFO - [2024-09-29T08:20:50.117+0000] {dagbag.py:540} INFO - Filling up the DagBag from /home/airflow/.local/lib/python3.12/site-packages/airflow/example_dags/example_bash_operator.py
[2024-09-29T08:20:50.126+0000] {processor.py:840} INFO - DAG(s) 'example_bash_operator' retrieved from /home/airflow/.local/lib/python3.12/site-packages/airflow/example_dags/example_bash_operator.py
[2024-09-29T08:20:50.149+0000] {logging_mixin.py:188} INFO - [2024-09-29T08:20:50.149+0000] {dag.py:3096} INFO - Sync 1 DAGs
[2024-09-29T08:20:50.173+0000] {logging_mixin.py:188} INFO - [2024-09-29T08:20:50.173+0000] {dag.py:3954} INFO - Setting next_dagrun for example_bash_operator to 2024-09-28 00:00:00+00:00, run_after=2024-09-29 00:00:00+00:00
[2024-09-29T08:20:50.195+0000] {processor.py:183} INFO - Processing /home/airflow/.local/lib/python3.12/site-packages/airflow/example_dags/example_bash_operator.py took 0.085 seconds
[2024-09-29T08:21:20.429+0000] {processor.py:161} INFO - Started process (PID=5187) to work on /home/airflow/.local/lib/python3.12/site-packages/airflow/example_dags/example_bash_operator.py
[2024-09-29T08:21:20.429+0000] {processor.py:830} INFO - Processing file /home/airflow/.local/lib/python3.12/site-packages/airflow/example_dags/example_bash_operator.py for tasks to queue
[2024-09-29T08:21:20.431+0000] {logging_mixin.py:188} INFO - [2024-09-29T08:21:20.431+0000] {dagbag.py:540} INFO - Filling up the DagBag from /home/airflow/.local/lib/python3.12/site-packages/airflow/example_dags/example_bash_operator.py
[2024-09-29T08:21:20.444+0000] {processor.py:840} INFO - DAG(s) 'example_bash_operator' retrieved from /home/airflow/.local/lib/python3.12/site-packages/airflow/example_dags/example_bash_operator.py
[2024-09-29T08:21:20.473+0000] {logging_mixin.py:188} INFO - [2024-09-29T08:21:20.472+0000] {dag.py:3096} INFO - Sync 1 DAGs
[2024-09-29T08:21:20.501+0000] {logging_mixin.py:188} INFO - [2024-09-29T08:21:20.501+0000] {dag.py:3954} INFO - Setting next_dagrun for example_bash_operator to 2024-09-28 00:00:00+00:00, run_after=2024-09-29 00:00:00+00:00
[2024-09-29T08:21:20.526+0000] {processor.py:183} INFO - Processing /home/airflow/.local/lib/python3.12/site-packages/airflow/example_dags/example_bash_operator.py took 0.104 seconds
[2024-09-29T08:21:50.798+0000] {processor.py:161} INFO - Started process (PID=5449) to work on /home/airflow/.local/lib/python3.12/site-packages/airflow/example_dags/example_bash_operator.py
[2024-09-29T08:21:50.799+0000] {processor.py:830} INFO - Processing file /home/airflow/.local/lib/python3.12/site-packages/airflow/example_dags/example_bash_operator.py for tasks to queue
[2024-09-29T08:21:50.800+0000] {logging_mixin.py:188} INFO - [2024-09-29T08:21:50.800+0000] {dagbag.py:540} INFO - Filling up the DagBag from /home/airflow/.local/lib/python3.12/site-packages/airflow/example_dags/example_bash_operator.py
[2024-09-29T08:21:50.809+0000] {processor.py:840} INFO - DAG(s) 'example_bash_operator' retrieved from /home/airflow/.local/lib/python3.12/site-packages/airflow/example_dags/example_bash_operator.py
[2024-09-29T08:21:50.837+0000] {logging_mixin.py:188} INFO - [2024-09-29T08:21:50.837+0000] {dag.py:3096} INFO - Sync 1 DAGs
[2024-09-29T08:21:50.867+0000] {logging_mixin.py:188} INFO - [2024-09-29T08:21:50.867+0000] {dag.py:3954} INFO - Setting next_dagrun for example_bash_operator to 2024-09-28 00:00:00+00:00, run_after=2024-09-29 00:00:00+00:00
[2024-09-29T08:21:50.887+0000] {processor.py:183} INFO - Processing /home/airflow/.local/lib/python3.12/site-packages/airflow/example_dags/example_bash_operator.py took 0.094 seconds
[2024-09-29T08:22:21.138+0000] {processor.py:161} INFO - Started process (PID=5709) to work on /home/airflow/.local/lib/python3.12/site-packages/airflow/example_dags/example_bash_operator.py
[2024-09-29T08:22:21.139+0000] {processor.py:830} INFO - Processing file /home/airflow/.local/lib/python3.12/site-packages/airflow/example_dags/example_bash_operator.py for tasks to queue
[2024-09-29T08:22:21.140+0000] {logging_mixin.py:188} INFO - [2024-09-29T08:22:21.140+0000] {dagbag.py:540} INFO - Filling up the DagBag from /home/airflow/.local/lib/python3.12/site-packages/airflow/example_dags/example_bash_operator.py
[2024-09-29T08:22:21.153+0000] {processor.py:840} INFO - DAG(s) 'example_bash_operator' retrieved from /home/airflow/.local/lib/python3.12/site-packages/airflow/example_dags/example_bash_operator.py
[2024-09-29T08:22:21.185+0000] {logging_mixin.py:188} INFO - [2024-09-29T08:22:21.185+0000] {dag.py:3096} INFO - Sync 1 DAGs
[2024-09-29T08:22:21.207+0000] {logging_mixin.py:188} INFO - [2024-09-29T08:22:21.207+0000] {dag.py:3954} INFO - Setting next_dagrun for example_bash_operator to 2024-09-28 00:00:00+00:00, run_after=2024-09-29 00:00:00+00:00
[2024-09-29T08:22:21.372+0000] {processor.py:183} INFO - Processing /home/airflow/.local/lib/python3.12/site-packages/airflow/example_dags/example_bash_operator.py took 0.241 seconds
[2024-09-29T08:22:51.561+0000] {processor.py:161} INFO - Started process (PID=5971) to work on /home/airflow/.local/lib/python3.12/site-packages/airflow/example_dags/example_bash_operator.py
[2024-09-29T08:22:51.561+0000] {processor.py:830} INFO - Processing file /home/airflow/.local/lib/python3.12/site-packages/airflow/example_dags/example_bash_operator.py for tasks to queue
[2024-09-29T08:22:51.563+0000] {logging_mixin.py:188} INFO - [2024-09-29T08:22:51.562+0000] {dagbag.py:540} INFO - Filling up the DagBag from /home/airflow/.local/lib/python3.12/site-packages/airflow/example_dags/example_bash_operator.py
[2024-09-29T08:22:51.572+0000] {processor.py:840} INFO - DAG(s) 'example_bash_operator' retrieved from /home/airflow/.local/lib/python3.12/site-packages/airflow/example_dags/example_bash_operator.py
[2024-09-29T08:22:51.597+0000] {logging_mixin.py:188} INFO - [2024-09-29T08:22:51.596+0000] {dag.py:3096} INFO - Sync 1 DAGs
[2024-09-29T08:22:51.617+0000] {logging_mixin.py:188} INFO - [2024-09-29T08:22:51.616+0000] {dag.py:3954} INFO - Setting next_dagrun for example_bash_operator to 2024-09-28 00:00:00+00:00, run_after=2024-09-29 00:00:00+00:00
[2024-09-29T08:22:51.636+0000] {processor.py:183} INFO - Processing /home/airflow/.local/lib/python3.12/site-packages/airflow/example_dags/example_bash_operator.py took 0.082 seconds
[2024-09-29T08:23:21.965+0000] {processor.py:161} INFO - Started process (PID=6233) to work on /home/airflow/.local/lib/python3.12/site-packages/airflow/example_dags/example_bash_operator.py
[2024-09-29T08:23:21.966+0000] {processor.py:830} INFO - Processing file /home/airflow/.local/lib/python3.12/site-packages/airflow/example_dags/example_bash_operator.py for tasks to queue
[2024-09-29T08:23:21.967+0000] {logging_mixin.py:188} INFO - [2024-09-29T08:23:21.967+0000] {dagbag.py:540} INFO - Filling up the DagBag from /home/airflow/.local/lib/python3.12/site-packages/airflow/example_dags/example_bash_operator.py
[2024-09-29T08:23:21.976+0000] {processor.py:840} INFO - DAG(s) 'example_bash_operator' retrieved from /home/airflow/.local/lib/python3.12/site-packages/airflow/example_dags/example_bash_operator.py
[2024-09-29T08:23:22.001+0000] {logging_mixin.py:188} INFO - [2024-09-29T08:23:22.001+0000] {dag.py:3096} INFO - Sync 1 DAGs
[2024-09-29T08:23:22.025+0000] {logging_mixin.py:188} INFO - [2024-09-29T08:23:22.025+0000] {dag.py:3954} INFO - Setting next_dagrun for example_bash_operator to 2024-09-28 00:00:00+00:00, run_after=2024-09-29 00:00:00+00:00
[2024-09-29T08:23:22.044+0000] {processor.py:183} INFO - Processing /home/airflow/.local/lib/python3.12/site-packages/airflow/example_dags/example_bash_operator.py took 0.086 seconds
[2024-09-29T08:23:52.140+0000] {processor.py:161} INFO - Started process (PID=6495) to work on /home/airflow/.local/lib/python3.12/site-packages/airflow/example_dags/example_bash_operator.py
[2024-09-29T08:23:52.140+0000] {processor.py:830} INFO - Processing file /home/airflow/.local/lib/python3.12/site-packages/airflow/example_dags/example_bash_operator.py for tasks to queue
[2024-09-29T08:23:52.142+0000] {logging_mixin.py:188} INFO - [2024-09-29T08:23:52.142+0000] {dagbag.py:540} INFO - Filling up the DagBag from /home/airflow/.local/lib/python3.12/site-packages/airflow/example_dags/example_bash_operator.py
[2024-09-29T08:23:52.153+0000] {processor.py:840} INFO - DAG(s) 'example_bash_operator' retrieved from /home/airflow/.local/lib/python3.12/site-packages/airflow/example_dags/example_bash_operator.py
[2024-09-29T08:23:52.176+0000] {logging_mixin.py:188} INFO - [2024-09-29T08:23:52.175+0000] {dag.py:3096} INFO - Sync 1 DAGs
[2024-09-29T08:23:52.195+0000] {logging_mixin.py:188} INFO - [2024-09-29T08:23:52.195+0000] {dag.py:3954} INFO - Setting next_dagrun for example_bash_operator to 2024-09-28 00:00:00+00:00, run_after=2024-09-29 00:00:00+00:00
[2024-09-29T08:23:52.215+0000] {processor.py:183} INFO - Processing /home/airflow/.local/lib/python3.12/site-packages/airflow/example_dags/example_bash_operator.py took 0.081 seconds
[2024-09-29T08:24:22.515+0000] {processor.py:161} INFO - Started process (PID=6759) to work on /home/airflow/.local/lib/python3.12/site-packages/airflow/example_dags/example_bash_operator.py
[2024-09-29T08:24:22.516+0000] {processor.py:830} INFO - Processing file /home/airflow/.local/lib/python3.12/site-packages/airflow/example_dags/example_bash_operator.py for tasks to queue
[2024-09-29T08:24:22.518+0000] {logging_mixin.py:188} INFO - [2024-09-29T08:24:22.517+0000] {dagbag.py:540} INFO - Filling up the DagBag from /home/airflow/.local/lib/python3.12/site-packages/airflow/example_dags/example_bash_operator.py
[2024-09-29T08:24:22.531+0000] {processor.py:840} INFO - DAG(s) 'example_bash_operator' retrieved from /home/airflow/.local/lib/python3.12/site-packages/airflow/example_dags/example_bash_operator.py
[2024-09-29T08:24:22.563+0000] {logging_mixin.py:188} INFO - [2024-09-29T08:24:22.563+0000] {dag.py:3096} INFO - Sync 1 DAGs
[2024-09-29T08:24:22.585+0000] {logging_mixin.py:188} INFO - [2024-09-29T08:24:22.585+0000] {dag.py:3954} INFO - Setting next_dagrun for example_bash_operator to 2024-09-28 00:00:00+00:00, run_after=2024-09-29 00:00:00+00:00
[2024-09-29T08:24:22.604+0000] {processor.py:183} INFO - Processing /home/airflow/.local/lib/python3.12/site-packages/airflow/example_dags/example_bash_operator.py took 0.096 seconds
[2024-09-29T08:24:53.304+0000] {processor.py:161} INFO - Started process (PID=7019) to work on /home/airflow/.local/lib/python3.12/site-packages/airflow/example_dags/example_bash_operator.py
[2024-09-29T08:24:53.305+0000] {processor.py:830} INFO - Processing file /home/airflow/.local/lib/python3.12/site-packages/airflow/example_dags/example_bash_operator.py for tasks to queue
[2024-09-29T08:24:53.307+0000] {logging_mixin.py:188} INFO - [2024-09-29T08:24:53.306+0000] {dagbag.py:540} INFO - Filling up the DagBag from /home/airflow/.local/lib/python3.12/site-packages/airflow/example_dags/example_bash_operator.py
[2024-09-29T08:24:53.317+0000] {processor.py:840} INFO - DAG(s) 'example_bash_operator' retrieved from /home/airflow/.local/lib/python3.12/site-packages/airflow/example_dags/example_bash_operator.py
[2024-09-29T08:24:53.350+0000] {logging_mixin.py:188} INFO - [2024-09-29T08:24:53.349+0000] {dag.py:3096} INFO - Sync 1 DAGs
[2024-09-29T08:24:53.377+0000] {logging_mixin.py:188} INFO - [2024-09-29T08:24:53.376+0000] {dag.py:3954} INFO - Setting next_dagrun for example_bash_operator to 2024-09-28 00:00:00+00:00, run_after=2024-09-29 00:00:00+00:00
[2024-09-29T08:24:53.395+0000] {processor.py:183} INFO - Processing /home/airflow/.local/lib/python3.12/site-packages/airflow/example_dags/example_bash_operator.py took 0.098 seconds
