[2024-09-29T08:11:45.717+0000] {processor.py:161} INFO - Started process (PID=247) to work on /home/airflow/.local/lib/python3.12/site-packages/airflow/example_dags/example_display_name.py
[2024-09-29T08:11:45.718+0000] {processor.py:830} INFO - Processing file /home/airflow/.local/lib/python3.12/site-packages/airflow/example_dags/example_display_name.py for tasks to queue
[2024-09-29T08:11:45.719+0000] {logging_mixin.py:188} INFO - [2024-09-29T08:11:45.719+0000] {dagbag.py:540} INFO - Filling up the DagBag from /home/airflow/.local/lib/python3.12/site-packages/airflow/example_dags/example_display_name.py
[2024-09-29T08:11:45.729+0000] {processor.py:840} INFO - DAG(s) 'example_display_name' retrieved from /home/airflow/.local/lib/python3.12/site-packages/airflow/example_dags/example_display_name.py
[2024-09-29T08:11:45.853+0000] {logging_mixin.py:188} INFO - [2024-09-29T08:11:45.853+0000] {override.py:1829} INFO - Created Permission View: can read on DAG:example_display_name
[2024-09-29T08:11:45.866+0000] {logging_mixin.py:188} INFO - [2024-09-29T08:11:45.866+0000] {override.py:1829} INFO - Created Permission View: can delete on DAG:example_display_name
[2024-09-29T08:11:45.879+0000] {logging_mixin.py:188} INFO - [2024-09-29T08:11:45.878+0000] {override.py:1829} INFO - Created Permission View: can edit on DAG:example_display_name
[2024-09-29T08:11:45.879+0000] {logging_mixin.py:188} INFO - [2024-09-29T08:11:45.879+0000] {dag.py:3096} INFO - Sync 1 DAGs
[2024-09-29T08:11:45.889+0000] {logging_mixin.py:188} INFO - [2024-09-29T08:11:45.889+0000] {dag.py:3118} INFO - Creating ORM DAG for example_display_name
[2024-09-29T08:11:45.890+0000] {logging_mixin.py:188} INFO - [2024-09-29T08:11:45.890+0000] {dag.py:3954} INFO - Setting next_dagrun for example_display_name to None, run_after=None
[2024-09-29T08:11:45.908+0000] {processor.py:183} INFO - Processing /home/airflow/.local/lib/python3.12/site-packages/airflow/example_dags/example_display_name.py took 0.196 seconds
[2024-09-29T08:12:16.633+0000] {processor.py:161} INFO - Started process (PID=511) to work on /home/airflow/.local/lib/python3.12/site-packages/airflow/example_dags/example_display_name.py
[2024-09-29T08:12:16.633+0000] {processor.py:830} INFO - Processing file /home/airflow/.local/lib/python3.12/site-packages/airflow/example_dags/example_display_name.py for tasks to queue
[2024-09-29T08:12:16.635+0000] {logging_mixin.py:188} INFO - [2024-09-29T08:12:16.634+0000] {dagbag.py:540} INFO - Filling up the DagBag from /home/airflow/.local/lib/python3.12/site-packages/airflow/example_dags/example_display_name.py
[2024-09-29T08:12:16.641+0000] {processor.py:840} INFO - DAG(s) 'example_display_name' retrieved from /home/airflow/.local/lib/python3.12/site-packages/airflow/example_dags/example_display_name.py
[2024-09-29T08:12:16.661+0000] {logging_mixin.py:188} INFO - [2024-09-29T08:12:16.661+0000] {dag.py:3096} INFO - Sync 1 DAGs
[2024-09-29T08:12:16.673+0000] {logging_mixin.py:188} INFO - [2024-09-29T08:12:16.673+0000] {dag.py:3954} INFO - Setting next_dagrun for example_display_name to None, run_after=None
[2024-09-29T08:12:16.696+0000] {processor.py:183} INFO - Processing /home/airflow/.local/lib/python3.12/site-packages/airflow/example_dags/example_display_name.py took 0.068 seconds
[2024-09-29T08:12:46.925+0000] {processor.py:161} INFO - Started process (PID=773) to work on /home/airflow/.local/lib/python3.12/site-packages/airflow/example_dags/example_display_name.py
[2024-09-29T08:12:46.926+0000] {processor.py:830} INFO - Processing file /home/airflow/.local/lib/python3.12/site-packages/airflow/example_dags/example_display_name.py for tasks to queue
[2024-09-29T08:12:46.927+0000] {logging_mixin.py:188} INFO - [2024-09-29T08:12:46.927+0000] {dagbag.py:540} INFO - Filling up the DagBag from /home/airflow/.local/lib/python3.12/site-packages/airflow/example_dags/example_display_name.py
[2024-09-29T08:12:46.933+0000] {processor.py:840} INFO - DAG(s) 'example_display_name' retrieved from /home/airflow/.local/lib/python3.12/site-packages/airflow/example_dags/example_display_name.py
[2024-09-29T08:12:46.950+0000] {logging_mixin.py:188} INFO - [2024-09-29T08:12:46.950+0000] {dag.py:3096} INFO - Sync 1 DAGs
[2024-09-29T08:12:46.962+0000] {logging_mixin.py:188} INFO - [2024-09-29T08:12:46.962+0000] {dag.py:3954} INFO - Setting next_dagrun for example_display_name to None, run_after=None
[2024-09-29T08:12:46.990+0000] {processor.py:183} INFO - Processing /home/airflow/.local/lib/python3.12/site-packages/airflow/example_dags/example_display_name.py took 0.070 seconds
[2024-09-29T08:13:17.322+0000] {processor.py:161} INFO - Started process (PID=1033) to work on /home/airflow/.local/lib/python3.12/site-packages/airflow/example_dags/example_display_name.py
[2024-09-29T08:13:17.322+0000] {processor.py:830} INFO - Processing file /home/airflow/.local/lib/python3.12/site-packages/airflow/example_dags/example_display_name.py for tasks to queue
[2024-09-29T08:13:17.324+0000] {logging_mixin.py:188} INFO - [2024-09-29T08:13:17.324+0000] {dagbag.py:540} INFO - Filling up the DagBag from /home/airflow/.local/lib/python3.12/site-packages/airflow/example_dags/example_display_name.py
[2024-09-29T08:13:17.330+0000] {processor.py:840} INFO - DAG(s) 'example_display_name' retrieved from /home/airflow/.local/lib/python3.12/site-packages/airflow/example_dags/example_display_name.py
[2024-09-29T08:13:17.344+0000] {logging_mixin.py:188} INFO - [2024-09-29T08:13:17.344+0000] {dag.py:3096} INFO - Sync 1 DAGs
[2024-09-29T08:13:17.355+0000] {logging_mixin.py:188} INFO - [2024-09-29T08:13:17.355+0000] {dag.py:3954} INFO - Setting next_dagrun for example_display_name to None, run_after=None
[2024-09-29T08:13:17.379+0000] {processor.py:183} INFO - Processing /home/airflow/.local/lib/python3.12/site-packages/airflow/example_dags/example_display_name.py took 0.064 seconds
[2024-09-29T08:13:47.764+0000] {processor.py:161} INFO - Started process (PID=1295) to work on /home/airflow/.local/lib/python3.12/site-packages/airflow/example_dags/example_display_name.py
[2024-09-29T08:13:47.765+0000] {processor.py:830} INFO - Processing file /home/airflow/.local/lib/python3.12/site-packages/airflow/example_dags/example_display_name.py for tasks to queue
[2024-09-29T08:13:47.766+0000] {logging_mixin.py:188} INFO - [2024-09-29T08:13:47.766+0000] {dagbag.py:540} INFO - Filling up the DagBag from /home/airflow/.local/lib/python3.12/site-packages/airflow/example_dags/example_display_name.py
[2024-09-29T08:13:47.772+0000] {processor.py:840} INFO - DAG(s) 'example_display_name' retrieved from /home/airflow/.local/lib/python3.12/site-packages/airflow/example_dags/example_display_name.py
[2024-09-29T08:13:47.791+0000] {logging_mixin.py:188} INFO - [2024-09-29T08:13:47.791+0000] {dag.py:3096} INFO - Sync 1 DAGs
[2024-09-29T08:13:47.805+0000] {logging_mixin.py:188} INFO - [2024-09-29T08:13:47.804+0000] {dag.py:3954} INFO - Setting next_dagrun for example_display_name to None, run_after=None
[2024-09-29T08:13:47.842+0000] {processor.py:183} INFO - Processing /home/airflow/.local/lib/python3.12/site-packages/airflow/example_dags/example_display_name.py took 0.084 seconds
[2024-09-29T08:14:18.138+0000] {processor.py:161} INFO - Started process (PID=1559) to work on /home/airflow/.local/lib/python3.12/site-packages/airflow/example_dags/example_display_name.py
[2024-09-29T08:14:18.138+0000] {processor.py:830} INFO - Processing file /home/airflow/.local/lib/python3.12/site-packages/airflow/example_dags/example_display_name.py for tasks to queue
[2024-09-29T08:14:18.140+0000] {logging_mixin.py:188} INFO - [2024-09-29T08:14:18.139+0000] {dagbag.py:540} INFO - Filling up the DagBag from /home/airflow/.local/lib/python3.12/site-packages/airflow/example_dags/example_display_name.py
[2024-09-29T08:14:18.144+0000] {processor.py:840} INFO - DAG(s) 'example_display_name' retrieved from /home/airflow/.local/lib/python3.12/site-packages/airflow/example_dags/example_display_name.py
[2024-09-29T08:14:18.161+0000] {logging_mixin.py:188} INFO - [2024-09-29T08:14:18.161+0000] {dag.py:3096} INFO - Sync 1 DAGs
[2024-09-29T08:14:18.172+0000] {logging_mixin.py:188} INFO - [2024-09-29T08:14:18.172+0000] {dag.py:3954} INFO - Setting next_dagrun for example_display_name to None, run_after=None
[2024-09-29T08:14:18.193+0000] {processor.py:183} INFO - Processing /home/airflow/.local/lib/python3.12/site-packages/airflow/example_dags/example_display_name.py took 0.060 seconds
[2024-09-29T08:14:48.453+0000] {processor.py:161} INFO - Started process (PID=1821) to work on /home/airflow/.local/lib/python3.12/site-packages/airflow/example_dags/example_display_name.py
[2024-09-29T08:14:48.454+0000] {processor.py:830} INFO - Processing file /home/airflow/.local/lib/python3.12/site-packages/airflow/example_dags/example_display_name.py for tasks to queue
[2024-09-29T08:14:48.455+0000] {logging_mixin.py:188} INFO - [2024-09-29T08:14:48.455+0000] {dagbag.py:540} INFO - Filling up the DagBag from /home/airflow/.local/lib/python3.12/site-packages/airflow/example_dags/example_display_name.py
[2024-09-29T08:14:48.459+0000] {processor.py:840} INFO - DAG(s) 'example_display_name' retrieved from /home/airflow/.local/lib/python3.12/site-packages/airflow/example_dags/example_display_name.py
[2024-09-29T08:14:48.475+0000] {logging_mixin.py:188} INFO - [2024-09-29T08:14:48.475+0000] {dag.py:3096} INFO - Sync 1 DAGs
[2024-09-29T08:14:48.485+0000] {logging_mixin.py:188} INFO - [2024-09-29T08:14:48.485+0000] {dag.py:3954} INFO - Setting next_dagrun for example_display_name to None, run_after=None
[2024-09-29T08:14:48.505+0000] {processor.py:183} INFO - Processing /home/airflow/.local/lib/python3.12/site-packages/airflow/example_dags/example_display_name.py took 0.057 seconds
[2024-09-29T08:15:18.707+0000] {processor.py:161} INFO - Started process (PID=2081) to work on /home/airflow/.local/lib/python3.12/site-packages/airflow/example_dags/example_display_name.py
[2024-09-29T08:15:18.707+0000] {processor.py:830} INFO - Processing file /home/airflow/.local/lib/python3.12/site-packages/airflow/example_dags/example_display_name.py for tasks to queue
[2024-09-29T08:15:18.709+0000] {logging_mixin.py:188} INFO - [2024-09-29T08:15:18.709+0000] {dagbag.py:540} INFO - Filling up the DagBag from /home/airflow/.local/lib/python3.12/site-packages/airflow/example_dags/example_display_name.py
[2024-09-29T08:15:18.714+0000] {processor.py:840} INFO - DAG(s) 'example_display_name' retrieved from /home/airflow/.local/lib/python3.12/site-packages/airflow/example_dags/example_display_name.py
[2024-09-29T08:15:18.729+0000] {logging_mixin.py:188} INFO - [2024-09-29T08:15:18.729+0000] {dag.py:3096} INFO - Sync 1 DAGs
[2024-09-29T08:15:18.740+0000] {logging_mixin.py:188} INFO - [2024-09-29T08:15:18.740+0000] {dag.py:3954} INFO - Setting next_dagrun for example_display_name to None, run_after=None
[2024-09-29T08:15:18.764+0000] {processor.py:183} INFO - Processing /home/airflow/.local/lib/python3.12/site-packages/airflow/example_dags/example_display_name.py took 0.064 seconds
[2024-09-29T08:15:48.957+0000] {processor.py:161} INFO - Started process (PID=2345) to work on /home/airflow/.local/lib/python3.12/site-packages/airflow/example_dags/example_display_name.py
[2024-09-29T08:15:48.958+0000] {processor.py:830} INFO - Processing file /home/airflow/.local/lib/python3.12/site-packages/airflow/example_dags/example_display_name.py for tasks to queue
[2024-09-29T08:15:48.960+0000] {logging_mixin.py:188} INFO - [2024-09-29T08:15:48.959+0000] {dagbag.py:540} INFO - Filling up the DagBag from /home/airflow/.local/lib/python3.12/site-packages/airflow/example_dags/example_display_name.py
[2024-09-29T08:15:48.966+0000] {processor.py:840} INFO - DAG(s) 'example_display_name' retrieved from /home/airflow/.local/lib/python3.12/site-packages/airflow/example_dags/example_display_name.py
[2024-09-29T08:15:48.983+0000] {logging_mixin.py:188} INFO - [2024-09-29T08:15:48.983+0000] {dag.py:3096} INFO - Sync 1 DAGs
[2024-09-29T08:15:48.998+0000] {logging_mixin.py:188} INFO - [2024-09-29T08:15:48.997+0000] {dag.py:3954} INFO - Setting next_dagrun for example_display_name to None, run_after=None
[2024-09-29T08:15:49.028+0000] {processor.py:183} INFO - Processing /home/airflow/.local/lib/python3.12/site-packages/airflow/example_dags/example_display_name.py took 0.075 seconds
[2024-09-29T08:16:19.095+0000] {processor.py:161} INFO - Started process (PID=2605) to work on /home/airflow/.local/lib/python3.12/site-packages/airflow/example_dags/example_display_name.py
[2024-09-29T08:16:19.096+0000] {processor.py:830} INFO - Processing file /home/airflow/.local/lib/python3.12/site-packages/airflow/example_dags/example_display_name.py for tasks to queue
[2024-09-29T08:16:19.097+0000] {logging_mixin.py:188} INFO - [2024-09-29T08:16:19.097+0000] {dagbag.py:540} INFO - Filling up the DagBag from /home/airflow/.local/lib/python3.12/site-packages/airflow/example_dags/example_display_name.py
[2024-09-29T08:16:19.102+0000] {processor.py:840} INFO - DAG(s) 'example_display_name' retrieved from /home/airflow/.local/lib/python3.12/site-packages/airflow/example_dags/example_display_name.py
[2024-09-29T08:16:19.118+0000] {logging_mixin.py:188} INFO - [2024-09-29T08:16:19.118+0000] {dag.py:3096} INFO - Sync 1 DAGs
[2024-09-29T08:16:19.130+0000] {logging_mixin.py:188} INFO - [2024-09-29T08:16:19.130+0000] {dag.py:3954} INFO - Setting next_dagrun for example_display_name to None, run_after=None
[2024-09-29T08:16:19.152+0000] {processor.py:183} INFO - Processing /home/airflow/.local/lib/python3.12/site-packages/airflow/example_dags/example_display_name.py took 0.064 seconds
[2024-09-29T08:16:49.498+0000] {processor.py:161} INFO - Started process (PID=2867) to work on /home/airflow/.local/lib/python3.12/site-packages/airflow/example_dags/example_display_name.py
[2024-09-29T08:16:49.499+0000] {processor.py:830} INFO - Processing file /home/airflow/.local/lib/python3.12/site-packages/airflow/example_dags/example_display_name.py for tasks to queue
[2024-09-29T08:16:49.501+0000] {logging_mixin.py:188} INFO - [2024-09-29T08:16:49.500+0000] {dagbag.py:540} INFO - Filling up the DagBag from /home/airflow/.local/lib/python3.12/site-packages/airflow/example_dags/example_display_name.py
[2024-09-29T08:16:49.506+0000] {processor.py:840} INFO - DAG(s) 'example_display_name' retrieved from /home/airflow/.local/lib/python3.12/site-packages/airflow/example_dags/example_display_name.py
[2024-09-29T08:16:49.522+0000] {logging_mixin.py:188} INFO - [2024-09-29T08:16:49.521+0000] {dag.py:3096} INFO - Sync 1 DAGs
[2024-09-29T08:16:49.532+0000] {logging_mixin.py:188} INFO - [2024-09-29T08:16:49.532+0000] {dag.py:3954} INFO - Setting next_dagrun for example_display_name to None, run_after=None
[2024-09-29T08:16:49.568+0000] {processor.py:183} INFO - Processing /home/airflow/.local/lib/python3.12/site-packages/airflow/example_dags/example_display_name.py took 0.076 seconds
[2024-09-29T08:17:19.899+0000] {processor.py:161} INFO - Started process (PID=3131) to work on /home/airflow/.local/lib/python3.12/site-packages/airflow/example_dags/example_display_name.py
[2024-09-29T08:17:19.899+0000] {processor.py:830} INFO - Processing file /home/airflow/.local/lib/python3.12/site-packages/airflow/example_dags/example_display_name.py for tasks to queue
[2024-09-29T08:17:19.901+0000] {logging_mixin.py:188} INFO - [2024-09-29T08:17:19.901+0000] {dagbag.py:540} INFO - Filling up the DagBag from /home/airflow/.local/lib/python3.12/site-packages/airflow/example_dags/example_display_name.py
[2024-09-29T08:17:19.907+0000] {processor.py:840} INFO - DAG(s) 'example_display_name' retrieved from /home/airflow/.local/lib/python3.12/site-packages/airflow/example_dags/example_display_name.py
[2024-09-29T08:17:19.926+0000] {logging_mixin.py:188} INFO - [2024-09-29T08:17:19.926+0000] {dag.py:3096} INFO - Sync 1 DAGs
[2024-09-29T08:17:19.938+0000] {logging_mixin.py:188} INFO - [2024-09-29T08:17:19.938+0000] {dag.py:3954} INFO - Setting next_dagrun for example_display_name to None, run_after=None
[2024-09-29T08:17:19.959+0000] {processor.py:183} INFO - Processing /home/airflow/.local/lib/python3.12/site-packages/airflow/example_dags/example_display_name.py took 0.066 seconds
[2024-09-29T08:17:50.106+0000] {processor.py:161} INFO - Started process (PID=3393) to work on /home/airflow/.local/lib/python3.12/site-packages/airflow/example_dags/example_display_name.py
[2024-09-29T08:17:50.107+0000] {processor.py:830} INFO - Processing file /home/airflow/.local/lib/python3.12/site-packages/airflow/example_dags/example_display_name.py for tasks to queue
[2024-09-29T08:17:50.108+0000] {logging_mixin.py:188} INFO - [2024-09-29T08:17:50.108+0000] {dagbag.py:540} INFO - Filling up the DagBag from /home/airflow/.local/lib/python3.12/site-packages/airflow/example_dags/example_display_name.py
[2024-09-29T08:17:50.114+0000] {processor.py:840} INFO - DAG(s) 'example_display_name' retrieved from /home/airflow/.local/lib/python3.12/site-packages/airflow/example_dags/example_display_name.py
[2024-09-29T08:17:50.134+0000] {logging_mixin.py:188} INFO - [2024-09-29T08:17:50.134+0000] {dag.py:3096} INFO - Sync 1 DAGs
[2024-09-29T08:17:50.148+0000] {logging_mixin.py:188} INFO - [2024-09-29T08:17:50.147+0000] {dag.py:3954} INFO - Setting next_dagrun for example_display_name to None, run_after=None
[2024-09-29T08:17:50.175+0000] {processor.py:183} INFO - Processing /home/airflow/.local/lib/python3.12/site-packages/airflow/example_dags/example_display_name.py took 0.075 seconds
[2024-09-29T08:18:20.250+0000] {processor.py:161} INFO - Started process (PID=3653) to work on /home/airflow/.local/lib/python3.12/site-packages/airflow/example_dags/example_display_name.py
[2024-09-29T08:18:20.251+0000] {processor.py:830} INFO - Processing file /home/airflow/.local/lib/python3.12/site-packages/airflow/example_dags/example_display_name.py for tasks to queue
[2024-09-29T08:18:20.253+0000] {logging_mixin.py:188} INFO - [2024-09-29T08:18:20.252+0000] {dagbag.py:540} INFO - Filling up the DagBag from /home/airflow/.local/lib/python3.12/site-packages/airflow/example_dags/example_display_name.py
[2024-09-29T08:18:20.258+0000] {processor.py:840} INFO - DAG(s) 'example_display_name' retrieved from /home/airflow/.local/lib/python3.12/site-packages/airflow/example_dags/example_display_name.py
[2024-09-29T08:18:20.276+0000] {logging_mixin.py:188} INFO - [2024-09-29T08:18:20.276+0000] {dag.py:3096} INFO - Sync 1 DAGs
[2024-09-29T08:18:20.290+0000] {logging_mixin.py:188} INFO - [2024-09-29T08:18:20.290+0000] {dag.py:3954} INFO - Setting next_dagrun for example_display_name to None, run_after=None
[2024-09-29T08:18:20.327+0000] {processor.py:183} INFO - Processing /home/airflow/.local/lib/python3.12/site-packages/airflow/example_dags/example_display_name.py took 0.083 seconds
[2024-09-29T08:18:50.501+0000] {processor.py:161} INFO - Started process (PID=3917) to work on /home/airflow/.local/lib/python3.12/site-packages/airflow/example_dags/example_display_name.py
[2024-09-29T08:18:50.502+0000] {processor.py:830} INFO - Processing file /home/airflow/.local/lib/python3.12/site-packages/airflow/example_dags/example_display_name.py for tasks to queue
[2024-09-29T08:18:50.503+0000] {logging_mixin.py:188} INFO - [2024-09-29T08:18:50.503+0000] {dagbag.py:540} INFO - Filling up the DagBag from /home/airflow/.local/lib/python3.12/site-packages/airflow/example_dags/example_display_name.py
[2024-09-29T08:18:50.508+0000] {processor.py:840} INFO - DAG(s) 'example_display_name' retrieved from /home/airflow/.local/lib/python3.12/site-packages/airflow/example_dags/example_display_name.py
[2024-09-29T08:18:50.525+0000] {logging_mixin.py:188} INFO - [2024-09-29T08:18:50.525+0000] {dag.py:3096} INFO - Sync 1 DAGs
[2024-09-29T08:18:50.536+0000] {logging_mixin.py:188} INFO - [2024-09-29T08:18:50.536+0000] {dag.py:3954} INFO - Setting next_dagrun for example_display_name to None, run_after=None
[2024-09-29T08:18:50.557+0000] {processor.py:183} INFO - Processing /home/airflow/.local/lib/python3.12/site-packages/airflow/example_dags/example_display_name.py took 0.060 seconds
[2024-09-29T08:19:20.840+0000] {processor.py:161} INFO - Started process (PID=4179) to work on /home/airflow/.local/lib/python3.12/site-packages/airflow/example_dags/example_display_name.py
[2024-09-29T08:19:20.841+0000] {processor.py:830} INFO - Processing file /home/airflow/.local/lib/python3.12/site-packages/airflow/example_dags/example_display_name.py for tasks to queue
[2024-09-29T08:19:20.843+0000] {logging_mixin.py:188} INFO - [2024-09-29T08:19:20.842+0000] {dagbag.py:540} INFO - Filling up the DagBag from /home/airflow/.local/lib/python3.12/site-packages/airflow/example_dags/example_display_name.py
[2024-09-29T08:19:20.848+0000] {processor.py:840} INFO - DAG(s) 'example_display_name' retrieved from /home/airflow/.local/lib/python3.12/site-packages/airflow/example_dags/example_display_name.py
[2024-09-29T08:19:20.868+0000] {logging_mixin.py:188} INFO - [2024-09-29T08:19:20.867+0000] {dag.py:3096} INFO - Sync 1 DAGs
[2024-09-29T08:19:20.879+0000] {logging_mixin.py:188} INFO - [2024-09-29T08:19:20.879+0000] {dag.py:3954} INFO - Setting next_dagrun for example_display_name to None, run_after=None
[2024-09-29T08:19:20.900+0000] {processor.py:183} INFO - Processing /home/airflow/.local/lib/python3.12/site-packages/airflow/example_dags/example_display_name.py took 0.066 seconds
[2024-09-29T08:19:51.065+0000] {processor.py:161} INFO - Started process (PID=4441) to work on /home/airflow/.local/lib/python3.12/site-packages/airflow/example_dags/example_display_name.py
[2024-09-29T08:19:51.066+0000] {processor.py:830} INFO - Processing file /home/airflow/.local/lib/python3.12/site-packages/airflow/example_dags/example_display_name.py for tasks to queue
[2024-09-29T08:19:51.067+0000] {logging_mixin.py:188} INFO - [2024-09-29T08:19:51.067+0000] {dagbag.py:540} INFO - Filling up the DagBag from /home/airflow/.local/lib/python3.12/site-packages/airflow/example_dags/example_display_name.py
[2024-09-29T08:19:51.073+0000] {processor.py:840} INFO - DAG(s) 'example_display_name' retrieved from /home/airflow/.local/lib/python3.12/site-packages/airflow/example_dags/example_display_name.py
[2024-09-29T08:19:51.089+0000] {logging_mixin.py:188} INFO - [2024-09-29T08:19:51.089+0000] {dag.py:3096} INFO - Sync 1 DAGs
[2024-09-29T08:19:51.100+0000] {logging_mixin.py:188} INFO - [2024-09-29T08:19:51.100+0000] {dag.py:3954} INFO - Setting next_dagrun for example_display_name to None, run_after=None
[2024-09-29T08:19:51.122+0000] {processor.py:183} INFO - Processing /home/airflow/.local/lib/python3.12/site-packages/airflow/example_dags/example_display_name.py took 0.062 seconds
[2024-09-29T08:20:21.182+0000] {processor.py:161} INFO - Started process (PID=4703) to work on /home/airflow/.local/lib/python3.12/site-packages/airflow/example_dags/example_display_name.py
[2024-09-29T08:20:21.182+0000] {processor.py:830} INFO - Processing file /home/airflow/.local/lib/python3.12/site-packages/airflow/example_dags/example_display_name.py for tasks to queue
[2024-09-29T08:20:21.184+0000] {logging_mixin.py:188} INFO - [2024-09-29T08:20:21.183+0000] {dagbag.py:540} INFO - Filling up the DagBag from /home/airflow/.local/lib/python3.12/site-packages/airflow/example_dags/example_display_name.py
[2024-09-29T08:20:21.188+0000] {processor.py:840} INFO - DAG(s) 'example_display_name' retrieved from /home/airflow/.local/lib/python3.12/site-packages/airflow/example_dags/example_display_name.py
[2024-09-29T08:20:21.203+0000] {logging_mixin.py:188} INFO - [2024-09-29T08:20:21.203+0000] {dag.py:3096} INFO - Sync 1 DAGs
[2024-09-29T08:20:21.214+0000] {logging_mixin.py:188} INFO - [2024-09-29T08:20:21.213+0000] {dag.py:3954} INFO - Setting next_dagrun for example_display_name to None, run_after=None
[2024-09-29T08:20:21.234+0000] {processor.py:183} INFO - Processing /home/airflow/.local/lib/python3.12/site-packages/airflow/example_dags/example_display_name.py took 0.057 seconds
[2024-09-29T08:20:51.558+0000] {processor.py:161} INFO - Started process (PID=4965) to work on /home/airflow/.local/lib/python3.12/site-packages/airflow/example_dags/example_display_name.py
[2024-09-29T08:20:51.559+0000] {processor.py:830} INFO - Processing file /home/airflow/.local/lib/python3.12/site-packages/airflow/example_dags/example_display_name.py for tasks to queue
[2024-09-29T08:20:51.560+0000] {logging_mixin.py:188} INFO - [2024-09-29T08:20:51.560+0000] {dagbag.py:540} INFO - Filling up the DagBag from /home/airflow/.local/lib/python3.12/site-packages/airflow/example_dags/example_display_name.py
[2024-09-29T08:20:51.566+0000] {processor.py:840} INFO - DAG(s) 'example_display_name' retrieved from /home/airflow/.local/lib/python3.12/site-packages/airflow/example_dags/example_display_name.py
[2024-09-29T08:20:51.583+0000] {logging_mixin.py:188} INFO - [2024-09-29T08:20:51.582+0000] {dag.py:3096} INFO - Sync 1 DAGs
[2024-09-29T08:20:51.593+0000] {logging_mixin.py:188} INFO - [2024-09-29T08:20:51.593+0000] {dag.py:3954} INFO - Setting next_dagrun for example_display_name to None, run_after=None
[2024-09-29T08:20:51.613+0000] {processor.py:183} INFO - Processing /home/airflow/.local/lib/python3.12/site-packages/airflow/example_dags/example_display_name.py took 0.061 seconds
[2024-09-29T08:21:21.816+0000] {processor.py:161} INFO - Started process (PID=5227) to work on /home/airflow/.local/lib/python3.12/site-packages/airflow/example_dags/example_display_name.py
[2024-09-29T08:21:21.817+0000] {processor.py:830} INFO - Processing file /home/airflow/.local/lib/python3.12/site-packages/airflow/example_dags/example_display_name.py for tasks to queue
[2024-09-29T08:21:21.818+0000] {logging_mixin.py:188} INFO - [2024-09-29T08:21:21.818+0000] {dagbag.py:540} INFO - Filling up the DagBag from /home/airflow/.local/lib/python3.12/site-packages/airflow/example_dags/example_display_name.py
[2024-09-29T08:21:21.823+0000] {processor.py:840} INFO - DAG(s) 'example_display_name' retrieved from /home/airflow/.local/lib/python3.12/site-packages/airflow/example_dags/example_display_name.py
[2024-09-29T08:21:21.838+0000] {logging_mixin.py:188} INFO - [2024-09-29T08:21:21.838+0000] {dag.py:3096} INFO - Sync 1 DAGs
[2024-09-29T08:21:21.849+0000] {logging_mixin.py:188} INFO - [2024-09-29T08:21:21.849+0000] {dag.py:3954} INFO - Setting next_dagrun for example_display_name to None, run_after=None
[2024-09-29T08:21:21.868+0000] {processor.py:183} INFO - Processing /home/airflow/.local/lib/python3.12/site-packages/airflow/example_dags/example_display_name.py took 0.056 seconds
[2024-09-29T08:21:52.257+0000] {processor.py:161} INFO - Started process (PID=5489) to work on /home/airflow/.local/lib/python3.12/site-packages/airflow/example_dags/example_display_name.py
[2024-09-29T08:21:52.257+0000] {processor.py:830} INFO - Processing file /home/airflow/.local/lib/python3.12/site-packages/airflow/example_dags/example_display_name.py for tasks to queue
[2024-09-29T08:21:52.259+0000] {logging_mixin.py:188} INFO - [2024-09-29T08:21:52.259+0000] {dagbag.py:540} INFO - Filling up the DagBag from /home/airflow/.local/lib/python3.12/site-packages/airflow/example_dags/example_display_name.py
[2024-09-29T08:21:52.265+0000] {processor.py:840} INFO - DAG(s) 'example_display_name' retrieved from /home/airflow/.local/lib/python3.12/site-packages/airflow/example_dags/example_display_name.py
[2024-09-29T08:21:52.281+0000] {logging_mixin.py:188} INFO - [2024-09-29T08:21:52.281+0000] {dag.py:3096} INFO - Sync 1 DAGs
[2024-09-29T08:21:52.295+0000] {logging_mixin.py:188} INFO - [2024-09-29T08:21:52.295+0000] {dag.py:3954} INFO - Setting next_dagrun for example_display_name to None, run_after=None
[2024-09-29T08:21:52.319+0000] {processor.py:183} INFO - Processing /home/airflow/.local/lib/python3.12/site-packages/airflow/example_dags/example_display_name.py took 0.068 seconds
[2024-09-29T08:22:22.744+0000] {processor.py:161} INFO - Started process (PID=5751) to work on /home/airflow/.local/lib/python3.12/site-packages/airflow/example_dags/example_display_name.py
[2024-09-29T08:22:22.745+0000] {processor.py:830} INFO - Processing file /home/airflow/.local/lib/python3.12/site-packages/airflow/example_dags/example_display_name.py for tasks to queue
[2024-09-29T08:22:22.747+0000] {logging_mixin.py:188} INFO - [2024-09-29T08:22:22.746+0000] {dagbag.py:540} INFO - Filling up the DagBag from /home/airflow/.local/lib/python3.12/site-packages/airflow/example_dags/example_display_name.py
[2024-09-29T08:22:22.753+0000] {processor.py:840} INFO - DAG(s) 'example_display_name' retrieved from /home/airflow/.local/lib/python3.12/site-packages/airflow/example_dags/example_display_name.py
[2024-09-29T08:22:22.769+0000] {logging_mixin.py:188} INFO - [2024-09-29T08:22:22.769+0000] {dag.py:3096} INFO - Sync 1 DAGs
[2024-09-29T08:22:22.783+0000] {logging_mixin.py:188} INFO - [2024-09-29T08:22:22.783+0000] {dag.py:3954} INFO - Setting next_dagrun for example_display_name to None, run_after=None
[2024-09-29T08:22:22.805+0000] {processor.py:183} INFO - Processing /home/airflow/.local/lib/python3.12/site-packages/airflow/example_dags/example_display_name.py took 0.065 seconds
[2024-09-29T08:22:52.997+0000] {processor.py:161} INFO - Started process (PID=6013) to work on /home/airflow/.local/lib/python3.12/site-packages/airflow/example_dags/example_display_name.py
[2024-09-29T08:22:52.997+0000] {processor.py:830} INFO - Processing file /home/airflow/.local/lib/python3.12/site-packages/airflow/example_dags/example_display_name.py for tasks to queue
[2024-09-29T08:22:52.999+0000] {logging_mixin.py:188} INFO - [2024-09-29T08:22:52.998+0000] {dagbag.py:540} INFO - Filling up the DagBag from /home/airflow/.local/lib/python3.12/site-packages/airflow/example_dags/example_display_name.py
[2024-09-29T08:22:53.003+0000] {processor.py:840} INFO - DAG(s) 'example_display_name' retrieved from /home/airflow/.local/lib/python3.12/site-packages/airflow/example_dags/example_display_name.py
[2024-09-29T08:22:53.018+0000] {logging_mixin.py:188} INFO - [2024-09-29T08:22:53.018+0000] {dag.py:3096} INFO - Sync 1 DAGs
[2024-09-29T08:22:53.028+0000] {logging_mixin.py:188} INFO - [2024-09-29T08:22:53.028+0000] {dag.py:3954} INFO - Setting next_dagrun for example_display_name to None, run_after=None
[2024-09-29T08:22:53.046+0000] {processor.py:183} INFO - Processing /home/airflow/.local/lib/python3.12/site-packages/airflow/example_dags/example_display_name.py took 0.054 seconds
[2024-09-29T08:23:23.329+0000] {processor.py:161} INFO - Started process (PID=6273) to work on /home/airflow/.local/lib/python3.12/site-packages/airflow/example_dags/example_display_name.py
[2024-09-29T08:23:23.329+0000] {processor.py:830} INFO - Processing file /home/airflow/.local/lib/python3.12/site-packages/airflow/example_dags/example_display_name.py for tasks to queue
[2024-09-29T08:23:23.330+0000] {logging_mixin.py:188} INFO - [2024-09-29T08:23:23.330+0000] {dagbag.py:540} INFO - Filling up the DagBag from /home/airflow/.local/lib/python3.12/site-packages/airflow/example_dags/example_display_name.py
[2024-09-29T08:23:23.335+0000] {processor.py:840} INFO - DAG(s) 'example_display_name' retrieved from /home/airflow/.local/lib/python3.12/site-packages/airflow/example_dags/example_display_name.py
[2024-09-29T08:23:23.351+0000] {logging_mixin.py:188} INFO - [2024-09-29T08:23:23.350+0000] {dag.py:3096} INFO - Sync 1 DAGs
[2024-09-29T08:23:23.361+0000] {logging_mixin.py:188} INFO - [2024-09-29T08:23:23.361+0000] {dag.py:3954} INFO - Setting next_dagrun for example_display_name to None, run_after=None
[2024-09-29T08:23:23.380+0000] {processor.py:183} INFO - Processing /home/airflow/.local/lib/python3.12/site-packages/airflow/example_dags/example_display_name.py took 0.056 seconds
[2024-09-29T08:23:53.582+0000] {processor.py:161} INFO - Started process (PID=6537) to work on /home/airflow/.local/lib/python3.12/site-packages/airflow/example_dags/example_display_name.py
[2024-09-29T08:23:53.583+0000] {processor.py:830} INFO - Processing file /home/airflow/.local/lib/python3.12/site-packages/airflow/example_dags/example_display_name.py for tasks to queue
[2024-09-29T08:23:53.584+0000] {logging_mixin.py:188} INFO - [2024-09-29T08:23:53.584+0000] {dagbag.py:540} INFO - Filling up the DagBag from /home/airflow/.local/lib/python3.12/site-packages/airflow/example_dags/example_display_name.py
[2024-09-29T08:23:53.588+0000] {processor.py:840} INFO - DAG(s) 'example_display_name' retrieved from /home/airflow/.local/lib/python3.12/site-packages/airflow/example_dags/example_display_name.py
[2024-09-29T08:23:53.603+0000] {logging_mixin.py:188} INFO - [2024-09-29T08:23:53.603+0000] {dag.py:3096} INFO - Sync 1 DAGs
[2024-09-29T08:23:53.613+0000] {logging_mixin.py:188} INFO - [2024-09-29T08:23:53.613+0000] {dag.py:3954} INFO - Setting next_dagrun for example_display_name to None, run_after=None
[2024-09-29T08:23:53.631+0000] {processor.py:183} INFO - Processing /home/airflow/.local/lib/python3.12/site-packages/airflow/example_dags/example_display_name.py took 0.054 seconds
[2024-09-29T08:24:23.970+0000] {processor.py:161} INFO - Started process (PID=6799) to work on /home/airflow/.local/lib/python3.12/site-packages/airflow/example_dags/example_display_name.py
[2024-09-29T08:24:23.971+0000] {processor.py:830} INFO - Processing file /home/airflow/.local/lib/python3.12/site-packages/airflow/example_dags/example_display_name.py for tasks to queue
[2024-09-29T08:24:23.972+0000] {logging_mixin.py:188} INFO - [2024-09-29T08:24:23.972+0000] {dagbag.py:540} INFO - Filling up the DagBag from /home/airflow/.local/lib/python3.12/site-packages/airflow/example_dags/example_display_name.py
[2024-09-29T08:24:23.977+0000] {processor.py:840} INFO - DAG(s) 'example_display_name' retrieved from /home/airflow/.local/lib/python3.12/site-packages/airflow/example_dags/example_display_name.py
[2024-09-29T08:24:23.991+0000] {logging_mixin.py:188} INFO - [2024-09-29T08:24:23.991+0000] {dag.py:3096} INFO - Sync 1 DAGs
[2024-09-29T08:24:24.002+0000] {logging_mixin.py:188} INFO - [2024-09-29T08:24:24.001+0000] {dag.py:3954} INFO - Setting next_dagrun for example_display_name to None, run_after=None
[2024-09-29T08:24:24.022+0000] {processor.py:183} INFO - Processing /home/airflow/.local/lib/python3.12/site-packages/airflow/example_dags/example_display_name.py took 0.056 seconds
[2024-09-29T08:24:54.747+0000] {processor.py:161} INFO - Started process (PID=7061) to work on /home/airflow/.local/lib/python3.12/site-packages/airflow/example_dags/example_display_name.py
[2024-09-29T08:24:54.748+0000] {processor.py:830} INFO - Processing file /home/airflow/.local/lib/python3.12/site-packages/airflow/example_dags/example_display_name.py for tasks to queue
[2024-09-29T08:24:54.749+0000] {logging_mixin.py:188} INFO - [2024-09-29T08:24:54.749+0000] {dagbag.py:540} INFO - Filling up the DagBag from /home/airflow/.local/lib/python3.12/site-packages/airflow/example_dags/example_display_name.py
[2024-09-29T08:24:54.754+0000] {processor.py:840} INFO - DAG(s) 'example_display_name' retrieved from /home/airflow/.local/lib/python3.12/site-packages/airflow/example_dags/example_display_name.py
[2024-09-29T08:24:54.769+0000] {logging_mixin.py:188} INFO - [2024-09-29T08:24:54.769+0000] {dag.py:3096} INFO - Sync 1 DAGs
[2024-09-29T08:24:54.779+0000] {logging_mixin.py:188} INFO - [2024-09-29T08:24:54.779+0000] {dag.py:3954} INFO - Setting next_dagrun for example_display_name to None, run_after=None
[2024-09-29T08:24:54.798+0000] {processor.py:183} INFO - Processing /home/airflow/.local/lib/python3.12/site-packages/airflow/example_dags/example_display_name.py took 0.055 seconds
