[2024-09-29T08:11:48.120+0000] {processor.py:161} INFO - Started process (PID=319) to work on /home/airflow/.local/lib/python3.12/site-packages/airflow/example_dags/example_skip_dag.py
[2024-09-29T08:11:48.121+0000] {processor.py:830} INFO - Processing file /home/airflow/.local/lib/python3.12/site-packages/airflow/example_dags/example_skip_dag.py for tasks to queue
[2024-09-29T08:11:48.122+0000] {logging_mixin.py:188} INFO - [2024-09-29T08:11:48.122+0000] {dagbag.py:540} INFO - Filling up the DagBag from /home/airflow/.local/lib/python3.12/site-packages/airflow/example_dags/example_skip_dag.py
[2024-09-29T08:11:48.132+0000] {processor.py:840} INFO - DAG(s) 'example_skip_dag' retrieved from /home/airflow/.local/lib/python3.12/site-packages/airflow/example_dags/example_skip_dag.py
[2024-09-29T08:11:48.265+0000] {logging_mixin.py:188} INFO - [2024-09-29T08:11:48.264+0000] {override.py:1829} INFO - Created Permission View: can read on DAG:example_skip_dag
[2024-09-29T08:11:48.285+0000] {logging_mixin.py:188} INFO - [2024-09-29T08:11:48.285+0000] {override.py:1829} INFO - Created Permission View: can delete on DAG:example_skip_dag
[2024-09-29T08:11:48.295+0000] {logging_mixin.py:188} INFO - [2024-09-29T08:11:48.294+0000] {override.py:1829} INFO - Created Permission View: can edit on DAG:example_skip_dag
[2024-09-29T08:11:48.295+0000] {logging_mixin.py:188} INFO - [2024-09-29T08:11:48.295+0000] {dag.py:3096} INFO - Sync 1 DAGs
[2024-09-29T08:11:48.306+0000] {logging_mixin.py:188} INFO - [2024-09-29T08:11:48.306+0000] {dag.py:3118} INFO - Creating ORM DAG for example_skip_dag
[2024-09-29T08:11:48.318+0000] {logging_mixin.py:188} INFO - [2024-09-29T08:11:48.317+0000] {dag.py:3954} INFO - Setting next_dagrun for example_skip_dag to 2024-09-28 00:00:00+00:00, run_after=2024-09-29 00:00:00+00:00
[2024-09-29T08:11:48.338+0000] {processor.py:183} INFO - Processing /home/airflow/.local/lib/python3.12/site-packages/airflow/example_dags/example_skip_dag.py took 0.223 seconds
[2024-09-29T08:12:18.574+0000] {processor.py:161} INFO - Started process (PID=581) to work on /home/airflow/.local/lib/python3.12/site-packages/airflow/example_dags/example_skip_dag.py
[2024-09-29T08:12:18.575+0000] {processor.py:830} INFO - Processing file /home/airflow/.local/lib/python3.12/site-packages/airflow/example_dags/example_skip_dag.py for tasks to queue
[2024-09-29T08:12:18.576+0000] {logging_mixin.py:188} INFO - [2024-09-29T08:12:18.576+0000] {dagbag.py:540} INFO - Filling up the DagBag from /home/airflow/.local/lib/python3.12/site-packages/airflow/example_dags/example_skip_dag.py
[2024-09-29T08:12:18.581+0000] {processor.py:840} INFO - DAG(s) 'example_skip_dag' retrieved from /home/airflow/.local/lib/python3.12/site-packages/airflow/example_dags/example_skip_dag.py
[2024-09-29T08:12:18.597+0000] {logging_mixin.py:188} INFO - [2024-09-29T08:12:18.597+0000] {dag.py:3096} INFO - Sync 1 DAGs
[2024-09-29T08:12:18.615+0000] {logging_mixin.py:188} INFO - [2024-09-29T08:12:18.615+0000] {dag.py:3954} INFO - Setting next_dagrun for example_skip_dag to 2024-09-28 00:00:00+00:00, run_after=2024-09-29 00:00:00+00:00
[2024-09-29T08:12:18.639+0000] {processor.py:183} INFO - Processing /home/airflow/.local/lib/python3.12/site-packages/airflow/example_dags/example_skip_dag.py took 0.070 seconds
[2024-09-29T08:12:48.835+0000] {processor.py:161} INFO - Started process (PID=841) to work on /home/airflow/.local/lib/python3.12/site-packages/airflow/example_dags/example_skip_dag.py
[2024-09-29T08:12:48.836+0000] {processor.py:830} INFO - Processing file /home/airflow/.local/lib/python3.12/site-packages/airflow/example_dags/example_skip_dag.py for tasks to queue
[2024-09-29T08:12:48.837+0000] {logging_mixin.py:188} INFO - [2024-09-29T08:12:48.837+0000] {dagbag.py:540} INFO - Filling up the DagBag from /home/airflow/.local/lib/python3.12/site-packages/airflow/example_dags/example_skip_dag.py
[2024-09-29T08:12:48.844+0000] {processor.py:840} INFO - DAG(s) 'example_skip_dag' retrieved from /home/airflow/.local/lib/python3.12/site-packages/airflow/example_dags/example_skip_dag.py
[2024-09-29T08:12:48.867+0000] {logging_mixin.py:188} INFO - [2024-09-29T08:12:48.867+0000] {dag.py:3096} INFO - Sync 1 DAGs
[2024-09-29T08:12:48.887+0000] {logging_mixin.py:188} INFO - [2024-09-29T08:12:48.887+0000] {dag.py:3954} INFO - Setting next_dagrun for example_skip_dag to 2024-09-28 00:00:00+00:00, run_after=2024-09-29 00:00:00+00:00
[2024-09-29T08:12:48.915+0000] {processor.py:183} INFO - Processing /home/airflow/.local/lib/python3.12/site-packages/airflow/example_dags/example_skip_dag.py took 0.087 seconds
[2024-09-29T08:13:19.334+0000] {processor.py:161} INFO - Started process (PID=1105) to work on /home/airflow/.local/lib/python3.12/site-packages/airflow/example_dags/example_skip_dag.py
[2024-09-29T08:13:19.334+0000] {processor.py:830} INFO - Processing file /home/airflow/.local/lib/python3.12/site-packages/airflow/example_dags/example_skip_dag.py for tasks to queue
[2024-09-29T08:13:19.335+0000] {logging_mixin.py:188} INFO - [2024-09-29T08:13:19.335+0000] {dagbag.py:540} INFO - Filling up the DagBag from /home/airflow/.local/lib/python3.12/site-packages/airflow/example_dags/example_skip_dag.py
[2024-09-29T08:13:19.340+0000] {processor.py:840} INFO - DAG(s) 'example_skip_dag' retrieved from /home/airflow/.local/lib/python3.12/site-packages/airflow/example_dags/example_skip_dag.py
[2024-09-29T08:13:19.358+0000] {logging_mixin.py:188} INFO - [2024-09-29T08:13:19.357+0000] {dag.py:3096} INFO - Sync 1 DAGs
[2024-09-29T08:13:19.376+0000] {logging_mixin.py:188} INFO - [2024-09-29T08:13:19.376+0000] {dag.py:3954} INFO - Setting next_dagrun for example_skip_dag to 2024-09-28 00:00:00+00:00, run_after=2024-09-29 00:00:00+00:00
[2024-09-29T08:13:19.402+0000] {processor.py:183} INFO - Processing /home/airflow/.local/lib/python3.12/site-packages/airflow/example_dags/example_skip_dag.py took 0.073 seconds
[2024-09-29T08:13:49.721+0000] {processor.py:161} INFO - Started process (PID=1367) to work on /home/airflow/.local/lib/python3.12/site-packages/airflow/example_dags/example_skip_dag.py
[2024-09-29T08:13:49.722+0000] {processor.py:830} INFO - Processing file /home/airflow/.local/lib/python3.12/site-packages/airflow/example_dags/example_skip_dag.py for tasks to queue
[2024-09-29T08:13:49.723+0000] {logging_mixin.py:188} INFO - [2024-09-29T08:13:49.723+0000] {dagbag.py:540} INFO - Filling up the DagBag from /home/airflow/.local/lib/python3.12/site-packages/airflow/example_dags/example_skip_dag.py
[2024-09-29T08:13:49.728+0000] {processor.py:840} INFO - DAG(s) 'example_skip_dag' retrieved from /home/airflow/.local/lib/python3.12/site-packages/airflow/example_dags/example_skip_dag.py
[2024-09-29T08:13:49.747+0000] {logging_mixin.py:188} INFO - [2024-09-29T08:13:49.747+0000] {dag.py:3096} INFO - Sync 1 DAGs
[2024-09-29T08:13:49.766+0000] {logging_mixin.py:188} INFO - [2024-09-29T08:13:49.766+0000] {dag.py:3954} INFO - Setting next_dagrun for example_skip_dag to 2024-09-28 00:00:00+00:00, run_after=2024-09-29 00:00:00+00:00
[2024-09-29T08:13:49.786+0000] {processor.py:183} INFO - Processing /home/airflow/.local/lib/python3.12/site-packages/airflow/example_dags/example_skip_dag.py took 0.070 seconds
[2024-09-29T08:14:20.067+0000] {processor.py:161} INFO - Started process (PID=1627) to work on /home/airflow/.local/lib/python3.12/site-packages/airflow/example_dags/example_skip_dag.py
[2024-09-29T08:14:20.068+0000] {processor.py:830} INFO - Processing file /home/airflow/.local/lib/python3.12/site-packages/airflow/example_dags/example_skip_dag.py for tasks to queue
[2024-09-29T08:14:20.070+0000] {logging_mixin.py:188} INFO - [2024-09-29T08:14:20.069+0000] {dagbag.py:540} INFO - Filling up the DagBag from /home/airflow/.local/lib/python3.12/site-packages/airflow/example_dags/example_skip_dag.py
[2024-09-29T08:14:20.075+0000] {processor.py:840} INFO - DAG(s) 'example_skip_dag' retrieved from /home/airflow/.local/lib/python3.12/site-packages/airflow/example_dags/example_skip_dag.py
[2024-09-29T08:14:20.100+0000] {logging_mixin.py:188} INFO - [2024-09-29T08:14:20.100+0000] {dag.py:3096} INFO - Sync 1 DAGs
[2024-09-29T08:14:20.124+0000] {logging_mixin.py:188} INFO - [2024-09-29T08:14:20.124+0000] {dag.py:3954} INFO - Setting next_dagrun for example_skip_dag to 2024-09-28 00:00:00+00:00, run_after=2024-09-29 00:00:00+00:00
[2024-09-29T08:14:20.146+0000] {processor.py:183} INFO - Processing /home/airflow/.local/lib/python3.12/site-packages/airflow/example_dags/example_skip_dag.py took 0.085 seconds
[2024-09-29T08:14:50.513+0000] {processor.py:161} INFO - Started process (PID=1891) to work on /home/airflow/.local/lib/python3.12/site-packages/airflow/example_dags/example_skip_dag.py
[2024-09-29T08:14:50.513+0000] {processor.py:830} INFO - Processing file /home/airflow/.local/lib/python3.12/site-packages/airflow/example_dags/example_skip_dag.py for tasks to queue
[2024-09-29T08:14:50.515+0000] {logging_mixin.py:188} INFO - [2024-09-29T08:14:50.515+0000] {dagbag.py:540} INFO - Filling up the DagBag from /home/airflow/.local/lib/python3.12/site-packages/airflow/example_dags/example_skip_dag.py
[2024-09-29T08:14:50.522+0000] {processor.py:840} INFO - DAG(s) 'example_skip_dag' retrieved from /home/airflow/.local/lib/python3.12/site-packages/airflow/example_dags/example_skip_dag.py
[2024-09-29T08:14:50.542+0000] {logging_mixin.py:188} INFO - [2024-09-29T08:14:50.542+0000] {dag.py:3096} INFO - Sync 1 DAGs
[2024-09-29T08:14:50.561+0000] {logging_mixin.py:188} INFO - [2024-09-29T08:14:50.561+0000] {dag.py:3954} INFO - Setting next_dagrun for example_skip_dag to 2024-09-28 00:00:00+00:00, run_after=2024-09-29 00:00:00+00:00
[2024-09-29T08:14:50.582+0000] {processor.py:183} INFO - Processing /home/airflow/.local/lib/python3.12/site-packages/airflow/example_dags/example_skip_dag.py took 0.076 seconds
[2024-09-29T08:15:20.667+0000] {processor.py:161} INFO - Started process (PID=2153) to work on /home/airflow/.local/lib/python3.12/site-packages/airflow/example_dags/example_skip_dag.py
[2024-09-29T08:15:20.668+0000] {processor.py:830} INFO - Processing file /home/airflow/.local/lib/python3.12/site-packages/airflow/example_dags/example_skip_dag.py for tasks to queue
[2024-09-29T08:15:20.669+0000] {logging_mixin.py:188} INFO - [2024-09-29T08:15:20.669+0000] {dagbag.py:540} INFO - Filling up the DagBag from /home/airflow/.local/lib/python3.12/site-packages/airflow/example_dags/example_skip_dag.py
[2024-09-29T08:15:20.674+0000] {processor.py:840} INFO - DAG(s) 'example_skip_dag' retrieved from /home/airflow/.local/lib/python3.12/site-packages/airflow/example_dags/example_skip_dag.py
[2024-09-29T08:15:20.696+0000] {logging_mixin.py:188} INFO - [2024-09-29T08:15:20.695+0000] {dag.py:3096} INFO - Sync 1 DAGs
[2024-09-29T08:15:20.722+0000] {logging_mixin.py:188} INFO - [2024-09-29T08:15:20.722+0000] {dag.py:3954} INFO - Setting next_dagrun for example_skip_dag to 2024-09-28 00:00:00+00:00, run_after=2024-09-29 00:00:00+00:00
[2024-09-29T08:15:20.745+0000] {processor.py:183} INFO - Processing /home/airflow/.local/lib/python3.12/site-packages/airflow/example_dags/example_skip_dag.py took 0.083 seconds
[2024-09-29T08:15:50.817+0000] {processor.py:161} INFO - Started process (PID=2413) to work on /home/airflow/.local/lib/python3.12/site-packages/airflow/example_dags/example_skip_dag.py
[2024-09-29T08:15:50.817+0000] {processor.py:830} INFO - Processing file /home/airflow/.local/lib/python3.12/site-packages/airflow/example_dags/example_skip_dag.py for tasks to queue
[2024-09-29T08:15:50.819+0000] {logging_mixin.py:188} INFO - [2024-09-29T08:15:50.818+0000] {dagbag.py:540} INFO - Filling up the DagBag from /home/airflow/.local/lib/python3.12/site-packages/airflow/example_dags/example_skip_dag.py
[2024-09-29T08:15:50.825+0000] {processor.py:840} INFO - DAG(s) 'example_skip_dag' retrieved from /home/airflow/.local/lib/python3.12/site-packages/airflow/example_dags/example_skip_dag.py
[2024-09-29T08:15:50.846+0000] {logging_mixin.py:188} INFO - [2024-09-29T08:15:50.846+0000] {dag.py:3096} INFO - Sync 1 DAGs
[2024-09-29T08:15:50.865+0000] {logging_mixin.py:188} INFO - [2024-09-29T08:15:50.865+0000] {dag.py:3954} INFO - Setting next_dagrun for example_skip_dag to 2024-09-28 00:00:00+00:00, run_after=2024-09-29 00:00:00+00:00
[2024-09-29T08:15:50.887+0000] {processor.py:183} INFO - Processing /home/airflow/.local/lib/python3.12/site-packages/airflow/example_dags/example_skip_dag.py took 0.075 seconds
[2024-09-29T08:16:21.080+0000] {processor.py:161} INFO - Started process (PID=2677) to work on /home/airflow/.local/lib/python3.12/site-packages/airflow/example_dags/example_skip_dag.py
[2024-09-29T08:16:21.081+0000] {processor.py:830} INFO - Processing file /home/airflow/.local/lib/python3.12/site-packages/airflow/example_dags/example_skip_dag.py for tasks to queue
[2024-09-29T08:16:21.082+0000] {logging_mixin.py:188} INFO - [2024-09-29T08:16:21.082+0000] {dagbag.py:540} INFO - Filling up the DagBag from /home/airflow/.local/lib/python3.12/site-packages/airflow/example_dags/example_skip_dag.py
[2024-09-29T08:16:21.088+0000] {processor.py:840} INFO - DAG(s) 'example_skip_dag' retrieved from /home/airflow/.local/lib/python3.12/site-packages/airflow/example_dags/example_skip_dag.py
[2024-09-29T08:16:21.106+0000] {logging_mixin.py:188} INFO - [2024-09-29T08:16:21.105+0000] {dag.py:3096} INFO - Sync 1 DAGs
[2024-09-29T08:16:21.125+0000] {logging_mixin.py:188} INFO - [2024-09-29T08:16:21.124+0000] {dag.py:3954} INFO - Setting next_dagrun for example_skip_dag to 2024-09-28 00:00:00+00:00, run_after=2024-09-29 00:00:00+00:00
[2024-09-29T08:16:21.145+0000] {processor.py:183} INFO - Processing /home/airflow/.local/lib/python3.12/site-packages/airflow/example_dags/example_skip_dag.py took 0.070 seconds
[2024-09-29T08:16:51.444+0000] {processor.py:161} INFO - Started process (PID=2939) to work on /home/airflow/.local/lib/python3.12/site-packages/airflow/example_dags/example_skip_dag.py
[2024-09-29T08:16:51.444+0000] {processor.py:830} INFO - Processing file /home/airflow/.local/lib/python3.12/site-packages/airflow/example_dags/example_skip_dag.py for tasks to queue
[2024-09-29T08:16:51.446+0000] {logging_mixin.py:188} INFO - [2024-09-29T08:16:51.445+0000] {dagbag.py:540} INFO - Filling up the DagBag from /home/airflow/.local/lib/python3.12/site-packages/airflow/example_dags/example_skip_dag.py
[2024-09-29T08:16:51.451+0000] {processor.py:840} INFO - DAG(s) 'example_skip_dag' retrieved from /home/airflow/.local/lib/python3.12/site-packages/airflow/example_dags/example_skip_dag.py
[2024-09-29T08:16:51.469+0000] {logging_mixin.py:188} INFO - [2024-09-29T08:16:51.469+0000] {dag.py:3096} INFO - Sync 1 DAGs
[2024-09-29T08:16:51.491+0000] {logging_mixin.py:188} INFO - [2024-09-29T08:16:51.491+0000] {dag.py:3954} INFO - Setting next_dagrun for example_skip_dag to 2024-09-28 00:00:00+00:00, run_after=2024-09-29 00:00:00+00:00
[2024-09-29T08:16:51.516+0000] {processor.py:183} INFO - Processing /home/airflow/.local/lib/python3.12/site-packages/airflow/example_dags/example_skip_dag.py took 0.078 seconds
[2024-09-29T08:17:21.765+0000] {processor.py:161} INFO - Started process (PID=3199) to work on /home/airflow/.local/lib/python3.12/site-packages/airflow/example_dags/example_skip_dag.py
[2024-09-29T08:17:21.766+0000] {processor.py:830} INFO - Processing file /home/airflow/.local/lib/python3.12/site-packages/airflow/example_dags/example_skip_dag.py for tasks to queue
[2024-09-29T08:17:21.767+0000] {logging_mixin.py:188} INFO - [2024-09-29T08:17:21.767+0000] {dagbag.py:540} INFO - Filling up the DagBag from /home/airflow/.local/lib/python3.12/site-packages/airflow/example_dags/example_skip_dag.py
[2024-09-29T08:17:21.775+0000] {processor.py:840} INFO - DAG(s) 'example_skip_dag' retrieved from /home/airflow/.local/lib/python3.12/site-packages/airflow/example_dags/example_skip_dag.py
[2024-09-29T08:17:21.794+0000] {logging_mixin.py:188} INFO - [2024-09-29T08:17:21.793+0000] {dag.py:3096} INFO - Sync 1 DAGs
[2024-09-29T08:17:21.814+0000] {logging_mixin.py:188} INFO - [2024-09-29T08:17:21.814+0000] {dag.py:3954} INFO - Setting next_dagrun for example_skip_dag to 2024-09-28 00:00:00+00:00, run_after=2024-09-29 00:00:00+00:00
[2024-09-29T08:17:21.834+0000] {processor.py:183} INFO - Processing /home/airflow/.local/lib/python3.12/site-packages/airflow/example_dags/example_skip_dag.py took 0.073 seconds
[2024-09-29T08:17:51.923+0000] {processor.py:161} INFO - Started process (PID=3461) to work on /home/airflow/.local/lib/python3.12/site-packages/airflow/example_dags/example_skip_dag.py
[2024-09-29T08:17:51.923+0000] {processor.py:830} INFO - Processing file /home/airflow/.local/lib/python3.12/site-packages/airflow/example_dags/example_skip_dag.py for tasks to queue
[2024-09-29T08:17:51.925+0000] {logging_mixin.py:188} INFO - [2024-09-29T08:17:51.925+0000] {dagbag.py:540} INFO - Filling up the DagBag from /home/airflow/.local/lib/python3.12/site-packages/airflow/example_dags/example_skip_dag.py
[2024-09-29T08:17:51.932+0000] {processor.py:840} INFO - DAG(s) 'example_skip_dag' retrieved from /home/airflow/.local/lib/python3.12/site-packages/airflow/example_dags/example_skip_dag.py
[2024-09-29T08:17:51.951+0000] {logging_mixin.py:188} INFO - [2024-09-29T08:17:51.951+0000] {dag.py:3096} INFO - Sync 1 DAGs
[2024-09-29T08:17:51.971+0000] {logging_mixin.py:188} INFO - [2024-09-29T08:17:51.970+0000] {dag.py:3954} INFO - Setting next_dagrun for example_skip_dag to 2024-09-28 00:00:00+00:00, run_after=2024-09-29 00:00:00+00:00
[2024-09-29T08:17:51.991+0000] {processor.py:183} INFO - Processing /home/airflow/.local/lib/python3.12/site-packages/airflow/example_dags/example_skip_dag.py took 0.074 seconds
[2024-09-29T08:18:22.059+0000] {processor.py:161} INFO - Started process (PID=3720) to work on /home/airflow/.local/lib/python3.12/site-packages/airflow/example_dags/example_skip_dag.py
[2024-09-29T08:18:22.059+0000] {processor.py:830} INFO - Processing file /home/airflow/.local/lib/python3.12/site-packages/airflow/example_dags/example_skip_dag.py for tasks to queue
[2024-09-29T08:18:22.061+0000] {logging_mixin.py:188} INFO - [2024-09-29T08:18:22.060+0000] {dagbag.py:540} INFO - Filling up the DagBag from /home/airflow/.local/lib/python3.12/site-packages/airflow/example_dags/example_skip_dag.py
[2024-09-29T08:18:22.066+0000] {processor.py:840} INFO - DAG(s) 'example_skip_dag' retrieved from /home/airflow/.local/lib/python3.12/site-packages/airflow/example_dags/example_skip_dag.py
[2024-09-29T08:18:22.082+0000] {logging_mixin.py:188} INFO - [2024-09-29T08:18:22.082+0000] {dag.py:3096} INFO - Sync 1 DAGs
[2024-09-29T08:18:22.100+0000] {logging_mixin.py:188} INFO - [2024-09-29T08:18:22.100+0000] {dag.py:3954} INFO - Setting next_dagrun for example_skip_dag to 2024-09-28 00:00:00+00:00, run_after=2024-09-29 00:00:00+00:00
[2024-09-29T08:18:22.119+0000] {processor.py:183} INFO - Processing /home/airflow/.local/lib/python3.12/site-packages/airflow/example_dags/example_skip_dag.py took 0.065 seconds
[2024-09-29T08:18:52.205+0000] {processor.py:161} INFO - Started process (PID=3982) to work on /home/airflow/.local/lib/python3.12/site-packages/airflow/example_dags/example_skip_dag.py
[2024-09-29T08:18:52.206+0000] {processor.py:830} INFO - Processing file /home/airflow/.local/lib/python3.12/site-packages/airflow/example_dags/example_skip_dag.py for tasks to queue
[2024-09-29T08:18:52.207+0000] {logging_mixin.py:188} INFO - [2024-09-29T08:18:52.207+0000] {dagbag.py:540} INFO - Filling up the DagBag from /home/airflow/.local/lib/python3.12/site-packages/airflow/example_dags/example_skip_dag.py
[2024-09-29T08:18:52.212+0000] {processor.py:840} INFO - DAG(s) 'example_skip_dag' retrieved from /home/airflow/.local/lib/python3.12/site-packages/airflow/example_dags/example_skip_dag.py
[2024-09-29T08:18:52.228+0000] {logging_mixin.py:188} INFO - [2024-09-29T08:18:52.228+0000] {dag.py:3096} INFO - Sync 1 DAGs
[2024-09-29T08:18:52.245+0000] {logging_mixin.py:188} INFO - [2024-09-29T08:18:52.245+0000] {dag.py:3954} INFO - Setting next_dagrun for example_skip_dag to 2024-09-28 00:00:00+00:00, run_after=2024-09-29 00:00:00+00:00
[2024-09-29T08:18:52.264+0000] {processor.py:183} INFO - Processing /home/airflow/.local/lib/python3.12/site-packages/airflow/example_dags/example_skip_dag.py took 0.064 seconds
[2024-09-29T08:19:22.534+0000] {processor.py:161} INFO - Started process (PID=4242) to work on /home/airflow/.local/lib/python3.12/site-packages/airflow/example_dags/example_skip_dag.py
[2024-09-29T08:19:22.535+0000] {processor.py:830} INFO - Processing file /home/airflow/.local/lib/python3.12/site-packages/airflow/example_dags/example_skip_dag.py for tasks to queue
[2024-09-29T08:19:22.536+0000] {logging_mixin.py:188} INFO - [2024-09-29T08:19:22.536+0000] {dagbag.py:540} INFO - Filling up the DagBag from /home/airflow/.local/lib/python3.12/site-packages/airflow/example_dags/example_skip_dag.py
[2024-09-29T08:19:22.542+0000] {processor.py:840} INFO - DAG(s) 'example_skip_dag' retrieved from /home/airflow/.local/lib/python3.12/site-packages/airflow/example_dags/example_skip_dag.py
[2024-09-29T08:19:22.564+0000] {logging_mixin.py:188} INFO - [2024-09-29T08:19:22.563+0000] {dag.py:3096} INFO - Sync 1 DAGs
[2024-09-29T08:19:22.591+0000] {logging_mixin.py:188} INFO - [2024-09-29T08:19:22.590+0000] {dag.py:3954} INFO - Setting next_dagrun for example_skip_dag to 2024-09-28 00:00:00+00:00, run_after=2024-09-29 00:00:00+00:00
[2024-09-29T08:19:22.614+0000] {processor.py:183} INFO - Processing /home/airflow/.local/lib/python3.12/site-packages/airflow/example_dags/example_skip_dag.py took 0.086 seconds
[2024-09-29T08:19:52.836+0000] {processor.py:161} INFO - Started process (PID=4506) to work on /home/airflow/.local/lib/python3.12/site-packages/airflow/example_dags/example_skip_dag.py
[2024-09-29T08:19:52.836+0000] {processor.py:830} INFO - Processing file /home/airflow/.local/lib/python3.12/site-packages/airflow/example_dags/example_skip_dag.py for tasks to queue
[2024-09-29T08:19:52.837+0000] {logging_mixin.py:188} INFO - [2024-09-29T08:19:52.837+0000] {dagbag.py:540} INFO - Filling up the DagBag from /home/airflow/.local/lib/python3.12/site-packages/airflow/example_dags/example_skip_dag.py
[2024-09-29T08:19:52.844+0000] {processor.py:840} INFO - DAG(s) 'example_skip_dag' retrieved from /home/airflow/.local/lib/python3.12/site-packages/airflow/example_dags/example_skip_dag.py
[2024-09-29T08:19:52.871+0000] {logging_mixin.py:188} INFO - [2024-09-29T08:19:52.871+0000] {dag.py:3096} INFO - Sync 1 DAGs
[2024-09-29T08:19:52.891+0000] {logging_mixin.py:188} INFO - [2024-09-29T08:19:52.891+0000] {dag.py:3954} INFO - Setting next_dagrun for example_skip_dag to 2024-09-28 00:00:00+00:00, run_after=2024-09-29 00:00:00+00:00
[2024-09-29T08:19:52.911+0000] {processor.py:183} INFO - Processing /home/airflow/.local/lib/python3.12/site-packages/airflow/example_dags/example_skip_dag.py took 0.080 seconds
[2024-09-29T08:20:22.964+0000] {processor.py:161} INFO - Started process (PID=4768) to work on /home/airflow/.local/lib/python3.12/site-packages/airflow/example_dags/example_skip_dag.py
[2024-09-29T08:20:22.964+0000] {processor.py:830} INFO - Processing file /home/airflow/.local/lib/python3.12/site-packages/airflow/example_dags/example_skip_dag.py for tasks to queue
[2024-09-29T08:20:22.966+0000] {logging_mixin.py:188} INFO - [2024-09-29T08:20:22.965+0000] {dagbag.py:540} INFO - Filling up the DagBag from /home/airflow/.local/lib/python3.12/site-packages/airflow/example_dags/example_skip_dag.py
[2024-09-29T08:20:22.970+0000] {processor.py:840} INFO - DAG(s) 'example_skip_dag' retrieved from /home/airflow/.local/lib/python3.12/site-packages/airflow/example_dags/example_skip_dag.py
[2024-09-29T08:20:22.989+0000] {logging_mixin.py:188} INFO - [2024-09-29T08:20:22.989+0000] {dag.py:3096} INFO - Sync 1 DAGs
[2024-09-29T08:20:23.009+0000] {logging_mixin.py:188} INFO - [2024-09-29T08:20:23.009+0000] {dag.py:3954} INFO - Setting next_dagrun for example_skip_dag to 2024-09-28 00:00:00+00:00, run_after=2024-09-29 00:00:00+00:00
[2024-09-29T08:20:23.050+0000] {processor.py:183} INFO - Processing /home/airflow/.local/lib/python3.12/site-packages/airflow/example_dags/example_skip_dag.py took 0.091 seconds
[2024-09-29T08:20:53.339+0000] {processor.py:161} INFO - Started process (PID=5030) to work on /home/airflow/.local/lib/python3.12/site-packages/airflow/example_dags/example_skip_dag.py
[2024-09-29T08:20:53.340+0000] {processor.py:830} INFO - Processing file /home/airflow/.local/lib/python3.12/site-packages/airflow/example_dags/example_skip_dag.py for tasks to queue
[2024-09-29T08:20:53.341+0000] {logging_mixin.py:188} INFO - [2024-09-29T08:20:53.341+0000] {dagbag.py:540} INFO - Filling up the DagBag from /home/airflow/.local/lib/python3.12/site-packages/airflow/example_dags/example_skip_dag.py
[2024-09-29T08:20:53.346+0000] {processor.py:840} INFO - DAG(s) 'example_skip_dag' retrieved from /home/airflow/.local/lib/python3.12/site-packages/airflow/example_dags/example_skip_dag.py
[2024-09-29T08:20:53.363+0000] {logging_mixin.py:188} INFO - [2024-09-29T08:20:53.362+0000] {dag.py:3096} INFO - Sync 1 DAGs
[2024-09-29T08:20:53.380+0000] {logging_mixin.py:188} INFO - [2024-09-29T08:20:53.380+0000] {dag.py:3954} INFO - Setting next_dagrun for example_skip_dag to 2024-09-28 00:00:00+00:00, run_after=2024-09-29 00:00:00+00:00
[2024-09-29T08:20:53.401+0000] {processor.py:183} INFO - Processing /home/airflow/.local/lib/python3.12/site-packages/airflow/example_dags/example_skip_dag.py took 0.066 seconds
[2024-09-29T08:21:23.658+0000] {processor.py:161} INFO - Started process (PID=5292) to work on /home/airflow/.local/lib/python3.12/site-packages/airflow/example_dags/example_skip_dag.py
[2024-09-29T08:21:23.658+0000] {processor.py:830} INFO - Processing file /home/airflow/.local/lib/python3.12/site-packages/airflow/example_dags/example_skip_dag.py for tasks to queue
[2024-09-29T08:21:23.660+0000] {logging_mixin.py:188} INFO - [2024-09-29T08:21:23.660+0000] {dagbag.py:540} INFO - Filling up the DagBag from /home/airflow/.local/lib/python3.12/site-packages/airflow/example_dags/example_skip_dag.py
[2024-09-29T08:21:23.665+0000] {processor.py:840} INFO - DAG(s) 'example_skip_dag' retrieved from /home/airflow/.local/lib/python3.12/site-packages/airflow/example_dags/example_skip_dag.py
[2024-09-29T08:21:23.681+0000] {logging_mixin.py:188} INFO - [2024-09-29T08:21:23.681+0000] {dag.py:3096} INFO - Sync 1 DAGs
[2024-09-29T08:21:23.699+0000] {logging_mixin.py:188} INFO - [2024-09-29T08:21:23.699+0000] {dag.py:3954} INFO - Setting next_dagrun for example_skip_dag to 2024-09-28 00:00:00+00:00, run_after=2024-09-29 00:00:00+00:00
[2024-09-29T08:21:23.717+0000] {processor.py:183} INFO - Processing /home/airflow/.local/lib/python3.12/site-packages/airflow/example_dags/example_skip_dag.py took 0.064 seconds
[2024-09-29T08:21:54.013+0000] {processor.py:161} INFO - Started process (PID=5554) to work on /home/airflow/.local/lib/python3.12/site-packages/airflow/example_dags/example_skip_dag.py
[2024-09-29T08:21:54.014+0000] {processor.py:830} INFO - Processing file /home/airflow/.local/lib/python3.12/site-packages/airflow/example_dags/example_skip_dag.py for tasks to queue
[2024-09-29T08:21:54.015+0000] {logging_mixin.py:188} INFO - [2024-09-29T08:21:54.015+0000] {dagbag.py:540} INFO - Filling up the DagBag from /home/airflow/.local/lib/python3.12/site-packages/airflow/example_dags/example_skip_dag.py
[2024-09-29T08:21:54.020+0000] {processor.py:840} INFO - DAG(s) 'example_skip_dag' retrieved from /home/airflow/.local/lib/python3.12/site-packages/airflow/example_dags/example_skip_dag.py
[2024-09-29T08:21:54.036+0000] {logging_mixin.py:188} INFO - [2024-09-29T08:21:54.036+0000] {dag.py:3096} INFO - Sync 1 DAGs
[2024-09-29T08:21:54.054+0000] {logging_mixin.py:188} INFO - [2024-09-29T08:21:54.054+0000] {dag.py:3954} INFO - Setting next_dagrun for example_skip_dag to 2024-09-28 00:00:00+00:00, run_after=2024-09-29 00:00:00+00:00
[2024-09-29T08:21:54.076+0000] {processor.py:183} INFO - Processing /home/airflow/.local/lib/python3.12/site-packages/airflow/example_dags/example_skip_dag.py took 0.067 seconds
[2024-09-29T08:22:24.478+0000] {processor.py:161} INFO - Started process (PID=5816) to work on /home/airflow/.local/lib/python3.12/site-packages/airflow/example_dags/example_skip_dag.py
[2024-09-29T08:22:24.478+0000] {processor.py:830} INFO - Processing file /home/airflow/.local/lib/python3.12/site-packages/airflow/example_dags/example_skip_dag.py for tasks to queue
[2024-09-29T08:22:24.480+0000] {logging_mixin.py:188} INFO - [2024-09-29T08:22:24.479+0000] {dagbag.py:540} INFO - Filling up the DagBag from /home/airflow/.local/lib/python3.12/site-packages/airflow/example_dags/example_skip_dag.py
[2024-09-29T08:22:24.485+0000] {processor.py:840} INFO - DAG(s) 'example_skip_dag' retrieved from /home/airflow/.local/lib/python3.12/site-packages/airflow/example_dags/example_skip_dag.py
[2024-09-29T08:22:24.502+0000] {logging_mixin.py:188} INFO - [2024-09-29T08:22:24.501+0000] {dag.py:3096} INFO - Sync 1 DAGs
[2024-09-29T08:22:24.519+0000] {logging_mixin.py:188} INFO - [2024-09-29T08:22:24.519+0000] {dag.py:3954} INFO - Setting next_dagrun for example_skip_dag to 2024-09-28 00:00:00+00:00, run_after=2024-09-29 00:00:00+00:00
[2024-09-29T08:22:24.537+0000] {processor.py:183} INFO - Processing /home/airflow/.local/lib/python3.12/site-packages/airflow/example_dags/example_skip_dag.py took 0.064 seconds
[2024-09-29T08:22:55.007+0000] {processor.py:161} INFO - Started process (PID=6076) to work on /home/airflow/.local/lib/python3.12/site-packages/airflow/example_dags/example_skip_dag.py
[2024-09-29T08:22:55.008+0000] {processor.py:830} INFO - Processing file /home/airflow/.local/lib/python3.12/site-packages/airflow/example_dags/example_skip_dag.py for tasks to queue
[2024-09-29T08:22:55.009+0000] {logging_mixin.py:188} INFO - [2024-09-29T08:22:55.009+0000] {dagbag.py:540} INFO - Filling up the DagBag from /home/airflow/.local/lib/python3.12/site-packages/airflow/example_dags/example_skip_dag.py
[2024-09-29T08:22:55.015+0000] {processor.py:840} INFO - DAG(s) 'example_skip_dag' retrieved from /home/airflow/.local/lib/python3.12/site-packages/airflow/example_dags/example_skip_dag.py
[2024-09-29T08:22:55.032+0000] {logging_mixin.py:188} INFO - [2024-09-29T08:22:55.032+0000] {dag.py:3096} INFO - Sync 1 DAGs
[2024-09-29T08:22:55.051+0000] {logging_mixin.py:188} INFO - [2024-09-29T08:22:55.051+0000] {dag.py:3954} INFO - Setting next_dagrun for example_skip_dag to 2024-09-28 00:00:00+00:00, run_after=2024-09-29 00:00:00+00:00
[2024-09-29T08:22:55.074+0000] {processor.py:183} INFO - Processing /home/airflow/.local/lib/python3.12/site-packages/airflow/example_dags/example_skip_dag.py took 0.073 seconds
[2024-09-29T08:23:25.505+0000] {processor.py:161} INFO - Started process (PID=6338) to work on /home/airflow/.local/lib/python3.12/site-packages/airflow/example_dags/example_skip_dag.py
[2024-09-29T08:23:25.506+0000] {processor.py:830} INFO - Processing file /home/airflow/.local/lib/python3.12/site-packages/airflow/example_dags/example_skip_dag.py for tasks to queue
[2024-09-29T08:23:25.507+0000] {logging_mixin.py:188} INFO - [2024-09-29T08:23:25.507+0000] {dagbag.py:540} INFO - Filling up the DagBag from /home/airflow/.local/lib/python3.12/site-packages/airflow/example_dags/example_skip_dag.py
[2024-09-29T08:23:25.514+0000] {processor.py:840} INFO - DAG(s) 'example_skip_dag' retrieved from /home/airflow/.local/lib/python3.12/site-packages/airflow/example_dags/example_skip_dag.py
[2024-09-29T08:23:25.536+0000] {logging_mixin.py:188} INFO - [2024-09-29T08:23:25.535+0000] {dag.py:3096} INFO - Sync 1 DAGs
[2024-09-29T08:23:25.555+0000] {logging_mixin.py:188} INFO - [2024-09-29T08:23:25.555+0000] {dag.py:3954} INFO - Setting next_dagrun for example_skip_dag to 2024-09-28 00:00:00+00:00, run_after=2024-09-29 00:00:00+00:00
[2024-09-29T08:23:25.698+0000] {processor.py:183} INFO - Processing /home/airflow/.local/lib/python3.12/site-packages/airflow/example_dags/example_skip_dag.py took 0.200 seconds
[2024-09-29T08:23:56.418+0000] {processor.py:161} INFO - Started process (PID=6602) to work on /home/airflow/.local/lib/python3.12/site-packages/airflow/example_dags/example_skip_dag.py
[2024-09-29T08:23:56.419+0000] {processor.py:830} INFO - Processing file /home/airflow/.local/lib/python3.12/site-packages/airflow/example_dags/example_skip_dag.py for tasks to queue
[2024-09-29T08:23:56.420+0000] {logging_mixin.py:188} INFO - [2024-09-29T08:23:56.420+0000] {dagbag.py:540} INFO - Filling up the DagBag from /home/airflow/.local/lib/python3.12/site-packages/airflow/example_dags/example_skip_dag.py
[2024-09-29T08:23:56.426+0000] {processor.py:840} INFO - DAG(s) 'example_skip_dag' retrieved from /home/airflow/.local/lib/python3.12/site-packages/airflow/example_dags/example_skip_dag.py
[2024-09-29T08:23:56.443+0000] {logging_mixin.py:188} INFO - [2024-09-29T08:23:56.443+0000] {dag.py:3096} INFO - Sync 1 DAGs
[2024-09-29T08:23:56.461+0000] {logging_mixin.py:188} INFO - [2024-09-29T08:23:56.461+0000] {dag.py:3954} INFO - Setting next_dagrun for example_skip_dag to 2024-09-28 00:00:00+00:00, run_after=2024-09-29 00:00:00+00:00
[2024-09-29T08:23:56.588+0000] {processor.py:183} INFO - Processing /home/airflow/.local/lib/python3.12/site-packages/airflow/example_dags/example_skip_dag.py took 0.175 seconds
[2024-09-29T08:24:27.158+0000] {processor.py:161} INFO - Started process (PID=6862) to work on /home/airflow/.local/lib/python3.12/site-packages/airflow/example_dags/example_skip_dag.py
[2024-09-29T08:24:27.159+0000] {processor.py:830} INFO - Processing file /home/airflow/.local/lib/python3.12/site-packages/airflow/example_dags/example_skip_dag.py for tasks to queue
[2024-09-29T08:24:27.160+0000] {logging_mixin.py:188} INFO - [2024-09-29T08:24:27.160+0000] {dagbag.py:540} INFO - Filling up the DagBag from /home/airflow/.local/lib/python3.12/site-packages/airflow/example_dags/example_skip_dag.py
[2024-09-29T08:24:27.165+0000] {processor.py:840} INFO - DAG(s) 'example_skip_dag' retrieved from /home/airflow/.local/lib/python3.12/site-packages/airflow/example_dags/example_skip_dag.py
[2024-09-29T08:24:27.183+0000] {logging_mixin.py:188} INFO - [2024-09-29T08:24:27.183+0000] {dag.py:3096} INFO - Sync 1 DAGs
[2024-09-29T08:24:27.204+0000] {logging_mixin.py:188} INFO - [2024-09-29T08:24:27.204+0000] {dag.py:3954} INFO - Setting next_dagrun for example_skip_dag to 2024-09-28 00:00:00+00:00, run_after=2024-09-29 00:00:00+00:00
[2024-09-29T08:24:27.227+0000] {processor.py:183} INFO - Processing /home/airflow/.local/lib/python3.12/site-packages/airflow/example_dags/example_skip_dag.py took 0.074 seconds
[2024-09-29T08:24:57.493+0000] {processor.py:161} INFO - Started process (PID=7126) to work on /home/airflow/.local/lib/python3.12/site-packages/airflow/example_dags/example_skip_dag.py
[2024-09-29T08:24:57.494+0000] {processor.py:830} INFO - Processing file /home/airflow/.local/lib/python3.12/site-packages/airflow/example_dags/example_skip_dag.py for tasks to queue
[2024-09-29T08:24:57.495+0000] {logging_mixin.py:188} INFO - [2024-09-29T08:24:57.495+0000] {dagbag.py:540} INFO - Filling up the DagBag from /home/airflow/.local/lib/python3.12/site-packages/airflow/example_dags/example_skip_dag.py
[2024-09-29T08:24:57.500+0000] {processor.py:840} INFO - DAG(s) 'example_skip_dag' retrieved from /home/airflow/.local/lib/python3.12/site-packages/airflow/example_dags/example_skip_dag.py
[2024-09-29T08:24:57.524+0000] {logging_mixin.py:188} INFO - [2024-09-29T08:24:57.523+0000] {dag.py:3096} INFO - Sync 1 DAGs
[2024-09-29T08:24:57.556+0000] {logging_mixin.py:188} INFO - [2024-09-29T08:24:57.555+0000] {dag.py:3954} INFO - Setting next_dagrun for example_skip_dag to 2024-09-28 00:00:00+00:00, run_after=2024-09-29 00:00:00+00:00
[2024-09-29T08:24:57.574+0000] {processor.py:183} INFO - Processing /home/airflow/.local/lib/python3.12/site-packages/airflow/example_dags/example_skip_dag.py took 0.086 seconds
