[2024-09-29T08:11:49.617+0000] {processor.py:161} INFO - Started process (PID=372) to work on /home/airflow/.local/lib/python3.12/site-packages/airflow/example_dags/example_setup_teardown.py
[2024-09-29T08:11:49.618+0000] {processor.py:830} INFO - Processing file /home/airflow/.local/lib/python3.12/site-packages/airflow/example_dags/example_setup_teardown.py for tasks to queue
[2024-09-29T08:11:49.619+0000] {logging_mixin.py:188} INFO - [2024-09-29T08:11:49.619+0000] {dagbag.py:540} INFO - Filling up the DagBag from /home/airflow/.local/lib/python3.12/site-packages/airflow/example_dags/example_setup_teardown.py
[2024-09-29T08:11:49.629+0000] {processor.py:840} INFO - DAG(s) 'example_setup_teardown' retrieved from /home/airflow/.local/lib/python3.12/site-packages/airflow/example_dags/example_setup_teardown.py
[2024-09-29T08:11:49.779+0000] {logging_mixin.py:188} INFO - [2024-09-29T08:11:49.778+0000] {override.py:1829} INFO - Created Permission View: can read on DAG:example_setup_teardown
[2024-09-29T08:11:49.796+0000] {logging_mixin.py:188} INFO - [2024-09-29T08:11:49.796+0000] {override.py:1829} INFO - Created Permission View: can delete on DAG:example_setup_teardown
[2024-09-29T08:11:49.808+0000] {logging_mixin.py:188} INFO - [2024-09-29T08:11:49.808+0000] {override.py:1829} INFO - Created Permission View: can edit on DAG:example_setup_teardown
[2024-09-29T08:11:49.809+0000] {logging_mixin.py:188} INFO - [2024-09-29T08:11:49.809+0000] {dag.py:3096} INFO - Sync 1 DAGs
[2024-09-29T08:11:49.822+0000] {logging_mixin.py:188} INFO - [2024-09-29T08:11:49.822+0000] {dag.py:3118} INFO - Creating ORM DAG for example_setup_teardown
[2024-09-29T08:11:49.832+0000] {logging_mixin.py:188} INFO - [2024-09-29T08:11:49.831+0000] {dag.py:3954} INFO - Setting next_dagrun for example_setup_teardown to 2024-09-28 00:00:00+00:00, run_after=2024-09-29 00:00:00+00:00
[2024-09-29T08:11:49.857+0000] {processor.py:183} INFO - Processing /home/airflow/.local/lib/python3.12/site-packages/airflow/example_dags/example_setup_teardown.py took 0.246 seconds
[2024-09-29T08:12:20.177+0000] {processor.py:161} INFO - Started process (PID=634) to work on /home/airflow/.local/lib/python3.12/site-packages/airflow/example_dags/example_setup_teardown.py
[2024-09-29T08:12:20.177+0000] {processor.py:830} INFO - Processing file /home/airflow/.local/lib/python3.12/site-packages/airflow/example_dags/example_setup_teardown.py for tasks to queue
[2024-09-29T08:12:20.179+0000] {logging_mixin.py:188} INFO - [2024-09-29T08:12:20.178+0000] {dagbag.py:540} INFO - Filling up the DagBag from /home/airflow/.local/lib/python3.12/site-packages/airflow/example_dags/example_setup_teardown.py
[2024-09-29T08:12:20.185+0000] {processor.py:840} INFO - DAG(s) 'example_setup_teardown' retrieved from /home/airflow/.local/lib/python3.12/site-packages/airflow/example_dags/example_setup_teardown.py
[2024-09-29T08:12:20.205+0000] {logging_mixin.py:188} INFO - [2024-09-29T08:12:20.205+0000] {dag.py:3096} INFO - Sync 1 DAGs
[2024-09-29T08:12:20.225+0000] {logging_mixin.py:188} INFO - [2024-09-29T08:12:20.225+0000] {dag.py:3954} INFO - Setting next_dagrun for example_setup_teardown to 2024-09-28 00:00:00+00:00, run_after=2024-09-29 00:00:00+00:00
[2024-09-29T08:12:20.254+0000] {processor.py:183} INFO - Processing /home/airflow/.local/lib/python3.12/site-packages/airflow/example_dags/example_setup_teardown.py took 0.081 seconds
[2024-09-29T08:12:50.506+0000] {processor.py:161} INFO - Started process (PID=896) to work on /home/airflow/.local/lib/python3.12/site-packages/airflow/example_dags/example_setup_teardown.py
[2024-09-29T08:12:50.507+0000] {processor.py:830} INFO - Processing file /home/airflow/.local/lib/python3.12/site-packages/airflow/example_dags/example_setup_teardown.py for tasks to queue
[2024-09-29T08:12:50.509+0000] {logging_mixin.py:188} INFO - [2024-09-29T08:12:50.509+0000] {dagbag.py:540} INFO - Filling up the DagBag from /home/airflow/.local/lib/python3.12/site-packages/airflow/example_dags/example_setup_teardown.py
[2024-09-29T08:12:50.515+0000] {processor.py:840} INFO - DAG(s) 'example_setup_teardown' retrieved from /home/airflow/.local/lib/python3.12/site-packages/airflow/example_dags/example_setup_teardown.py
[2024-09-29T08:12:50.532+0000] {logging_mixin.py:188} INFO - [2024-09-29T08:12:50.532+0000] {dag.py:3096} INFO - Sync 1 DAGs
[2024-09-29T08:12:50.551+0000] {logging_mixin.py:188} INFO - [2024-09-29T08:12:50.551+0000] {dag.py:3954} INFO - Setting next_dagrun for example_setup_teardown to 2024-09-28 00:00:00+00:00, run_after=2024-09-29 00:00:00+00:00
[2024-09-29T08:12:50.577+0000] {processor.py:183} INFO - Processing /home/airflow/.local/lib/python3.12/site-packages/airflow/example_dags/example_setup_teardown.py took 0.078 seconds
[2024-09-29T08:13:20.995+0000] {processor.py:161} INFO - Started process (PID=1158) to work on /home/airflow/.local/lib/python3.12/site-packages/airflow/example_dags/example_setup_teardown.py
[2024-09-29T08:13:20.995+0000] {processor.py:830} INFO - Processing file /home/airflow/.local/lib/python3.12/site-packages/airflow/example_dags/example_setup_teardown.py for tasks to queue
[2024-09-29T08:13:20.997+0000] {logging_mixin.py:188} INFO - [2024-09-29T08:13:20.997+0000] {dagbag.py:540} INFO - Filling up the DagBag from /home/airflow/.local/lib/python3.12/site-packages/airflow/example_dags/example_setup_teardown.py
[2024-09-29T08:13:21.004+0000] {processor.py:840} INFO - DAG(s) 'example_setup_teardown' retrieved from /home/airflow/.local/lib/python3.12/site-packages/airflow/example_dags/example_setup_teardown.py
[2024-09-29T08:13:21.025+0000] {logging_mixin.py:188} INFO - [2024-09-29T08:13:21.025+0000] {dag.py:3096} INFO - Sync 1 DAGs
[2024-09-29T08:13:21.048+0000] {logging_mixin.py:188} INFO - [2024-09-29T08:13:21.047+0000] {dag.py:3954} INFO - Setting next_dagrun for example_setup_teardown to 2024-09-28 00:00:00+00:00, run_after=2024-09-29 00:00:00+00:00
[2024-09-29T08:13:21.071+0000] {processor.py:183} INFO - Processing /home/airflow/.local/lib/python3.12/site-packages/airflow/example_dags/example_setup_teardown.py took 0.084 seconds
[2024-09-29T08:13:51.394+0000] {processor.py:161} INFO - Started process (PID=1422) to work on /home/airflow/.local/lib/python3.12/site-packages/airflow/example_dags/example_setup_teardown.py
[2024-09-29T08:13:51.395+0000] {processor.py:830} INFO - Processing file /home/airflow/.local/lib/python3.12/site-packages/airflow/example_dags/example_setup_teardown.py for tasks to queue
[2024-09-29T08:13:51.396+0000] {logging_mixin.py:188} INFO - [2024-09-29T08:13:51.396+0000] {dagbag.py:540} INFO - Filling up the DagBag from /home/airflow/.local/lib/python3.12/site-packages/airflow/example_dags/example_setup_teardown.py
[2024-09-29T08:13:51.402+0000] {processor.py:840} INFO - DAG(s) 'example_setup_teardown' retrieved from /home/airflow/.local/lib/python3.12/site-packages/airflow/example_dags/example_setup_teardown.py
[2024-09-29T08:13:51.421+0000] {logging_mixin.py:188} INFO - [2024-09-29T08:13:51.421+0000] {dag.py:3096} INFO - Sync 1 DAGs
[2024-09-29T08:13:51.442+0000] {logging_mixin.py:188} INFO - [2024-09-29T08:13:51.442+0000] {dag.py:3954} INFO - Setting next_dagrun for example_setup_teardown to 2024-09-28 00:00:00+00:00, run_after=2024-09-29 00:00:00+00:00
[2024-09-29T08:13:51.462+0000] {processor.py:183} INFO - Processing /home/airflow/.local/lib/python3.12/site-packages/airflow/example_dags/example_setup_teardown.py took 0.073 seconds
[2024-09-29T08:14:21.654+0000] {processor.py:161} INFO - Started process (PID=1682) to work on /home/airflow/.local/lib/python3.12/site-packages/airflow/example_dags/example_setup_teardown.py
[2024-09-29T08:14:21.655+0000] {processor.py:830} INFO - Processing file /home/airflow/.local/lib/python3.12/site-packages/airflow/example_dags/example_setup_teardown.py for tasks to queue
[2024-09-29T08:14:21.657+0000] {logging_mixin.py:188} INFO - [2024-09-29T08:14:21.656+0000] {dagbag.py:540} INFO - Filling up the DagBag from /home/airflow/.local/lib/python3.12/site-packages/airflow/example_dags/example_setup_teardown.py
[2024-09-29T08:14:21.663+0000] {processor.py:840} INFO - DAG(s) 'example_setup_teardown' retrieved from /home/airflow/.local/lib/python3.12/site-packages/airflow/example_dags/example_setup_teardown.py
[2024-09-29T08:14:21.681+0000] {logging_mixin.py:188} INFO - [2024-09-29T08:14:21.681+0000] {dag.py:3096} INFO - Sync 1 DAGs
[2024-09-29T08:14:21.701+0000] {logging_mixin.py:188} INFO - [2024-09-29T08:14:21.701+0000] {dag.py:3954} INFO - Setting next_dagrun for example_setup_teardown to 2024-09-28 00:00:00+00:00, run_after=2024-09-29 00:00:00+00:00
[2024-09-29T08:14:21.728+0000] {processor.py:183} INFO - Processing /home/airflow/.local/lib/python3.12/site-packages/airflow/example_dags/example_setup_teardown.py took 0.081 seconds
[2024-09-29T08:14:52.106+0000] {processor.py:161} INFO - Started process (PID=1946) to work on /home/airflow/.local/lib/python3.12/site-packages/airflow/example_dags/example_setup_teardown.py
[2024-09-29T08:14:52.107+0000] {processor.py:830} INFO - Processing file /home/airflow/.local/lib/python3.12/site-packages/airflow/example_dags/example_setup_teardown.py for tasks to queue
[2024-09-29T08:14:52.109+0000] {logging_mixin.py:188} INFO - [2024-09-29T08:14:52.109+0000] {dagbag.py:540} INFO - Filling up the DagBag from /home/airflow/.local/lib/python3.12/site-packages/airflow/example_dags/example_setup_teardown.py
[2024-09-29T08:14:52.117+0000] {processor.py:840} INFO - DAG(s) 'example_setup_teardown' retrieved from /home/airflow/.local/lib/python3.12/site-packages/airflow/example_dags/example_setup_teardown.py
[2024-09-29T08:14:52.141+0000] {logging_mixin.py:188} INFO - [2024-09-29T08:14:52.141+0000] {dag.py:3096} INFO - Sync 1 DAGs
[2024-09-29T08:14:52.163+0000] {logging_mixin.py:188} INFO - [2024-09-29T08:14:52.163+0000] {dag.py:3954} INFO - Setting next_dagrun for example_setup_teardown to 2024-09-28 00:00:00+00:00, run_after=2024-09-29 00:00:00+00:00
[2024-09-29T08:14:52.190+0000] {processor.py:183} INFO - Processing /home/airflow/.local/lib/python3.12/site-packages/airflow/example_dags/example_setup_teardown.py took 0.090 seconds
[2024-09-29T08:15:22.256+0000] {processor.py:161} INFO - Started process (PID=2208) to work on /home/airflow/.local/lib/python3.12/site-packages/airflow/example_dags/example_setup_teardown.py
[2024-09-29T08:15:22.256+0000] {processor.py:830} INFO - Processing file /home/airflow/.local/lib/python3.12/site-packages/airflow/example_dags/example_setup_teardown.py for tasks to queue
[2024-09-29T08:15:22.258+0000] {logging_mixin.py:188} INFO - [2024-09-29T08:15:22.257+0000] {dagbag.py:540} INFO - Filling up the DagBag from /home/airflow/.local/lib/python3.12/site-packages/airflow/example_dags/example_setup_teardown.py
[2024-09-29T08:15:22.264+0000] {processor.py:840} INFO - DAG(s) 'example_setup_teardown' retrieved from /home/airflow/.local/lib/python3.12/site-packages/airflow/example_dags/example_setup_teardown.py
[2024-09-29T08:15:22.282+0000] {logging_mixin.py:188} INFO - [2024-09-29T08:15:22.282+0000] {dag.py:3096} INFO - Sync 1 DAGs
[2024-09-29T08:15:22.300+0000] {logging_mixin.py:188} INFO - [2024-09-29T08:15:22.300+0000] {dag.py:3954} INFO - Setting next_dagrun for example_setup_teardown to 2024-09-28 00:00:00+00:00, run_after=2024-09-29 00:00:00+00:00
[2024-09-29T08:15:22.322+0000] {processor.py:183} INFO - Processing /home/airflow/.local/lib/python3.12/site-packages/airflow/example_dags/example_setup_teardown.py took 0.072 seconds
[2024-09-29T08:15:52.420+0000] {processor.py:161} INFO - Started process (PID=2468) to work on /home/airflow/.local/lib/python3.12/site-packages/airflow/example_dags/example_setup_teardown.py
[2024-09-29T08:15:52.421+0000] {processor.py:830} INFO - Processing file /home/airflow/.local/lib/python3.12/site-packages/airflow/example_dags/example_setup_teardown.py for tasks to queue
[2024-09-29T08:15:52.422+0000] {logging_mixin.py:188} INFO - [2024-09-29T08:15:52.422+0000] {dagbag.py:540} INFO - Filling up the DagBag from /home/airflow/.local/lib/python3.12/site-packages/airflow/example_dags/example_setup_teardown.py
[2024-09-29T08:15:52.430+0000] {processor.py:840} INFO - DAG(s) 'example_setup_teardown' retrieved from /home/airflow/.local/lib/python3.12/site-packages/airflow/example_dags/example_setup_teardown.py
[2024-09-29T08:15:52.449+0000] {logging_mixin.py:188} INFO - [2024-09-29T08:15:52.449+0000] {dag.py:3096} INFO - Sync 1 DAGs
[2024-09-29T08:15:52.472+0000] {logging_mixin.py:188} INFO - [2024-09-29T08:15:52.471+0000] {dag.py:3954} INFO - Setting next_dagrun for example_setup_teardown to 2024-09-28 00:00:00+00:00, run_after=2024-09-29 00:00:00+00:00
[2024-09-29T08:15:52.497+0000] {processor.py:183} INFO - Processing /home/airflow/.local/lib/python3.12/site-packages/airflow/example_dags/example_setup_teardown.py took 0.084 seconds
[2024-09-29T08:16:22.800+0000] {processor.py:161} INFO - Started process (PID=2732) to work on /home/airflow/.local/lib/python3.12/site-packages/airflow/example_dags/example_setup_teardown.py
[2024-09-29T08:16:22.800+0000] {processor.py:830} INFO - Processing file /home/airflow/.local/lib/python3.12/site-packages/airflow/example_dags/example_setup_teardown.py for tasks to queue
[2024-09-29T08:16:22.802+0000] {logging_mixin.py:188} INFO - [2024-09-29T08:16:22.802+0000] {dagbag.py:540} INFO - Filling up the DagBag from /home/airflow/.local/lib/python3.12/site-packages/airflow/example_dags/example_setup_teardown.py
[2024-09-29T08:16:22.810+0000] {processor.py:840} INFO - DAG(s) 'example_setup_teardown' retrieved from /home/airflow/.local/lib/python3.12/site-packages/airflow/example_dags/example_setup_teardown.py
[2024-09-29T08:16:22.828+0000] {logging_mixin.py:188} INFO - [2024-09-29T08:16:22.828+0000] {dag.py:3096} INFO - Sync 1 DAGs
[2024-09-29T08:16:22.846+0000] {logging_mixin.py:188} INFO - [2024-09-29T08:16:22.846+0000] {dag.py:3954} INFO - Setting next_dagrun for example_setup_teardown to 2024-09-28 00:00:00+00:00, run_after=2024-09-29 00:00:00+00:00
[2024-09-29T08:16:22.881+0000] {processor.py:183} INFO - Processing /home/airflow/.local/lib/python3.12/site-packages/airflow/example_dags/example_setup_teardown.py took 0.088 seconds
[2024-09-29T08:16:53.157+0000] {processor.py:161} INFO - Started process (PID=2994) to work on /home/airflow/.local/lib/python3.12/site-packages/airflow/example_dags/example_setup_teardown.py
[2024-09-29T08:16:53.157+0000] {processor.py:830} INFO - Processing file /home/airflow/.local/lib/python3.12/site-packages/airflow/example_dags/example_setup_teardown.py for tasks to queue
[2024-09-29T08:16:53.159+0000] {logging_mixin.py:188} INFO - [2024-09-29T08:16:53.158+0000] {dagbag.py:540} INFO - Filling up the DagBag from /home/airflow/.local/lib/python3.12/site-packages/airflow/example_dags/example_setup_teardown.py
[2024-09-29T08:16:53.164+0000] {processor.py:840} INFO - DAG(s) 'example_setup_teardown' retrieved from /home/airflow/.local/lib/python3.12/site-packages/airflow/example_dags/example_setup_teardown.py
[2024-09-29T08:16:53.183+0000] {logging_mixin.py:188} INFO - [2024-09-29T08:16:53.183+0000] {dag.py:3096} INFO - Sync 1 DAGs
[2024-09-29T08:16:53.204+0000] {logging_mixin.py:188} INFO - [2024-09-29T08:16:53.204+0000] {dag.py:3954} INFO - Setting next_dagrun for example_setup_teardown to 2024-09-28 00:00:00+00:00, run_after=2024-09-29 00:00:00+00:00
[2024-09-29T08:16:53.227+0000] {processor.py:183} INFO - Processing /home/airflow/.local/lib/python3.12/site-packages/airflow/example_dags/example_setup_teardown.py took 0.075 seconds
[2024-09-29T08:17:23.398+0000] {processor.py:161} INFO - Started process (PID=3256) to work on /home/airflow/.local/lib/python3.12/site-packages/airflow/example_dags/example_setup_teardown.py
[2024-09-29T08:17:23.398+0000] {processor.py:830} INFO - Processing file /home/airflow/.local/lib/python3.12/site-packages/airflow/example_dags/example_setup_teardown.py for tasks to queue
[2024-09-29T08:17:23.399+0000] {logging_mixin.py:188} INFO - [2024-09-29T08:17:23.399+0000] {dagbag.py:540} INFO - Filling up the DagBag from /home/airflow/.local/lib/python3.12/site-packages/airflow/example_dags/example_setup_teardown.py
[2024-09-29T08:17:23.405+0000] {processor.py:840} INFO - DAG(s) 'example_setup_teardown' retrieved from /home/airflow/.local/lib/python3.12/site-packages/airflow/example_dags/example_setup_teardown.py
[2024-09-29T08:17:23.425+0000] {logging_mixin.py:188} INFO - [2024-09-29T08:17:23.425+0000] {dag.py:3096} INFO - Sync 1 DAGs
[2024-09-29T08:17:23.448+0000] {logging_mixin.py:188} INFO - [2024-09-29T08:17:23.448+0000] {dag.py:3954} INFO - Setting next_dagrun for example_setup_teardown to 2024-09-28 00:00:00+00:00, run_after=2024-09-29 00:00:00+00:00
[2024-09-29T08:17:23.472+0000] {processor.py:183} INFO - Processing /home/airflow/.local/lib/python3.12/site-packages/airflow/example_dags/example_setup_teardown.py took 0.079 seconds
[2024-09-29T08:17:53.662+0000] {processor.py:161} INFO - Started process (PID=3518) to work on /home/airflow/.local/lib/python3.12/site-packages/airflow/example_dags/example_setup_teardown.py
[2024-09-29T08:17:53.663+0000] {processor.py:830} INFO - Processing file /home/airflow/.local/lib/python3.12/site-packages/airflow/example_dags/example_setup_teardown.py for tasks to queue
[2024-09-29T08:17:53.664+0000] {logging_mixin.py:188} INFO - [2024-09-29T08:17:53.664+0000] {dagbag.py:540} INFO - Filling up the DagBag from /home/airflow/.local/lib/python3.12/site-packages/airflow/example_dags/example_setup_teardown.py
[2024-09-29T08:17:53.672+0000] {processor.py:840} INFO - DAG(s) 'example_setup_teardown' retrieved from /home/airflow/.local/lib/python3.12/site-packages/airflow/example_dags/example_setup_teardown.py
[2024-09-29T08:17:53.691+0000] {logging_mixin.py:188} INFO - [2024-09-29T08:17:53.691+0000] {dag.py:3096} INFO - Sync 1 DAGs
[2024-09-29T08:17:53.709+0000] {logging_mixin.py:188} INFO - [2024-09-29T08:17:53.709+0000] {dag.py:3954} INFO - Setting next_dagrun for example_setup_teardown to 2024-09-28 00:00:00+00:00, run_after=2024-09-29 00:00:00+00:00
[2024-09-29T08:17:53.729+0000] {processor.py:183} INFO - Processing /home/airflow/.local/lib/python3.12/site-packages/airflow/example_dags/example_setup_teardown.py took 0.073 seconds
[2024-09-29T08:18:23.798+0000] {processor.py:161} INFO - Started process (PID=3778) to work on /home/airflow/.local/lib/python3.12/site-packages/airflow/example_dags/example_setup_teardown.py
[2024-09-29T08:18:23.799+0000] {processor.py:830} INFO - Processing file /home/airflow/.local/lib/python3.12/site-packages/airflow/example_dags/example_setup_teardown.py for tasks to queue
[2024-09-29T08:18:23.800+0000] {logging_mixin.py:188} INFO - [2024-09-29T08:18:23.800+0000] {dagbag.py:540} INFO - Filling up the DagBag from /home/airflow/.local/lib/python3.12/site-packages/airflow/example_dags/example_setup_teardown.py
[2024-09-29T08:18:23.807+0000] {processor.py:840} INFO - DAG(s) 'example_setup_teardown' retrieved from /home/airflow/.local/lib/python3.12/site-packages/airflow/example_dags/example_setup_teardown.py
[2024-09-29T08:18:23.824+0000] {logging_mixin.py:188} INFO - [2024-09-29T08:18:23.823+0000] {dag.py:3096} INFO - Sync 1 DAGs
[2024-09-29T08:18:23.843+0000] {logging_mixin.py:188} INFO - [2024-09-29T08:18:23.843+0000] {dag.py:3954} INFO - Setting next_dagrun for example_setup_teardown to 2024-09-28 00:00:00+00:00, run_after=2024-09-29 00:00:00+00:00
[2024-09-29T08:18:23.868+0000] {processor.py:183} INFO - Processing /home/airflow/.local/lib/python3.12/site-packages/airflow/example_dags/example_setup_teardown.py took 0.077 seconds
[2024-09-29T08:18:54.044+0000] {processor.py:161} INFO - Started process (PID=4040) to work on /home/airflow/.local/lib/python3.12/site-packages/airflow/example_dags/example_setup_teardown.py
[2024-09-29T08:18:54.045+0000] {processor.py:830} INFO - Processing file /home/airflow/.local/lib/python3.12/site-packages/airflow/example_dags/example_setup_teardown.py for tasks to queue
[2024-09-29T08:18:54.046+0000] {logging_mixin.py:188} INFO - [2024-09-29T08:18:54.046+0000] {dagbag.py:540} INFO - Filling up the DagBag from /home/airflow/.local/lib/python3.12/site-packages/airflow/example_dags/example_setup_teardown.py
[2024-09-29T08:18:54.052+0000] {processor.py:840} INFO - DAG(s) 'example_setup_teardown' retrieved from /home/airflow/.local/lib/python3.12/site-packages/airflow/example_dags/example_setup_teardown.py
[2024-09-29T08:18:54.068+0000] {logging_mixin.py:188} INFO - [2024-09-29T08:18:54.068+0000] {dag.py:3096} INFO - Sync 1 DAGs
[2024-09-29T08:18:54.086+0000] {logging_mixin.py:188} INFO - [2024-09-29T08:18:54.085+0000] {dag.py:3954} INFO - Setting next_dagrun for example_setup_teardown to 2024-09-28 00:00:00+00:00, run_after=2024-09-29 00:00:00+00:00
[2024-09-29T08:18:54.111+0000] {processor.py:183} INFO - Processing /home/airflow/.local/lib/python3.12/site-packages/airflow/example_dags/example_setup_teardown.py took 0.071 seconds
[2024-09-29T08:19:24.346+0000] {processor.py:161} INFO - Started process (PID=4302) to work on /home/airflow/.local/lib/python3.12/site-packages/airflow/example_dags/example_setup_teardown.py
[2024-09-29T08:19:24.347+0000] {processor.py:830} INFO - Processing file /home/airflow/.local/lib/python3.12/site-packages/airflow/example_dags/example_setup_teardown.py for tasks to queue
[2024-09-29T08:19:24.348+0000] {logging_mixin.py:188} INFO - [2024-09-29T08:19:24.348+0000] {dagbag.py:540} INFO - Filling up the DagBag from /home/airflow/.local/lib/python3.12/site-packages/airflow/example_dags/example_setup_teardown.py
[2024-09-29T08:19:24.354+0000] {processor.py:840} INFO - DAG(s) 'example_setup_teardown' retrieved from /home/airflow/.local/lib/python3.12/site-packages/airflow/example_dags/example_setup_teardown.py
[2024-09-29T08:19:24.375+0000] {logging_mixin.py:188} INFO - [2024-09-29T08:19:24.375+0000] {dag.py:3096} INFO - Sync 1 DAGs
[2024-09-29T08:19:24.404+0000] {logging_mixin.py:188} INFO - [2024-09-29T08:19:24.403+0000] {dag.py:3954} INFO - Setting next_dagrun for example_setup_teardown to 2024-09-28 00:00:00+00:00, run_after=2024-09-29 00:00:00+00:00
[2024-09-29T08:19:24.427+0000] {processor.py:183} INFO - Processing /home/airflow/.local/lib/python3.12/site-packages/airflow/example_dags/example_setup_teardown.py took 0.085 seconds
[2024-09-29T08:19:54.870+0000] {processor.py:161} INFO - Started process (PID=4564) to work on /home/airflow/.local/lib/python3.12/site-packages/airflow/example_dags/example_setup_teardown.py
[2024-09-29T08:19:54.871+0000] {processor.py:830} INFO - Processing file /home/airflow/.local/lib/python3.12/site-packages/airflow/example_dags/example_setup_teardown.py for tasks to queue
[2024-09-29T08:19:54.873+0000] {logging_mixin.py:188} INFO - [2024-09-29T08:19:54.872+0000] {dagbag.py:540} INFO - Filling up the DagBag from /home/airflow/.local/lib/python3.12/site-packages/airflow/example_dags/example_setup_teardown.py
[2024-09-29T08:19:54.878+0000] {processor.py:840} INFO - DAG(s) 'example_setup_teardown' retrieved from /home/airflow/.local/lib/python3.12/site-packages/airflow/example_dags/example_setup_teardown.py
[2024-09-29T08:19:54.895+0000] {logging_mixin.py:188} INFO - [2024-09-29T08:19:54.895+0000] {dag.py:3096} INFO - Sync 1 DAGs
[2024-09-29T08:19:54.921+0000] {logging_mixin.py:188} INFO - [2024-09-29T08:19:54.921+0000] {dag.py:3954} INFO - Setting next_dagrun for example_setup_teardown to 2024-09-28 00:00:00+00:00, run_after=2024-09-29 00:00:00+00:00
[2024-09-29T08:19:54.956+0000] {processor.py:183} INFO - Processing /home/airflow/.local/lib/python3.12/site-packages/airflow/example_dags/example_setup_teardown.py took 0.090 seconds
[2024-09-29T08:20:25.797+0000] {processor.py:161} INFO - Started process (PID=4826) to work on /home/airflow/.local/lib/python3.12/site-packages/airflow/example_dags/example_setup_teardown.py
[2024-09-29T08:20:25.797+0000] {processor.py:830} INFO - Processing file /home/airflow/.local/lib/python3.12/site-packages/airflow/example_dags/example_setup_teardown.py for tasks to queue
[2024-09-29T08:20:25.799+0000] {logging_mixin.py:188} INFO - [2024-09-29T08:20:25.798+0000] {dagbag.py:540} INFO - Filling up the DagBag from /home/airflow/.local/lib/python3.12/site-packages/airflow/example_dags/example_setup_teardown.py
[2024-09-29T08:20:25.804+0000] {processor.py:840} INFO - DAG(s) 'example_setup_teardown' retrieved from /home/airflow/.local/lib/python3.12/site-packages/airflow/example_dags/example_setup_teardown.py
[2024-09-29T08:20:25.821+0000] {logging_mixin.py:188} INFO - [2024-09-29T08:20:25.821+0000] {dag.py:3096} INFO - Sync 1 DAGs
[2024-09-29T08:20:25.840+0000] {logging_mixin.py:188} INFO - [2024-09-29T08:20:25.840+0000] {dag.py:3954} INFO - Setting next_dagrun for example_setup_teardown to 2024-09-28 00:00:00+00:00, run_after=2024-09-29 00:00:00+00:00
[2024-09-29T08:20:25.861+0000] {processor.py:183} INFO - Processing /home/airflow/.local/lib/python3.12/site-packages/airflow/example_dags/example_setup_teardown.py took 0.069 seconds
[2024-09-29T08:20:55.996+0000] {processor.py:161} INFO - Started process (PID=5088) to work on /home/airflow/.local/lib/python3.12/site-packages/airflow/example_dags/example_setup_teardown.py
[2024-09-29T08:20:55.997+0000] {processor.py:830} INFO - Processing file /home/airflow/.local/lib/python3.12/site-packages/airflow/example_dags/example_setup_teardown.py for tasks to queue
[2024-09-29T08:20:55.998+0000] {logging_mixin.py:188} INFO - [2024-09-29T08:20:55.998+0000] {dagbag.py:540} INFO - Filling up the DagBag from /home/airflow/.local/lib/python3.12/site-packages/airflow/example_dags/example_setup_teardown.py
[2024-09-29T08:20:56.005+0000] {processor.py:840} INFO - DAG(s) 'example_setup_teardown' retrieved from /home/airflow/.local/lib/python3.12/site-packages/airflow/example_dags/example_setup_teardown.py
[2024-09-29T08:20:56.027+0000] {logging_mixin.py:188} INFO - [2024-09-29T08:20:56.027+0000] {dag.py:3096} INFO - Sync 1 DAGs
[2024-09-29T08:20:56.048+0000] {logging_mixin.py:188} INFO - [2024-09-29T08:20:56.047+0000] {dag.py:3954} INFO - Setting next_dagrun for example_setup_teardown to 2024-09-28 00:00:00+00:00, run_after=2024-09-29 00:00:00+00:00
[2024-09-29T08:20:56.068+0000] {processor.py:183} INFO - Processing /home/airflow/.local/lib/python3.12/site-packages/airflow/example_dags/example_setup_teardown.py took 0.079 seconds
[2024-09-29T08:21:26.303+0000] {processor.py:161} INFO - Started process (PID=5347) to work on /home/airflow/.local/lib/python3.12/site-packages/airflow/example_dags/example_setup_teardown.py
[2024-09-29T08:21:26.304+0000] {processor.py:830} INFO - Processing file /home/airflow/.local/lib/python3.12/site-packages/airflow/example_dags/example_setup_teardown.py for tasks to queue
[2024-09-29T08:21:26.306+0000] {logging_mixin.py:188} INFO - [2024-09-29T08:21:26.306+0000] {dagbag.py:540} INFO - Filling up the DagBag from /home/airflow/.local/lib/python3.12/site-packages/airflow/example_dags/example_setup_teardown.py
[2024-09-29T08:21:26.314+0000] {processor.py:840} INFO - DAG(s) 'example_setup_teardown' retrieved from /home/airflow/.local/lib/python3.12/site-packages/airflow/example_dags/example_setup_teardown.py
[2024-09-29T08:21:26.335+0000] {logging_mixin.py:188} INFO - [2024-09-29T08:21:26.335+0000] {dag.py:3096} INFO - Sync 1 DAGs
[2024-09-29T08:21:26.354+0000] {logging_mixin.py:188} INFO - [2024-09-29T08:21:26.354+0000] {dag.py:3954} INFO - Setting next_dagrun for example_setup_teardown to 2024-09-28 00:00:00+00:00, run_after=2024-09-29 00:00:00+00:00
[2024-09-29T08:21:26.383+0000] {processor.py:183} INFO - Processing /home/airflow/.local/lib/python3.12/site-packages/airflow/example_dags/example_setup_teardown.py took 0.087 seconds
[2024-09-29T08:21:56.598+0000] {processor.py:161} INFO - Started process (PID=5607) to work on /home/airflow/.local/lib/python3.12/site-packages/airflow/example_dags/example_setup_teardown.py
[2024-09-29T08:21:56.599+0000] {processor.py:830} INFO - Processing file /home/airflow/.local/lib/python3.12/site-packages/airflow/example_dags/example_setup_teardown.py for tasks to queue
[2024-09-29T08:21:56.600+0000] {logging_mixin.py:188} INFO - [2024-09-29T08:21:56.600+0000] {dagbag.py:540} INFO - Filling up the DagBag from /home/airflow/.local/lib/python3.12/site-packages/airflow/example_dags/example_setup_teardown.py
[2024-09-29T08:21:56.606+0000] {processor.py:840} INFO - DAG(s) 'example_setup_teardown' retrieved from /home/airflow/.local/lib/python3.12/site-packages/airflow/example_dags/example_setup_teardown.py
[2024-09-29T08:21:56.624+0000] {logging_mixin.py:188} INFO - [2024-09-29T08:21:56.624+0000] {dag.py:3096} INFO - Sync 1 DAGs
[2024-09-29T08:21:56.644+0000] {logging_mixin.py:188} INFO - [2024-09-29T08:21:56.643+0000] {dag.py:3954} INFO - Setting next_dagrun for example_setup_teardown to 2024-09-28 00:00:00+00:00, run_after=2024-09-29 00:00:00+00:00
[2024-09-29T08:21:56.676+0000] {processor.py:183} INFO - Processing /home/airflow/.local/lib/python3.12/site-packages/airflow/example_dags/example_setup_teardown.py took 0.085 seconds
[2024-09-29T08:22:27.141+0000] {processor.py:161} INFO - Started process (PID=5871) to work on /home/airflow/.local/lib/python3.12/site-packages/airflow/example_dags/example_setup_teardown.py
[2024-09-29T08:22:27.141+0000] {processor.py:830} INFO - Processing file /home/airflow/.local/lib/python3.12/site-packages/airflow/example_dags/example_setup_teardown.py for tasks to queue
[2024-09-29T08:22:27.143+0000] {logging_mixin.py:188} INFO - [2024-09-29T08:22:27.143+0000] {dagbag.py:540} INFO - Filling up the DagBag from /home/airflow/.local/lib/python3.12/site-packages/airflow/example_dags/example_setup_teardown.py
[2024-09-29T08:22:27.150+0000] {processor.py:840} INFO - DAG(s) 'example_setup_teardown' retrieved from /home/airflow/.local/lib/python3.12/site-packages/airflow/example_dags/example_setup_teardown.py
[2024-09-29T08:22:27.170+0000] {logging_mixin.py:188} INFO - [2024-09-29T08:22:27.169+0000] {dag.py:3096} INFO - Sync 1 DAGs
[2024-09-29T08:22:27.187+0000] {logging_mixin.py:188} INFO - [2024-09-29T08:22:27.187+0000] {dag.py:3954} INFO - Setting next_dagrun for example_setup_teardown to 2024-09-28 00:00:00+00:00, run_after=2024-09-29 00:00:00+00:00
[2024-09-29T08:22:27.206+0000] {processor.py:183} INFO - Processing /home/airflow/.local/lib/python3.12/site-packages/airflow/example_dags/example_setup_teardown.py took 0.072 seconds
[2024-09-29T08:22:57.550+0000] {processor.py:161} INFO - Started process (PID=6131) to work on /home/airflow/.local/lib/python3.12/site-packages/airflow/example_dags/example_setup_teardown.py
[2024-09-29T08:22:57.550+0000] {processor.py:830} INFO - Processing file /home/airflow/.local/lib/python3.12/site-packages/airflow/example_dags/example_setup_teardown.py for tasks to queue
[2024-09-29T08:22:57.551+0000] {logging_mixin.py:188} INFO - [2024-09-29T08:22:57.551+0000] {dagbag.py:540} INFO - Filling up the DagBag from /home/airflow/.local/lib/python3.12/site-packages/airflow/example_dags/example_setup_teardown.py
[2024-09-29T08:22:57.557+0000] {processor.py:840} INFO - DAG(s) 'example_setup_teardown' retrieved from /home/airflow/.local/lib/python3.12/site-packages/airflow/example_dags/example_setup_teardown.py
[2024-09-29T08:22:57.574+0000] {logging_mixin.py:188} INFO - [2024-09-29T08:22:57.574+0000] {dag.py:3096} INFO - Sync 1 DAGs
[2024-09-29T08:22:57.592+0000] {logging_mixin.py:188} INFO - [2024-09-29T08:22:57.592+0000] {dag.py:3954} INFO - Setting next_dagrun for example_setup_teardown to 2024-09-28 00:00:00+00:00, run_after=2024-09-29 00:00:00+00:00
[2024-09-29T08:22:57.613+0000] {processor.py:183} INFO - Processing /home/airflow/.local/lib/python3.12/site-packages/airflow/example_dags/example_setup_teardown.py took 0.069 seconds
[2024-09-29T08:23:28.232+0000] {processor.py:161} INFO - Started process (PID=6395) to work on /home/airflow/.local/lib/python3.12/site-packages/airflow/example_dags/example_setup_teardown.py
[2024-09-29T08:23:28.232+0000] {processor.py:830} INFO - Processing file /home/airflow/.local/lib/python3.12/site-packages/airflow/example_dags/example_setup_teardown.py for tasks to queue
[2024-09-29T08:23:28.234+0000] {logging_mixin.py:188} INFO - [2024-09-29T08:23:28.233+0000] {dagbag.py:540} INFO - Filling up the DagBag from /home/airflow/.local/lib/python3.12/site-packages/airflow/example_dags/example_setup_teardown.py
[2024-09-29T08:23:28.239+0000] {processor.py:840} INFO - DAG(s) 'example_setup_teardown' retrieved from /home/airflow/.local/lib/python3.12/site-packages/airflow/example_dags/example_setup_teardown.py
[2024-09-29T08:23:28.256+0000] {logging_mixin.py:188} INFO - [2024-09-29T08:23:28.256+0000] {dag.py:3096} INFO - Sync 1 DAGs
[2024-09-29T08:23:28.274+0000] {logging_mixin.py:188} INFO - [2024-09-29T08:23:28.273+0000] {dag.py:3954} INFO - Setting next_dagrun for example_setup_teardown to 2024-09-28 00:00:00+00:00, run_after=2024-09-29 00:00:00+00:00
[2024-09-29T08:23:28.294+0000] {processor.py:183} INFO - Processing /home/airflow/.local/lib/python3.12/site-packages/airflow/example_dags/example_setup_teardown.py took 0.068 seconds
[2024-09-29T08:23:58.944+0000] {processor.py:161} INFO - Started process (PID=6655) to work on /home/airflow/.local/lib/python3.12/site-packages/airflow/example_dags/example_setup_teardown.py
[2024-09-29T08:23:58.945+0000] {processor.py:830} INFO - Processing file /home/airflow/.local/lib/python3.12/site-packages/airflow/example_dags/example_setup_teardown.py for tasks to queue
[2024-09-29T08:23:58.946+0000] {logging_mixin.py:188} INFO - [2024-09-29T08:23:58.946+0000] {dagbag.py:540} INFO - Filling up the DagBag from /home/airflow/.local/lib/python3.12/site-packages/airflow/example_dags/example_setup_teardown.py
[2024-09-29T08:23:58.953+0000] {processor.py:840} INFO - DAG(s) 'example_setup_teardown' retrieved from /home/airflow/.local/lib/python3.12/site-packages/airflow/example_dags/example_setup_teardown.py
[2024-09-29T08:23:58.974+0000] {logging_mixin.py:188} INFO - [2024-09-29T08:23:58.974+0000] {dag.py:3096} INFO - Sync 1 DAGs
[2024-09-29T08:23:59.003+0000] {logging_mixin.py:188} INFO - [2024-09-29T08:23:59.003+0000] {dag.py:3954} INFO - Setting next_dagrun for example_setup_teardown to 2024-09-28 00:00:00+00:00, run_after=2024-09-29 00:00:00+00:00
[2024-09-29T08:23:59.156+0000] {processor.py:183} INFO - Processing /home/airflow/.local/lib/python3.12/site-packages/airflow/example_dags/example_setup_teardown.py took 0.218 seconds
[2024-09-29T08:24:29.742+0000] {processor.py:161} INFO - Started process (PID=6917) to work on /home/airflow/.local/lib/python3.12/site-packages/airflow/example_dags/example_setup_teardown.py
[2024-09-29T08:24:29.742+0000] {processor.py:830} INFO - Processing file /home/airflow/.local/lib/python3.12/site-packages/airflow/example_dags/example_setup_teardown.py for tasks to queue
[2024-09-29T08:24:29.744+0000] {logging_mixin.py:188} INFO - [2024-09-29T08:24:29.743+0000] {dagbag.py:540} INFO - Filling up the DagBag from /home/airflow/.local/lib/python3.12/site-packages/airflow/example_dags/example_setup_teardown.py
[2024-09-29T08:24:29.749+0000] {processor.py:840} INFO - DAG(s) 'example_setup_teardown' retrieved from /home/airflow/.local/lib/python3.12/site-packages/airflow/example_dags/example_setup_teardown.py
[2024-09-29T08:24:29.767+0000] {logging_mixin.py:188} INFO - [2024-09-29T08:24:29.767+0000] {dag.py:3096} INFO - Sync 1 DAGs
[2024-09-29T08:24:29.789+0000] {logging_mixin.py:188} INFO - [2024-09-29T08:24:29.789+0000] {dag.py:3954} INFO - Setting next_dagrun for example_setup_teardown to 2024-09-28 00:00:00+00:00, run_after=2024-09-29 00:00:00+00:00
[2024-09-29T08:24:29.940+0000] {processor.py:183} INFO - Processing /home/airflow/.local/lib/python3.12/site-packages/airflow/example_dags/example_setup_teardown.py took 0.203 seconds
[2024-09-29T08:25:00.081+0000] {processor.py:161} INFO - Started process (PID=7181) to work on /home/airflow/.local/lib/python3.12/site-packages/airflow/example_dags/example_setup_teardown.py
[2024-09-29T08:25:00.082+0000] {processor.py:830} INFO - Processing file /home/airflow/.local/lib/python3.12/site-packages/airflow/example_dags/example_setup_teardown.py for tasks to queue
[2024-09-29T08:25:00.084+0000] {logging_mixin.py:188} INFO - [2024-09-29T08:25:00.083+0000] {dagbag.py:540} INFO - Filling up the DagBag from /home/airflow/.local/lib/python3.12/site-packages/airflow/example_dags/example_setup_teardown.py
[2024-09-29T08:25:00.091+0000] {processor.py:840} INFO - DAG(s) 'example_setup_teardown' retrieved from /home/airflow/.local/lib/python3.12/site-packages/airflow/example_dags/example_setup_teardown.py
[2024-09-29T08:25:00.113+0000] {logging_mixin.py:188} INFO - [2024-09-29T08:25:00.113+0000] {dag.py:3096} INFO - Sync 1 DAGs
[2024-09-29T08:25:00.131+0000] {logging_mixin.py:188} INFO - [2024-09-29T08:25:00.131+0000] {dag.py:3954} INFO - Setting next_dagrun for example_setup_teardown to 2024-09-28 00:00:00+00:00, run_after=2024-09-29 00:00:00+00:00
[2024-09-29T08:25:00.154+0000] {processor.py:183} INFO - Processing /home/airflow/.local/lib/python3.12/site-packages/airflow/example_dags/example_setup_teardown.py took 0.079 seconds
