[2024-09-29T08:11:46.448+0000] {processor.py:161} INFO - Started process (PID=267) to work on /home/airflow/.local/lib/python3.12/site-packages/airflow/example_dags/example_branch_datetime_operator.py
[2024-09-29T08:11:46.448+0000] {processor.py:830} INFO - Processing file /home/airflow/.local/lib/python3.12/site-packages/airflow/example_dags/example_branch_datetime_operator.py for tasks to queue
[2024-09-29T08:11:46.450+0000] {logging_mixin.py:188} INFO - [2024-09-29T08:11:46.450+0000] {dagbag.py:540} INFO - Filling up the DagBag from /home/airflow/.local/lib/python3.12/site-packages/airflow/example_dags/example_branch_datetime_operator.py
[2024-09-29T08:11:46.464+0000] {processor.py:840} INFO - DAG(s) 'example_branch_datetime_operator_2', 'example_branch_datetime_operator_3', 'example_branch_datetime_operator' retrieved from /home/airflow/.local/lib/python3.12/site-packages/airflow/example_dags/example_branch_datetime_operator.py
[2024-09-29T08:11:46.605+0000] {logging_mixin.py:188} INFO - [2024-09-29T08:11:46.605+0000] {override.py:1829} INFO - Created Permission View: can read on DAG:example_branch_datetime_operator_2
[2024-09-29T08:11:46.621+0000] {logging_mixin.py:188} INFO - [2024-09-29T08:11:46.621+0000] {override.py:1829} INFO - Created Permission View: can delete on DAG:example_branch_datetime_operator_2
[2024-09-29T08:11:46.636+0000] {logging_mixin.py:188} INFO - [2024-09-29T08:11:46.636+0000] {override.py:1829} INFO - Created Permission View: can edit on DAG:example_branch_datetime_operator_2
[2024-09-29T08:11:46.666+0000] {logging_mixin.py:188} INFO - [2024-09-29T08:11:46.665+0000] {override.py:1829} INFO - Created Permission View: can read on DAG:example_branch_datetime_operator_3
[2024-09-29T08:11:46.677+0000] {logging_mixin.py:188} INFO - [2024-09-29T08:11:46.677+0000] {override.py:1829} INFO - Created Permission View: can delete on DAG:example_branch_datetime_operator_3
[2024-09-29T08:11:46.689+0000] {logging_mixin.py:188} INFO - [2024-09-29T08:11:46.689+0000] {override.py:1829} INFO - Created Permission View: can edit on DAG:example_branch_datetime_operator_3
[2024-09-29T08:11:46.717+0000] {logging_mixin.py:188} INFO - [2024-09-29T08:11:46.717+0000] {override.py:1829} INFO - Created Permission View: can read on DAG:example_branch_datetime_operator
[2024-09-29T08:11:46.728+0000] {logging_mixin.py:188} INFO - [2024-09-29T08:11:46.728+0000] {override.py:1829} INFO - Created Permission View: can delete on DAG:example_branch_datetime_operator
[2024-09-29T08:11:46.741+0000] {logging_mixin.py:188} INFO - [2024-09-29T08:11:46.741+0000] {override.py:1829} INFO - Created Permission View: can edit on DAG:example_branch_datetime_operator
[2024-09-29T08:11:46.742+0000] {logging_mixin.py:188} INFO - [2024-09-29T08:11:46.742+0000] {dag.py:3096} INFO - Sync 3 DAGs
[2024-09-29T08:11:46.756+0000] {logging_mixin.py:188} INFO - [2024-09-29T08:11:46.755+0000] {dag.py:3118} INFO - Creating ORM DAG for example_branch_datetime_operator_3
[2024-09-29T08:11:46.756+0000] {logging_mixin.py:188} INFO - [2024-09-29T08:11:46.756+0000] {dag.py:3118} INFO - Creating ORM DAG for example_branch_datetime_operator_2
[2024-09-29T08:11:46.757+0000] {logging_mixin.py:188} INFO - [2024-09-29T08:11:46.757+0000] {dag.py:3118} INFO - Creating ORM DAG for example_branch_datetime_operator
[2024-09-29T08:11:46.768+0000] {logging_mixin.py:188} INFO - [2024-09-29T08:11:46.768+0000] {dag.py:3954} INFO - Setting next_dagrun for example_branch_datetime_operator to 2024-09-28 00:00:00+00:00, run_after=2024-09-29 00:00:00+00:00
[2024-09-29T08:11:46.770+0000] {logging_mixin.py:188} INFO - [2024-09-29T08:11:46.769+0000] {dag.py:3954} INFO - Setting next_dagrun for example_branch_datetime_operator_2 to 2024-09-28 00:00:00+00:00, run_after=2024-09-29 00:00:00+00:00
[2024-09-29T08:11:46.771+0000] {logging_mixin.py:188} INFO - [2024-09-29T08:11:46.771+0000] {dag.py:3954} INFO - Setting next_dagrun for example_branch_datetime_operator_3 to 2024-09-28 00:00:00+00:00, run_after=2024-09-29 00:00:00+00:00
[2024-09-29T08:11:46.798+0000] {processor.py:183} INFO - Processing /home/airflow/.local/lib/python3.12/site-packages/airflow/example_dags/example_branch_datetime_operator.py took 0.356 seconds
[2024-09-29T08:12:16.900+0000] {processor.py:161} INFO - Started process (PID=531) to work on /home/airflow/.local/lib/python3.12/site-packages/airflow/example_dags/example_branch_datetime_operator.py
[2024-09-29T08:12:16.901+0000] {processor.py:830} INFO - Processing file /home/airflow/.local/lib/python3.12/site-packages/airflow/example_dags/example_branch_datetime_operator.py for tasks to queue
[2024-09-29T08:12:16.902+0000] {logging_mixin.py:188} INFO - [2024-09-29T08:12:16.902+0000] {dagbag.py:540} INFO - Filling up the DagBag from /home/airflow/.local/lib/python3.12/site-packages/airflow/example_dags/example_branch_datetime_operator.py
[2024-09-29T08:12:16.915+0000] {processor.py:840} INFO - DAG(s) 'example_branch_datetime_operator', 'example_branch_datetime_operator_2', 'example_branch_datetime_operator_3' retrieved from /home/airflow/.local/lib/python3.12/site-packages/airflow/example_dags/example_branch_datetime_operator.py
[2024-09-29T08:12:16.940+0000] {logging_mixin.py:188} INFO - [2024-09-29T08:12:16.939+0000] {dag.py:3096} INFO - Sync 3 DAGs
[2024-09-29T08:12:16.962+0000] {logging_mixin.py:188} INFO - [2024-09-29T08:12:16.962+0000] {dag.py:3954} INFO - Setting next_dagrun for example_branch_datetime_operator to 2024-09-28 00:00:00+00:00, run_after=2024-09-29 00:00:00+00:00
[2024-09-29T08:12:16.967+0000] {logging_mixin.py:188} INFO - [2024-09-29T08:12:16.967+0000] {dag.py:3954} INFO - Setting next_dagrun for example_branch_datetime_operator_2 to 2024-09-28 00:00:00+00:00, run_after=2024-09-29 00:00:00+00:00
[2024-09-29T08:12:16.970+0000] {logging_mixin.py:188} INFO - [2024-09-29T08:12:16.969+0000] {dag.py:3954} INFO - Setting next_dagrun for example_branch_datetime_operator_3 to 2024-09-28 00:00:00+00:00, run_after=2024-09-29 00:00:00+00:00
[2024-09-29T08:12:16.988+0000] {processor.py:183} INFO - Processing /home/airflow/.local/lib/python3.12/site-packages/airflow/example_dags/example_branch_datetime_operator.py took 0.093 seconds
[2024-09-29T08:12:47.144+0000] {processor.py:161} INFO - Started process (PID=791) to work on /home/airflow/.local/lib/python3.12/site-packages/airflow/example_dags/example_branch_datetime_operator.py
[2024-09-29T08:12:47.145+0000] {processor.py:830} INFO - Processing file /home/airflow/.local/lib/python3.12/site-packages/airflow/example_dags/example_branch_datetime_operator.py for tasks to queue
[2024-09-29T08:12:47.147+0000] {logging_mixin.py:188} INFO - [2024-09-29T08:12:47.147+0000] {dagbag.py:540} INFO - Filling up the DagBag from /home/airflow/.local/lib/python3.12/site-packages/airflow/example_dags/example_branch_datetime_operator.py
[2024-09-29T08:12:47.160+0000] {processor.py:840} INFO - DAG(s) 'example_branch_datetime_operator_2', 'example_branch_datetime_operator_3', 'example_branch_datetime_operator' retrieved from /home/airflow/.local/lib/python3.12/site-packages/airflow/example_dags/example_branch_datetime_operator.py
[2024-09-29T08:12:47.183+0000] {logging_mixin.py:188} INFO - [2024-09-29T08:12:47.183+0000] {dag.py:3096} INFO - Sync 3 DAGs
[2024-09-29T08:12:47.204+0000] {logging_mixin.py:188} INFO - [2024-09-29T08:12:47.204+0000] {dag.py:3954} INFO - Setting next_dagrun for example_branch_datetime_operator to 2024-09-28 00:00:00+00:00, run_after=2024-09-29 00:00:00+00:00
[2024-09-29T08:12:47.208+0000] {logging_mixin.py:188} INFO - [2024-09-29T08:12:47.208+0000] {dag.py:3954} INFO - Setting next_dagrun for example_branch_datetime_operator_2 to 2024-09-28 00:00:00+00:00, run_after=2024-09-29 00:00:00+00:00
[2024-09-29T08:12:47.210+0000] {logging_mixin.py:188} INFO - [2024-09-29T08:12:47.210+0000] {dag.py:3954} INFO - Setting next_dagrun for example_branch_datetime_operator_3 to 2024-09-28 00:00:00+00:00, run_after=2024-09-29 00:00:00+00:00
[2024-09-29T08:12:47.231+0000] {processor.py:183} INFO - Processing /home/airflow/.local/lib/python3.12/site-packages/airflow/example_dags/example_branch_datetime_operator.py took 0.094 seconds
[2024-09-29T08:13:17.646+0000] {processor.py:161} INFO - Started process (PID=1055) to work on /home/airflow/.local/lib/python3.12/site-packages/airflow/example_dags/example_branch_datetime_operator.py
[2024-09-29T08:13:17.647+0000] {processor.py:830} INFO - Processing file /home/airflow/.local/lib/python3.12/site-packages/airflow/example_dags/example_branch_datetime_operator.py for tasks to queue
[2024-09-29T08:13:17.648+0000] {logging_mixin.py:188} INFO - [2024-09-29T08:13:17.648+0000] {dagbag.py:540} INFO - Filling up the DagBag from /home/airflow/.local/lib/python3.12/site-packages/airflow/example_dags/example_branch_datetime_operator.py
[2024-09-29T08:13:17.657+0000] {processor.py:840} INFO - DAG(s) 'example_branch_datetime_operator_3', 'example_branch_datetime_operator_2', 'example_branch_datetime_operator' retrieved from /home/airflow/.local/lib/python3.12/site-packages/airflow/example_dags/example_branch_datetime_operator.py
[2024-09-29T08:13:17.680+0000] {logging_mixin.py:188} INFO - [2024-09-29T08:13:17.680+0000] {dag.py:3096} INFO - Sync 3 DAGs
[2024-09-29T08:13:17.701+0000] {logging_mixin.py:188} INFO - [2024-09-29T08:13:17.700+0000] {dag.py:3954} INFO - Setting next_dagrun for example_branch_datetime_operator to 2024-09-28 00:00:00+00:00, run_after=2024-09-29 00:00:00+00:00
[2024-09-29T08:13:17.705+0000] {logging_mixin.py:188} INFO - [2024-09-29T08:13:17.704+0000] {dag.py:3954} INFO - Setting next_dagrun for example_branch_datetime_operator_2 to 2024-09-28 00:00:00+00:00, run_after=2024-09-29 00:00:00+00:00
[2024-09-29T08:13:17.707+0000] {logging_mixin.py:188} INFO - [2024-09-29T08:13:17.707+0000] {dag.py:3954} INFO - Setting next_dagrun for example_branch_datetime_operator_3 to 2024-09-28 00:00:00+00:00, run_after=2024-09-29 00:00:00+00:00
[2024-09-29T08:13:17.735+0000] {processor.py:183} INFO - Processing /home/airflow/.local/lib/python3.12/site-packages/airflow/example_dags/example_branch_datetime_operator.py took 0.093 seconds
[2024-09-29T08:13:48.017+0000] {processor.py:161} INFO - Started process (PID=1315) to work on /home/airflow/.local/lib/python3.12/site-packages/airflow/example_dags/example_branch_datetime_operator.py
[2024-09-29T08:13:48.018+0000] {processor.py:830} INFO - Processing file /home/airflow/.local/lib/python3.12/site-packages/airflow/example_dags/example_branch_datetime_operator.py for tasks to queue
[2024-09-29T08:13:48.019+0000] {logging_mixin.py:188} INFO - [2024-09-29T08:13:48.019+0000] {dagbag.py:540} INFO - Filling up the DagBag from /home/airflow/.local/lib/python3.12/site-packages/airflow/example_dags/example_branch_datetime_operator.py
[2024-09-29T08:13:48.028+0000] {processor.py:840} INFO - DAG(s) 'example_branch_datetime_operator_2', 'example_branch_datetime_operator', 'example_branch_datetime_operator_3' retrieved from /home/airflow/.local/lib/python3.12/site-packages/airflow/example_dags/example_branch_datetime_operator.py
[2024-09-29T08:13:48.053+0000] {logging_mixin.py:188} INFO - [2024-09-29T08:13:48.053+0000] {dag.py:3096} INFO - Sync 3 DAGs
[2024-09-29T08:13:48.077+0000] {logging_mixin.py:188} INFO - [2024-09-29T08:13:48.076+0000] {dag.py:3954} INFO - Setting next_dagrun for example_branch_datetime_operator to 2024-09-28 00:00:00+00:00, run_after=2024-09-29 00:00:00+00:00
[2024-09-29T08:13:48.081+0000] {logging_mixin.py:188} INFO - [2024-09-29T08:13:48.081+0000] {dag.py:3954} INFO - Setting next_dagrun for example_branch_datetime_operator_2 to 2024-09-28 00:00:00+00:00, run_after=2024-09-29 00:00:00+00:00
[2024-09-29T08:13:48.083+0000] {logging_mixin.py:188} INFO - [2024-09-29T08:13:48.083+0000] {dag.py:3954} INFO - Setting next_dagrun for example_branch_datetime_operator_3 to 2024-09-28 00:00:00+00:00, run_after=2024-09-29 00:00:00+00:00
[2024-09-29T08:13:48.104+0000] {processor.py:183} INFO - Processing /home/airflow/.local/lib/python3.12/site-packages/airflow/example_dags/example_branch_datetime_operator.py took 0.092 seconds
[2024-09-29T08:14:18.379+0000] {processor.py:161} INFO - Started process (PID=1577) to work on /home/airflow/.local/lib/python3.12/site-packages/airflow/example_dags/example_branch_datetime_operator.py
[2024-09-29T08:14:18.380+0000] {processor.py:830} INFO - Processing file /home/airflow/.local/lib/python3.12/site-packages/airflow/example_dags/example_branch_datetime_operator.py for tasks to queue
[2024-09-29T08:14:18.381+0000] {logging_mixin.py:188} INFO - [2024-09-29T08:14:18.381+0000] {dagbag.py:540} INFO - Filling up the DagBag from /home/airflow/.local/lib/python3.12/site-packages/airflow/example_dags/example_branch_datetime_operator.py
[2024-09-29T08:14:18.393+0000] {processor.py:840} INFO - DAG(s) 'example_branch_datetime_operator_2', 'example_branch_datetime_operator_3', 'example_branch_datetime_operator' retrieved from /home/airflow/.local/lib/python3.12/site-packages/airflow/example_dags/example_branch_datetime_operator.py
[2024-09-29T08:14:18.419+0000] {logging_mixin.py:188} INFO - [2024-09-29T08:14:18.419+0000] {dag.py:3096} INFO - Sync 3 DAGs
[2024-09-29T08:14:18.441+0000] {logging_mixin.py:188} INFO - [2024-09-29T08:14:18.441+0000] {dag.py:3954} INFO - Setting next_dagrun for example_branch_datetime_operator to 2024-09-28 00:00:00+00:00, run_after=2024-09-29 00:00:00+00:00
[2024-09-29T08:14:18.445+0000] {logging_mixin.py:188} INFO - [2024-09-29T08:14:18.445+0000] {dag.py:3954} INFO - Setting next_dagrun for example_branch_datetime_operator_2 to 2024-09-28 00:00:00+00:00, run_after=2024-09-29 00:00:00+00:00
[2024-09-29T08:14:18.447+0000] {logging_mixin.py:188} INFO - [2024-09-29T08:14:18.447+0000] {dag.py:3954} INFO - Setting next_dagrun for example_branch_datetime_operator_3 to 2024-09-28 00:00:00+00:00, run_after=2024-09-29 00:00:00+00:00
[2024-09-29T08:14:18.465+0000] {processor.py:183} INFO - Processing /home/airflow/.local/lib/python3.12/site-packages/airflow/example_dags/example_branch_datetime_operator.py took 0.092 seconds
[2024-09-29T08:14:48.691+0000] {processor.py:161} INFO - Started process (PID=1839) to work on /home/airflow/.local/lib/python3.12/site-packages/airflow/example_dags/example_branch_datetime_operator.py
[2024-09-29T08:14:48.692+0000] {processor.py:830} INFO - Processing file /home/airflow/.local/lib/python3.12/site-packages/airflow/example_dags/example_branch_datetime_operator.py for tasks to queue
[2024-09-29T08:14:48.693+0000] {logging_mixin.py:188} INFO - [2024-09-29T08:14:48.693+0000] {dagbag.py:540} INFO - Filling up the DagBag from /home/airflow/.local/lib/python3.12/site-packages/airflow/example_dags/example_branch_datetime_operator.py
[2024-09-29T08:14:48.702+0000] {processor.py:840} INFO - DAG(s) 'example_branch_datetime_operator_3', 'example_branch_datetime_operator_2', 'example_branch_datetime_operator' retrieved from /home/airflow/.local/lib/python3.12/site-packages/airflow/example_dags/example_branch_datetime_operator.py
[2024-09-29T08:14:48.725+0000] {logging_mixin.py:188} INFO - [2024-09-29T08:14:48.725+0000] {dag.py:3096} INFO - Sync 3 DAGs
[2024-09-29T08:14:48.751+0000] {logging_mixin.py:188} INFO - [2024-09-29T08:14:48.751+0000] {dag.py:3954} INFO - Setting next_dagrun for example_branch_datetime_operator to 2024-09-28 00:00:00+00:00, run_after=2024-09-29 00:00:00+00:00
[2024-09-29T08:14:48.756+0000] {logging_mixin.py:188} INFO - [2024-09-29T08:14:48.755+0000] {dag.py:3954} INFO - Setting next_dagrun for example_branch_datetime_operator_2 to 2024-09-28 00:00:00+00:00, run_after=2024-09-29 00:00:00+00:00
[2024-09-29T08:14:48.758+0000] {logging_mixin.py:188} INFO - [2024-09-29T08:14:48.758+0000] {dag.py:3954} INFO - Setting next_dagrun for example_branch_datetime_operator_3 to 2024-09-28 00:00:00+00:00, run_after=2024-09-29 00:00:00+00:00
[2024-09-29T08:14:48.802+0000] {processor.py:183} INFO - Processing /home/airflow/.local/lib/python3.12/site-packages/airflow/example_dags/example_branch_datetime_operator.py took 0.116 seconds
[2024-09-29T08:15:19.060+0000] {processor.py:161} INFO - Started process (PID=2103) to work on /home/airflow/.local/lib/python3.12/site-packages/airflow/example_dags/example_branch_datetime_operator.py
[2024-09-29T08:15:19.061+0000] {processor.py:830} INFO - Processing file /home/airflow/.local/lib/python3.12/site-packages/airflow/example_dags/example_branch_datetime_operator.py for tasks to queue
[2024-09-29T08:15:19.062+0000] {logging_mixin.py:188} INFO - [2024-09-29T08:15:19.062+0000] {dagbag.py:540} INFO - Filling up the DagBag from /home/airflow/.local/lib/python3.12/site-packages/airflow/example_dags/example_branch_datetime_operator.py
[2024-09-29T08:15:19.072+0000] {processor.py:840} INFO - DAG(s) 'example_branch_datetime_operator_2', 'example_branch_datetime_operator', 'example_branch_datetime_operator_3' retrieved from /home/airflow/.local/lib/python3.12/site-packages/airflow/example_dags/example_branch_datetime_operator.py
[2024-09-29T08:15:19.095+0000] {logging_mixin.py:188} INFO - [2024-09-29T08:15:19.095+0000] {dag.py:3096} INFO - Sync 3 DAGs
[2024-09-29T08:15:19.115+0000] {logging_mixin.py:188} INFO - [2024-09-29T08:15:19.115+0000] {dag.py:3954} INFO - Setting next_dagrun for example_branch_datetime_operator to 2024-09-28 00:00:00+00:00, run_after=2024-09-29 00:00:00+00:00
[2024-09-29T08:15:19.119+0000] {logging_mixin.py:188} INFO - [2024-09-29T08:15:19.119+0000] {dag.py:3954} INFO - Setting next_dagrun for example_branch_datetime_operator_2 to 2024-09-28 00:00:00+00:00, run_after=2024-09-29 00:00:00+00:00
[2024-09-29T08:15:19.122+0000] {logging_mixin.py:188} INFO - [2024-09-29T08:15:19.122+0000] {dag.py:3954} INFO - Setting next_dagrun for example_branch_datetime_operator_3 to 2024-09-28 00:00:00+00:00, run_after=2024-09-29 00:00:00+00:00
[2024-09-29T08:15:19.140+0000] {processor.py:183} INFO - Processing /home/airflow/.local/lib/python3.12/site-packages/airflow/example_dags/example_branch_datetime_operator.py took 0.086 seconds
[2024-09-29T08:15:49.232+0000] {processor.py:161} INFO - Started process (PID=2365) to work on /home/airflow/.local/lib/python3.12/site-packages/airflow/example_dags/example_branch_datetime_operator.py
[2024-09-29T08:15:49.233+0000] {processor.py:830} INFO - Processing file /home/airflow/.local/lib/python3.12/site-packages/airflow/example_dags/example_branch_datetime_operator.py for tasks to queue
[2024-09-29T08:15:49.234+0000] {logging_mixin.py:188} INFO - [2024-09-29T08:15:49.234+0000] {dagbag.py:540} INFO - Filling up the DagBag from /home/airflow/.local/lib/python3.12/site-packages/airflow/example_dags/example_branch_datetime_operator.py
[2024-09-29T08:15:49.243+0000] {processor.py:840} INFO - DAG(s) 'example_branch_datetime_operator', 'example_branch_datetime_operator_3', 'example_branch_datetime_operator_2' retrieved from /home/airflow/.local/lib/python3.12/site-packages/airflow/example_dags/example_branch_datetime_operator.py
[2024-09-29T08:15:49.265+0000] {logging_mixin.py:188} INFO - [2024-09-29T08:15:49.264+0000] {dag.py:3096} INFO - Sync 3 DAGs
[2024-09-29T08:15:49.289+0000] {logging_mixin.py:188} INFO - [2024-09-29T08:15:49.288+0000] {dag.py:3954} INFO - Setting next_dagrun for example_branch_datetime_operator to 2024-09-28 00:00:00+00:00, run_after=2024-09-29 00:00:00+00:00
[2024-09-29T08:15:49.294+0000] {logging_mixin.py:188} INFO - [2024-09-29T08:15:49.294+0000] {dag.py:3954} INFO - Setting next_dagrun for example_branch_datetime_operator_2 to 2024-09-28 00:00:00+00:00, run_after=2024-09-29 00:00:00+00:00
[2024-09-29T08:15:49.296+0000] {logging_mixin.py:188} INFO - [2024-09-29T08:15:49.296+0000] {dag.py:3954} INFO - Setting next_dagrun for example_branch_datetime_operator_3 to 2024-09-28 00:00:00+00:00, run_after=2024-09-29 00:00:00+00:00
[2024-09-29T08:15:49.314+0000] {processor.py:183} INFO - Processing /home/airflow/.local/lib/python3.12/site-packages/airflow/example_dags/example_branch_datetime_operator.py took 0.087 seconds
[2024-09-29T08:16:19.416+0000] {processor.py:161} INFO - Started process (PID=2627) to work on /home/airflow/.local/lib/python3.12/site-packages/airflow/example_dags/example_branch_datetime_operator.py
[2024-09-29T08:16:19.417+0000] {processor.py:830} INFO - Processing file /home/airflow/.local/lib/python3.12/site-packages/airflow/example_dags/example_branch_datetime_operator.py for tasks to queue
[2024-09-29T08:16:19.418+0000] {logging_mixin.py:188} INFO - [2024-09-29T08:16:19.418+0000] {dagbag.py:540} INFO - Filling up the DagBag from /home/airflow/.local/lib/python3.12/site-packages/airflow/example_dags/example_branch_datetime_operator.py
[2024-09-29T08:16:19.426+0000] {processor.py:840} INFO - DAG(s) 'example_branch_datetime_operator_2', 'example_branch_datetime_operator', 'example_branch_datetime_operator_3' retrieved from /home/airflow/.local/lib/python3.12/site-packages/airflow/example_dags/example_branch_datetime_operator.py
[2024-09-29T08:16:19.449+0000] {logging_mixin.py:188} INFO - [2024-09-29T08:16:19.449+0000] {dag.py:3096} INFO - Sync 3 DAGs
[2024-09-29T08:16:19.471+0000] {logging_mixin.py:188} INFO - [2024-09-29T08:16:19.471+0000] {dag.py:3954} INFO - Setting next_dagrun for example_branch_datetime_operator to 2024-09-28 00:00:00+00:00, run_after=2024-09-29 00:00:00+00:00
[2024-09-29T08:16:19.475+0000] {logging_mixin.py:188} INFO - [2024-09-29T08:16:19.475+0000] {dag.py:3954} INFO - Setting next_dagrun for example_branch_datetime_operator_2 to 2024-09-28 00:00:00+00:00, run_after=2024-09-29 00:00:00+00:00
[2024-09-29T08:16:19.477+0000] {logging_mixin.py:188} INFO - [2024-09-29T08:16:19.477+0000] {dag.py:3954} INFO - Setting next_dagrun for example_branch_datetime_operator_3 to 2024-09-28 00:00:00+00:00, run_after=2024-09-29 00:00:00+00:00
[2024-09-29T08:16:19.497+0000] {processor.py:183} INFO - Processing /home/airflow/.local/lib/python3.12/site-packages/airflow/example_dags/example_branch_datetime_operator.py took 0.086 seconds
[2024-09-29T08:16:49.732+0000] {processor.py:161} INFO - Started process (PID=2887) to work on /home/airflow/.local/lib/python3.12/site-packages/airflow/example_dags/example_branch_datetime_operator.py
[2024-09-29T08:16:49.733+0000] {processor.py:830} INFO - Processing file /home/airflow/.local/lib/python3.12/site-packages/airflow/example_dags/example_branch_datetime_operator.py for tasks to queue
[2024-09-29T08:16:49.735+0000] {logging_mixin.py:188} INFO - [2024-09-29T08:16:49.734+0000] {dagbag.py:540} INFO - Filling up the DagBag from /home/airflow/.local/lib/python3.12/site-packages/airflow/example_dags/example_branch_datetime_operator.py
[2024-09-29T08:16:49.744+0000] {processor.py:840} INFO - DAG(s) 'example_branch_datetime_operator', 'example_branch_datetime_operator_2', 'example_branch_datetime_operator_3' retrieved from /home/airflow/.local/lib/python3.12/site-packages/airflow/example_dags/example_branch_datetime_operator.py
[2024-09-29T08:16:49.770+0000] {logging_mixin.py:188} INFO - [2024-09-29T08:16:49.770+0000] {dag.py:3096} INFO - Sync 3 DAGs
[2024-09-29T08:16:49.795+0000] {logging_mixin.py:188} INFO - [2024-09-29T08:16:49.795+0000] {dag.py:3954} INFO - Setting next_dagrun for example_branch_datetime_operator to 2024-09-28 00:00:00+00:00, run_after=2024-09-29 00:00:00+00:00
[2024-09-29T08:16:49.800+0000] {logging_mixin.py:188} INFO - [2024-09-29T08:16:49.800+0000] {dag.py:3954} INFO - Setting next_dagrun for example_branch_datetime_operator_2 to 2024-09-28 00:00:00+00:00, run_after=2024-09-29 00:00:00+00:00
[2024-09-29T08:16:49.804+0000] {logging_mixin.py:188} INFO - [2024-09-29T08:16:49.803+0000] {dag.py:3954} INFO - Setting next_dagrun for example_branch_datetime_operator_3 to 2024-09-28 00:00:00+00:00, run_after=2024-09-29 00:00:00+00:00
[2024-09-29T08:16:49.830+0000] {processor.py:183} INFO - Processing /home/airflow/.local/lib/python3.12/site-packages/airflow/example_dags/example_branch_datetime_operator.py took 0.103 seconds
[2024-09-29T08:17:20.102+0000] {processor.py:161} INFO - Started process (PID=3149) to work on /home/airflow/.local/lib/python3.12/site-packages/airflow/example_dags/example_branch_datetime_operator.py
[2024-09-29T08:17:20.103+0000] {processor.py:830} INFO - Processing file /home/airflow/.local/lib/python3.12/site-packages/airflow/example_dags/example_branch_datetime_operator.py for tasks to queue
[2024-09-29T08:17:20.104+0000] {logging_mixin.py:188} INFO - [2024-09-29T08:17:20.104+0000] {dagbag.py:540} INFO - Filling up the DagBag from /home/airflow/.local/lib/python3.12/site-packages/airflow/example_dags/example_branch_datetime_operator.py
[2024-09-29T08:17:20.112+0000] {processor.py:840} INFO - DAG(s) 'example_branch_datetime_operator', 'example_branch_datetime_operator_2', 'example_branch_datetime_operator_3' retrieved from /home/airflow/.local/lib/python3.12/site-packages/airflow/example_dags/example_branch_datetime_operator.py
[2024-09-29T08:17:20.137+0000] {logging_mixin.py:188} INFO - [2024-09-29T08:17:20.137+0000] {dag.py:3096} INFO - Sync 3 DAGs
[2024-09-29T08:17:20.159+0000] {logging_mixin.py:188} INFO - [2024-09-29T08:17:20.159+0000] {dag.py:3954} INFO - Setting next_dagrun for example_branch_datetime_operator to 2024-09-28 00:00:00+00:00, run_after=2024-09-29 00:00:00+00:00
[2024-09-29T08:17:20.165+0000] {logging_mixin.py:188} INFO - [2024-09-29T08:17:20.165+0000] {dag.py:3954} INFO - Setting next_dagrun for example_branch_datetime_operator_2 to 2024-09-28 00:00:00+00:00, run_after=2024-09-29 00:00:00+00:00
[2024-09-29T08:17:20.168+0000] {logging_mixin.py:188} INFO - [2024-09-29T08:17:20.168+0000] {dag.py:3954} INFO - Setting next_dagrun for example_branch_datetime_operator_3 to 2024-09-28 00:00:00+00:00, run_after=2024-09-29 00:00:00+00:00
[2024-09-29T08:17:20.191+0000] {processor.py:183} INFO - Processing /home/airflow/.local/lib/python3.12/site-packages/airflow/example_dags/example_branch_datetime_operator.py took 0.094 seconds
[2024-09-29T08:17:50.320+0000] {processor.py:161} INFO - Started process (PID=3411) to work on /home/airflow/.local/lib/python3.12/site-packages/airflow/example_dags/example_branch_datetime_operator.py
[2024-09-29T08:17:50.320+0000] {processor.py:830} INFO - Processing file /home/airflow/.local/lib/python3.12/site-packages/airflow/example_dags/example_branch_datetime_operator.py for tasks to queue
[2024-09-29T08:17:50.322+0000] {logging_mixin.py:188} INFO - [2024-09-29T08:17:50.321+0000] {dagbag.py:540} INFO - Filling up the DagBag from /home/airflow/.local/lib/python3.12/site-packages/airflow/example_dags/example_branch_datetime_operator.py
[2024-09-29T08:17:50.331+0000] {processor.py:840} INFO - DAG(s) 'example_branch_datetime_operator', 'example_branch_datetime_operator_2', 'example_branch_datetime_operator_3' retrieved from /home/airflow/.local/lib/python3.12/site-packages/airflow/example_dags/example_branch_datetime_operator.py
[2024-09-29T08:17:50.353+0000] {logging_mixin.py:188} INFO - [2024-09-29T08:17:50.353+0000] {dag.py:3096} INFO - Sync 3 DAGs
[2024-09-29T08:17:50.376+0000] {logging_mixin.py:188} INFO - [2024-09-29T08:17:50.375+0000] {dag.py:3954} INFO - Setting next_dagrun for example_branch_datetime_operator to 2024-09-28 00:00:00+00:00, run_after=2024-09-29 00:00:00+00:00
[2024-09-29T08:17:50.380+0000] {logging_mixin.py:188} INFO - [2024-09-29T08:17:50.380+0000] {dag.py:3954} INFO - Setting next_dagrun for example_branch_datetime_operator_2 to 2024-09-28 00:00:00+00:00, run_after=2024-09-29 00:00:00+00:00
[2024-09-29T08:17:50.382+0000] {logging_mixin.py:188} INFO - [2024-09-29T08:17:50.382+0000] {dag.py:3954} INFO - Setting next_dagrun for example_branch_datetime_operator_3 to 2024-09-28 00:00:00+00:00, run_after=2024-09-29 00:00:00+00:00
[2024-09-29T08:17:50.400+0000] {processor.py:183} INFO - Processing /home/airflow/.local/lib/python3.12/site-packages/airflow/example_dags/example_branch_datetime_operator.py took 0.085 seconds
[2024-09-29T08:18:20.494+0000] {processor.py:161} INFO - Started process (PID=3673) to work on /home/airflow/.local/lib/python3.12/site-packages/airflow/example_dags/example_branch_datetime_operator.py
[2024-09-29T08:18:20.495+0000] {processor.py:830} INFO - Processing file /home/airflow/.local/lib/python3.12/site-packages/airflow/example_dags/example_branch_datetime_operator.py for tasks to queue
[2024-09-29T08:18:20.496+0000] {logging_mixin.py:188} INFO - [2024-09-29T08:18:20.496+0000] {dagbag.py:540} INFO - Filling up the DagBag from /home/airflow/.local/lib/python3.12/site-packages/airflow/example_dags/example_branch_datetime_operator.py
[2024-09-29T08:18:20.505+0000] {processor.py:840} INFO - DAG(s) 'example_branch_datetime_operator', 'example_branch_datetime_operator_2', 'example_branch_datetime_operator_3' retrieved from /home/airflow/.local/lib/python3.12/site-packages/airflow/example_dags/example_branch_datetime_operator.py
[2024-09-29T08:18:20.533+0000] {logging_mixin.py:188} INFO - [2024-09-29T08:18:20.532+0000] {dag.py:3096} INFO - Sync 3 DAGs
[2024-09-29T08:18:20.556+0000] {logging_mixin.py:188} INFO - [2024-09-29T08:18:20.556+0000] {dag.py:3954} INFO - Setting next_dagrun for example_branch_datetime_operator to 2024-09-28 00:00:00+00:00, run_after=2024-09-29 00:00:00+00:00
[2024-09-29T08:18:20.560+0000] {logging_mixin.py:188} INFO - [2024-09-29T08:18:20.560+0000] {dag.py:3954} INFO - Setting next_dagrun for example_branch_datetime_operator_2 to 2024-09-28 00:00:00+00:00, run_after=2024-09-29 00:00:00+00:00
[2024-09-29T08:18:20.562+0000] {logging_mixin.py:188} INFO - [2024-09-29T08:18:20.562+0000] {dag.py:3954} INFO - Setting next_dagrun for example_branch_datetime_operator_3 to 2024-09-28 00:00:00+00:00, run_after=2024-09-29 00:00:00+00:00
[2024-09-29T08:18:20.581+0000] {processor.py:183} INFO - Processing /home/airflow/.local/lib/python3.12/site-packages/airflow/example_dags/example_branch_datetime_operator.py took 0.092 seconds
[2024-09-29T08:18:50.698+0000] {processor.py:161} INFO - Started process (PID=3935) to work on /home/airflow/.local/lib/python3.12/site-packages/airflow/example_dags/example_branch_datetime_operator.py
[2024-09-29T08:18:50.699+0000] {processor.py:830} INFO - Processing file /home/airflow/.local/lib/python3.12/site-packages/airflow/example_dags/example_branch_datetime_operator.py for tasks to queue
[2024-09-29T08:18:50.701+0000] {logging_mixin.py:188} INFO - [2024-09-29T08:18:50.700+0000] {dagbag.py:540} INFO - Filling up the DagBag from /home/airflow/.local/lib/python3.12/site-packages/airflow/example_dags/example_branch_datetime_operator.py
[2024-09-29T08:18:50.713+0000] {processor.py:840} INFO - DAG(s) 'example_branch_datetime_operator_2', 'example_branch_datetime_operator_3', 'example_branch_datetime_operator' retrieved from /home/airflow/.local/lib/python3.12/site-packages/airflow/example_dags/example_branch_datetime_operator.py
[2024-09-29T08:18:50.738+0000] {logging_mixin.py:188} INFO - [2024-09-29T08:18:50.737+0000] {dag.py:3096} INFO - Sync 3 DAGs
[2024-09-29T08:18:50.760+0000] {logging_mixin.py:188} INFO - [2024-09-29T08:18:50.760+0000] {dag.py:3954} INFO - Setting next_dagrun for example_branch_datetime_operator to 2024-09-28 00:00:00+00:00, run_after=2024-09-29 00:00:00+00:00
[2024-09-29T08:18:50.764+0000] {logging_mixin.py:188} INFO - [2024-09-29T08:18:50.764+0000] {dag.py:3954} INFO - Setting next_dagrun for example_branch_datetime_operator_2 to 2024-09-28 00:00:00+00:00, run_after=2024-09-29 00:00:00+00:00
[2024-09-29T08:18:50.766+0000] {logging_mixin.py:188} INFO - [2024-09-29T08:18:50.766+0000] {dag.py:3954} INFO - Setting next_dagrun for example_branch_datetime_operator_3 to 2024-09-28 00:00:00+00:00, run_after=2024-09-29 00:00:00+00:00
[2024-09-29T08:18:50.785+0000] {processor.py:183} INFO - Processing /home/airflow/.local/lib/python3.12/site-packages/airflow/example_dags/example_branch_datetime_operator.py took 0.094 seconds
[2024-09-29T08:19:21.030+0000] {processor.py:161} INFO - Started process (PID=4197) to work on /home/airflow/.local/lib/python3.12/site-packages/airflow/example_dags/example_branch_datetime_operator.py
[2024-09-29T08:19:21.030+0000] {processor.py:830} INFO - Processing file /home/airflow/.local/lib/python3.12/site-packages/airflow/example_dags/example_branch_datetime_operator.py for tasks to queue
[2024-09-29T08:19:21.031+0000] {logging_mixin.py:188} INFO - [2024-09-29T08:19:21.031+0000] {dagbag.py:540} INFO - Filling up the DagBag from /home/airflow/.local/lib/python3.12/site-packages/airflow/example_dags/example_branch_datetime_operator.py
[2024-09-29T08:19:21.040+0000] {processor.py:840} INFO - DAG(s) 'example_branch_datetime_operator_2', 'example_branch_datetime_operator', 'example_branch_datetime_operator_3' retrieved from /home/airflow/.local/lib/python3.12/site-packages/airflow/example_dags/example_branch_datetime_operator.py
[2024-09-29T08:19:21.061+0000] {logging_mixin.py:188} INFO - [2024-09-29T08:19:21.061+0000] {dag.py:3096} INFO - Sync 3 DAGs
[2024-09-29T08:19:21.082+0000] {logging_mixin.py:188} INFO - [2024-09-29T08:19:21.082+0000] {dag.py:3954} INFO - Setting next_dagrun for example_branch_datetime_operator to 2024-09-28 00:00:00+00:00, run_after=2024-09-29 00:00:00+00:00
[2024-09-29T08:19:21.086+0000] {logging_mixin.py:188} INFO - [2024-09-29T08:19:21.086+0000] {dag.py:3954} INFO - Setting next_dagrun for example_branch_datetime_operator_2 to 2024-09-28 00:00:00+00:00, run_after=2024-09-29 00:00:00+00:00
[2024-09-29T08:19:21.089+0000] {logging_mixin.py:188} INFO - [2024-09-29T08:19:21.089+0000] {dag.py:3954} INFO - Setting next_dagrun for example_branch_datetime_operator_3 to 2024-09-28 00:00:00+00:00, run_after=2024-09-29 00:00:00+00:00
[2024-09-29T08:19:21.106+0000] {processor.py:183} INFO - Processing /home/airflow/.local/lib/python3.12/site-packages/airflow/example_dags/example_branch_datetime_operator.py took 0.081 seconds
[2024-09-29T08:19:51.260+0000] {processor.py:161} INFO - Started process (PID=4459) to work on /home/airflow/.local/lib/python3.12/site-packages/airflow/example_dags/example_branch_datetime_operator.py
[2024-09-29T08:19:51.260+0000] {processor.py:830} INFO - Processing file /home/airflow/.local/lib/python3.12/site-packages/airflow/example_dags/example_branch_datetime_operator.py for tasks to queue
[2024-09-29T08:19:51.262+0000] {logging_mixin.py:188} INFO - [2024-09-29T08:19:51.262+0000] {dagbag.py:540} INFO - Filling up the DagBag from /home/airflow/.local/lib/python3.12/site-packages/airflow/example_dags/example_branch_datetime_operator.py
[2024-09-29T08:19:51.274+0000] {processor.py:840} INFO - DAG(s) 'example_branch_datetime_operator_2', 'example_branch_datetime_operator_3', 'example_branch_datetime_operator' retrieved from /home/airflow/.local/lib/python3.12/site-packages/airflow/example_dags/example_branch_datetime_operator.py
[2024-09-29T08:19:51.301+0000] {logging_mixin.py:188} INFO - [2024-09-29T08:19:51.301+0000] {dag.py:3096} INFO - Sync 3 DAGs
[2024-09-29T08:19:51.326+0000] {logging_mixin.py:188} INFO - [2024-09-29T08:19:51.326+0000] {dag.py:3954} INFO - Setting next_dagrun for example_branch_datetime_operator to 2024-09-28 00:00:00+00:00, run_after=2024-09-29 00:00:00+00:00
[2024-09-29T08:19:51.332+0000] {logging_mixin.py:188} INFO - [2024-09-29T08:19:51.331+0000] {dag.py:3954} INFO - Setting next_dagrun for example_branch_datetime_operator_2 to 2024-09-28 00:00:00+00:00, run_after=2024-09-29 00:00:00+00:00
[2024-09-29T08:19:51.335+0000] {logging_mixin.py:188} INFO - [2024-09-29T08:19:51.335+0000] {dag.py:3954} INFO - Setting next_dagrun for example_branch_datetime_operator_3 to 2024-09-28 00:00:00+00:00, run_after=2024-09-29 00:00:00+00:00
[2024-09-29T08:19:51.355+0000] {processor.py:183} INFO - Processing /home/airflow/.local/lib/python3.12/site-packages/airflow/example_dags/example_branch_datetime_operator.py took 0.102 seconds
[2024-09-29T08:20:21.464+0000] {processor.py:161} INFO - Started process (PID=4721) to work on /home/airflow/.local/lib/python3.12/site-packages/airflow/example_dags/example_branch_datetime_operator.py
[2024-09-29T08:20:21.465+0000] {processor.py:830} INFO - Processing file /home/airflow/.local/lib/python3.12/site-packages/airflow/example_dags/example_branch_datetime_operator.py for tasks to queue
[2024-09-29T08:20:21.467+0000] {logging_mixin.py:188} INFO - [2024-09-29T08:20:21.466+0000] {dagbag.py:540} INFO - Filling up the DagBag from /home/airflow/.local/lib/python3.12/site-packages/airflow/example_dags/example_branch_datetime_operator.py
[2024-09-29T08:20:21.478+0000] {processor.py:840} INFO - DAG(s) 'example_branch_datetime_operator', 'example_branch_datetime_operator_2', 'example_branch_datetime_operator_3' retrieved from /home/airflow/.local/lib/python3.12/site-packages/airflow/example_dags/example_branch_datetime_operator.py
[2024-09-29T08:20:21.505+0000] {logging_mixin.py:188} INFO - [2024-09-29T08:20:21.505+0000] {dag.py:3096} INFO - Sync 3 DAGs
[2024-09-29T08:20:21.530+0000] {logging_mixin.py:188} INFO - [2024-09-29T08:20:21.530+0000] {dag.py:3954} INFO - Setting next_dagrun for example_branch_datetime_operator to 2024-09-28 00:00:00+00:00, run_after=2024-09-29 00:00:00+00:00
[2024-09-29T08:20:21.534+0000] {logging_mixin.py:188} INFO - [2024-09-29T08:20:21.534+0000] {dag.py:3954} INFO - Setting next_dagrun for example_branch_datetime_operator_2 to 2024-09-28 00:00:00+00:00, run_after=2024-09-29 00:00:00+00:00
[2024-09-29T08:20:21.537+0000] {logging_mixin.py:188} INFO - [2024-09-29T08:20:21.536+0000] {dag.py:3954} INFO - Setting next_dagrun for example_branch_datetime_operator_3 to 2024-09-28 00:00:00+00:00, run_after=2024-09-29 00:00:00+00:00
[2024-09-29T08:20:21.555+0000] {processor.py:183} INFO - Processing /home/airflow/.local/lib/python3.12/site-packages/airflow/example_dags/example_branch_datetime_operator.py took 0.097 seconds
[2024-09-29T08:20:51.775+0000] {processor.py:161} INFO - Started process (PID=4983) to work on /home/airflow/.local/lib/python3.12/site-packages/airflow/example_dags/example_branch_datetime_operator.py
[2024-09-29T08:20:51.776+0000] {processor.py:830} INFO - Processing file /home/airflow/.local/lib/python3.12/site-packages/airflow/example_dags/example_branch_datetime_operator.py for tasks to queue
[2024-09-29T08:20:51.777+0000] {logging_mixin.py:188} INFO - [2024-09-29T08:20:51.777+0000] {dagbag.py:540} INFO - Filling up the DagBag from /home/airflow/.local/lib/python3.12/site-packages/airflow/example_dags/example_branch_datetime_operator.py
[2024-09-29T08:20:51.787+0000] {processor.py:840} INFO - DAG(s) 'example_branch_datetime_operator_3', 'example_branch_datetime_operator_2', 'example_branch_datetime_operator' retrieved from /home/airflow/.local/lib/python3.12/site-packages/airflow/example_dags/example_branch_datetime_operator.py
[2024-09-29T08:20:51.809+0000] {logging_mixin.py:188} INFO - [2024-09-29T08:20:51.809+0000] {dag.py:3096} INFO - Sync 3 DAGs
[2024-09-29T08:20:51.829+0000] {logging_mixin.py:188} INFO - [2024-09-29T08:20:51.829+0000] {dag.py:3954} INFO - Setting next_dagrun for example_branch_datetime_operator to 2024-09-28 00:00:00+00:00, run_after=2024-09-29 00:00:00+00:00
[2024-09-29T08:20:51.833+0000] {logging_mixin.py:188} INFO - [2024-09-29T08:20:51.833+0000] {dag.py:3954} INFO - Setting next_dagrun for example_branch_datetime_operator_2 to 2024-09-28 00:00:00+00:00, run_after=2024-09-29 00:00:00+00:00
[2024-09-29T08:20:51.835+0000] {logging_mixin.py:188} INFO - [2024-09-29T08:20:51.835+0000] {dag.py:3954} INFO - Setting next_dagrun for example_branch_datetime_operator_3 to 2024-09-28 00:00:00+00:00, run_after=2024-09-29 00:00:00+00:00
[2024-09-29T08:20:51.853+0000] {processor.py:183} INFO - Processing /home/airflow/.local/lib/python3.12/site-packages/airflow/example_dags/example_branch_datetime_operator.py took 0.082 seconds
[2024-09-29T08:21:22.064+0000] {processor.py:161} INFO - Started process (PID=5245) to work on /home/airflow/.local/lib/python3.12/site-packages/airflow/example_dags/example_branch_datetime_operator.py
[2024-09-29T08:21:22.064+0000] {processor.py:830} INFO - Processing file /home/airflow/.local/lib/python3.12/site-packages/airflow/example_dags/example_branch_datetime_operator.py for tasks to queue
[2024-09-29T08:21:22.065+0000] {logging_mixin.py:188} INFO - [2024-09-29T08:21:22.065+0000] {dagbag.py:540} INFO - Filling up the DagBag from /home/airflow/.local/lib/python3.12/site-packages/airflow/example_dags/example_branch_datetime_operator.py
[2024-09-29T08:21:22.074+0000] {processor.py:840} INFO - DAG(s) 'example_branch_datetime_operator_2', 'example_branch_datetime_operator_3', 'example_branch_datetime_operator' retrieved from /home/airflow/.local/lib/python3.12/site-packages/airflow/example_dags/example_branch_datetime_operator.py
[2024-09-29T08:21:22.097+0000] {logging_mixin.py:188} INFO - [2024-09-29T08:21:22.097+0000] {dag.py:3096} INFO - Sync 3 DAGs
[2024-09-29T08:21:22.125+0000] {logging_mixin.py:188} INFO - [2024-09-29T08:21:22.125+0000] {dag.py:3954} INFO - Setting next_dagrun for example_branch_datetime_operator to 2024-09-28 00:00:00+00:00, run_after=2024-09-29 00:00:00+00:00
[2024-09-29T08:21:22.131+0000] {logging_mixin.py:188} INFO - [2024-09-29T08:21:22.130+0000] {dag.py:3954} INFO - Setting next_dagrun for example_branch_datetime_operator_2 to 2024-09-28 00:00:00+00:00, run_after=2024-09-29 00:00:00+00:00
[2024-09-29T08:21:22.134+0000] {logging_mixin.py:188} INFO - [2024-09-29T08:21:22.134+0000] {dag.py:3954} INFO - Setting next_dagrun for example_branch_datetime_operator_3 to 2024-09-28 00:00:00+00:00, run_after=2024-09-29 00:00:00+00:00
[2024-09-29T08:21:22.153+0000] {processor.py:183} INFO - Processing /home/airflow/.local/lib/python3.12/site-packages/airflow/example_dags/example_branch_datetime_operator.py took 0.094 seconds
[2024-09-29T08:21:52.457+0000] {processor.py:161} INFO - Started process (PID=5507) to work on /home/airflow/.local/lib/python3.12/site-packages/airflow/example_dags/example_branch_datetime_operator.py
[2024-09-29T08:21:52.458+0000] {processor.py:830} INFO - Processing file /home/airflow/.local/lib/python3.12/site-packages/airflow/example_dags/example_branch_datetime_operator.py for tasks to queue
[2024-09-29T08:21:52.459+0000] {logging_mixin.py:188} INFO - [2024-09-29T08:21:52.459+0000] {dagbag.py:540} INFO - Filling up the DagBag from /home/airflow/.local/lib/python3.12/site-packages/airflow/example_dags/example_branch_datetime_operator.py
[2024-09-29T08:21:52.471+0000] {processor.py:840} INFO - DAG(s) 'example_branch_datetime_operator', 'example_branch_datetime_operator_3', 'example_branch_datetime_operator_2' retrieved from /home/airflow/.local/lib/python3.12/site-packages/airflow/example_dags/example_branch_datetime_operator.py
[2024-09-29T08:21:52.496+0000] {logging_mixin.py:188} INFO - [2024-09-29T08:21:52.496+0000] {dag.py:3096} INFO - Sync 3 DAGs
[2024-09-29T08:21:52.521+0000] {logging_mixin.py:188} INFO - [2024-09-29T08:21:52.520+0000] {dag.py:3954} INFO - Setting next_dagrun for example_branch_datetime_operator to 2024-09-28 00:00:00+00:00, run_after=2024-09-29 00:00:00+00:00
[2024-09-29T08:21:52.525+0000] {logging_mixin.py:188} INFO - [2024-09-29T08:21:52.525+0000] {dag.py:3954} INFO - Setting next_dagrun for example_branch_datetime_operator_2 to 2024-09-28 00:00:00+00:00, run_after=2024-09-29 00:00:00+00:00
[2024-09-29T08:21:52.529+0000] {logging_mixin.py:188} INFO - [2024-09-29T08:21:52.528+0000] {dag.py:3954} INFO - Setting next_dagrun for example_branch_datetime_operator_3 to 2024-09-28 00:00:00+00:00, run_after=2024-09-29 00:00:00+00:00
[2024-09-29T08:21:52.548+0000] {processor.py:183} INFO - Processing /home/airflow/.local/lib/python3.12/site-packages/airflow/example_dags/example_branch_datetime_operator.py took 0.098 seconds
[2024-09-29T08:22:22.945+0000] {processor.py:161} INFO - Started process (PID=5769) to work on /home/airflow/.local/lib/python3.12/site-packages/airflow/example_dags/example_branch_datetime_operator.py
[2024-09-29T08:22:22.945+0000] {processor.py:830} INFO - Processing file /home/airflow/.local/lib/python3.12/site-packages/airflow/example_dags/example_branch_datetime_operator.py for tasks to queue
[2024-09-29T08:22:22.947+0000] {logging_mixin.py:188} INFO - [2024-09-29T08:22:22.946+0000] {dagbag.py:540} INFO - Filling up the DagBag from /home/airflow/.local/lib/python3.12/site-packages/airflow/example_dags/example_branch_datetime_operator.py
[2024-09-29T08:22:22.955+0000] {processor.py:840} INFO - DAG(s) 'example_branch_datetime_operator_2', 'example_branch_datetime_operator_3', 'example_branch_datetime_operator' retrieved from /home/airflow/.local/lib/python3.12/site-packages/airflow/example_dags/example_branch_datetime_operator.py
[2024-09-29T08:22:22.980+0000] {logging_mixin.py:188} INFO - [2024-09-29T08:22:22.980+0000] {dag.py:3096} INFO - Sync 3 DAGs
[2024-09-29T08:22:23.008+0000] {logging_mixin.py:188} INFO - [2024-09-29T08:22:23.008+0000] {dag.py:3954} INFO - Setting next_dagrun for example_branch_datetime_operator to 2024-09-28 00:00:00+00:00, run_after=2024-09-29 00:00:00+00:00
[2024-09-29T08:22:23.014+0000] {logging_mixin.py:188} INFO - [2024-09-29T08:22:23.014+0000] {dag.py:3954} INFO - Setting next_dagrun for example_branch_datetime_operator_2 to 2024-09-28 00:00:00+00:00, run_after=2024-09-29 00:00:00+00:00
[2024-09-29T08:22:23.017+0000] {logging_mixin.py:188} INFO - [2024-09-29T08:22:23.017+0000] {dag.py:3954} INFO - Setting next_dagrun for example_branch_datetime_operator_3 to 2024-09-28 00:00:00+00:00, run_after=2024-09-29 00:00:00+00:00
[2024-09-29T08:22:23.045+0000] {processor.py:183} INFO - Processing /home/airflow/.local/lib/python3.12/site-packages/airflow/example_dags/example_branch_datetime_operator.py took 0.105 seconds
[2024-09-29T08:22:53.374+0000] {processor.py:161} INFO - Started process (PID=6031) to work on /home/airflow/.local/lib/python3.12/site-packages/airflow/example_dags/example_branch_datetime_operator.py
[2024-09-29T08:22:53.374+0000] {processor.py:830} INFO - Processing file /home/airflow/.local/lib/python3.12/site-packages/airflow/example_dags/example_branch_datetime_operator.py for tasks to queue
[2024-09-29T08:22:53.375+0000] {logging_mixin.py:188} INFO - [2024-09-29T08:22:53.375+0000] {dagbag.py:540} INFO - Filling up the DagBag from /home/airflow/.local/lib/python3.12/site-packages/airflow/example_dags/example_branch_datetime_operator.py
[2024-09-29T08:22:53.385+0000] {processor.py:840} INFO - DAG(s) 'example_branch_datetime_operator_3', 'example_branch_datetime_operator_2', 'example_branch_datetime_operator' retrieved from /home/airflow/.local/lib/python3.12/site-packages/airflow/example_dags/example_branch_datetime_operator.py
[2024-09-29T08:22:53.408+0000] {logging_mixin.py:188} INFO - [2024-09-29T08:22:53.408+0000] {dag.py:3096} INFO - Sync 3 DAGs
[2024-09-29T08:22:53.428+0000] {logging_mixin.py:188} INFO - [2024-09-29T08:22:53.427+0000] {dag.py:3954} INFO - Setting next_dagrun for example_branch_datetime_operator to 2024-09-28 00:00:00+00:00, run_after=2024-09-29 00:00:00+00:00
[2024-09-29T08:22:53.431+0000] {logging_mixin.py:188} INFO - [2024-09-29T08:22:53.431+0000] {dag.py:3954} INFO - Setting next_dagrun for example_branch_datetime_operator_2 to 2024-09-28 00:00:00+00:00, run_after=2024-09-29 00:00:00+00:00
[2024-09-29T08:22:53.434+0000] {logging_mixin.py:188} INFO - [2024-09-29T08:22:53.434+0000] {dag.py:3954} INFO - Setting next_dagrun for example_branch_datetime_operator_3 to 2024-09-28 00:00:00+00:00, run_after=2024-09-29 00:00:00+00:00
[2024-09-29T08:22:53.453+0000] {processor.py:183} INFO - Processing /home/airflow/.local/lib/python3.12/site-packages/airflow/example_dags/example_branch_datetime_operator.py took 0.084 seconds
[2024-09-29T08:23:23.768+0000] {processor.py:161} INFO - Started process (PID=6293) to work on /home/airflow/.local/lib/python3.12/site-packages/airflow/example_dags/example_branch_datetime_operator.py
[2024-09-29T08:23:23.768+0000] {processor.py:830} INFO - Processing file /home/airflow/.local/lib/python3.12/site-packages/airflow/example_dags/example_branch_datetime_operator.py for tasks to queue
[2024-09-29T08:23:23.770+0000] {logging_mixin.py:188} INFO - [2024-09-29T08:23:23.770+0000] {dagbag.py:540} INFO - Filling up the DagBag from /home/airflow/.local/lib/python3.12/site-packages/airflow/example_dags/example_branch_datetime_operator.py
[2024-09-29T08:23:23.781+0000] {processor.py:840} INFO - DAG(s) 'example_branch_datetime_operator', 'example_branch_datetime_operator_2', 'example_branch_datetime_operator_3' retrieved from /home/airflow/.local/lib/python3.12/site-packages/airflow/example_dags/example_branch_datetime_operator.py
[2024-09-29T08:23:23.809+0000] {logging_mixin.py:188} INFO - [2024-09-29T08:23:23.809+0000] {dag.py:3096} INFO - Sync 3 DAGs
[2024-09-29T08:23:23.833+0000] {logging_mixin.py:188} INFO - [2024-09-29T08:23:23.833+0000] {dag.py:3954} INFO - Setting next_dagrun for example_branch_datetime_operator to 2024-09-28 00:00:00+00:00, run_after=2024-09-29 00:00:00+00:00
[2024-09-29T08:23:23.838+0000] {logging_mixin.py:188} INFO - [2024-09-29T08:23:23.838+0000] {dag.py:3954} INFO - Setting next_dagrun for example_branch_datetime_operator_2 to 2024-09-28 00:00:00+00:00, run_after=2024-09-29 00:00:00+00:00
[2024-09-29T08:23:23.842+0000] {logging_mixin.py:188} INFO - [2024-09-29T08:23:23.841+0000] {dag.py:3954} INFO - Setting next_dagrun for example_branch_datetime_operator_3 to 2024-09-28 00:00:00+00:00, run_after=2024-09-29 00:00:00+00:00
[2024-09-29T08:23:23.865+0000] {processor.py:183} INFO - Processing /home/airflow/.local/lib/python3.12/site-packages/airflow/example_dags/example_branch_datetime_operator.py took 0.104 seconds
[2024-09-29T08:23:54.811+0000] {processor.py:161} INFO - Started process (PID=6555) to work on /home/airflow/.local/lib/python3.12/site-packages/airflow/example_dags/example_branch_datetime_operator.py
[2024-09-29T08:23:54.812+0000] {processor.py:830} INFO - Processing file /home/airflow/.local/lib/python3.12/site-packages/airflow/example_dags/example_branch_datetime_operator.py for tasks to queue
[2024-09-29T08:23:54.814+0000] {logging_mixin.py:188} INFO - [2024-09-29T08:23:54.813+0000] {dagbag.py:540} INFO - Filling up the DagBag from /home/airflow/.local/lib/python3.12/site-packages/airflow/example_dags/example_branch_datetime_operator.py
[2024-09-29T08:23:54.824+0000] {processor.py:840} INFO - DAG(s) 'example_branch_datetime_operator_2', 'example_branch_datetime_operator_3', 'example_branch_datetime_operator' retrieved from /home/airflow/.local/lib/python3.12/site-packages/airflow/example_dags/example_branch_datetime_operator.py
[2024-09-29T08:23:54.849+0000] {logging_mixin.py:188} INFO - [2024-09-29T08:23:54.848+0000] {dag.py:3096} INFO - Sync 3 DAGs
[2024-09-29T08:23:54.869+0000] {logging_mixin.py:188} INFO - [2024-09-29T08:23:54.869+0000] {dag.py:3954} INFO - Setting next_dagrun for example_branch_datetime_operator to 2024-09-28 00:00:00+00:00, run_after=2024-09-29 00:00:00+00:00
[2024-09-29T08:23:54.873+0000] {logging_mixin.py:188} INFO - [2024-09-29T08:23:54.873+0000] {dag.py:3954} INFO - Setting next_dagrun for example_branch_datetime_operator_2 to 2024-09-28 00:00:00+00:00, run_after=2024-09-29 00:00:00+00:00
[2024-09-29T08:23:54.876+0000] {logging_mixin.py:188} INFO - [2024-09-29T08:23:54.875+0000] {dag.py:3954} INFO - Setting next_dagrun for example_branch_datetime_operator_3 to 2024-09-28 00:00:00+00:00, run_after=2024-09-29 00:00:00+00:00
[2024-09-29T08:23:54.895+0000] {processor.py:183} INFO - Processing /home/airflow/.local/lib/python3.12/site-packages/airflow/example_dags/example_branch_datetime_operator.py took 0.089 seconds
[2024-09-29T08:24:25.185+0000] {processor.py:161} INFO - Started process (PID=6817) to work on /home/airflow/.local/lib/python3.12/site-packages/airflow/example_dags/example_branch_datetime_operator.py
[2024-09-29T08:24:25.185+0000] {processor.py:830} INFO - Processing file /home/airflow/.local/lib/python3.12/site-packages/airflow/example_dags/example_branch_datetime_operator.py for tasks to queue
[2024-09-29T08:24:25.187+0000] {logging_mixin.py:188} INFO - [2024-09-29T08:24:25.186+0000] {dagbag.py:540} INFO - Filling up the DagBag from /home/airflow/.local/lib/python3.12/site-packages/airflow/example_dags/example_branch_datetime_operator.py
[2024-09-29T08:24:25.195+0000] {processor.py:840} INFO - DAG(s) 'example_branch_datetime_operator_2', 'example_branch_datetime_operator', 'example_branch_datetime_operator_3' retrieved from /home/airflow/.local/lib/python3.12/site-packages/airflow/example_dags/example_branch_datetime_operator.py
[2024-09-29T08:24:25.219+0000] {logging_mixin.py:188} INFO - [2024-09-29T08:24:25.219+0000] {dag.py:3096} INFO - Sync 3 DAGs
[2024-09-29T08:24:25.242+0000] {logging_mixin.py:188} INFO - [2024-09-29T08:24:25.242+0000] {dag.py:3954} INFO - Setting next_dagrun for example_branch_datetime_operator to 2024-09-28 00:00:00+00:00, run_after=2024-09-29 00:00:00+00:00
[2024-09-29T08:24:25.246+0000] {logging_mixin.py:188} INFO - [2024-09-29T08:24:25.246+0000] {dag.py:3954} INFO - Setting next_dagrun for example_branch_datetime_operator_2 to 2024-09-28 00:00:00+00:00, run_after=2024-09-29 00:00:00+00:00
[2024-09-29T08:24:25.248+0000] {logging_mixin.py:188} INFO - [2024-09-29T08:24:25.248+0000] {dag.py:3954} INFO - Setting next_dagrun for example_branch_datetime_operator_3 to 2024-09-28 00:00:00+00:00, run_after=2024-09-29 00:00:00+00:00
[2024-09-29T08:24:25.267+0000] {processor.py:183} INFO - Processing /home/airflow/.local/lib/python3.12/site-packages/airflow/example_dags/example_branch_datetime_operator.py took 0.087 seconds
[2024-09-29T08:24:55.910+0000] {processor.py:161} INFO - Started process (PID=7079) to work on /home/airflow/.local/lib/python3.12/site-packages/airflow/example_dags/example_branch_datetime_operator.py
[2024-09-29T08:24:55.911+0000] {processor.py:830} INFO - Processing file /home/airflow/.local/lib/python3.12/site-packages/airflow/example_dags/example_branch_datetime_operator.py for tasks to queue
[2024-09-29T08:24:55.913+0000] {logging_mixin.py:188} INFO - [2024-09-29T08:24:55.912+0000] {dagbag.py:540} INFO - Filling up the DagBag from /home/airflow/.local/lib/python3.12/site-packages/airflow/example_dags/example_branch_datetime_operator.py
[2024-09-29T08:24:55.924+0000] {processor.py:840} INFO - DAG(s) 'example_branch_datetime_operator_3', 'example_branch_datetime_operator_2', 'example_branch_datetime_operator' retrieved from /home/airflow/.local/lib/python3.12/site-packages/airflow/example_dags/example_branch_datetime_operator.py
[2024-09-29T08:24:55.948+0000] {logging_mixin.py:188} INFO - [2024-09-29T08:24:55.948+0000] {dag.py:3096} INFO - Sync 3 DAGs
[2024-09-29T08:24:55.970+0000] {logging_mixin.py:188} INFO - [2024-09-29T08:24:55.970+0000] {dag.py:3954} INFO - Setting next_dagrun for example_branch_datetime_operator to 2024-09-28 00:00:00+00:00, run_after=2024-09-29 00:00:00+00:00
[2024-09-29T08:24:55.974+0000] {logging_mixin.py:188} INFO - [2024-09-29T08:24:55.974+0000] {dag.py:3954} INFO - Setting next_dagrun for example_branch_datetime_operator_2 to 2024-09-28 00:00:00+00:00, run_after=2024-09-29 00:00:00+00:00
[2024-09-29T08:24:55.976+0000] {logging_mixin.py:188} INFO - [2024-09-29T08:24:55.976+0000] {dag.py:3954} INFO - Setting next_dagrun for example_branch_datetime_operator_3 to 2024-09-28 00:00:00+00:00, run_after=2024-09-29 00:00:00+00:00
[2024-09-29T08:24:55.994+0000] {processor.py:183} INFO - Processing /home/airflow/.local/lib/python3.12/site-packages/airflow/example_dags/example_branch_datetime_operator.py took 0.090 seconds
[2024-09-29T08:25:26.976+0000] {processor.py:161} INFO - Started process (PID=7341) to work on /home/airflow/.local/lib/python3.12/site-packages/airflow/example_dags/example_branch_datetime_operator.py
[2024-09-29T08:25:26.977+0000] {processor.py:830} INFO - Processing file /home/airflow/.local/lib/python3.12/site-packages/airflow/example_dags/example_branch_datetime_operator.py for tasks to queue
[2024-09-29T08:25:26.979+0000] {logging_mixin.py:188} INFO - [2024-09-29T08:25:26.978+0000] {dagbag.py:540} INFO - Filling up the DagBag from /home/airflow/.local/lib/python3.12/site-packages/airflow/example_dags/example_branch_datetime_operator.py
[2024-09-29T08:25:26.988+0000] {processor.py:840} INFO - DAG(s) 'example_branch_datetime_operator_2', 'example_branch_datetime_operator', 'example_branch_datetime_operator_3' retrieved from /home/airflow/.local/lib/python3.12/site-packages/airflow/example_dags/example_branch_datetime_operator.py
[2024-09-29T08:25:27.011+0000] {logging_mixin.py:188} INFO - [2024-09-29T08:25:27.011+0000] {dag.py:3096} INFO - Sync 3 DAGs
[2024-09-29T08:25:27.031+0000] {logging_mixin.py:188} INFO - [2024-09-29T08:25:27.031+0000] {dag.py:3954} INFO - Setting next_dagrun for example_branch_datetime_operator to 2024-09-28 00:00:00+00:00, run_after=2024-09-29 00:00:00+00:00
[2024-09-29T08:25:27.036+0000] {logging_mixin.py:188} INFO - [2024-09-29T08:25:27.036+0000] {dag.py:3954} INFO - Setting next_dagrun for example_branch_datetime_operator_2 to 2024-09-28 00:00:00+00:00, run_after=2024-09-29 00:00:00+00:00
[2024-09-29T08:25:27.038+0000] {logging_mixin.py:188} INFO - [2024-09-29T08:25:27.038+0000] {dag.py:3954} INFO - Setting next_dagrun for example_branch_datetime_operator_3 to 2024-09-28 00:00:00+00:00, run_after=2024-09-29 00:00:00+00:00
[2024-09-29T08:25:27.057+0000] {processor.py:183} INFO - Processing /home/airflow/.local/lib/python3.12/site-packages/airflow/example_dags/example_branch_datetime_operator.py took 0.086 seconds
