[2024-09-29T08:11:46.194+0000] {processor.py:161} INFO - Started process (PID=262) to work on /home/airflow/.local/lib/python3.12/site-packages/airflow/example_dags/example_branch_labels.py
[2024-09-29T08:11:46.194+0000] {processor.py:830} INFO - Processing file /home/airflow/.local/lib/python3.12/site-packages/airflow/example_dags/example_branch_labels.py for tasks to queue
[2024-09-29T08:11:46.196+0000] {logging_mixin.py:188} INFO - [2024-09-29T08:11:46.195+0000] {dagbag.py:540} INFO - Filling up the DagBag from /home/airflow/.local/lib/python3.12/site-packages/airflow/example_dags/example_branch_labels.py
[2024-09-29T08:11:46.206+0000] {processor.py:840} INFO - DAG(s) 'example_branch_labels' retrieved from /home/airflow/.local/lib/python3.12/site-packages/airflow/example_dags/example_branch_labels.py
[2024-09-29T08:11:46.338+0000] {logging_mixin.py:188} INFO - [2024-09-29T08:11:46.338+0000] {override.py:1829} INFO - Created Permission View: can read on DAG:example_branch_labels
[2024-09-29T08:11:46.361+0000] {logging_mixin.py:188} INFO - [2024-09-29T08:11:46.360+0000] {override.py:1829} INFO - Created Permission View: can delete on DAG:example_branch_labels
[2024-09-29T08:11:46.375+0000] {logging_mixin.py:188} INFO - [2024-09-29T08:11:46.374+0000] {override.py:1829} INFO - Created Permission View: can edit on DAG:example_branch_labels
[2024-09-29T08:11:46.375+0000] {logging_mixin.py:188} INFO - [2024-09-29T08:11:46.375+0000] {dag.py:3096} INFO - Sync 1 DAGs
[2024-09-29T08:11:46.386+0000] {logging_mixin.py:188} INFO - [2024-09-29T08:11:46.386+0000] {dag.py:3118} INFO - Creating ORM DAG for example_branch_labels
[2024-09-29T08:11:46.397+0000] {logging_mixin.py:188} INFO - [2024-09-29T08:11:46.397+0000] {dag.py:3954} INFO - Setting next_dagrun for example_branch_labels to 2024-09-28 00:00:00+00:00, run_after=2024-09-29 00:00:00+00:00
[2024-09-29T08:11:46.417+0000] {processor.py:183} INFO - Processing /home/airflow/.local/lib/python3.12/site-packages/airflow/example_dags/example_branch_labels.py took 0.228 seconds
[2024-09-29T08:12:16.723+0000] {processor.py:161} INFO - Started process (PID=519) to work on /home/airflow/.local/lib/python3.12/site-packages/airflow/example_dags/example_branch_labels.py
[2024-09-29T08:12:16.723+0000] {processor.py:830} INFO - Processing file /home/airflow/.local/lib/python3.12/site-packages/airflow/example_dags/example_branch_labels.py for tasks to queue
[2024-09-29T08:12:16.725+0000] {logging_mixin.py:188} INFO - [2024-09-29T08:12:16.725+0000] {dagbag.py:540} INFO - Filling up the DagBag from /home/airflow/.local/lib/python3.12/site-packages/airflow/example_dags/example_branch_labels.py
[2024-09-29T08:12:16.732+0000] {processor.py:840} INFO - DAG(s) 'example_branch_labels' retrieved from /home/airflow/.local/lib/python3.12/site-packages/airflow/example_dags/example_branch_labels.py
[2024-09-29T08:12:16.749+0000] {logging_mixin.py:188} INFO - [2024-09-29T08:12:16.749+0000] {dag.py:3096} INFO - Sync 1 DAGs
[2024-09-29T08:12:16.769+0000] {logging_mixin.py:188} INFO - [2024-09-29T08:12:16.769+0000] {dag.py:3954} INFO - Setting next_dagrun for example_branch_labels to 2024-09-28 00:00:00+00:00, run_after=2024-09-29 00:00:00+00:00
[2024-09-29T08:12:16.790+0000] {processor.py:183} INFO - Processing /home/airflow/.local/lib/python3.12/site-packages/airflow/example_dags/example_branch_labels.py took 0.073 seconds
[2024-09-29T08:12:47.044+0000] {processor.py:161} INFO - Started process (PID=786) to work on /home/airflow/.local/lib/python3.12/site-packages/airflow/example_dags/example_branch_labels.py
[2024-09-29T08:12:47.045+0000] {processor.py:830} INFO - Processing file /home/airflow/.local/lib/python3.12/site-packages/airflow/example_dags/example_branch_labels.py for tasks to queue
[2024-09-29T08:12:47.046+0000] {logging_mixin.py:188} INFO - [2024-09-29T08:12:47.046+0000] {dagbag.py:540} INFO - Filling up the DagBag from /home/airflow/.local/lib/python3.12/site-packages/airflow/example_dags/example_branch_labels.py
[2024-09-29T08:12:47.052+0000] {processor.py:840} INFO - DAG(s) 'example_branch_labels' retrieved from /home/airflow/.local/lib/python3.12/site-packages/airflow/example_dags/example_branch_labels.py
[2024-09-29T08:12:47.071+0000] {logging_mixin.py:188} INFO - [2024-09-29T08:12:47.071+0000] {dag.py:3096} INFO - Sync 1 DAGs
[2024-09-29T08:12:47.093+0000] {logging_mixin.py:188} INFO - [2024-09-29T08:12:47.092+0000] {dag.py:3954} INFO - Setting next_dagrun for example_branch_labels to 2024-09-28 00:00:00+00:00, run_after=2024-09-29 00:00:00+00:00
[2024-09-29T08:12:47.113+0000] {processor.py:183} INFO - Processing /home/airflow/.local/lib/python3.12/site-packages/airflow/example_dags/example_branch_labels.py took 0.075 seconds
[2024-09-29T08:13:17.553+0000] {processor.py:161} INFO - Started process (PID=1048) to work on /home/airflow/.local/lib/python3.12/site-packages/airflow/example_dags/example_branch_labels.py
[2024-09-29T08:13:17.554+0000] {processor.py:830} INFO - Processing file /home/airflow/.local/lib/python3.12/site-packages/airflow/example_dags/example_branch_labels.py for tasks to queue
[2024-09-29T08:13:17.555+0000] {logging_mixin.py:188} INFO - [2024-09-29T08:13:17.555+0000] {dagbag.py:540} INFO - Filling up the DagBag from /home/airflow/.local/lib/python3.12/site-packages/airflow/example_dags/example_branch_labels.py
[2024-09-29T08:13:17.561+0000] {processor.py:840} INFO - DAG(s) 'example_branch_labels' retrieved from /home/airflow/.local/lib/python3.12/site-packages/airflow/example_dags/example_branch_labels.py
[2024-09-29T08:13:17.580+0000] {logging_mixin.py:188} INFO - [2024-09-29T08:13:17.580+0000] {dag.py:3096} INFO - Sync 1 DAGs
[2024-09-29T08:13:17.599+0000] {logging_mixin.py:188} INFO - [2024-09-29T08:13:17.599+0000] {dag.py:3954} INFO - Setting next_dagrun for example_branch_labels to 2024-09-28 00:00:00+00:00, run_after=2024-09-29 00:00:00+00:00
[2024-09-29T08:13:17.620+0000] {processor.py:183} INFO - Processing /home/airflow/.local/lib/python3.12/site-packages/airflow/example_dags/example_branch_labels.py took 0.071 seconds
[2024-09-29T08:13:47.977+0000] {processor.py:161} INFO - Started process (PID=1310) to work on /home/airflow/.local/lib/python3.12/site-packages/airflow/example_dags/example_branch_labels.py
[2024-09-29T08:13:47.977+0000] {processor.py:830} INFO - Processing file /home/airflow/.local/lib/python3.12/site-packages/airflow/example_dags/example_branch_labels.py for tasks to queue
[2024-09-29T08:13:47.979+0000] {logging_mixin.py:188} INFO - [2024-09-29T08:13:47.978+0000] {dagbag.py:540} INFO - Filling up the DagBag from /home/airflow/.local/lib/python3.12/site-packages/airflow/example_dags/example_branch_labels.py
[2024-09-29T08:13:47.987+0000] {processor.py:840} INFO - DAG(s) 'example_branch_labels' retrieved from /home/airflow/.local/lib/python3.12/site-packages/airflow/example_dags/example_branch_labels.py
[2024-09-29T08:13:48.006+0000] {logging_mixin.py:188} INFO - [2024-09-29T08:13:48.005+0000] {dag.py:3096} INFO - Sync 1 DAGs
[2024-09-29T08:13:48.026+0000] {logging_mixin.py:188} INFO - [2024-09-29T08:13:48.025+0000] {dag.py:3954} INFO - Setting next_dagrun for example_branch_labels to 2024-09-28 00:00:00+00:00, run_after=2024-09-29 00:00:00+00:00
[2024-09-29T08:13:48.051+0000] {processor.py:183} INFO - Processing /home/airflow/.local/lib/python3.12/site-packages/airflow/example_dags/example_branch_labels.py took 0.081 seconds
[2024-09-29T08:14:18.337+0000] {processor.py:161} INFO - Started process (PID=1572) to work on /home/airflow/.local/lib/python3.12/site-packages/airflow/example_dags/example_branch_labels.py
[2024-09-29T08:14:18.337+0000] {processor.py:830} INFO - Processing file /home/airflow/.local/lib/python3.12/site-packages/airflow/example_dags/example_branch_labels.py for tasks to queue
[2024-09-29T08:14:18.339+0000] {logging_mixin.py:188} INFO - [2024-09-29T08:14:18.338+0000] {dagbag.py:540} INFO - Filling up the DagBag from /home/airflow/.local/lib/python3.12/site-packages/airflow/example_dags/example_branch_labels.py
[2024-09-29T08:14:18.345+0000] {processor.py:840} INFO - DAG(s) 'example_branch_labels' retrieved from /home/airflow/.local/lib/python3.12/site-packages/airflow/example_dags/example_branch_labels.py
[2024-09-29T08:14:18.367+0000] {logging_mixin.py:188} INFO - [2024-09-29T08:14:18.367+0000] {dag.py:3096} INFO - Sync 1 DAGs
[2024-09-29T08:14:18.394+0000] {logging_mixin.py:188} INFO - [2024-09-29T08:14:18.394+0000] {dag.py:3954} INFO - Setting next_dagrun for example_branch_labels to 2024-09-28 00:00:00+00:00, run_after=2024-09-29 00:00:00+00:00
[2024-09-29T08:14:18.416+0000] {processor.py:183} INFO - Processing /home/airflow/.local/lib/python3.12/site-packages/airflow/example_dags/example_branch_labels.py took 0.084 seconds
[2024-09-29T08:14:48.652+0000] {processor.py:161} INFO - Started process (PID=1834) to work on /home/airflow/.local/lib/python3.12/site-packages/airflow/example_dags/example_branch_labels.py
[2024-09-29T08:14:48.652+0000] {processor.py:830} INFO - Processing file /home/airflow/.local/lib/python3.12/site-packages/airflow/example_dags/example_branch_labels.py for tasks to queue
[2024-09-29T08:14:48.654+0000] {logging_mixin.py:188} INFO - [2024-09-29T08:14:48.653+0000] {dagbag.py:540} INFO - Filling up the DagBag from /home/airflow/.local/lib/python3.12/site-packages/airflow/example_dags/example_branch_labels.py
[2024-09-29T08:14:48.661+0000] {processor.py:840} INFO - DAG(s) 'example_branch_labels' retrieved from /home/airflow/.local/lib/python3.12/site-packages/airflow/example_dags/example_branch_labels.py
[2024-09-29T08:14:48.680+0000] {logging_mixin.py:188} INFO - [2024-09-29T08:14:48.679+0000] {dag.py:3096} INFO - Sync 1 DAGs
[2024-09-29T08:14:48.701+0000] {logging_mixin.py:188} INFO - [2024-09-29T08:14:48.700+0000] {dag.py:3954} INFO - Setting next_dagrun for example_branch_labels to 2024-09-28 00:00:00+00:00, run_after=2024-09-29 00:00:00+00:00
[2024-09-29T08:14:48.734+0000] {processor.py:183} INFO - Processing /home/airflow/.local/lib/python3.12/site-packages/airflow/example_dags/example_branch_labels.py took 0.089 seconds
[2024-09-29T08:15:18.943+0000] {processor.py:161} INFO - Started process (PID=2096) to work on /home/airflow/.local/lib/python3.12/site-packages/airflow/example_dags/example_branch_labels.py
[2024-09-29T08:15:18.944+0000] {processor.py:830} INFO - Processing file /home/airflow/.local/lib/python3.12/site-packages/airflow/example_dags/example_branch_labels.py for tasks to queue
[2024-09-29T08:15:18.945+0000] {logging_mixin.py:188} INFO - [2024-09-29T08:15:18.945+0000] {dagbag.py:540} INFO - Filling up the DagBag from /home/airflow/.local/lib/python3.12/site-packages/airflow/example_dags/example_branch_labels.py
[2024-09-29T08:15:18.952+0000] {processor.py:840} INFO - DAG(s) 'example_branch_labels' retrieved from /home/airflow/.local/lib/python3.12/site-packages/airflow/example_dags/example_branch_labels.py
[2024-09-29T08:15:18.975+0000] {logging_mixin.py:188} INFO - [2024-09-29T08:15:18.975+0000] {dag.py:3096} INFO - Sync 1 DAGs
[2024-09-29T08:15:19.005+0000] {logging_mixin.py:188} INFO - [2024-09-29T08:15:19.005+0000] {dag.py:3954} INFO - Setting next_dagrun for example_branch_labels to 2024-09-28 00:00:00+00:00, run_after=2024-09-29 00:00:00+00:00
[2024-09-29T08:15:19.034+0000] {processor.py:183} INFO - Processing /home/airflow/.local/lib/python3.12/site-packages/airflow/example_dags/example_branch_labels.py took 0.095 seconds
[2024-09-29T08:15:49.132+0000] {processor.py:161} INFO - Started process (PID=2358) to work on /home/airflow/.local/lib/python3.12/site-packages/airflow/example_dags/example_branch_labels.py
[2024-09-29T08:15:49.133+0000] {processor.py:830} INFO - Processing file /home/airflow/.local/lib/python3.12/site-packages/airflow/example_dags/example_branch_labels.py for tasks to queue
[2024-09-29T08:15:49.135+0000] {logging_mixin.py:188} INFO - [2024-09-29T08:15:49.135+0000] {dagbag.py:540} INFO - Filling up the DagBag from /home/airflow/.local/lib/python3.12/site-packages/airflow/example_dags/example_branch_labels.py
[2024-09-29T08:15:49.143+0000] {processor.py:840} INFO - DAG(s) 'example_branch_labels' retrieved from /home/airflow/.local/lib/python3.12/site-packages/airflow/example_dags/example_branch_labels.py
[2024-09-29T08:15:49.161+0000] {logging_mixin.py:188} INFO - [2024-09-29T08:15:49.161+0000] {dag.py:3096} INFO - Sync 1 DAGs
[2024-09-29T08:15:49.182+0000] {logging_mixin.py:188} INFO - [2024-09-29T08:15:49.182+0000] {dag.py:3954} INFO - Setting next_dagrun for example_branch_labels to 2024-09-28 00:00:00+00:00, run_after=2024-09-29 00:00:00+00:00
[2024-09-29T08:15:49.205+0000] {processor.py:183} INFO - Processing /home/airflow/.local/lib/python3.12/site-packages/airflow/example_dags/example_branch_labels.py took 0.079 seconds
[2024-09-29T08:16:19.323+0000] {processor.py:161} INFO - Started process (PID=2620) to work on /home/airflow/.local/lib/python3.12/site-packages/airflow/example_dags/example_branch_labels.py
[2024-09-29T08:16:19.324+0000] {processor.py:830} INFO - Processing file /home/airflow/.local/lib/python3.12/site-packages/airflow/example_dags/example_branch_labels.py for tasks to queue
[2024-09-29T08:16:19.326+0000] {logging_mixin.py:188} INFO - [2024-09-29T08:16:19.325+0000] {dagbag.py:540} INFO - Filling up the DagBag from /home/airflow/.local/lib/python3.12/site-packages/airflow/example_dags/example_branch_labels.py
[2024-09-29T08:16:19.334+0000] {processor.py:840} INFO - DAG(s) 'example_branch_labels' retrieved from /home/airflow/.local/lib/python3.12/site-packages/airflow/example_dags/example_branch_labels.py
[2024-09-29T08:16:19.352+0000] {logging_mixin.py:188} INFO - [2024-09-29T08:16:19.352+0000] {dag.py:3096} INFO - Sync 1 DAGs
[2024-09-29T08:16:19.371+0000] {logging_mixin.py:188} INFO - [2024-09-29T08:16:19.371+0000] {dag.py:3954} INFO - Setting next_dagrun for example_branch_labels to 2024-09-28 00:00:00+00:00, run_after=2024-09-29 00:00:00+00:00
[2024-09-29T08:16:19.390+0000] {processor.py:183} INFO - Processing /home/airflow/.local/lib/python3.12/site-packages/airflow/example_dags/example_branch_labels.py took 0.073 seconds
[2024-09-29T08:16:49.706+0000] {processor.py:161} INFO - Started process (PID=2882) to work on /home/airflow/.local/lib/python3.12/site-packages/airflow/example_dags/example_branch_labels.py
[2024-09-29T08:16:49.706+0000] {processor.py:830} INFO - Processing file /home/airflow/.local/lib/python3.12/site-packages/airflow/example_dags/example_branch_labels.py for tasks to queue
[2024-09-29T08:16:49.708+0000] {logging_mixin.py:188} INFO - [2024-09-29T08:16:49.707+0000] {dagbag.py:540} INFO - Filling up the DagBag from /home/airflow/.local/lib/python3.12/site-packages/airflow/example_dags/example_branch_labels.py
[2024-09-29T08:16:49.716+0000] {processor.py:840} INFO - DAG(s) 'example_branch_labels' retrieved from /home/airflow/.local/lib/python3.12/site-packages/airflow/example_dags/example_branch_labels.py
[2024-09-29T08:16:49.741+0000] {logging_mixin.py:188} INFO - [2024-09-29T08:16:49.740+0000] {dag.py:3096} INFO - Sync 1 DAGs
[2024-09-29T08:16:49.764+0000] {logging_mixin.py:188} INFO - [2024-09-29T08:16:49.764+0000] {dag.py:3954} INFO - Setting next_dagrun for example_branch_labels to 2024-09-28 00:00:00+00:00, run_after=2024-09-29 00:00:00+00:00
[2024-09-29T08:16:49.787+0000] {processor.py:183} INFO - Processing /home/airflow/.local/lib/python3.12/site-packages/airflow/example_dags/example_branch_labels.py took 0.087 seconds
[2024-09-29T08:17:20.069+0000] {processor.py:161} INFO - Started process (PID=3144) to work on /home/airflow/.local/lib/python3.12/site-packages/airflow/example_dags/example_branch_labels.py
[2024-09-29T08:17:20.069+0000] {processor.py:830} INFO - Processing file /home/airflow/.local/lib/python3.12/site-packages/airflow/example_dags/example_branch_labels.py for tasks to queue
[2024-09-29T08:17:20.070+0000] {logging_mixin.py:188} INFO - [2024-09-29T08:17:20.070+0000] {dagbag.py:540} INFO - Filling up the DagBag from /home/airflow/.local/lib/python3.12/site-packages/airflow/example_dags/example_branch_labels.py
[2024-09-29T08:17:20.078+0000] {processor.py:840} INFO - DAG(s) 'example_branch_labels' retrieved from /home/airflow/.local/lib/python3.12/site-packages/airflow/example_dags/example_branch_labels.py
[2024-09-29T08:17:20.096+0000] {logging_mixin.py:188} INFO - [2024-09-29T08:17:20.095+0000] {dag.py:3096} INFO - Sync 1 DAGs
[2024-09-29T08:17:20.115+0000] {logging_mixin.py:188} INFO - [2024-09-29T08:17:20.115+0000] {dag.py:3954} INFO - Setting next_dagrun for example_branch_labels to 2024-09-28 00:00:00+00:00, run_after=2024-09-29 00:00:00+00:00
[2024-09-29T08:17:20.137+0000] {processor.py:183} INFO - Processing /home/airflow/.local/lib/python3.12/site-packages/airflow/example_dags/example_branch_labels.py took 0.074 seconds
[2024-09-29T08:17:50.286+0000] {processor.py:161} INFO - Started process (PID=3406) to work on /home/airflow/.local/lib/python3.12/site-packages/airflow/example_dags/example_branch_labels.py
[2024-09-29T08:17:50.287+0000] {processor.py:830} INFO - Processing file /home/airflow/.local/lib/python3.12/site-packages/airflow/example_dags/example_branch_labels.py for tasks to queue
[2024-09-29T08:17:50.289+0000] {logging_mixin.py:188} INFO - [2024-09-29T08:17:50.289+0000] {dagbag.py:540} INFO - Filling up the DagBag from /home/airflow/.local/lib/python3.12/site-packages/airflow/example_dags/example_branch_labels.py
[2024-09-29T08:17:50.297+0000] {processor.py:840} INFO - DAG(s) 'example_branch_labels' retrieved from /home/airflow/.local/lib/python3.12/site-packages/airflow/example_dags/example_branch_labels.py
[2024-09-29T08:17:50.315+0000] {logging_mixin.py:188} INFO - [2024-09-29T08:17:50.315+0000] {dag.py:3096} INFO - Sync 1 DAGs
[2024-09-29T08:17:50.335+0000] {logging_mixin.py:188} INFO - [2024-09-29T08:17:50.335+0000] {dag.py:3954} INFO - Setting next_dagrun for example_branch_labels to 2024-09-28 00:00:00+00:00, run_after=2024-09-29 00:00:00+00:00
[2024-09-29T08:17:50.357+0000] {processor.py:183} INFO - Processing /home/airflow/.local/lib/python3.12/site-packages/airflow/example_dags/example_branch_labels.py took 0.077 seconds
[2024-09-29T08:18:20.464+0000] {processor.py:161} INFO - Started process (PID=3668) to work on /home/airflow/.local/lib/python3.12/site-packages/airflow/example_dags/example_branch_labels.py
[2024-09-29T08:18:20.465+0000] {processor.py:830} INFO - Processing file /home/airflow/.local/lib/python3.12/site-packages/airflow/example_dags/example_branch_labels.py for tasks to queue
[2024-09-29T08:18:20.466+0000] {logging_mixin.py:188} INFO - [2024-09-29T08:18:20.466+0000] {dagbag.py:540} INFO - Filling up the DagBag from /home/airflow/.local/lib/python3.12/site-packages/airflow/example_dags/example_branch_labels.py
[2024-09-29T08:18:20.474+0000] {processor.py:840} INFO - DAG(s) 'example_branch_labels' retrieved from /home/airflow/.local/lib/python3.12/site-packages/airflow/example_dags/example_branch_labels.py
[2024-09-29T08:18:20.492+0000] {logging_mixin.py:188} INFO - [2024-09-29T08:18:20.492+0000] {dag.py:3096} INFO - Sync 1 DAGs
[2024-09-29T08:18:20.512+0000] {logging_mixin.py:188} INFO - [2024-09-29T08:18:20.512+0000] {dag.py:3954} INFO - Setting next_dagrun for example_branch_labels to 2024-09-28 00:00:00+00:00, run_after=2024-09-29 00:00:00+00:00
[2024-09-29T08:18:20.533+0000] {processor.py:183} INFO - Processing /home/airflow/.local/lib/python3.12/site-packages/airflow/example_dags/example_branch_labels.py took 0.075 seconds
[2024-09-29T08:18:50.666+0000] {processor.py:161} INFO - Started process (PID=3930) to work on /home/airflow/.local/lib/python3.12/site-packages/airflow/example_dags/example_branch_labels.py
[2024-09-29T08:18:50.667+0000] {processor.py:830} INFO - Processing file /home/airflow/.local/lib/python3.12/site-packages/airflow/example_dags/example_branch_labels.py for tasks to queue
[2024-09-29T08:18:50.668+0000] {logging_mixin.py:188} INFO - [2024-09-29T08:18:50.668+0000] {dagbag.py:540} INFO - Filling up the DagBag from /home/airflow/.local/lib/python3.12/site-packages/airflow/example_dags/example_branch_labels.py
[2024-09-29T08:18:50.675+0000] {processor.py:840} INFO - DAG(s) 'example_branch_labels' retrieved from /home/airflow/.local/lib/python3.12/site-packages/airflow/example_dags/example_branch_labels.py
[2024-09-29T08:18:50.693+0000] {logging_mixin.py:188} INFO - [2024-09-29T08:18:50.693+0000] {dag.py:3096} INFO - Sync 1 DAGs
[2024-09-29T08:18:50.719+0000] {logging_mixin.py:188} INFO - [2024-09-29T08:18:50.719+0000] {dag.py:3954} INFO - Setting next_dagrun for example_branch_labels to 2024-09-28 00:00:00+00:00, run_after=2024-09-29 00:00:00+00:00
[2024-09-29T08:18:50.740+0000] {processor.py:183} INFO - Processing /home/airflow/.local/lib/python3.12/site-packages/airflow/example_dags/example_branch_labels.py took 0.078 seconds
[2024-09-29T08:19:21.007+0000] {processor.py:161} INFO - Started process (PID=4192) to work on /home/airflow/.local/lib/python3.12/site-packages/airflow/example_dags/example_branch_labels.py
[2024-09-29T08:19:21.008+0000] {processor.py:830} INFO - Processing file /home/airflow/.local/lib/python3.12/site-packages/airflow/example_dags/example_branch_labels.py for tasks to queue
[2024-09-29T08:19:21.009+0000] {logging_mixin.py:188} INFO - [2024-09-29T08:19:21.009+0000] {dagbag.py:540} INFO - Filling up the DagBag from /home/airflow/.local/lib/python3.12/site-packages/airflow/example_dags/example_branch_labels.py
[2024-09-29T08:19:21.016+0000] {processor.py:840} INFO - DAG(s) 'example_branch_labels' retrieved from /home/airflow/.local/lib/python3.12/site-packages/airflow/example_dags/example_branch_labels.py
[2024-09-29T08:19:21.034+0000] {logging_mixin.py:188} INFO - [2024-09-29T08:19:21.034+0000] {dag.py:3096} INFO - Sync 1 DAGs
[2024-09-29T08:19:21.054+0000] {logging_mixin.py:188} INFO - [2024-09-29T08:19:21.053+0000] {dag.py:3954} INFO - Setting next_dagrun for example_branch_labels to 2024-09-28 00:00:00+00:00, run_after=2024-09-29 00:00:00+00:00
[2024-09-29T08:19:21.074+0000] {processor.py:183} INFO - Processing /home/airflow/.local/lib/python3.12/site-packages/airflow/example_dags/example_branch_labels.py took 0.072 seconds
[2024-09-29T08:19:51.229+0000] {processor.py:161} INFO - Started process (PID=4454) to work on /home/airflow/.local/lib/python3.12/site-packages/airflow/example_dags/example_branch_labels.py
[2024-09-29T08:19:51.229+0000] {processor.py:830} INFO - Processing file /home/airflow/.local/lib/python3.12/site-packages/airflow/example_dags/example_branch_labels.py for tasks to queue
[2024-09-29T08:19:51.231+0000] {logging_mixin.py:188} INFO - [2024-09-29T08:19:51.230+0000] {dagbag.py:540} INFO - Filling up the DagBag from /home/airflow/.local/lib/python3.12/site-packages/airflow/example_dags/example_branch_labels.py
[2024-09-29T08:19:51.237+0000] {processor.py:840} INFO - DAG(s) 'example_branch_labels' retrieved from /home/airflow/.local/lib/python3.12/site-packages/airflow/example_dags/example_branch_labels.py
[2024-09-29T08:19:51.259+0000] {logging_mixin.py:188} INFO - [2024-09-29T08:19:51.258+0000] {dag.py:3096} INFO - Sync 1 DAGs
[2024-09-29T08:19:51.285+0000] {logging_mixin.py:188} INFO - [2024-09-29T08:19:51.285+0000] {dag.py:3954} INFO - Setting next_dagrun for example_branch_labels to 2024-09-28 00:00:00+00:00, run_after=2024-09-29 00:00:00+00:00
[2024-09-29T08:19:51.307+0000] {processor.py:183} INFO - Processing /home/airflow/.local/lib/python3.12/site-packages/airflow/example_dags/example_branch_labels.py took 0.083 seconds
[2024-09-29T08:20:21.390+0000] {processor.py:161} INFO - Started process (PID=4716) to work on /home/airflow/.local/lib/python3.12/site-packages/airflow/example_dags/example_branch_labels.py
[2024-09-29T08:20:21.390+0000] {processor.py:830} INFO - Processing file /home/airflow/.local/lib/python3.12/site-packages/airflow/example_dags/example_branch_labels.py for tasks to queue
[2024-09-29T08:20:21.392+0000] {logging_mixin.py:188} INFO - [2024-09-29T08:20:21.391+0000] {dagbag.py:540} INFO - Filling up the DagBag from /home/airflow/.local/lib/python3.12/site-packages/airflow/example_dags/example_branch_labels.py
[2024-09-29T08:20:21.398+0000] {processor.py:840} INFO - DAG(s) 'example_branch_labels' retrieved from /home/airflow/.local/lib/python3.12/site-packages/airflow/example_dags/example_branch_labels.py
[2024-09-29T08:20:21.414+0000] {logging_mixin.py:188} INFO - [2024-09-29T08:20:21.414+0000] {dag.py:3096} INFO - Sync 1 DAGs
[2024-09-29T08:20:21.432+0000] {logging_mixin.py:188} INFO - [2024-09-29T08:20:21.432+0000] {dag.py:3954} INFO - Setting next_dagrun for example_branch_labels to 2024-09-28 00:00:00+00:00, run_after=2024-09-29 00:00:00+00:00
[2024-09-29T08:20:21.461+0000] {processor.py:183} INFO - Processing /home/airflow/.local/lib/python3.12/site-packages/airflow/example_dags/example_branch_labels.py took 0.077 seconds
[2024-09-29T08:20:51.669+0000] {processor.py:161} INFO - Started process (PID=4978) to work on /home/airflow/.local/lib/python3.12/site-packages/airflow/example_dags/example_branch_labels.py
[2024-09-29T08:20:51.670+0000] {processor.py:830} INFO - Processing file /home/airflow/.local/lib/python3.12/site-packages/airflow/example_dags/example_branch_labels.py for tasks to queue
[2024-09-29T08:20:51.671+0000] {logging_mixin.py:188} INFO - [2024-09-29T08:20:51.671+0000] {dagbag.py:540} INFO - Filling up the DagBag from /home/airflow/.local/lib/python3.12/site-packages/airflow/example_dags/example_branch_labels.py
[2024-09-29T08:20:51.677+0000] {processor.py:840} INFO - DAG(s) 'example_branch_labels' retrieved from /home/airflow/.local/lib/python3.12/site-packages/airflow/example_dags/example_branch_labels.py
[2024-09-29T08:20:51.699+0000] {logging_mixin.py:188} INFO - [2024-09-29T08:20:51.699+0000] {dag.py:3096} INFO - Sync 1 DAGs
[2024-09-29T08:20:51.725+0000] {logging_mixin.py:188} INFO - [2024-09-29T08:20:51.725+0000] {dag.py:3954} INFO - Setting next_dagrun for example_branch_labels to 2024-09-28 00:00:00+00:00, run_after=2024-09-29 00:00:00+00:00
[2024-09-29T08:20:51.749+0000] {processor.py:183} INFO - Processing /home/airflow/.local/lib/python3.12/site-packages/airflow/example_dags/example_branch_labels.py took 0.085 seconds
[2024-09-29T08:21:22.028+0000] {processor.py:161} INFO - Started process (PID=5240) to work on /home/airflow/.local/lib/python3.12/site-packages/airflow/example_dags/example_branch_labels.py
[2024-09-29T08:21:22.029+0000] {processor.py:830} INFO - Processing file /home/airflow/.local/lib/python3.12/site-packages/airflow/example_dags/example_branch_labels.py for tasks to queue
[2024-09-29T08:21:22.030+0000] {logging_mixin.py:188} INFO - [2024-09-29T08:21:22.030+0000] {dagbag.py:540} INFO - Filling up the DagBag from /home/airflow/.local/lib/python3.12/site-packages/airflow/example_dags/example_branch_labels.py
[2024-09-29T08:21:22.039+0000] {processor.py:840} INFO - DAG(s) 'example_branch_labels' retrieved from /home/airflow/.local/lib/python3.12/site-packages/airflow/example_dags/example_branch_labels.py
[2024-09-29T08:21:22.058+0000] {logging_mixin.py:188} INFO - [2024-09-29T08:21:22.058+0000] {dag.py:3096} INFO - Sync 1 DAGs
[2024-09-29T08:21:22.077+0000] {logging_mixin.py:188} INFO - [2024-09-29T08:21:22.077+0000] {dag.py:3954} INFO - Setting next_dagrun for example_branch_labels to 2024-09-28 00:00:00+00:00, run_after=2024-09-29 00:00:00+00:00
[2024-09-29T08:21:22.100+0000] {processor.py:183} INFO - Processing /home/airflow/.local/lib/python3.12/site-packages/airflow/example_dags/example_branch_labels.py took 0.076 seconds
[2024-09-29T08:21:52.424+0000] {processor.py:161} INFO - Started process (PID=5502) to work on /home/airflow/.local/lib/python3.12/site-packages/airflow/example_dags/example_branch_labels.py
[2024-09-29T08:21:52.425+0000] {processor.py:830} INFO - Processing file /home/airflow/.local/lib/python3.12/site-packages/airflow/example_dags/example_branch_labels.py for tasks to queue
[2024-09-29T08:21:52.426+0000] {logging_mixin.py:188} INFO - [2024-09-29T08:21:52.426+0000] {dagbag.py:540} INFO - Filling up the DagBag from /home/airflow/.local/lib/python3.12/site-packages/airflow/example_dags/example_branch_labels.py
[2024-09-29T08:21:52.434+0000] {processor.py:840} INFO - DAG(s) 'example_branch_labels' retrieved from /home/airflow/.local/lib/python3.12/site-packages/airflow/example_dags/example_branch_labels.py
[2024-09-29T08:21:52.452+0000] {logging_mixin.py:188} INFO - [2024-09-29T08:21:52.452+0000] {dag.py:3096} INFO - Sync 1 DAGs
[2024-09-29T08:21:52.479+0000] {logging_mixin.py:188} INFO - [2024-09-29T08:21:52.478+0000] {dag.py:3954} INFO - Setting next_dagrun for example_branch_labels to 2024-09-28 00:00:00+00:00, run_after=2024-09-29 00:00:00+00:00
[2024-09-29T08:21:52.505+0000] {processor.py:183} INFO - Processing /home/airflow/.local/lib/python3.12/site-packages/airflow/example_dags/example_branch_labels.py took 0.085 seconds
[2024-09-29T08:22:22.909+0000] {processor.py:161} INFO - Started process (PID=5764) to work on /home/airflow/.local/lib/python3.12/site-packages/airflow/example_dags/example_branch_labels.py
[2024-09-29T08:22:22.910+0000] {processor.py:830} INFO - Processing file /home/airflow/.local/lib/python3.12/site-packages/airflow/example_dags/example_branch_labels.py for tasks to queue
[2024-09-29T08:22:22.911+0000] {logging_mixin.py:188} INFO - [2024-09-29T08:22:22.911+0000] {dagbag.py:540} INFO - Filling up the DagBag from /home/airflow/.local/lib/python3.12/site-packages/airflow/example_dags/example_branch_labels.py
[2024-09-29T08:22:22.920+0000] {processor.py:840} INFO - DAG(s) 'example_branch_labels' retrieved from /home/airflow/.local/lib/python3.12/site-packages/airflow/example_dags/example_branch_labels.py
[2024-09-29T08:22:22.937+0000] {logging_mixin.py:188} INFO - [2024-09-29T08:22:22.937+0000] {dag.py:3096} INFO - Sync 1 DAGs
[2024-09-29T08:22:22.956+0000] {logging_mixin.py:188} INFO - [2024-09-29T08:22:22.955+0000] {dag.py:3954} INFO - Setting next_dagrun for example_branch_labels to 2024-09-28 00:00:00+00:00, run_after=2024-09-29 00:00:00+00:00
[2024-09-29T08:22:22.976+0000] {processor.py:183} INFO - Processing /home/airflow/.local/lib/python3.12/site-packages/airflow/example_dags/example_branch_labels.py took 0.072 seconds
[2024-09-29T08:22:53.312+0000] {processor.py:161} INFO - Started process (PID=6026) to work on /home/airflow/.local/lib/python3.12/site-packages/airflow/example_dags/example_branch_labels.py
[2024-09-29T08:22:53.313+0000] {processor.py:830} INFO - Processing file /home/airflow/.local/lib/python3.12/site-packages/airflow/example_dags/example_branch_labels.py for tasks to queue
[2024-09-29T08:22:53.314+0000] {logging_mixin.py:188} INFO - [2024-09-29T08:22:53.314+0000] {dagbag.py:540} INFO - Filling up the DagBag from /home/airflow/.local/lib/python3.12/site-packages/airflow/example_dags/example_branch_labels.py
[2024-09-29T08:22:53.320+0000] {processor.py:840} INFO - DAG(s) 'example_branch_labels' retrieved from /home/airflow/.local/lib/python3.12/site-packages/airflow/example_dags/example_branch_labels.py
[2024-09-29T08:22:53.337+0000] {logging_mixin.py:188} INFO - [2024-09-29T08:22:53.337+0000] {dag.py:3096} INFO - Sync 1 DAGs
[2024-09-29T08:22:53.359+0000] {logging_mixin.py:188} INFO - [2024-09-29T08:22:53.358+0000] {dag.py:3954} INFO - Setting next_dagrun for example_branch_labels to 2024-09-28 00:00:00+00:00, run_after=2024-09-29 00:00:00+00:00
[2024-09-29T08:22:53.381+0000] {processor.py:183} INFO - Processing /home/airflow/.local/lib/python3.12/site-packages/airflow/example_dags/example_branch_labels.py took 0.073 seconds
[2024-09-29T08:23:23.671+0000] {processor.py:161} INFO - Started process (PID=6288) to work on /home/airflow/.local/lib/python3.12/site-packages/airflow/example_dags/example_branch_labels.py
[2024-09-29T08:23:23.672+0000] {processor.py:830} INFO - Processing file /home/airflow/.local/lib/python3.12/site-packages/airflow/example_dags/example_branch_labels.py for tasks to queue
[2024-09-29T08:23:23.674+0000] {logging_mixin.py:188} INFO - [2024-09-29T08:23:23.673+0000] {dagbag.py:540} INFO - Filling up the DagBag from /home/airflow/.local/lib/python3.12/site-packages/airflow/example_dags/example_branch_labels.py
[2024-09-29T08:23:23.682+0000] {processor.py:840} INFO - DAG(s) 'example_branch_labels' retrieved from /home/airflow/.local/lib/python3.12/site-packages/airflow/example_dags/example_branch_labels.py
[2024-09-29T08:23:23.699+0000] {logging_mixin.py:188} INFO - [2024-09-29T08:23:23.698+0000] {dag.py:3096} INFO - Sync 1 DAGs
[2024-09-29T08:23:23.717+0000] {logging_mixin.py:188} INFO - [2024-09-29T08:23:23.717+0000] {dag.py:3954} INFO - Setting next_dagrun for example_branch_labels to 2024-09-28 00:00:00+00:00, run_after=2024-09-29 00:00:00+00:00
[2024-09-29T08:23:23.738+0000] {processor.py:183} INFO - Processing /home/airflow/.local/lib/python3.12/site-packages/airflow/example_dags/example_branch_labels.py took 0.073 seconds
[2024-09-29T08:23:54.713+0000] {processor.py:161} INFO - Started process (PID=6550) to work on /home/airflow/.local/lib/python3.12/site-packages/airflow/example_dags/example_branch_labels.py
[2024-09-29T08:23:54.714+0000] {processor.py:830} INFO - Processing file /home/airflow/.local/lib/python3.12/site-packages/airflow/example_dags/example_branch_labels.py for tasks to queue
[2024-09-29T08:23:54.715+0000] {logging_mixin.py:188} INFO - [2024-09-29T08:23:54.715+0000] {dagbag.py:540} INFO - Filling up the DagBag from /home/airflow/.local/lib/python3.12/site-packages/airflow/example_dags/example_branch_labels.py
[2024-09-29T08:23:54.724+0000] {processor.py:840} INFO - DAG(s) 'example_branch_labels' retrieved from /home/airflow/.local/lib/python3.12/site-packages/airflow/example_dags/example_branch_labels.py
[2024-09-29T08:23:54.746+0000] {logging_mixin.py:188} INFO - [2024-09-29T08:23:54.745+0000] {dag.py:3096} INFO - Sync 1 DAGs
[2024-09-29T08:23:54.767+0000] {logging_mixin.py:188} INFO - [2024-09-29T08:23:54.767+0000] {dag.py:3954} INFO - Setting next_dagrun for example_branch_labels to 2024-09-28 00:00:00+00:00, run_after=2024-09-29 00:00:00+00:00
[2024-09-29T08:23:54.787+0000] {processor.py:183} INFO - Processing /home/airflow/.local/lib/python3.12/site-packages/airflow/example_dags/example_branch_labels.py took 0.081 seconds
[2024-09-29T08:24:25.090+0000] {processor.py:161} INFO - Started process (PID=6812) to work on /home/airflow/.local/lib/python3.12/site-packages/airflow/example_dags/example_branch_labels.py
[2024-09-29T08:24:25.090+0000] {processor.py:830} INFO - Processing file /home/airflow/.local/lib/python3.12/site-packages/airflow/example_dags/example_branch_labels.py for tasks to queue
[2024-09-29T08:24:25.092+0000] {logging_mixin.py:188} INFO - [2024-09-29T08:24:25.091+0000] {dagbag.py:540} INFO - Filling up the DagBag from /home/airflow/.local/lib/python3.12/site-packages/airflow/example_dags/example_branch_labels.py
[2024-09-29T08:24:25.098+0000] {processor.py:840} INFO - DAG(s) 'example_branch_labels' retrieved from /home/airflow/.local/lib/python3.12/site-packages/airflow/example_dags/example_branch_labels.py
[2024-09-29T08:24:25.116+0000] {logging_mixin.py:188} INFO - [2024-09-29T08:24:25.116+0000] {dag.py:3096} INFO - Sync 1 DAGs
[2024-09-29T08:24:25.136+0000] {logging_mixin.py:188} INFO - [2024-09-29T08:24:25.136+0000] {dag.py:3954} INFO - Setting next_dagrun for example_branch_labels to 2024-09-28 00:00:00+00:00, run_after=2024-09-29 00:00:00+00:00
[2024-09-29T08:24:25.158+0000] {processor.py:183} INFO - Processing /home/airflow/.local/lib/python3.12/site-packages/airflow/example_dags/example_branch_labels.py took 0.073 seconds
[2024-09-29T08:24:55.879+0000] {processor.py:161} INFO - Started process (PID=7074) to work on /home/airflow/.local/lib/python3.12/site-packages/airflow/example_dags/example_branch_labels.py
[2024-09-29T08:24:55.880+0000] {processor.py:830} INFO - Processing file /home/airflow/.local/lib/python3.12/site-packages/airflow/example_dags/example_branch_labels.py for tasks to queue
[2024-09-29T08:24:55.881+0000] {logging_mixin.py:188} INFO - [2024-09-29T08:24:55.881+0000] {dagbag.py:540} INFO - Filling up the DagBag from /home/airflow/.local/lib/python3.12/site-packages/airflow/example_dags/example_branch_labels.py
[2024-09-29T08:24:55.887+0000] {processor.py:840} INFO - DAG(s) 'example_branch_labels' retrieved from /home/airflow/.local/lib/python3.12/site-packages/airflow/example_dags/example_branch_labels.py
[2024-09-29T08:24:55.908+0000] {logging_mixin.py:188} INFO - [2024-09-29T08:24:55.908+0000] {dag.py:3096} INFO - Sync 1 DAGs
[2024-09-29T08:24:55.934+0000] {logging_mixin.py:188} INFO - [2024-09-29T08:24:55.934+0000] {dag.py:3954} INFO - Setting next_dagrun for example_branch_labels to 2024-09-28 00:00:00+00:00, run_after=2024-09-29 00:00:00+00:00
[2024-09-29T08:24:55.955+0000] {processor.py:183} INFO - Processing /home/airflow/.local/lib/python3.12/site-packages/airflow/example_dags/example_branch_labels.py took 0.081 seconds
[2024-09-29T08:25:26.929+0000] {processor.py:161} INFO - Started process (PID=7336) to work on /home/airflow/.local/lib/python3.12/site-packages/airflow/example_dags/example_branch_labels.py
[2024-09-29T08:25:26.930+0000] {processor.py:830} INFO - Processing file /home/airflow/.local/lib/python3.12/site-packages/airflow/example_dags/example_branch_labels.py for tasks to queue
[2024-09-29T08:25:26.931+0000] {logging_mixin.py:188} INFO - [2024-09-29T08:25:26.931+0000] {dagbag.py:540} INFO - Filling up the DagBag from /home/airflow/.local/lib/python3.12/site-packages/airflow/example_dags/example_branch_labels.py
[2024-09-29T08:25:26.939+0000] {processor.py:840} INFO - DAG(s) 'example_branch_labels' retrieved from /home/airflow/.local/lib/python3.12/site-packages/airflow/example_dags/example_branch_labels.py
[2024-09-29T08:25:26.960+0000] {logging_mixin.py:188} INFO - [2024-09-29T08:25:26.960+0000] {dag.py:3096} INFO - Sync 1 DAGs
[2024-09-29T08:25:26.981+0000] {logging_mixin.py:188} INFO - [2024-09-29T08:25:26.981+0000] {dag.py:3954} INFO - Setting next_dagrun for example_branch_labels to 2024-09-28 00:00:00+00:00, run_after=2024-09-29 00:00:00+00:00
[2024-09-29T08:25:26.999+0000] {processor.py:183} INFO - Processing /home/airflow/.local/lib/python3.12/site-packages/airflow/example_dags/example_branch_labels.py took 0.075 seconds
