[2024-09-29T08:11:46.651+0000] {processor.py:161} INFO - Started process (PID=272) to work on /home/airflow/.local/lib/python3.12/site-packages/airflow/example_dags/example_branch_python_dop_operator_3.py
[2024-09-29T08:11:46.651+0000] {processor.py:830} INFO - Processing file /home/airflow/.local/lib/python3.12/site-packages/airflow/example_dags/example_branch_python_dop_operator_3.py for tasks to queue
[2024-09-29T08:11:46.653+0000] {logging_mixin.py:188} INFO - [2024-09-29T08:11:46.652+0000] {dagbag.py:540} INFO - Filling up the DagBag from /home/airflow/.local/lib/python3.12/site-packages/airflow/example_dags/example_branch_python_dop_operator_3.py
[2024-09-29T08:11:46.664+0000] {processor.py:840} INFO - DAG(s) 'example_branch_dop_operator_v3' retrieved from /home/airflow/.local/lib/python3.12/site-packages/airflow/example_dags/example_branch_python_dop_operator_3.py
[2024-09-29T08:11:46.791+0000] {logging_mixin.py:188} INFO - [2024-09-29T08:11:46.790+0000] {override.py:1829} INFO - Created Permission View: can read on DAG:example_branch_dop_operator_v3
[2024-09-29T08:11:46.809+0000] {logging_mixin.py:188} INFO - [2024-09-29T08:11:46.808+0000] {override.py:1829} INFO - Created Permission View: can delete on DAG:example_branch_dop_operator_v3
[2024-09-29T08:11:46.823+0000] {logging_mixin.py:188} INFO - [2024-09-29T08:11:46.822+0000] {override.py:1829} INFO - Created Permission View: can edit on DAG:example_branch_dop_operator_v3
[2024-09-29T08:11:46.823+0000] {logging_mixin.py:188} INFO - [2024-09-29T08:11:46.823+0000] {dag.py:3096} INFO - Sync 1 DAGs
[2024-09-29T08:11:46.836+0000] {logging_mixin.py:188} INFO - [2024-09-29T08:11:46.835+0000] {dag.py:3118} INFO - Creating ORM DAG for example_branch_dop_operator_v3
[2024-09-29T08:11:46.850+0000] {logging_mixin.py:188} INFO - [2024-09-29T08:11:46.849+0000] {dag.py:3954} INFO - Setting next_dagrun for example_branch_dop_operator_v3 to 2024-09-29 08:10:00+00:00, run_after=2024-09-29 08:11:00+00:00
[2024-09-29T08:11:46.870+0000] {processor.py:183} INFO - Processing /home/airflow/.local/lib/python3.12/site-packages/airflow/example_dags/example_branch_python_dop_operator_3.py took 0.224 seconds
[2024-09-29T08:12:16.907+0000] {processor.py:161} INFO - Started process (PID=534) to work on /home/airflow/.local/lib/python3.12/site-packages/airflow/example_dags/example_branch_python_dop_operator_3.py
[2024-09-29T08:12:16.908+0000] {processor.py:830} INFO - Processing file /home/airflow/.local/lib/python3.12/site-packages/airflow/example_dags/example_branch_python_dop_operator_3.py for tasks to queue
[2024-09-29T08:12:16.910+0000] {logging_mixin.py:188} INFO - [2024-09-29T08:12:16.909+0000] {dagbag.py:540} INFO - Filling up the DagBag from /home/airflow/.local/lib/python3.12/site-packages/airflow/example_dags/example_branch_python_dop_operator_3.py
[2024-09-29T08:12:16.919+0000] {processor.py:840} INFO - DAG(s) 'example_branch_dop_operator_v3' retrieved from /home/airflow/.local/lib/python3.12/site-packages/airflow/example_dags/example_branch_python_dop_operator_3.py
[2024-09-29T08:12:16.936+0000] {logging_mixin.py:188} INFO - [2024-09-29T08:12:16.936+0000] {dag.py:3096} INFO - Sync 1 DAGs
[2024-09-29T08:12:16.961+0000] {logging_mixin.py:188} INFO - [2024-09-29T08:12:16.961+0000] {dag.py:3954} INFO - Setting next_dagrun for example_branch_dop_operator_v3 to 2024-09-29 08:11:00+00:00, run_after=2024-09-29 08:12:00+00:00
[2024-09-29T08:12:16.982+0000] {processor.py:183} INFO - Processing /home/airflow/.local/lib/python3.12/site-packages/airflow/example_dags/example_branch_python_dop_operator_3.py took 0.082 seconds
[2024-09-29T08:12:47.185+0000] {processor.py:161} INFO - Started process (PID=796) to work on /home/airflow/.local/lib/python3.12/site-packages/airflow/example_dags/example_branch_python_dop_operator_3.py
[2024-09-29T08:12:47.185+0000] {processor.py:830} INFO - Processing file /home/airflow/.local/lib/python3.12/site-packages/airflow/example_dags/example_branch_python_dop_operator_3.py for tasks to queue
[2024-09-29T08:12:47.186+0000] {logging_mixin.py:188} INFO - [2024-09-29T08:12:47.186+0000] {dagbag.py:540} INFO - Filling up the DagBag from /home/airflow/.local/lib/python3.12/site-packages/airflow/example_dags/example_branch_python_dop_operator_3.py
[2024-09-29T08:12:47.193+0000] {processor.py:840} INFO - DAG(s) 'example_branch_dop_operator_v3' retrieved from /home/airflow/.local/lib/python3.12/site-packages/airflow/example_dags/example_branch_python_dop_operator_3.py
[2024-09-29T08:12:47.210+0000] {logging_mixin.py:188} INFO - [2024-09-29T08:12:47.210+0000] {dag.py:3096} INFO - Sync 1 DAGs
[2024-09-29T08:12:47.231+0000] {logging_mixin.py:188} INFO - [2024-09-29T08:12:47.231+0000] {dag.py:3954} INFO - Setting next_dagrun for example_branch_dop_operator_v3 to 2024-09-29 08:11:00+00:00, run_after=2024-09-29 08:12:00+00:00
[2024-09-29T08:12:47.251+0000] {processor.py:183} INFO - Processing /home/airflow/.local/lib/python3.12/site-packages/airflow/example_dags/example_branch_python_dop_operator_3.py took 0.071 seconds
[2024-09-29T08:13:17.760+0000] {processor.py:161} INFO - Started process (PID=1060) to work on /home/airflow/.local/lib/python3.12/site-packages/airflow/example_dags/example_branch_python_dop_operator_3.py
[2024-09-29T08:13:17.761+0000] {processor.py:830} INFO - Processing file /home/airflow/.local/lib/python3.12/site-packages/airflow/example_dags/example_branch_python_dop_operator_3.py for tasks to queue
[2024-09-29T08:13:17.762+0000] {logging_mixin.py:188} INFO - [2024-09-29T08:13:17.762+0000] {dagbag.py:540} INFO - Filling up the DagBag from /home/airflow/.local/lib/python3.12/site-packages/airflow/example_dags/example_branch_python_dop_operator_3.py
[2024-09-29T08:13:17.769+0000] {processor.py:840} INFO - DAG(s) 'example_branch_dop_operator_v3' retrieved from /home/airflow/.local/lib/python3.12/site-packages/airflow/example_dags/example_branch_python_dop_operator_3.py
[2024-09-29T08:13:17.787+0000] {logging_mixin.py:188} INFO - [2024-09-29T08:13:17.787+0000] {dag.py:3096} INFO - Sync 1 DAGs
[2024-09-29T08:13:17.810+0000] {logging_mixin.py:188} INFO - [2024-09-29T08:13:17.810+0000] {dag.py:3954} INFO - Setting next_dagrun for example_branch_dop_operator_v3 to 2024-09-29 08:12:00+00:00, run_after=2024-09-29 08:13:00+00:00
[2024-09-29T08:13:17.830+0000] {processor.py:183} INFO - Processing /home/airflow/.local/lib/python3.12/site-packages/airflow/example_dags/example_branch_python_dop_operator_3.py took 0.075 seconds
[2024-09-29T08:13:48.077+0000] {processor.py:161} INFO - Started process (PID=1320) to work on /home/airflow/.local/lib/python3.12/site-packages/airflow/example_dags/example_branch_python_dop_operator_3.py
[2024-09-29T08:13:48.078+0000] {processor.py:830} INFO - Processing file /home/airflow/.local/lib/python3.12/site-packages/airflow/example_dags/example_branch_python_dop_operator_3.py for tasks to queue
[2024-09-29T08:13:48.080+0000] {logging_mixin.py:188} INFO - [2024-09-29T08:13:48.079+0000] {dagbag.py:540} INFO - Filling up the DagBag from /home/airflow/.local/lib/python3.12/site-packages/airflow/example_dags/example_branch_python_dop_operator_3.py
[2024-09-29T08:13:48.087+0000] {processor.py:840} INFO - DAG(s) 'example_branch_dop_operator_v3' retrieved from /home/airflow/.local/lib/python3.12/site-packages/airflow/example_dags/example_branch_python_dop_operator_3.py
[2024-09-29T08:13:48.107+0000] {logging_mixin.py:188} INFO - [2024-09-29T08:13:48.107+0000] {dag.py:3096} INFO - Sync 1 DAGs
[2024-09-29T08:13:48.131+0000] {logging_mixin.py:188} INFO - [2024-09-29T08:13:48.130+0000] {dag.py:3954} INFO - Setting next_dagrun for example_branch_dop_operator_v3 to 2024-09-29 08:12:00+00:00, run_after=2024-09-29 08:13:00+00:00
[2024-09-29T08:13:48.150+0000] {processor.py:183} INFO - Processing /home/airflow/.local/lib/python3.12/site-packages/airflow/example_dags/example_branch_python_dop_operator_3.py took 0.077 seconds
[2024-09-29T08:14:18.442+0000] {processor.py:161} INFO - Started process (PID=1582) to work on /home/airflow/.local/lib/python3.12/site-packages/airflow/example_dags/example_branch_python_dop_operator_3.py
[2024-09-29T08:14:18.443+0000] {processor.py:830} INFO - Processing file /home/airflow/.local/lib/python3.12/site-packages/airflow/example_dags/example_branch_python_dop_operator_3.py for tasks to queue
[2024-09-29T08:14:18.444+0000] {logging_mixin.py:188} INFO - [2024-09-29T08:14:18.444+0000] {dagbag.py:540} INFO - Filling up the DagBag from /home/airflow/.local/lib/python3.12/site-packages/airflow/example_dags/example_branch_python_dop_operator_3.py
[2024-09-29T08:14:18.451+0000] {processor.py:840} INFO - DAG(s) 'example_branch_dop_operator_v3' retrieved from /home/airflow/.local/lib/python3.12/site-packages/airflow/example_dags/example_branch_python_dop_operator_3.py
[2024-09-29T08:14:18.467+0000] {logging_mixin.py:188} INFO - [2024-09-29T08:14:18.467+0000] {dag.py:3096} INFO - Sync 1 DAGs
[2024-09-29T08:14:18.490+0000] {logging_mixin.py:188} INFO - [2024-09-29T08:14:18.490+0000] {dag.py:3954} INFO - Setting next_dagrun for example_branch_dop_operator_v3 to 2024-09-29 08:13:00+00:00, run_after=2024-09-29 08:14:00+00:00
[2024-09-29T08:14:18.508+0000] {processor.py:183} INFO - Processing /home/airflow/.local/lib/python3.12/site-packages/airflow/example_dags/example_branch_python_dop_operator_3.py took 0.071 seconds
[2024-09-29T08:14:48.762+0000] {processor.py:161} INFO - Started process (PID=1844) to work on /home/airflow/.local/lib/python3.12/site-packages/airflow/example_dags/example_branch_python_dop_operator_3.py
[2024-09-29T08:14:48.763+0000] {processor.py:830} INFO - Processing file /home/airflow/.local/lib/python3.12/site-packages/airflow/example_dags/example_branch_python_dop_operator_3.py for tasks to queue
[2024-09-29T08:14:48.764+0000] {logging_mixin.py:188} INFO - [2024-09-29T08:14:48.764+0000] {dagbag.py:540} INFO - Filling up the DagBag from /home/airflow/.local/lib/python3.12/site-packages/airflow/example_dags/example_branch_python_dop_operator_3.py
[2024-09-29T08:14:48.771+0000] {processor.py:840} INFO - DAG(s) 'example_branch_dop_operator_v3' retrieved from /home/airflow/.local/lib/python3.12/site-packages/airflow/example_dags/example_branch_python_dop_operator_3.py
[2024-09-29T08:14:48.787+0000] {logging_mixin.py:188} INFO - [2024-09-29T08:14:48.787+0000] {dag.py:3096} INFO - Sync 1 DAGs
[2024-09-29T08:14:48.813+0000] {logging_mixin.py:188} INFO - [2024-09-29T08:14:48.812+0000] {dag.py:3954} INFO - Setting next_dagrun for example_branch_dop_operator_v3 to 2024-09-29 08:13:00+00:00, run_after=2024-09-29 08:14:00+00:00
[2024-09-29T08:14:48.837+0000] {processor.py:183} INFO - Processing /home/airflow/.local/lib/python3.12/site-packages/airflow/example_dags/example_branch_python_dop_operator_3.py took 0.080 seconds
[2024-09-29T08:15:19.164+0000] {processor.py:161} INFO - Started process (PID=2108) to work on /home/airflow/.local/lib/python3.12/site-packages/airflow/example_dags/example_branch_python_dop_operator_3.py
[2024-09-29T08:15:19.165+0000] {processor.py:830} INFO - Processing file /home/airflow/.local/lib/python3.12/site-packages/airflow/example_dags/example_branch_python_dop_operator_3.py for tasks to queue
[2024-09-29T08:15:19.166+0000] {logging_mixin.py:188} INFO - [2024-09-29T08:15:19.166+0000] {dagbag.py:540} INFO - Filling up the DagBag from /home/airflow/.local/lib/python3.12/site-packages/airflow/example_dags/example_branch_python_dop_operator_3.py
[2024-09-29T08:15:19.173+0000] {processor.py:840} INFO - DAG(s) 'example_branch_dop_operator_v3' retrieved from /home/airflow/.local/lib/python3.12/site-packages/airflow/example_dags/example_branch_python_dop_operator_3.py
[2024-09-29T08:15:19.191+0000] {logging_mixin.py:188} INFO - [2024-09-29T08:15:19.190+0000] {dag.py:3096} INFO - Sync 1 DAGs
[2024-09-29T08:15:19.225+0000] {logging_mixin.py:188} INFO - [2024-09-29T08:15:19.225+0000] {dag.py:3954} INFO - Setting next_dagrun for example_branch_dop_operator_v3 to 2024-09-29 08:14:00+00:00, run_after=2024-09-29 08:15:00+00:00
[2024-09-29T08:15:19.249+0000] {processor.py:183} INFO - Processing /home/airflow/.local/lib/python3.12/site-packages/airflow/example_dags/example_branch_python_dop_operator_3.py took 0.090 seconds
[2024-09-29T08:15:49.337+0000] {processor.py:161} INFO - Started process (PID=2370) to work on /home/airflow/.local/lib/python3.12/site-packages/airflow/example_dags/example_branch_python_dop_operator_3.py
[2024-09-29T08:15:49.338+0000] {processor.py:830} INFO - Processing file /home/airflow/.local/lib/python3.12/site-packages/airflow/example_dags/example_branch_python_dop_operator_3.py for tasks to queue
[2024-09-29T08:15:49.339+0000] {logging_mixin.py:188} INFO - [2024-09-29T08:15:49.339+0000] {dagbag.py:540} INFO - Filling up the DagBag from /home/airflow/.local/lib/python3.12/site-packages/airflow/example_dags/example_branch_python_dop_operator_3.py
[2024-09-29T08:15:49.346+0000] {processor.py:840} INFO - DAG(s) 'example_branch_dop_operator_v3' retrieved from /home/airflow/.local/lib/python3.12/site-packages/airflow/example_dags/example_branch_python_dop_operator_3.py
[2024-09-29T08:15:49.362+0000] {logging_mixin.py:188} INFO - [2024-09-29T08:15:49.362+0000] {dag.py:3096} INFO - Sync 1 DAGs
[2024-09-29T08:15:49.384+0000] {logging_mixin.py:188} INFO - [2024-09-29T08:15:49.383+0000] {dag.py:3954} INFO - Setting next_dagrun for example_branch_dop_operator_v3 to 2024-09-29 08:14:00+00:00, run_after=2024-09-29 08:15:00+00:00
[2024-09-29T08:15:49.406+0000] {processor.py:183} INFO - Processing /home/airflow/.local/lib/python3.12/site-packages/airflow/example_dags/example_branch_python_dop_operator_3.py took 0.074 seconds
[2024-09-29T08:16:19.521+0000] {processor.py:161} INFO - Started process (PID=2632) to work on /home/airflow/.local/lib/python3.12/site-packages/airflow/example_dags/example_branch_python_dop_operator_3.py
[2024-09-29T08:16:19.521+0000] {processor.py:830} INFO - Processing file /home/airflow/.local/lib/python3.12/site-packages/airflow/example_dags/example_branch_python_dop_operator_3.py for tasks to queue
[2024-09-29T08:16:19.523+0000] {logging_mixin.py:188} INFO - [2024-09-29T08:16:19.522+0000] {dagbag.py:540} INFO - Filling up the DagBag from /home/airflow/.local/lib/python3.12/site-packages/airflow/example_dags/example_branch_python_dop_operator_3.py
[2024-09-29T08:16:19.529+0000] {processor.py:840} INFO - DAG(s) 'example_branch_dop_operator_v3' retrieved from /home/airflow/.local/lib/python3.12/site-packages/airflow/example_dags/example_branch_python_dop_operator_3.py
[2024-09-29T08:16:19.546+0000] {logging_mixin.py:188} INFO - [2024-09-29T08:16:19.546+0000] {dag.py:3096} INFO - Sync 1 DAGs
[2024-09-29T08:16:19.570+0000] {logging_mixin.py:188} INFO - [2024-09-29T08:16:19.569+0000] {dag.py:3954} INFO - Setting next_dagrun for example_branch_dop_operator_v3 to 2024-09-29 08:15:00+00:00, run_after=2024-09-29 08:16:00+00:00
[2024-09-29T08:16:19.590+0000] {processor.py:183} INFO - Processing /home/airflow/.local/lib/python3.12/site-packages/airflow/example_dags/example_branch_python_dop_operator_3.py took 0.074 seconds
[2024-09-29T08:16:49.818+0000] {processor.py:161} INFO - Started process (PID=2892) to work on /home/airflow/.local/lib/python3.12/site-packages/airflow/example_dags/example_branch_python_dop_operator_3.py
[2024-09-29T08:16:49.819+0000] {processor.py:830} INFO - Processing file /home/airflow/.local/lib/python3.12/site-packages/airflow/example_dags/example_branch_python_dop_operator_3.py for tasks to queue
[2024-09-29T08:16:49.820+0000] {logging_mixin.py:188} INFO - [2024-09-29T08:16:49.820+0000] {dagbag.py:540} INFO - Filling up the DagBag from /home/airflow/.local/lib/python3.12/site-packages/airflow/example_dags/example_branch_python_dop_operator_3.py
[2024-09-29T08:16:49.830+0000] {processor.py:840} INFO - DAG(s) 'example_branch_dop_operator_v3' retrieved from /home/airflow/.local/lib/python3.12/site-packages/airflow/example_dags/example_branch_python_dop_operator_3.py
[2024-09-29T08:16:49.849+0000] {logging_mixin.py:188} INFO - [2024-09-29T08:16:49.848+0000] {dag.py:3096} INFO - Sync 1 DAGs
[2024-09-29T08:16:49.870+0000] {logging_mixin.py:188} INFO - [2024-09-29T08:16:49.870+0000] {dag.py:3954} INFO - Setting next_dagrun for example_branch_dop_operator_v3 to 2024-09-29 08:15:00+00:00, run_after=2024-09-29 08:16:00+00:00
[2024-09-29T08:16:49.891+0000] {processor.py:183} INFO - Processing /home/airflow/.local/lib/python3.12/site-packages/airflow/example_dags/example_branch_python_dop_operator_3.py took 0.078 seconds
[2024-09-29T08:17:20.164+0000] {processor.py:161} INFO - Started process (PID=3154) to work on /home/airflow/.local/lib/python3.12/site-packages/airflow/example_dags/example_branch_python_dop_operator_3.py
[2024-09-29T08:17:20.165+0000] {processor.py:830} INFO - Processing file /home/airflow/.local/lib/python3.12/site-packages/airflow/example_dags/example_branch_python_dop_operator_3.py for tasks to queue
[2024-09-29T08:17:20.167+0000] {logging_mixin.py:188} INFO - [2024-09-29T08:17:20.166+0000] {dagbag.py:540} INFO - Filling up the DagBag from /home/airflow/.local/lib/python3.12/site-packages/airflow/example_dags/example_branch_python_dop_operator_3.py
[2024-09-29T08:17:20.176+0000] {processor.py:840} INFO - DAG(s) 'example_branch_dop_operator_v3' retrieved from /home/airflow/.local/lib/python3.12/site-packages/airflow/example_dags/example_branch_python_dop_operator_3.py
[2024-09-29T08:17:20.195+0000] {logging_mixin.py:188} INFO - [2024-09-29T08:17:20.195+0000] {dag.py:3096} INFO - Sync 1 DAGs
[2024-09-29T08:17:20.217+0000] {logging_mixin.py:188} INFO - [2024-09-29T08:17:20.217+0000] {dag.py:3954} INFO - Setting next_dagrun for example_branch_dop_operator_v3 to 2024-09-29 08:16:00+00:00, run_after=2024-09-29 08:17:00+00:00
[2024-09-29T08:17:20.235+0000] {processor.py:183} INFO - Processing /home/airflow/.local/lib/python3.12/site-packages/airflow/example_dags/example_branch_python_dop_operator_3.py took 0.078 seconds
[2024-09-29T08:17:50.384+0000] {processor.py:161} INFO - Started process (PID=3416) to work on /home/airflow/.local/lib/python3.12/site-packages/airflow/example_dags/example_branch_python_dop_operator_3.py
[2024-09-29T08:17:50.385+0000] {processor.py:830} INFO - Processing file /home/airflow/.local/lib/python3.12/site-packages/airflow/example_dags/example_branch_python_dop_operator_3.py for tasks to queue
[2024-09-29T08:17:50.386+0000] {logging_mixin.py:188} INFO - [2024-09-29T08:17:50.386+0000] {dagbag.py:540} INFO - Filling up the DagBag from /home/airflow/.local/lib/python3.12/site-packages/airflow/example_dags/example_branch_python_dop_operator_3.py
[2024-09-29T08:17:50.393+0000] {processor.py:840} INFO - DAG(s) 'example_branch_dop_operator_v3' retrieved from /home/airflow/.local/lib/python3.12/site-packages/airflow/example_dags/example_branch_python_dop_operator_3.py
[2024-09-29T08:17:50.411+0000] {logging_mixin.py:188} INFO - [2024-09-29T08:17:50.411+0000] {dag.py:3096} INFO - Sync 1 DAGs
[2024-09-29T08:17:50.432+0000] {logging_mixin.py:188} INFO - [2024-09-29T08:17:50.432+0000] {dag.py:3954} INFO - Setting next_dagrun for example_branch_dop_operator_v3 to 2024-09-29 08:16:00+00:00, run_after=2024-09-29 08:17:00+00:00
[2024-09-29T08:17:50.450+0000] {processor.py:183} INFO - Processing /home/airflow/.local/lib/python3.12/site-packages/airflow/example_dags/example_branch_python_dop_operator_3.py took 0.071 seconds
[2024-09-29T08:18:20.561+0000] {processor.py:161} INFO - Started process (PID=3678) to work on /home/airflow/.local/lib/python3.12/site-packages/airflow/example_dags/example_branch_python_dop_operator_3.py
[2024-09-29T08:18:20.561+0000] {processor.py:830} INFO - Processing file /home/airflow/.local/lib/python3.12/site-packages/airflow/example_dags/example_branch_python_dop_operator_3.py for tasks to queue
[2024-09-29T08:18:20.562+0000] {logging_mixin.py:188} INFO - [2024-09-29T08:18:20.562+0000] {dagbag.py:540} INFO - Filling up the DagBag from /home/airflow/.local/lib/python3.12/site-packages/airflow/example_dags/example_branch_python_dop_operator_3.py
[2024-09-29T08:18:20.569+0000] {processor.py:840} INFO - DAG(s) 'example_branch_dop_operator_v3' retrieved from /home/airflow/.local/lib/python3.12/site-packages/airflow/example_dags/example_branch_python_dop_operator_3.py
[2024-09-29T08:18:20.587+0000] {logging_mixin.py:188} INFO - [2024-09-29T08:18:20.586+0000] {dag.py:3096} INFO - Sync 1 DAGs
[2024-09-29T08:18:20.608+0000] {logging_mixin.py:188} INFO - [2024-09-29T08:18:20.608+0000] {dag.py:3954} INFO - Setting next_dagrun for example_branch_dop_operator_v3 to 2024-09-29 08:17:00+00:00, run_after=2024-09-29 08:18:00+00:00
[2024-09-29T08:18:20.626+0000] {processor.py:183} INFO - Processing /home/airflow/.local/lib/python3.12/site-packages/airflow/example_dags/example_branch_python_dop_operator_3.py took 0.070 seconds
[2024-09-29T08:18:50.766+0000] {processor.py:161} INFO - Started process (PID=3940) to work on /home/airflow/.local/lib/python3.12/site-packages/airflow/example_dags/example_branch_python_dop_operator_3.py
[2024-09-29T08:18:50.766+0000] {processor.py:830} INFO - Processing file /home/airflow/.local/lib/python3.12/site-packages/airflow/example_dags/example_branch_python_dop_operator_3.py for tasks to queue
[2024-09-29T08:18:50.767+0000] {logging_mixin.py:188} INFO - [2024-09-29T08:18:50.767+0000] {dagbag.py:540} INFO - Filling up the DagBag from /home/airflow/.local/lib/python3.12/site-packages/airflow/example_dags/example_branch_python_dop_operator_3.py
[2024-09-29T08:18:50.774+0000] {processor.py:840} INFO - DAG(s) 'example_branch_dop_operator_v3' retrieved from /home/airflow/.local/lib/python3.12/site-packages/airflow/example_dags/example_branch_python_dop_operator_3.py
[2024-09-29T08:18:50.793+0000] {logging_mixin.py:188} INFO - [2024-09-29T08:18:50.792+0000] {dag.py:3096} INFO - Sync 1 DAGs
[2024-09-29T08:18:50.813+0000] {logging_mixin.py:188} INFO - [2024-09-29T08:18:50.813+0000] {dag.py:3954} INFO - Setting next_dagrun for example_branch_dop_operator_v3 to 2024-09-29 08:17:00+00:00, run_after=2024-09-29 08:18:00+00:00
[2024-09-29T08:18:50.833+0000] {processor.py:183} INFO - Processing /home/airflow/.local/lib/python3.12/site-packages/airflow/example_dags/example_branch_python_dop_operator_3.py took 0.072 seconds
[2024-09-29T08:19:21.099+0000] {processor.py:161} INFO - Started process (PID=4202) to work on /home/airflow/.local/lib/python3.12/site-packages/airflow/example_dags/example_branch_python_dop_operator_3.py
[2024-09-29T08:19:21.100+0000] {processor.py:830} INFO - Processing file /home/airflow/.local/lib/python3.12/site-packages/airflow/example_dags/example_branch_python_dop_operator_3.py for tasks to queue
[2024-09-29T08:19:21.101+0000] {logging_mixin.py:188} INFO - [2024-09-29T08:19:21.101+0000] {dagbag.py:540} INFO - Filling up the DagBag from /home/airflow/.local/lib/python3.12/site-packages/airflow/example_dags/example_branch_python_dop_operator_3.py
[2024-09-29T08:19:21.108+0000] {processor.py:840} INFO - DAG(s) 'example_branch_dop_operator_v3' retrieved from /home/airflow/.local/lib/python3.12/site-packages/airflow/example_dags/example_branch_python_dop_operator_3.py
[2024-09-29T08:19:21.124+0000] {logging_mixin.py:188} INFO - [2024-09-29T08:19:21.124+0000] {dag.py:3096} INFO - Sync 1 DAGs
[2024-09-29T08:19:21.145+0000] {logging_mixin.py:188} INFO - [2024-09-29T08:19:21.145+0000] {dag.py:3954} INFO - Setting next_dagrun for example_branch_dop_operator_v3 to 2024-09-29 08:18:00+00:00, run_after=2024-09-29 08:19:00+00:00
[2024-09-29T08:19:21.164+0000] {processor.py:183} INFO - Processing /home/airflow/.local/lib/python3.12/site-packages/airflow/example_dags/example_branch_python_dop_operator_3.py took 0.069 seconds
[2024-09-29T08:19:51.336+0000] {processor.py:161} INFO - Started process (PID=4464) to work on /home/airflow/.local/lib/python3.12/site-packages/airflow/example_dags/example_branch_python_dop_operator_3.py
[2024-09-29T08:19:51.337+0000] {processor.py:830} INFO - Processing file /home/airflow/.local/lib/python3.12/site-packages/airflow/example_dags/example_branch_python_dop_operator_3.py for tasks to queue
[2024-09-29T08:19:51.339+0000] {logging_mixin.py:188} INFO - [2024-09-29T08:19:51.338+0000] {dagbag.py:540} INFO - Filling up the DagBag from /home/airflow/.local/lib/python3.12/site-packages/airflow/example_dags/example_branch_python_dop_operator_3.py
[2024-09-29T08:19:51.346+0000] {processor.py:840} INFO - DAG(s) 'example_branch_dop_operator_v3' retrieved from /home/airflow/.local/lib/python3.12/site-packages/airflow/example_dags/example_branch_python_dop_operator_3.py
[2024-09-29T08:19:51.364+0000] {logging_mixin.py:188} INFO - [2024-09-29T08:19:51.363+0000] {dag.py:3096} INFO - Sync 1 DAGs
[2024-09-29T08:19:51.385+0000] {logging_mixin.py:188} INFO - [2024-09-29T08:19:51.384+0000] {dag.py:3954} INFO - Setting next_dagrun for example_branch_dop_operator_v3 to 2024-09-29 08:18:00+00:00, run_after=2024-09-29 08:19:00+00:00
[2024-09-29T08:19:51.403+0000] {processor.py:183} INFO - Processing /home/airflow/.local/lib/python3.12/site-packages/airflow/example_dags/example_branch_python_dop_operator_3.py took 0.073 seconds
[2024-09-29T08:20:21.494+0000] {processor.py:161} INFO - Started process (PID=4726) to work on /home/airflow/.local/lib/python3.12/site-packages/airflow/example_dags/example_branch_python_dop_operator_3.py
[2024-09-29T08:20:21.495+0000] {processor.py:830} INFO - Processing file /home/airflow/.local/lib/python3.12/site-packages/airflow/example_dags/example_branch_python_dop_operator_3.py for tasks to queue
[2024-09-29T08:20:21.496+0000] {logging_mixin.py:188} INFO - [2024-09-29T08:20:21.496+0000] {dagbag.py:540} INFO - Filling up the DagBag from /home/airflow/.local/lib/python3.12/site-packages/airflow/example_dags/example_branch_python_dop_operator_3.py
[2024-09-29T08:20:21.507+0000] {processor.py:840} INFO - DAG(s) 'example_branch_dop_operator_v3' retrieved from /home/airflow/.local/lib/python3.12/site-packages/airflow/example_dags/example_branch_python_dop_operator_3.py
[2024-09-29T08:20:21.529+0000] {logging_mixin.py:188} INFO - [2024-09-29T08:20:21.528+0000] {dag.py:3096} INFO - Sync 1 DAGs
[2024-09-29T08:20:21.553+0000] {logging_mixin.py:188} INFO - [2024-09-29T08:20:21.552+0000] {dag.py:3954} INFO - Setting next_dagrun for example_branch_dop_operator_v3 to 2024-09-29 08:19:00+00:00, run_after=2024-09-29 08:20:00+00:00
[2024-09-29T08:20:21.580+0000] {processor.py:183} INFO - Processing /home/airflow/.local/lib/python3.12/site-packages/airflow/example_dags/example_branch_python_dop_operator_3.py took 0.091 seconds
[2024-09-29T08:20:51.807+0000] {processor.py:161} INFO - Started process (PID=4988) to work on /home/airflow/.local/lib/python3.12/site-packages/airflow/example_dags/example_branch_python_dop_operator_3.py
[2024-09-29T08:20:51.807+0000] {processor.py:830} INFO - Processing file /home/airflow/.local/lib/python3.12/site-packages/airflow/example_dags/example_branch_python_dop_operator_3.py for tasks to queue
[2024-09-29T08:20:51.809+0000] {logging_mixin.py:188} INFO - [2024-09-29T08:20:51.808+0000] {dagbag.py:540} INFO - Filling up the DagBag from /home/airflow/.local/lib/python3.12/site-packages/airflow/example_dags/example_branch_python_dop_operator_3.py
[2024-09-29T08:20:51.816+0000] {processor.py:840} INFO - DAG(s) 'example_branch_dop_operator_v3' retrieved from /home/airflow/.local/lib/python3.12/site-packages/airflow/example_dags/example_branch_python_dop_operator_3.py
[2024-09-29T08:20:51.832+0000] {logging_mixin.py:188} INFO - [2024-09-29T08:20:51.831+0000] {dag.py:3096} INFO - Sync 1 DAGs
[2024-09-29T08:20:51.853+0000] {logging_mixin.py:188} INFO - [2024-09-29T08:20:51.852+0000] {dag.py:3954} INFO - Setting next_dagrun for example_branch_dop_operator_v3 to 2024-09-29 08:19:00+00:00, run_after=2024-09-29 08:20:00+00:00
[2024-09-29T08:20:51.871+0000] {processor.py:183} INFO - Processing /home/airflow/.local/lib/python3.12/site-packages/airflow/example_dags/example_branch_python_dop_operator_3.py took 0.069 seconds
[2024-09-29T08:21:22.133+0000] {processor.py:161} INFO - Started process (PID=5250) to work on /home/airflow/.local/lib/python3.12/site-packages/airflow/example_dags/example_branch_python_dop_operator_3.py
[2024-09-29T08:21:22.134+0000] {processor.py:830} INFO - Processing file /home/airflow/.local/lib/python3.12/site-packages/airflow/example_dags/example_branch_python_dop_operator_3.py for tasks to queue
[2024-09-29T08:21:22.136+0000] {logging_mixin.py:188} INFO - [2024-09-29T08:21:22.136+0000] {dagbag.py:540} INFO - Filling up the DagBag from /home/airflow/.local/lib/python3.12/site-packages/airflow/example_dags/example_branch_python_dop_operator_3.py
[2024-09-29T08:21:22.146+0000] {processor.py:840} INFO - DAG(s) 'example_branch_dop_operator_v3' retrieved from /home/airflow/.local/lib/python3.12/site-packages/airflow/example_dags/example_branch_python_dop_operator_3.py
[2024-09-29T08:21:22.164+0000] {logging_mixin.py:188} INFO - [2024-09-29T08:21:22.164+0000] {dag.py:3096} INFO - Sync 1 DAGs
[2024-09-29T08:21:22.185+0000] {logging_mixin.py:188} INFO - [2024-09-29T08:21:22.184+0000] {dag.py:3954} INFO - Setting next_dagrun for example_branch_dop_operator_v3 to 2024-09-29 08:20:00+00:00, run_after=2024-09-29 08:21:00+00:00
[2024-09-29T08:21:22.204+0000] {processor.py:183} INFO - Processing /home/airflow/.local/lib/python3.12/site-packages/airflow/example_dags/example_branch_python_dop_operator_3.py took 0.077 seconds
[2024-09-29T08:21:52.532+0000] {processor.py:161} INFO - Started process (PID=5512) to work on /home/airflow/.local/lib/python3.12/site-packages/airflow/example_dags/example_branch_python_dop_operator_3.py
[2024-09-29T08:21:52.533+0000] {processor.py:830} INFO - Processing file /home/airflow/.local/lib/python3.12/site-packages/airflow/example_dags/example_branch_python_dop_operator_3.py for tasks to queue
[2024-09-29T08:21:52.535+0000] {logging_mixin.py:188} INFO - [2024-09-29T08:21:52.534+0000] {dagbag.py:540} INFO - Filling up the DagBag from /home/airflow/.local/lib/python3.12/site-packages/airflow/example_dags/example_branch_python_dop_operator_3.py
[2024-09-29T08:21:52.543+0000] {processor.py:840} INFO - DAG(s) 'example_branch_dop_operator_v3' retrieved from /home/airflow/.local/lib/python3.12/site-packages/airflow/example_dags/example_branch_python_dop_operator_3.py
[2024-09-29T08:21:52.560+0000] {logging_mixin.py:188} INFO - [2024-09-29T08:21:52.560+0000] {dag.py:3096} INFO - Sync 1 DAGs
[2024-09-29T08:21:52.580+0000] {logging_mixin.py:188} INFO - [2024-09-29T08:21:52.580+0000] {dag.py:3954} INFO - Setting next_dagrun for example_branch_dop_operator_v3 to 2024-09-29 08:20:00+00:00, run_after=2024-09-29 08:21:00+00:00
[2024-09-29T08:21:52.598+0000] {processor.py:183} INFO - Processing /home/airflow/.local/lib/python3.12/site-packages/airflow/example_dags/example_branch_python_dop_operator_3.py took 0.072 seconds
[2024-09-29T08:22:23.005+0000] {processor.py:161} INFO - Started process (PID=5774) to work on /home/airflow/.local/lib/python3.12/site-packages/airflow/example_dags/example_branch_python_dop_operator_3.py
[2024-09-29T08:22:23.006+0000] {processor.py:830} INFO - Processing file /home/airflow/.local/lib/python3.12/site-packages/airflow/example_dags/example_branch_python_dop_operator_3.py for tasks to queue
[2024-09-29T08:22:23.008+0000] {logging_mixin.py:188} INFO - [2024-09-29T08:22:23.008+0000] {dagbag.py:540} INFO - Filling up the DagBag from /home/airflow/.local/lib/python3.12/site-packages/airflow/example_dags/example_branch_python_dop_operator_3.py
[2024-09-29T08:22:23.018+0000] {processor.py:840} INFO - DAG(s) 'example_branch_dop_operator_v3' retrieved from /home/airflow/.local/lib/python3.12/site-packages/airflow/example_dags/example_branch_python_dop_operator_3.py
[2024-09-29T08:22:23.036+0000] {logging_mixin.py:188} INFO - [2024-09-29T08:22:23.035+0000] {dag.py:3096} INFO - Sync 1 DAGs
[2024-09-29T08:22:23.061+0000] {logging_mixin.py:188} INFO - [2024-09-29T08:22:23.060+0000] {dag.py:3954} INFO - Setting next_dagrun for example_branch_dop_operator_v3 to 2024-09-29 08:21:00+00:00, run_after=2024-09-29 08:22:00+00:00
[2024-09-29T08:22:23.079+0000] {processor.py:183} INFO - Processing /home/airflow/.local/lib/python3.12/site-packages/airflow/example_dags/example_branch_python_dop_operator_3.py took 0.080 seconds
[2024-09-29T08:22:53.405+0000] {processor.py:161} INFO - Started process (PID=6036) to work on /home/airflow/.local/lib/python3.12/site-packages/airflow/example_dags/example_branch_python_dop_operator_3.py
[2024-09-29T08:22:53.406+0000] {processor.py:830} INFO - Processing file /home/airflow/.local/lib/python3.12/site-packages/airflow/example_dags/example_branch_python_dop_operator_3.py for tasks to queue
[2024-09-29T08:22:53.407+0000] {logging_mixin.py:188} INFO - [2024-09-29T08:22:53.407+0000] {dagbag.py:540} INFO - Filling up the DagBag from /home/airflow/.local/lib/python3.12/site-packages/airflow/example_dags/example_branch_python_dop_operator_3.py
[2024-09-29T08:22:53.414+0000] {processor.py:840} INFO - DAG(s) 'example_branch_dop_operator_v3' retrieved from /home/airflow/.local/lib/python3.12/site-packages/airflow/example_dags/example_branch_python_dop_operator_3.py
[2024-09-29T08:22:53.430+0000] {logging_mixin.py:188} INFO - [2024-09-29T08:22:53.429+0000] {dag.py:3096} INFO - Sync 1 DAGs
[2024-09-29T08:22:53.450+0000] {logging_mixin.py:188} INFO - [2024-09-29T08:22:53.450+0000] {dag.py:3954} INFO - Setting next_dagrun for example_branch_dop_operator_v3 to 2024-09-29 08:21:00+00:00, run_after=2024-09-29 08:22:00+00:00
[2024-09-29T08:22:53.470+0000] {processor.py:183} INFO - Processing /home/airflow/.local/lib/python3.12/site-packages/airflow/example_dags/example_branch_python_dop_operator_3.py took 0.069 seconds
[2024-09-29T08:23:23.891+0000] {processor.py:161} INFO - Started process (PID=6298) to work on /home/airflow/.local/lib/python3.12/site-packages/airflow/example_dags/example_branch_python_dop_operator_3.py
[2024-09-29T08:23:23.892+0000] {processor.py:830} INFO - Processing file /home/airflow/.local/lib/python3.12/site-packages/airflow/example_dags/example_branch_python_dop_operator_3.py for tasks to queue
[2024-09-29T08:23:23.893+0000] {logging_mixin.py:188} INFO - [2024-09-29T08:23:23.893+0000] {dagbag.py:540} INFO - Filling up the DagBag from /home/airflow/.local/lib/python3.12/site-packages/airflow/example_dags/example_branch_python_dop_operator_3.py
[2024-09-29T08:23:23.900+0000] {processor.py:840} INFO - DAG(s) 'example_branch_dop_operator_v3' retrieved from /home/airflow/.local/lib/python3.12/site-packages/airflow/example_dags/example_branch_python_dop_operator_3.py
[2024-09-29T08:23:23.917+0000] {logging_mixin.py:188} INFO - [2024-09-29T08:23:23.916+0000] {dag.py:3096} INFO - Sync 1 DAGs
[2024-09-29T08:23:23.945+0000] {logging_mixin.py:188} INFO - [2024-09-29T08:23:23.945+0000] {dag.py:3954} INFO - Setting next_dagrun for example_branch_dop_operator_v3 to 2024-09-29 08:22:00+00:00, run_after=2024-09-29 08:23:00+00:00
[2024-09-29T08:23:23.965+0000] {processor.py:183} INFO - Processing /home/airflow/.local/lib/python3.12/site-packages/airflow/example_dags/example_branch_python_dop_operator_3.py took 0.079 seconds
[2024-09-29T08:23:54.874+0000] {processor.py:161} INFO - Started process (PID=6560) to work on /home/airflow/.local/lib/python3.12/site-packages/airflow/example_dags/example_branch_python_dop_operator_3.py
[2024-09-29T08:23:54.875+0000] {processor.py:830} INFO - Processing file /home/airflow/.local/lib/python3.12/site-packages/airflow/example_dags/example_branch_python_dop_operator_3.py for tasks to queue
[2024-09-29T08:23:54.876+0000] {logging_mixin.py:188} INFO - [2024-09-29T08:23:54.876+0000] {dagbag.py:540} INFO - Filling up the DagBag from /home/airflow/.local/lib/python3.12/site-packages/airflow/example_dags/example_branch_python_dop_operator_3.py
[2024-09-29T08:23:54.884+0000] {processor.py:840} INFO - DAG(s) 'example_branch_dop_operator_v3' retrieved from /home/airflow/.local/lib/python3.12/site-packages/airflow/example_dags/example_branch_python_dop_operator_3.py
[2024-09-29T08:23:54.902+0000] {logging_mixin.py:188} INFO - [2024-09-29T08:23:54.901+0000] {dag.py:3096} INFO - Sync 1 DAGs
[2024-09-29T08:23:54.922+0000] {logging_mixin.py:188} INFO - [2024-09-29T08:23:54.922+0000] {dag.py:3954} INFO - Setting next_dagrun for example_branch_dop_operator_v3 to 2024-09-29 08:22:00+00:00, run_after=2024-09-29 08:23:00+00:00
[2024-09-29T08:23:54.941+0000] {processor.py:183} INFO - Processing /home/airflow/.local/lib/python3.12/site-packages/airflow/example_dags/example_branch_python_dop_operator_3.py took 0.071 seconds
[2024-09-29T08:24:25.247+0000] {processor.py:161} INFO - Started process (PID=6822) to work on /home/airflow/.local/lib/python3.12/site-packages/airflow/example_dags/example_branch_python_dop_operator_3.py
[2024-09-29T08:24:25.248+0000] {processor.py:830} INFO - Processing file /home/airflow/.local/lib/python3.12/site-packages/airflow/example_dags/example_branch_python_dop_operator_3.py for tasks to queue
[2024-09-29T08:24:25.249+0000] {logging_mixin.py:188} INFO - [2024-09-29T08:24:25.249+0000] {dagbag.py:540} INFO - Filling up the DagBag from /home/airflow/.local/lib/python3.12/site-packages/airflow/example_dags/example_branch_python_dop_operator_3.py
[2024-09-29T08:24:25.257+0000] {processor.py:840} INFO - DAG(s) 'example_branch_dop_operator_v3' retrieved from /home/airflow/.local/lib/python3.12/site-packages/airflow/example_dags/example_branch_python_dop_operator_3.py
[2024-09-29T08:24:25.275+0000] {logging_mixin.py:188} INFO - [2024-09-29T08:24:25.275+0000] {dag.py:3096} INFO - Sync 1 DAGs
[2024-09-29T08:24:25.296+0000] {logging_mixin.py:188} INFO - [2024-09-29T08:24:25.296+0000] {dag.py:3954} INFO - Setting next_dagrun for example_branch_dop_operator_v3 to 2024-09-29 08:23:00+00:00, run_after=2024-09-29 08:24:00+00:00
[2024-09-29T08:24:25.314+0000] {processor.py:183} INFO - Processing /home/airflow/.local/lib/python3.12/site-packages/airflow/example_dags/example_branch_python_dop_operator_3.py took 0.072 seconds
[2024-09-29T08:24:55.979+0000] {processor.py:161} INFO - Started process (PID=7084) to work on /home/airflow/.local/lib/python3.12/site-packages/airflow/example_dags/example_branch_python_dop_operator_3.py
[2024-09-29T08:24:55.980+0000] {processor.py:830} INFO - Processing file /home/airflow/.local/lib/python3.12/site-packages/airflow/example_dags/example_branch_python_dop_operator_3.py for tasks to queue
[2024-09-29T08:24:55.981+0000] {logging_mixin.py:188} INFO - [2024-09-29T08:24:55.981+0000] {dagbag.py:540} INFO - Filling up the DagBag from /home/airflow/.local/lib/python3.12/site-packages/airflow/example_dags/example_branch_python_dop_operator_3.py
[2024-09-29T08:24:55.988+0000] {processor.py:840} INFO - DAG(s) 'example_branch_dop_operator_v3' retrieved from /home/airflow/.local/lib/python3.12/site-packages/airflow/example_dags/example_branch_python_dop_operator_3.py
[2024-09-29T08:24:56.006+0000] {logging_mixin.py:188} INFO - [2024-09-29T08:24:56.006+0000] {dag.py:3096} INFO - Sync 1 DAGs
[2024-09-29T08:24:56.027+0000] {logging_mixin.py:188} INFO - [2024-09-29T08:24:56.026+0000] {dag.py:3954} INFO - Setting next_dagrun for example_branch_dop_operator_v3 to 2024-09-29 08:23:00+00:00, run_after=2024-09-29 08:24:00+00:00
[2024-09-29T08:24:56.044+0000] {processor.py:183} INFO - Processing /home/airflow/.local/lib/python3.12/site-packages/airflow/example_dags/example_branch_python_dop_operator_3.py took 0.070 seconds
