[2024-09-29T08:11:44.586+0000] {processor.py:161} INFO - Started process (PID=206) to work on /home/airflow/.local/lib/python3.12/site-packages/airflow/example_dags/tutorial.py
[2024-09-29T08:11:44.586+0000] {processor.py:830} INFO - Processing file /home/airflow/.local/lib/python3.12/site-packages/airflow/example_dags/tutorial.py for tasks to queue
[2024-09-29T08:11:44.588+0000] {logging_mixin.py:188} INFO - [2024-09-29T08:11:44.587+0000] {dagbag.py:540} INFO - Filling up the DagBag from /home/airflow/.local/lib/python3.12/site-packages/airflow/example_dags/tutorial.py
[2024-09-29T08:11:44.595+0000] {processor.py:840} INFO - DAG(s) 'tutorial' retrieved from /home/airflow/.local/lib/python3.12/site-packages/airflow/example_dags/tutorial.py
[2024-09-29T08:11:44.751+0000] {logging_mixin.py:188} INFO - [2024-09-29T08:11:44.750+0000] {override.py:1829} INFO - Created Permission View: can read on DAG:tutorial
[2024-09-29T08:11:44.767+0000] {logging_mixin.py:188} INFO - [2024-09-29T08:11:44.766+0000] {override.py:1829} INFO - Created Permission View: can delete on DAG:tutorial
[2024-09-29T08:11:44.779+0000] {logging_mixin.py:188} INFO - [2024-09-29T08:11:44.778+0000] {override.py:1829} INFO - Created Permission View: can edit on DAG:tutorial
[2024-09-29T08:11:44.780+0000] {logging_mixin.py:188} INFO - [2024-09-29T08:11:44.779+0000] {dag.py:3096} INFO - Sync 1 DAGs
[2024-09-29T08:11:44.794+0000] {logging_mixin.py:188} INFO - [2024-09-29T08:11:44.794+0000] {dag.py:3118} INFO - Creating ORM DAG for tutorial
[2024-09-29T08:11:44.806+0000] {logging_mixin.py:188} INFO - [2024-09-29T08:11:44.806+0000] {dag.py:3954} INFO - Setting next_dagrun for tutorial to 2024-09-28 00:00:00+00:00, run_after=2024-09-29 00:00:00+00:00
[2024-09-29T08:11:44.829+0000] {processor.py:183} INFO - Processing /home/airflow/.local/lib/python3.12/site-packages/airflow/example_dags/tutorial.py took 0.248 seconds
[2024-09-29T08:12:15.204+0000] {processor.py:161} INFO - Started process (PID=468) to work on /home/airflow/.local/lib/python3.12/site-packages/airflow/example_dags/tutorial.py
[2024-09-29T08:12:15.204+0000] {processor.py:830} INFO - Processing file /home/airflow/.local/lib/python3.12/site-packages/airflow/example_dags/tutorial.py for tasks to queue
[2024-09-29T08:12:15.206+0000] {logging_mixin.py:188} INFO - [2024-09-29T08:12:15.205+0000] {dagbag.py:540} INFO - Filling up the DagBag from /home/airflow/.local/lib/python3.12/site-packages/airflow/example_dags/tutorial.py
[2024-09-29T08:12:15.211+0000] {processor.py:840} INFO - DAG(s) 'tutorial' retrieved from /home/airflow/.local/lib/python3.12/site-packages/airflow/example_dags/tutorial.py
[2024-09-29T08:12:15.228+0000] {logging_mixin.py:188} INFO - [2024-09-29T08:12:15.228+0000] {dag.py:3096} INFO - Sync 1 DAGs
[2024-09-29T08:12:15.247+0000] {logging_mixin.py:188} INFO - [2024-09-29T08:12:15.247+0000] {dag.py:3954} INFO - Setting next_dagrun for tutorial to 2024-09-28 00:00:00+00:00, run_after=2024-09-29 00:00:00+00:00
[2024-09-29T08:12:15.267+0000] {processor.py:183} INFO - Processing /home/airflow/.local/lib/python3.12/site-packages/airflow/example_dags/tutorial.py took 0.068 seconds
[2024-09-29T08:12:45.527+0000] {processor.py:161} INFO - Started process (PID=733) to work on /home/airflow/.local/lib/python3.12/site-packages/airflow/example_dags/tutorial.py
[2024-09-29T08:12:45.528+0000] {processor.py:830} INFO - Processing file /home/airflow/.local/lib/python3.12/site-packages/airflow/example_dags/tutorial.py for tasks to queue
[2024-09-29T08:12:45.529+0000] {logging_mixin.py:188} INFO - [2024-09-29T08:12:45.529+0000] {dagbag.py:540} INFO - Filling up the DagBag from /home/airflow/.local/lib/python3.12/site-packages/airflow/example_dags/tutorial.py
[2024-09-29T08:12:45.535+0000] {processor.py:840} INFO - DAG(s) 'tutorial' retrieved from /home/airflow/.local/lib/python3.12/site-packages/airflow/example_dags/tutorial.py
[2024-09-29T08:12:45.556+0000] {logging_mixin.py:188} INFO - [2024-09-29T08:12:45.556+0000] {dag.py:3096} INFO - Sync 1 DAGs
[2024-09-29T08:12:45.576+0000] {logging_mixin.py:188} INFO - [2024-09-29T08:12:45.576+0000] {dag.py:3954} INFO - Setting next_dagrun for tutorial to 2024-09-28 00:00:00+00:00, run_after=2024-09-29 00:00:00+00:00
[2024-09-29T08:12:45.597+0000] {processor.py:183} INFO - Processing /home/airflow/.local/lib/python3.12/site-packages/airflow/example_dags/tutorial.py took 0.075 seconds
[2024-09-29T08:13:16.027+0000] {processor.py:161} INFO - Started process (PID=1000) to work on /home/airflow/.local/lib/python3.12/site-packages/airflow/example_dags/tutorial.py
[2024-09-29T08:13:16.028+0000] {processor.py:830} INFO - Processing file /home/airflow/.local/lib/python3.12/site-packages/airflow/example_dags/tutorial.py for tasks to queue
[2024-09-29T08:13:16.029+0000] {logging_mixin.py:188} INFO - [2024-09-29T08:13:16.029+0000] {dagbag.py:540} INFO - Filling up the DagBag from /home/airflow/.local/lib/python3.12/site-packages/airflow/example_dags/tutorial.py
[2024-09-29T08:13:16.034+0000] {processor.py:840} INFO - DAG(s) 'tutorial' retrieved from /home/airflow/.local/lib/python3.12/site-packages/airflow/example_dags/tutorial.py
[2024-09-29T08:13:16.051+0000] {logging_mixin.py:188} INFO - [2024-09-29T08:13:16.051+0000] {dag.py:3096} INFO - Sync 1 DAGs
[2024-09-29T08:13:16.070+0000] {logging_mixin.py:188} INFO - [2024-09-29T08:13:16.070+0000] {dag.py:3954} INFO - Setting next_dagrun for tutorial to 2024-09-28 00:00:00+00:00, run_after=2024-09-29 00:00:00+00:00
[2024-09-29T08:13:16.089+0000] {processor.py:183} INFO - Processing /home/airflow/.local/lib/python3.12/site-packages/airflow/example_dags/tutorial.py took 0.067 seconds
[2024-09-29T08:13:46.374+0000] {processor.py:161} INFO - Started process (PID=1260) to work on /home/airflow/.local/lib/python3.12/site-packages/airflow/example_dags/tutorial.py
[2024-09-29T08:13:46.375+0000] {processor.py:830} INFO - Processing file /home/airflow/.local/lib/python3.12/site-packages/airflow/example_dags/tutorial.py for tasks to queue
[2024-09-29T08:13:46.376+0000] {logging_mixin.py:188} INFO - [2024-09-29T08:13:46.376+0000] {dagbag.py:540} INFO - Filling up the DagBag from /home/airflow/.local/lib/python3.12/site-packages/airflow/example_dags/tutorial.py
[2024-09-29T08:13:46.382+0000] {processor.py:840} INFO - DAG(s) 'tutorial' retrieved from /home/airflow/.local/lib/python3.12/site-packages/airflow/example_dags/tutorial.py
[2024-09-29T08:13:46.404+0000] {logging_mixin.py:188} INFO - [2024-09-29T08:13:46.404+0000] {dag.py:3096} INFO - Sync 1 DAGs
[2024-09-29T08:13:46.431+0000] {logging_mixin.py:188} INFO - [2024-09-29T08:13:46.430+0000] {dag.py:3954} INFO - Setting next_dagrun for tutorial to 2024-09-28 00:00:00+00:00, run_after=2024-09-29 00:00:00+00:00
[2024-09-29T08:13:46.456+0000] {processor.py:183} INFO - Processing /home/airflow/.local/lib/python3.12/site-packages/airflow/example_dags/tutorial.py took 0.089 seconds
[2024-09-29T08:14:16.747+0000] {processor.py:161} INFO - Started process (PID=1522) to work on /home/airflow/.local/lib/python3.12/site-packages/airflow/example_dags/tutorial.py
[2024-09-29T08:14:16.748+0000] {processor.py:830} INFO - Processing file /home/airflow/.local/lib/python3.12/site-packages/airflow/example_dags/tutorial.py for tasks to queue
[2024-09-29T08:14:16.750+0000] {logging_mixin.py:188} INFO - [2024-09-29T08:14:16.749+0000] {dagbag.py:540} INFO - Filling up the DagBag from /home/airflow/.local/lib/python3.12/site-packages/airflow/example_dags/tutorial.py
[2024-09-29T08:14:16.755+0000] {processor.py:840} INFO - DAG(s) 'tutorial' retrieved from /home/airflow/.local/lib/python3.12/site-packages/airflow/example_dags/tutorial.py
[2024-09-29T08:14:16.775+0000] {logging_mixin.py:188} INFO - [2024-09-29T08:14:16.775+0000] {dag.py:3096} INFO - Sync 1 DAGs
[2024-09-29T08:14:16.797+0000] {logging_mixin.py:188} INFO - [2024-09-29T08:14:16.797+0000] {dag.py:3954} INFO - Setting next_dagrun for tutorial to 2024-09-28 00:00:00+00:00, run_after=2024-09-29 00:00:00+00:00
[2024-09-29T08:14:16.818+0000] {processor.py:183} INFO - Processing /home/airflow/.local/lib/python3.12/site-packages/airflow/example_dags/tutorial.py took 0.077 seconds
[2024-09-29T08:14:47.099+0000] {processor.py:161} INFO - Started process (PID=1786) to work on /home/airflow/.local/lib/python3.12/site-packages/airflow/example_dags/tutorial.py
[2024-09-29T08:14:47.100+0000] {processor.py:830} INFO - Processing file /home/airflow/.local/lib/python3.12/site-packages/airflow/example_dags/tutorial.py for tasks to queue
[2024-09-29T08:14:47.101+0000] {logging_mixin.py:188} INFO - [2024-09-29T08:14:47.101+0000] {dagbag.py:540} INFO - Filling up the DagBag from /home/airflow/.local/lib/python3.12/site-packages/airflow/example_dags/tutorial.py
[2024-09-29T08:14:47.106+0000] {processor.py:840} INFO - DAG(s) 'tutorial' retrieved from /home/airflow/.local/lib/python3.12/site-packages/airflow/example_dags/tutorial.py
[2024-09-29T08:14:47.126+0000] {logging_mixin.py:188} INFO - [2024-09-29T08:14:47.126+0000] {dag.py:3096} INFO - Sync 1 DAGs
[2024-09-29T08:14:47.147+0000] {logging_mixin.py:188} INFO - [2024-09-29T08:14:47.147+0000] {dag.py:3954} INFO - Setting next_dagrun for tutorial to 2024-09-28 00:00:00+00:00, run_after=2024-09-29 00:00:00+00:00
[2024-09-29T08:14:47.171+0000] {processor.py:183} INFO - Processing /home/airflow/.local/lib/python3.12/site-packages/airflow/example_dags/tutorial.py took 0.078 seconds
[2024-09-29T08:15:17.359+0000] {processor.py:161} INFO - Started process (PID=2046) to work on /home/airflow/.local/lib/python3.12/site-packages/airflow/example_dags/tutorial.py
[2024-09-29T08:15:17.360+0000] {processor.py:830} INFO - Processing file /home/airflow/.local/lib/python3.12/site-packages/airflow/example_dags/tutorial.py for tasks to queue
[2024-09-29T08:15:17.361+0000] {logging_mixin.py:188} INFO - [2024-09-29T08:15:17.361+0000] {dagbag.py:540} INFO - Filling up the DagBag from /home/airflow/.local/lib/python3.12/site-packages/airflow/example_dags/tutorial.py
[2024-09-29T08:15:17.366+0000] {processor.py:840} INFO - DAG(s) 'tutorial' retrieved from /home/airflow/.local/lib/python3.12/site-packages/airflow/example_dags/tutorial.py
[2024-09-29T08:15:17.381+0000] {logging_mixin.py:188} INFO - [2024-09-29T08:15:17.381+0000] {dag.py:3096} INFO - Sync 1 DAGs
[2024-09-29T08:15:17.399+0000] {logging_mixin.py:188} INFO - [2024-09-29T08:15:17.399+0000] {dag.py:3954} INFO - Setting next_dagrun for tutorial to 2024-09-28 00:00:00+00:00, run_after=2024-09-29 00:00:00+00:00
[2024-09-29T08:15:17.420+0000] {processor.py:183} INFO - Processing /home/airflow/.local/lib/python3.12/site-packages/airflow/example_dags/tutorial.py took 0.065 seconds
[2024-09-29T08:15:47.607+0000] {processor.py:161} INFO - Started process (PID=2310) to work on /home/airflow/.local/lib/python3.12/site-packages/airflow/example_dags/tutorial.py
[2024-09-29T08:15:47.608+0000] {processor.py:830} INFO - Processing file /home/airflow/.local/lib/python3.12/site-packages/airflow/example_dags/tutorial.py for tasks to queue
[2024-09-29T08:15:47.609+0000] {logging_mixin.py:188} INFO - [2024-09-29T08:15:47.609+0000] {dagbag.py:540} INFO - Filling up the DagBag from /home/airflow/.local/lib/python3.12/site-packages/airflow/example_dags/tutorial.py
[2024-09-29T08:15:47.614+0000] {processor.py:840} INFO - DAG(s) 'tutorial' retrieved from /home/airflow/.local/lib/python3.12/site-packages/airflow/example_dags/tutorial.py
[2024-09-29T08:15:47.630+0000] {logging_mixin.py:188} INFO - [2024-09-29T08:15:47.630+0000] {dag.py:3096} INFO - Sync 1 DAGs
[2024-09-29T08:15:47.648+0000] {logging_mixin.py:188} INFO - [2024-09-29T08:15:47.648+0000] {dag.py:3954} INFO - Setting next_dagrun for tutorial to 2024-09-28 00:00:00+00:00, run_after=2024-09-29 00:00:00+00:00
[2024-09-29T08:15:47.669+0000] {processor.py:183} INFO - Processing /home/airflow/.local/lib/python3.12/site-packages/airflow/example_dags/tutorial.py took 0.066 seconds
[2024-09-29T08:16:17.766+0000] {processor.py:161} INFO - Started process (PID=2572) to work on /home/airflow/.local/lib/python3.12/site-packages/airflow/example_dags/tutorial.py
[2024-09-29T08:16:17.767+0000] {processor.py:830} INFO - Processing file /home/airflow/.local/lib/python3.12/site-packages/airflow/example_dags/tutorial.py for tasks to queue
[2024-09-29T08:16:17.768+0000] {logging_mixin.py:188} INFO - [2024-09-29T08:16:17.768+0000] {dagbag.py:540} INFO - Filling up the DagBag from /home/airflow/.local/lib/python3.12/site-packages/airflow/example_dags/tutorial.py
[2024-09-29T08:16:17.773+0000] {processor.py:840} INFO - DAG(s) 'tutorial' retrieved from /home/airflow/.local/lib/python3.12/site-packages/airflow/example_dags/tutorial.py
[2024-09-29T08:16:17.790+0000] {logging_mixin.py:188} INFO - [2024-09-29T08:16:17.789+0000] {dag.py:3096} INFO - Sync 1 DAGs
[2024-09-29T08:16:17.808+0000] {logging_mixin.py:188} INFO - [2024-09-29T08:16:17.808+0000] {dag.py:3954} INFO - Setting next_dagrun for tutorial to 2024-09-28 00:00:00+00:00, run_after=2024-09-29 00:00:00+00:00
[2024-09-29T08:16:17.828+0000] {processor.py:183} INFO - Processing /home/airflow/.local/lib/python3.12/site-packages/airflow/example_dags/tutorial.py took 0.067 seconds
[2024-09-29T08:16:48.129+0000] {processor.py:161} INFO - Started process (PID=2832) to work on /home/airflow/.local/lib/python3.12/site-packages/airflow/example_dags/tutorial.py
[2024-09-29T08:16:48.130+0000] {processor.py:830} INFO - Processing file /home/airflow/.local/lib/python3.12/site-packages/airflow/example_dags/tutorial.py for tasks to queue
[2024-09-29T08:16:48.131+0000] {logging_mixin.py:188} INFO - [2024-09-29T08:16:48.131+0000] {dagbag.py:540} INFO - Filling up the DagBag from /home/airflow/.local/lib/python3.12/site-packages/airflow/example_dags/tutorial.py
[2024-09-29T08:16:48.136+0000] {processor.py:840} INFO - DAG(s) 'tutorial' retrieved from /home/airflow/.local/lib/python3.12/site-packages/airflow/example_dags/tutorial.py
[2024-09-29T08:16:48.157+0000] {logging_mixin.py:188} INFO - [2024-09-29T08:16:48.157+0000] {dag.py:3096} INFO - Sync 1 DAGs
[2024-09-29T08:16:48.181+0000] {logging_mixin.py:188} INFO - [2024-09-29T08:16:48.181+0000] {dag.py:3954} INFO - Setting next_dagrun for tutorial to 2024-09-28 00:00:00+00:00, run_after=2024-09-29 00:00:00+00:00
[2024-09-29T08:16:48.206+0000] {processor.py:183} INFO - Processing /home/airflow/.local/lib/python3.12/site-packages/airflow/example_dags/tutorial.py took 0.081 seconds
[2024-09-29T08:17:18.493+0000] {processor.py:161} INFO - Started process (PID=3094) to work on /home/airflow/.local/lib/python3.12/site-packages/airflow/example_dags/tutorial.py
[2024-09-29T08:17:18.493+0000] {processor.py:830} INFO - Processing file /home/airflow/.local/lib/python3.12/site-packages/airflow/example_dags/tutorial.py for tasks to queue
[2024-09-29T08:17:18.495+0000] {logging_mixin.py:188} INFO - [2024-09-29T08:17:18.494+0000] {dagbag.py:540} INFO - Filling up the DagBag from /home/airflow/.local/lib/python3.12/site-packages/airflow/example_dags/tutorial.py
[2024-09-29T08:17:18.499+0000] {processor.py:840} INFO - DAG(s) 'tutorial' retrieved from /home/airflow/.local/lib/python3.12/site-packages/airflow/example_dags/tutorial.py
[2024-09-29T08:17:18.514+0000] {logging_mixin.py:188} INFO - [2024-09-29T08:17:18.514+0000] {dag.py:3096} INFO - Sync 1 DAGs
[2024-09-29T08:17:18.538+0000] {logging_mixin.py:188} INFO - [2024-09-29T08:17:18.538+0000] {dag.py:3954} INFO - Setting next_dagrun for tutorial to 2024-09-28 00:00:00+00:00, run_after=2024-09-29 00:00:00+00:00
[2024-09-29T08:17:18.558+0000] {processor.py:183} INFO - Processing /home/airflow/.local/lib/python3.12/site-packages/airflow/example_dags/tutorial.py took 0.070 seconds
[2024-09-29T08:17:48.758+0000] {processor.py:161} INFO - Started process (PID=3356) to work on /home/airflow/.local/lib/python3.12/site-packages/airflow/example_dags/tutorial.py
[2024-09-29T08:17:48.759+0000] {processor.py:830} INFO - Processing file /home/airflow/.local/lib/python3.12/site-packages/airflow/example_dags/tutorial.py for tasks to queue
[2024-09-29T08:17:48.761+0000] {logging_mixin.py:188} INFO - [2024-09-29T08:17:48.760+0000] {dagbag.py:540} INFO - Filling up the DagBag from /home/airflow/.local/lib/python3.12/site-packages/airflow/example_dags/tutorial.py
[2024-09-29T08:17:48.767+0000] {processor.py:840} INFO - DAG(s) 'tutorial' retrieved from /home/airflow/.local/lib/python3.12/site-packages/airflow/example_dags/tutorial.py
[2024-09-29T08:17:48.784+0000] {logging_mixin.py:188} INFO - [2024-09-29T08:17:48.784+0000] {dag.py:3096} INFO - Sync 1 DAGs
[2024-09-29T08:17:48.803+0000] {logging_mixin.py:188} INFO - [2024-09-29T08:17:48.803+0000] {dag.py:3954} INFO - Setting next_dagrun for tutorial to 2024-09-28 00:00:00+00:00, run_after=2024-09-29 00:00:00+00:00
[2024-09-29T08:17:48.823+0000] {processor.py:183} INFO - Processing /home/airflow/.local/lib/python3.12/site-packages/airflow/example_dags/tutorial.py took 0.071 seconds
[2024-09-29T08:18:18.893+0000] {processor.py:161} INFO - Started process (PID=3618) to work on /home/airflow/.local/lib/python3.12/site-packages/airflow/example_dags/tutorial.py
[2024-09-29T08:18:18.894+0000] {processor.py:830} INFO - Processing file /home/airflow/.local/lib/python3.12/site-packages/airflow/example_dags/tutorial.py for tasks to queue
[2024-09-29T08:18:18.895+0000] {logging_mixin.py:188} INFO - [2024-09-29T08:18:18.895+0000] {dagbag.py:540} INFO - Filling up the DagBag from /home/airflow/.local/lib/python3.12/site-packages/airflow/example_dags/tutorial.py
[2024-09-29T08:18:18.899+0000] {processor.py:840} INFO - DAG(s) 'tutorial' retrieved from /home/airflow/.local/lib/python3.12/site-packages/airflow/example_dags/tutorial.py
[2024-09-29T08:18:18.920+0000] {logging_mixin.py:188} INFO - [2024-09-29T08:18:18.920+0000] {dag.py:3096} INFO - Sync 1 DAGs
[2024-09-29T08:18:18.942+0000] {logging_mixin.py:188} INFO - [2024-09-29T08:18:18.942+0000] {dag.py:3954} INFO - Setting next_dagrun for tutorial to 2024-09-28 00:00:00+00:00, run_after=2024-09-29 00:00:00+00:00
[2024-09-29T08:18:18.968+0000] {processor.py:183} INFO - Processing /home/airflow/.local/lib/python3.12/site-packages/airflow/example_dags/tutorial.py took 0.080 seconds
[2024-09-29T08:18:49.112+0000] {processor.py:161} INFO - Started process (PID=3880) to work on /home/airflow/.local/lib/python3.12/site-packages/airflow/example_dags/tutorial.py
[2024-09-29T08:18:49.113+0000] {processor.py:830} INFO - Processing file /home/airflow/.local/lib/python3.12/site-packages/airflow/example_dags/tutorial.py for tasks to queue
[2024-09-29T08:18:49.115+0000] {logging_mixin.py:188} INFO - [2024-09-29T08:18:49.114+0000] {dagbag.py:540} INFO - Filling up the DagBag from /home/airflow/.local/lib/python3.12/site-packages/airflow/example_dags/tutorial.py
[2024-09-29T08:18:49.120+0000] {processor.py:840} INFO - DAG(s) 'tutorial' retrieved from /home/airflow/.local/lib/python3.12/site-packages/airflow/example_dags/tutorial.py
[2024-09-29T08:18:49.140+0000] {logging_mixin.py:188} INFO - [2024-09-29T08:18:49.139+0000] {dag.py:3096} INFO - Sync 1 DAGs
[2024-09-29T08:18:49.159+0000] {logging_mixin.py:188} INFO - [2024-09-29T08:18:49.159+0000] {dag.py:3954} INFO - Setting next_dagrun for tutorial to 2024-09-28 00:00:00+00:00, run_after=2024-09-29 00:00:00+00:00
[2024-09-29T08:18:49.209+0000] {processor.py:183} INFO - Processing /home/airflow/.local/lib/python3.12/site-packages/airflow/example_dags/tutorial.py took 0.102 seconds
[2024-09-29T08:19:19.422+0000] {processor.py:161} INFO - Started process (PID=4142) to work on /home/airflow/.local/lib/python3.12/site-packages/airflow/example_dags/tutorial.py
[2024-09-29T08:19:19.422+0000] {processor.py:830} INFO - Processing file /home/airflow/.local/lib/python3.12/site-packages/airflow/example_dags/tutorial.py for tasks to queue
[2024-09-29T08:19:19.424+0000] {logging_mixin.py:188} INFO - [2024-09-29T08:19:19.423+0000] {dagbag.py:540} INFO - Filling up the DagBag from /home/airflow/.local/lib/python3.12/site-packages/airflow/example_dags/tutorial.py
[2024-09-29T08:19:19.428+0000] {processor.py:840} INFO - DAG(s) 'tutorial' retrieved from /home/airflow/.local/lib/python3.12/site-packages/airflow/example_dags/tutorial.py
[2024-09-29T08:19:19.444+0000] {logging_mixin.py:188} INFO - [2024-09-29T08:19:19.444+0000] {dag.py:3096} INFO - Sync 1 DAGs
[2024-09-29T08:19:19.462+0000] {logging_mixin.py:188} INFO - [2024-09-29T08:19:19.462+0000] {dag.py:3954} INFO - Setting next_dagrun for tutorial to 2024-09-28 00:00:00+00:00, run_after=2024-09-29 00:00:00+00:00
[2024-09-29T08:19:19.487+0000] {processor.py:183} INFO - Processing /home/airflow/.local/lib/python3.12/site-packages/airflow/example_dags/tutorial.py took 0.070 seconds
[2024-09-29T08:19:49.717+0000] {processor.py:161} INFO - Started process (PID=4406) to work on /home/airflow/.local/lib/python3.12/site-packages/airflow/example_dags/tutorial.py
[2024-09-29T08:19:49.717+0000] {processor.py:830} INFO - Processing file /home/airflow/.local/lib/python3.12/site-packages/airflow/example_dags/tutorial.py for tasks to queue
[2024-09-29T08:19:49.719+0000] {logging_mixin.py:188} INFO - [2024-09-29T08:19:49.719+0000] {dagbag.py:540} INFO - Filling up the DagBag from /home/airflow/.local/lib/python3.12/site-packages/airflow/example_dags/tutorial.py
[2024-09-29T08:19:49.725+0000] {processor.py:840} INFO - DAG(s) 'tutorial' retrieved from /home/airflow/.local/lib/python3.12/site-packages/airflow/example_dags/tutorial.py
[2024-09-29T08:19:49.747+0000] {logging_mixin.py:188} INFO - [2024-09-29T08:19:49.746+0000] {dag.py:3096} INFO - Sync 1 DAGs
[2024-09-29T08:19:49.769+0000] {logging_mixin.py:188} INFO - [2024-09-29T08:19:49.768+0000] {dag.py:3954} INFO - Setting next_dagrun for tutorial to 2024-09-28 00:00:00+00:00, run_after=2024-09-29 00:00:00+00:00
[2024-09-29T08:19:49.790+0000] {processor.py:183} INFO - Processing /home/airflow/.local/lib/python3.12/site-packages/airflow/example_dags/tutorial.py took 0.079 seconds
[2024-09-29T08:20:19.849+0000] {processor.py:161} INFO - Started process (PID=4668) to work on /home/airflow/.local/lib/python3.12/site-packages/airflow/example_dags/tutorial.py
[2024-09-29T08:20:19.850+0000] {processor.py:830} INFO - Processing file /home/airflow/.local/lib/python3.12/site-packages/airflow/example_dags/tutorial.py for tasks to queue
[2024-09-29T08:20:19.851+0000] {logging_mixin.py:188} INFO - [2024-09-29T08:20:19.851+0000] {dagbag.py:540} INFO - Filling up the DagBag from /home/airflow/.local/lib/python3.12/site-packages/airflow/example_dags/tutorial.py
[2024-09-29T08:20:19.856+0000] {processor.py:840} INFO - DAG(s) 'tutorial' retrieved from /home/airflow/.local/lib/python3.12/site-packages/airflow/example_dags/tutorial.py
[2024-09-29T08:20:19.875+0000] {logging_mixin.py:188} INFO - [2024-09-29T08:20:19.875+0000] {dag.py:3096} INFO - Sync 1 DAGs
[2024-09-29T08:20:19.895+0000] {logging_mixin.py:188} INFO - [2024-09-29T08:20:19.895+0000] {dag.py:3954} INFO - Setting next_dagrun for tutorial to 2024-09-28 00:00:00+00:00, run_after=2024-09-29 00:00:00+00:00
[2024-09-29T08:20:19.917+0000] {processor.py:183} INFO - Processing /home/airflow/.local/lib/python3.12/site-packages/airflow/example_dags/tutorial.py took 0.072 seconds
[2024-09-29T08:20:50.221+0000] {processor.py:161} INFO - Started process (PID=4930) to work on /home/airflow/.local/lib/python3.12/site-packages/airflow/example_dags/tutorial.py
[2024-09-29T08:20:50.222+0000] {processor.py:830} INFO - Processing file /home/airflow/.local/lib/python3.12/site-packages/airflow/example_dags/tutorial.py for tasks to queue
[2024-09-29T08:20:50.223+0000] {logging_mixin.py:188} INFO - [2024-09-29T08:20:50.223+0000] {dagbag.py:540} INFO - Filling up the DagBag from /home/airflow/.local/lib/python3.12/site-packages/airflow/example_dags/tutorial.py
[2024-09-29T08:20:50.229+0000] {processor.py:840} INFO - DAG(s) 'tutorial' retrieved from /home/airflow/.local/lib/python3.12/site-packages/airflow/example_dags/tutorial.py
[2024-09-29T08:20:50.250+0000] {logging_mixin.py:188} INFO - [2024-09-29T08:20:50.250+0000] {dag.py:3096} INFO - Sync 1 DAGs
[2024-09-29T08:20:50.271+0000] {logging_mixin.py:188} INFO - [2024-09-29T08:20:50.271+0000] {dag.py:3954} INFO - Setting next_dagrun for tutorial to 2024-09-28 00:00:00+00:00, run_after=2024-09-29 00:00:00+00:00
[2024-09-29T08:20:50.292+0000] {processor.py:183} INFO - Processing /home/airflow/.local/lib/python3.12/site-packages/airflow/example_dags/tutorial.py took 0.077 seconds
[2024-09-29T08:21:20.440+0000] {processor.py:161} INFO - Started process (PID=5190) to work on /home/airflow/.local/lib/python3.12/site-packages/airflow/example_dags/tutorial.py
[2024-09-29T08:21:20.441+0000] {processor.py:830} INFO - Processing file /home/airflow/.local/lib/python3.12/site-packages/airflow/example_dags/tutorial.py for tasks to queue
[2024-09-29T08:21:20.443+0000] {logging_mixin.py:188} INFO - [2024-09-29T08:21:20.442+0000] {dagbag.py:540} INFO - Filling up the DagBag from /home/airflow/.local/lib/python3.12/site-packages/airflow/example_dags/tutorial.py
[2024-09-29T08:21:20.448+0000] {processor.py:840} INFO - DAG(s) 'tutorial' retrieved from /home/airflow/.local/lib/python3.12/site-packages/airflow/example_dags/tutorial.py
[2024-09-29T08:21:20.464+0000] {logging_mixin.py:188} INFO - [2024-09-29T08:21:20.464+0000] {dag.py:3096} INFO - Sync 1 DAGs
[2024-09-29T08:21:20.482+0000] {logging_mixin.py:188} INFO - [2024-09-29T08:21:20.482+0000] {dag.py:3954} INFO - Setting next_dagrun for tutorial to 2024-09-28 00:00:00+00:00, run_after=2024-09-29 00:00:00+00:00
[2024-09-29T08:21:20.505+0000] {processor.py:183} INFO - Processing /home/airflow/.local/lib/python3.12/site-packages/airflow/example_dags/tutorial.py took 0.071 seconds
[2024-09-29T08:21:50.910+0000] {processor.py:161} INFO - Started process (PID=5454) to work on /home/airflow/.local/lib/python3.12/site-packages/airflow/example_dags/tutorial.py
[2024-09-29T08:21:50.911+0000] {processor.py:830} INFO - Processing file /home/airflow/.local/lib/python3.12/site-packages/airflow/example_dags/tutorial.py for tasks to queue
[2024-09-29T08:21:50.912+0000] {logging_mixin.py:188} INFO - [2024-09-29T08:21:50.912+0000] {dagbag.py:540} INFO - Filling up the DagBag from /home/airflow/.local/lib/python3.12/site-packages/airflow/example_dags/tutorial.py
[2024-09-29T08:21:50.916+0000] {processor.py:840} INFO - DAG(s) 'tutorial' retrieved from /home/airflow/.local/lib/python3.12/site-packages/airflow/example_dags/tutorial.py
[2024-09-29T08:21:50.932+0000] {logging_mixin.py:188} INFO - [2024-09-29T08:21:50.932+0000] {dag.py:3096} INFO - Sync 1 DAGs
[2024-09-29T08:21:50.950+0000] {logging_mixin.py:188} INFO - [2024-09-29T08:21:50.949+0000] {dag.py:3954} INFO - Setting next_dagrun for tutorial to 2024-09-28 00:00:00+00:00, run_after=2024-09-29 00:00:00+00:00
[2024-09-29T08:21:50.968+0000] {processor.py:183} INFO - Processing /home/airflow/.local/lib/python3.12/site-packages/airflow/example_dags/tutorial.py took 0.062 seconds
[2024-09-29T08:22:21.243+0000] {processor.py:161} INFO - Started process (PID=5714) to work on /home/airflow/.local/lib/python3.12/site-packages/airflow/example_dags/tutorial.py
[2024-09-29T08:22:21.244+0000] {processor.py:830} INFO - Processing file /home/airflow/.local/lib/python3.12/site-packages/airflow/example_dags/tutorial.py for tasks to queue
[2024-09-29T08:22:21.245+0000] {logging_mixin.py:188} INFO - [2024-09-29T08:22:21.245+0000] {dagbag.py:540} INFO - Filling up the DagBag from /home/airflow/.local/lib/python3.12/site-packages/airflow/example_dags/tutorial.py
[2024-09-29T08:22:21.250+0000] {processor.py:840} INFO - DAG(s) 'tutorial' retrieved from /home/airflow/.local/lib/python3.12/site-packages/airflow/example_dags/tutorial.py
[2024-09-29T08:22:21.270+0000] {logging_mixin.py:188} INFO - [2024-09-29T08:22:21.270+0000] {dag.py:3096} INFO - Sync 1 DAGs
[2024-09-29T08:22:21.290+0000] {logging_mixin.py:188} INFO - [2024-09-29T08:22:21.290+0000] {dag.py:3954} INFO - Setting next_dagrun for tutorial to 2024-09-28 00:00:00+00:00, run_after=2024-09-29 00:00:00+00:00
[2024-09-29T08:22:21.440+0000] {processor.py:183} INFO - Processing /home/airflow/.local/lib/python3.12/site-packages/airflow/example_dags/tutorial.py took 0.202 seconds
[2024-09-29T08:22:51.579+0000] {processor.py:161} INFO - Started process (PID=5976) to work on /home/airflow/.local/lib/python3.12/site-packages/airflow/example_dags/tutorial.py
[2024-09-29T08:22:51.579+0000] {processor.py:830} INFO - Processing file /home/airflow/.local/lib/python3.12/site-packages/airflow/example_dags/tutorial.py for tasks to queue
[2024-09-29T08:22:51.580+0000] {logging_mixin.py:188} INFO - [2024-09-29T08:22:51.580+0000] {dagbag.py:540} INFO - Filling up the DagBag from /home/airflow/.local/lib/python3.12/site-packages/airflow/example_dags/tutorial.py
[2024-09-29T08:22:51.585+0000] {processor.py:840} INFO - DAG(s) 'tutorial' retrieved from /home/airflow/.local/lib/python3.12/site-packages/airflow/example_dags/tutorial.py
[2024-09-29T08:22:51.601+0000] {logging_mixin.py:188} INFO - [2024-09-29T08:22:51.601+0000] {dag.py:3096} INFO - Sync 1 DAGs
[2024-09-29T08:22:51.620+0000] {logging_mixin.py:188} INFO - [2024-09-29T08:22:51.620+0000] {dag.py:3954} INFO - Setting next_dagrun for tutorial to 2024-09-28 00:00:00+00:00, run_after=2024-09-29 00:00:00+00:00
[2024-09-29T08:22:51.644+0000] {processor.py:183} INFO - Processing /home/airflow/.local/lib/python3.12/site-packages/airflow/example_dags/tutorial.py took 0.070 seconds
[2024-09-29T08:23:21.986+0000] {processor.py:161} INFO - Started process (PID=6238) to work on /home/airflow/.local/lib/python3.12/site-packages/airflow/example_dags/tutorial.py
[2024-09-29T08:23:21.986+0000] {processor.py:830} INFO - Processing file /home/airflow/.local/lib/python3.12/site-packages/airflow/example_dags/tutorial.py for tasks to queue
[2024-09-29T08:23:21.987+0000] {logging_mixin.py:188} INFO - [2024-09-29T08:23:21.987+0000] {dagbag.py:540} INFO - Filling up the DagBag from /home/airflow/.local/lib/python3.12/site-packages/airflow/example_dags/tutorial.py
[2024-09-29T08:23:21.992+0000] {processor.py:840} INFO - DAG(s) 'tutorial' retrieved from /home/airflow/.local/lib/python3.12/site-packages/airflow/example_dags/tutorial.py
[2024-09-29T08:23:22.011+0000] {logging_mixin.py:188} INFO - [2024-09-29T08:23:22.011+0000] {dag.py:3096} INFO - Sync 1 DAGs
[2024-09-29T08:23:22.030+0000] {logging_mixin.py:188} INFO - [2024-09-29T08:23:22.030+0000] {dag.py:3954} INFO - Setting next_dagrun for tutorial to 2024-09-28 00:00:00+00:00, run_after=2024-09-29 00:00:00+00:00
[2024-09-29T08:23:22.049+0000] {processor.py:183} INFO - Processing /home/airflow/.local/lib/python3.12/site-packages/airflow/example_dags/tutorial.py took 0.068 seconds
[2024-09-29T08:23:52.156+0000] {processor.py:161} INFO - Started process (PID=6500) to work on /home/airflow/.local/lib/python3.12/site-packages/airflow/example_dags/tutorial.py
[2024-09-29T08:23:52.157+0000] {processor.py:830} INFO - Processing file /home/airflow/.local/lib/python3.12/site-packages/airflow/example_dags/tutorial.py for tasks to queue
[2024-09-29T08:23:52.158+0000] {logging_mixin.py:188} INFO - [2024-09-29T08:23:52.158+0000] {dagbag.py:540} INFO - Filling up the DagBag from /home/airflow/.local/lib/python3.12/site-packages/airflow/example_dags/tutorial.py
[2024-09-29T08:23:52.163+0000] {processor.py:840} INFO - DAG(s) 'tutorial' retrieved from /home/airflow/.local/lib/python3.12/site-packages/airflow/example_dags/tutorial.py
[2024-09-29T08:23:52.179+0000] {logging_mixin.py:188} INFO - [2024-09-29T08:23:52.179+0000] {dag.py:3096} INFO - Sync 1 DAGs
[2024-09-29T08:23:52.198+0000] {logging_mixin.py:188} INFO - [2024-09-29T08:23:52.198+0000] {dag.py:3954} INFO - Setting next_dagrun for tutorial to 2024-09-28 00:00:00+00:00, run_after=2024-09-29 00:00:00+00:00
[2024-09-29T08:23:52.221+0000] {processor.py:183} INFO - Processing /home/airflow/.local/lib/python3.12/site-packages/airflow/example_dags/tutorial.py took 0.071 seconds
[2024-09-29T08:24:22.523+0000] {processor.py:161} INFO - Started process (PID=6762) to work on /home/airflow/.local/lib/python3.12/site-packages/airflow/example_dags/tutorial.py
[2024-09-29T08:24:22.524+0000] {processor.py:830} INFO - Processing file /home/airflow/.local/lib/python3.12/site-packages/airflow/example_dags/tutorial.py for tasks to queue
[2024-09-29T08:24:22.525+0000] {logging_mixin.py:188} INFO - [2024-09-29T08:24:22.525+0000] {dagbag.py:540} INFO - Filling up the DagBag from /home/airflow/.local/lib/python3.12/site-packages/airflow/example_dags/tutorial.py
[2024-09-29T08:24:22.529+0000] {processor.py:840} INFO - DAG(s) 'tutorial' retrieved from /home/airflow/.local/lib/python3.12/site-packages/airflow/example_dags/tutorial.py
[2024-09-29T08:24:22.551+0000] {logging_mixin.py:188} INFO - [2024-09-29T08:24:22.550+0000] {dag.py:3096} INFO - Sync 1 DAGs
[2024-09-29T08:24:22.576+0000] {logging_mixin.py:188} INFO - [2024-09-29T08:24:22.576+0000] {dag.py:3954} INFO - Setting next_dagrun for tutorial to 2024-09-28 00:00:00+00:00, run_after=2024-09-29 00:00:00+00:00
[2024-09-29T08:24:22.596+0000] {processor.py:183} INFO - Processing /home/airflow/.local/lib/python3.12/site-packages/airflow/example_dags/tutorial.py took 0.077 seconds
[2024-09-29T08:24:53.329+0000] {processor.py:161} INFO - Started process (PID=7024) to work on /home/airflow/.local/lib/python3.12/site-packages/airflow/example_dags/tutorial.py
[2024-09-29T08:24:53.330+0000] {processor.py:830} INFO - Processing file /home/airflow/.local/lib/python3.12/site-packages/airflow/example_dags/tutorial.py for tasks to queue
[2024-09-29T08:24:53.332+0000] {logging_mixin.py:188} INFO - [2024-09-29T08:24:53.331+0000] {dagbag.py:540} INFO - Filling up the DagBag from /home/airflow/.local/lib/python3.12/site-packages/airflow/example_dags/tutorial.py
[2024-09-29T08:24:53.338+0000] {processor.py:840} INFO - DAG(s) 'tutorial' retrieved from /home/airflow/.local/lib/python3.12/site-packages/airflow/example_dags/tutorial.py
[2024-09-29T08:24:53.361+0000] {logging_mixin.py:188} INFO - [2024-09-29T08:24:53.361+0000] {dag.py:3096} INFO - Sync 1 DAGs
[2024-09-29T08:24:53.384+0000] {logging_mixin.py:188} INFO - [2024-09-29T08:24:53.384+0000] {dag.py:3954} INFO - Setting next_dagrun for tutorial to 2024-09-28 00:00:00+00:00, run_after=2024-09-29 00:00:00+00:00
[2024-09-29T08:24:53.403+0000] {processor.py:183} INFO - Processing /home/airflow/.local/lib/python3.12/site-packages/airflow/example_dags/tutorial.py took 0.080 seconds
[2024-09-29T08:25:24.293+0000] {processor.py:161} INFO - Started process (PID=7286) to work on /home/airflow/.local/lib/python3.12/site-packages/airflow/example_dags/tutorial.py
[2024-09-29T08:25:24.293+0000] {processor.py:830} INFO - Processing file /home/airflow/.local/lib/python3.12/site-packages/airflow/example_dags/tutorial.py for tasks to queue
[2024-09-29T08:25:24.295+0000] {logging_mixin.py:188} INFO - [2024-09-29T08:25:24.295+0000] {dagbag.py:540} INFO - Filling up the DagBag from /home/airflow/.local/lib/python3.12/site-packages/airflow/example_dags/tutorial.py
[2024-09-29T08:25:24.301+0000] {processor.py:840} INFO - DAG(s) 'tutorial' retrieved from /home/airflow/.local/lib/python3.12/site-packages/airflow/example_dags/tutorial.py
[2024-09-29T08:25:24.317+0000] {logging_mixin.py:188} INFO - [2024-09-29T08:25:24.317+0000] {dag.py:3096} INFO - Sync 1 DAGs
[2024-09-29T08:25:24.338+0000] {logging_mixin.py:188} INFO - [2024-09-29T08:25:24.338+0000] {dag.py:3954} INFO - Setting next_dagrun for tutorial to 2024-09-28 00:00:00+00:00, run_after=2024-09-29 00:00:00+00:00
[2024-09-29T08:25:24.361+0000] {processor.py:183} INFO - Processing /home/airflow/.local/lib/python3.12/site-packages/airflow/example_dags/tutorial.py took 0.075 seconds
