[2024-09-29T08:11:49.357+0000] {processor.py:161} INFO - Started process (PID=362) to work on /home/airflow/.local/lib/python3.12/site-packages/airflow/example_dags/tutorial_dag.py
[2024-09-29T08:11:49.358+0000] {processor.py:830} INFO - Processing file /home/airflow/.local/lib/python3.12/site-packages/airflow/example_dags/tutorial_dag.py for tasks to queue
[2024-09-29T08:11:49.359+0000] {logging_mixin.py:188} INFO - [2024-09-29T08:11:49.359+0000] {dagbag.py:540} INFO - Filling up the DagBag from /home/airflow/.local/lib/python3.12/site-packages/airflow/example_dags/tutorial_dag.py
[2024-09-29T08:11:49.366+0000] {processor.py:840} INFO - DAG(s) 'tutorial_dag' retrieved from /home/airflow/.local/lib/python3.12/site-packages/airflow/example_dags/tutorial_dag.py
[2024-09-29T08:11:49.525+0000] {logging_mixin.py:188} INFO - [2024-09-29T08:11:49.524+0000] {override.py:1829} INFO - Created Permission View: can read on DAG:tutorial_dag
[2024-09-29T08:11:49.539+0000] {logging_mixin.py:188} INFO - [2024-09-29T08:11:49.538+0000] {override.py:1829} INFO - Created Permission View: can delete on DAG:tutorial_dag
[2024-09-29T08:11:49.550+0000] {logging_mixin.py:188} INFO - [2024-09-29T08:11:49.550+0000] {override.py:1829} INFO - Created Permission View: can edit on DAG:tutorial_dag
[2024-09-29T08:11:49.550+0000] {logging_mixin.py:188} INFO - [2024-09-29T08:11:49.550+0000] {dag.py:3096} INFO - Sync 1 DAGs
[2024-09-29T08:11:49.563+0000] {logging_mixin.py:188} INFO - [2024-09-29T08:11:49.563+0000] {dag.py:3118} INFO - Creating ORM DAG for tutorial_dag
[2024-09-29T08:11:49.564+0000] {logging_mixin.py:188} INFO - [2024-09-29T08:11:49.564+0000] {dag.py:3954} INFO - Setting next_dagrun for tutorial_dag to None, run_after=None
[2024-09-29T08:11:49.587+0000] {processor.py:183} INFO - Processing /home/airflow/.local/lib/python3.12/site-packages/airflow/example_dags/tutorial_dag.py took 0.235 seconds
[2024-09-29T08:12:20.093+0000] {processor.py:161} INFO - Started process (PID=626) to work on /home/airflow/.local/lib/python3.12/site-packages/airflow/example_dags/tutorial_dag.py
[2024-09-29T08:12:20.094+0000] {processor.py:830} INFO - Processing file /home/airflow/.local/lib/python3.12/site-packages/airflow/example_dags/tutorial_dag.py for tasks to queue
[2024-09-29T08:12:20.095+0000] {logging_mixin.py:188} INFO - [2024-09-29T08:12:20.095+0000] {dagbag.py:540} INFO - Filling up the DagBag from /home/airflow/.local/lib/python3.12/site-packages/airflow/example_dags/tutorial_dag.py
[2024-09-29T08:12:20.099+0000] {processor.py:840} INFO - DAG(s) 'tutorial_dag' retrieved from /home/airflow/.local/lib/python3.12/site-packages/airflow/example_dags/tutorial_dag.py
[2024-09-29T08:12:20.115+0000] {logging_mixin.py:188} INFO - [2024-09-29T08:12:20.115+0000] {dag.py:3096} INFO - Sync 1 DAGs
[2024-09-29T08:12:20.129+0000] {logging_mixin.py:188} INFO - [2024-09-29T08:12:20.129+0000] {dag.py:3954} INFO - Setting next_dagrun for tutorial_dag to None, run_after=None
[2024-09-29T08:12:20.151+0000] {processor.py:183} INFO - Processing /home/airflow/.local/lib/python3.12/site-packages/airflow/example_dags/tutorial_dag.py took 0.063 seconds
[2024-09-29T08:12:50.415+0000] {processor.py:161} INFO - Started process (PID=888) to work on /home/airflow/.local/lib/python3.12/site-packages/airflow/example_dags/tutorial_dag.py
[2024-09-29T08:12:50.416+0000] {processor.py:830} INFO - Processing file /home/airflow/.local/lib/python3.12/site-packages/airflow/example_dags/tutorial_dag.py for tasks to queue
[2024-09-29T08:12:50.417+0000] {logging_mixin.py:188} INFO - [2024-09-29T08:12:50.417+0000] {dagbag.py:540} INFO - Filling up the DagBag from /home/airflow/.local/lib/python3.12/site-packages/airflow/example_dags/tutorial_dag.py
[2024-09-29T08:12:50.422+0000] {processor.py:840} INFO - DAG(s) 'tutorial_dag' retrieved from /home/airflow/.local/lib/python3.12/site-packages/airflow/example_dags/tutorial_dag.py
[2024-09-29T08:12:50.439+0000] {logging_mixin.py:188} INFO - [2024-09-29T08:12:50.439+0000] {dag.py:3096} INFO - Sync 1 DAGs
[2024-09-29T08:12:50.450+0000] {logging_mixin.py:188} INFO - [2024-09-29T08:12:50.450+0000] {dag.py:3954} INFO - Setting next_dagrun for tutorial_dag to None, run_after=None
[2024-09-29T08:12:50.473+0000] {processor.py:183} INFO - Processing /home/airflow/.local/lib/python3.12/site-packages/airflow/example_dags/tutorial_dag.py took 0.063 seconds
[2024-09-29T08:13:20.909+0000] {processor.py:161} INFO - Started process (PID=1150) to work on /home/airflow/.local/lib/python3.12/site-packages/airflow/example_dags/tutorial_dag.py
[2024-09-29T08:13:20.910+0000] {processor.py:830} INFO - Processing file /home/airflow/.local/lib/python3.12/site-packages/airflow/example_dags/tutorial_dag.py for tasks to queue
[2024-09-29T08:13:20.911+0000] {logging_mixin.py:188} INFO - [2024-09-29T08:13:20.911+0000] {dagbag.py:540} INFO - Filling up the DagBag from /home/airflow/.local/lib/python3.12/site-packages/airflow/example_dags/tutorial_dag.py
[2024-09-29T08:13:20.915+0000] {processor.py:840} INFO - DAG(s) 'tutorial_dag' retrieved from /home/airflow/.local/lib/python3.12/site-packages/airflow/example_dags/tutorial_dag.py
[2024-09-29T08:13:20.932+0000] {logging_mixin.py:188} INFO - [2024-09-29T08:13:20.932+0000] {dag.py:3096} INFO - Sync 1 DAGs
[2024-09-29T08:13:20.943+0000] {logging_mixin.py:188} INFO - [2024-09-29T08:13:20.943+0000] {dag.py:3954} INFO - Setting next_dagrun for tutorial_dag to None, run_after=None
[2024-09-29T08:13:20.962+0000] {processor.py:183} INFO - Processing /home/airflow/.local/lib/python3.12/site-packages/airflow/example_dags/tutorial_dag.py took 0.058 seconds
[2024-09-29T08:13:51.221+0000] {processor.py:161} INFO - Started process (PID=1410) to work on /home/airflow/.local/lib/python3.12/site-packages/airflow/example_dags/tutorial_dag.py
[2024-09-29T08:13:51.221+0000] {processor.py:830} INFO - Processing file /home/airflow/.local/lib/python3.12/site-packages/airflow/example_dags/tutorial_dag.py for tasks to queue
[2024-09-29T08:13:51.223+0000] {logging_mixin.py:188} INFO - [2024-09-29T08:13:51.223+0000] {dagbag.py:540} INFO - Filling up the DagBag from /home/airflow/.local/lib/python3.12/site-packages/airflow/example_dags/tutorial_dag.py
[2024-09-29T08:13:51.227+0000] {processor.py:840} INFO - DAG(s) 'tutorial_dag' retrieved from /home/airflow/.local/lib/python3.12/site-packages/airflow/example_dags/tutorial_dag.py
[2024-09-29T08:13:51.246+0000] {logging_mixin.py:188} INFO - [2024-09-29T08:13:51.246+0000] {dag.py:3096} INFO - Sync 1 DAGs
[2024-09-29T08:13:51.259+0000] {logging_mixin.py:188} INFO - [2024-09-29T08:13:51.258+0000] {dag.py:3954} INFO - Setting next_dagrun for tutorial_dag to None, run_after=None
[2024-09-29T08:13:51.286+0000] {processor.py:183} INFO - Processing /home/airflow/.local/lib/python3.12/site-packages/airflow/example_dags/tutorial_dag.py took 0.071 seconds
[2024-09-29T08:14:21.570+0000] {processor.py:161} INFO - Started process (PID=1674) to work on /home/airflow/.local/lib/python3.12/site-packages/airflow/example_dags/tutorial_dag.py
[2024-09-29T08:14:21.570+0000] {processor.py:830} INFO - Processing file /home/airflow/.local/lib/python3.12/site-packages/airflow/example_dags/tutorial_dag.py for tasks to queue
[2024-09-29T08:14:21.572+0000] {logging_mixin.py:188} INFO - [2024-09-29T08:14:21.571+0000] {dagbag.py:540} INFO - Filling up the DagBag from /home/airflow/.local/lib/python3.12/site-packages/airflow/example_dags/tutorial_dag.py
[2024-09-29T08:14:21.576+0000] {processor.py:840} INFO - DAG(s) 'tutorial_dag' retrieved from /home/airflow/.local/lib/python3.12/site-packages/airflow/example_dags/tutorial_dag.py
[2024-09-29T08:14:21.591+0000] {logging_mixin.py:188} INFO - [2024-09-29T08:14:21.591+0000] {dag.py:3096} INFO - Sync 1 DAGs
[2024-09-29T08:14:21.601+0000] {logging_mixin.py:188} INFO - [2024-09-29T08:14:21.601+0000] {dag.py:3954} INFO - Setting next_dagrun for tutorial_dag to None, run_after=None
[2024-09-29T08:14:21.622+0000] {processor.py:183} INFO - Processing /home/airflow/.local/lib/python3.12/site-packages/airflow/example_dags/tutorial_dag.py took 0.057 seconds
[2024-09-29T08:14:51.941+0000] {processor.py:161} INFO - Started process (PID=1934) to work on /home/airflow/.local/lib/python3.12/site-packages/airflow/example_dags/tutorial_dag.py
[2024-09-29T08:14:51.941+0000] {processor.py:830} INFO - Processing file /home/airflow/.local/lib/python3.12/site-packages/airflow/example_dags/tutorial_dag.py for tasks to queue
[2024-09-29T08:14:51.943+0000] {logging_mixin.py:188} INFO - [2024-09-29T08:14:51.943+0000] {dagbag.py:540} INFO - Filling up the DagBag from /home/airflow/.local/lib/python3.12/site-packages/airflow/example_dags/tutorial_dag.py
[2024-09-29T08:14:51.948+0000] {processor.py:840} INFO - DAG(s) 'tutorial_dag' retrieved from /home/airflow/.local/lib/python3.12/site-packages/airflow/example_dags/tutorial_dag.py
[2024-09-29T08:14:51.964+0000] {logging_mixin.py:188} INFO - [2024-09-29T08:14:51.964+0000] {dag.py:3096} INFO - Sync 1 DAGs
[2024-09-29T08:14:51.975+0000] {logging_mixin.py:188} INFO - [2024-09-29T08:14:51.975+0000] {dag.py:3954} INFO - Setting next_dagrun for tutorial_dag to None, run_after=None
[2024-09-29T08:14:51.997+0000] {processor.py:183} INFO - Processing /home/airflow/.local/lib/python3.12/site-packages/airflow/example_dags/tutorial_dag.py took 0.061 seconds
[2024-09-29T08:15:22.087+0000] {processor.py:161} INFO - Started process (PID=2196) to work on /home/airflow/.local/lib/python3.12/site-packages/airflow/example_dags/tutorial_dag.py
[2024-09-29T08:15:22.088+0000] {processor.py:830} INFO - Processing file /home/airflow/.local/lib/python3.12/site-packages/airflow/example_dags/tutorial_dag.py for tasks to queue
[2024-09-29T08:15:22.089+0000] {logging_mixin.py:188} INFO - [2024-09-29T08:15:22.089+0000] {dagbag.py:540} INFO - Filling up the DagBag from /home/airflow/.local/lib/python3.12/site-packages/airflow/example_dags/tutorial_dag.py
[2024-09-29T08:15:22.093+0000] {processor.py:840} INFO - DAG(s) 'tutorial_dag' retrieved from /home/airflow/.local/lib/python3.12/site-packages/airflow/example_dags/tutorial_dag.py
[2024-09-29T08:15:22.109+0000] {logging_mixin.py:188} INFO - [2024-09-29T08:15:22.109+0000] {dag.py:3096} INFO - Sync 1 DAGs
[2024-09-29T08:15:22.120+0000] {logging_mixin.py:188} INFO - [2024-09-29T08:15:22.119+0000] {dag.py:3954} INFO - Setting next_dagrun for tutorial_dag to None, run_after=None
[2024-09-29T08:15:22.150+0000] {processor.py:183} INFO - Processing /home/airflow/.local/lib/python3.12/site-packages/airflow/example_dags/tutorial_dag.py took 0.068 seconds
[2024-09-29T08:15:52.331+0000] {processor.py:161} INFO - Started process (PID=2458) to work on /home/airflow/.local/lib/python3.12/site-packages/airflow/example_dags/tutorial_dag.py
[2024-09-29T08:15:52.331+0000] {processor.py:830} INFO - Processing file /home/airflow/.local/lib/python3.12/site-packages/airflow/example_dags/tutorial_dag.py for tasks to queue
[2024-09-29T08:15:52.332+0000] {logging_mixin.py:188} INFO - [2024-09-29T08:15:52.332+0000] {dagbag.py:540} INFO - Filling up the DagBag from /home/airflow/.local/lib/python3.12/site-packages/airflow/example_dags/tutorial_dag.py
[2024-09-29T08:15:52.338+0000] {processor.py:840} INFO - DAG(s) 'tutorial_dag' retrieved from /home/airflow/.local/lib/python3.12/site-packages/airflow/example_dags/tutorial_dag.py
[2024-09-29T08:15:52.355+0000] {logging_mixin.py:188} INFO - [2024-09-29T08:15:52.355+0000] {dag.py:3096} INFO - Sync 1 DAGs
[2024-09-29T08:15:52.369+0000] {logging_mixin.py:188} INFO - [2024-09-29T08:15:52.368+0000] {dag.py:3954} INFO - Setting next_dagrun for tutorial_dag to None, run_after=None
[2024-09-29T08:15:52.393+0000] {processor.py:183} INFO - Processing /home/airflow/.local/lib/python3.12/site-packages/airflow/example_dags/tutorial_dag.py took 0.067 seconds
[2024-09-29T08:16:22.618+0000] {processor.py:161} INFO - Started process (PID=2722) to work on /home/airflow/.local/lib/python3.12/site-packages/airflow/example_dags/tutorial_dag.py
[2024-09-29T08:16:22.619+0000] {processor.py:830} INFO - Processing file /home/airflow/.local/lib/python3.12/site-packages/airflow/example_dags/tutorial_dag.py for tasks to queue
[2024-09-29T08:16:22.620+0000] {logging_mixin.py:188} INFO - [2024-09-29T08:16:22.620+0000] {dagbag.py:540} INFO - Filling up the DagBag from /home/airflow/.local/lib/python3.12/site-packages/airflow/example_dags/tutorial_dag.py
[2024-09-29T08:16:22.624+0000] {processor.py:840} INFO - DAG(s) 'tutorial_dag' retrieved from /home/airflow/.local/lib/python3.12/site-packages/airflow/example_dags/tutorial_dag.py
[2024-09-29T08:16:22.642+0000] {logging_mixin.py:188} INFO - [2024-09-29T08:16:22.641+0000] {dag.py:3096} INFO - Sync 1 DAGs
[2024-09-29T08:16:22.653+0000] {logging_mixin.py:188} INFO - [2024-09-29T08:16:22.653+0000] {dag.py:3954} INFO - Setting next_dagrun for tutorial_dag to None, run_after=None
[2024-09-29T08:16:22.682+0000] {processor.py:183} INFO - Processing /home/airflow/.local/lib/python3.12/site-packages/airflow/example_dags/tutorial_dag.py took 0.069 seconds
[2024-09-29T08:16:52.977+0000] {processor.py:161} INFO - Started process (PID=2982) to work on /home/airflow/.local/lib/python3.12/site-packages/airflow/example_dags/tutorial_dag.py
[2024-09-29T08:16:52.977+0000] {processor.py:830} INFO - Processing file /home/airflow/.local/lib/python3.12/site-packages/airflow/example_dags/tutorial_dag.py for tasks to queue
[2024-09-29T08:16:52.979+0000] {logging_mixin.py:188} INFO - [2024-09-29T08:16:52.978+0000] {dagbag.py:540} INFO - Filling up the DagBag from /home/airflow/.local/lib/python3.12/site-packages/airflow/example_dags/tutorial_dag.py
[2024-09-29T08:16:52.985+0000] {processor.py:840} INFO - DAG(s) 'tutorial_dag' retrieved from /home/airflow/.local/lib/python3.12/site-packages/airflow/example_dags/tutorial_dag.py
[2024-09-29T08:16:53.009+0000] {logging_mixin.py:188} INFO - [2024-09-29T08:16:53.009+0000] {dag.py:3096} INFO - Sync 1 DAGs
[2024-09-29T08:16:53.025+0000] {logging_mixin.py:188} INFO - [2024-09-29T08:16:53.025+0000] {dag.py:3954} INFO - Setting next_dagrun for tutorial_dag to None, run_after=None
[2024-09-29T08:16:53.046+0000] {processor.py:183} INFO - Processing /home/airflow/.local/lib/python3.12/site-packages/airflow/example_dags/tutorial_dag.py took 0.076 seconds
[2024-09-29T08:17:23.238+0000] {processor.py:161} INFO - Started process (PID=3244) to work on /home/airflow/.local/lib/python3.12/site-packages/airflow/example_dags/tutorial_dag.py
[2024-09-29T08:17:23.239+0000] {processor.py:830} INFO - Processing file /home/airflow/.local/lib/python3.12/site-packages/airflow/example_dags/tutorial_dag.py for tasks to queue
[2024-09-29T08:17:23.241+0000] {logging_mixin.py:188} INFO - [2024-09-29T08:17:23.240+0000] {dagbag.py:540} INFO - Filling up the DagBag from /home/airflow/.local/lib/python3.12/site-packages/airflow/example_dags/tutorial_dag.py
[2024-09-29T08:17:23.246+0000] {processor.py:840} INFO - DAG(s) 'tutorial_dag' retrieved from /home/airflow/.local/lib/python3.12/site-packages/airflow/example_dags/tutorial_dag.py
[2024-09-29T08:17:23.267+0000] {logging_mixin.py:188} INFO - [2024-09-29T08:17:23.267+0000] {dag.py:3096} INFO - Sync 1 DAGs
[2024-09-29T08:17:23.277+0000] {logging_mixin.py:188} INFO - [2024-09-29T08:17:23.277+0000] {dag.py:3954} INFO - Setting next_dagrun for tutorial_dag to None, run_after=None
[2024-09-29T08:17:23.297+0000] {processor.py:183} INFO - Processing /home/airflow/.local/lib/python3.12/site-packages/airflow/example_dags/tutorial_dag.py took 0.066 seconds
[2024-09-29T08:17:53.491+0000] {processor.py:161} INFO - Started process (PID=3508) to work on /home/airflow/.local/lib/python3.12/site-packages/airflow/example_dags/tutorial_dag.py
[2024-09-29T08:17:53.491+0000] {processor.py:830} INFO - Processing file /home/airflow/.local/lib/python3.12/site-packages/airflow/example_dags/tutorial_dag.py for tasks to queue
[2024-09-29T08:17:53.493+0000] {logging_mixin.py:188} INFO - [2024-09-29T08:17:53.493+0000] {dagbag.py:540} INFO - Filling up the DagBag from /home/airflow/.local/lib/python3.12/site-packages/airflow/example_dags/tutorial_dag.py
[2024-09-29T08:17:53.498+0000] {processor.py:840} INFO - DAG(s) 'tutorial_dag' retrieved from /home/airflow/.local/lib/python3.12/site-packages/airflow/example_dags/tutorial_dag.py
[2024-09-29T08:17:53.514+0000] {logging_mixin.py:188} INFO - [2024-09-29T08:17:53.514+0000] {dag.py:3096} INFO - Sync 1 DAGs
[2024-09-29T08:17:53.524+0000] {logging_mixin.py:188} INFO - [2024-09-29T08:17:53.524+0000] {dag.py:3954} INFO - Setting next_dagrun for tutorial_dag to None, run_after=None
[2024-09-29T08:17:53.543+0000] {processor.py:183} INFO - Processing /home/airflow/.local/lib/python3.12/site-packages/airflow/example_dags/tutorial_dag.py took 0.058 seconds
[2024-09-29T08:18:23.716+0000] {processor.py:161} INFO - Started process (PID=3770) to work on /home/airflow/.local/lib/python3.12/site-packages/airflow/example_dags/tutorial_dag.py
[2024-09-29T08:18:23.716+0000] {processor.py:830} INFO - Processing file /home/airflow/.local/lib/python3.12/site-packages/airflow/example_dags/tutorial_dag.py for tasks to queue
[2024-09-29T08:18:23.717+0000] {logging_mixin.py:188} INFO - [2024-09-29T08:18:23.717+0000] {dagbag.py:540} INFO - Filling up the DagBag from /home/airflow/.local/lib/python3.12/site-packages/airflow/example_dags/tutorial_dag.py
[2024-09-29T08:18:23.721+0000] {processor.py:840} INFO - DAG(s) 'tutorial_dag' retrieved from /home/airflow/.local/lib/python3.12/site-packages/airflow/example_dags/tutorial_dag.py
[2024-09-29T08:18:23.737+0000] {logging_mixin.py:188} INFO - [2024-09-29T08:18:23.737+0000] {dag.py:3096} INFO - Sync 1 DAGs
[2024-09-29T08:18:23.747+0000] {logging_mixin.py:188} INFO - [2024-09-29T08:18:23.747+0000] {dag.py:3954} INFO - Setting next_dagrun for tutorial_dag to None, run_after=None
[2024-09-29T08:18:23.766+0000] {processor.py:183} INFO - Processing /home/airflow/.local/lib/python3.12/site-packages/airflow/example_dags/tutorial_dag.py took 0.055 seconds
[2024-09-29T08:18:53.966+0000] {processor.py:161} INFO - Started process (PID=4032) to work on /home/airflow/.local/lib/python3.12/site-packages/airflow/example_dags/tutorial_dag.py
[2024-09-29T08:18:53.967+0000] {processor.py:830} INFO - Processing file /home/airflow/.local/lib/python3.12/site-packages/airflow/example_dags/tutorial_dag.py for tasks to queue
[2024-09-29T08:18:53.968+0000] {logging_mixin.py:188} INFO - [2024-09-29T08:18:53.968+0000] {dagbag.py:540} INFO - Filling up the DagBag from /home/airflow/.local/lib/python3.12/site-packages/airflow/example_dags/tutorial_dag.py
[2024-09-29T08:18:53.972+0000] {processor.py:840} INFO - DAG(s) 'tutorial_dag' retrieved from /home/airflow/.local/lib/python3.12/site-packages/airflow/example_dags/tutorial_dag.py
[2024-09-29T08:18:53.988+0000] {logging_mixin.py:188} INFO - [2024-09-29T08:18:53.988+0000] {dag.py:3096} INFO - Sync 1 DAGs
[2024-09-29T08:18:53.998+0000] {logging_mixin.py:188} INFO - [2024-09-29T08:18:53.998+0000] {dag.py:3954} INFO - Setting next_dagrun for tutorial_dag to None, run_after=None
[2024-09-29T08:18:54.016+0000] {processor.py:183} INFO - Processing /home/airflow/.local/lib/python3.12/site-packages/airflow/example_dags/tutorial_dag.py took 0.055 seconds
[2024-09-29T08:19:24.250+0000] {processor.py:161} INFO - Started process (PID=4292) to work on /home/airflow/.local/lib/python3.12/site-packages/airflow/example_dags/tutorial_dag.py
[2024-09-29T08:19:24.251+0000] {processor.py:830} INFO - Processing file /home/airflow/.local/lib/python3.12/site-packages/airflow/example_dags/tutorial_dag.py for tasks to queue
[2024-09-29T08:19:24.253+0000] {logging_mixin.py:188} INFO - [2024-09-29T08:19:24.252+0000] {dagbag.py:540} INFO - Filling up the DagBag from /home/airflow/.local/lib/python3.12/site-packages/airflow/example_dags/tutorial_dag.py
[2024-09-29T08:19:24.258+0000] {processor.py:840} INFO - DAG(s) 'tutorial_dag' retrieved from /home/airflow/.local/lib/python3.12/site-packages/airflow/example_dags/tutorial_dag.py
[2024-09-29T08:19:24.281+0000] {logging_mixin.py:188} INFO - [2024-09-29T08:19:24.280+0000] {dag.py:3096} INFO - Sync 1 DAGs
[2024-09-29T08:19:24.297+0000] {logging_mixin.py:188} INFO - [2024-09-29T08:19:24.297+0000] {dag.py:3954} INFO - Setting next_dagrun for tutorial_dag to None, run_after=None
[2024-09-29T08:19:24.319+0000] {processor.py:183} INFO - Processing /home/airflow/.local/lib/python3.12/site-packages/airflow/example_dags/tutorial_dag.py took 0.076 seconds
[2024-09-29T08:19:54.780+0000] {processor.py:161} INFO - Started process (PID=4556) to work on /home/airflow/.local/lib/python3.12/site-packages/airflow/example_dags/tutorial_dag.py
[2024-09-29T08:19:54.781+0000] {processor.py:830} INFO - Processing file /home/airflow/.local/lib/python3.12/site-packages/airflow/example_dags/tutorial_dag.py for tasks to queue
[2024-09-29T08:19:54.783+0000] {logging_mixin.py:188} INFO - [2024-09-29T08:19:54.783+0000] {dagbag.py:540} INFO - Filling up the DagBag from /home/airflow/.local/lib/python3.12/site-packages/airflow/example_dags/tutorial_dag.py
[2024-09-29T08:19:54.788+0000] {processor.py:840} INFO - DAG(s) 'tutorial_dag' retrieved from /home/airflow/.local/lib/python3.12/site-packages/airflow/example_dags/tutorial_dag.py
[2024-09-29T08:19:54.808+0000] {logging_mixin.py:188} INFO - [2024-09-29T08:19:54.807+0000] {dag.py:3096} INFO - Sync 1 DAGs
[2024-09-29T08:19:54.822+0000] {logging_mixin.py:188} INFO - [2024-09-29T08:19:54.822+0000] {dag.py:3954} INFO - Setting next_dagrun for tutorial_dag to None, run_after=None
[2024-09-29T08:19:54.845+0000] {processor.py:183} INFO - Processing /home/airflow/.local/lib/python3.12/site-packages/airflow/example_dags/tutorial_dag.py took 0.071 seconds
[2024-09-29T08:20:25.605+0000] {processor.py:161} INFO - Started process (PID=4816) to work on /home/airflow/.local/lib/python3.12/site-packages/airflow/example_dags/tutorial_dag.py
[2024-09-29T08:20:25.605+0000] {processor.py:830} INFO - Processing file /home/airflow/.local/lib/python3.12/site-packages/airflow/example_dags/tutorial_dag.py for tasks to queue
[2024-09-29T08:20:25.607+0000] {logging_mixin.py:188} INFO - [2024-09-29T08:20:25.607+0000] {dagbag.py:540} INFO - Filling up the DagBag from /home/airflow/.local/lib/python3.12/site-packages/airflow/example_dags/tutorial_dag.py
[2024-09-29T08:20:25.613+0000] {processor.py:840} INFO - DAG(s) 'tutorial_dag' retrieved from /home/airflow/.local/lib/python3.12/site-packages/airflow/example_dags/tutorial_dag.py
[2024-09-29T08:20:25.633+0000] {logging_mixin.py:188} INFO - [2024-09-29T08:20:25.633+0000] {dag.py:3096} INFO - Sync 1 DAGs
[2024-09-29T08:20:25.646+0000] {logging_mixin.py:188} INFO - [2024-09-29T08:20:25.645+0000] {dag.py:3954} INFO - Setting next_dagrun for tutorial_dag to None, run_after=None
[2024-09-29T08:20:25.665+0000] {processor.py:183} INFO - Processing /home/airflow/.local/lib/python3.12/site-packages/airflow/example_dags/tutorial_dag.py took 0.067 seconds
[2024-09-29T08:20:55.817+0000] {processor.py:161} INFO - Started process (PID=5073) to work on /home/airflow/.local/lib/python3.12/site-packages/airflow/example_dags/tutorial_dag.py
[2024-09-29T08:20:55.817+0000] {processor.py:830} INFO - Processing file /home/airflow/.local/lib/python3.12/site-packages/airflow/example_dags/tutorial_dag.py for tasks to queue
[2024-09-29T08:20:55.818+0000] {logging_mixin.py:188} INFO - [2024-09-29T08:20:55.818+0000] {dagbag.py:540} INFO - Filling up the DagBag from /home/airflow/.local/lib/python3.12/site-packages/airflow/example_dags/tutorial_dag.py
[2024-09-29T08:20:55.822+0000] {processor.py:840} INFO - DAG(s) 'tutorial_dag' retrieved from /home/airflow/.local/lib/python3.12/site-packages/airflow/example_dags/tutorial_dag.py
[2024-09-29T08:20:55.838+0000] {logging_mixin.py:188} INFO - [2024-09-29T08:20:55.838+0000] {dag.py:3096} INFO - Sync 1 DAGs
[2024-09-29T08:20:55.849+0000] {logging_mixin.py:188} INFO - [2024-09-29T08:20:55.849+0000] {dag.py:3954} INFO - Setting next_dagrun for tutorial_dag to None, run_after=None
[2024-09-29T08:20:55.869+0000] {processor.py:183} INFO - Processing /home/airflow/.local/lib/python3.12/site-packages/airflow/example_dags/tutorial_dag.py took 0.057 seconds
[2024-09-29T08:21:26.140+0000] {processor.py:161} INFO - Started process (PID=5335) to work on /home/airflow/.local/lib/python3.12/site-packages/airflow/example_dags/tutorial_dag.py
[2024-09-29T08:21:26.140+0000] {processor.py:830} INFO - Processing file /home/airflow/.local/lib/python3.12/site-packages/airflow/example_dags/tutorial_dag.py for tasks to queue
[2024-09-29T08:21:26.141+0000] {logging_mixin.py:188} INFO - [2024-09-29T08:21:26.141+0000] {dagbag.py:540} INFO - Filling up the DagBag from /home/airflow/.local/lib/python3.12/site-packages/airflow/example_dags/tutorial_dag.py
[2024-09-29T08:21:26.145+0000] {processor.py:840} INFO - DAG(s) 'tutorial_dag' retrieved from /home/airflow/.local/lib/python3.12/site-packages/airflow/example_dags/tutorial_dag.py
[2024-09-29T08:21:26.162+0000] {logging_mixin.py:188} INFO - [2024-09-29T08:21:26.162+0000] {dag.py:3096} INFO - Sync 1 DAGs
[2024-09-29T08:21:26.172+0000] {logging_mixin.py:188} INFO - [2024-09-29T08:21:26.172+0000] {dag.py:3954} INFO - Setting next_dagrun for tutorial_dag to None, run_after=None
[2024-09-29T08:21:26.192+0000] {processor.py:183} INFO - Processing /home/airflow/.local/lib/python3.12/site-packages/airflow/example_dags/tutorial_dag.py took 0.057 seconds
[2024-09-29T08:21:56.498+0000] {processor.py:161} INFO - Started process (PID=5597) to work on /home/airflow/.local/lib/python3.12/site-packages/airflow/example_dags/tutorial_dag.py
[2024-09-29T08:21:56.499+0000] {processor.py:830} INFO - Processing file /home/airflow/.local/lib/python3.12/site-packages/airflow/example_dags/tutorial_dag.py for tasks to queue
[2024-09-29T08:21:56.501+0000] {logging_mixin.py:188} INFO - [2024-09-29T08:21:56.500+0000] {dagbag.py:540} INFO - Filling up the DagBag from /home/airflow/.local/lib/python3.12/site-packages/airflow/example_dags/tutorial_dag.py
[2024-09-29T08:21:56.506+0000] {processor.py:840} INFO - DAG(s) 'tutorial_dag' retrieved from /home/airflow/.local/lib/python3.12/site-packages/airflow/example_dags/tutorial_dag.py
[2024-09-29T08:21:56.523+0000] {logging_mixin.py:188} INFO - [2024-09-29T08:21:56.523+0000] {dag.py:3096} INFO - Sync 1 DAGs
[2024-09-29T08:21:56.534+0000] {logging_mixin.py:188} INFO - [2024-09-29T08:21:56.534+0000] {dag.py:3954} INFO - Setting next_dagrun for tutorial_dag to None, run_after=None
[2024-09-29T08:21:56.557+0000] {processor.py:183} INFO - Processing /home/airflow/.local/lib/python3.12/site-packages/airflow/example_dags/tutorial_dag.py took 0.065 seconds
[2024-09-29T08:22:26.948+0000] {processor.py:161} INFO - Started process (PID=5859) to work on /home/airflow/.local/lib/python3.12/site-packages/airflow/example_dags/tutorial_dag.py
[2024-09-29T08:22:26.949+0000] {processor.py:830} INFO - Processing file /home/airflow/.local/lib/python3.12/site-packages/airflow/example_dags/tutorial_dag.py for tasks to queue
[2024-09-29T08:22:26.950+0000] {logging_mixin.py:188} INFO - [2024-09-29T08:22:26.950+0000] {dagbag.py:540} INFO - Filling up the DagBag from /home/airflow/.local/lib/python3.12/site-packages/airflow/example_dags/tutorial_dag.py
[2024-09-29T08:22:26.954+0000] {processor.py:840} INFO - DAG(s) 'tutorial_dag' retrieved from /home/airflow/.local/lib/python3.12/site-packages/airflow/example_dags/tutorial_dag.py
[2024-09-29T08:22:26.971+0000] {logging_mixin.py:188} INFO - [2024-09-29T08:22:26.971+0000] {dag.py:3096} INFO - Sync 1 DAGs
[2024-09-29T08:22:26.982+0000] {logging_mixin.py:188} INFO - [2024-09-29T08:22:26.982+0000] {dag.py:3954} INFO - Setting next_dagrun for tutorial_dag to None, run_after=None
[2024-09-29T08:22:27.002+0000] {processor.py:183} INFO - Processing /home/airflow/.local/lib/python3.12/site-packages/airflow/example_dags/tutorial_dag.py took 0.059 seconds
[2024-09-29T08:22:57.451+0000] {processor.py:161} INFO - Started process (PID=6121) to work on /home/airflow/.local/lib/python3.12/site-packages/airflow/example_dags/tutorial_dag.py
[2024-09-29T08:22:57.451+0000] {processor.py:830} INFO - Processing file /home/airflow/.local/lib/python3.12/site-packages/airflow/example_dags/tutorial_dag.py for tasks to queue
[2024-09-29T08:22:57.453+0000] {logging_mixin.py:188} INFO - [2024-09-29T08:22:57.453+0000] {dagbag.py:540} INFO - Filling up the DagBag from /home/airflow/.local/lib/python3.12/site-packages/airflow/example_dags/tutorial_dag.py
[2024-09-29T08:22:57.458+0000] {processor.py:840} INFO - DAG(s) 'tutorial_dag' retrieved from /home/airflow/.local/lib/python3.12/site-packages/airflow/example_dags/tutorial_dag.py
[2024-09-29T08:22:57.473+0000] {logging_mixin.py:188} INFO - [2024-09-29T08:22:57.473+0000] {dag.py:3096} INFO - Sync 1 DAGs
[2024-09-29T08:22:57.483+0000] {logging_mixin.py:188} INFO - [2024-09-29T08:22:57.483+0000] {dag.py:3954} INFO - Setting next_dagrun for tutorial_dag to None, run_after=None
[2024-09-29T08:22:57.505+0000] {processor.py:183} INFO - Processing /home/airflow/.local/lib/python3.12/site-packages/airflow/example_dags/tutorial_dag.py took 0.063 seconds
[2024-09-29T08:23:28.068+0000] {processor.py:161} INFO - Started process (PID=6383) to work on /home/airflow/.local/lib/python3.12/site-packages/airflow/example_dags/tutorial_dag.py
[2024-09-29T08:23:28.069+0000] {processor.py:830} INFO - Processing file /home/airflow/.local/lib/python3.12/site-packages/airflow/example_dags/tutorial_dag.py for tasks to queue
[2024-09-29T08:23:28.071+0000] {logging_mixin.py:188} INFO - [2024-09-29T08:23:28.070+0000] {dagbag.py:540} INFO - Filling up the DagBag from /home/airflow/.local/lib/python3.12/site-packages/airflow/example_dags/tutorial_dag.py
[2024-09-29T08:23:28.076+0000] {processor.py:840} INFO - DAG(s) 'tutorial_dag' retrieved from /home/airflow/.local/lib/python3.12/site-packages/airflow/example_dags/tutorial_dag.py
[2024-09-29T08:23:28.095+0000] {logging_mixin.py:188} INFO - [2024-09-29T08:23:28.094+0000] {dag.py:3096} INFO - Sync 1 DAGs
[2024-09-29T08:23:28.106+0000] {logging_mixin.py:188} INFO - [2024-09-29T08:23:28.106+0000] {dag.py:3954} INFO - Setting next_dagrun for tutorial_dag to None, run_after=None
[2024-09-29T08:23:28.125+0000] {processor.py:183} INFO - Processing /home/airflow/.local/lib/python3.12/site-packages/airflow/example_dags/tutorial_dag.py took 0.063 seconds
[2024-09-29T08:23:58.715+0000] {processor.py:161} INFO - Started process (PID=6645) to work on /home/airflow/.local/lib/python3.12/site-packages/airflow/example_dags/tutorial_dag.py
[2024-09-29T08:23:58.716+0000] {processor.py:830} INFO - Processing file /home/airflow/.local/lib/python3.12/site-packages/airflow/example_dags/tutorial_dag.py for tasks to queue
[2024-09-29T08:23:58.717+0000] {logging_mixin.py:188} INFO - [2024-09-29T08:23:58.717+0000] {dagbag.py:540} INFO - Filling up the DagBag from /home/airflow/.local/lib/python3.12/site-packages/airflow/example_dags/tutorial_dag.py
[2024-09-29T08:23:58.721+0000] {processor.py:840} INFO - DAG(s) 'tutorial_dag' retrieved from /home/airflow/.local/lib/python3.12/site-packages/airflow/example_dags/tutorial_dag.py
[2024-09-29T08:23:58.738+0000] {logging_mixin.py:188} INFO - [2024-09-29T08:23:58.738+0000] {dag.py:3096} INFO - Sync 1 DAGs
[2024-09-29T08:23:58.749+0000] {logging_mixin.py:188} INFO - [2024-09-29T08:23:58.749+0000] {dag.py:3954} INFO - Setting next_dagrun for tutorial_dag to None, run_after=None
[2024-09-29T08:23:58.774+0000] {processor.py:183} INFO - Processing /home/airflow/.local/lib/python3.12/site-packages/airflow/example_dags/tutorial_dag.py took 0.063 seconds
[2024-09-29T08:24:29.528+0000] {processor.py:161} INFO - Started process (PID=6907) to work on /home/airflow/.local/lib/python3.12/site-packages/airflow/example_dags/tutorial_dag.py
[2024-09-29T08:24:29.529+0000] {processor.py:830} INFO - Processing file /home/airflow/.local/lib/python3.12/site-packages/airflow/example_dags/tutorial_dag.py for tasks to queue
[2024-09-29T08:24:29.530+0000] {logging_mixin.py:188} INFO - [2024-09-29T08:24:29.530+0000] {dagbag.py:540} INFO - Filling up the DagBag from /home/airflow/.local/lib/python3.12/site-packages/airflow/example_dags/tutorial_dag.py
[2024-09-29T08:24:29.534+0000] {processor.py:840} INFO - DAG(s) 'tutorial_dag' retrieved from /home/airflow/.local/lib/python3.12/site-packages/airflow/example_dags/tutorial_dag.py
[2024-09-29T08:24:29.551+0000] {logging_mixin.py:188} INFO - [2024-09-29T08:24:29.551+0000] {dag.py:3096} INFO - Sync 1 DAGs
[2024-09-29T08:24:29.561+0000] {logging_mixin.py:188} INFO - [2024-09-29T08:24:29.561+0000] {dag.py:3954} INFO - Setting next_dagrun for tutorial_dag to None, run_after=None
[2024-09-29T08:24:29.581+0000] {processor.py:183} INFO - Processing /home/airflow/.local/lib/python3.12/site-packages/airflow/example_dags/tutorial_dag.py took 0.057 seconds
[2024-09-29T08:24:59.915+0000] {processor.py:161} INFO - Started process (PID=7169) to work on /home/airflow/.local/lib/python3.12/site-packages/airflow/example_dags/tutorial_dag.py
[2024-09-29T08:24:59.916+0000] {processor.py:830} INFO - Processing file /home/airflow/.local/lib/python3.12/site-packages/airflow/example_dags/tutorial_dag.py for tasks to queue
[2024-09-29T08:24:59.917+0000] {logging_mixin.py:188} INFO - [2024-09-29T08:24:59.917+0000] {dagbag.py:540} INFO - Filling up the DagBag from /home/airflow/.local/lib/python3.12/site-packages/airflow/example_dags/tutorial_dag.py
[2024-09-29T08:24:59.923+0000] {processor.py:840} INFO - DAG(s) 'tutorial_dag' retrieved from /home/airflow/.local/lib/python3.12/site-packages/airflow/example_dags/tutorial_dag.py
[2024-09-29T08:24:59.942+0000] {logging_mixin.py:188} INFO - [2024-09-29T08:24:59.941+0000] {dag.py:3096} INFO - Sync 1 DAGs
[2024-09-29T08:24:59.953+0000] {logging_mixin.py:188} INFO - [2024-09-29T08:24:59.953+0000] {dag.py:3954} INFO - Setting next_dagrun for tutorial_dag to None, run_after=None
[2024-09-29T08:24:59.972+0000] {processor.py:183} INFO - Processing /home/airflow/.local/lib/python3.12/site-packages/airflow/example_dags/tutorial_dag.py took 0.064 seconds
[2024-09-29T08:25:30.122+0000] {processor.py:161} INFO - Started process (PID=7431) to work on /home/airflow/.local/lib/python3.12/site-packages/airflow/example_dags/tutorial_dag.py
[2024-09-29T08:25:30.123+0000] {processor.py:830} INFO - Processing file /home/airflow/.local/lib/python3.12/site-packages/airflow/example_dags/tutorial_dag.py for tasks to queue
[2024-09-29T08:25:30.125+0000] {logging_mixin.py:188} INFO - [2024-09-29T08:25:30.124+0000] {dagbag.py:540} INFO - Filling up the DagBag from /home/airflow/.local/lib/python3.12/site-packages/airflow/example_dags/tutorial_dag.py
[2024-09-29T08:25:30.130+0000] {processor.py:840} INFO - DAG(s) 'tutorial_dag' retrieved from /home/airflow/.local/lib/python3.12/site-packages/airflow/example_dags/tutorial_dag.py
[2024-09-29T08:25:30.147+0000] {logging_mixin.py:188} INFO - [2024-09-29T08:25:30.147+0000] {dag.py:3096} INFO - Sync 1 DAGs
[2024-09-29T08:25:30.158+0000] {logging_mixin.py:188} INFO - [2024-09-29T08:25:30.158+0000] {dag.py:3954} INFO - Setting next_dagrun for tutorial_dag to None, run_after=None
[2024-09-29T08:25:30.178+0000] {processor.py:183} INFO - Processing /home/airflow/.local/lib/python3.12/site-packages/airflow/example_dags/tutorial_dag.py took 0.062 seconds
