[2024-10-01T18:58:05.716+0000] {local_task_job_runner.py:120} INFO - ::group::Pre task execution logs
[2024-10-01T18:58:05.755+0000] {taskinstance.py:2073} INFO - Dependencies all met for dep_context=non-requeueable deps ti=<TaskInstance: etl_with_cleaning_transfer.clean_and_transfer_csv_files.clean_and_transfer_product manual__2024-10-01T18:58:00.572548+00:00 [queued]>
[2024-10-01T18:58:05.776+0000] {taskinstance.py:2073} INFO - Dependencies all met for dep_context=requeueable deps ti=<TaskInstance: etl_with_cleaning_transfer.clean_and_transfer_csv_files.clean_and_transfer_product manual__2024-10-01T18:58:00.572548+00:00 [queued]>
[2024-10-01T18:58:05.777+0000] {taskinstance.py:2303} INFO - Starting attempt 1 of 1
[2024-10-01T18:58:05.803+0000] {taskinstance.py:2327} INFO - Executing <Task(PythonOperator): clean_and_transfer_csv_files.clean_and_transfer_product> on 2024-10-01 18:58:00.572548+00:00
[2024-10-01T18:58:05.821+0000] {standard_task_runner.py:90} INFO - Running: ['***', 'tasks', 'run', 'etl_with_cleaning_transfer', 'clean_and_transfer_csv_files.clean_and_transfer_product', 'manual__2024-10-01T18:58:00.572548+00:00', '--job-id', '3132', '--raw', '--subdir', 'DAGS_FOLDER/etl.py', '--cfg-path', '/tmp/tmpj18mx78l']
[2024-10-01T18:58:05.823+0000] {standard_task_runner.py:91} INFO - Job 3132: Subtask clean_and_transfer_csv_files.clean_and_transfer_product
[2024-10-01T18:58:05.823+0000] {logging_mixin.py:188} WARNING - /home/***/.local/lib/python3.12/site-packages/***/task/task_runner/standard_task_runner.py:61 DeprecationWarning: This process (pid=40038) is multi-threaded, use of fork() may lead to deadlocks in the child.
[2024-10-01T18:58:05.827+0000] {standard_task_runner.py:63} INFO - Started process 40091 to run task
[2024-10-01T18:58:05.919+0000] {task_command.py:426} INFO - Running <TaskInstance: etl_with_cleaning_transfer.clean_and_transfer_csv_files.clean_and_transfer_product manual__2024-10-01T18:58:00.572548+00:00 [running]> on host 71321b93f95e
[2024-10-01T18:58:06.060+0000] {taskinstance.py:2644} INFO - Exporting env vars: AIRFLOW_CTX_DAG_OWNER='***' AIRFLOW_CTX_DAG_ID='etl_with_cleaning_transfer' AIRFLOW_CTX_TASK_ID='clean_and_transfer_csv_files.clean_and_transfer_product' AIRFLOW_CTX_EXECUTION_DATE='2024-10-01T18:58:00.572548+00:00' AIRFLOW_CTX_TRY_NUMBER='1' AIRFLOW_CTX_DAG_RUN_ID='manual__2024-10-01T18:58:00.572548+00:00'
[2024-10-01T18:58:06.063+0000] {taskinstance.py:430} INFO - ::endgroup::
[2024-10-01T18:58:06.090+0000] {connection.py:274} WARNING - Connection schemes (type: google_cloud_platform) shall not contain '_' according to RFC3986.
[2024-10-01T18:58:06.096+0000] {base.py:84} INFO - Using connection ID 'my-gcp-conn' for task execution.
[2024-10-01T18:58:07.393+0000] {gcs.py:344} INFO - File downloaded to /tmp/product.csv
[2024-10-01T18:58:08.562+0000] {gcs.py:557} INFO - File /tmp/cleaned_product.csv uploaded to cleaned_product.csv in storage-madt-finalproject bucket
[2024-10-01T18:58:08.562+0000] {python.py:237} INFO - Done. Returned value was: None
[2024-10-01T18:58:08.562+0000] {taskinstance.py:441} INFO - ::group::Post task execution logs
[2024-10-01T18:58:08.570+0000] {taskinstance.py:1205} INFO - Marking task as SUCCESS. dag_id=etl_with_cleaning_transfer, task_id=clean_and_transfer_csv_files.clean_and_transfer_product, execution_date=20241001T185800, start_date=20241001T185805, end_date=20241001T185808
[2024-10-01T18:58:08.617+0000] {local_task_job_runner.py:240} INFO - Task exited with return code 0
[2024-10-01T18:58:08.647+0000] {taskinstance.py:3482} INFO - 0 downstream tasks scheduled from follow-on schedule check
[2024-10-01T18:58:08.653+0000] {local_task_job_runner.py:222} INFO - ::endgroup::
