[2024-10-01T18:07:10.125+0000] {local_task_job_runner.py:120} INFO - ::group::Pre task execution logs
[2024-10-01T18:07:10.152+0000] {taskinstance.py:2073} INFO - Dependencies all met for dep_context=non-requeueable deps ti=<TaskInstance: etl_with_cleaning_transfer.gcs_to_bigquery.gcs_to_bq_product manual__2024-10-01T18:06:53.503525+00:00 [queued]>
[2024-10-01T18:07:10.172+0000] {taskinstance.py:2073} INFO - Dependencies all met for dep_context=requeueable deps ti=<TaskInstance: etl_with_cleaning_transfer.gcs_to_bigquery.gcs_to_bq_product manual__2024-10-01T18:06:53.503525+00:00 [queued]>
[2024-10-01T18:07:10.173+0000] {taskinstance.py:2303} INFO - Starting attempt 1 of 4
[2024-10-01T18:07:10.194+0000] {taskinstance.py:2327} INFO - Executing <Task(GCSToBigQueryOperator): gcs_to_bigquery.gcs_to_bq_product> on 2024-10-01 18:06:53.503525+00:00
[2024-10-01T18:07:10.223+0000] {standard_task_runner.py:90} INFO - Running: ['***', 'tasks', 'run', 'etl_with_cleaning_transfer', 'gcs_to_bigquery.gcs_to_bq_product', 'manual__2024-10-01T18:06:53.503525+00:00', '--job-id', '2863', '--raw', '--subdir', 'DAGS_FOLDER/etl.py', '--cfg-path', '/tmp/tmpijni_tjl']
[2024-10-01T18:07:10.226+0000] {standard_task_runner.py:91} INFO - Job 2863: Subtask gcs_to_bigquery.gcs_to_bq_product
[2024-10-01T18:07:10.229+0000] {logging_mixin.py:188} WARNING - /home/***/.local/lib/python3.12/site-packages/***/task/task_runner/standard_task_runner.py:61 DeprecationWarning: This process (pid=12709) is multi-threaded, use of fork() may lead to deadlocks in the child.
[2024-10-01T18:07:10.233+0000] {standard_task_runner.py:63} INFO - Started process 12725 to run task
[2024-10-01T18:07:10.326+0000] {task_command.py:426} INFO - Running <TaskInstance: etl_with_cleaning_transfer.gcs_to_bigquery.gcs_to_bq_product manual__2024-10-01T18:06:53.503525+00:00 [running]> on host 71321b93f95e
[2024-10-01T18:07:10.569+0000] {taskinstance.py:2644} INFO - Exporting env vars: AIRFLOW_CTX_DAG_OWNER='***' AIRFLOW_CTX_DAG_ID='etl_with_cleaning_transfer' AIRFLOW_CTX_TASK_ID='gcs_to_bigquery.gcs_to_bq_product' AIRFLOW_CTX_EXECUTION_DATE='2024-10-01T18:06:53.503525+00:00' AIRFLOW_CTX_TRY_NUMBER='1' AIRFLOW_CTX_DAG_RUN_ID='manual__2024-10-01T18:06:53.503525+00:00'
[2024-10-01T18:07:10.575+0000] {taskinstance.py:430} INFO - ::endgroup::
[2024-10-01T18:07:10.599+0000] {connection.py:274} WARNING - Connection schemes (type: google_cloud_platform) shall not contain '_' according to RFC3986.
[2024-10-01T18:07:10.614+0000] {base.py:84} INFO - Using connection ID 'my-gcp-conn' for task execution.
[2024-10-01T18:07:10.615+0000] {gcs_to_bigquery.py:379} INFO - Using existing BigQuery table for storing data...
[2024-10-01T18:07:10.712+0000] {gcs_to_bigquery.py:383} INFO - Executing: {'load': {'autodetect': True, 'createDisposition': 'CREATE_IF_NEEDED', 'destinationTable': {'projectId': 'madt-finalproject', 'datasetId': 'finalproject_data', 'tableId': 'product'}, 'sourceFormat': 'CSV', 'sourceUris': ['gs://storage-madt-finalproject/product.csv'], 'writeDisposition': 'WRITE_TRUNCATE', 'ignoreUnknownValues': False, 'skipLeadingRows': 1, 'fieldDelimiter': ',', 'quote': None, 'allowQuotedNewlines': False, 'encoding': 'UTF-8'}}
[2024-10-01T18:07:10.713+0000] {bigquery.py:1613} INFO - Inserting job ***_etl_with_cleaning_transfer_gcs_to_bigquery_gcs_to_bq_product_2024_10_01T18_06_53_503525_00_00_e06ef0414ace86c3cfc15288d7fcf0a5
[2024-10-01T18:07:14.216+0000] {taskinstance.py:441} INFO - ::group::Post task execution logs
[2024-10-01T18:07:14.225+0000] {taskinstance.py:1205} INFO - Marking task as SUCCESS. dag_id=etl_with_cleaning_transfer, task_id=gcs_to_bigquery.gcs_to_bq_product, execution_date=20241001T180653, start_date=20241001T180710, end_date=20241001T180714
[2024-10-01T18:07:14.267+0000] {local_task_job_runner.py:240} INFO - Task exited with return code 0
[2024-10-01T18:07:14.286+0000] {taskinstance.py:3482} INFO - 0 downstream tasks scheduled from follow-on schedule check
[2024-10-01T18:07:14.293+0000] {local_task_job_runner.py:222} INFO - ::endgroup::
