[2024-09-29T14:30:34.857+0000] {local_task_job_runner.py:120} INFO - ::group::Pre task execution logs
[2024-09-29T14:30:34.947+0000] {taskinstance.py:2073} INFO - Dependencies all met for dep_context=non-requeueable deps ti=<TaskInstance: etl.gcs_to_bq_zoning scheduled__2024-08-23T00:00:00+00:00 [queued]>
[2024-09-29T14:30:34.998+0000] {taskinstance.py:2073} INFO - Dependencies all met for dep_context=requeueable deps ti=<TaskInstance: etl.gcs_to_bq_zoning scheduled__2024-08-23T00:00:00+00:00 [queued]>
[2024-09-29T14:30:35.004+0000] {taskinstance.py:2303} INFO - Starting attempt 1 of 1
[2024-09-29T14:30:35.505+0000] {taskinstance.py:2327} INFO - Executing <Task(GCSToBigQueryOperator): gcs_to_bq_zoning> on 2024-08-23 00:00:00+00:00
[2024-09-29T14:30:35.579+0000] {standard_task_runner.py:90} INFO - Running: ['***', 'tasks', 'run', 'etl', 'gcs_to_bq_zoning', 'scheduled__2024-08-23T00:00:00+00:00', '--job-id', '2111', '--raw', '--subdir', 'DAGS_FOLDER/etl.py', '--cfg-path', '/tmp/tmpqaup0t_f']
[2024-09-29T14:30:35.580+0000] {standard_task_runner.py:91} INFO - Job 2111: Subtask gcs_to_bq_zoning
[2024-09-29T14:30:35.598+0000] {logging_mixin.py:188} WARNING - /home/***/.local/lib/python3.12/site-packages/***/task/task_runner/standard_task_runner.py:61 DeprecationWarning: This process (pid=23441) is multi-threaded, use of fork() may lead to deadlocks in the child.
[2024-09-29T14:30:35.599+0000] {standard_task_runner.py:63} INFO - Started process 23538 to run task
[2024-09-29T14:30:35.811+0000] {task_command.py:426} INFO - Running <TaskInstance: etl.gcs_to_bq_zoning scheduled__2024-08-23T00:00:00+00:00 [running]> on host 71321b93f95e
[2024-09-29T14:30:36.095+0000] {taskinstance.py:2644} INFO - Exporting env vars: AIRFLOW_CTX_DAG_OWNER='***' AIRFLOW_CTX_DAG_ID='etl' AIRFLOW_CTX_TASK_ID='gcs_to_bq_zoning' AIRFLOW_CTX_EXECUTION_DATE='2024-08-23T00:00:00+00:00' AIRFLOW_CTX_TRY_NUMBER='1' AIRFLOW_CTX_DAG_RUN_ID='scheduled__2024-08-23T00:00:00+00:00'
[2024-09-29T14:30:36.096+0000] {taskinstance.py:430} INFO - ::endgroup::
[2024-09-29T14:30:36.125+0000] {connection.py:274} WARNING - Connection schemes (type: google_cloud_platform) shall not contain '_' according to RFC3986.
[2024-09-29T14:30:36.146+0000] {base.py:84} INFO - Using connection ID 'my-gcp-conn' for task execution.
[2024-09-29T14:30:36.147+0000] {gcs_to_bigquery.py:379} INFO - Using existing BigQuery table for storing data...
[2024-09-29T14:30:36.333+0000] {gcs_to_bigquery.py:383} INFO - Executing: {'load': {'autodetect': True, 'createDisposition': 'CREATE_IF_NEEDED', 'destinationTable': {'projectId': 'madt-finalproject', 'datasetId': 'finalproject_data', 'tableId': 'zoning'}, 'sourceFormat': 'CSV', 'sourceUris': ['gs://storage-madt-finalproject/zoning.csv'], 'writeDisposition': 'WRITE_TRUNCATE', 'ignoreUnknownValues': False, 'skipLeadingRows': None, 'fieldDelimiter': ',', 'quote': None, 'allowQuotedNewlines': False, 'encoding': 'UTF-8'}}
[2024-09-29T14:30:36.334+0000] {bigquery.py:1613} INFO - Inserting job ***_etl_gcs_to_bq_zoning_2024_08_23T00_00_00_00_00_96280a2c581a0b16111517b61ebe4afa
[2024-09-29T14:30:39.906+0000] {taskinstance.py:441} INFO - ::group::Post task execution logs
[2024-09-29T14:30:39.939+0000] {taskinstance.py:1205} INFO - Marking task as SUCCESS. dag_id=etl, task_id=gcs_to_bq_zoning, execution_date=20240823T000000, start_date=20240929T143034, end_date=20240929T143039
[2024-09-29T14:30:40.119+0000] {local_task_job_runner.py:240} INFO - Task exited with return code 0
[2024-09-29T14:30:40.179+0000] {taskinstance.py:3482} INFO - 0 downstream tasks scheduled from follow-on schedule check
[2024-09-29T14:30:40.197+0000] {local_task_job_runner.py:222} INFO - ::endgroup::
