[2024-09-29T14:27:35.735+0000] {local_task_job_runner.py:120} INFO - ::group::Pre task execution logs
[2024-09-29T14:27:35.835+0000] {taskinstance.py:2073} INFO - Dependencies all met for dep_context=non-requeueable deps ti=<TaskInstance: etl.gcs_to_bq_customer scheduled__2024-08-10T00:00:00+00:00 [queued]>
[2024-09-29T14:27:35.883+0000] {taskinstance.py:2073} INFO - Dependencies all met for dep_context=requeueable deps ti=<TaskInstance: etl.gcs_to_bq_customer scheduled__2024-08-10T00:00:00+00:00 [queued]>
[2024-09-29T14:27:35.883+0000] {taskinstance.py:2303} INFO - Starting attempt 1 of 1
[2024-09-29T14:27:36.529+0000] {taskinstance.py:2327} INFO - Executing <Task(GCSToBigQueryOperator): gcs_to_bq_customer> on 2024-08-10 00:00:00+00:00
[2024-09-29T14:27:36.601+0000] {standard_task_runner.py:90} INFO - Running: ['***', 'tasks', 'run', 'etl', 'gcs_to_bq_customer', 'scheduled__2024-08-10T00:00:00+00:00', '--job-id', '1845', '--raw', '--subdir', 'DAGS_FOLDER/etl.py', '--cfg-path', '/tmp/tmpfn3s63x7']
[2024-09-29T14:27:36.607+0000] {standard_task_runner.py:91} INFO - Job 1845: Subtask gcs_to_bq_customer
[2024-09-29T14:27:36.619+0000] {logging_mixin.py:188} WARNING - /home/***/.local/lib/python3.12/site-packages/***/task/task_runner/standard_task_runner.py:61 DeprecationWarning: This process (pid=21120) is multi-threaded, use of fork() may lead to deadlocks in the child.
[2024-09-29T14:27:36.620+0000] {standard_task_runner.py:63} INFO - Started process 21191 to run task
[2024-09-29T14:27:36.848+0000] {task_command.py:426} INFO - Running <TaskInstance: etl.gcs_to_bq_customer scheduled__2024-08-10T00:00:00+00:00 [running]> on host 71321b93f95e
[2024-09-29T14:27:37.389+0000] {taskinstance.py:2644} INFO - Exporting env vars: AIRFLOW_CTX_DAG_OWNER='***' AIRFLOW_CTX_DAG_ID='etl' AIRFLOW_CTX_TASK_ID='gcs_to_bq_customer' AIRFLOW_CTX_EXECUTION_DATE='2024-08-10T00:00:00+00:00' AIRFLOW_CTX_TRY_NUMBER='1' AIRFLOW_CTX_DAG_RUN_ID='scheduled__2024-08-10T00:00:00+00:00'
[2024-09-29T14:27:37.393+0000] {taskinstance.py:430} INFO - ::endgroup::
[2024-09-29T14:27:37.422+0000] {connection.py:274} WARNING - Connection schemes (type: google_cloud_platform) shall not contain '_' according to RFC3986.
[2024-09-29T14:27:37.449+0000] {base.py:84} INFO - Using connection ID 'my-gcp-conn' for task execution.
[2024-09-29T14:27:37.453+0000] {gcs_to_bigquery.py:379} INFO - Using existing BigQuery table for storing data...
[2024-09-29T14:27:37.711+0000] {gcs_to_bigquery.py:383} INFO - Executing: {'load': {'autodetect': True, 'createDisposition': 'CREATE_IF_NEEDED', 'destinationTable': {'projectId': 'madt-finalproject', 'datasetId': 'finalproject_data', 'tableId': 'customer'}, 'sourceFormat': 'CSV', 'sourceUris': ['gs://storage-madt-finalproject/customer.csv'], 'writeDisposition': 'WRITE_TRUNCATE', 'ignoreUnknownValues': False, 'skipLeadingRows': None, 'fieldDelimiter': ',', 'quote': None, 'allowQuotedNewlines': False, 'encoding': 'UTF-8'}}
[2024-09-29T14:27:37.723+0000] {bigquery.py:1613} INFO - Inserting job ***_etl_gcs_to_bq_customer_2024_08_10T00_00_00_00_00_0930ac8665954db32f5c5191b14d90c4
[2024-09-29T14:27:40.575+0000] {taskinstance.py:441} INFO - ::group::Post task execution logs
[2024-09-29T14:27:40.594+0000] {taskinstance.py:1205} INFO - Marking task as SUCCESS. dag_id=etl, task_id=gcs_to_bq_customer, execution_date=20240810T000000, start_date=20240929T142735, end_date=20240929T142740
[2024-09-29T14:27:40.755+0000] {local_task_job_runner.py:240} INFO - Task exited with return code 0
[2024-09-29T14:27:40.814+0000] {taskinstance.py:3482} INFO - 0 downstream tasks scheduled from follow-on schedule check
[2024-09-29T14:27:40.826+0000] {local_task_job_runner.py:222} INFO - ::endgroup::
