[2024-11-06T14:59:49.461+0000] {local_task_job_runner.py:120} INFO - ::group::Pre task execution logs
[2024-11-06T14:59:49.482+0000] {taskinstance.py:2073} INFO - Dependencies all met for dep_context=non-requeueable deps ti=<TaskInstance: etl_data_pipeline_v2.gcs_to_bigquery.gcs_to_bq_transaction manual__2024-11-06T14:59:30.599580+00:00 [queued]>
[2024-11-06T14:59:49.490+0000] {taskinstance.py:2073} INFO - Dependencies all met for dep_context=requeueable deps ti=<TaskInstance: etl_data_pipeline_v2.gcs_to_bigquery.gcs_to_bq_transaction manual__2024-11-06T14:59:30.599580+00:00 [queued]>
[2024-11-06T14:59:49.491+0000] {taskinstance.py:2303} INFO - Starting attempt 1 of 4
[2024-11-06T14:59:49.529+0000] {taskinstance.py:2327} INFO - Executing <Task(GCSToBigQueryOperator): gcs_to_bigquery.gcs_to_bq_transaction> on 2024-11-06 14:59:30.599580+00:00
[2024-11-06T14:59:49.547+0000] {logging_mixin.py:188} WARNING - /home/***/.local/lib/python3.12/site-packages/***/task/task_runner/standard_task_runner.py:61 DeprecationWarning: This process (pid=6937) is multi-threaded, use of fork() may lead to deadlocks in the child.
[2024-11-06T14:59:49.548+0000] {standard_task_runner.py:63} INFO - Started process 7013 to run task
[2024-11-06T14:59:49.547+0000] {standard_task_runner.py:90} INFO - Running: ['***', 'tasks', 'run', 'etl_data_pipeline_v2', 'gcs_to_bigquery.gcs_to_bq_transaction', 'manual__2024-11-06T14:59:30.599580+00:00', '--job-id', '3683', '--raw', '--subdir', 'DAGS_FOLDER/etl2.py', '--cfg-path', '/tmp/tmp9klebg9o']
[2024-11-06T14:59:49.550+0000] {standard_task_runner.py:91} INFO - Job 3683: Subtask gcs_to_bigquery.gcs_to_bq_transaction
[2024-11-06T14:59:49.656+0000] {task_command.py:426} INFO - Running <TaskInstance: etl_data_pipeline_v2.gcs_to_bigquery.gcs_to_bq_transaction manual__2024-11-06T14:59:30.599580+00:00 [running]> on host 71321b93f95e
[2024-11-06T14:59:50.030+0000] {taskinstance.py:2644} INFO - Exporting env vars: AIRFLOW_CTX_DAG_OWNER='***' AIRFLOW_CTX_DAG_ID='etl_data_pipeline_v2' AIRFLOW_CTX_TASK_ID='gcs_to_bigquery.gcs_to_bq_transaction' AIRFLOW_CTX_EXECUTION_DATE='2024-11-06T14:59:30.599580+00:00' AIRFLOW_CTX_TRY_NUMBER='1' AIRFLOW_CTX_DAG_RUN_ID='manual__2024-11-06T14:59:30.599580+00:00'
[2024-11-06T14:59:50.043+0000] {taskinstance.py:430} INFO - ::endgroup::
[2024-11-06T14:59:50.080+0000] {connection.py:274} WARNING - Connection schemes (type: google_cloud_platform) shall not contain '_' according to RFC3986.
[2024-11-06T14:59:50.087+0000] {base.py:84} INFO - Using connection ID 'my-gcp-conn' for task execution.
[2024-11-06T14:59:50.100+0000] {gcs_to_bigquery.py:379} INFO - Using existing BigQuery table for storing data...
[2024-11-06T14:59:50.388+0000] {gcs_to_bigquery.py:383} INFO - Executing: {'load': {'autodetect': True, 'createDisposition': 'CREATE_IF_NEEDED', 'destinationTable': {'projectId': 'madt-finalproject', 'datasetId': 'finalproject_data', 'tableId': 'transaction'}, 'sourceFormat': 'CSV', 'sourceUris': ['gs://storage-madt-finalproject/transaction.csv'], 'writeDisposition': 'WRITE_TRUNCATE', 'ignoreUnknownValues': True, 'schema': {'fields': [{'name': 'InvoiceNo', 'type': 'STRING'}, {'name': 'ProductId', 'type': 'STRING'}, {'name': 'Quantity', 'type': 'INT64'}, {'name': 'TypeId', 'type': 'STRING'}, {'name': 'Reorder_Cause_ID', 'type': 'STRING'}]}, 'skipLeadingRows': 1, 'fieldDelimiter': ',', 'quote': None, 'allowQuotedNewlines': False, 'encoding': 'UTF-8'}}
[2024-11-06T14:59:50.391+0000] {bigquery.py:1613} INFO - Inserting job ***_etl_data_pipeline_v2_gcs_to_bigquery_gcs_to_bq_transaction_2024_11_06T14_59_30_599580_00_00_01c6c0d6864cdbf32889a363848c4238
[2024-11-06T14:59:55.279+0000] {taskinstance.py:441} INFO - ::group::Post task execution logs
[2024-11-06T14:59:55.287+0000] {taskinstance.py:1205} INFO - Marking task as SUCCESS. dag_id=etl_data_pipeline_v2, task_id=gcs_to_bigquery.gcs_to_bq_transaction, execution_date=20241106T145930, start_date=20241106T145949, end_date=20241106T145955
[2024-11-06T14:59:55.318+0000] {local_task_job_runner.py:240} INFO - Task exited with return code 0
[2024-11-06T14:59:55.336+0000] {taskinstance.py:3482} INFO - 0 downstream tasks scheduled from follow-on schedule check
[2024-11-06T14:59:55.340+0000] {local_task_job_runner.py:222} INFO - ::endgroup::
