[2024-09-29T14:36:12.036+0000] {local_task_job_runner.py:120} INFO - ::group::Pre task execution logs
[2024-09-29T14:36:12.098+0000] {taskinstance.py:2073} INFO - Dependencies all met for dep_context=non-requeueable deps ti=<TaskInstance: etl.gcs_to_bq_zoning scheduled__2024-09-21T00:00:00+00:00 [queued]>
[2024-09-29T14:36:12.132+0000] {taskinstance.py:2073} INFO - Dependencies all met for dep_context=requeueable deps ti=<TaskInstance: etl.gcs_to_bq_zoning scheduled__2024-09-21T00:00:00+00:00 [queued]>
[2024-09-29T14:36:12.133+0000] {taskinstance.py:2303} INFO - Starting attempt 1 of 1
[2024-09-29T14:36:12.185+0000] {taskinstance.py:2327} INFO - Executing <Task(GCSToBigQueryOperator): gcs_to_bq_zoning> on 2024-09-21 00:00:00+00:00
[2024-09-29T14:36:12.221+0000] {logging_mixin.py:188} WARNING - /home/***/.local/lib/python3.12/site-packages/***/task/task_runner/standard_task_runner.py:61 DeprecationWarning: This process (pid=27805) is multi-threaded, use of fork() may lead to deadlocks in the child.
[2024-09-29T14:36:12.224+0000] {standard_task_runner.py:63} INFO - Started process 27898 to run task
[2024-09-29T14:36:12.223+0000] {standard_task_runner.py:90} INFO - Running: ['***', 'tasks', 'run', 'etl', 'gcs_to_bq_zoning', 'scheduled__2024-09-21T00:00:00+00:00', '--job-id', '2599', '--raw', '--subdir', 'DAGS_FOLDER/etl.py', '--cfg-path', '/tmp/tmpt057ojuo']
[2024-09-29T14:36:12.228+0000] {standard_task_runner.py:91} INFO - Job 2599: Subtask gcs_to_bq_zoning
[2024-09-29T14:36:12.449+0000] {task_command.py:426} INFO - Running <TaskInstance: etl.gcs_to_bq_zoning scheduled__2024-09-21T00:00:00+00:00 [running]> on host 71321b93f95e
[2024-09-29T14:36:12.810+0000] {taskinstance.py:2644} INFO - Exporting env vars: AIRFLOW_CTX_DAG_OWNER='***' AIRFLOW_CTX_DAG_ID='etl' AIRFLOW_CTX_TASK_ID='gcs_to_bq_zoning' AIRFLOW_CTX_EXECUTION_DATE='2024-09-21T00:00:00+00:00' AIRFLOW_CTX_TRY_NUMBER='1' AIRFLOW_CTX_DAG_RUN_ID='scheduled__2024-09-21T00:00:00+00:00'
[2024-09-29T14:36:12.816+0000] {taskinstance.py:430} INFO - ::endgroup::
[2024-09-29T14:36:12.837+0000] {connection.py:274} WARNING - Connection schemes (type: google_cloud_platform) shall not contain '_' according to RFC3986.
[2024-09-29T14:36:12.857+0000] {base.py:84} INFO - Using connection ID 'my-gcp-conn' for task execution.
[2024-09-29T14:36:12.865+0000] {gcs_to_bigquery.py:379} INFO - Using existing BigQuery table for storing data...
[2024-09-29T14:36:12.996+0000] {gcs_to_bigquery.py:383} INFO - Executing: {'load': {'autodetect': True, 'createDisposition': 'CREATE_IF_NEEDED', 'destinationTable': {'projectId': 'madt-finalproject', 'datasetId': 'finalproject_data', 'tableId': 'zoning'}, 'sourceFormat': 'CSV', 'sourceUris': ['gs://storage-madt-finalproject/zoning.csv'], 'writeDisposition': 'WRITE_TRUNCATE', 'ignoreUnknownValues': False, 'skipLeadingRows': None, 'fieldDelimiter': ',', 'quote': None, 'allowQuotedNewlines': False, 'encoding': 'UTF-8'}}
[2024-09-29T14:36:13.001+0000] {bigquery.py:1613} INFO - Inserting job ***_etl_gcs_to_bq_zoning_2024_09_21T00_00_00_00_00_cd54b86e55a0cb90a38afbb3a111252f
[2024-09-29T14:36:16.015+0000] {taskinstance.py:441} INFO - ::group::Post task execution logs
[2024-09-29T14:36:16.036+0000] {taskinstance.py:1205} INFO - Marking task as SUCCESS. dag_id=etl, task_id=gcs_to_bq_zoning, execution_date=20240921T000000, start_date=20240929T143612, end_date=20240929T143616
[2024-09-29T14:36:16.153+0000] {local_task_job_runner.py:240} INFO - Task exited with return code 0
[2024-09-29T14:36:16.497+0000] {taskinstance.py:3482} INFO - 0 downstream tasks scheduled from follow-on schedule check
[2024-09-29T14:36:16.508+0000] {local_task_job_runner.py:222} INFO - ::endgroup::
