[2024-11-05T16:19:21.400+0000] {local_task_job_runner.py:120} INFO - ::group::Pre task execution logs
[2024-11-05T16:19:22.086+0000] {taskinstance.py:2073} INFO - Dependencies all met for dep_context=non-requeueable deps ti=<TaskInstance: etl_data_pipeline_v2.gcs_to_bigquery.gcs_to_bq_product manual__2024-11-05T16:19:04.743499+00:00 [queued]>
[2024-11-05T16:19:22.119+0000] {taskinstance.py:2073} INFO - Dependencies all met for dep_context=requeueable deps ti=<TaskInstance: etl_data_pipeline_v2.gcs_to_bigquery.gcs_to_bq_product manual__2024-11-05T16:19:04.743499+00:00 [queued]>
[2024-11-05T16:19:22.120+0000] {taskinstance.py:2303} INFO - Starting attempt 1 of 4
[2024-11-05T16:19:22.183+0000] {taskinstance.py:2327} INFO - Executing <Task(GCSToBigQueryOperator): gcs_to_bigquery.gcs_to_bq_product> on 2024-11-05 16:19:04.743499+00:00
[2024-11-05T16:19:22.196+0000] {logging_mixin.py:188} WARNING - /home/***/.local/lib/python3.12/site-packages/***/task/task_runner/standard_task_runner.py:61 DeprecationWarning: This process (pid=26856) is multi-threaded, use of fork() may lead to deadlocks in the child.
[2024-11-05T16:19:22.197+0000] {standard_task_runner.py:63} INFO - Started process 26978 to run task
[2024-11-05T16:19:22.201+0000] {standard_task_runner.py:90} INFO - Running: ['***', 'tasks', 'run', 'etl_data_pipeline_v2', 'gcs_to_bigquery.gcs_to_bq_product', 'manual__2024-11-05T16:19:04.743499+00:00', '--job-id', '3576', '--raw', '--subdir', 'DAGS_FOLDER/etl2.py', '--cfg-path', '/tmp/tmpr0ra0tjj']
[2024-11-05T16:19:22.202+0000] {standard_task_runner.py:91} INFO - Job 3576: Subtask gcs_to_bigquery.gcs_to_bq_product
[2024-11-05T16:19:22.322+0000] {task_command.py:426} INFO - Running <TaskInstance: etl_data_pipeline_v2.gcs_to_bigquery.gcs_to_bq_product manual__2024-11-05T16:19:04.743499+00:00 [running]> on host 71321b93f95e
[2024-11-05T16:19:22.612+0000] {taskinstance.py:2644} INFO - Exporting env vars: AIRFLOW_CTX_DAG_OWNER='***' AIRFLOW_CTX_DAG_ID='etl_data_pipeline_v2' AIRFLOW_CTX_TASK_ID='gcs_to_bigquery.gcs_to_bq_product' AIRFLOW_CTX_EXECUTION_DATE='2024-11-05T16:19:04.743499+00:00' AIRFLOW_CTX_TRY_NUMBER='1' AIRFLOW_CTX_DAG_RUN_ID='manual__2024-11-05T16:19:04.743499+00:00'
[2024-11-05T16:19:22.613+0000] {taskinstance.py:430} INFO - ::endgroup::
[2024-11-05T16:19:22.636+0000] {connection.py:274} WARNING - Connection schemes (type: google_cloud_platform) shall not contain '_' according to RFC3986.
[2024-11-05T16:19:22.648+0000] {base.py:84} INFO - Using connection ID 'my-gcp-conn' for task execution.
[2024-11-05T16:19:22.649+0000] {gcs_to_bigquery.py:379} INFO - Using existing BigQuery table for storing data...
[2024-11-05T16:19:22.877+0000] {gcs_to_bigquery.py:383} INFO - Executing: {'load': {'autodetect': True, 'createDisposition': 'CREATE_IF_NEEDED', 'destinationTable': {'projectId': 'madt-finalproject', 'datasetId': 'finalproject_data', 'tableId': 'product'}, 'sourceFormat': 'CSV', 'sourceUris': ['gs://storage-madt-finalproject/product.csv'], 'writeDisposition': 'WRITE_TRUNCATE', 'ignoreUnknownValues': True, 'schema': {'fields': [{'name': 'ProductId', 'type': 'STRING'}, {'name': 'lenstype', 'type': 'STRING'}, {'name': 'Part_Description', 'type': 'STRING'}, {'name': 'Material_Type', 'type': 'STRING'}, {'name': 'Lens_Type', 'type': 'STRING'}, {'name': 'price', 'type': 'FLOAT'}]}, 'skipLeadingRows': 1, 'fieldDelimiter': ',', 'quote': None, 'allowQuotedNewlines': False, 'encoding': 'UTF-8'}}
[2024-11-05T16:19:22.887+0000] {bigquery.py:1613} INFO - Inserting job ***_etl_data_pipeline_v2_gcs_to_bigquery_gcs_to_bq_product_2024_11_05T16_19_04_743499_00_00_35f53306235b0a3ef9cdd2db023cab9b
[2024-11-05T16:19:26.236+0000] {taskinstance.py:441} INFO - ::group::Post task execution logs
[2024-11-05T16:19:26.243+0000] {taskinstance.py:1205} INFO - Marking task as SUCCESS. dag_id=etl_data_pipeline_v2, task_id=gcs_to_bigquery.gcs_to_bq_product, execution_date=20241105T161904, start_date=20241105T161922, end_date=20241105T161926
[2024-11-05T16:19:26.265+0000] {local_task_job_runner.py:240} INFO - Task exited with return code 0
[2024-11-05T16:19:26.283+0000] {taskinstance.py:3482} INFO - 0 downstream tasks scheduled from follow-on schedule check
[2024-11-05T16:19:26.288+0000] {local_task_job_runner.py:222} INFO - ::endgroup::
