[2024-09-29T14:24:23.467+0000] {local_task_job_runner.py:120} INFO - ::group::Pre task execution logs
[2024-09-29T14:24:23.496+0000] {taskinstance.py:2073} INFO - Dependencies all met for dep_context=non-requeueable deps ti=<TaskInstance: etl.gcs_to_bq_store scheduled__2024-07-27T00:00:00+00:00 [queued]>
[2024-09-29T14:24:23.530+0000] {taskinstance.py:2073} INFO - Dependencies all met for dep_context=requeueable deps ti=<TaskInstance: etl.gcs_to_bq_store scheduled__2024-07-27T00:00:00+00:00 [queued]>
[2024-09-29T14:24:23.531+0000] {taskinstance.py:2303} INFO - Starting attempt 1 of 1
[2024-09-29T14:24:23.846+0000] {taskinstance.py:2327} INFO - Executing <Task(GCSToBigQueryOperator): gcs_to_bq_store> on 2024-07-27 00:00:00+00:00
[2024-09-29T14:24:23.929+0000] {logging_mixin.py:188} WARNING - /home/***/.local/lib/python3.12/site-packages/***/task/task_runner/standard_task_runner.py:61 DeprecationWarning: This process (pid=18622) is multi-threaded, use of fork() may lead to deadlocks in the child.
[2024-09-29T14:24:23.932+0000] {standard_task_runner.py:63} INFO - Started process 18749 to run task
[2024-09-29T14:24:23.951+0000] {standard_task_runner.py:90} INFO - Running: ['***', 'tasks', 'run', 'etl', 'gcs_to_bq_store', 'scheduled__2024-07-27T00:00:00+00:00', '--job-id', '1572', '--raw', '--subdir', 'DAGS_FOLDER/etl.py', '--cfg-path', '/tmp/tmp612t89th']
[2024-09-29T14:24:23.958+0000] {standard_task_runner.py:91} INFO - Job 1572: Subtask gcs_to_bq_store
[2024-09-29T14:24:24.094+0000] {task_command.py:426} INFO - Running <TaskInstance: etl.gcs_to_bq_store scheduled__2024-07-27T00:00:00+00:00 [running]> on host 71321b93f95e
[2024-09-29T14:24:24.381+0000] {taskinstance.py:2644} INFO - Exporting env vars: AIRFLOW_CTX_DAG_OWNER='***' AIRFLOW_CTX_DAG_ID='etl' AIRFLOW_CTX_TASK_ID='gcs_to_bq_store' AIRFLOW_CTX_EXECUTION_DATE='2024-07-27T00:00:00+00:00' AIRFLOW_CTX_TRY_NUMBER='1' AIRFLOW_CTX_DAG_RUN_ID='scheduled__2024-07-27T00:00:00+00:00'
[2024-09-29T14:24:24.383+0000] {taskinstance.py:430} INFO - ::endgroup::
[2024-09-29T14:24:24.410+0000] {connection.py:274} WARNING - Connection schemes (type: google_cloud_platform) shall not contain '_' according to RFC3986.
[2024-09-29T14:24:24.429+0000] {base.py:84} INFO - Using connection ID 'my-gcp-conn' for task execution.
[2024-09-29T14:24:24.433+0000] {gcs_to_bigquery.py:379} INFO - Using existing BigQuery table for storing data...
[2024-09-29T14:24:24.570+0000] {gcs_to_bigquery.py:383} INFO - Executing: {'load': {'autodetect': True, 'createDisposition': 'CREATE_IF_NEEDED', 'destinationTable': {'projectId': 'madt-finalproject', 'datasetId': 'finalproject_data', 'tableId': 'store'}, 'sourceFormat': 'CSV', 'sourceUris': ['gs://storage-madt-finalproject/store.csv'], 'writeDisposition': 'WRITE_TRUNCATE', 'ignoreUnknownValues': False, 'skipLeadingRows': None, 'fieldDelimiter': ',', 'quote': None, 'allowQuotedNewlines': False, 'encoding': 'UTF-8'}}
[2024-09-29T14:24:24.571+0000] {bigquery.py:1613} INFO - Inserting job ***_etl_gcs_to_bq_store_2024_07_27T00_00_00_00_00_177e4b1ba9fba01f02b8fbab389a7863
[2024-09-29T14:24:28.122+0000] {taskinstance.py:441} INFO - ::group::Post task execution logs
[2024-09-29T14:24:28.140+0000] {taskinstance.py:1205} INFO - Marking task as SUCCESS. dag_id=etl, task_id=gcs_to_bq_store, execution_date=20240727T000000, start_date=20240929T142423, end_date=20240929T142428
[2024-09-29T14:24:28.521+0000] {local_task_job_runner.py:240} INFO - Task exited with return code 0
[2024-09-29T14:24:28.582+0000] {taskinstance.py:3482} INFO - 0 downstream tasks scheduled from follow-on schedule check
[2024-09-29T14:24:28.599+0000] {local_task_job_runner.py:222} INFO - ::endgroup::
