[2024-09-29T14:23:55.963+0000] {local_task_job_runner.py:120} INFO - ::group::Pre task execution logs
[2024-09-29T14:23:56.025+0000] {taskinstance.py:2073} INFO - Dependencies all met for dep_context=non-requeueable deps ti=<TaskInstance: etl.gcs_to_bq_zoning scheduled__2024-07-24T00:00:00+00:00 [queued]>
[2024-09-29T14:23:56.076+0000] {taskinstance.py:2073} INFO - Dependencies all met for dep_context=requeueable deps ti=<TaskInstance: etl.gcs_to_bq_zoning scheduled__2024-07-24T00:00:00+00:00 [queued]>
[2024-09-29T14:23:56.078+0000] {taskinstance.py:2303} INFO - Starting attempt 1 of 1
[2024-09-29T14:23:56.156+0000] {taskinstance.py:2327} INFO - Executing <Task(GCSToBigQueryOperator): gcs_to_bq_zoning> on 2024-07-24 00:00:00+00:00
[2024-09-29T14:23:56.221+0000] {standard_task_runner.py:90} INFO - Running: ['***', 'tasks', 'run', 'etl', 'gcs_to_bq_zoning', 'scheduled__2024-07-24T00:00:00+00:00', '--job-id', '1532', '--raw', '--subdir', 'DAGS_FOLDER/etl.py', '--cfg-path', '/tmp/tmphrjc3sih']
[2024-09-29T14:23:56.228+0000] {standard_task_runner.py:91} INFO - Job 1532: Subtask gcs_to_bq_zoning
[2024-09-29T14:23:56.230+0000] {logging_mixin.py:188} WARNING - /home/***/.local/lib/python3.12/site-packages/***/task/task_runner/standard_task_runner.py:61 DeprecationWarning: This process (pid=18279) is multi-threaded, use of fork() may lead to deadlocks in the child.
[2024-09-29T14:23:56.231+0000] {standard_task_runner.py:63} INFO - Started process 18365 to run task
[2024-09-29T14:23:56.369+0000] {task_command.py:426} INFO - Running <TaskInstance: etl.gcs_to_bq_zoning scheduled__2024-07-24T00:00:00+00:00 [running]> on host 71321b93f95e
[2024-09-29T14:23:56.712+0000] {taskinstance.py:2644} INFO - Exporting env vars: AIRFLOW_CTX_DAG_OWNER='***' AIRFLOW_CTX_DAG_ID='etl' AIRFLOW_CTX_TASK_ID='gcs_to_bq_zoning' AIRFLOW_CTX_EXECUTION_DATE='2024-07-24T00:00:00+00:00' AIRFLOW_CTX_TRY_NUMBER='1' AIRFLOW_CTX_DAG_RUN_ID='scheduled__2024-07-24T00:00:00+00:00'
[2024-09-29T14:23:56.713+0000] {taskinstance.py:430} INFO - ::endgroup::
[2024-09-29T14:23:56.738+0000] {connection.py:274} WARNING - Connection schemes (type: google_cloud_platform) shall not contain '_' according to RFC3986.
[2024-09-29T14:23:56.754+0000] {base.py:84} INFO - Using connection ID 'my-gcp-conn' for task execution.
[2024-09-29T14:23:56.758+0000] {gcs_to_bigquery.py:379} INFO - Using existing BigQuery table for storing data...
[2024-09-29T14:23:56.945+0000] {gcs_to_bigquery.py:383} INFO - Executing: {'load': {'autodetect': True, 'createDisposition': 'CREATE_IF_NEEDED', 'destinationTable': {'projectId': 'madt-finalproject', 'datasetId': 'finalproject_data', 'tableId': 'zoning'}, 'sourceFormat': 'CSV', 'sourceUris': ['gs://storage-madt-finalproject/zoning.csv'], 'writeDisposition': 'WRITE_TRUNCATE', 'ignoreUnknownValues': False, 'skipLeadingRows': None, 'fieldDelimiter': ',', 'quote': None, 'allowQuotedNewlines': False, 'encoding': 'UTF-8'}}
[2024-09-29T14:23:56.946+0000] {bigquery.py:1613} INFO - Inserting job ***_etl_gcs_to_bq_zoning_2024_07_24T00_00_00_00_00_7b3570717a53617f85cdda6b533874e4
[2024-09-29T14:24:00.245+0000] {taskinstance.py:441} INFO - ::group::Post task execution logs
[2024-09-29T14:24:00.280+0000] {taskinstance.py:1205} INFO - Marking task as SUCCESS. dag_id=etl, task_id=gcs_to_bq_zoning, execution_date=20240724T000000, start_date=20240929T142356, end_date=20240929T142400
[2024-09-29T14:24:00.396+0000] {local_task_job_runner.py:240} INFO - Task exited with return code 0
[2024-09-29T14:24:00.713+0000] {taskinstance.py:3482} INFO - 0 downstream tasks scheduled from follow-on schedule check
[2024-09-29T14:24:00.729+0000] {local_task_job_runner.py:222} INFO - ::endgroup::
