[2024-09-29T14:27:53.321+0000] {local_task_job_runner.py:120} INFO - ::group::Pre task execution logs
[2024-09-29T14:27:53.360+0000] {taskinstance.py:2073} INFO - Dependencies all met for dep_context=non-requeueable deps ti=<TaskInstance: etl.upload_file_invoice_to_warehouse scheduled__2024-08-23T00:00:00+00:00 [queued]>
[2024-09-29T14:27:53.392+0000] {taskinstance.py:2073} INFO - Dependencies all met for dep_context=requeueable deps ti=<TaskInstance: etl.upload_file_invoice_to_warehouse scheduled__2024-08-23T00:00:00+00:00 [queued]>
[2024-09-29T14:27:53.392+0000] {taskinstance.py:2303} INFO - Starting attempt 1 of 1
[2024-09-29T14:27:53.430+0000] {taskinstance.py:2327} INFO - Executing <Task(GCSToGCSOperator): upload_file_invoice_to_warehouse> on 2024-08-23 00:00:00+00:00
[2024-09-29T14:27:53.472+0000] {standard_task_runner.py:90} INFO - Running: ['***', 'tasks', 'run', 'etl', 'upload_file_invoice_to_warehouse', 'scheduled__2024-08-23T00:00:00+00:00', '--job-id', '1876', '--raw', '--subdir', 'DAGS_FOLDER/etl.py', '--cfg-path', '/tmp/tmp5kjbxpte']
[2024-09-29T14:27:53.473+0000] {logging_mixin.py:188} WARNING - /home/***/.local/lib/python3.12/site-packages/***/task/task_runner/standard_task_runner.py:61 DeprecationWarning: This process (pid=21327) is multi-threaded, use of fork() may lead to deadlocks in the child.
[2024-09-29T14:27:53.475+0000] {standard_task_runner.py:63} INFO - Started process 21432 to run task
[2024-09-29T14:27:53.476+0000] {standard_task_runner.py:91} INFO - Job 1876: Subtask upload_file_invoice_to_warehouse
[2024-09-29T14:27:53.592+0000] {task_command.py:426} INFO - Running <TaskInstance: etl.upload_file_invoice_to_warehouse scheduled__2024-08-23T00:00:00+00:00 [running]> on host 71321b93f95e
[2024-09-29T14:27:53.821+0000] {taskinstance.py:2644} INFO - Exporting env vars: AIRFLOW_CTX_DAG_OWNER='***' AIRFLOW_CTX_DAG_ID='etl' AIRFLOW_CTX_TASK_ID='upload_file_invoice_to_warehouse' AIRFLOW_CTX_EXECUTION_DATE='2024-08-23T00:00:00+00:00' AIRFLOW_CTX_TRY_NUMBER='1' AIRFLOW_CTX_DAG_RUN_ID='scheduled__2024-08-23T00:00:00+00:00'
[2024-09-29T14:27:53.822+0000] {taskinstance.py:430} INFO - ::endgroup::
[2024-09-29T14:27:53.846+0000] {connection.py:274} WARNING - Connection schemes (type: google_cloud_platform) shall not contain '_' according to RFC3986.
[2024-09-29T14:27:53.857+0000] {base.py:84} INFO - Using connection ID 'my-gcp-conn' for task execution.
[2024-09-29T14:27:55.412+0000] {gcs_to_gcs.py:535} INFO - Executing copy of gs://rawdata-madt-finalproject/invoice.csv to gs://storage-madt-finalproject/invoice.csv
[2024-09-29T14:27:55.823+0000] {gcs.py:256} INFO - Total Bytes: 818167 | Bytes Written: 818167
[2024-09-29T14:27:55.826+0000] {gcs.py:264} INFO - Object invoice.csv in bucket rawdata-madt-finalproject rewritten to object invoice.csv in bucket storage-madt-finalproject
[2024-09-29T14:27:55.827+0000] {taskinstance.py:441} INFO - ::group::Post task execution logs
[2024-09-29T14:27:55.890+0000] {taskinstance.py:1205} INFO - Marking task as SUCCESS. dag_id=etl, task_id=upload_file_invoice_to_warehouse, execution_date=20240823T000000, start_date=20240929T142753, end_date=20240929T142755
[2024-09-29T14:27:56.562+0000] {local_task_job_runner.py:240} INFO - Task exited with return code 0
[2024-09-29T14:27:57.261+0000] {taskinstance.py:3482} INFO - 0 downstream tasks scheduled from follow-on schedule check
[2024-09-29T14:27:57.273+0000] {local_task_job_runner.py:222} INFO - ::endgroup::
