[2024-09-29T09:13:55.156+0000] {local_task_job_runner.py:120} INFO - ::group::Pre task execution logs
[2024-09-29T09:13:55.241+0000] {taskinstance.py:2073} INFO - Dependencies all met for dep_context=non-requeueable deps ti=<TaskInstance: etl.upload_file_reorder_to_warehouse scheduled__2024-06-22T00:00:00+00:00 [queued]>
[2024-09-29T09:13:55.294+0000] {taskinstance.py:2073} INFO - Dependencies all met for dep_context=requeueable deps ti=<TaskInstance: etl.upload_file_reorder_to_warehouse scheduled__2024-06-22T00:00:00+00:00 [queued]>
[2024-09-29T09:13:55.298+0000] {taskinstance.py:2303} INFO - Starting attempt 1 of 1
[2024-09-29T09:13:55.607+0000] {taskinstance.py:2327} INFO - Executing <Task(GCSToGCSOperator): upload_file_reorder_to_warehouse> on 2024-06-22 00:00:00+00:00
[2024-09-29T09:13:55.664+0000] {standard_task_runner.py:90} INFO - Running: ['***', 'tasks', 'run', 'etl', 'upload_file_reorder_to_warehouse', 'scheduled__2024-06-22T00:00:00+00:00', '--job-id', '705', '--raw', '--subdir', 'DAGS_FOLDER/etl.py', '--cfg-path', '/tmp/tmph7_ebuew']
[2024-09-29T09:13:55.671+0000] {standard_task_runner.py:91} INFO - Job 705: Subtask upload_file_reorder_to_warehouse
[2024-09-29T09:13:55.680+0000] {logging_mixin.py:188} WARNING - /home/***/.local/lib/python3.12/site-packages/***/task/task_runner/standard_task_runner.py:61 DeprecationWarning: This process (pid=34341) is multi-threaded, use of fork() may lead to deadlocks in the child.
[2024-09-29T09:13:55.689+0000] {standard_task_runner.py:63} INFO - Started process 34394 to run task
[2024-09-29T09:13:55.874+0000] {task_command.py:426} INFO - Running <TaskInstance: etl.upload_file_reorder_to_warehouse scheduled__2024-06-22T00:00:00+00:00 [running]> on host 71321b93f95e
[2024-09-29T09:13:56.859+0000] {taskinstance.py:2644} INFO - Exporting env vars: AIRFLOW_CTX_DAG_OWNER='***' AIRFLOW_CTX_DAG_ID='etl' AIRFLOW_CTX_TASK_ID='upload_file_reorder_to_warehouse' AIRFLOW_CTX_EXECUTION_DATE='2024-06-22T00:00:00+00:00' AIRFLOW_CTX_TRY_NUMBER='1' AIRFLOW_CTX_DAG_RUN_ID='scheduled__2024-06-22T00:00:00+00:00'
[2024-09-29T09:13:56.861+0000] {taskinstance.py:430} INFO - ::endgroup::
[2024-09-29T09:13:56.929+0000] {connection.py:274} WARNING - Connection schemes (type: google_cloud_platform) shall not contain '_' according to RFC3986.
[2024-09-29T09:13:56.964+0000] {base.py:84} INFO - Using connection ID 'my_gcp_conn' for task execution.
[2024-09-29T09:13:58.307+0000] {gcs_to_gcs.py:535} INFO - Executing copy of gs://rawdata-madt-finalproject/reorder.csv to gs://storage-madt-finalproject/reorder.csv
[2024-09-29T09:13:59.596+0000] {gcs.py:256} INFO - Total Bytes: 404 | Bytes Written: 404
[2024-09-29T09:13:59.597+0000] {gcs.py:264} INFO - Object reorder.csv in bucket rawdata-madt-finalproject rewritten to object reorder.csv in bucket storage-madt-finalproject
[2024-09-29T09:13:59.599+0000] {taskinstance.py:441} INFO - ::group::Post task execution logs
[2024-09-29T09:13:59.673+0000] {taskinstance.py:1205} INFO - Marking task as SUCCESS. dag_id=etl, task_id=upload_file_reorder_to_warehouse, execution_date=20240622T000000, start_date=20240929T091355, end_date=20240929T091359
[2024-09-29T09:13:59.805+0000] {local_task_job_runner.py:240} INFO - Task exited with return code 0
[2024-09-29T09:13:59.942+0000] {taskinstance.py:3482} INFO - 0 downstream tasks scheduled from follow-on schedule check
[2024-09-29T09:13:59.954+0000] {local_task_job_runner.py:222} INFO - ::endgroup::
