[2024-11-05T16:46:20.042+0000] {local_task_job_runner.py:120} INFO - ::group::Pre task execution logs
[2024-11-05T16:46:20.104+0000] {taskinstance.py:2073} INFO - Dependencies all met for dep_context=non-requeueable deps ti=<TaskInstance: etl_data_pipeline_v2.gcs_to_bigquery.gcs_to_bq_customer manual__2024-11-05T16:46:02.792522+00:00 [queued]>
[2024-11-05T16:46:20.128+0000] {taskinstance.py:2073} INFO - Dependencies all met for dep_context=requeueable deps ti=<TaskInstance: etl_data_pipeline_v2.gcs_to_bigquery.gcs_to_bq_customer manual__2024-11-05T16:46:02.792522+00:00 [queued]>
[2024-11-05T16:46:20.129+0000] {taskinstance.py:2303} INFO - Starting attempt 1 of 4
[2024-11-05T16:46:20.164+0000] {taskinstance.py:2327} INFO - Executing <Task(GCSToBigQueryOperator): gcs_to_bigquery.gcs_to_bq_customer> on 2024-11-05 16:46:02.792522+00:00
[2024-11-05T16:46:20.202+0000] {logging_mixin.py:188} WARNING - /home/***/.local/lib/python3.12/site-packages/***/task/task_runner/standard_task_runner.py:61 DeprecationWarning: This process (pid=41353) is multi-threaded, use of fork() may lead to deadlocks in the child.
[2024-11-05T16:46:20.203+0000] {standard_task_runner.py:63} INFO - Started process 41380 to run task
[2024-11-05T16:46:20.203+0000] {standard_task_runner.py:90} INFO - Running: ['***', 'tasks', 'run', 'etl_data_pipeline_v2', 'gcs_to_bigquery.gcs_to_bq_customer', 'manual__2024-11-05T16:46:02.792522+00:00', '--job-id', '3623', '--raw', '--subdir', 'DAGS_FOLDER/etl2.py', '--cfg-path', '/tmp/tmpweva1pbg']
[2024-11-05T16:46:20.204+0000] {standard_task_runner.py:91} INFO - Job 3623: Subtask gcs_to_bigquery.gcs_to_bq_customer
[2024-11-05T16:46:20.345+0000] {task_command.py:426} INFO - Running <TaskInstance: etl_data_pipeline_v2.gcs_to_bigquery.gcs_to_bq_customer manual__2024-11-05T16:46:02.792522+00:00 [running]> on host 71321b93f95e
[2024-11-05T16:46:20.662+0000] {taskinstance.py:2644} INFO - Exporting env vars: AIRFLOW_CTX_DAG_OWNER='***' AIRFLOW_CTX_DAG_ID='etl_data_pipeline_v2' AIRFLOW_CTX_TASK_ID='gcs_to_bigquery.gcs_to_bq_customer' AIRFLOW_CTX_EXECUTION_DATE='2024-11-05T16:46:02.792522+00:00' AIRFLOW_CTX_TRY_NUMBER='1' AIRFLOW_CTX_DAG_RUN_ID='manual__2024-11-05T16:46:02.792522+00:00'
[2024-11-05T16:46:20.663+0000] {taskinstance.py:430} INFO - ::endgroup::
[2024-11-05T16:46:20.696+0000] {connection.py:274} WARNING - Connection schemes (type: google_cloud_platform) shall not contain '_' according to RFC3986.
[2024-11-05T16:46:20.704+0000] {base.py:84} INFO - Using connection ID 'my-gcp-conn' for task execution.
[2024-11-05T16:46:20.706+0000] {gcs_to_bigquery.py:379} INFO - Using existing BigQuery table for storing data...
[2024-11-05T16:46:20.809+0000] {gcs_to_bigquery.py:383} INFO - Executing: {'load': {'autodetect': True, 'createDisposition': 'CREATE_IF_NEEDED', 'destinationTable': {'projectId': 'madt-finalproject', 'datasetId': 'finalproject_data', 'tableId': 'customer'}, 'sourceFormat': 'CSV', 'sourceUris': ['gs://storage-madt-finalproject/customer.csv'], 'writeDisposition': 'WRITE_TRUNCATE', 'ignoreUnknownValues': True, 'schema': {'fields': [{'name': 'CustomerID', 'type': 'STRING'}, {'name': 'Customer', 'type': 'STRING'}, {'name': 'Country', 'type': 'STRING'}, {'name': 'Customer_Category', 'type': 'STRING'}, {'name': 'provinceId', 'type': 'STRING'}, {'name': 'Latitude', 'type': 'FLOAT'}, {'name': 'Longitude', 'type': 'FLOAT'}]}, 'skipLeadingRows': 1, 'fieldDelimiter': ',', 'quote': None, 'allowQuotedNewlines': False, 'encoding': 'UTF-8'}}
[2024-11-05T16:46:20.811+0000] {bigquery.py:1613} INFO - Inserting job ***_etl_data_pipeline_v2_gcs_to_bigquery_gcs_to_bq_customer_2024_11_05T16_46_02_792522_00_00_64d0e2b14334135b0ecaa5a1aaf51490
[2024-11-05T16:46:25.082+0000] {taskinstance.py:441} INFO - ::group::Post task execution logs
[2024-11-05T16:46:25.089+0000] {taskinstance.py:1205} INFO - Marking task as SUCCESS. dag_id=etl_data_pipeline_v2, task_id=gcs_to_bigquery.gcs_to_bq_customer, execution_date=20241105T164602, start_date=20241105T164620, end_date=20241105T164625
[2024-11-05T16:46:25.142+0000] {local_task_job_runner.py:240} INFO - Task exited with return code 0
[2024-11-05T16:46:25.159+0000] {taskinstance.py:3482} INFO - 0 downstream tasks scheduled from follow-on schedule check
[2024-11-05T16:46:25.164+0000] {local_task_job_runner.py:222} INFO - ::endgroup::
