[2024-10-01T18:48:44.595+0000] {local_task_job_runner.py:120} INFO - ::group::Pre task execution logs
[2024-10-01T18:48:44.624+0000] {taskinstance.py:2073} INFO - Dependencies all met for dep_context=non-requeueable deps ti=<TaskInstance: etl_with_cleaning_transfer.gcs_to_bigquery.gcs_to_bq_reorder manual__2024-10-01T18:48:27.427740+00:00 [queued]>
[2024-10-01T18:48:44.636+0000] {taskinstance.py:2073} INFO - Dependencies all met for dep_context=requeueable deps ti=<TaskInstance: etl_with_cleaning_transfer.gcs_to_bigquery.gcs_to_bq_reorder manual__2024-10-01T18:48:27.427740+00:00 [queued]>
[2024-10-01T18:48:44.637+0000] {taskinstance.py:2303} INFO - Starting attempt 1 of 4
[2024-10-01T18:48:44.667+0000] {taskinstance.py:2327} INFO - Executing <Task(GCSToBigQueryOperator): gcs_to_bigquery.gcs_to_bq_reorder> on 2024-10-01 18:48:27.427740+00:00
[2024-10-01T18:48:44.690+0000] {logging_mixin.py:188} WARNING - /home/***/.local/lib/python3.12/site-packages/***/task/task_runner/standard_task_runner.py:61 DeprecationWarning: This process (pid=34926) is multi-threaded, use of fork() may lead to deadlocks in the child.
[2024-10-01T18:48:44.695+0000] {standard_task_runner.py:63} INFO - Started process 35011 to run task
[2024-10-01T18:48:44.686+0000] {standard_task_runner.py:90} INFO - Running: ['***', 'tasks', 'run', 'etl_with_cleaning_transfer', 'gcs_to_bigquery.gcs_to_bq_reorder', 'manual__2024-10-01T18:48:27.427740+00:00', '--job-id', '3076', '--raw', '--subdir', 'DAGS_FOLDER/etl.py', '--cfg-path', '/tmp/tmp3mpr_5gg']
[2024-10-01T18:48:44.695+0000] {standard_task_runner.py:91} INFO - Job 3076: Subtask gcs_to_bigquery.gcs_to_bq_reorder
[2024-10-01T18:48:44.803+0000] {task_command.py:426} INFO - Running <TaskInstance: etl_with_cleaning_transfer.gcs_to_bigquery.gcs_to_bq_reorder manual__2024-10-01T18:48:27.427740+00:00 [running]> on host 71321b93f95e
[2024-10-01T18:48:45.033+0000] {taskinstance.py:2644} INFO - Exporting env vars: AIRFLOW_CTX_DAG_OWNER='***' AIRFLOW_CTX_DAG_ID='etl_with_cleaning_transfer' AIRFLOW_CTX_TASK_ID='gcs_to_bigquery.gcs_to_bq_reorder' AIRFLOW_CTX_EXECUTION_DATE='2024-10-01T18:48:27.427740+00:00' AIRFLOW_CTX_TRY_NUMBER='1' AIRFLOW_CTX_DAG_RUN_ID='manual__2024-10-01T18:48:27.427740+00:00'
[2024-10-01T18:48:45.036+0000] {taskinstance.py:430} INFO - ::endgroup::
[2024-10-01T18:48:45.056+0000] {connection.py:274} WARNING - Connection schemes (type: google_cloud_platform) shall not contain '_' according to RFC3986.
[2024-10-01T18:48:45.066+0000] {base.py:84} INFO - Using connection ID 'my-gcp-conn' for task execution.
[2024-10-01T18:48:45.067+0000] {gcs_to_bigquery.py:379} INFO - Using existing BigQuery table for storing data...
[2024-10-01T18:48:45.188+0000] {gcs_to_bigquery.py:383} INFO - Executing: {'load': {'autodetect': True, 'createDisposition': 'CREATE_IF_NEEDED', 'destinationTable': {'projectId': 'madt-finalproject', 'datasetId': 'finalproject_data', 'tableId': 'reorder'}, 'sourceFormat': 'CSV', 'sourceUris': ['gs://storage-madt-finalproject/reorder.csv'], 'writeDisposition': 'WRITE_TRUNCATE', 'ignoreUnknownValues': True, 'skipLeadingRows': 1, 'fieldDelimiter': ',', 'quote': None, 'allowQuotedNewlines': False, 'encoding': 'UTF-8'}}
[2024-10-01T18:48:45.191+0000] {bigquery.py:1613} INFO - Inserting job ***_etl_with_cleaning_transfer_gcs_to_bigquery_gcs_to_bq_reorder_2024_10_01T18_48_27_427740_00_00_59cf6f45382722c7a17e45f8a8b3d68e
[2024-10-01T18:48:48.616+0000] {taskinstance.py:441} INFO - ::group::Post task execution logs
[2024-10-01T18:48:48.625+0000] {taskinstance.py:1205} INFO - Marking task as SUCCESS. dag_id=etl_with_cleaning_transfer, task_id=gcs_to_bigquery.gcs_to_bq_reorder, execution_date=20241001T184827, start_date=20241001T184844, end_date=20241001T184848
[2024-10-01T18:48:48.655+0000] {local_task_job_runner.py:240} INFO - Task exited with return code 0
[2024-10-01T18:48:48.677+0000] {taskinstance.py:3482} INFO - 0 downstream tasks scheduled from follow-on schedule check
[2024-10-01T18:48:48.683+0000] {local_task_job_runner.py:222} INFO - ::endgroup::
