[2024-09-29T14:37:10.959+0000] {local_task_job_runner.py:120} INFO - ::group::Pre task execution logs
[2024-09-29T14:37:10.976+0000] {taskinstance.py:2073} INFO - Dependencies all met for dep_context=non-requeueable deps ti=<TaskInstance: etl.gcs_to_bq_fact manual__2024-09-29T14:15:30.303527+00:00 [queued]>
[2024-09-29T14:37:10.985+0000] {taskinstance.py:2073} INFO - Dependencies all met for dep_context=requeueable deps ti=<TaskInstance: etl.gcs_to_bq_fact manual__2024-09-29T14:15:30.303527+00:00 [queued]>
[2024-09-29T14:37:10.985+0000] {taskinstance.py:2303} INFO - Starting attempt 1 of 1
[2024-09-29T14:37:11.011+0000] {taskinstance.py:2327} INFO - Executing <Task(GCSToBigQueryOperator): gcs_to_bq_fact> on 2024-09-29 14:15:30.303527+00:00
[2024-09-29T14:37:11.034+0000] {standard_task_runner.py:90} INFO - Running: ['***', 'tasks', 'run', 'etl', 'gcs_to_bq_fact', 'manual__2024-09-29T14:15:30.303527+00:00', '--job-id', '2688', '--raw', '--subdir', 'DAGS_FOLDER/etl.py', '--cfg-path', '/tmp/tmp0b1ss8u6']
[2024-09-29T14:37:11.035+0000] {standard_task_runner.py:91} INFO - Job 2688: Subtask gcs_to_bq_fact
[2024-09-29T14:37:11.030+0000] {logging_mixin.py:188} WARNING - /home/***/.local/lib/python3.12/site-packages/***/task/task_runner/standard_task_runner.py:61 DeprecationWarning: This process (pid=28601) is multi-threaded, use of fork() may lead to deadlocks in the child.
[2024-09-29T14:37:11.038+0000] {standard_task_runner.py:63} INFO - Started process 28644 to run task
[2024-09-29T14:37:11.116+0000] {task_command.py:426} INFO - Running <TaskInstance: etl.gcs_to_bq_fact manual__2024-09-29T14:15:30.303527+00:00 [running]> on host 71321b93f95e
[2024-09-29T14:37:11.279+0000] {taskinstance.py:2644} INFO - Exporting env vars: AIRFLOW_CTX_DAG_OWNER='***' AIRFLOW_CTX_DAG_ID='etl' AIRFLOW_CTX_TASK_ID='gcs_to_bq_fact' AIRFLOW_CTX_EXECUTION_DATE='2024-09-29T14:15:30.303527+00:00' AIRFLOW_CTX_TRY_NUMBER='1' AIRFLOW_CTX_DAG_RUN_ID='manual__2024-09-29T14:15:30.303527+00:00'
[2024-09-29T14:37:11.280+0000] {taskinstance.py:430} INFO - ::endgroup::
[2024-09-29T14:37:11.293+0000] {connection.py:274} WARNING - Connection schemes (type: google_cloud_platform) shall not contain '_' according to RFC3986.
[2024-09-29T14:37:11.300+0000] {base.py:84} INFO - Using connection ID 'my-gcp-conn' for task execution.
[2024-09-29T14:37:11.301+0000] {gcs_to_bigquery.py:379} INFO - Using existing BigQuery table for storing data...
[2024-09-29T14:37:11.372+0000] {gcs_to_bigquery.py:383} INFO - Executing: {'load': {'autodetect': True, 'createDisposition': 'CREATE_IF_NEEDED', 'destinationTable': {'projectId': 'madt-finalproject', 'datasetId': 'finalproject_data', 'tableId': 'fact'}, 'sourceFormat': 'CSV', 'sourceUris': ['gs://storage-madt-finalproject/fact.csv'], 'writeDisposition': 'WRITE_TRUNCATE', 'ignoreUnknownValues': False, 'skipLeadingRows': None, 'fieldDelimiter': ',', 'quote': None, 'allowQuotedNewlines': False, 'encoding': 'UTF-8'}}
[2024-09-29T14:37:11.373+0000] {bigquery.py:1613} INFO - Inserting job ***_etl_gcs_to_bq_fact_2024_09_29T14_15_30_303527_00_00_df3fba4cf477ceb34027e38610095c6c
[2024-09-29T14:37:14.421+0000] {taskinstance.py:441} INFO - ::group::Post task execution logs
[2024-09-29T14:37:14.428+0000] {taskinstance.py:1205} INFO - Marking task as SUCCESS. dag_id=etl, task_id=gcs_to_bq_fact, execution_date=20240929T141530, start_date=20240929T143710, end_date=20240929T143714
[2024-09-29T14:37:14.465+0000] {local_task_job_runner.py:240} INFO - Task exited with return code 0
[2024-09-29T14:37:14.480+0000] {taskinstance.py:3482} INFO - 0 downstream tasks scheduled from follow-on schedule check
[2024-09-29T14:37:14.486+0000] {local_task_job_runner.py:222} INFO - ::endgroup::
