[2024-09-29T09:09:41.749+0000] {local_task_job_runner.py:120} INFO - ::group::Pre task execution logs
[2024-09-29T09:09:41.800+0000] {taskinstance.py:2073} INFO - Dependencies all met for dep_context=non-requeueable deps ti=<TaskInstance: etl.gcs_to_bq_customer scheduled__2024-05-22T00:00:00+00:00 [queued]>
[2024-09-29T09:09:41.817+0000] {taskinstance.py:2073} INFO - Dependencies all met for dep_context=requeueable deps ti=<TaskInstance: etl.gcs_to_bq_customer scheduled__2024-05-22T00:00:00+00:00 [queued]>
[2024-09-29T09:09:41.818+0000] {taskinstance.py:2303} INFO - Starting attempt 1 of 1
[2024-09-29T09:09:41.848+0000] {taskinstance.py:2327} INFO - Executing <Task(GCSToBigQueryOperator): gcs_to_bq_customer> on 2024-05-22 00:00:00+00:00
[2024-09-29T09:09:41.908+0000] {standard_task_runner.py:90} INFO - Running: ['***', 'tasks', 'run', 'etl', 'gcs_to_bq_customer', 'scheduled__2024-05-22T00:00:00+00:00', '--job-id', '348', '--raw', '--subdir', 'DAGS_FOLDER/etl.py', '--cfg-path', '/tmp/tmp9ih5w_8h']
[2024-09-29T09:09:41.909+0000] {standard_task_runner.py:91} INFO - Job 348: Subtask gcs_to_bq_customer
[2024-09-29T09:09:41.905+0000] {logging_mixin.py:188} WARNING - /home/***/.local/lib/python3.12/site-packages/***/task/task_runner/standard_task_runner.py:61 DeprecationWarning: This process (pid=31101) is multi-threaded, use of fork() may lead to deadlocks in the child.
[2024-09-29T09:09:41.924+0000] {standard_task_runner.py:63} INFO - Started process 31173 to run task
[2024-09-29T09:09:42.116+0000] {task_command.py:426} INFO - Running <TaskInstance: etl.gcs_to_bq_customer scheduled__2024-05-22T00:00:00+00:00 [running]> on host 71321b93f95e
[2024-09-29T09:09:42.374+0000] {taskinstance.py:2644} INFO - Exporting env vars: AIRFLOW_CTX_DAG_OWNER='***' AIRFLOW_CTX_DAG_ID='etl' AIRFLOW_CTX_TASK_ID='gcs_to_bq_customer' AIRFLOW_CTX_EXECUTION_DATE='2024-05-22T00:00:00+00:00' AIRFLOW_CTX_TRY_NUMBER='1' AIRFLOW_CTX_DAG_RUN_ID='scheduled__2024-05-22T00:00:00+00:00'
[2024-09-29T09:09:42.378+0000] {taskinstance.py:430} INFO - ::endgroup::
[2024-09-29T09:09:42.395+0000] {connection.py:274} WARNING - Connection schemes (type: google_cloud_platform) shall not contain '_' according to RFC3986.
[2024-09-29T09:09:42.409+0000] {base.py:84} INFO - Using connection ID 'my_gcp_conn' for task execution.
[2024-09-29T09:09:42.410+0000] {gcs_to_bigquery.py:379} INFO - Using existing BigQuery table for storing data...
[2024-09-29T09:09:42.609+0000] {bigquery.py:2328} INFO - Project is not included in destination_project_dataset_table: finalproject_data.customer; using project "madt-finalproject"
[2024-09-29T09:09:42.609+0000] {gcs_to_bigquery.py:383} INFO - Executing: {'load': {'autodetect': True, 'createDisposition': 'CREATE_IF_NEEDED', 'destinationTable': {'projectId': 'madt-finalproject', 'datasetId': 'finalproject_data', 'tableId': 'customer'}, 'sourceFormat': 'CSV', 'sourceUris': ['gs://storage-madt-finalproject/customer.csv'], 'writeDisposition': 'WRITE_TRUNCATE', 'ignoreUnknownValues': False, 'skipLeadingRows': None, 'fieldDelimiter': ',', 'quote': None, 'allowQuotedNewlines': False, 'encoding': 'UTF-8'}}
[2024-09-29T09:09:42.611+0000] {bigquery.py:1613} INFO - Inserting job ***_etl_gcs_to_bq_customer_2024_05_22T00_00_00_00_00_72c797fbbff826172db05f35afcb5b38
[2024-09-29T09:09:46.928+0000] {taskinstance.py:441} INFO - ::group::Post task execution logs
[2024-09-29T09:09:46.943+0000] {taskinstance.py:1205} INFO - Marking task as SUCCESS. dag_id=etl, task_id=gcs_to_bq_customer, execution_date=20240522T000000, start_date=20240929T090941, end_date=20240929T090946
[2024-09-29T09:09:47.032+0000] {local_task_job_runner.py:240} INFO - Task exited with return code 0
[2024-09-29T09:09:47.274+0000] {taskinstance.py:3482} INFO - 0 downstream tasks scheduled from follow-on schedule check
[2024-09-29T09:09:47.291+0000] {local_task_job_runner.py:222} INFO - ::endgroup::
