[2024-11-06T14:59:49.697+0000] {local_task_job_runner.py:120} INFO - ::group::Pre task execution logs
[2024-11-06T14:59:49.743+0000] {taskinstance.py:2073} INFO - Dependencies all met for dep_context=non-requeueable deps ti=<TaskInstance: etl_data_pipeline_v2.gcs_to_bigquery.gcs_to_bq_CustomerSales manual__2024-11-06T14:59:30.599580+00:00 [queued]>
[2024-11-06T14:59:49.776+0000] {taskinstance.py:2073} INFO - Dependencies all met for dep_context=requeueable deps ti=<TaskInstance: etl_data_pipeline_v2.gcs_to_bigquery.gcs_to_bq_CustomerSales manual__2024-11-06T14:59:30.599580+00:00 [queued]>
[2024-11-06T14:59:49.777+0000] {taskinstance.py:2303} INFO - Starting attempt 1 of 4
[2024-11-06T14:59:49.807+0000] {taskinstance.py:2327} INFO - Executing <Task(GCSToBigQueryOperator): gcs_to_bigquery.gcs_to_bq_CustomerSales> on 2024-11-06 14:59:30.599580+00:00
[2024-11-06T14:59:49.824+0000] {logging_mixin.py:188} WARNING - /home/***/.local/lib/python3.12/site-packages/***/task/task_runner/standard_task_runner.py:61 DeprecationWarning: This process (pid=6940) is multi-threaded, use of fork() may lead to deadlocks in the child.
[2024-11-06T14:59:49.825+0000] {standard_task_runner.py:63} INFO - Started process 7020 to run task
[2024-11-06T14:59:49.831+0000] {standard_task_runner.py:90} INFO - Running: ['***', 'tasks', 'run', 'etl_data_pipeline_v2', 'gcs_to_bigquery.gcs_to_bq_CustomerSales', 'manual__2024-11-06T14:59:30.599580+00:00', '--job-id', '3684', '--raw', '--subdir', 'DAGS_FOLDER/etl2.py', '--cfg-path', '/tmp/tmpodoaih73']
[2024-11-06T14:59:49.832+0000] {standard_task_runner.py:91} INFO - Job 3684: Subtask gcs_to_bigquery.gcs_to_bq_CustomerSales
[2024-11-06T14:59:49.955+0000] {task_command.py:426} INFO - Running <TaskInstance: etl_data_pipeline_v2.gcs_to_bigquery.gcs_to_bq_CustomerSales manual__2024-11-06T14:59:30.599580+00:00 [running]> on host 71321b93f95e
[2024-11-06T14:59:50.255+0000] {taskinstance.py:2644} INFO - Exporting env vars: AIRFLOW_CTX_DAG_OWNER='***' AIRFLOW_CTX_DAG_ID='etl_data_pipeline_v2' AIRFLOW_CTX_TASK_ID='gcs_to_bigquery.gcs_to_bq_CustomerSales' AIRFLOW_CTX_EXECUTION_DATE='2024-11-06T14:59:30.599580+00:00' AIRFLOW_CTX_TRY_NUMBER='1' AIRFLOW_CTX_DAG_RUN_ID='manual__2024-11-06T14:59:30.599580+00:00'
[2024-11-06T14:59:50.256+0000] {taskinstance.py:430} INFO - ::endgroup::
[2024-11-06T14:59:50.285+0000] {connection.py:274} WARNING - Connection schemes (type: google_cloud_platform) shall not contain '_' according to RFC3986.
[2024-11-06T14:59:50.294+0000] {base.py:84} INFO - Using connection ID 'my-gcp-conn' for task execution.
[2024-11-06T14:59:50.297+0000] {gcs_to_bigquery.py:379} INFO - Using existing BigQuery table for storing data...
[2024-11-06T14:59:50.470+0000] {gcs_to_bigquery.py:383} INFO - Executing: {'load': {'autodetect': True, 'createDisposition': 'CREATE_IF_NEEDED', 'destinationTable': {'projectId': 'madt-finalproject', 'datasetId': 'finalproject_data', 'tableId': 'CustomerSales'}, 'sourceFormat': 'CSV', 'sourceUris': ['gs://storage-madt-finalproject/CustomerSales.csv'], 'writeDisposition': 'WRITE_TRUNCATE', 'ignoreUnknownValues': True, 'schema': {'fields': [{'name': 'CustomerID', 'type': 'STRING'}, {'name': 'sales_id', 'type': 'STRING'}]}, 'skipLeadingRows': 1, 'fieldDelimiter': ',', 'quote': None, 'allowQuotedNewlines': False, 'encoding': 'UTF-8'}}
[2024-11-06T14:59:50.477+0000] {bigquery.py:1613} INFO - Inserting job ***_etl_data_pipeline_v2_gcs_to_bigquery_gcs_to_bq_CustomerSales_2024_11_06T14_59_30_599580_00_00_da6b51eae1a64f8900533adcacb2553c
[2024-11-06T14:59:53.953+0000] {taskinstance.py:441} INFO - ::group::Post task execution logs
[2024-11-06T14:59:53.961+0000] {taskinstance.py:1205} INFO - Marking task as SUCCESS. dag_id=etl_data_pipeline_v2, task_id=gcs_to_bigquery.gcs_to_bq_CustomerSales, execution_date=20241106T145930, start_date=20241106T145949, end_date=20241106T145953
[2024-11-06T14:59:54.015+0000] {local_task_job_runner.py:240} INFO - Task exited with return code 0
[2024-11-06T14:59:54.035+0000] {taskinstance.py:3482} INFO - 0 downstream tasks scheduled from follow-on schedule check
[2024-11-06T14:59:54.041+0000] {local_task_job_runner.py:222} INFO - ::endgroup::
