[2024-09-29T14:32:57.738+0000] {local_task_job_runner.py:120} INFO - ::group::Pre task execution logs
[2024-09-29T14:32:57.811+0000] {taskinstance.py:2073} INFO - Dependencies all met for dep_context=non-requeueable deps ti=<TaskInstance: etl.upload_file_invoice_trans_to_warehouse scheduled__2024-09-14T00:00:00+00:00 [queued]>
[2024-09-29T14:32:57.851+0000] {taskinstance.py:2073} INFO - Dependencies all met for dep_context=requeueable deps ti=<TaskInstance: etl.upload_file_invoice_trans_to_warehouse scheduled__2024-09-14T00:00:00+00:00 [queued]>
[2024-09-29T14:32:57.852+0000] {taskinstance.py:2303} INFO - Starting attempt 1 of 1
[2024-09-29T14:32:57.942+0000] {taskinstance.py:2327} INFO - Executing <Task(GCSToGCSOperator): upload_file_invoice_trans_to_warehouse> on 2024-09-14 00:00:00+00:00
[2024-09-29T14:32:58.018+0000] {standard_task_runner.py:90} INFO - Running: ['***', 'tasks', 'run', 'etl', 'upload_file_invoice_trans_to_warehouse', 'scheduled__2024-09-14T00:00:00+00:00', '--job-id', '2317', '--raw', '--subdir', 'DAGS_FOLDER/etl.py', '--cfg-path', '/tmp/tmpyjqqvgdc']
[2024-09-29T14:32:58.020+0000] {standard_task_runner.py:91} INFO - Job 2317: Subtask upload_file_invoice_trans_to_warehouse
[2024-09-29T14:32:58.013+0000] {logging_mixin.py:188} WARNING - /home/***/.local/lib/python3.12/site-packages/***/task/task_runner/standard_task_runner.py:61 DeprecationWarning: This process (pid=25271) is multi-threaded, use of fork() may lead to deadlocks in the child.
[2024-09-29T14:32:58.029+0000] {standard_task_runner.py:63} INFO - Started process 25367 to run task
[2024-09-29T14:32:58.273+0000] {task_command.py:426} INFO - Running <TaskInstance: etl.upload_file_invoice_trans_to_warehouse scheduled__2024-09-14T00:00:00+00:00 [running]> on host 71321b93f95e
[2024-09-29T14:32:58.677+0000] {taskinstance.py:2644} INFO - Exporting env vars: AIRFLOW_CTX_DAG_OWNER='***' AIRFLOW_CTX_DAG_ID='etl' AIRFLOW_CTX_TASK_ID='upload_file_invoice_trans_to_warehouse' AIRFLOW_CTX_EXECUTION_DATE='2024-09-14T00:00:00+00:00' AIRFLOW_CTX_TRY_NUMBER='1' AIRFLOW_CTX_DAG_RUN_ID='scheduled__2024-09-14T00:00:00+00:00'
[2024-09-29T14:32:58.678+0000] {taskinstance.py:430} INFO - ::endgroup::
[2024-09-29T14:32:58.704+0000] {connection.py:274} WARNING - Connection schemes (type: google_cloud_platform) shall not contain '_' according to RFC3986.
[2024-09-29T14:32:58.718+0000] {base.py:84} INFO - Using connection ID 'my-gcp-conn' for task execution.
[2024-09-29T14:33:00.664+0000] {gcs_to_gcs.py:535} INFO - Executing copy of gs://rawdata-madt-finalproject/invoice_trans.csv to gs://storage-madt-finalproject/invoice_trans.csv
[2024-09-29T14:33:01.083+0000] {gcs.py:256} INFO - Total Bytes: 922628 | Bytes Written: 922628
[2024-09-29T14:33:01.083+0000] {gcs.py:264} INFO - Object invoice_trans.csv in bucket rawdata-madt-finalproject rewritten to object invoice_trans.csv in bucket storage-madt-finalproject
[2024-09-29T14:33:01.084+0000] {taskinstance.py:441} INFO - ::group::Post task execution logs
[2024-09-29T14:33:01.164+0000] {taskinstance.py:1205} INFO - Marking task as SUCCESS. dag_id=etl, task_id=upload_file_invoice_trans_to_warehouse, execution_date=20240914T000000, start_date=20240929T143257, end_date=20240929T143301
[2024-09-29T14:33:01.658+0000] {local_task_job_runner.py:240} INFO - Task exited with return code 0
[2024-09-29T14:33:01.811+0000] {taskinstance.py:3482} INFO - 0 downstream tasks scheduled from follow-on schedule check
[2024-09-29T14:33:01.828+0000] {local_task_job_runner.py:222} INFO - ::endgroup::
