[2024-09-29T09:09:28.287+0000] {local_task_job_runner.py:120} INFO - ::group::Pre task execution logs
[2024-09-29T09:09:28.329+0000] {taskinstance.py:2073} INFO - Dependencies all met for dep_context=non-requeueable deps ti=<TaskInstance: etl.gcs_to_bq_store scheduled__2024-05-20T00:00:00+00:00 [queued]>
[2024-09-29T09:09:28.338+0000] {taskinstance.py:2073} INFO - Dependencies all met for dep_context=requeueable deps ti=<TaskInstance: etl.gcs_to_bq_store scheduled__2024-05-20T00:00:00+00:00 [queued]>
[2024-09-29T09:09:28.339+0000] {taskinstance.py:2303} INFO - Starting attempt 1 of 1
[2024-09-29T09:09:28.437+0000] {taskinstance.py:2327} INFO - Executing <Task(GCSToBigQueryOperator): gcs_to_bq_store> on 2024-05-20 00:00:00+00:00
[2024-09-29T09:09:28.485+0000] {standard_task_runner.py:90} INFO - Running: ['***', 'tasks', 'run', 'etl', 'gcs_to_bq_store', 'scheduled__2024-05-20T00:00:00+00:00', '--job-id', '327', '--raw', '--subdir', 'DAGS_FOLDER/etl.py', '--cfg-path', '/tmp/tmp76ek6zrt']
[2024-09-29T09:09:28.487+0000] {logging_mixin.py:188} WARNING - /home/***/.local/lib/python3.12/site-packages/***/task/task_runner/standard_task_runner.py:61 DeprecationWarning: This process (pid=30863) is multi-threaded, use of fork() may lead to deadlocks in the child.
[2024-09-29T09:09:28.489+0000] {standard_task_runner.py:63} INFO - Started process 31002 to run task
[2024-09-29T09:09:28.489+0000] {standard_task_runner.py:91} INFO - Job 327: Subtask gcs_to_bq_store
[2024-09-29T09:09:28.649+0000] {task_command.py:426} INFO - Running <TaskInstance: etl.gcs_to_bq_store scheduled__2024-05-20T00:00:00+00:00 [running]> on host 71321b93f95e
[2024-09-29T09:09:29.005+0000] {taskinstance.py:2644} INFO - Exporting env vars: AIRFLOW_CTX_DAG_OWNER='***' AIRFLOW_CTX_DAG_ID='etl' AIRFLOW_CTX_TASK_ID='gcs_to_bq_store' AIRFLOW_CTX_EXECUTION_DATE='2024-05-20T00:00:00+00:00' AIRFLOW_CTX_TRY_NUMBER='1' AIRFLOW_CTX_DAG_RUN_ID='scheduled__2024-05-20T00:00:00+00:00'
[2024-09-29T09:09:29.006+0000] {taskinstance.py:430} INFO - ::endgroup::
[2024-09-29T09:09:29.038+0000] {connection.py:274} WARNING - Connection schemes (type: google_cloud_platform) shall not contain '_' according to RFC3986.
[2024-09-29T09:09:29.067+0000] {base.py:84} INFO - Using connection ID 'my_gcp_conn' for task execution.
[2024-09-29T09:09:29.070+0000] {gcs_to_bigquery.py:379} INFO - Using existing BigQuery table for storing data...
[2024-09-29T09:09:29.299+0000] {bigquery.py:2328} INFO - Project is not included in destination_project_dataset_table: finalproject_data.store; using project "madt-finalproject"
[2024-09-29T09:09:29.301+0000] {gcs_to_bigquery.py:383} INFO - Executing: {'load': {'autodetect': True, 'createDisposition': 'CREATE_IF_NEEDED', 'destinationTable': {'projectId': 'madt-finalproject', 'datasetId': 'finalproject_data', 'tableId': 'store'}, 'sourceFormat': 'CSV', 'sourceUris': ['gs://storage-madt-finalproject/store.csv'], 'writeDisposition': 'WRITE_TRUNCATE', 'ignoreUnknownValues': False, 'skipLeadingRows': None, 'fieldDelimiter': ',', 'quote': None, 'allowQuotedNewlines': False, 'encoding': 'UTF-8'}}
[2024-09-29T09:09:29.302+0000] {bigquery.py:1613} INFO - Inserting job ***_etl_gcs_to_bq_store_2024_05_20T00_00_00_00_00_cee4de0b2e5912378a614552c4577254
[2024-09-29T09:09:33.139+0000] {taskinstance.py:441} INFO - ::group::Post task execution logs
[2024-09-29T09:09:33.177+0000] {taskinstance.py:1205} INFO - Marking task as SUCCESS. dag_id=etl, task_id=gcs_to_bq_store, execution_date=20240520T000000, start_date=20240929T090928, end_date=20240929T090933
[2024-09-29T09:09:33.334+0000] {local_task_job_runner.py:240} INFO - Task exited with return code 0
[2024-09-29T09:09:33.372+0000] {taskinstance.py:3482} INFO - 0 downstream tasks scheduled from follow-on schedule check
[2024-09-29T09:09:33.384+0000] {local_task_job_runner.py:222} INFO - ::endgroup::
