[2024-09-29T14:59:02.202+0000] {local_task_job_runner.py:120} INFO - ::group::Pre task execution logs
[2024-09-29T14:59:02.239+0000] {taskinstance.py:2073} INFO - Dependencies all met for dep_context=non-requeueable deps ti=<TaskInstance: etl_with_cleaning_transfer.clean_and_transfer_csv_files.clean_and_transfer_invoice_type manual__2024-09-29T14:58:57.256820+00:00 [queued]>
[2024-09-29T14:59:02.256+0000] {taskinstance.py:2073} INFO - Dependencies all met for dep_context=requeueable deps ti=<TaskInstance: etl_with_cleaning_transfer.clean_and_transfer_csv_files.clean_and_transfer_invoice_type manual__2024-09-29T14:58:57.256820+00:00 [queued]>
[2024-09-29T14:59:02.260+0000] {taskinstance.py:2303} INFO - Starting attempt 1 of 1
[2024-09-29T14:59:02.290+0000] {taskinstance.py:2327} INFO - Executing <Task(PythonOperator): clean_and_transfer_csv_files.clean_and_transfer_invoice_type> on 2024-09-29 14:58:57.256820+00:00
[2024-09-29T14:59:02.324+0000] {logging_mixin.py:188} WARNING - /home/***/.local/lib/python3.12/site-packages/***/task/task_runner/standard_task_runner.py:61 DeprecationWarning: This process (pid=40101) is multi-threaded, use of fork() may lead to deadlocks in the child.
[2024-09-29T14:59:02.329+0000] {standard_task_runner.py:63} INFO - Started process 40158 to run task
[2024-09-29T14:59:02.326+0000] {standard_task_runner.py:90} INFO - Running: ['***', 'tasks', 'run', 'etl_with_cleaning_transfer', 'clean_and_transfer_csv_files.clean_and_transfer_invoice_type', 'manual__2024-09-29T14:58:57.256820+00:00', '--job-id', '2691', '--raw', '--subdir', 'DAGS_FOLDER/etl.py', '--cfg-path', '/tmp/tmp1usprhm1']
[2024-09-29T14:59:02.332+0000] {standard_task_runner.py:91} INFO - Job 2691: Subtask clean_and_transfer_csv_files.clean_and_transfer_invoice_type
[2024-09-29T14:59:02.502+0000] {task_command.py:426} INFO - Running <TaskInstance: etl_with_cleaning_transfer.clean_and_transfer_csv_files.clean_and_transfer_invoice_type manual__2024-09-29T14:58:57.256820+00:00 [running]> on host 71321b93f95e
[2024-09-29T14:59:02.703+0000] {taskinstance.py:2644} INFO - Exporting env vars: AIRFLOW_CTX_DAG_OWNER='***' AIRFLOW_CTX_DAG_ID='etl_with_cleaning_transfer' AIRFLOW_CTX_TASK_ID='clean_and_transfer_csv_files.clean_and_transfer_invoice_type' AIRFLOW_CTX_EXECUTION_DATE='2024-09-29T14:58:57.256820+00:00' AIRFLOW_CTX_TRY_NUMBER='1' AIRFLOW_CTX_DAG_RUN_ID='manual__2024-09-29T14:58:57.256820+00:00'
[2024-09-29T14:59:02.709+0000] {taskinstance.py:430} INFO - ::endgroup::
[2024-09-29T14:59:02.742+0000] {connection.py:274} WARNING - Connection schemes (type: google_cloud_platform) shall not contain '_' according to RFC3986.
[2024-09-29T14:59:02.763+0000] {base.py:84} INFO - Using connection ID 'my-gcp-conn' for task execution.
[2024-09-29T14:59:04.602+0000] {gcs.py:344} INFO - File downloaded to /tmp/invoice_type.csv
[2024-09-29T14:59:04.952+0000] {gcs.py:557} INFO - File /tmp/cleaned_invoice_type.csv uploaded to invoice_type.csv in storage-madt-finalproject bucket
[2024-09-29T14:59:04.953+0000] {python.py:237} INFO - Done. Returned value was: None
[2024-09-29T14:59:04.953+0000] {taskinstance.py:441} INFO - ::group::Post task execution logs
[2024-09-29T14:59:04.960+0000] {taskinstance.py:1205} INFO - Marking task as SUCCESS. dag_id=etl_with_cleaning_transfer, task_id=clean_and_transfer_csv_files.clean_and_transfer_invoice_type, execution_date=20240929T145857, start_date=20240929T145902, end_date=20240929T145904
[2024-09-29T14:59:05.003+0000] {local_task_job_runner.py:240} INFO - Task exited with return code 0
[2024-09-29T14:59:05.028+0000] {taskinstance.py:3482} INFO - 0 downstream tasks scheduled from follow-on schedule check
[2024-09-29T14:59:05.036+0000] {local_task_job_runner.py:222} INFO - ::endgroup::
