[2024-11-05T16:09:16.679+0000] {local_task_job_runner.py:120} INFO - ::group::Pre task execution logs
[2024-11-05T16:09:17.005+0000] {taskinstance.py:2073} INFO - Dependencies all met for dep_context=non-requeueable deps ti=<TaskInstance: etl_data_pipeline_v2.gcs_to_bigquery.gcs_to_bq_product manual__2024-11-05T16:08:59.015679+00:00 [queued]>
[2024-11-05T16:09:17.014+0000] {taskinstance.py:2073} INFO - Dependencies all met for dep_context=requeueable deps ti=<TaskInstance: etl_data_pipeline_v2.gcs_to_bigquery.gcs_to_bq_product manual__2024-11-05T16:08:59.015679+00:00 [queued]>
[2024-11-05T16:09:17.015+0000] {taskinstance.py:2303} INFO - Starting attempt 1 of 4
[2024-11-05T16:09:17.062+0000] {taskinstance.py:2327} INFO - Executing <Task(GCSToBigQueryOperator): gcs_to_bigquery.gcs_to_bq_product> on 2024-11-05 16:08:59.015679+00:00
[2024-11-05T16:09:17.081+0000] {logging_mixin.py:188} WARNING - /home/***/.local/lib/python3.12/site-packages/***/task/task_runner/standard_task_runner.py:61 DeprecationWarning: This process (pid=21609) is multi-threaded, use of fork() may lead to deadlocks in the child.
[2024-11-05T16:09:17.086+0000] {standard_task_runner.py:90} INFO - Running: ['***', 'tasks', 'run', 'etl_data_pipeline_v2', 'gcs_to_bigquery.gcs_to_bq_product', 'manual__2024-11-05T16:08:59.015679+00:00', '--job-id', '3554', '--raw', '--subdir', 'DAGS_FOLDER/etl2.py', '--cfg-path', '/tmp/tmpdjwp1m58']
[2024-11-05T16:09:17.100+0000] {standard_task_runner.py:91} INFO - Job 3554: Subtask gcs_to_bigquery.gcs_to_bq_product
[2024-11-05T16:09:17.109+0000] {standard_task_runner.py:63} INFO - Started process 21625 to run task
[2024-11-05T16:09:17.230+0000] {task_command.py:426} INFO - Running <TaskInstance: etl_data_pipeline_v2.gcs_to_bigquery.gcs_to_bq_product manual__2024-11-05T16:08:59.015679+00:00 [running]> on host 71321b93f95e
[2024-11-05T16:09:17.440+0000] {taskinstance.py:2644} INFO - Exporting env vars: AIRFLOW_CTX_DAG_OWNER='***' AIRFLOW_CTX_DAG_ID='etl_data_pipeline_v2' AIRFLOW_CTX_TASK_ID='gcs_to_bigquery.gcs_to_bq_product' AIRFLOW_CTX_EXECUTION_DATE='2024-11-05T16:08:59.015679+00:00' AIRFLOW_CTX_TRY_NUMBER='1' AIRFLOW_CTX_DAG_RUN_ID='manual__2024-11-05T16:08:59.015679+00:00'
[2024-11-05T16:09:17.445+0000] {taskinstance.py:430} INFO - ::endgroup::
[2024-11-05T16:09:17.493+0000] {connection.py:274} WARNING - Connection schemes (type: google_cloud_platform) shall not contain '_' according to RFC3986.
[2024-11-05T16:09:17.499+0000] {base.py:84} INFO - Using connection ID 'my-gcp-conn' for task execution.
[2024-11-05T16:09:17.500+0000] {gcs_to_bigquery.py:379} INFO - Using existing BigQuery table for storing data...
[2024-11-05T16:09:17.670+0000] {gcs_to_bigquery.py:383} INFO - Executing: {'load': {'autodetect': True, 'createDisposition': 'CREATE_IF_NEEDED', 'destinationTable': {'projectId': 'madt-finalproject', 'datasetId': 'finalproject_data', 'tableId': 'product'}, 'sourceFormat': 'CSV', 'sourceUris': ['gs://storage-madt-finalproject/product.csv'], 'writeDisposition': 'WRITE_TRUNCATE', 'ignoreUnknownValues': True, 'schema': {'fields': [{'name': 'ProductId', 'type': 'STRING'}, {'name': 'lenstype', 'type': 'STRING'}, {'name': 'Part_Description', 'type': 'STRING'}, {'name': 'Material_Type', 'type': 'STRING'}, {'name': 'Lens_Type', 'type': 'STRING'}, {'name': 'price', 'type': 'FLOAT'}]}, 'skipLeadingRows': 1, 'fieldDelimiter': ',', 'quote': None, 'allowQuotedNewlines': False, 'encoding': 'UTF-8'}}
[2024-11-05T16:09:17.689+0000] {bigquery.py:1613} INFO - Inserting job ***_etl_data_pipeline_v2_gcs_to_bigquery_gcs_to_bq_product_2024_11_05T16_08_59_015679_00_00_fa39d349b3049a019d247104eb512c91
[2024-11-05T16:09:21.350+0000] {taskinstance.py:441} INFO - ::group::Post task execution logs
[2024-11-05T16:09:21.357+0000] {taskinstance.py:1205} INFO - Marking task as SUCCESS. dag_id=etl_data_pipeline_v2, task_id=gcs_to_bigquery.gcs_to_bq_product, execution_date=20241105T160859, start_date=20241105T160917, end_date=20241105T160921
[2024-11-05T16:09:21.403+0000] {local_task_job_runner.py:240} INFO - Task exited with return code 0
[2024-11-05T16:09:21.428+0000] {taskinstance.py:3482} INFO - 0 downstream tasks scheduled from follow-on schedule check
[2024-11-05T16:09:21.433+0000] {local_task_job_runner.py:222} INFO - ::endgroup::
