[2024-10-07T14:27:41.581+0000] {local_task_job_runner.py:120} INFO - ::group::Pre task execution logs
[2024-10-07T14:27:41.593+0000] {taskinstance.py:2073} INFO - Dependencies all met for dep_context=non-requeueable deps ti=<TaskInstance: etl_with_cleaning_transfer.create_dataset manual__2024-10-07T14:27:29.441108+00:00 [queued]>
[2024-10-07T14:27:41.600+0000] {taskinstance.py:2073} INFO - Dependencies all met for dep_context=requeueable deps ti=<TaskInstance: etl_with_cleaning_transfer.create_dataset manual__2024-10-07T14:27:29.441108+00:00 [queued]>
[2024-10-07T14:27:41.600+0000] {taskinstance.py:2303} INFO - Starting attempt 1 of 1
[2024-10-07T14:27:41.612+0000] {taskinstance.py:2327} INFO - Executing <Task(BigQueryCreateEmptyDatasetOperator): create_dataset> on 2024-10-07 14:27:29.441108+00:00
[2024-10-07T14:27:41.621+0000] {standard_task_runner.py:90} INFO - Running: ['***', 'tasks', 'run', 'etl_with_cleaning_transfer', 'create_dataset', 'manual__2024-10-07T14:27:29.441108+00:00', '--job-id', '3275', '--raw', '--subdir', 'DAGS_FOLDER/etl.py', '--cfg-path', '/tmp/tmp0s093h9m']
[2024-10-07T14:27:41.622+0000] {standard_task_runner.py:91} INFO - Job 3275: Subtask create_dataset
[2024-10-07T14:27:41.624+0000] {logging_mixin.py:188} WARNING - /home/***/.local/lib/python3.12/site-packages/***/task/task_runner/standard_task_runner.py:61 DeprecationWarning: This process (pid=6334) is multi-threaded, use of fork() may lead to deadlocks in the child.
[2024-10-07T14:27:41.624+0000] {standard_task_runner.py:63} INFO - Started process 6396 to run task
[2024-10-07T14:27:41.659+0000] {task_command.py:426} INFO - Running <TaskInstance: etl_with_cleaning_transfer.create_dataset manual__2024-10-07T14:27:29.441108+00:00 [running]> on host 71321b93f95e
[2024-10-07T14:27:41.733+0000] {taskinstance.py:2644} INFO - Exporting env vars: AIRFLOW_CTX_DAG_OWNER='***' AIRFLOW_CTX_DAG_ID='etl_with_cleaning_transfer' AIRFLOW_CTX_TASK_ID='create_dataset' AIRFLOW_CTX_EXECUTION_DATE='2024-10-07T14:27:29.441108+00:00' AIRFLOW_CTX_TRY_NUMBER='1' AIRFLOW_CTX_DAG_RUN_ID='manual__2024-10-07T14:27:29.441108+00:00'
[2024-10-07T14:27:41.734+0000] {taskinstance.py:430} INFO - ::endgroup::
[2024-10-07T14:27:41.741+0000] {connection.py:274} WARNING - Connection schemes (type: google_cloud_platform) shall not contain '_' according to RFC3986.
[2024-10-07T14:27:41.744+0000] {base.py:84} INFO - Using connection ID 'my-gcp-conn' for task execution.
[2024-10-07T14:27:41.789+0000] {bigquery.py:470} INFO - datasetId was not specified in `dataset_reference`. Will use default value finalproject_data.
[2024-10-07T14:27:41.790+0000] {bigquery.py:470} INFO - projectId was not specified in `dataset_reference`. Will use default value madt-finalproject.
[2024-10-07T14:27:41.790+0000] {bigquery.py:481} INFO - Creating dataset: finalproject_data in project: madt-finalproject 
[2024-10-07T14:27:42.151+0000] {bigquery.py:2045} INFO - Dataset finalproject_data already exists.
[2024-10-07T14:27:42.177+0000] {taskinstance.py:441} INFO - ::group::Post task execution logs
[2024-10-07T14:27:42.184+0000] {taskinstance.py:1205} INFO - Marking task as SUCCESS. dag_id=etl_with_cleaning_transfer, task_id=create_dataset, execution_date=20241007T142729, start_date=20241007T142741, end_date=20241007T142742
[2024-10-07T14:27:42.238+0000] {local_task_job_runner.py:240} INFO - Task exited with return code 0
[2024-10-07T14:27:42.261+0000] {taskinstance.py:3482} INFO - 8 downstream tasks scheduled from follow-on schedule check
[2024-10-07T14:27:42.267+0000] {local_task_job_runner.py:222} INFO - ::endgroup::
