[2024-10-20T06:15:40.514+0000] {processor.py:161} INFO - Started process (PID=207) to work on /home/airflow/.local/lib/python3.12/site-packages/airflow/example_dags/example_complex.py
[2024-10-20T06:15:40.515+0000] {processor.py:830} INFO - Processing file /home/airflow/.local/lib/python3.12/site-packages/airflow/example_dags/example_complex.py for tasks to queue
[2024-10-20T06:15:40.516+0000] {logging_mixin.py:188} INFO - [2024-10-20T06:15:40.516+0000] {dagbag.py:540} INFO - Filling up the DagBag from /home/airflow/.local/lib/python3.12/site-packages/airflow/example_dags/example_complex.py
[2024-10-20T06:15:40.532+0000] {processor.py:840} INFO - DAG(s) 'example_complex' retrieved from /home/airflow/.local/lib/python3.12/site-packages/airflow/example_dags/example_complex.py
[2024-10-20T06:15:40.587+0000] {logging_mixin.py:188} INFO - [2024-10-20T06:15:40.587+0000] {dag.py:3096} INFO - Sync 1 DAGs
[2024-10-20T06:15:40.604+0000] {logging_mixin.py:188} INFO - [2024-10-20T06:15:40.604+0000] {dag.py:3954} INFO - Setting next_dagrun for example_complex to None, run_after=None
[2024-10-20T06:15:40.739+0000] {processor.py:183} INFO - Processing /home/airflow/.local/lib/python3.12/site-packages/airflow/example_dags/example_complex.py took 0.232 seconds
[2024-10-20T06:16:11.088+0000] {processor.py:161} INFO - Started process (PID=471) to work on /home/airflow/.local/lib/python3.12/site-packages/airflow/example_dags/example_complex.py
[2024-10-20T06:16:11.089+0000] {processor.py:830} INFO - Processing file /home/airflow/.local/lib/python3.12/site-packages/airflow/example_dags/example_complex.py for tasks to queue
[2024-10-20T06:16:11.090+0000] {logging_mixin.py:188} INFO - [2024-10-20T06:16:11.090+0000] {dagbag.py:540} INFO - Filling up the DagBag from /home/airflow/.local/lib/python3.12/site-packages/airflow/example_dags/example_complex.py
[2024-10-20T06:16:11.103+0000] {processor.py:840} INFO - DAG(s) 'example_complex' retrieved from /home/airflow/.local/lib/python3.12/site-packages/airflow/example_dags/example_complex.py
[2024-10-20T06:16:11.137+0000] {logging_mixin.py:188} INFO - [2024-10-20T06:16:11.137+0000] {dag.py:3096} INFO - Sync 1 DAGs
[2024-10-20T06:16:11.147+0000] {logging_mixin.py:188} INFO - [2024-10-20T06:16:11.147+0000] {dag.py:3954} INFO - Setting next_dagrun for example_complex to None, run_after=None
[2024-10-20T06:16:11.897+0000] {processor.py:183} INFO - Processing /home/airflow/.local/lib/python3.12/site-packages/airflow/example_dags/example_complex.py took 0.813 seconds
[2024-10-20T06:16:44.918+0000] {processor.py:161} INFO - Started process (PID=737) to work on /home/airflow/.local/lib/python3.12/site-packages/airflow/example_dags/example_complex.py
[2024-10-20T06:16:44.919+0000] {processor.py:830} INFO - Processing file /home/airflow/.local/lib/python3.12/site-packages/airflow/example_dags/example_complex.py for tasks to queue
[2024-10-20T06:16:44.920+0000] {logging_mixin.py:188} INFO - [2024-10-20T06:16:44.920+0000] {dagbag.py:540} INFO - Filling up the DagBag from /home/airflow/.local/lib/python3.12/site-packages/airflow/example_dags/example_complex.py
[2024-10-20T06:16:44.931+0000] {processor.py:840} INFO - DAG(s) 'example_complex' retrieved from /home/airflow/.local/lib/python3.12/site-packages/airflow/example_dags/example_complex.py
[2024-10-20T06:16:44.963+0000] {logging_mixin.py:188} INFO - [2024-10-20T06:16:44.962+0000] {dag.py:3096} INFO - Sync 1 DAGs
[2024-10-20T06:16:45.468+0000] {logging_mixin.py:188} INFO - [2024-10-20T06:16:45.468+0000] {dag.py:3954} INFO - Setting next_dagrun for example_complex to None, run_after=None
[2024-10-20T06:16:45.500+0000] {processor.py:183} INFO - Processing /home/airflow/.local/lib/python3.12/site-packages/airflow/example_dags/example_complex.py took 0.588 seconds
[2024-10-20T06:17:15.975+0000] {processor.py:161} INFO - Started process (PID=1003) to work on /home/airflow/.local/lib/python3.12/site-packages/airflow/example_dags/example_complex.py
[2024-10-20T06:17:15.976+0000] {processor.py:830} INFO - Processing file /home/airflow/.local/lib/python3.12/site-packages/airflow/example_dags/example_complex.py for tasks to queue
[2024-10-20T06:17:15.977+0000] {logging_mixin.py:188} INFO - [2024-10-20T06:17:15.977+0000] {dagbag.py:540} INFO - Filling up the DagBag from /home/airflow/.local/lib/python3.12/site-packages/airflow/example_dags/example_complex.py
[2024-10-20T06:17:15.985+0000] {processor.py:840} INFO - DAG(s) 'example_complex' retrieved from /home/airflow/.local/lib/python3.12/site-packages/airflow/example_dags/example_complex.py
[2024-10-20T06:17:16.017+0000] {logging_mixin.py:188} INFO - [2024-10-20T06:17:16.017+0000] {dag.py:3096} INFO - Sync 1 DAGs
[2024-10-20T06:17:16.026+0000] {logging_mixin.py:188} INFO - [2024-10-20T06:17:16.026+0000] {dag.py:3954} INFO - Setting next_dagrun for example_complex to None, run_after=None
[2024-10-20T06:17:16.048+0000] {processor.py:183} INFO - Processing /home/airflow/.local/lib/python3.12/site-packages/airflow/example_dags/example_complex.py took 0.077 seconds
[2024-10-20T06:17:46.795+0000] {processor.py:161} INFO - Started process (PID=1269) to work on /home/airflow/.local/lib/python3.12/site-packages/airflow/example_dags/example_complex.py
[2024-10-20T06:17:46.796+0000] {processor.py:830} INFO - Processing file /home/airflow/.local/lib/python3.12/site-packages/airflow/example_dags/example_complex.py for tasks to queue
[2024-10-20T06:17:46.798+0000] {logging_mixin.py:188} INFO - [2024-10-20T06:17:46.797+0000] {dagbag.py:540} INFO - Filling up the DagBag from /home/airflow/.local/lib/python3.12/site-packages/airflow/example_dags/example_complex.py
[2024-10-20T06:17:46.808+0000] {processor.py:840} INFO - DAG(s) 'example_complex' retrieved from /home/airflow/.local/lib/python3.12/site-packages/airflow/example_dags/example_complex.py
[2024-10-20T06:17:46.835+0000] {logging_mixin.py:188} INFO - [2024-10-20T06:17:46.835+0000] {dag.py:3096} INFO - Sync 1 DAGs
[2024-10-20T06:17:46.847+0000] {logging_mixin.py:188} INFO - [2024-10-20T06:17:46.847+0000] {dag.py:3954} INFO - Setting next_dagrun for example_complex to None, run_after=None
[2024-10-20T06:17:46.868+0000] {processor.py:183} INFO - Processing /home/airflow/.local/lib/python3.12/site-packages/airflow/example_dags/example_complex.py took 0.076 seconds
[2024-10-20T06:18:17.442+0000] {processor.py:161} INFO - Started process (PID=1534) to work on /home/airflow/.local/lib/python3.12/site-packages/airflow/example_dags/example_complex.py
[2024-10-20T06:18:17.443+0000] {processor.py:830} INFO - Processing file /home/airflow/.local/lib/python3.12/site-packages/airflow/example_dags/example_complex.py for tasks to queue
[2024-10-20T06:18:17.444+0000] {logging_mixin.py:188} INFO - [2024-10-20T06:18:17.444+0000] {dagbag.py:540} INFO - Filling up the DagBag from /home/airflow/.local/lib/python3.12/site-packages/airflow/example_dags/example_complex.py
[2024-10-20T06:18:17.452+0000] {processor.py:840} INFO - DAG(s) 'example_complex' retrieved from /home/airflow/.local/lib/python3.12/site-packages/airflow/example_dags/example_complex.py
[2024-10-20T06:18:17.484+0000] {logging_mixin.py:188} INFO - [2024-10-20T06:18:17.483+0000] {dag.py:3096} INFO - Sync 1 DAGs
[2024-10-20T06:18:17.493+0000] {logging_mixin.py:188} INFO - [2024-10-20T06:18:17.493+0000] {dag.py:3954} INFO - Setting next_dagrun for example_complex to None, run_after=None
[2024-10-20T06:18:17.512+0000] {processor.py:183} INFO - Processing /home/airflow/.local/lib/python3.12/site-packages/airflow/example_dags/example_complex.py took 0.075 seconds
[2024-10-20T06:18:48.207+0000] {processor.py:161} INFO - Started process (PID=1800) to work on /home/airflow/.local/lib/python3.12/site-packages/airflow/example_dags/example_complex.py
[2024-10-20T06:18:48.207+0000] {processor.py:830} INFO - Processing file /home/airflow/.local/lib/python3.12/site-packages/airflow/example_dags/example_complex.py for tasks to queue
[2024-10-20T06:18:48.209+0000] {logging_mixin.py:188} INFO - [2024-10-20T06:18:48.209+0000] {dagbag.py:540} INFO - Filling up the DagBag from /home/airflow/.local/lib/python3.12/site-packages/airflow/example_dags/example_complex.py
[2024-10-20T06:18:48.219+0000] {processor.py:840} INFO - DAG(s) 'example_complex' retrieved from /home/airflow/.local/lib/python3.12/site-packages/airflow/example_dags/example_complex.py
[2024-10-20T06:18:48.244+0000] {logging_mixin.py:188} INFO - [2024-10-20T06:18:48.243+0000] {dag.py:3096} INFO - Sync 1 DAGs
[2024-10-20T06:18:48.254+0000] {logging_mixin.py:188} INFO - [2024-10-20T06:18:48.254+0000] {dag.py:3954} INFO - Setting next_dagrun for example_complex to None, run_after=None
[2024-10-20T06:18:48.273+0000] {processor.py:183} INFO - Processing /home/airflow/.local/lib/python3.12/site-packages/airflow/example_dags/example_complex.py took 0.072 seconds
[2024-10-20T06:19:18.856+0000] {processor.py:161} INFO - Started process (PID=2066) to work on /home/airflow/.local/lib/python3.12/site-packages/airflow/example_dags/example_complex.py
[2024-10-20T06:19:18.857+0000] {processor.py:830} INFO - Processing file /home/airflow/.local/lib/python3.12/site-packages/airflow/example_dags/example_complex.py for tasks to queue
[2024-10-20T06:19:18.858+0000] {logging_mixin.py:188} INFO - [2024-10-20T06:19:18.858+0000] {dagbag.py:540} INFO - Filling up the DagBag from /home/airflow/.local/lib/python3.12/site-packages/airflow/example_dags/example_complex.py
[2024-10-20T06:19:18.867+0000] {processor.py:840} INFO - DAG(s) 'example_complex' retrieved from /home/airflow/.local/lib/python3.12/site-packages/airflow/example_dags/example_complex.py
[2024-10-20T06:19:18.892+0000] {logging_mixin.py:188} INFO - [2024-10-20T06:19:18.892+0000] {dag.py:3096} INFO - Sync 1 DAGs
[2024-10-20T06:19:18.902+0000] {logging_mixin.py:188} INFO - [2024-10-20T06:19:18.902+0000] {dag.py:3954} INFO - Setting next_dagrun for example_complex to None, run_after=None
[2024-10-20T06:19:18.920+0000] {processor.py:183} INFO - Processing /home/airflow/.local/lib/python3.12/site-packages/airflow/example_dags/example_complex.py took 0.070 seconds
[2024-10-20T06:19:49.500+0000] {processor.py:161} INFO - Started process (PID=2332) to work on /home/airflow/.local/lib/python3.12/site-packages/airflow/example_dags/example_complex.py
[2024-10-20T06:19:49.500+0000] {processor.py:830} INFO - Processing file /home/airflow/.local/lib/python3.12/site-packages/airflow/example_dags/example_complex.py for tasks to queue
[2024-10-20T06:19:49.502+0000] {logging_mixin.py:188} INFO - [2024-10-20T06:19:49.501+0000] {dagbag.py:540} INFO - Filling up the DagBag from /home/airflow/.local/lib/python3.12/site-packages/airflow/example_dags/example_complex.py
[2024-10-20T06:19:49.509+0000] {processor.py:840} INFO - DAG(s) 'example_complex' retrieved from /home/airflow/.local/lib/python3.12/site-packages/airflow/example_dags/example_complex.py
[2024-10-20T06:19:49.541+0000] {logging_mixin.py:188} INFO - [2024-10-20T06:19:49.541+0000] {dag.py:3096} INFO - Sync 1 DAGs
[2024-10-20T06:19:49.552+0000] {logging_mixin.py:188} INFO - [2024-10-20T06:19:49.552+0000] {dag.py:3954} INFO - Setting next_dagrun for example_complex to None, run_after=None
[2024-10-20T06:19:49.570+0000] {processor.py:183} INFO - Processing /home/airflow/.local/lib/python3.12/site-packages/airflow/example_dags/example_complex.py took 0.074 seconds
[2024-10-20T06:20:19.651+0000] {processor.py:161} INFO - Started process (PID=2600) to work on /home/airflow/.local/lib/python3.12/site-packages/airflow/example_dags/example_complex.py
[2024-10-20T06:20:19.652+0000] {processor.py:830} INFO - Processing file /home/airflow/.local/lib/python3.12/site-packages/airflow/example_dags/example_complex.py for tasks to queue
[2024-10-20T06:20:19.653+0000] {logging_mixin.py:188} INFO - [2024-10-20T06:20:19.653+0000] {dagbag.py:540} INFO - Filling up the DagBag from /home/airflow/.local/lib/python3.12/site-packages/airflow/example_dags/example_complex.py
[2024-10-20T06:20:19.661+0000] {processor.py:840} INFO - DAG(s) 'example_complex' retrieved from /home/airflow/.local/lib/python3.12/site-packages/airflow/example_dags/example_complex.py
[2024-10-20T06:20:19.686+0000] {logging_mixin.py:188} INFO - [2024-10-20T06:20:19.686+0000] {dag.py:3096} INFO - Sync 1 DAGs
[2024-10-20T06:20:19.695+0000] {logging_mixin.py:188} INFO - [2024-10-20T06:20:19.695+0000] {dag.py:3954} INFO - Setting next_dagrun for example_complex to None, run_after=None
[2024-10-20T06:20:19.713+0000] {processor.py:183} INFO - Processing /home/airflow/.local/lib/python3.12/site-packages/airflow/example_dags/example_complex.py took 0.066 seconds
[2024-10-20T06:20:50.191+0000] {processor.py:161} INFO - Started process (PID=2864) to work on /home/airflow/.local/lib/python3.12/site-packages/airflow/example_dags/example_complex.py
[2024-10-20T06:20:50.192+0000] {processor.py:830} INFO - Processing file /home/airflow/.local/lib/python3.12/site-packages/airflow/example_dags/example_complex.py for tasks to queue
[2024-10-20T06:20:50.193+0000] {logging_mixin.py:188} INFO - [2024-10-20T06:20:50.193+0000] {dagbag.py:540} INFO - Filling up the DagBag from /home/airflow/.local/lib/python3.12/site-packages/airflow/example_dags/example_complex.py
[2024-10-20T06:20:50.204+0000] {processor.py:840} INFO - DAG(s) 'example_complex' retrieved from /home/airflow/.local/lib/python3.12/site-packages/airflow/example_dags/example_complex.py
[2024-10-20T06:20:50.236+0000] {logging_mixin.py:188} INFO - [2024-10-20T06:20:50.236+0000] {dag.py:3096} INFO - Sync 1 DAGs
[2024-10-20T06:20:50.247+0000] {logging_mixin.py:188} INFO - [2024-10-20T06:20:50.247+0000] {dag.py:3954} INFO - Setting next_dagrun for example_complex to None, run_after=None
[2024-10-20T06:20:50.267+0000] {processor.py:183} INFO - Processing /home/airflow/.local/lib/python3.12/site-packages/airflow/example_dags/example_complex.py took 0.081 seconds
[2024-10-20T06:21:21.095+0000] {processor.py:161} INFO - Started process (PID=3130) to work on /home/airflow/.local/lib/python3.12/site-packages/airflow/example_dags/example_complex.py
[2024-10-20T06:21:21.095+0000] {processor.py:830} INFO - Processing file /home/airflow/.local/lib/python3.12/site-packages/airflow/example_dags/example_complex.py for tasks to queue
[2024-10-20T06:21:21.097+0000] {logging_mixin.py:188} INFO - [2024-10-20T06:21:21.097+0000] {dagbag.py:540} INFO - Filling up the DagBag from /home/airflow/.local/lib/python3.12/site-packages/airflow/example_dags/example_complex.py
[2024-10-20T06:21:21.108+0000] {processor.py:840} INFO - DAG(s) 'example_complex' retrieved from /home/airflow/.local/lib/python3.12/site-packages/airflow/example_dags/example_complex.py
[2024-10-20T06:21:21.135+0000] {logging_mixin.py:188} INFO - [2024-10-20T06:21:21.135+0000] {dag.py:3096} INFO - Sync 1 DAGs
[2024-10-20T06:21:21.145+0000] {logging_mixin.py:188} INFO - [2024-10-20T06:21:21.145+0000] {dag.py:3954} INFO - Setting next_dagrun for example_complex to None, run_after=None
[2024-10-20T06:21:21.164+0000] {processor.py:183} INFO - Processing /home/airflow/.local/lib/python3.12/site-packages/airflow/example_dags/example_complex.py took 0.075 seconds
[2024-10-20T06:21:51.694+0000] {processor.py:161} INFO - Started process (PID=3396) to work on /home/airflow/.local/lib/python3.12/site-packages/airflow/example_dags/example_complex.py
[2024-10-20T06:21:51.695+0000] {processor.py:830} INFO - Processing file /home/airflow/.local/lib/python3.12/site-packages/airflow/example_dags/example_complex.py for tasks to queue
[2024-10-20T06:21:51.697+0000] {logging_mixin.py:188} INFO - [2024-10-20T06:21:51.696+0000] {dagbag.py:540} INFO - Filling up the DagBag from /home/airflow/.local/lib/python3.12/site-packages/airflow/example_dags/example_complex.py
[2024-10-20T06:21:51.704+0000] {processor.py:840} INFO - DAG(s) 'example_complex' retrieved from /home/airflow/.local/lib/python3.12/site-packages/airflow/example_dags/example_complex.py
[2024-10-20T06:21:51.736+0000] {logging_mixin.py:188} INFO - [2024-10-20T06:21:51.736+0000] {dag.py:3096} INFO - Sync 1 DAGs
[2024-10-20T06:21:51.747+0000] {logging_mixin.py:188} INFO - [2024-10-20T06:21:51.747+0000] {dag.py:3954} INFO - Setting next_dagrun for example_complex to None, run_after=None
[2024-10-20T06:21:51.766+0000] {processor.py:183} INFO - Processing /home/airflow/.local/lib/python3.12/site-packages/airflow/example_dags/example_complex.py took 0.077 seconds
[2024-10-20T06:22:21.967+0000] {processor.py:161} INFO - Started process (PID=3662) to work on /home/airflow/.local/lib/python3.12/site-packages/airflow/example_dags/example_complex.py
[2024-10-20T06:22:21.968+0000] {processor.py:830} INFO - Processing file /home/airflow/.local/lib/python3.12/site-packages/airflow/example_dags/example_complex.py for tasks to queue
[2024-10-20T06:22:21.969+0000] {logging_mixin.py:188} INFO - [2024-10-20T06:22:21.969+0000] {dagbag.py:540} INFO - Filling up the DagBag from /home/airflow/.local/lib/python3.12/site-packages/airflow/example_dags/example_complex.py
[2024-10-20T06:22:21.980+0000] {processor.py:840} INFO - DAG(s) 'example_complex' retrieved from /home/airflow/.local/lib/python3.12/site-packages/airflow/example_dags/example_complex.py
[2024-10-20T06:22:22.012+0000] {logging_mixin.py:188} INFO - [2024-10-20T06:22:22.012+0000] {dag.py:3096} INFO - Sync 1 DAGs
[2024-10-20T06:22:22.022+0000] {logging_mixin.py:188} INFO - [2024-10-20T06:22:22.022+0000] {dag.py:3954} INFO - Setting next_dagrun for example_complex to None, run_after=None
[2024-10-20T06:22:22.041+0000] {processor.py:183} INFO - Processing /home/airflow/.local/lib/python3.12/site-packages/airflow/example_dags/example_complex.py took 0.079 seconds
[2024-10-20T06:22:52.446+0000] {processor.py:161} INFO - Started process (PID=3928) to work on /home/airflow/.local/lib/python3.12/site-packages/airflow/example_dags/example_complex.py
[2024-10-20T06:22:52.447+0000] {processor.py:830} INFO - Processing file /home/airflow/.local/lib/python3.12/site-packages/airflow/example_dags/example_complex.py for tasks to queue
[2024-10-20T06:22:52.448+0000] {logging_mixin.py:188} INFO - [2024-10-20T06:22:52.448+0000] {dagbag.py:540} INFO - Filling up the DagBag from /home/airflow/.local/lib/python3.12/site-packages/airflow/example_dags/example_complex.py
[2024-10-20T06:22:52.456+0000] {processor.py:840} INFO - DAG(s) 'example_complex' retrieved from /home/airflow/.local/lib/python3.12/site-packages/airflow/example_dags/example_complex.py
[2024-10-20T06:22:52.479+0000] {logging_mixin.py:188} INFO - [2024-10-20T06:22:52.478+0000] {dag.py:3096} INFO - Sync 1 DAGs
[2024-10-20T06:22:52.487+0000] {logging_mixin.py:188} INFO - [2024-10-20T06:22:52.487+0000] {dag.py:3954} INFO - Setting next_dagrun for example_complex to None, run_after=None
[2024-10-20T06:22:52.512+0000] {processor.py:183} INFO - Processing /home/airflow/.local/lib/python3.12/site-packages/airflow/example_dags/example_complex.py took 0.070 seconds
[2024-10-20T06:23:23.242+0000] {processor.py:161} INFO - Started process (PID=4194) to work on /home/airflow/.local/lib/python3.12/site-packages/airflow/example_dags/example_complex.py
[2024-10-20T06:23:23.242+0000] {processor.py:830} INFO - Processing file /home/airflow/.local/lib/python3.12/site-packages/airflow/example_dags/example_complex.py for tasks to queue
[2024-10-20T06:23:23.244+0000] {logging_mixin.py:188} INFO - [2024-10-20T06:23:23.243+0000] {dagbag.py:540} INFO - Filling up the DagBag from /home/airflow/.local/lib/python3.12/site-packages/airflow/example_dags/example_complex.py
[2024-10-20T06:23:23.252+0000] {processor.py:840} INFO - DAG(s) 'example_complex' retrieved from /home/airflow/.local/lib/python3.12/site-packages/airflow/example_dags/example_complex.py
[2024-10-20T06:23:23.280+0000] {logging_mixin.py:188} INFO - [2024-10-20T06:23:23.279+0000] {dag.py:3096} INFO - Sync 1 DAGs
[2024-10-20T06:23:23.289+0000] {logging_mixin.py:188} INFO - [2024-10-20T06:23:23.289+0000] {dag.py:3954} INFO - Setting next_dagrun for example_complex to None, run_after=None
[2024-10-20T06:23:23.307+0000] {processor.py:183} INFO - Processing /home/airflow/.local/lib/python3.12/site-packages/airflow/example_dags/example_complex.py took 0.071 seconds
[2024-10-20T06:23:53.365+0000] {processor.py:161} INFO - Started process (PID=4460) to work on /home/airflow/.local/lib/python3.12/site-packages/airflow/example_dags/example_complex.py
[2024-10-20T06:23:53.366+0000] {processor.py:830} INFO - Processing file /home/airflow/.local/lib/python3.12/site-packages/airflow/example_dags/example_complex.py for tasks to queue
[2024-10-20T06:23:53.367+0000] {logging_mixin.py:188} INFO - [2024-10-20T06:23:53.367+0000] {dagbag.py:540} INFO - Filling up the DagBag from /home/airflow/.local/lib/python3.12/site-packages/airflow/example_dags/example_complex.py
[2024-10-20T06:23:53.375+0000] {processor.py:840} INFO - DAG(s) 'example_complex' retrieved from /home/airflow/.local/lib/python3.12/site-packages/airflow/example_dags/example_complex.py
[2024-10-20T06:23:53.408+0000] {logging_mixin.py:188} INFO - [2024-10-20T06:23:53.407+0000] {dag.py:3096} INFO - Sync 1 DAGs
[2024-10-20T06:23:53.569+0000] {logging_mixin.py:188} INFO - [2024-10-20T06:23:53.569+0000] {dag.py:3954} INFO - Setting next_dagrun for example_complex to None, run_after=None
[2024-10-20T06:23:53.590+0000] {processor.py:183} INFO - Processing /home/airflow/.local/lib/python3.12/site-packages/airflow/example_dags/example_complex.py took 0.231 seconds
[2024-10-20T06:24:23.649+0000] {processor.py:161} INFO - Started process (PID=4726) to work on /home/airflow/.local/lib/python3.12/site-packages/airflow/example_dags/example_complex.py
[2024-10-20T06:24:23.650+0000] {processor.py:830} INFO - Processing file /home/airflow/.local/lib/python3.12/site-packages/airflow/example_dags/example_complex.py for tasks to queue
[2024-10-20T06:24:23.651+0000] {logging_mixin.py:188} INFO - [2024-10-20T06:24:23.651+0000] {dagbag.py:540} INFO - Filling up the DagBag from /home/airflow/.local/lib/python3.12/site-packages/airflow/example_dags/example_complex.py
[2024-10-20T06:24:23.662+0000] {processor.py:840} INFO - DAG(s) 'example_complex' retrieved from /home/airflow/.local/lib/python3.12/site-packages/airflow/example_dags/example_complex.py
[2024-10-20T06:24:23.688+0000] {logging_mixin.py:188} INFO - [2024-10-20T06:24:23.688+0000] {dag.py:3096} INFO - Sync 1 DAGs
[2024-10-20T06:24:23.698+0000] {logging_mixin.py:188} INFO - [2024-10-20T06:24:23.698+0000] {dag.py:3954} INFO - Setting next_dagrun for example_complex to None, run_after=None
[2024-10-20T06:24:23.858+0000] {processor.py:183} INFO - Processing /home/airflow/.local/lib/python3.12/site-packages/airflow/example_dags/example_complex.py took 0.214 seconds
[2024-10-20T06:24:54.565+0000] {processor.py:161} INFO - Started process (PID=4994) to work on /home/airflow/.local/lib/python3.12/site-packages/airflow/example_dags/example_complex.py
[2024-10-20T06:24:54.566+0000] {processor.py:830} INFO - Processing file /home/airflow/.local/lib/python3.12/site-packages/airflow/example_dags/example_complex.py for tasks to queue
[2024-10-20T06:24:54.567+0000] {logging_mixin.py:188} INFO - [2024-10-20T06:24:54.567+0000] {dagbag.py:540} INFO - Filling up the DagBag from /home/airflow/.local/lib/python3.12/site-packages/airflow/example_dags/example_complex.py
[2024-10-20T06:24:54.575+0000] {processor.py:840} INFO - DAG(s) 'example_complex' retrieved from /home/airflow/.local/lib/python3.12/site-packages/airflow/example_dags/example_complex.py
[2024-10-20T06:24:54.598+0000] {logging_mixin.py:188} INFO - [2024-10-20T06:24:54.598+0000] {dag.py:3096} INFO - Sync 1 DAGs
[2024-10-20T06:24:54.607+0000] {logging_mixin.py:188} INFO - [2024-10-20T06:24:54.607+0000] {dag.py:3954} INFO - Setting next_dagrun for example_complex to None, run_after=None
[2024-10-20T06:24:54.623+0000] {processor.py:183} INFO - Processing /home/airflow/.local/lib/python3.12/site-packages/airflow/example_dags/example_complex.py took 0.062 seconds
[2024-10-20T06:25:25.636+0000] {processor.py:161} INFO - Started process (PID=5260) to work on /home/airflow/.local/lib/python3.12/site-packages/airflow/example_dags/example_complex.py
[2024-10-20T06:25:25.637+0000] {processor.py:830} INFO - Processing file /home/airflow/.local/lib/python3.12/site-packages/airflow/example_dags/example_complex.py for tasks to queue
[2024-10-20T06:25:25.638+0000] {logging_mixin.py:188} INFO - [2024-10-20T06:25:25.638+0000] {dagbag.py:540} INFO - Filling up the DagBag from /home/airflow/.local/lib/python3.12/site-packages/airflow/example_dags/example_complex.py
[2024-10-20T06:25:25.646+0000] {processor.py:840} INFO - DAG(s) 'example_complex' retrieved from /home/airflow/.local/lib/python3.12/site-packages/airflow/example_dags/example_complex.py
[2024-10-20T06:25:25.670+0000] {logging_mixin.py:188} INFO - [2024-10-20T06:25:25.670+0000] {dag.py:3096} INFO - Sync 1 DAGs
[2024-10-20T06:25:25.679+0000] {logging_mixin.py:188} INFO - [2024-10-20T06:25:25.678+0000] {dag.py:3954} INFO - Setting next_dagrun for example_complex to None, run_after=None
[2024-10-20T06:25:25.695+0000] {processor.py:183} INFO - Processing /home/airflow/.local/lib/python3.12/site-packages/airflow/example_dags/example_complex.py took 0.063 seconds
[2024-10-20T06:25:56.252+0000] {processor.py:161} INFO - Started process (PID=5526) to work on /home/airflow/.local/lib/python3.12/site-packages/airflow/example_dags/example_complex.py
[2024-10-20T06:25:56.253+0000] {processor.py:830} INFO - Processing file /home/airflow/.local/lib/python3.12/site-packages/airflow/example_dags/example_complex.py for tasks to queue
[2024-10-20T06:25:56.254+0000] {logging_mixin.py:188} INFO - [2024-10-20T06:25:56.254+0000] {dagbag.py:540} INFO - Filling up the DagBag from /home/airflow/.local/lib/python3.12/site-packages/airflow/example_dags/example_complex.py
[2024-10-20T06:25:56.262+0000] {processor.py:840} INFO - DAG(s) 'example_complex' retrieved from /home/airflow/.local/lib/python3.12/site-packages/airflow/example_dags/example_complex.py
[2024-10-20T06:25:56.284+0000] {logging_mixin.py:188} INFO - [2024-10-20T06:25:56.284+0000] {dag.py:3096} INFO - Sync 1 DAGs
[2024-10-20T06:25:56.293+0000] {logging_mixin.py:188} INFO - [2024-10-20T06:25:56.293+0000] {dag.py:3954} INFO - Setting next_dagrun for example_complex to None, run_after=None
[2024-10-20T06:25:56.312+0000] {processor.py:183} INFO - Processing /home/airflow/.local/lib/python3.12/site-packages/airflow/example_dags/example_complex.py took 0.064 seconds
[2024-10-20T06:26:26.830+0000] {processor.py:161} INFO - Started process (PID=5792) to work on /home/airflow/.local/lib/python3.12/site-packages/airflow/example_dags/example_complex.py
[2024-10-20T06:26:26.831+0000] {processor.py:830} INFO - Processing file /home/airflow/.local/lib/python3.12/site-packages/airflow/example_dags/example_complex.py for tasks to queue
[2024-10-20T06:26:26.832+0000] {logging_mixin.py:188} INFO - [2024-10-20T06:26:26.832+0000] {dagbag.py:540} INFO - Filling up the DagBag from /home/airflow/.local/lib/python3.12/site-packages/airflow/example_dags/example_complex.py
[2024-10-20T06:26:26.841+0000] {processor.py:840} INFO - DAG(s) 'example_complex' retrieved from /home/airflow/.local/lib/python3.12/site-packages/airflow/example_dags/example_complex.py
[2024-10-20T06:26:26.874+0000] {logging_mixin.py:188} INFO - [2024-10-20T06:26:26.874+0000] {dag.py:3096} INFO - Sync 1 DAGs
[2024-10-20T06:26:26.887+0000] {logging_mixin.py:188} INFO - [2024-10-20T06:26:26.887+0000] {dag.py:3954} INFO - Setting next_dagrun for example_complex to None, run_after=None
[2024-10-20T06:26:26.909+0000] {processor.py:183} INFO - Processing /home/airflow/.local/lib/python3.12/site-packages/airflow/example_dags/example_complex.py took 0.084 seconds
[2024-10-20T06:26:57.527+0000] {processor.py:161} INFO - Started process (PID=6058) to work on /home/airflow/.local/lib/python3.12/site-packages/airflow/example_dags/example_complex.py
[2024-10-20T06:26:57.527+0000] {processor.py:830} INFO - Processing file /home/airflow/.local/lib/python3.12/site-packages/airflow/example_dags/example_complex.py for tasks to queue
[2024-10-20T06:26:57.528+0000] {logging_mixin.py:188} INFO - [2024-10-20T06:26:57.528+0000] {dagbag.py:540} INFO - Filling up the DagBag from /home/airflow/.local/lib/python3.12/site-packages/airflow/example_dags/example_complex.py
[2024-10-20T06:26:57.536+0000] {processor.py:840} INFO - DAG(s) 'example_complex' retrieved from /home/airflow/.local/lib/python3.12/site-packages/airflow/example_dags/example_complex.py
[2024-10-20T06:26:57.559+0000] {logging_mixin.py:188} INFO - [2024-10-20T06:26:57.559+0000] {dag.py:3096} INFO - Sync 1 DAGs
[2024-10-20T06:26:57.568+0000] {logging_mixin.py:188} INFO - [2024-10-20T06:26:57.568+0000] {dag.py:3954} INFO - Setting next_dagrun for example_complex to None, run_after=None
[2024-10-20T06:26:57.586+0000] {processor.py:183} INFO - Processing /home/airflow/.local/lib/python3.12/site-packages/airflow/example_dags/example_complex.py took 0.063 seconds
[2024-10-20T06:27:28.085+0000] {processor.py:161} INFO - Started process (PID=6324) to work on /home/airflow/.local/lib/python3.12/site-packages/airflow/example_dags/example_complex.py
[2024-10-20T06:27:28.085+0000] {processor.py:830} INFO - Processing file /home/airflow/.local/lib/python3.12/site-packages/airflow/example_dags/example_complex.py for tasks to queue
[2024-10-20T06:27:28.086+0000] {logging_mixin.py:188} INFO - [2024-10-20T06:27:28.086+0000] {dagbag.py:540} INFO - Filling up the DagBag from /home/airflow/.local/lib/python3.12/site-packages/airflow/example_dags/example_complex.py
[2024-10-20T06:27:28.094+0000] {processor.py:840} INFO - DAG(s) 'example_complex' retrieved from /home/airflow/.local/lib/python3.12/site-packages/airflow/example_dags/example_complex.py
[2024-10-20T06:27:28.117+0000] {logging_mixin.py:188} INFO - [2024-10-20T06:27:28.117+0000] {dag.py:3096} INFO - Sync 1 DAGs
[2024-10-20T06:27:28.126+0000] {logging_mixin.py:188} INFO - [2024-10-20T06:27:28.126+0000] {dag.py:3954} INFO - Setting next_dagrun for example_complex to None, run_after=None
[2024-10-20T06:27:28.144+0000] {processor.py:183} INFO - Processing /home/airflow/.local/lib/python3.12/site-packages/airflow/example_dags/example_complex.py took 0.063 seconds
[2024-10-20T06:27:58.644+0000] {processor.py:161} INFO - Started process (PID=6590) to work on /home/airflow/.local/lib/python3.12/site-packages/airflow/example_dags/example_complex.py
[2024-10-20T06:27:58.644+0000] {processor.py:830} INFO - Processing file /home/airflow/.local/lib/python3.12/site-packages/airflow/example_dags/example_complex.py for tasks to queue
[2024-10-20T06:27:58.645+0000] {logging_mixin.py:188} INFO - [2024-10-20T06:27:58.645+0000] {dagbag.py:540} INFO - Filling up the DagBag from /home/airflow/.local/lib/python3.12/site-packages/airflow/example_dags/example_complex.py
[2024-10-20T06:27:58.653+0000] {processor.py:840} INFO - DAG(s) 'example_complex' retrieved from /home/airflow/.local/lib/python3.12/site-packages/airflow/example_dags/example_complex.py
[2024-10-20T06:27:58.676+0000] {logging_mixin.py:188} INFO - [2024-10-20T06:27:58.676+0000] {dag.py:3096} INFO - Sync 1 DAGs
[2024-10-20T06:27:58.685+0000] {logging_mixin.py:188} INFO - [2024-10-20T06:27:58.685+0000] {dag.py:3954} INFO - Setting next_dagrun for example_complex to None, run_after=None
[2024-10-20T06:27:58.702+0000] {processor.py:183} INFO - Processing /home/airflow/.local/lib/python3.12/site-packages/airflow/example_dags/example_complex.py took 0.063 seconds
[2024-10-20T06:28:29.240+0000] {processor.py:161} INFO - Started process (PID=6856) to work on /home/airflow/.local/lib/python3.12/site-packages/airflow/example_dags/example_complex.py
[2024-10-20T06:28:29.241+0000] {processor.py:830} INFO - Processing file /home/airflow/.local/lib/python3.12/site-packages/airflow/example_dags/example_complex.py for tasks to queue
[2024-10-20T06:28:29.242+0000] {logging_mixin.py:188} INFO - [2024-10-20T06:28:29.242+0000] {dagbag.py:540} INFO - Filling up the DagBag from /home/airflow/.local/lib/python3.12/site-packages/airflow/example_dags/example_complex.py
[2024-10-20T06:28:29.250+0000] {processor.py:840} INFO - DAG(s) 'example_complex' retrieved from /home/airflow/.local/lib/python3.12/site-packages/airflow/example_dags/example_complex.py
[2024-10-20T06:28:29.273+0000] {logging_mixin.py:188} INFO - [2024-10-20T06:28:29.273+0000] {dag.py:3096} INFO - Sync 1 DAGs
[2024-10-20T06:28:29.282+0000] {logging_mixin.py:188} INFO - [2024-10-20T06:28:29.282+0000] {dag.py:3954} INFO - Setting next_dagrun for example_complex to None, run_after=None
[2024-10-20T06:28:29.300+0000] {processor.py:183} INFO - Processing /home/airflow/.local/lib/python3.12/site-packages/airflow/example_dags/example_complex.py took 0.064 seconds
[2024-10-20T06:28:59.778+0000] {processor.py:161} INFO - Started process (PID=7122) to work on /home/airflow/.local/lib/python3.12/site-packages/airflow/example_dags/example_complex.py
[2024-10-20T06:28:59.778+0000] {processor.py:830} INFO - Processing file /home/airflow/.local/lib/python3.12/site-packages/airflow/example_dags/example_complex.py for tasks to queue
[2024-10-20T06:28:59.779+0000] {logging_mixin.py:188} INFO - [2024-10-20T06:28:59.779+0000] {dagbag.py:540} INFO - Filling up the DagBag from /home/airflow/.local/lib/python3.12/site-packages/airflow/example_dags/example_complex.py
[2024-10-20T06:28:59.787+0000] {processor.py:840} INFO - DAG(s) 'example_complex' retrieved from /home/airflow/.local/lib/python3.12/site-packages/airflow/example_dags/example_complex.py
[2024-10-20T06:28:59.810+0000] {logging_mixin.py:188} INFO - [2024-10-20T06:28:59.810+0000] {dag.py:3096} INFO - Sync 1 DAGs
[2024-10-20T06:28:59.819+0000] {logging_mixin.py:188} INFO - [2024-10-20T06:28:59.819+0000] {dag.py:3954} INFO - Setting next_dagrun for example_complex to None, run_after=None
[2024-10-20T06:28:59.835+0000] {processor.py:183} INFO - Processing /home/airflow/.local/lib/python3.12/site-packages/airflow/example_dags/example_complex.py took 0.062 seconds
[2024-10-20T06:29:30.220+0000] {processor.py:161} INFO - Started process (PID=7388) to work on /home/airflow/.local/lib/python3.12/site-packages/airflow/example_dags/example_complex.py
[2024-10-20T06:29:30.221+0000] {processor.py:830} INFO - Processing file /home/airflow/.local/lib/python3.12/site-packages/airflow/example_dags/example_complex.py for tasks to queue
[2024-10-20T06:29:30.222+0000] {logging_mixin.py:188} INFO - [2024-10-20T06:29:30.222+0000] {dagbag.py:540} INFO - Filling up the DagBag from /home/airflow/.local/lib/python3.12/site-packages/airflow/example_dags/example_complex.py
[2024-10-20T06:29:30.230+0000] {processor.py:840} INFO - DAG(s) 'example_complex' retrieved from /home/airflow/.local/lib/python3.12/site-packages/airflow/example_dags/example_complex.py
[2024-10-20T06:29:30.253+0000] {logging_mixin.py:188} INFO - [2024-10-20T06:29:30.252+0000] {dag.py:3096} INFO - Sync 1 DAGs
[2024-10-20T06:29:30.262+0000] {logging_mixin.py:188} INFO - [2024-10-20T06:29:30.261+0000] {dag.py:3954} INFO - Setting next_dagrun for example_complex to None, run_after=None
[2024-10-20T06:29:30.281+0000] {processor.py:183} INFO - Processing /home/airflow/.local/lib/python3.12/site-packages/airflow/example_dags/example_complex.py took 0.065 seconds
[2024-10-20T06:30:00.724+0000] {processor.py:161} INFO - Started process (PID=7654) to work on /home/airflow/.local/lib/python3.12/site-packages/airflow/example_dags/example_complex.py
[2024-10-20T06:30:00.724+0000] {processor.py:830} INFO - Processing file /home/airflow/.local/lib/python3.12/site-packages/airflow/example_dags/example_complex.py for tasks to queue
[2024-10-20T06:30:00.726+0000] {logging_mixin.py:188} INFO - [2024-10-20T06:30:00.725+0000] {dagbag.py:540} INFO - Filling up the DagBag from /home/airflow/.local/lib/python3.12/site-packages/airflow/example_dags/example_complex.py
[2024-10-20T06:30:00.733+0000] {processor.py:840} INFO - DAG(s) 'example_complex' retrieved from /home/airflow/.local/lib/python3.12/site-packages/airflow/example_dags/example_complex.py
[2024-10-20T06:30:00.756+0000] {logging_mixin.py:188} INFO - [2024-10-20T06:30:00.756+0000] {dag.py:3096} INFO - Sync 1 DAGs
[2024-10-20T06:30:00.765+0000] {logging_mixin.py:188} INFO - [2024-10-20T06:30:00.765+0000] {dag.py:3954} INFO - Setting next_dagrun for example_complex to None, run_after=None
[2024-10-20T06:30:00.790+0000] {processor.py:183} INFO - Processing /home/airflow/.local/lib/python3.12/site-packages/airflow/example_dags/example_complex.py took 0.071 seconds
[2024-10-20T06:30:31.358+0000] {processor.py:161} INFO - Started process (PID=7920) to work on /home/airflow/.local/lib/python3.12/site-packages/airflow/example_dags/example_complex.py
[2024-10-20T06:30:31.358+0000] {processor.py:830} INFO - Processing file /home/airflow/.local/lib/python3.12/site-packages/airflow/example_dags/example_complex.py for tasks to queue
[2024-10-20T06:30:31.360+0000] {logging_mixin.py:188} INFO - [2024-10-20T06:30:31.359+0000] {dagbag.py:540} INFO - Filling up the DagBag from /home/airflow/.local/lib/python3.12/site-packages/airflow/example_dags/example_complex.py
[2024-10-20T06:30:31.367+0000] {processor.py:840} INFO - DAG(s) 'example_complex' retrieved from /home/airflow/.local/lib/python3.12/site-packages/airflow/example_dags/example_complex.py
[2024-10-20T06:30:31.390+0000] {logging_mixin.py:188} INFO - [2024-10-20T06:30:31.390+0000] {dag.py:3096} INFO - Sync 1 DAGs
[2024-10-20T06:30:31.399+0000] {logging_mixin.py:188} INFO - [2024-10-20T06:30:31.399+0000] {dag.py:3954} INFO - Setting next_dagrun for example_complex to None, run_after=None
[2024-10-20T06:30:31.415+0000] {processor.py:183} INFO - Processing /home/airflow/.local/lib/python3.12/site-packages/airflow/example_dags/example_complex.py took 0.061 seconds
[2024-10-20T06:31:01.902+0000] {processor.py:161} INFO - Started process (PID=8186) to work on /home/airflow/.local/lib/python3.12/site-packages/airflow/example_dags/example_complex.py
[2024-10-20T06:31:01.902+0000] {processor.py:830} INFO - Processing file /home/airflow/.local/lib/python3.12/site-packages/airflow/example_dags/example_complex.py for tasks to queue
[2024-10-20T06:31:01.904+0000] {logging_mixin.py:188} INFO - [2024-10-20T06:31:01.903+0000] {dagbag.py:540} INFO - Filling up the DagBag from /home/airflow/.local/lib/python3.12/site-packages/airflow/example_dags/example_complex.py
[2024-10-20T06:31:01.911+0000] {processor.py:840} INFO - DAG(s) 'example_complex' retrieved from /home/airflow/.local/lib/python3.12/site-packages/airflow/example_dags/example_complex.py
[2024-10-20T06:31:01.934+0000] {logging_mixin.py:188} INFO - [2024-10-20T06:31:01.934+0000] {dag.py:3096} INFO - Sync 1 DAGs
[2024-10-20T06:31:01.943+0000] {logging_mixin.py:188} INFO - [2024-10-20T06:31:01.943+0000] {dag.py:3954} INFO - Setting next_dagrun for example_complex to None, run_after=None
[2024-10-20T06:31:01.959+0000] {processor.py:183} INFO - Processing /home/airflow/.local/lib/python3.12/site-packages/airflow/example_dags/example_complex.py took 0.061 seconds
[2024-10-20T06:31:32.289+0000] {processor.py:161} INFO - Started process (PID=8452) to work on /home/airflow/.local/lib/python3.12/site-packages/airflow/example_dags/example_complex.py
[2024-10-20T06:31:32.289+0000] {processor.py:830} INFO - Processing file /home/airflow/.local/lib/python3.12/site-packages/airflow/example_dags/example_complex.py for tasks to queue
[2024-10-20T06:31:32.291+0000] {logging_mixin.py:188} INFO - [2024-10-20T06:31:32.290+0000] {dagbag.py:540} INFO - Filling up the DagBag from /home/airflow/.local/lib/python3.12/site-packages/airflow/example_dags/example_complex.py
[2024-10-20T06:31:32.298+0000] {processor.py:840} INFO - DAG(s) 'example_complex' retrieved from /home/airflow/.local/lib/python3.12/site-packages/airflow/example_dags/example_complex.py
[2024-10-20T06:31:32.322+0000] {logging_mixin.py:188} INFO - [2024-10-20T06:31:32.322+0000] {dag.py:3096} INFO - Sync 1 DAGs
[2024-10-20T06:31:32.331+0000] {logging_mixin.py:188} INFO - [2024-10-20T06:31:32.331+0000] {dag.py:3954} INFO - Setting next_dagrun for example_complex to None, run_after=None
[2024-10-20T06:31:32.350+0000] {processor.py:183} INFO - Processing /home/airflow/.local/lib/python3.12/site-packages/airflow/example_dags/example_complex.py took 0.067 seconds
[2024-10-20T06:32:02.851+0000] {processor.py:161} INFO - Started process (PID=8718) to work on /home/airflow/.local/lib/python3.12/site-packages/airflow/example_dags/example_complex.py
[2024-10-20T06:32:02.852+0000] {processor.py:830} INFO - Processing file /home/airflow/.local/lib/python3.12/site-packages/airflow/example_dags/example_complex.py for tasks to queue
[2024-10-20T06:32:02.853+0000] {logging_mixin.py:188} INFO - [2024-10-20T06:32:02.853+0000] {dagbag.py:540} INFO - Filling up the DagBag from /home/airflow/.local/lib/python3.12/site-packages/airflow/example_dags/example_complex.py
[2024-10-20T06:32:02.864+0000] {processor.py:840} INFO - DAG(s) 'example_complex' retrieved from /home/airflow/.local/lib/python3.12/site-packages/airflow/example_dags/example_complex.py
[2024-10-20T06:32:02.888+0000] {logging_mixin.py:188} INFO - [2024-10-20T06:32:02.888+0000] {dag.py:3096} INFO - Sync 1 DAGs
[2024-10-20T06:32:02.897+0000] {logging_mixin.py:188} INFO - [2024-10-20T06:32:02.897+0000] {dag.py:3954} INFO - Setting next_dagrun for example_complex to None, run_after=None
[2024-10-20T06:32:02.915+0000] {processor.py:183} INFO - Processing /home/airflow/.local/lib/python3.12/site-packages/airflow/example_dags/example_complex.py took 0.069 seconds
[2024-10-20T06:32:33.475+0000] {processor.py:161} INFO - Started process (PID=8984) to work on /home/airflow/.local/lib/python3.12/site-packages/airflow/example_dags/example_complex.py
[2024-10-20T06:32:33.475+0000] {processor.py:830} INFO - Processing file /home/airflow/.local/lib/python3.12/site-packages/airflow/example_dags/example_complex.py for tasks to queue
[2024-10-20T06:32:33.476+0000] {logging_mixin.py:188} INFO - [2024-10-20T06:32:33.476+0000] {dagbag.py:540} INFO - Filling up the DagBag from /home/airflow/.local/lib/python3.12/site-packages/airflow/example_dags/example_complex.py
[2024-10-20T06:32:33.484+0000] {processor.py:840} INFO - DAG(s) 'example_complex' retrieved from /home/airflow/.local/lib/python3.12/site-packages/airflow/example_dags/example_complex.py
[2024-10-20T06:32:33.507+0000] {logging_mixin.py:188} INFO - [2024-10-20T06:32:33.507+0000] {dag.py:3096} INFO - Sync 1 DAGs
[2024-10-20T06:32:33.516+0000] {logging_mixin.py:188} INFO - [2024-10-20T06:32:33.516+0000] {dag.py:3954} INFO - Setting next_dagrun for example_complex to None, run_after=None
[2024-10-20T06:32:33.535+0000] {processor.py:183} INFO - Processing /home/airflow/.local/lib/python3.12/site-packages/airflow/example_dags/example_complex.py took 0.065 seconds
[2024-10-20T06:33:04.125+0000] {processor.py:161} INFO - Started process (PID=9250) to work on /home/airflow/.local/lib/python3.12/site-packages/airflow/example_dags/example_complex.py
[2024-10-20T06:33:04.125+0000] {processor.py:830} INFO - Processing file /home/airflow/.local/lib/python3.12/site-packages/airflow/example_dags/example_complex.py for tasks to queue
[2024-10-20T06:33:04.127+0000] {logging_mixin.py:188} INFO - [2024-10-20T06:33:04.126+0000] {dagbag.py:540} INFO - Filling up the DagBag from /home/airflow/.local/lib/python3.12/site-packages/airflow/example_dags/example_complex.py
[2024-10-20T06:33:04.135+0000] {processor.py:840} INFO - DAG(s) 'example_complex' retrieved from /home/airflow/.local/lib/python3.12/site-packages/airflow/example_dags/example_complex.py
[2024-10-20T06:33:04.157+0000] {logging_mixin.py:188} INFO - [2024-10-20T06:33:04.157+0000] {dag.py:3096} INFO - Sync 1 DAGs
[2024-10-20T06:33:04.166+0000] {logging_mixin.py:188} INFO - [2024-10-20T06:33:04.166+0000] {dag.py:3954} INFO - Setting next_dagrun for example_complex to None, run_after=None
[2024-10-20T06:33:04.184+0000] {processor.py:183} INFO - Processing /home/airflow/.local/lib/python3.12/site-packages/airflow/example_dags/example_complex.py took 0.063 seconds
[2024-10-20T06:33:34.782+0000] {processor.py:161} INFO - Started process (PID=9516) to work on /home/airflow/.local/lib/python3.12/site-packages/airflow/example_dags/example_complex.py
[2024-10-20T06:33:34.782+0000] {processor.py:830} INFO - Processing file /home/airflow/.local/lib/python3.12/site-packages/airflow/example_dags/example_complex.py for tasks to queue
[2024-10-20T06:33:34.784+0000] {logging_mixin.py:188} INFO - [2024-10-20T06:33:34.783+0000] {dagbag.py:540} INFO - Filling up the DagBag from /home/airflow/.local/lib/python3.12/site-packages/airflow/example_dags/example_complex.py
[2024-10-20T06:33:34.791+0000] {processor.py:840} INFO - DAG(s) 'example_complex' retrieved from /home/airflow/.local/lib/python3.12/site-packages/airflow/example_dags/example_complex.py
[2024-10-20T06:33:34.814+0000] {logging_mixin.py:188} INFO - [2024-10-20T06:33:34.814+0000] {dag.py:3096} INFO - Sync 1 DAGs
[2024-10-20T06:33:34.823+0000] {logging_mixin.py:188} INFO - [2024-10-20T06:33:34.823+0000] {dag.py:3954} INFO - Setting next_dagrun for example_complex to None, run_after=None
[2024-10-20T06:33:34.839+0000] {processor.py:183} INFO - Processing /home/airflow/.local/lib/python3.12/site-packages/airflow/example_dags/example_complex.py took 0.062 seconds
[2024-10-20T06:34:05.449+0000] {processor.py:161} INFO - Started process (PID=9782) to work on /home/airflow/.local/lib/python3.12/site-packages/airflow/example_dags/example_complex.py
[2024-10-20T06:34:05.450+0000] {processor.py:830} INFO - Processing file /home/airflow/.local/lib/python3.12/site-packages/airflow/example_dags/example_complex.py for tasks to queue
[2024-10-20T06:34:05.451+0000] {logging_mixin.py:188} INFO - [2024-10-20T06:34:05.450+0000] {dagbag.py:540} INFO - Filling up the DagBag from /home/airflow/.local/lib/python3.12/site-packages/airflow/example_dags/example_complex.py
[2024-10-20T06:34:05.458+0000] {processor.py:840} INFO - DAG(s) 'example_complex' retrieved from /home/airflow/.local/lib/python3.12/site-packages/airflow/example_dags/example_complex.py
[2024-10-20T06:34:05.481+0000] {logging_mixin.py:188} INFO - [2024-10-20T06:34:05.481+0000] {dag.py:3096} INFO - Sync 1 DAGs
[2024-10-20T06:34:05.490+0000] {logging_mixin.py:188} INFO - [2024-10-20T06:34:05.490+0000] {dag.py:3954} INFO - Setting next_dagrun for example_complex to None, run_after=None
[2024-10-20T06:34:05.508+0000] {processor.py:183} INFO - Processing /home/airflow/.local/lib/python3.12/site-packages/airflow/example_dags/example_complex.py took 0.064 seconds
[2024-10-20T06:34:36.116+0000] {processor.py:161} INFO - Started process (PID=10048) to work on /home/airflow/.local/lib/python3.12/site-packages/airflow/example_dags/example_complex.py
[2024-10-20T06:34:36.117+0000] {processor.py:830} INFO - Processing file /home/airflow/.local/lib/python3.12/site-packages/airflow/example_dags/example_complex.py for tasks to queue
[2024-10-20T06:34:36.118+0000] {logging_mixin.py:188} INFO - [2024-10-20T06:34:36.118+0000] {dagbag.py:540} INFO - Filling up the DagBag from /home/airflow/.local/lib/python3.12/site-packages/airflow/example_dags/example_complex.py
[2024-10-20T06:34:36.125+0000] {processor.py:840} INFO - DAG(s) 'example_complex' retrieved from /home/airflow/.local/lib/python3.12/site-packages/airflow/example_dags/example_complex.py
[2024-10-20T06:34:36.151+0000] {logging_mixin.py:188} INFO - [2024-10-20T06:34:36.151+0000] {dag.py:3096} INFO - Sync 1 DAGs
[2024-10-20T06:34:36.161+0000] {logging_mixin.py:188} INFO - [2024-10-20T06:34:36.161+0000] {dag.py:3954} INFO - Setting next_dagrun for example_complex to None, run_after=None
[2024-10-20T06:34:36.182+0000] {processor.py:183} INFO - Processing /home/airflow/.local/lib/python3.12/site-packages/airflow/example_dags/example_complex.py took 0.071 seconds
[2024-10-20T06:35:06.576+0000] {processor.py:161} INFO - Started process (PID=10314) to work on /home/airflow/.local/lib/python3.12/site-packages/airflow/example_dags/example_complex.py
[2024-10-20T06:35:06.576+0000] {processor.py:830} INFO - Processing file /home/airflow/.local/lib/python3.12/site-packages/airflow/example_dags/example_complex.py for tasks to queue
[2024-10-20T06:35:06.578+0000] {logging_mixin.py:188} INFO - [2024-10-20T06:35:06.578+0000] {dagbag.py:540} INFO - Filling up the DagBag from /home/airflow/.local/lib/python3.12/site-packages/airflow/example_dags/example_complex.py
[2024-10-20T06:35:06.590+0000] {processor.py:840} INFO - DAG(s) 'example_complex' retrieved from /home/airflow/.local/lib/python3.12/site-packages/airflow/example_dags/example_complex.py
[2024-10-20T06:35:06.616+0000] {logging_mixin.py:188} INFO - [2024-10-20T06:35:06.616+0000] {dag.py:3096} INFO - Sync 1 DAGs
[2024-10-20T06:35:06.625+0000] {logging_mixin.py:188} INFO - [2024-10-20T06:35:06.625+0000] {dag.py:3954} INFO - Setting next_dagrun for example_complex to None, run_after=None
[2024-10-20T06:35:06.654+0000] {processor.py:183} INFO - Processing /home/airflow/.local/lib/python3.12/site-packages/airflow/example_dags/example_complex.py took 0.082 seconds
[2024-10-20T06:35:37.218+0000] {processor.py:161} INFO - Started process (PID=10581) to work on /home/airflow/.local/lib/python3.12/site-packages/airflow/example_dags/example_complex.py
[2024-10-20T06:35:37.219+0000] {processor.py:830} INFO - Processing file /home/airflow/.local/lib/python3.12/site-packages/airflow/example_dags/example_complex.py for tasks to queue
[2024-10-20T06:35:37.220+0000] {logging_mixin.py:188} INFO - [2024-10-20T06:35:37.220+0000] {dagbag.py:540} INFO - Filling up the DagBag from /home/airflow/.local/lib/python3.12/site-packages/airflow/example_dags/example_complex.py
[2024-10-20T06:35:37.228+0000] {processor.py:840} INFO - DAG(s) 'example_complex' retrieved from /home/airflow/.local/lib/python3.12/site-packages/airflow/example_dags/example_complex.py
[2024-10-20T06:35:37.251+0000] {logging_mixin.py:188} INFO - [2024-10-20T06:35:37.250+0000] {dag.py:3096} INFO - Sync 1 DAGs
[2024-10-20T06:35:37.259+0000] {logging_mixin.py:188} INFO - [2024-10-20T06:35:37.259+0000] {dag.py:3954} INFO - Setting next_dagrun for example_complex to None, run_after=None
[2024-10-20T06:35:37.279+0000] {processor.py:183} INFO - Processing /home/airflow/.local/lib/python3.12/site-packages/airflow/example_dags/example_complex.py took 0.064 seconds
[2024-10-20T06:36:07.741+0000] {processor.py:161} INFO - Started process (PID=10847) to work on /home/airflow/.local/lib/python3.12/site-packages/airflow/example_dags/example_complex.py
[2024-10-20T06:36:07.742+0000] {processor.py:830} INFO - Processing file /home/airflow/.local/lib/python3.12/site-packages/airflow/example_dags/example_complex.py for tasks to queue
[2024-10-20T06:36:07.743+0000] {logging_mixin.py:188} INFO - [2024-10-20T06:36:07.743+0000] {dagbag.py:540} INFO - Filling up the DagBag from /home/airflow/.local/lib/python3.12/site-packages/airflow/example_dags/example_complex.py
[2024-10-20T06:36:07.751+0000] {processor.py:840} INFO - DAG(s) 'example_complex' retrieved from /home/airflow/.local/lib/python3.12/site-packages/airflow/example_dags/example_complex.py
[2024-10-20T06:36:07.774+0000] {logging_mixin.py:188} INFO - [2024-10-20T06:36:07.774+0000] {dag.py:3096} INFO - Sync 1 DAGs
[2024-10-20T06:36:07.783+0000] {logging_mixin.py:188} INFO - [2024-10-20T06:36:07.783+0000] {dag.py:3954} INFO - Setting next_dagrun for example_complex to None, run_after=None
[2024-10-20T06:36:07.815+0000] {processor.py:183} INFO - Processing /home/airflow/.local/lib/python3.12/site-packages/airflow/example_dags/example_complex.py took 0.078 seconds
[2024-10-20T06:36:38.365+0000] {processor.py:161} INFO - Started process (PID=11113) to work on /home/airflow/.local/lib/python3.12/site-packages/airflow/example_dags/example_complex.py
[2024-10-20T06:36:38.365+0000] {processor.py:830} INFO - Processing file /home/airflow/.local/lib/python3.12/site-packages/airflow/example_dags/example_complex.py for tasks to queue
[2024-10-20T06:36:38.367+0000] {logging_mixin.py:188} INFO - [2024-10-20T06:36:38.366+0000] {dagbag.py:540} INFO - Filling up the DagBag from /home/airflow/.local/lib/python3.12/site-packages/airflow/example_dags/example_complex.py
[2024-10-20T06:36:38.374+0000] {processor.py:840} INFO - DAG(s) 'example_complex' retrieved from /home/airflow/.local/lib/python3.12/site-packages/airflow/example_dags/example_complex.py
[2024-10-20T06:36:38.397+0000] {logging_mixin.py:188} INFO - [2024-10-20T06:36:38.397+0000] {dag.py:3096} INFO - Sync 1 DAGs
[2024-10-20T06:36:38.406+0000] {logging_mixin.py:188} INFO - [2024-10-20T06:36:38.406+0000] {dag.py:3954} INFO - Setting next_dagrun for example_complex to None, run_after=None
[2024-10-20T06:36:38.424+0000] {processor.py:183} INFO - Processing /home/airflow/.local/lib/python3.12/site-packages/airflow/example_dags/example_complex.py took 0.063 seconds
[2024-10-20T06:37:09.147+0000] {processor.py:161} INFO - Started process (PID=11380) to work on /home/airflow/.local/lib/python3.12/site-packages/airflow/example_dags/example_complex.py
[2024-10-20T06:37:09.148+0000] {processor.py:830} INFO - Processing file /home/airflow/.local/lib/python3.12/site-packages/airflow/example_dags/example_complex.py for tasks to queue
[2024-10-20T06:37:09.149+0000] {logging_mixin.py:188} INFO - [2024-10-20T06:37:09.149+0000] {dagbag.py:540} INFO - Filling up the DagBag from /home/airflow/.local/lib/python3.12/site-packages/airflow/example_dags/example_complex.py
[2024-10-20T06:37:09.158+0000] {processor.py:840} INFO - DAG(s) 'example_complex' retrieved from /home/airflow/.local/lib/python3.12/site-packages/airflow/example_dags/example_complex.py
[2024-10-20T06:37:09.182+0000] {logging_mixin.py:188} INFO - [2024-10-20T06:37:09.182+0000] {dag.py:3096} INFO - Sync 1 DAGs
[2024-10-20T06:37:09.191+0000] {logging_mixin.py:188} INFO - [2024-10-20T06:37:09.191+0000] {dag.py:3954} INFO - Setting next_dagrun for example_complex to None, run_after=None
[2024-10-20T06:37:09.207+0000] {processor.py:183} INFO - Processing /home/airflow/.local/lib/python3.12/site-packages/airflow/example_dags/example_complex.py took 0.066 seconds
[2024-10-20T06:37:39.809+0000] {processor.py:161} INFO - Started process (PID=11646) to work on /home/airflow/.local/lib/python3.12/site-packages/airflow/example_dags/example_complex.py
[2024-10-20T06:37:39.810+0000] {processor.py:830} INFO - Processing file /home/airflow/.local/lib/python3.12/site-packages/airflow/example_dags/example_complex.py for tasks to queue
[2024-10-20T06:37:39.811+0000] {logging_mixin.py:188} INFO - [2024-10-20T06:37:39.811+0000] {dagbag.py:540} INFO - Filling up the DagBag from /home/airflow/.local/lib/python3.12/site-packages/airflow/example_dags/example_complex.py
[2024-10-20T06:37:39.819+0000] {processor.py:840} INFO - DAG(s) 'example_complex' retrieved from /home/airflow/.local/lib/python3.12/site-packages/airflow/example_dags/example_complex.py
[2024-10-20T06:37:39.841+0000] {logging_mixin.py:188} INFO - [2024-10-20T06:37:39.841+0000] {dag.py:3096} INFO - Sync 1 DAGs
[2024-10-20T06:37:39.851+0000] {logging_mixin.py:188} INFO - [2024-10-20T06:37:39.850+0000] {dag.py:3954} INFO - Setting next_dagrun for example_complex to None, run_after=None
[2024-10-20T06:37:39.867+0000] {processor.py:183} INFO - Processing /home/airflow/.local/lib/python3.12/site-packages/airflow/example_dags/example_complex.py took 0.062 seconds
[2024-10-20T06:38:10.342+0000] {processor.py:161} INFO - Started process (PID=11912) to work on /home/airflow/.local/lib/python3.12/site-packages/airflow/example_dags/example_complex.py
[2024-10-20T06:38:10.343+0000] {processor.py:830} INFO - Processing file /home/airflow/.local/lib/python3.12/site-packages/airflow/example_dags/example_complex.py for tasks to queue
[2024-10-20T06:38:10.344+0000] {logging_mixin.py:188} INFO - [2024-10-20T06:38:10.344+0000] {dagbag.py:540} INFO - Filling up the DagBag from /home/airflow/.local/lib/python3.12/site-packages/airflow/example_dags/example_complex.py
[2024-10-20T06:38:10.352+0000] {processor.py:840} INFO - DAG(s) 'example_complex' retrieved from /home/airflow/.local/lib/python3.12/site-packages/airflow/example_dags/example_complex.py
[2024-10-20T06:38:10.376+0000] {logging_mixin.py:188} INFO - [2024-10-20T06:38:10.375+0000] {dag.py:3096} INFO - Sync 1 DAGs
[2024-10-20T06:38:10.385+0000] {logging_mixin.py:188} INFO - [2024-10-20T06:38:10.384+0000] {dag.py:3954} INFO - Setting next_dagrun for example_complex to None, run_after=None
[2024-10-20T06:38:10.412+0000] {processor.py:183} INFO - Processing /home/airflow/.local/lib/python3.12/site-packages/airflow/example_dags/example_complex.py took 0.073 seconds
[2024-10-20T06:38:40.917+0000] {processor.py:161} INFO - Started process (PID=12178) to work on /home/airflow/.local/lib/python3.12/site-packages/airflow/example_dags/example_complex.py
[2024-10-20T06:38:40.917+0000] {processor.py:830} INFO - Processing file /home/airflow/.local/lib/python3.12/site-packages/airflow/example_dags/example_complex.py for tasks to queue
[2024-10-20T06:38:40.918+0000] {logging_mixin.py:188} INFO - [2024-10-20T06:38:40.918+0000] {dagbag.py:540} INFO - Filling up the DagBag from /home/airflow/.local/lib/python3.12/site-packages/airflow/example_dags/example_complex.py
[2024-10-20T06:38:40.926+0000] {processor.py:840} INFO - DAG(s) 'example_complex' retrieved from /home/airflow/.local/lib/python3.12/site-packages/airflow/example_dags/example_complex.py
[2024-10-20T06:38:40.949+0000] {logging_mixin.py:188} INFO - [2024-10-20T06:38:40.949+0000] {dag.py:3096} INFO - Sync 1 DAGs
[2024-10-20T06:38:40.958+0000] {logging_mixin.py:188} INFO - [2024-10-20T06:38:40.958+0000] {dag.py:3954} INFO - Setting next_dagrun for example_complex to None, run_after=None
[2024-10-20T06:38:40.977+0000] {processor.py:183} INFO - Processing /home/airflow/.local/lib/python3.12/site-packages/airflow/example_dags/example_complex.py took 0.064 seconds
[2024-10-20T06:39:11.449+0000] {processor.py:161} INFO - Started process (PID=12444) to work on /home/airflow/.local/lib/python3.12/site-packages/airflow/example_dags/example_complex.py
[2024-10-20T06:39:11.449+0000] {processor.py:830} INFO - Processing file /home/airflow/.local/lib/python3.12/site-packages/airflow/example_dags/example_complex.py for tasks to queue
[2024-10-20T06:39:11.450+0000] {logging_mixin.py:188} INFO - [2024-10-20T06:39:11.450+0000] {dagbag.py:540} INFO - Filling up the DagBag from /home/airflow/.local/lib/python3.12/site-packages/airflow/example_dags/example_complex.py
[2024-10-20T06:39:11.458+0000] {processor.py:840} INFO - DAG(s) 'example_complex' retrieved from /home/airflow/.local/lib/python3.12/site-packages/airflow/example_dags/example_complex.py
[2024-10-20T06:39:11.481+0000] {logging_mixin.py:188} INFO - [2024-10-20T06:39:11.481+0000] {dag.py:3096} INFO - Sync 1 DAGs
[2024-10-20T06:39:11.490+0000] {logging_mixin.py:188} INFO - [2024-10-20T06:39:11.490+0000] {dag.py:3954} INFO - Setting next_dagrun for example_complex to None, run_after=None
[2024-10-20T06:39:11.512+0000] {processor.py:183} INFO - Processing /home/airflow/.local/lib/python3.12/site-packages/airflow/example_dags/example_complex.py took 0.067 seconds
[2024-10-20T06:39:42.193+0000] {processor.py:161} INFO - Started process (PID=12710) to work on /home/airflow/.local/lib/python3.12/site-packages/airflow/example_dags/example_complex.py
[2024-10-20T06:39:42.193+0000] {processor.py:830} INFO - Processing file /home/airflow/.local/lib/python3.12/site-packages/airflow/example_dags/example_complex.py for tasks to queue
[2024-10-20T06:39:42.194+0000] {logging_mixin.py:188} INFO - [2024-10-20T06:39:42.194+0000] {dagbag.py:540} INFO - Filling up the DagBag from /home/airflow/.local/lib/python3.12/site-packages/airflow/example_dags/example_complex.py
[2024-10-20T06:39:42.202+0000] {processor.py:840} INFO - DAG(s) 'example_complex' retrieved from /home/airflow/.local/lib/python3.12/site-packages/airflow/example_dags/example_complex.py
[2024-10-20T06:39:42.225+0000] {logging_mixin.py:188} INFO - [2024-10-20T06:39:42.225+0000] {dag.py:3096} INFO - Sync 1 DAGs
[2024-10-20T06:39:42.234+0000] {logging_mixin.py:188} INFO - [2024-10-20T06:39:42.234+0000] {dag.py:3954} INFO - Setting next_dagrun for example_complex to None, run_after=None
[2024-10-20T06:39:42.251+0000] {processor.py:183} INFO - Processing /home/airflow/.local/lib/python3.12/site-packages/airflow/example_dags/example_complex.py took 0.062 seconds
[2024-10-20T06:40:12.659+0000] {processor.py:161} INFO - Started process (PID=12976) to work on /home/airflow/.local/lib/python3.12/site-packages/airflow/example_dags/example_complex.py
[2024-10-20T06:40:12.660+0000] {processor.py:830} INFO - Processing file /home/airflow/.local/lib/python3.12/site-packages/airflow/example_dags/example_complex.py for tasks to queue
[2024-10-20T06:40:12.661+0000] {logging_mixin.py:188} INFO - [2024-10-20T06:40:12.660+0000] {dagbag.py:540} INFO - Filling up the DagBag from /home/airflow/.local/lib/python3.12/site-packages/airflow/example_dags/example_complex.py
[2024-10-20T06:40:12.668+0000] {processor.py:840} INFO - DAG(s) 'example_complex' retrieved from /home/airflow/.local/lib/python3.12/site-packages/airflow/example_dags/example_complex.py
[2024-10-20T06:40:12.691+0000] {logging_mixin.py:188} INFO - [2024-10-20T06:40:12.691+0000] {dag.py:3096} INFO - Sync 1 DAGs
[2024-10-20T06:40:12.700+0000] {logging_mixin.py:188} INFO - [2024-10-20T06:40:12.700+0000] {dag.py:3954} INFO - Setting next_dagrun for example_complex to None, run_after=None
[2024-10-20T06:40:12.718+0000] {processor.py:183} INFO - Processing /home/airflow/.local/lib/python3.12/site-packages/airflow/example_dags/example_complex.py took 0.063 seconds
[2024-10-20T06:40:43.387+0000] {processor.py:161} INFO - Started process (PID=13248) to work on /home/airflow/.local/lib/python3.12/site-packages/airflow/example_dags/example_complex.py
[2024-10-20T06:40:43.388+0000] {processor.py:830} INFO - Processing file /home/airflow/.local/lib/python3.12/site-packages/airflow/example_dags/example_complex.py for tasks to queue
[2024-10-20T06:40:43.389+0000] {logging_mixin.py:188} INFO - [2024-10-20T06:40:43.389+0000] {dagbag.py:540} INFO - Filling up the DagBag from /home/airflow/.local/lib/python3.12/site-packages/airflow/example_dags/example_complex.py
[2024-10-20T06:40:43.397+0000] {processor.py:840} INFO - DAG(s) 'example_complex' retrieved from /home/airflow/.local/lib/python3.12/site-packages/airflow/example_dags/example_complex.py
[2024-10-20T06:40:43.420+0000] {logging_mixin.py:188} INFO - [2024-10-20T06:40:43.420+0000] {dag.py:3096} INFO - Sync 1 DAGs
[2024-10-20T06:40:43.429+0000] {logging_mixin.py:188} INFO - [2024-10-20T06:40:43.429+0000] {dag.py:3954} INFO - Setting next_dagrun for example_complex to None, run_after=None
[2024-10-20T06:40:43.447+0000] {processor.py:183} INFO - Processing /home/airflow/.local/lib/python3.12/site-packages/airflow/example_dags/example_complex.py took 0.063 seconds
[2024-10-20T06:41:14.074+0000] {processor.py:161} INFO - Started process (PID=13514) to work on /home/airflow/.local/lib/python3.12/site-packages/airflow/example_dags/example_complex.py
[2024-10-20T06:41:14.074+0000] {processor.py:830} INFO - Processing file /home/airflow/.local/lib/python3.12/site-packages/airflow/example_dags/example_complex.py for tasks to queue
[2024-10-20T06:41:14.075+0000] {logging_mixin.py:188} INFO - [2024-10-20T06:41:14.075+0000] {dagbag.py:540} INFO - Filling up the DagBag from /home/airflow/.local/lib/python3.12/site-packages/airflow/example_dags/example_complex.py
[2024-10-20T06:41:14.083+0000] {processor.py:840} INFO - DAG(s) 'example_complex' retrieved from /home/airflow/.local/lib/python3.12/site-packages/airflow/example_dags/example_complex.py
[2024-10-20T06:41:14.106+0000] {logging_mixin.py:188} INFO - [2024-10-20T06:41:14.105+0000] {dag.py:3096} INFO - Sync 1 DAGs
[2024-10-20T06:41:14.115+0000] {logging_mixin.py:188} INFO - [2024-10-20T06:41:14.115+0000] {dag.py:3954} INFO - Setting next_dagrun for example_complex to None, run_after=None
[2024-10-20T06:41:14.131+0000] {processor.py:183} INFO - Processing /home/airflow/.local/lib/python3.12/site-packages/airflow/example_dags/example_complex.py took 0.062 seconds
[2024-10-20T06:41:44.535+0000] {processor.py:161} INFO - Started process (PID=13780) to work on /home/airflow/.local/lib/python3.12/site-packages/airflow/example_dags/example_complex.py
[2024-10-20T06:41:44.536+0000] {processor.py:830} INFO - Processing file /home/airflow/.local/lib/python3.12/site-packages/airflow/example_dags/example_complex.py for tasks to queue
[2024-10-20T06:41:44.537+0000] {logging_mixin.py:188} INFO - [2024-10-20T06:41:44.537+0000] {dagbag.py:540} INFO - Filling up the DagBag from /home/airflow/.local/lib/python3.12/site-packages/airflow/example_dags/example_complex.py
[2024-10-20T06:41:44.545+0000] {processor.py:840} INFO - DAG(s) 'example_complex' retrieved from /home/airflow/.local/lib/python3.12/site-packages/airflow/example_dags/example_complex.py
[2024-10-20T06:41:44.568+0000] {logging_mixin.py:188} INFO - [2024-10-20T06:41:44.568+0000] {dag.py:3096} INFO - Sync 1 DAGs
[2024-10-20T06:41:44.577+0000] {logging_mixin.py:188} INFO - [2024-10-20T06:41:44.577+0000] {dag.py:3954} INFO - Setting next_dagrun for example_complex to None, run_after=None
[2024-10-20T06:41:44.595+0000] {processor.py:183} INFO - Processing /home/airflow/.local/lib/python3.12/site-packages/airflow/example_dags/example_complex.py took 0.065 seconds
[2024-10-20T06:42:15.236+0000] {processor.py:161} INFO - Started process (PID=14046) to work on /home/airflow/.local/lib/python3.12/site-packages/airflow/example_dags/example_complex.py
[2024-10-20T06:42:15.237+0000] {processor.py:830} INFO - Processing file /home/airflow/.local/lib/python3.12/site-packages/airflow/example_dags/example_complex.py for tasks to queue
[2024-10-20T06:42:15.238+0000] {logging_mixin.py:188} INFO - [2024-10-20T06:42:15.238+0000] {dagbag.py:540} INFO - Filling up the DagBag from /home/airflow/.local/lib/python3.12/site-packages/airflow/example_dags/example_complex.py
[2024-10-20T06:42:15.246+0000] {processor.py:840} INFO - DAG(s) 'example_complex' retrieved from /home/airflow/.local/lib/python3.12/site-packages/airflow/example_dags/example_complex.py
[2024-10-20T06:42:15.269+0000] {logging_mixin.py:188} INFO - [2024-10-20T06:42:15.268+0000] {dag.py:3096} INFO - Sync 1 DAGs
[2024-10-20T06:42:15.278+0000] {logging_mixin.py:188} INFO - [2024-10-20T06:42:15.277+0000] {dag.py:3954} INFO - Setting next_dagrun for example_complex to None, run_after=None
[2024-10-20T06:42:15.294+0000] {processor.py:183} INFO - Processing /home/airflow/.local/lib/python3.12/site-packages/airflow/example_dags/example_complex.py took 0.062 seconds
[2024-10-20T06:42:45.767+0000] {processor.py:161} INFO - Started process (PID=14312) to work on /home/airflow/.local/lib/python3.12/site-packages/airflow/example_dags/example_complex.py
[2024-10-20T06:42:45.768+0000] {processor.py:830} INFO - Processing file /home/airflow/.local/lib/python3.12/site-packages/airflow/example_dags/example_complex.py for tasks to queue
[2024-10-20T06:42:45.769+0000] {logging_mixin.py:188} INFO - [2024-10-20T06:42:45.769+0000] {dagbag.py:540} INFO - Filling up the DagBag from /home/airflow/.local/lib/python3.12/site-packages/airflow/example_dags/example_complex.py
[2024-10-20T06:42:45.777+0000] {processor.py:840} INFO - DAG(s) 'example_complex' retrieved from /home/airflow/.local/lib/python3.12/site-packages/airflow/example_dags/example_complex.py
[2024-10-20T06:42:45.800+0000] {logging_mixin.py:188} INFO - [2024-10-20T06:42:45.800+0000] {dag.py:3096} INFO - Sync 1 DAGs
[2024-10-20T06:42:45.809+0000] {logging_mixin.py:188} INFO - [2024-10-20T06:42:45.808+0000] {dag.py:3954} INFO - Setting next_dagrun for example_complex to None, run_after=None
[2024-10-20T06:42:45.825+0000] {processor.py:183} INFO - Processing /home/airflow/.local/lib/python3.12/site-packages/airflow/example_dags/example_complex.py took 0.062 seconds
[2024-10-20T06:43:16.437+0000] {processor.py:161} INFO - Started process (PID=14578) to work on /home/airflow/.local/lib/python3.12/site-packages/airflow/example_dags/example_complex.py
[2024-10-20T06:43:16.438+0000] {processor.py:830} INFO - Processing file /home/airflow/.local/lib/python3.12/site-packages/airflow/example_dags/example_complex.py for tasks to queue
[2024-10-20T06:43:16.439+0000] {logging_mixin.py:188} INFO - [2024-10-20T06:43:16.439+0000] {dagbag.py:540} INFO - Filling up the DagBag from /home/airflow/.local/lib/python3.12/site-packages/airflow/example_dags/example_complex.py
[2024-10-20T06:43:16.447+0000] {processor.py:840} INFO - DAG(s) 'example_complex' retrieved from /home/airflow/.local/lib/python3.12/site-packages/airflow/example_dags/example_complex.py
[2024-10-20T06:43:16.470+0000] {logging_mixin.py:188} INFO - [2024-10-20T06:43:16.470+0000] {dag.py:3096} INFO - Sync 1 DAGs
[2024-10-20T06:43:16.479+0000] {logging_mixin.py:188} INFO - [2024-10-20T06:43:16.479+0000] {dag.py:3954} INFO - Setting next_dagrun for example_complex to None, run_after=None
[2024-10-20T06:43:16.498+0000] {processor.py:183} INFO - Processing /home/airflow/.local/lib/python3.12/site-packages/airflow/example_dags/example_complex.py took 0.065 seconds
[2024-10-20T06:43:47.130+0000] {processor.py:161} INFO - Started process (PID=14844) to work on /home/airflow/.local/lib/python3.12/site-packages/airflow/example_dags/example_complex.py
[2024-10-20T06:43:47.130+0000] {processor.py:830} INFO - Processing file /home/airflow/.local/lib/python3.12/site-packages/airflow/example_dags/example_complex.py for tasks to queue
[2024-10-20T06:43:47.131+0000] {logging_mixin.py:188} INFO - [2024-10-20T06:43:47.131+0000] {dagbag.py:540} INFO - Filling up the DagBag from /home/airflow/.local/lib/python3.12/site-packages/airflow/example_dags/example_complex.py
[2024-10-20T06:43:47.139+0000] {processor.py:840} INFO - DAG(s) 'example_complex' retrieved from /home/airflow/.local/lib/python3.12/site-packages/airflow/example_dags/example_complex.py
[2024-10-20T06:43:47.165+0000] {logging_mixin.py:188} INFO - [2024-10-20T06:43:47.165+0000] {dag.py:3096} INFO - Sync 1 DAGs
[2024-10-20T06:43:47.178+0000] {logging_mixin.py:188} INFO - [2024-10-20T06:43:47.178+0000] {dag.py:3954} INFO - Setting next_dagrun for example_complex to None, run_after=None
[2024-10-20T06:43:47.200+0000] {processor.py:183} INFO - Processing /home/airflow/.local/lib/python3.12/site-packages/airflow/example_dags/example_complex.py took 0.075 seconds
[2024-10-20T06:44:17.735+0000] {processor.py:161} INFO - Started process (PID=15110) to work on /home/airflow/.local/lib/python3.12/site-packages/airflow/example_dags/example_complex.py
[2024-10-20T06:44:17.735+0000] {processor.py:830} INFO - Processing file /home/airflow/.local/lib/python3.12/site-packages/airflow/example_dags/example_complex.py for tasks to queue
[2024-10-20T06:44:17.736+0000] {logging_mixin.py:188} INFO - [2024-10-20T06:44:17.736+0000] {dagbag.py:540} INFO - Filling up the DagBag from /home/airflow/.local/lib/python3.12/site-packages/airflow/example_dags/example_complex.py
[2024-10-20T06:44:17.744+0000] {processor.py:840} INFO - DAG(s) 'example_complex' retrieved from /home/airflow/.local/lib/python3.12/site-packages/airflow/example_dags/example_complex.py
[2024-10-20T06:44:17.767+0000] {logging_mixin.py:188} INFO - [2024-10-20T06:44:17.767+0000] {dag.py:3096} INFO - Sync 1 DAGs
[2024-10-20T06:44:17.777+0000] {logging_mixin.py:188} INFO - [2024-10-20T06:44:17.776+0000] {dag.py:3954} INFO - Setting next_dagrun for example_complex to None, run_after=None
[2024-10-20T06:44:17.805+0000] {processor.py:183} INFO - Processing /home/airflow/.local/lib/python3.12/site-packages/airflow/example_dags/example_complex.py took 0.075 seconds
