[2024-10-20T06:15:44.401+0000] {processor.py:161} INFO - Started process (PID=350) to work on /home/airflow/.local/lib/python3.12/site-packages/airflow/example_dags/example_python_operator.py
[2024-10-20T06:15:44.405+0000] {processor.py:830} INFO - Processing file /home/airflow/.local/lib/python3.12/site-packages/airflow/example_dags/example_python_operator.py for tasks to queue
[2024-10-20T06:15:44.407+0000] {logging_mixin.py:188} INFO - [2024-10-20T06:15:44.407+0000] {dagbag.py:540} INFO - Filling up the DagBag from /home/airflow/.local/lib/python3.12/site-packages/airflow/example_dags/example_python_operator.py
[2024-10-20T06:15:44.422+0000] {processor.py:840} INFO - DAG(s) 'example_python_operator' retrieved from /home/airflow/.local/lib/python3.12/site-packages/airflow/example_dags/example_python_operator.py
[2024-10-20T06:15:44.555+0000] {logging_mixin.py:188} INFO - [2024-10-20T06:15:44.553+0000] {dag.py:3096} INFO - Sync 1 DAGs
[2024-10-20T06:15:44.571+0000] {logging_mixin.py:188} INFO - [2024-10-20T06:15:44.571+0000] {dag.py:3954} INFO - Setting next_dagrun for example_python_operator to None, run_after=None
[2024-10-20T06:15:44.605+0000] {processor.py:183} INFO - Processing /home/airflow/.local/lib/python3.12/site-packages/airflow/example_dags/example_python_operator.py took 0.210 seconds
[2024-10-20T06:16:15.269+0000] {processor.py:161} INFO - Started process (PID=616) to work on /home/airflow/.local/lib/python3.12/site-packages/airflow/example_dags/example_python_operator.py
[2024-10-20T06:16:15.270+0000] {processor.py:830} INFO - Processing file /home/airflow/.local/lib/python3.12/site-packages/airflow/example_dags/example_python_operator.py for tasks to queue
[2024-10-20T06:16:15.271+0000] {logging_mixin.py:188} INFO - [2024-10-20T06:16:15.271+0000] {dagbag.py:540} INFO - Filling up the DagBag from /home/airflow/.local/lib/python3.12/site-packages/airflow/example_dags/example_python_operator.py
[2024-10-20T06:16:15.279+0000] {processor.py:840} INFO - DAG(s) 'example_python_operator' retrieved from /home/airflow/.local/lib/python3.12/site-packages/airflow/example_dags/example_python_operator.py
[2024-10-20T06:16:15.300+0000] {logging_mixin.py:188} INFO - [2024-10-20T06:16:15.300+0000] {dag.py:3096} INFO - Sync 1 DAGs
[2024-10-20T06:16:15.313+0000] {logging_mixin.py:188} INFO - [2024-10-20T06:16:15.313+0000] {dag.py:3954} INFO - Setting next_dagrun for example_python_operator to None, run_after=None
[2024-10-20T06:16:15.338+0000] {processor.py:183} INFO - Processing /home/airflow/.local/lib/python3.12/site-packages/airflow/example_dags/example_python_operator.py took 0.075 seconds
[2024-10-20T06:16:47.698+0000] {processor.py:161} INFO - Started process (PID=882) to work on /home/airflow/.local/lib/python3.12/site-packages/airflow/example_dags/example_python_operator.py
[2024-10-20T06:16:47.699+0000] {processor.py:830} INFO - Processing file /home/airflow/.local/lib/python3.12/site-packages/airflow/example_dags/example_python_operator.py for tasks to queue
[2024-10-20T06:16:47.701+0000] {logging_mixin.py:188} INFO - [2024-10-20T06:16:47.700+0000] {dagbag.py:540} INFO - Filling up the DagBag from /home/airflow/.local/lib/python3.12/site-packages/airflow/example_dags/example_python_operator.py
[2024-10-20T06:16:47.711+0000] {processor.py:840} INFO - DAG(s) 'example_python_operator' retrieved from /home/airflow/.local/lib/python3.12/site-packages/airflow/example_dags/example_python_operator.py
[2024-10-20T06:16:47.734+0000] {logging_mixin.py:188} INFO - [2024-10-20T06:16:47.733+0000] {dag.py:3096} INFO - Sync 1 DAGs
[2024-10-20T06:16:47.748+0000] {logging_mixin.py:188} INFO - [2024-10-20T06:16:47.748+0000] {dag.py:3954} INFO - Setting next_dagrun for example_python_operator to None, run_after=None
[2024-10-20T06:16:47.776+0000] {processor.py:183} INFO - Processing /home/airflow/.local/lib/python3.12/site-packages/airflow/example_dags/example_python_operator.py took 0.082 seconds
[2024-10-20T06:17:18.688+0000] {processor.py:161} INFO - Started process (PID=1150) to work on /home/airflow/.local/lib/python3.12/site-packages/airflow/example_dags/example_python_operator.py
[2024-10-20T06:17:18.689+0000] {processor.py:830} INFO - Processing file /home/airflow/.local/lib/python3.12/site-packages/airflow/example_dags/example_python_operator.py for tasks to queue
[2024-10-20T06:17:18.691+0000] {logging_mixin.py:188} INFO - [2024-10-20T06:17:18.690+0000] {dagbag.py:540} INFO - Filling up the DagBag from /home/airflow/.local/lib/python3.12/site-packages/airflow/example_dags/example_python_operator.py
[2024-10-20T06:17:18.702+0000] {processor.py:840} INFO - DAG(s) 'example_python_operator' retrieved from /home/airflow/.local/lib/python3.12/site-packages/airflow/example_dags/example_python_operator.py
[2024-10-20T06:17:18.724+0000] {logging_mixin.py:188} INFO - [2024-10-20T06:17:18.723+0000] {dag.py:3096} INFO - Sync 1 DAGs
[2024-10-20T06:17:18.736+0000] {logging_mixin.py:188} INFO - [2024-10-20T06:17:18.735+0000] {dag.py:3954} INFO - Setting next_dagrun for example_python_operator to None, run_after=None
[2024-10-20T06:17:18.760+0000] {processor.py:183} INFO - Processing /home/airflow/.local/lib/python3.12/site-packages/airflow/example_dags/example_python_operator.py took 0.076 seconds
[2024-10-20T06:17:49.474+0000] {processor.py:161} INFO - Started process (PID=1414) to work on /home/airflow/.local/lib/python3.12/site-packages/airflow/example_dags/example_python_operator.py
[2024-10-20T06:17:49.475+0000] {processor.py:830} INFO - Processing file /home/airflow/.local/lib/python3.12/site-packages/airflow/example_dags/example_python_operator.py for tasks to queue
[2024-10-20T06:17:49.476+0000] {logging_mixin.py:188} INFO - [2024-10-20T06:17:49.476+0000] {dagbag.py:540} INFO - Filling up the DagBag from /home/airflow/.local/lib/python3.12/site-packages/airflow/example_dags/example_python_operator.py
[2024-10-20T06:17:49.484+0000] {processor.py:840} INFO - DAG(s) 'example_python_operator' retrieved from /home/airflow/.local/lib/python3.12/site-packages/airflow/example_dags/example_python_operator.py
[2024-10-20T06:17:49.501+0000] {logging_mixin.py:188} INFO - [2024-10-20T06:17:49.501+0000] {dag.py:3096} INFO - Sync 1 DAGs
[2024-10-20T06:17:49.511+0000] {logging_mixin.py:188} INFO - [2024-10-20T06:17:49.511+0000] {dag.py:3954} INFO - Setting next_dagrun for example_python_operator to None, run_after=None
[2024-10-20T06:17:49.531+0000] {processor.py:183} INFO - Processing /home/airflow/.local/lib/python3.12/site-packages/airflow/example_dags/example_python_operator.py took 0.061 seconds
[2024-10-20T06:18:20.167+0000] {processor.py:161} INFO - Started process (PID=1679) to work on /home/airflow/.local/lib/python3.12/site-packages/airflow/example_dags/example_python_operator.py
[2024-10-20T06:18:20.167+0000] {processor.py:830} INFO - Processing file /home/airflow/.local/lib/python3.12/site-packages/airflow/example_dags/example_python_operator.py for tasks to queue
[2024-10-20T06:18:20.169+0000] {logging_mixin.py:188} INFO - [2024-10-20T06:18:20.169+0000] {dagbag.py:540} INFO - Filling up the DagBag from /home/airflow/.local/lib/python3.12/site-packages/airflow/example_dags/example_python_operator.py
[2024-10-20T06:18:20.180+0000] {processor.py:840} INFO - DAG(s) 'example_python_operator' retrieved from /home/airflow/.local/lib/python3.12/site-packages/airflow/example_dags/example_python_operator.py
[2024-10-20T06:18:20.201+0000] {logging_mixin.py:188} INFO - [2024-10-20T06:18:20.201+0000] {dag.py:3096} INFO - Sync 1 DAGs
[2024-10-20T06:18:20.211+0000] {logging_mixin.py:188} INFO - [2024-10-20T06:18:20.210+0000] {dag.py:3954} INFO - Setting next_dagrun for example_python_operator to None, run_after=None
[2024-10-20T06:18:20.231+0000] {processor.py:183} INFO - Processing /home/airflow/.local/lib/python3.12/site-packages/airflow/example_dags/example_python_operator.py took 0.069 seconds
[2024-10-20T06:18:50.882+0000] {processor.py:161} INFO - Started process (PID=1945) to work on /home/airflow/.local/lib/python3.12/site-packages/airflow/example_dags/example_python_operator.py
[2024-10-20T06:18:50.882+0000] {processor.py:830} INFO - Processing file /home/airflow/.local/lib/python3.12/site-packages/airflow/example_dags/example_python_operator.py for tasks to queue
[2024-10-20T06:18:50.883+0000] {logging_mixin.py:188} INFO - [2024-10-20T06:18:50.883+0000] {dagbag.py:540} INFO - Filling up the DagBag from /home/airflow/.local/lib/python3.12/site-packages/airflow/example_dags/example_python_operator.py
[2024-10-20T06:18:50.891+0000] {processor.py:840} INFO - DAG(s) 'example_python_operator' retrieved from /home/airflow/.local/lib/python3.12/site-packages/airflow/example_dags/example_python_operator.py
[2024-10-20T06:18:50.909+0000] {logging_mixin.py:188} INFO - [2024-10-20T06:18:50.909+0000] {dag.py:3096} INFO - Sync 1 DAGs
[2024-10-20T06:18:50.919+0000] {logging_mixin.py:188} INFO - [2024-10-20T06:18:50.919+0000] {dag.py:3954} INFO - Setting next_dagrun for example_python_operator to None, run_after=None
[2024-10-20T06:18:50.937+0000] {processor.py:183} INFO - Processing /home/airflow/.local/lib/python3.12/site-packages/airflow/example_dags/example_python_operator.py took 0.060 seconds
[2024-10-20T06:19:21.516+0000] {processor.py:161} INFO - Started process (PID=2213) to work on /home/airflow/.local/lib/python3.12/site-packages/airflow/example_dags/example_python_operator.py
[2024-10-20T06:19:21.517+0000] {processor.py:830} INFO - Processing file /home/airflow/.local/lib/python3.12/site-packages/airflow/example_dags/example_python_operator.py for tasks to queue
[2024-10-20T06:19:21.518+0000] {logging_mixin.py:188} INFO - [2024-10-20T06:19:21.518+0000] {dagbag.py:540} INFO - Filling up the DagBag from /home/airflow/.local/lib/python3.12/site-packages/airflow/example_dags/example_python_operator.py
[2024-10-20T06:19:21.526+0000] {processor.py:840} INFO - DAG(s) 'example_python_operator' retrieved from /home/airflow/.local/lib/python3.12/site-packages/airflow/example_dags/example_python_operator.py
[2024-10-20T06:19:21.542+0000] {logging_mixin.py:188} INFO - [2024-10-20T06:19:21.542+0000] {dag.py:3096} INFO - Sync 1 DAGs
[2024-10-20T06:19:21.552+0000] {logging_mixin.py:188} INFO - [2024-10-20T06:19:21.552+0000] {dag.py:3954} INFO - Setting next_dagrun for example_python_operator to None, run_after=None
[2024-10-20T06:19:21.569+0000] {processor.py:183} INFO - Processing /home/airflow/.local/lib/python3.12/site-packages/airflow/example_dags/example_python_operator.py took 0.057 seconds
[2024-10-20T06:19:52.531+0000] {processor.py:161} INFO - Started process (PID=2479) to work on /home/airflow/.local/lib/python3.12/site-packages/airflow/example_dags/example_python_operator.py
[2024-10-20T06:19:52.532+0000] {processor.py:830} INFO - Processing file /home/airflow/.local/lib/python3.12/site-packages/airflow/example_dags/example_python_operator.py for tasks to queue
[2024-10-20T06:19:52.533+0000] {logging_mixin.py:188} INFO - [2024-10-20T06:19:52.532+0000] {dagbag.py:540} INFO - Filling up the DagBag from /home/airflow/.local/lib/python3.12/site-packages/airflow/example_dags/example_python_operator.py
[2024-10-20T06:19:52.540+0000] {processor.py:840} INFO - DAG(s) 'example_python_operator' retrieved from /home/airflow/.local/lib/python3.12/site-packages/airflow/example_dags/example_python_operator.py
[2024-10-20T06:19:52.557+0000] {logging_mixin.py:188} INFO - [2024-10-20T06:19:52.557+0000] {dag.py:3096} INFO - Sync 1 DAGs
[2024-10-20T06:19:52.566+0000] {logging_mixin.py:188} INFO - [2024-10-20T06:19:52.566+0000] {dag.py:3954} INFO - Setting next_dagrun for example_python_operator to None, run_after=None
[2024-10-20T06:19:52.586+0000] {processor.py:183} INFO - Processing /home/airflow/.local/lib/python3.12/site-packages/airflow/example_dags/example_python_operator.py took 0.059 seconds
[2024-10-20T06:20:23.199+0000] {processor.py:161} INFO - Started process (PID=2743) to work on /home/airflow/.local/lib/python3.12/site-packages/airflow/example_dags/example_python_operator.py
[2024-10-20T06:20:23.200+0000] {processor.py:830} INFO - Processing file /home/airflow/.local/lib/python3.12/site-packages/airflow/example_dags/example_python_operator.py for tasks to queue
[2024-10-20T06:20:23.202+0000] {logging_mixin.py:188} INFO - [2024-10-20T06:20:23.201+0000] {dagbag.py:540} INFO - Filling up the DagBag from /home/airflow/.local/lib/python3.12/site-packages/airflow/example_dags/example_python_operator.py
[2024-10-20T06:20:23.212+0000] {processor.py:840} INFO - DAG(s) 'example_python_operator' retrieved from /home/airflow/.local/lib/python3.12/site-packages/airflow/example_dags/example_python_operator.py
[2024-10-20T06:20:23.232+0000] {logging_mixin.py:188} INFO - [2024-10-20T06:20:23.232+0000] {dag.py:3096} INFO - Sync 1 DAGs
[2024-10-20T06:20:23.244+0000] {logging_mixin.py:188} INFO - [2024-10-20T06:20:23.243+0000] {dag.py:3954} INFO - Setting next_dagrun for example_python_operator to None, run_after=None
[2024-10-20T06:20:23.264+0000] {processor.py:183} INFO - Processing /home/airflow/.local/lib/python3.12/site-packages/airflow/example_dags/example_python_operator.py took 0.071 seconds
[2024-10-20T06:20:53.768+0000] {processor.py:161} INFO - Started process (PID=3009) to work on /home/airflow/.local/lib/python3.12/site-packages/airflow/example_dags/example_python_operator.py
[2024-10-20T06:20:53.769+0000] {processor.py:830} INFO - Processing file /home/airflow/.local/lib/python3.12/site-packages/airflow/example_dags/example_python_operator.py for tasks to queue
[2024-10-20T06:20:53.770+0000] {logging_mixin.py:188} INFO - [2024-10-20T06:20:53.770+0000] {dagbag.py:540} INFO - Filling up the DagBag from /home/airflow/.local/lib/python3.12/site-packages/airflow/example_dags/example_python_operator.py
[2024-10-20T06:20:53.778+0000] {processor.py:840} INFO - DAG(s) 'example_python_operator' retrieved from /home/airflow/.local/lib/python3.12/site-packages/airflow/example_dags/example_python_operator.py
[2024-10-20T06:20:53.799+0000] {logging_mixin.py:188} INFO - [2024-10-20T06:20:53.798+0000] {dag.py:3096} INFO - Sync 1 DAGs
[2024-10-20T06:20:53.811+0000] {logging_mixin.py:188} INFO - [2024-10-20T06:20:53.811+0000] {dag.py:3954} INFO - Setting next_dagrun for example_python_operator to None, run_after=None
[2024-10-20T06:20:53.831+0000] {processor.py:183} INFO - Processing /home/airflow/.local/lib/python3.12/site-packages/airflow/example_dags/example_python_operator.py took 0.067 seconds
[2024-10-20T06:21:24.735+0000] {processor.py:161} INFO - Started process (PID=3277) to work on /home/airflow/.local/lib/python3.12/site-packages/airflow/example_dags/example_python_operator.py
[2024-10-20T06:21:24.736+0000] {processor.py:830} INFO - Processing file /home/airflow/.local/lib/python3.12/site-packages/airflow/example_dags/example_python_operator.py for tasks to queue
[2024-10-20T06:21:24.738+0000] {logging_mixin.py:188} INFO - [2024-10-20T06:21:24.737+0000] {dagbag.py:540} INFO - Filling up the DagBag from /home/airflow/.local/lib/python3.12/site-packages/airflow/example_dags/example_python_operator.py
[2024-10-20T06:21:24.749+0000] {processor.py:840} INFO - DAG(s) 'example_python_operator' retrieved from /home/airflow/.local/lib/python3.12/site-packages/airflow/example_dags/example_python_operator.py
[2024-10-20T06:21:24.766+0000] {logging_mixin.py:188} INFO - [2024-10-20T06:21:24.766+0000] {dag.py:3096} INFO - Sync 1 DAGs
[2024-10-20T06:21:24.775+0000] {logging_mixin.py:188} INFO - [2024-10-20T06:21:24.774+0000] {dag.py:3954} INFO - Setting next_dagrun for example_python_operator to None, run_after=None
[2024-10-20T06:21:24.794+0000] {processor.py:183} INFO - Processing /home/airflow/.local/lib/python3.12/site-packages/airflow/example_dags/example_python_operator.py took 0.063 seconds
[2024-10-20T06:21:54.884+0000] {processor.py:161} INFO - Started process (PID=3541) to work on /home/airflow/.local/lib/python3.12/site-packages/airflow/example_dags/example_python_operator.py
[2024-10-20T06:21:54.884+0000] {processor.py:830} INFO - Processing file /home/airflow/.local/lib/python3.12/site-packages/airflow/example_dags/example_python_operator.py for tasks to queue
[2024-10-20T06:21:54.886+0000] {logging_mixin.py:188} INFO - [2024-10-20T06:21:54.886+0000] {dagbag.py:540} INFO - Filling up the DagBag from /home/airflow/.local/lib/python3.12/site-packages/airflow/example_dags/example_python_operator.py
[2024-10-20T06:21:54.896+0000] {processor.py:840} INFO - DAG(s) 'example_python_operator' retrieved from /home/airflow/.local/lib/python3.12/site-packages/airflow/example_dags/example_python_operator.py
[2024-10-20T06:21:54.917+0000] {logging_mixin.py:188} INFO - [2024-10-20T06:21:54.917+0000] {dag.py:3096} INFO - Sync 1 DAGs
[2024-10-20T06:21:54.930+0000] {logging_mixin.py:188} INFO - [2024-10-20T06:21:54.930+0000] {dag.py:3954} INFO - Setting next_dagrun for example_python_operator to None, run_after=None
[2024-10-20T06:21:54.947+0000] {processor.py:183} INFO - Processing /home/airflow/.local/lib/python3.12/site-packages/airflow/example_dags/example_python_operator.py took 0.068 seconds
[2024-10-20T06:22:26.458+0000] {processor.py:161} INFO - Started process (PID=3807) to work on /home/airflow/.local/lib/python3.12/site-packages/airflow/example_dags/example_python_operator.py
[2024-10-20T06:22:26.458+0000] {processor.py:830} INFO - Processing file /home/airflow/.local/lib/python3.12/site-packages/airflow/example_dags/example_python_operator.py for tasks to queue
[2024-10-20T06:22:26.459+0000] {logging_mixin.py:188} INFO - [2024-10-20T06:22:26.459+0000] {dagbag.py:540} INFO - Filling up the DagBag from /home/airflow/.local/lib/python3.12/site-packages/airflow/example_dags/example_python_operator.py
[2024-10-20T06:22:26.468+0000] {processor.py:840} INFO - DAG(s) 'example_python_operator' retrieved from /home/airflow/.local/lib/python3.12/site-packages/airflow/example_dags/example_python_operator.py
[2024-10-20T06:22:26.488+0000] {logging_mixin.py:188} INFO - [2024-10-20T06:22:26.488+0000] {dag.py:3096} INFO - Sync 1 DAGs
[2024-10-20T06:22:26.500+0000] {logging_mixin.py:188} INFO - [2024-10-20T06:22:26.500+0000] {dag.py:3954} INFO - Setting next_dagrun for example_python_operator to None, run_after=None
[2024-10-20T06:22:26.522+0000] {processor.py:183} INFO - Processing /home/airflow/.local/lib/python3.12/site-packages/airflow/example_dags/example_python_operator.py took 0.069 seconds
[2024-10-20T06:22:57.240+0000] {processor.py:161} INFO - Started process (PID=4073) to work on /home/airflow/.local/lib/python3.12/site-packages/airflow/example_dags/example_python_operator.py
[2024-10-20T06:22:57.240+0000] {processor.py:830} INFO - Processing file /home/airflow/.local/lib/python3.12/site-packages/airflow/example_dags/example_python_operator.py for tasks to queue
[2024-10-20T06:22:57.241+0000] {logging_mixin.py:188} INFO - [2024-10-20T06:22:57.241+0000] {dagbag.py:540} INFO - Filling up the DagBag from /home/airflow/.local/lib/python3.12/site-packages/airflow/example_dags/example_python_operator.py
[2024-10-20T06:22:57.250+0000] {processor.py:840} INFO - DAG(s) 'example_python_operator' retrieved from /home/airflow/.local/lib/python3.12/site-packages/airflow/example_dags/example_python_operator.py
[2024-10-20T06:22:57.266+0000] {logging_mixin.py:188} INFO - [2024-10-20T06:22:57.266+0000] {dag.py:3096} INFO - Sync 1 DAGs
[2024-10-20T06:22:57.278+0000] {logging_mixin.py:188} INFO - [2024-10-20T06:22:57.278+0000] {dag.py:3954} INFO - Setting next_dagrun for example_python_operator to None, run_after=None
[2024-10-20T06:22:57.299+0000] {processor.py:183} INFO - Processing /home/airflow/.local/lib/python3.12/site-packages/airflow/example_dags/example_python_operator.py took 0.064 seconds
[2024-10-20T06:23:27.907+0000] {processor.py:161} INFO - Started process (PID=4341) to work on /home/airflow/.local/lib/python3.12/site-packages/airflow/example_dags/example_python_operator.py
[2024-10-20T06:23:27.907+0000] {processor.py:830} INFO - Processing file /home/airflow/.local/lib/python3.12/site-packages/airflow/example_dags/example_python_operator.py for tasks to queue
[2024-10-20T06:23:27.909+0000] {logging_mixin.py:188} INFO - [2024-10-20T06:23:27.909+0000] {dagbag.py:540} INFO - Filling up the DagBag from /home/airflow/.local/lib/python3.12/site-packages/airflow/example_dags/example_python_operator.py
[2024-10-20T06:23:27.920+0000] {processor.py:840} INFO - DAG(s) 'example_python_operator' retrieved from /home/airflow/.local/lib/python3.12/site-packages/airflow/example_dags/example_python_operator.py
[2024-10-20T06:23:27.937+0000] {logging_mixin.py:188} INFO - [2024-10-20T06:23:27.937+0000] {dag.py:3096} INFO - Sync 1 DAGs
[2024-10-20T06:23:27.946+0000] {logging_mixin.py:188} INFO - [2024-10-20T06:23:27.945+0000] {dag.py:3954} INFO - Setting next_dagrun for example_python_operator to None, run_after=None
[2024-10-20T06:23:27.964+0000] {processor.py:183} INFO - Processing /home/airflow/.local/lib/python3.12/site-packages/airflow/example_dags/example_python_operator.py took 0.063 seconds
[2024-10-20T06:23:58.206+0000] {processor.py:161} INFO - Started process (PID=4607) to work on /home/airflow/.local/lib/python3.12/site-packages/airflow/example_dags/example_python_operator.py
[2024-10-20T06:23:58.207+0000] {processor.py:830} INFO - Processing file /home/airflow/.local/lib/python3.12/site-packages/airflow/example_dags/example_python_operator.py for tasks to queue
[2024-10-20T06:23:58.208+0000] {logging_mixin.py:188} INFO - [2024-10-20T06:23:58.208+0000] {dagbag.py:540} INFO - Filling up the DagBag from /home/airflow/.local/lib/python3.12/site-packages/airflow/example_dags/example_python_operator.py
[2024-10-20T06:23:58.216+0000] {processor.py:840} INFO - DAG(s) 'example_python_operator' retrieved from /home/airflow/.local/lib/python3.12/site-packages/airflow/example_dags/example_python_operator.py
[2024-10-20T06:23:58.232+0000] {logging_mixin.py:188} INFO - [2024-10-20T06:23:58.232+0000] {dag.py:3096} INFO - Sync 1 DAGs
[2024-10-20T06:23:58.241+0000] {logging_mixin.py:188} INFO - [2024-10-20T06:23:58.241+0000] {dag.py:3954} INFO - Setting next_dagrun for example_python_operator to None, run_after=None
[2024-10-20T06:23:58.258+0000] {processor.py:183} INFO - Processing /home/airflow/.local/lib/python3.12/site-packages/airflow/example_dags/example_python_operator.py took 0.056 seconds
[2024-10-20T06:24:29.522+0000] {processor.py:161} INFO - Started process (PID=4871) to work on /home/airflow/.local/lib/python3.12/site-packages/airflow/example_dags/example_python_operator.py
[2024-10-20T06:24:29.522+0000] {processor.py:830} INFO - Processing file /home/airflow/.local/lib/python3.12/site-packages/airflow/example_dags/example_python_operator.py for tasks to queue
[2024-10-20T06:24:29.524+0000] {logging_mixin.py:188} INFO - [2024-10-20T06:24:29.523+0000] {dagbag.py:540} INFO - Filling up the DagBag from /home/airflow/.local/lib/python3.12/site-packages/airflow/example_dags/example_python_operator.py
[2024-10-20T06:24:29.532+0000] {processor.py:840} INFO - DAG(s) 'example_python_operator' retrieved from /home/airflow/.local/lib/python3.12/site-packages/airflow/example_dags/example_python_operator.py
[2024-10-20T06:24:29.552+0000] {logging_mixin.py:188} INFO - [2024-10-20T06:24:29.551+0000] {dag.py:3096} INFO - Sync 1 DAGs
[2024-10-20T06:24:29.562+0000] {logging_mixin.py:188} INFO - [2024-10-20T06:24:29.562+0000] {dag.py:3954} INFO - Setting next_dagrun for example_python_operator to None, run_after=None
[2024-10-20T06:24:29.581+0000] {processor.py:183} INFO - Processing /home/airflow/.local/lib/python3.12/site-packages/airflow/example_dags/example_python_operator.py took 0.063 seconds
[2024-10-20T06:25:00.060+0000] {processor.py:161} INFO - Started process (PID=5139) to work on /home/airflow/.local/lib/python3.12/site-packages/airflow/example_dags/example_python_operator.py
[2024-10-20T06:25:00.060+0000] {processor.py:830} INFO - Processing file /home/airflow/.local/lib/python3.12/site-packages/airflow/example_dags/example_python_operator.py for tasks to queue
[2024-10-20T06:25:00.061+0000] {logging_mixin.py:188} INFO - [2024-10-20T06:25:00.061+0000] {dagbag.py:540} INFO - Filling up the DagBag from /home/airflow/.local/lib/python3.12/site-packages/airflow/example_dags/example_python_operator.py
[2024-10-20T06:25:00.069+0000] {processor.py:840} INFO - DAG(s) 'example_python_operator' retrieved from /home/airflow/.local/lib/python3.12/site-packages/airflow/example_dags/example_python_operator.py
[2024-10-20T06:25:00.213+0000] {logging_mixin.py:188} INFO - [2024-10-20T06:25:00.212+0000] {dag.py:3096} INFO - Sync 1 DAGs
[2024-10-20T06:25:00.221+0000] {logging_mixin.py:188} INFO - [2024-10-20T06:25:00.220+0000] {dag.py:3954} INFO - Setting next_dagrun for example_python_operator to None, run_after=None
[2024-10-20T06:25:00.239+0000] {processor.py:183} INFO - Processing /home/airflow/.local/lib/python3.12/site-packages/airflow/example_dags/example_python_operator.py took 0.184 seconds
[2024-10-20T06:25:31.113+0000] {processor.py:161} INFO - Started process (PID=5405) to work on /home/airflow/.local/lib/python3.12/site-packages/airflow/example_dags/example_python_operator.py
[2024-10-20T06:25:31.113+0000] {processor.py:830} INFO - Processing file /home/airflow/.local/lib/python3.12/site-packages/airflow/example_dags/example_python_operator.py for tasks to queue
[2024-10-20T06:25:31.115+0000] {logging_mixin.py:188} INFO - [2024-10-20T06:25:31.114+0000] {dagbag.py:540} INFO - Filling up the DagBag from /home/airflow/.local/lib/python3.12/site-packages/airflow/example_dags/example_python_operator.py
[2024-10-20T06:25:31.122+0000] {processor.py:840} INFO - DAG(s) 'example_python_operator' retrieved from /home/airflow/.local/lib/python3.12/site-packages/airflow/example_dags/example_python_operator.py
[2024-10-20T06:25:31.139+0000] {logging_mixin.py:188} INFO - [2024-10-20T06:25:31.139+0000] {dag.py:3096} INFO - Sync 1 DAGs
[2024-10-20T06:25:31.148+0000] {logging_mixin.py:188} INFO - [2024-10-20T06:25:31.148+0000] {dag.py:3954} INFO - Setting next_dagrun for example_python_operator to None, run_after=None
[2024-10-20T06:25:31.166+0000] {processor.py:183} INFO - Processing /home/airflow/.local/lib/python3.12/site-packages/airflow/example_dags/example_python_operator.py took 0.057 seconds
[2024-10-20T06:26:01.787+0000] {processor.py:161} INFO - Started process (PID=5671) to work on /home/airflow/.local/lib/python3.12/site-packages/airflow/example_dags/example_python_operator.py
[2024-10-20T06:26:01.788+0000] {processor.py:830} INFO - Processing file /home/airflow/.local/lib/python3.12/site-packages/airflow/example_dags/example_python_operator.py for tasks to queue
[2024-10-20T06:26:01.789+0000] {logging_mixin.py:188} INFO - [2024-10-20T06:26:01.789+0000] {dagbag.py:540} INFO - Filling up the DagBag from /home/airflow/.local/lib/python3.12/site-packages/airflow/example_dags/example_python_operator.py
[2024-10-20T06:26:01.797+0000] {processor.py:840} INFO - DAG(s) 'example_python_operator' retrieved from /home/airflow/.local/lib/python3.12/site-packages/airflow/example_dags/example_python_operator.py
[2024-10-20T06:26:01.813+0000] {logging_mixin.py:188} INFO - [2024-10-20T06:26:01.813+0000] {dag.py:3096} INFO - Sync 1 DAGs
[2024-10-20T06:26:01.822+0000] {logging_mixin.py:188} INFO - [2024-10-20T06:26:01.822+0000] {dag.py:3954} INFO - Setting next_dagrun for example_python_operator to None, run_after=None
[2024-10-20T06:26:01.839+0000] {processor.py:183} INFO - Processing /home/airflow/.local/lib/python3.12/site-packages/airflow/example_dags/example_python_operator.py took 0.056 seconds
[2024-10-20T06:26:32.364+0000] {processor.py:161} INFO - Started process (PID=5937) to work on /home/airflow/.local/lib/python3.12/site-packages/airflow/example_dags/example_python_operator.py
[2024-10-20T06:26:32.364+0000] {processor.py:830} INFO - Processing file /home/airflow/.local/lib/python3.12/site-packages/airflow/example_dags/example_python_operator.py for tasks to queue
[2024-10-20T06:26:32.365+0000] {logging_mixin.py:188} INFO - [2024-10-20T06:26:32.365+0000] {dagbag.py:540} INFO - Filling up the DagBag from /home/airflow/.local/lib/python3.12/site-packages/airflow/example_dags/example_python_operator.py
[2024-10-20T06:26:32.373+0000] {processor.py:840} INFO - DAG(s) 'example_python_operator' retrieved from /home/airflow/.local/lib/python3.12/site-packages/airflow/example_dags/example_python_operator.py
[2024-10-20T06:26:32.390+0000] {logging_mixin.py:188} INFO - [2024-10-20T06:26:32.389+0000] {dag.py:3096} INFO - Sync 1 DAGs
[2024-10-20T06:26:32.399+0000] {logging_mixin.py:188} INFO - [2024-10-20T06:26:32.399+0000] {dag.py:3954} INFO - Setting next_dagrun for example_python_operator to None, run_after=None
[2024-10-20T06:26:32.416+0000] {processor.py:183} INFO - Processing /home/airflow/.local/lib/python3.12/site-packages/airflow/example_dags/example_python_operator.py took 0.056 seconds
[2024-10-20T06:27:03.037+0000] {processor.py:161} INFO - Started process (PID=6203) to work on /home/airflow/.local/lib/python3.12/site-packages/airflow/example_dags/example_python_operator.py
[2024-10-20T06:27:03.038+0000] {processor.py:830} INFO - Processing file /home/airflow/.local/lib/python3.12/site-packages/airflow/example_dags/example_python_operator.py for tasks to queue
[2024-10-20T06:27:03.039+0000] {logging_mixin.py:188} INFO - [2024-10-20T06:27:03.039+0000] {dagbag.py:540} INFO - Filling up the DagBag from /home/airflow/.local/lib/python3.12/site-packages/airflow/example_dags/example_python_operator.py
[2024-10-20T06:27:03.047+0000] {processor.py:840} INFO - DAG(s) 'example_python_operator' retrieved from /home/airflow/.local/lib/python3.12/site-packages/airflow/example_dags/example_python_operator.py
[2024-10-20T06:27:03.063+0000] {logging_mixin.py:188} INFO - [2024-10-20T06:27:03.062+0000] {dag.py:3096} INFO - Sync 1 DAGs
[2024-10-20T06:27:03.072+0000] {logging_mixin.py:188} INFO - [2024-10-20T06:27:03.072+0000] {dag.py:3954} INFO - Setting next_dagrun for example_python_operator to None, run_after=None
[2024-10-20T06:27:03.087+0000] {processor.py:183} INFO - Processing /home/airflow/.local/lib/python3.12/site-packages/airflow/example_dags/example_python_operator.py took 0.055 seconds
[2024-10-20T06:27:33.587+0000] {processor.py:161} INFO - Started process (PID=6469) to work on /home/airflow/.local/lib/python3.12/site-packages/airflow/example_dags/example_python_operator.py
[2024-10-20T06:27:33.588+0000] {processor.py:830} INFO - Processing file /home/airflow/.local/lib/python3.12/site-packages/airflow/example_dags/example_python_operator.py for tasks to queue
[2024-10-20T06:27:33.589+0000] {logging_mixin.py:188} INFO - [2024-10-20T06:27:33.589+0000] {dagbag.py:540} INFO - Filling up the DagBag from /home/airflow/.local/lib/python3.12/site-packages/airflow/example_dags/example_python_operator.py
[2024-10-20T06:27:33.597+0000] {processor.py:840} INFO - DAG(s) 'example_python_operator' retrieved from /home/airflow/.local/lib/python3.12/site-packages/airflow/example_dags/example_python_operator.py
[2024-10-20T06:27:33.613+0000] {logging_mixin.py:188} INFO - [2024-10-20T06:27:33.613+0000] {dag.py:3096} INFO - Sync 1 DAGs
[2024-10-20T06:27:33.622+0000] {logging_mixin.py:188} INFO - [2024-10-20T06:27:33.622+0000] {dag.py:3954} INFO - Setting next_dagrun for example_python_operator to None, run_after=None
[2024-10-20T06:27:33.639+0000] {processor.py:183} INFO - Processing /home/airflow/.local/lib/python3.12/site-packages/airflow/example_dags/example_python_operator.py took 0.056 seconds
[2024-10-20T06:28:04.185+0000] {processor.py:161} INFO - Started process (PID=6735) to work on /home/airflow/.local/lib/python3.12/site-packages/airflow/example_dags/example_python_operator.py
[2024-10-20T06:28:04.186+0000] {processor.py:830} INFO - Processing file /home/airflow/.local/lib/python3.12/site-packages/airflow/example_dags/example_python_operator.py for tasks to queue
[2024-10-20T06:28:04.187+0000] {logging_mixin.py:188} INFO - [2024-10-20T06:28:04.187+0000] {dagbag.py:540} INFO - Filling up the DagBag from /home/airflow/.local/lib/python3.12/site-packages/airflow/example_dags/example_python_operator.py
[2024-10-20T06:28:04.195+0000] {processor.py:840} INFO - DAG(s) 'example_python_operator' retrieved from /home/airflow/.local/lib/python3.12/site-packages/airflow/example_dags/example_python_operator.py
[2024-10-20T06:28:04.211+0000] {logging_mixin.py:188} INFO - [2024-10-20T06:28:04.211+0000] {dag.py:3096} INFO - Sync 1 DAGs
[2024-10-20T06:28:04.220+0000] {logging_mixin.py:188} INFO - [2024-10-20T06:28:04.220+0000] {dag.py:3954} INFO - Setting next_dagrun for example_python_operator to None, run_after=None
[2024-10-20T06:28:04.236+0000] {processor.py:183} INFO - Processing /home/airflow/.local/lib/python3.12/site-packages/airflow/example_dags/example_python_operator.py took 0.055 seconds
[2024-10-20T06:28:34.813+0000] {processor.py:161} INFO - Started process (PID=7001) to work on /home/airflow/.local/lib/python3.12/site-packages/airflow/example_dags/example_python_operator.py
[2024-10-20T06:28:34.814+0000] {processor.py:830} INFO - Processing file /home/airflow/.local/lib/python3.12/site-packages/airflow/example_dags/example_python_operator.py for tasks to queue
[2024-10-20T06:28:34.815+0000] {logging_mixin.py:188} INFO - [2024-10-20T06:28:34.815+0000] {dagbag.py:540} INFO - Filling up the DagBag from /home/airflow/.local/lib/python3.12/site-packages/airflow/example_dags/example_python_operator.py
[2024-10-20T06:28:34.822+0000] {processor.py:840} INFO - DAG(s) 'example_python_operator' retrieved from /home/airflow/.local/lib/python3.12/site-packages/airflow/example_dags/example_python_operator.py
[2024-10-20T06:28:34.839+0000] {logging_mixin.py:188} INFO - [2024-10-20T06:28:34.839+0000] {dag.py:3096} INFO - Sync 1 DAGs
[2024-10-20T06:28:34.848+0000] {logging_mixin.py:188} INFO - [2024-10-20T06:28:34.848+0000] {dag.py:3954} INFO - Setting next_dagrun for example_python_operator to None, run_after=None
[2024-10-20T06:28:34.866+0000] {processor.py:183} INFO - Processing /home/airflow/.local/lib/python3.12/site-packages/airflow/example_dags/example_python_operator.py took 0.057 seconds
[2024-10-20T06:29:05.191+0000] {processor.py:161} INFO - Started process (PID=7267) to work on /home/airflow/.local/lib/python3.12/site-packages/airflow/example_dags/example_python_operator.py
[2024-10-20T06:29:05.192+0000] {processor.py:830} INFO - Processing file /home/airflow/.local/lib/python3.12/site-packages/airflow/example_dags/example_python_operator.py for tasks to queue
[2024-10-20T06:29:05.193+0000] {logging_mixin.py:188} INFO - [2024-10-20T06:29:05.193+0000] {dagbag.py:540} INFO - Filling up the DagBag from /home/airflow/.local/lib/python3.12/site-packages/airflow/example_dags/example_python_operator.py
[2024-10-20T06:29:05.201+0000] {processor.py:840} INFO - DAG(s) 'example_python_operator' retrieved from /home/airflow/.local/lib/python3.12/site-packages/airflow/example_dags/example_python_operator.py
[2024-10-20T06:29:05.217+0000] {logging_mixin.py:188} INFO - [2024-10-20T06:29:05.217+0000] {dag.py:3096} INFO - Sync 1 DAGs
[2024-10-20T06:29:05.226+0000] {logging_mixin.py:188} INFO - [2024-10-20T06:29:05.226+0000] {dag.py:3954} INFO - Setting next_dagrun for example_python_operator to None, run_after=None
[2024-10-20T06:29:05.243+0000] {processor.py:183} INFO - Processing /home/airflow/.local/lib/python3.12/site-packages/airflow/example_dags/example_python_operator.py took 0.056 seconds
[2024-10-20T06:29:35.702+0000] {processor.py:161} INFO - Started process (PID=7533) to work on /home/airflow/.local/lib/python3.12/site-packages/airflow/example_dags/example_python_operator.py
[2024-10-20T06:29:35.703+0000] {processor.py:830} INFO - Processing file /home/airflow/.local/lib/python3.12/site-packages/airflow/example_dags/example_python_operator.py for tasks to queue
[2024-10-20T06:29:35.704+0000] {logging_mixin.py:188} INFO - [2024-10-20T06:29:35.704+0000] {dagbag.py:540} INFO - Filling up the DagBag from /home/airflow/.local/lib/python3.12/site-packages/airflow/example_dags/example_python_operator.py
[2024-10-20T06:29:35.712+0000] {processor.py:840} INFO - DAG(s) 'example_python_operator' retrieved from /home/airflow/.local/lib/python3.12/site-packages/airflow/example_dags/example_python_operator.py
[2024-10-20T06:29:35.728+0000] {logging_mixin.py:188} INFO - [2024-10-20T06:29:35.728+0000] {dag.py:3096} INFO - Sync 1 DAGs
[2024-10-20T06:29:35.738+0000] {logging_mixin.py:188} INFO - [2024-10-20T06:29:35.737+0000] {dag.py:3954} INFO - Setting next_dagrun for example_python_operator to None, run_after=None
[2024-10-20T06:29:35.755+0000] {processor.py:183} INFO - Processing /home/airflow/.local/lib/python3.12/site-packages/airflow/example_dags/example_python_operator.py took 0.057 seconds
[2024-10-20T06:30:06.241+0000] {processor.py:161} INFO - Started process (PID=7799) to work on /home/airflow/.local/lib/python3.12/site-packages/airflow/example_dags/example_python_operator.py
[2024-10-20T06:30:06.242+0000] {processor.py:830} INFO - Processing file /home/airflow/.local/lib/python3.12/site-packages/airflow/example_dags/example_python_operator.py for tasks to queue
[2024-10-20T06:30:06.243+0000] {logging_mixin.py:188} INFO - [2024-10-20T06:30:06.243+0000] {dagbag.py:540} INFO - Filling up the DagBag from /home/airflow/.local/lib/python3.12/site-packages/airflow/example_dags/example_python_operator.py
[2024-10-20T06:30:06.251+0000] {processor.py:840} INFO - DAG(s) 'example_python_operator' retrieved from /home/airflow/.local/lib/python3.12/site-packages/airflow/example_dags/example_python_operator.py
[2024-10-20T06:30:06.267+0000] {logging_mixin.py:188} INFO - [2024-10-20T06:30:06.267+0000] {dag.py:3096} INFO - Sync 1 DAGs
[2024-10-20T06:30:06.276+0000] {logging_mixin.py:188} INFO - [2024-10-20T06:30:06.276+0000] {dag.py:3954} INFO - Setting next_dagrun for example_python_operator to None, run_after=None
[2024-10-20T06:30:06.303+0000] {processor.py:183} INFO - Processing /home/airflow/.local/lib/python3.12/site-packages/airflow/example_dags/example_python_operator.py took 0.066 seconds
[2024-10-20T06:30:36.856+0000] {processor.py:161} INFO - Started process (PID=8065) to work on /home/airflow/.local/lib/python3.12/site-packages/airflow/example_dags/example_python_operator.py
[2024-10-20T06:30:36.856+0000] {processor.py:830} INFO - Processing file /home/airflow/.local/lib/python3.12/site-packages/airflow/example_dags/example_python_operator.py for tasks to queue
[2024-10-20T06:30:36.857+0000] {logging_mixin.py:188} INFO - [2024-10-20T06:30:36.857+0000] {dagbag.py:540} INFO - Filling up the DagBag from /home/airflow/.local/lib/python3.12/site-packages/airflow/example_dags/example_python_operator.py
[2024-10-20T06:30:36.865+0000] {processor.py:840} INFO - DAG(s) 'example_python_operator' retrieved from /home/airflow/.local/lib/python3.12/site-packages/airflow/example_dags/example_python_operator.py
[2024-10-20T06:30:36.881+0000] {logging_mixin.py:188} INFO - [2024-10-20T06:30:36.881+0000] {dag.py:3096} INFO - Sync 1 DAGs
[2024-10-20T06:30:36.890+0000] {logging_mixin.py:188} INFO - [2024-10-20T06:30:36.890+0000] {dag.py:3954} INFO - Setting next_dagrun for example_python_operator to None, run_after=None
[2024-10-20T06:30:36.908+0000] {processor.py:183} INFO - Processing /home/airflow/.local/lib/python3.12/site-packages/airflow/example_dags/example_python_operator.py took 0.056 seconds
[2024-10-20T06:31:07.282+0000] {processor.py:161} INFO - Started process (PID=8331) to work on /home/airflow/.local/lib/python3.12/site-packages/airflow/example_dags/example_python_operator.py
[2024-10-20T06:31:07.283+0000] {processor.py:830} INFO - Processing file /home/airflow/.local/lib/python3.12/site-packages/airflow/example_dags/example_python_operator.py for tasks to queue
[2024-10-20T06:31:07.284+0000] {logging_mixin.py:188} INFO - [2024-10-20T06:31:07.284+0000] {dagbag.py:540} INFO - Filling up the DagBag from /home/airflow/.local/lib/python3.12/site-packages/airflow/example_dags/example_python_operator.py
[2024-10-20T06:31:07.291+0000] {processor.py:840} INFO - DAG(s) 'example_python_operator' retrieved from /home/airflow/.local/lib/python3.12/site-packages/airflow/example_dags/example_python_operator.py
[2024-10-20T06:31:07.308+0000] {logging_mixin.py:188} INFO - [2024-10-20T06:31:07.308+0000] {dag.py:3096} INFO - Sync 1 DAGs
[2024-10-20T06:31:07.317+0000] {logging_mixin.py:188} INFO - [2024-10-20T06:31:07.317+0000] {dag.py:3954} INFO - Setting next_dagrun for example_python_operator to None, run_after=None
[2024-10-20T06:31:07.334+0000] {processor.py:183} INFO - Processing /home/airflow/.local/lib/python3.12/site-packages/airflow/example_dags/example_python_operator.py took 0.056 seconds
[2024-10-20T06:31:37.772+0000] {processor.py:161} INFO - Started process (PID=8597) to work on /home/airflow/.local/lib/python3.12/site-packages/airflow/example_dags/example_python_operator.py
[2024-10-20T06:31:37.772+0000] {processor.py:830} INFO - Processing file /home/airflow/.local/lib/python3.12/site-packages/airflow/example_dags/example_python_operator.py for tasks to queue
[2024-10-20T06:31:37.773+0000] {logging_mixin.py:188} INFO - [2024-10-20T06:31:37.773+0000] {dagbag.py:540} INFO - Filling up the DagBag from /home/airflow/.local/lib/python3.12/site-packages/airflow/example_dags/example_python_operator.py
[2024-10-20T06:31:37.781+0000] {processor.py:840} INFO - DAG(s) 'example_python_operator' retrieved from /home/airflow/.local/lib/python3.12/site-packages/airflow/example_dags/example_python_operator.py
[2024-10-20T06:31:37.797+0000] {logging_mixin.py:188} INFO - [2024-10-20T06:31:37.797+0000] {dag.py:3096} INFO - Sync 1 DAGs
[2024-10-20T06:31:37.806+0000] {logging_mixin.py:188} INFO - [2024-10-20T06:31:37.806+0000] {dag.py:3954} INFO - Setting next_dagrun for example_python_operator to None, run_after=None
[2024-10-20T06:31:37.824+0000] {processor.py:183} INFO - Processing /home/airflow/.local/lib/python3.12/site-packages/airflow/example_dags/example_python_operator.py took 0.056 seconds
[2024-10-20T06:32:08.354+0000] {processor.py:161} INFO - Started process (PID=8863) to work on /home/airflow/.local/lib/python3.12/site-packages/airflow/example_dags/example_python_operator.py
[2024-10-20T06:32:08.355+0000] {processor.py:830} INFO - Processing file /home/airflow/.local/lib/python3.12/site-packages/airflow/example_dags/example_python_operator.py for tasks to queue
[2024-10-20T06:32:08.356+0000] {logging_mixin.py:188} INFO - [2024-10-20T06:32:08.356+0000] {dagbag.py:540} INFO - Filling up the DagBag from /home/airflow/.local/lib/python3.12/site-packages/airflow/example_dags/example_python_operator.py
[2024-10-20T06:32:08.364+0000] {processor.py:840} INFO - DAG(s) 'example_python_operator' retrieved from /home/airflow/.local/lib/python3.12/site-packages/airflow/example_dags/example_python_operator.py
[2024-10-20T06:32:08.381+0000] {logging_mixin.py:188} INFO - [2024-10-20T06:32:08.381+0000] {dag.py:3096} INFO - Sync 1 DAGs
[2024-10-20T06:32:08.390+0000] {logging_mixin.py:188} INFO - [2024-10-20T06:32:08.390+0000] {dag.py:3954} INFO - Setting next_dagrun for example_python_operator to None, run_after=None
[2024-10-20T06:32:08.408+0000] {processor.py:183} INFO - Processing /home/airflow/.local/lib/python3.12/site-packages/airflow/example_dags/example_python_operator.py took 0.058 seconds
[2024-10-20T06:32:38.997+0000] {processor.py:161} INFO - Started process (PID=9129) to work on /home/airflow/.local/lib/python3.12/site-packages/airflow/example_dags/example_python_operator.py
[2024-10-20T06:32:38.997+0000] {processor.py:830} INFO - Processing file /home/airflow/.local/lib/python3.12/site-packages/airflow/example_dags/example_python_operator.py for tasks to queue
[2024-10-20T06:32:38.999+0000] {logging_mixin.py:188} INFO - [2024-10-20T06:32:38.998+0000] {dagbag.py:540} INFO - Filling up the DagBag from /home/airflow/.local/lib/python3.12/site-packages/airflow/example_dags/example_python_operator.py
[2024-10-20T06:32:39.006+0000] {processor.py:840} INFO - DAG(s) 'example_python_operator' retrieved from /home/airflow/.local/lib/python3.12/site-packages/airflow/example_dags/example_python_operator.py
[2024-10-20T06:32:39.023+0000] {logging_mixin.py:188} INFO - [2024-10-20T06:32:39.023+0000] {dag.py:3096} INFO - Sync 1 DAGs
[2024-10-20T06:32:39.032+0000] {logging_mixin.py:188} INFO - [2024-10-20T06:32:39.032+0000] {dag.py:3954} INFO - Setting next_dagrun for example_python_operator to None, run_after=None
[2024-10-20T06:32:39.050+0000] {processor.py:183} INFO - Processing /home/airflow/.local/lib/python3.12/site-packages/airflow/example_dags/example_python_operator.py took 0.057 seconds
[2024-10-20T06:33:09.730+0000] {processor.py:161} INFO - Started process (PID=9395) to work on /home/airflow/.local/lib/python3.12/site-packages/airflow/example_dags/example_python_operator.py
[2024-10-20T06:33:09.731+0000] {processor.py:830} INFO - Processing file /home/airflow/.local/lib/python3.12/site-packages/airflow/example_dags/example_python_operator.py for tasks to queue
[2024-10-20T06:33:09.732+0000] {logging_mixin.py:188} INFO - [2024-10-20T06:33:09.732+0000] {dagbag.py:540} INFO - Filling up the DagBag from /home/airflow/.local/lib/python3.12/site-packages/airflow/example_dags/example_python_operator.py
[2024-10-20T06:33:09.740+0000] {processor.py:840} INFO - DAG(s) 'example_python_operator' retrieved from /home/airflow/.local/lib/python3.12/site-packages/airflow/example_dags/example_python_operator.py
[2024-10-20T06:33:09.758+0000] {logging_mixin.py:188} INFO - [2024-10-20T06:33:09.758+0000] {dag.py:3096} INFO - Sync 1 DAGs
[2024-10-20T06:33:09.767+0000] {logging_mixin.py:188} INFO - [2024-10-20T06:33:09.767+0000] {dag.py:3954} INFO - Setting next_dagrun for example_python_operator to None, run_after=None
[2024-10-20T06:33:09.783+0000] {processor.py:183} INFO - Processing /home/airflow/.local/lib/python3.12/site-packages/airflow/example_dags/example_python_operator.py took 0.057 seconds
[2024-10-20T06:33:40.293+0000] {processor.py:161} INFO - Started process (PID=9661) to work on /home/airflow/.local/lib/python3.12/site-packages/airflow/example_dags/example_python_operator.py
[2024-10-20T06:33:40.294+0000] {processor.py:830} INFO - Processing file /home/airflow/.local/lib/python3.12/site-packages/airflow/example_dags/example_python_operator.py for tasks to queue
[2024-10-20T06:33:40.295+0000] {logging_mixin.py:188} INFO - [2024-10-20T06:33:40.294+0000] {dagbag.py:540} INFO - Filling up the DagBag from /home/airflow/.local/lib/python3.12/site-packages/airflow/example_dags/example_python_operator.py
[2024-10-20T06:33:40.302+0000] {processor.py:840} INFO - DAG(s) 'example_python_operator' retrieved from /home/airflow/.local/lib/python3.12/site-packages/airflow/example_dags/example_python_operator.py
[2024-10-20T06:33:40.319+0000] {logging_mixin.py:188} INFO - [2024-10-20T06:33:40.318+0000] {dag.py:3096} INFO - Sync 1 DAGs
[2024-10-20T06:33:40.328+0000] {logging_mixin.py:188} INFO - [2024-10-20T06:33:40.327+0000] {dag.py:3954} INFO - Setting next_dagrun for example_python_operator to None, run_after=None
[2024-10-20T06:33:40.344+0000] {processor.py:183} INFO - Processing /home/airflow/.local/lib/python3.12/site-packages/airflow/example_dags/example_python_operator.py took 0.055 seconds
[2024-10-20T06:34:11.020+0000] {processor.py:161} INFO - Started process (PID=9927) to work on /home/airflow/.local/lib/python3.12/site-packages/airflow/example_dags/example_python_operator.py
[2024-10-20T06:34:11.021+0000] {processor.py:830} INFO - Processing file /home/airflow/.local/lib/python3.12/site-packages/airflow/example_dags/example_python_operator.py for tasks to queue
[2024-10-20T06:34:11.022+0000] {logging_mixin.py:188} INFO - [2024-10-20T06:34:11.022+0000] {dagbag.py:540} INFO - Filling up the DagBag from /home/airflow/.local/lib/python3.12/site-packages/airflow/example_dags/example_python_operator.py
[2024-10-20T06:34:11.030+0000] {processor.py:840} INFO - DAG(s) 'example_python_operator' retrieved from /home/airflow/.local/lib/python3.12/site-packages/airflow/example_dags/example_python_operator.py
[2024-10-20T06:34:11.047+0000] {logging_mixin.py:188} INFO - [2024-10-20T06:34:11.046+0000] {dag.py:3096} INFO - Sync 1 DAGs
[2024-10-20T06:34:11.056+0000] {logging_mixin.py:188} INFO - [2024-10-20T06:34:11.056+0000] {dag.py:3954} INFO - Setting next_dagrun for example_python_operator to None, run_after=None
[2024-10-20T06:34:11.085+0000] {processor.py:183} INFO - Processing /home/airflow/.local/lib/python3.12/site-packages/airflow/example_dags/example_python_operator.py took 0.069 seconds
[2024-10-20T06:34:41.588+0000] {processor.py:161} INFO - Started process (PID=10193) to work on /home/airflow/.local/lib/python3.12/site-packages/airflow/example_dags/example_python_operator.py
[2024-10-20T06:34:41.588+0000] {processor.py:830} INFO - Processing file /home/airflow/.local/lib/python3.12/site-packages/airflow/example_dags/example_python_operator.py for tasks to queue
[2024-10-20T06:34:41.590+0000] {logging_mixin.py:188} INFO - [2024-10-20T06:34:41.589+0000] {dagbag.py:540} INFO - Filling up the DagBag from /home/airflow/.local/lib/python3.12/site-packages/airflow/example_dags/example_python_operator.py
[2024-10-20T06:34:41.597+0000] {processor.py:840} INFO - DAG(s) 'example_python_operator' retrieved from /home/airflow/.local/lib/python3.12/site-packages/airflow/example_dags/example_python_operator.py
[2024-10-20T06:34:41.614+0000] {logging_mixin.py:188} INFO - [2024-10-20T06:34:41.613+0000] {dag.py:3096} INFO - Sync 1 DAGs
[2024-10-20T06:34:41.623+0000] {logging_mixin.py:188} INFO - [2024-10-20T06:34:41.622+0000] {dag.py:3954} INFO - Setting next_dagrun for example_python_operator to None, run_after=None
[2024-10-20T06:34:41.639+0000] {processor.py:183} INFO - Processing /home/airflow/.local/lib/python3.12/site-packages/airflow/example_dags/example_python_operator.py took 0.056 seconds
[2024-10-20T06:35:12.039+0000] {processor.py:161} INFO - Started process (PID=10459) to work on /home/airflow/.local/lib/python3.12/site-packages/airflow/example_dags/example_python_operator.py
[2024-10-20T06:35:12.040+0000] {processor.py:830} INFO - Processing file /home/airflow/.local/lib/python3.12/site-packages/airflow/example_dags/example_python_operator.py for tasks to queue
[2024-10-20T06:35:12.041+0000] {logging_mixin.py:188} INFO - [2024-10-20T06:35:12.041+0000] {dagbag.py:540} INFO - Filling up the DagBag from /home/airflow/.local/lib/python3.12/site-packages/airflow/example_dags/example_python_operator.py
[2024-10-20T06:35:12.048+0000] {processor.py:840} INFO - DAG(s) 'example_python_operator' retrieved from /home/airflow/.local/lib/python3.12/site-packages/airflow/example_dags/example_python_operator.py
[2024-10-20T06:35:12.065+0000] {logging_mixin.py:188} INFO - [2024-10-20T06:35:12.065+0000] {dag.py:3096} INFO - Sync 1 DAGs
[2024-10-20T06:35:12.074+0000] {logging_mixin.py:188} INFO - [2024-10-20T06:35:12.074+0000] {dag.py:3954} INFO - Setting next_dagrun for example_python_operator to None, run_after=None
[2024-10-20T06:35:12.093+0000] {processor.py:183} INFO - Processing /home/airflow/.local/lib/python3.12/site-packages/airflow/example_dags/example_python_operator.py took 0.058 seconds
[2024-10-20T06:35:42.669+0000] {processor.py:161} INFO - Started process (PID=10732) to work on /home/airflow/.local/lib/python3.12/site-packages/airflow/example_dags/example_python_operator.py
[2024-10-20T06:35:42.669+0000] {processor.py:830} INFO - Processing file /home/airflow/.local/lib/python3.12/site-packages/airflow/example_dags/example_python_operator.py for tasks to queue
[2024-10-20T06:35:42.670+0000] {logging_mixin.py:188} INFO - [2024-10-20T06:35:42.670+0000] {dagbag.py:540} INFO - Filling up the DagBag from /home/airflow/.local/lib/python3.12/site-packages/airflow/example_dags/example_python_operator.py
[2024-10-20T06:35:42.678+0000] {processor.py:840} INFO - DAG(s) 'example_python_operator' retrieved from /home/airflow/.local/lib/python3.12/site-packages/airflow/example_dags/example_python_operator.py
[2024-10-20T06:35:42.694+0000] {logging_mixin.py:188} INFO - [2024-10-20T06:35:42.694+0000] {dag.py:3096} INFO - Sync 1 DAGs
[2024-10-20T06:35:42.704+0000] {logging_mixin.py:188} INFO - [2024-10-20T06:35:42.704+0000] {dag.py:3954} INFO - Setting next_dagrun for example_python_operator to None, run_after=None
[2024-10-20T06:35:42.719+0000] {processor.py:183} INFO - Processing /home/airflow/.local/lib/python3.12/site-packages/airflow/example_dags/example_python_operator.py took 0.055 seconds
[2024-10-20T06:36:13.383+0000] {processor.py:161} INFO - Started process (PID=10998) to work on /home/airflow/.local/lib/python3.12/site-packages/airflow/example_dags/example_python_operator.py
[2024-10-20T06:36:13.383+0000] {processor.py:830} INFO - Processing file /home/airflow/.local/lib/python3.12/site-packages/airflow/example_dags/example_python_operator.py for tasks to queue
[2024-10-20T06:36:13.385+0000] {logging_mixin.py:188} INFO - [2024-10-20T06:36:13.384+0000] {dagbag.py:540} INFO - Filling up the DagBag from /home/airflow/.local/lib/python3.12/site-packages/airflow/example_dags/example_python_operator.py
[2024-10-20T06:36:13.392+0000] {processor.py:840} INFO - DAG(s) 'example_python_operator' retrieved from /home/airflow/.local/lib/python3.12/site-packages/airflow/example_dags/example_python_operator.py
[2024-10-20T06:36:13.409+0000] {logging_mixin.py:188} INFO - [2024-10-20T06:36:13.408+0000] {dag.py:3096} INFO - Sync 1 DAGs
[2024-10-20T06:36:13.419+0000] {logging_mixin.py:188} INFO - [2024-10-20T06:36:13.419+0000] {dag.py:3954} INFO - Setting next_dagrun for example_python_operator to None, run_after=None
[2024-10-20T06:36:13.440+0000] {processor.py:183} INFO - Processing /home/airflow/.local/lib/python3.12/site-packages/airflow/example_dags/example_python_operator.py took 0.061 seconds
[2024-10-20T06:36:44.022+0000] {processor.py:161} INFO - Started process (PID=11265) to work on /home/airflow/.local/lib/python3.12/site-packages/airflow/example_dags/example_python_operator.py
[2024-10-20T06:36:44.022+0000] {processor.py:830} INFO - Processing file /home/airflow/.local/lib/python3.12/site-packages/airflow/example_dags/example_python_operator.py for tasks to queue
[2024-10-20T06:36:44.024+0000] {logging_mixin.py:188} INFO - [2024-10-20T06:36:44.024+0000] {dagbag.py:540} INFO - Filling up the DagBag from /home/airflow/.local/lib/python3.12/site-packages/airflow/example_dags/example_python_operator.py
[2024-10-20T06:36:44.032+0000] {processor.py:840} INFO - DAG(s) 'example_python_operator' retrieved from /home/airflow/.local/lib/python3.12/site-packages/airflow/example_dags/example_python_operator.py
[2024-10-20T06:36:44.049+0000] {logging_mixin.py:188} INFO - [2024-10-20T06:36:44.048+0000] {dag.py:3096} INFO - Sync 1 DAGs
[2024-10-20T06:36:44.060+0000] {logging_mixin.py:188} INFO - [2024-10-20T06:36:44.060+0000] {dag.py:3954} INFO - Setting next_dagrun for example_python_operator to None, run_after=None
[2024-10-20T06:36:44.080+0000] {processor.py:183} INFO - Processing /home/airflow/.local/lib/python3.12/site-packages/airflow/example_dags/example_python_operator.py took 0.064 seconds
[2024-10-20T06:37:14.756+0000] {processor.py:161} INFO - Started process (PID=11531) to work on /home/airflow/.local/lib/python3.12/site-packages/airflow/example_dags/example_python_operator.py
[2024-10-20T06:37:14.757+0000] {processor.py:830} INFO - Processing file /home/airflow/.local/lib/python3.12/site-packages/airflow/example_dags/example_python_operator.py for tasks to queue
[2024-10-20T06:37:14.758+0000] {logging_mixin.py:188} INFO - [2024-10-20T06:37:14.758+0000] {dagbag.py:540} INFO - Filling up the DagBag from /home/airflow/.local/lib/python3.12/site-packages/airflow/example_dags/example_python_operator.py
[2024-10-20T06:37:14.766+0000] {processor.py:840} INFO - DAG(s) 'example_python_operator' retrieved from /home/airflow/.local/lib/python3.12/site-packages/airflow/example_dags/example_python_operator.py
[2024-10-20T06:37:14.782+0000] {logging_mixin.py:188} INFO - [2024-10-20T06:37:14.782+0000] {dag.py:3096} INFO - Sync 1 DAGs
[2024-10-20T06:37:14.791+0000] {logging_mixin.py:188} INFO - [2024-10-20T06:37:14.791+0000] {dag.py:3954} INFO - Setting next_dagrun for example_python_operator to None, run_after=None
[2024-10-20T06:37:14.809+0000] {processor.py:183} INFO - Processing /home/airflow/.local/lib/python3.12/site-packages/airflow/example_dags/example_python_operator.py took 0.057 seconds
[2024-10-20T06:37:45.390+0000] {processor.py:161} INFO - Started process (PID=11797) to work on /home/airflow/.local/lib/python3.12/site-packages/airflow/example_dags/example_python_operator.py
[2024-10-20T06:37:45.390+0000] {processor.py:830} INFO - Processing file /home/airflow/.local/lib/python3.12/site-packages/airflow/example_dags/example_python_operator.py for tasks to queue
[2024-10-20T06:37:45.391+0000] {logging_mixin.py:188} INFO - [2024-10-20T06:37:45.391+0000] {dagbag.py:540} INFO - Filling up the DagBag from /home/airflow/.local/lib/python3.12/site-packages/airflow/example_dags/example_python_operator.py
[2024-10-20T06:37:45.399+0000] {processor.py:840} INFO - DAG(s) 'example_python_operator' retrieved from /home/airflow/.local/lib/python3.12/site-packages/airflow/example_dags/example_python_operator.py
[2024-10-20T06:37:45.416+0000] {logging_mixin.py:188} INFO - [2024-10-20T06:37:45.416+0000] {dag.py:3096} INFO - Sync 1 DAGs
[2024-10-20T06:37:45.426+0000] {logging_mixin.py:188} INFO - [2024-10-20T06:37:45.426+0000] {dag.py:3954} INFO - Setting next_dagrun for example_python_operator to None, run_after=None
[2024-10-20T06:37:45.444+0000] {processor.py:183} INFO - Processing /home/airflow/.local/lib/python3.12/site-packages/airflow/example_dags/example_python_operator.py took 0.059 seconds
[2024-10-20T06:38:15.886+0000] {processor.py:161} INFO - Started process (PID=12063) to work on /home/airflow/.local/lib/python3.12/site-packages/airflow/example_dags/example_python_operator.py
[2024-10-20T06:38:15.887+0000] {processor.py:830} INFO - Processing file /home/airflow/.local/lib/python3.12/site-packages/airflow/example_dags/example_python_operator.py for tasks to queue
[2024-10-20T06:38:15.888+0000] {logging_mixin.py:188} INFO - [2024-10-20T06:38:15.888+0000] {dagbag.py:540} INFO - Filling up the DagBag from /home/airflow/.local/lib/python3.12/site-packages/airflow/example_dags/example_python_operator.py
[2024-10-20T06:38:15.896+0000] {processor.py:840} INFO - DAG(s) 'example_python_operator' retrieved from /home/airflow/.local/lib/python3.12/site-packages/airflow/example_dags/example_python_operator.py
[2024-10-20T06:38:15.913+0000] {logging_mixin.py:188} INFO - [2024-10-20T06:38:15.913+0000] {dag.py:3096} INFO - Sync 1 DAGs
[2024-10-20T06:38:15.922+0000] {logging_mixin.py:188} INFO - [2024-10-20T06:38:15.922+0000] {dag.py:3954} INFO - Setting next_dagrun for example_python_operator to None, run_after=None
[2024-10-20T06:38:15.939+0000] {processor.py:183} INFO - Processing /home/airflow/.local/lib/python3.12/site-packages/airflow/example_dags/example_python_operator.py took 0.057 seconds
[2024-10-20T06:38:46.490+0000] {processor.py:161} INFO - Started process (PID=12329) to work on /home/airflow/.local/lib/python3.12/site-packages/airflow/example_dags/example_python_operator.py
[2024-10-20T06:38:46.490+0000] {processor.py:830} INFO - Processing file /home/airflow/.local/lib/python3.12/site-packages/airflow/example_dags/example_python_operator.py for tasks to queue
[2024-10-20T06:38:46.491+0000] {logging_mixin.py:188} INFO - [2024-10-20T06:38:46.491+0000] {dagbag.py:540} INFO - Filling up the DagBag from /home/airflow/.local/lib/python3.12/site-packages/airflow/example_dags/example_python_operator.py
[2024-10-20T06:38:46.499+0000] {processor.py:840} INFO - DAG(s) 'example_python_operator' retrieved from /home/airflow/.local/lib/python3.12/site-packages/airflow/example_dags/example_python_operator.py
[2024-10-20T06:38:46.515+0000] {logging_mixin.py:188} INFO - [2024-10-20T06:38:46.515+0000] {dag.py:3096} INFO - Sync 1 DAGs
[2024-10-20T06:38:46.524+0000] {logging_mixin.py:188} INFO - [2024-10-20T06:38:46.524+0000] {dag.py:3954} INFO - Setting next_dagrun for example_python_operator to None, run_after=None
[2024-10-20T06:38:46.546+0000] {processor.py:183} INFO - Processing /home/airflow/.local/lib/python3.12/site-packages/airflow/example_dags/example_python_operator.py took 0.061 seconds
[2024-10-20T06:39:17.035+0000] {processor.py:161} INFO - Started process (PID=12595) to work on /home/airflow/.local/lib/python3.12/site-packages/airflow/example_dags/example_python_operator.py
[2024-10-20T06:39:17.035+0000] {processor.py:830} INFO - Processing file /home/airflow/.local/lib/python3.12/site-packages/airflow/example_dags/example_python_operator.py for tasks to queue
[2024-10-20T06:39:17.037+0000] {logging_mixin.py:188} INFO - [2024-10-20T06:39:17.036+0000] {dagbag.py:540} INFO - Filling up the DagBag from /home/airflow/.local/lib/python3.12/site-packages/airflow/example_dags/example_python_operator.py
[2024-10-20T06:39:17.044+0000] {processor.py:840} INFO - DAG(s) 'example_python_operator' retrieved from /home/airflow/.local/lib/python3.12/site-packages/airflow/example_dags/example_python_operator.py
[2024-10-20T06:39:17.061+0000] {logging_mixin.py:188} INFO - [2024-10-20T06:39:17.061+0000] {dag.py:3096} INFO - Sync 1 DAGs
[2024-10-20T06:39:17.071+0000] {logging_mixin.py:188} INFO - [2024-10-20T06:39:17.070+0000] {dag.py:3954} INFO - Setting next_dagrun for example_python_operator to None, run_after=None
[2024-10-20T06:39:17.088+0000] {processor.py:183} INFO - Processing /home/airflow/.local/lib/python3.12/site-packages/airflow/example_dags/example_python_operator.py took 0.057 seconds
[2024-10-20T06:39:47.659+0000] {processor.py:161} INFO - Started process (PID=12861) to work on /home/airflow/.local/lib/python3.12/site-packages/airflow/example_dags/example_python_operator.py
[2024-10-20T06:39:47.660+0000] {processor.py:830} INFO - Processing file /home/airflow/.local/lib/python3.12/site-packages/airflow/example_dags/example_python_operator.py for tasks to queue
[2024-10-20T06:39:47.661+0000] {logging_mixin.py:188} INFO - [2024-10-20T06:39:47.661+0000] {dagbag.py:540} INFO - Filling up the DagBag from /home/airflow/.local/lib/python3.12/site-packages/airflow/example_dags/example_python_operator.py
[2024-10-20T06:39:47.669+0000] {processor.py:840} INFO - DAG(s) 'example_python_operator' retrieved from /home/airflow/.local/lib/python3.12/site-packages/airflow/example_dags/example_python_operator.py
[2024-10-20T06:39:47.686+0000] {logging_mixin.py:188} INFO - [2024-10-20T06:39:47.685+0000] {dag.py:3096} INFO - Sync 1 DAGs
[2024-10-20T06:39:47.695+0000] {logging_mixin.py:188} INFO - [2024-10-20T06:39:47.694+0000] {dag.py:3954} INFO - Setting next_dagrun for example_python_operator to None, run_after=None
[2024-10-20T06:39:47.716+0000] {processor.py:183} INFO - Processing /home/airflow/.local/lib/python3.12/site-packages/airflow/example_dags/example_python_operator.py took 0.061 seconds
[2024-10-20T06:40:18.231+0000] {processor.py:161} INFO - Started process (PID=13127) to work on /home/airflow/.local/lib/python3.12/site-packages/airflow/example_dags/example_python_operator.py
[2024-10-20T06:40:18.232+0000] {processor.py:830} INFO - Processing file /home/airflow/.local/lib/python3.12/site-packages/airflow/example_dags/example_python_operator.py for tasks to queue
[2024-10-20T06:40:18.233+0000] {logging_mixin.py:188} INFO - [2024-10-20T06:40:18.233+0000] {dagbag.py:540} INFO - Filling up the DagBag from /home/airflow/.local/lib/python3.12/site-packages/airflow/example_dags/example_python_operator.py
[2024-10-20T06:40:18.241+0000] {processor.py:840} INFO - DAG(s) 'example_python_operator' retrieved from /home/airflow/.local/lib/python3.12/site-packages/airflow/example_dags/example_python_operator.py
[2024-10-20T06:40:18.257+0000] {logging_mixin.py:188} INFO - [2024-10-20T06:40:18.257+0000] {dag.py:3096} INFO - Sync 1 DAGs
[2024-10-20T06:40:18.266+0000] {logging_mixin.py:188} INFO - [2024-10-20T06:40:18.266+0000] {dag.py:3954} INFO - Setting next_dagrun for example_python_operator to None, run_after=None
[2024-10-20T06:40:18.284+0000] {processor.py:183} INFO - Processing /home/airflow/.local/lib/python3.12/site-packages/airflow/example_dags/example_python_operator.py took 0.057 seconds
[2024-10-20T06:40:48.967+0000] {processor.py:161} INFO - Started process (PID=13393) to work on /home/airflow/.local/lib/python3.12/site-packages/airflow/example_dags/example_python_operator.py
[2024-10-20T06:40:48.967+0000] {processor.py:830} INFO - Processing file /home/airflow/.local/lib/python3.12/site-packages/airflow/example_dags/example_python_operator.py for tasks to queue
[2024-10-20T06:40:48.968+0000] {logging_mixin.py:188} INFO - [2024-10-20T06:40:48.968+0000] {dagbag.py:540} INFO - Filling up the DagBag from /home/airflow/.local/lib/python3.12/site-packages/airflow/example_dags/example_python_operator.py
[2024-10-20T06:40:48.976+0000] {processor.py:840} INFO - DAG(s) 'example_python_operator' retrieved from /home/airflow/.local/lib/python3.12/site-packages/airflow/example_dags/example_python_operator.py
[2024-10-20T06:40:48.992+0000] {logging_mixin.py:188} INFO - [2024-10-20T06:40:48.992+0000] {dag.py:3096} INFO - Sync 1 DAGs
[2024-10-20T06:40:49.001+0000] {logging_mixin.py:188} INFO - [2024-10-20T06:40:49.001+0000] {dag.py:3954} INFO - Setting next_dagrun for example_python_operator to None, run_after=None
[2024-10-20T06:40:49.019+0000] {processor.py:183} INFO - Processing /home/airflow/.local/lib/python3.12/site-packages/airflow/example_dags/example_python_operator.py took 0.056 seconds
[2024-10-20T06:41:19.565+0000] {processor.py:161} INFO - Started process (PID=13659) to work on /home/airflow/.local/lib/python3.12/site-packages/airflow/example_dags/example_python_operator.py
[2024-10-20T06:41:19.566+0000] {processor.py:830} INFO - Processing file /home/airflow/.local/lib/python3.12/site-packages/airflow/example_dags/example_python_operator.py for tasks to queue
[2024-10-20T06:41:19.567+0000] {logging_mixin.py:188} INFO - [2024-10-20T06:41:19.567+0000] {dagbag.py:540} INFO - Filling up the DagBag from /home/airflow/.local/lib/python3.12/site-packages/airflow/example_dags/example_python_operator.py
[2024-10-20T06:41:19.575+0000] {processor.py:840} INFO - DAG(s) 'example_python_operator' retrieved from /home/airflow/.local/lib/python3.12/site-packages/airflow/example_dags/example_python_operator.py
[2024-10-20T06:41:19.591+0000] {logging_mixin.py:188} INFO - [2024-10-20T06:41:19.591+0000] {dag.py:3096} INFO - Sync 1 DAGs
[2024-10-20T06:41:19.600+0000] {logging_mixin.py:188} INFO - [2024-10-20T06:41:19.600+0000] {dag.py:3954} INFO - Setting next_dagrun for example_python_operator to None, run_after=None
[2024-10-20T06:41:19.618+0000] {processor.py:183} INFO - Processing /home/airflow/.local/lib/python3.12/site-packages/airflow/example_dags/example_python_operator.py took 0.057 seconds
[2024-10-20T06:41:50.187+0000] {processor.py:161} INFO - Started process (PID=13925) to work on /home/airflow/.local/lib/python3.12/site-packages/airflow/example_dags/example_python_operator.py
[2024-10-20T06:41:50.188+0000] {processor.py:830} INFO - Processing file /home/airflow/.local/lib/python3.12/site-packages/airflow/example_dags/example_python_operator.py for tasks to queue
[2024-10-20T06:41:50.189+0000] {logging_mixin.py:188} INFO - [2024-10-20T06:41:50.189+0000] {dagbag.py:540} INFO - Filling up the DagBag from /home/airflow/.local/lib/python3.12/site-packages/airflow/example_dags/example_python_operator.py
[2024-10-20T06:41:50.197+0000] {processor.py:840} INFO - DAG(s) 'example_python_operator' retrieved from /home/airflow/.local/lib/python3.12/site-packages/airflow/example_dags/example_python_operator.py
[2024-10-20T06:41:50.214+0000] {logging_mixin.py:188} INFO - [2024-10-20T06:41:50.213+0000] {dag.py:3096} INFO - Sync 1 DAGs
[2024-10-20T06:41:50.223+0000] {logging_mixin.py:188} INFO - [2024-10-20T06:41:50.223+0000] {dag.py:3954} INFO - Setting next_dagrun for example_python_operator to None, run_after=None
[2024-10-20T06:41:50.239+0000] {processor.py:183} INFO - Processing /home/airflow/.local/lib/python3.12/site-packages/airflow/example_dags/example_python_operator.py took 0.056 seconds
[2024-10-20T06:42:20.765+0000] {processor.py:161} INFO - Started process (PID=14191) to work on /home/airflow/.local/lib/python3.12/site-packages/airflow/example_dags/example_python_operator.py
[2024-10-20T06:42:20.766+0000] {processor.py:830} INFO - Processing file /home/airflow/.local/lib/python3.12/site-packages/airflow/example_dags/example_python_operator.py for tasks to queue
[2024-10-20T06:42:20.767+0000] {logging_mixin.py:188} INFO - [2024-10-20T06:42:20.767+0000] {dagbag.py:540} INFO - Filling up the DagBag from /home/airflow/.local/lib/python3.12/site-packages/airflow/example_dags/example_python_operator.py
[2024-10-20T06:42:20.775+0000] {processor.py:840} INFO - DAG(s) 'example_python_operator' retrieved from /home/airflow/.local/lib/python3.12/site-packages/airflow/example_dags/example_python_operator.py
[2024-10-20T06:42:20.791+0000] {logging_mixin.py:188} INFO - [2024-10-20T06:42:20.791+0000] {dag.py:3096} INFO - Sync 1 DAGs
[2024-10-20T06:42:20.800+0000] {logging_mixin.py:188} INFO - [2024-10-20T06:42:20.800+0000] {dag.py:3954} INFO - Setting next_dagrun for example_python_operator to None, run_after=None
[2024-10-20T06:42:20.817+0000] {processor.py:183} INFO - Processing /home/airflow/.local/lib/python3.12/site-packages/airflow/example_dags/example_python_operator.py took 0.056 seconds
[2024-10-20T06:42:51.373+0000] {processor.py:161} INFO - Started process (PID=14457) to work on /home/airflow/.local/lib/python3.12/site-packages/airflow/example_dags/example_python_operator.py
[2024-10-20T06:42:51.374+0000] {processor.py:830} INFO - Processing file /home/airflow/.local/lib/python3.12/site-packages/airflow/example_dags/example_python_operator.py for tasks to queue
[2024-10-20T06:42:51.375+0000] {logging_mixin.py:188} INFO - [2024-10-20T06:42:51.375+0000] {dagbag.py:540} INFO - Filling up the DagBag from /home/airflow/.local/lib/python3.12/site-packages/airflow/example_dags/example_python_operator.py
[2024-10-20T06:42:51.383+0000] {processor.py:840} INFO - DAG(s) 'example_python_operator' retrieved from /home/airflow/.local/lib/python3.12/site-packages/airflow/example_dags/example_python_operator.py
[2024-10-20T06:42:51.399+0000] {logging_mixin.py:188} INFO - [2024-10-20T06:42:51.399+0000] {dag.py:3096} INFO - Sync 1 DAGs
[2024-10-20T06:42:51.408+0000] {logging_mixin.py:188} INFO - [2024-10-20T06:42:51.408+0000] {dag.py:3954} INFO - Setting next_dagrun for example_python_operator to None, run_after=None
[2024-10-20T06:42:51.425+0000] {processor.py:183} INFO - Processing /home/airflow/.local/lib/python3.12/site-packages/airflow/example_dags/example_python_operator.py took 0.057 seconds
[2024-10-20T06:43:22.069+0000] {processor.py:161} INFO - Started process (PID=14723) to work on /home/airflow/.local/lib/python3.12/site-packages/airflow/example_dags/example_python_operator.py
[2024-10-20T06:43:22.070+0000] {processor.py:830} INFO - Processing file /home/airflow/.local/lib/python3.12/site-packages/airflow/example_dags/example_python_operator.py for tasks to queue
[2024-10-20T06:43:22.071+0000] {logging_mixin.py:188} INFO - [2024-10-20T06:43:22.071+0000] {dagbag.py:540} INFO - Filling up the DagBag from /home/airflow/.local/lib/python3.12/site-packages/airflow/example_dags/example_python_operator.py
[2024-10-20T06:43:22.079+0000] {processor.py:840} INFO - DAG(s) 'example_python_operator' retrieved from /home/airflow/.local/lib/python3.12/site-packages/airflow/example_dags/example_python_operator.py
[2024-10-20T06:43:22.095+0000] {logging_mixin.py:188} INFO - [2024-10-20T06:43:22.095+0000] {dag.py:3096} INFO - Sync 1 DAGs
[2024-10-20T06:43:22.104+0000] {logging_mixin.py:188} INFO - [2024-10-20T06:43:22.104+0000] {dag.py:3954} INFO - Setting next_dagrun for example_python_operator to None, run_after=None
[2024-10-20T06:43:22.119+0000] {processor.py:183} INFO - Processing /home/airflow/.local/lib/python3.12/site-packages/airflow/example_dags/example_python_operator.py took 0.054 seconds
[2024-10-20T06:43:52.628+0000] {processor.py:161} INFO - Started process (PID=14989) to work on /home/airflow/.local/lib/python3.12/site-packages/airflow/example_dags/example_python_operator.py
[2024-10-20T06:43:52.629+0000] {processor.py:830} INFO - Processing file /home/airflow/.local/lib/python3.12/site-packages/airflow/example_dags/example_python_operator.py for tasks to queue
[2024-10-20T06:43:52.630+0000] {logging_mixin.py:188} INFO - [2024-10-20T06:43:52.630+0000] {dagbag.py:540} INFO - Filling up the DagBag from /home/airflow/.local/lib/python3.12/site-packages/airflow/example_dags/example_python_operator.py
[2024-10-20T06:43:52.638+0000] {processor.py:840} INFO - DAG(s) 'example_python_operator' retrieved from /home/airflow/.local/lib/python3.12/site-packages/airflow/example_dags/example_python_operator.py
[2024-10-20T06:43:52.654+0000] {logging_mixin.py:188} INFO - [2024-10-20T06:43:52.653+0000] {dag.py:3096} INFO - Sync 1 DAGs
[2024-10-20T06:43:52.663+0000] {logging_mixin.py:188} INFO - [2024-10-20T06:43:52.663+0000] {dag.py:3954} INFO - Setting next_dagrun for example_python_operator to None, run_after=None
[2024-10-20T06:43:52.680+0000] {processor.py:183} INFO - Processing /home/airflow/.local/lib/python3.12/site-packages/airflow/example_dags/example_python_operator.py took 0.056 seconds
[2024-10-20T06:44:23.260+0000] {processor.py:161} INFO - Started process (PID=15255) to work on /home/airflow/.local/lib/python3.12/site-packages/airflow/example_dags/example_python_operator.py
[2024-10-20T06:44:23.260+0000] {processor.py:830} INFO - Processing file /home/airflow/.local/lib/python3.12/site-packages/airflow/example_dags/example_python_operator.py for tasks to queue
[2024-10-20T06:44:23.262+0000] {logging_mixin.py:188} INFO - [2024-10-20T06:44:23.261+0000] {dagbag.py:540} INFO - Filling up the DagBag from /home/airflow/.local/lib/python3.12/site-packages/airflow/example_dags/example_python_operator.py
[2024-10-20T06:44:23.269+0000] {processor.py:840} INFO - DAG(s) 'example_python_operator' retrieved from /home/airflow/.local/lib/python3.12/site-packages/airflow/example_dags/example_python_operator.py
[2024-10-20T06:44:23.286+0000] {logging_mixin.py:188} INFO - [2024-10-20T06:44:23.285+0000] {dag.py:3096} INFO - Sync 1 DAGs
[2024-10-20T06:44:23.295+0000] {logging_mixin.py:188} INFO - [2024-10-20T06:44:23.295+0000] {dag.py:3954} INFO - Setting next_dagrun for example_python_operator to None, run_after=None
[2024-10-20T06:44:23.312+0000] {processor.py:183} INFO - Processing /home/airflow/.local/lib/python3.12/site-packages/airflow/example_dags/example_python_operator.py took 0.057 seconds
