[2024-10-20T06:15:44.989+0000] {processor.py:161} INFO - Started process (PID=385) to work on /home/airflow/.local/lib/python3.12/site-packages/airflow/example_dags/example_setup_teardown.py
[2024-10-20T06:15:44.990+0000] {processor.py:830} INFO - Processing file /home/airflow/.local/lib/python3.12/site-packages/airflow/example_dags/example_setup_teardown.py for tasks to queue
[2024-10-20T06:15:44.992+0000] {logging_mixin.py:188} INFO - [2024-10-20T06:15:44.991+0000] {dagbag.py:540} INFO - Filling up the DagBag from /home/airflow/.local/lib/python3.12/site-packages/airflow/example_dags/example_setup_teardown.py
[2024-10-20T06:15:44.999+0000] {processor.py:840} INFO - DAG(s) 'example_setup_teardown' retrieved from /home/airflow/.local/lib/python3.12/site-packages/airflow/example_dags/example_setup_teardown.py
[2024-10-20T06:15:45.022+0000] {logging_mixin.py:188} INFO - [2024-10-20T06:15:45.022+0000] {dag.py:3096} INFO - Sync 1 DAGs
[2024-10-20T06:15:45.048+0000] {logging_mixin.py:188} INFO - [2024-10-20T06:15:45.048+0000] {dag.py:3954} INFO - Setting next_dagrun for example_setup_teardown to 2024-10-19 00:00:00+00:00, run_after=2024-10-20 00:00:00+00:00
[2024-10-20T06:15:45.077+0000] {processor.py:183} INFO - Processing /home/airflow/.local/lib/python3.12/site-packages/airflow/example_dags/example_setup_teardown.py took 0.094 seconds
[2024-10-20T06:16:15.835+0000] {processor.py:161} INFO - Started process (PID=653) to work on /home/airflow/.local/lib/python3.12/site-packages/airflow/example_dags/example_setup_teardown.py
[2024-10-20T06:16:15.836+0000] {processor.py:830} INFO - Processing file /home/airflow/.local/lib/python3.12/site-packages/airflow/example_dags/example_setup_teardown.py for tasks to queue
[2024-10-20T06:16:15.837+0000] {logging_mixin.py:188} INFO - [2024-10-20T06:16:15.837+0000] {dagbag.py:540} INFO - Filling up the DagBag from /home/airflow/.local/lib/python3.12/site-packages/airflow/example_dags/example_setup_teardown.py
[2024-10-20T06:16:15.845+0000] {processor.py:840} INFO - DAG(s) 'example_setup_teardown' retrieved from /home/airflow/.local/lib/python3.12/site-packages/airflow/example_dags/example_setup_teardown.py
[2024-10-20T06:16:15.866+0000] {logging_mixin.py:188} INFO - [2024-10-20T06:16:15.866+0000] {dag.py:3096} INFO - Sync 1 DAGs
[2024-10-20T06:16:15.891+0000] {logging_mixin.py:188} INFO - [2024-10-20T06:16:15.890+0000] {dag.py:3954} INFO - Setting next_dagrun for example_setup_teardown to 2024-10-19 00:00:00+00:00, run_after=2024-10-20 00:00:00+00:00
[2024-10-20T06:16:15.920+0000] {processor.py:183} INFO - Processing /home/airflow/.local/lib/python3.12/site-packages/airflow/example_dags/example_setup_teardown.py took 0.093 seconds
[2024-10-20T06:16:48.194+0000] {processor.py:161} INFO - Started process (PID=919) to work on /home/airflow/.local/lib/python3.12/site-packages/airflow/example_dags/example_setup_teardown.py
[2024-10-20T06:16:48.195+0000] {processor.py:830} INFO - Processing file /home/airflow/.local/lib/python3.12/site-packages/airflow/example_dags/example_setup_teardown.py for tasks to queue
[2024-10-20T06:16:48.197+0000] {logging_mixin.py:188} INFO - [2024-10-20T06:16:48.196+0000] {dagbag.py:540} INFO - Filling up the DagBag from /home/airflow/.local/lib/python3.12/site-packages/airflow/example_dags/example_setup_teardown.py
[2024-10-20T06:16:48.203+0000] {processor.py:840} INFO - DAG(s) 'example_setup_teardown' retrieved from /home/airflow/.local/lib/python3.12/site-packages/airflow/example_dags/example_setup_teardown.py
[2024-10-20T06:16:48.224+0000] {logging_mixin.py:188} INFO - [2024-10-20T06:16:48.223+0000] {dag.py:3096} INFO - Sync 1 DAGs
[2024-10-20T06:16:48.243+0000] {logging_mixin.py:188} INFO - [2024-10-20T06:16:48.242+0000] {dag.py:3954} INFO - Setting next_dagrun for example_setup_teardown to 2024-10-19 00:00:00+00:00, run_after=2024-10-20 00:00:00+00:00
[2024-10-20T06:16:48.281+0000] {processor.py:183} INFO - Processing /home/airflow/.local/lib/python3.12/site-packages/airflow/example_dags/example_setup_teardown.py took 0.092 seconds
[2024-10-20T06:17:19.061+0000] {processor.py:161} INFO - Started process (PID=1183) to work on /home/airflow/.local/lib/python3.12/site-packages/airflow/example_dags/example_setup_teardown.py
[2024-10-20T06:17:19.062+0000] {processor.py:830} INFO - Processing file /home/airflow/.local/lib/python3.12/site-packages/airflow/example_dags/example_setup_teardown.py for tasks to queue
[2024-10-20T06:17:19.063+0000] {logging_mixin.py:188} INFO - [2024-10-20T06:17:19.063+0000] {dagbag.py:540} INFO - Filling up the DagBag from /home/airflow/.local/lib/python3.12/site-packages/airflow/example_dags/example_setup_teardown.py
[2024-10-20T06:17:19.069+0000] {processor.py:840} INFO - DAG(s) 'example_setup_teardown' retrieved from /home/airflow/.local/lib/python3.12/site-packages/airflow/example_dags/example_setup_teardown.py
[2024-10-20T06:17:19.087+0000] {logging_mixin.py:188} INFO - [2024-10-20T06:17:19.086+0000] {dag.py:3096} INFO - Sync 1 DAGs
[2024-10-20T06:17:19.104+0000] {logging_mixin.py:188} INFO - [2024-10-20T06:17:19.104+0000] {dag.py:3954} INFO - Setting next_dagrun for example_setup_teardown to 2024-10-19 00:00:00+00:00, run_after=2024-10-20 00:00:00+00:00
[2024-10-20T06:17:19.132+0000] {processor.py:183} INFO - Processing /home/airflow/.local/lib/python3.12/site-packages/airflow/example_dags/example_setup_teardown.py took 0.077 seconds
[2024-10-20T06:17:49.753+0000] {processor.py:161} INFO - Started process (PID=1449) to work on /home/airflow/.local/lib/python3.12/site-packages/airflow/example_dags/example_setup_teardown.py
[2024-10-20T06:17:49.754+0000] {processor.py:830} INFO - Processing file /home/airflow/.local/lib/python3.12/site-packages/airflow/example_dags/example_setup_teardown.py for tasks to queue
[2024-10-20T06:17:49.755+0000] {logging_mixin.py:188} INFO - [2024-10-20T06:17:49.755+0000] {dagbag.py:540} INFO - Filling up the DagBag from /home/airflow/.local/lib/python3.12/site-packages/airflow/example_dags/example_setup_teardown.py
[2024-10-20T06:17:49.760+0000] {processor.py:840} INFO - DAG(s) 'example_setup_teardown' retrieved from /home/airflow/.local/lib/python3.12/site-packages/airflow/example_dags/example_setup_teardown.py
[2024-10-20T06:17:49.778+0000] {logging_mixin.py:188} INFO - [2024-10-20T06:17:49.778+0000] {dag.py:3096} INFO - Sync 1 DAGs
[2024-10-20T06:17:49.796+0000] {logging_mixin.py:188} INFO - [2024-10-20T06:17:49.796+0000] {dag.py:3954} INFO - Setting next_dagrun for example_setup_teardown to 2024-10-19 00:00:00+00:00, run_after=2024-10-20 00:00:00+00:00
[2024-10-20T06:17:49.815+0000] {processor.py:183} INFO - Processing /home/airflow/.local/lib/python3.12/site-packages/airflow/example_dags/example_setup_teardown.py took 0.066 seconds
[2024-10-20T06:18:20.525+0000] {processor.py:161} INFO - Started process (PID=1716) to work on /home/airflow/.local/lib/python3.12/site-packages/airflow/example_dags/example_setup_teardown.py
[2024-10-20T06:18:20.526+0000] {processor.py:830} INFO - Processing file /home/airflow/.local/lib/python3.12/site-packages/airflow/example_dags/example_setup_teardown.py for tasks to queue
[2024-10-20T06:18:20.527+0000] {logging_mixin.py:188} INFO - [2024-10-20T06:18:20.527+0000] {dagbag.py:540} INFO - Filling up the DagBag from /home/airflow/.local/lib/python3.12/site-packages/airflow/example_dags/example_setup_teardown.py
[2024-10-20T06:18:20.535+0000] {processor.py:840} INFO - DAG(s) 'example_setup_teardown' retrieved from /home/airflow/.local/lib/python3.12/site-packages/airflow/example_dags/example_setup_teardown.py
[2024-10-20T06:18:20.551+0000] {logging_mixin.py:188} INFO - [2024-10-20T06:18:20.551+0000] {dag.py:3096} INFO - Sync 1 DAGs
[2024-10-20T06:18:20.566+0000] {logging_mixin.py:188} INFO - [2024-10-20T06:18:20.566+0000] {dag.py:3954} INFO - Setting next_dagrun for example_setup_teardown to 2024-10-19 00:00:00+00:00, run_after=2024-10-20 00:00:00+00:00
[2024-10-20T06:18:20.584+0000] {processor.py:183} INFO - Processing /home/airflow/.local/lib/python3.12/site-packages/airflow/example_dags/example_setup_teardown.py took 0.064 seconds
[2024-10-20T06:18:51.205+0000] {processor.py:161} INFO - Started process (PID=1980) to work on /home/airflow/.local/lib/python3.12/site-packages/airflow/example_dags/example_setup_teardown.py
[2024-10-20T06:18:51.205+0000] {processor.py:830} INFO - Processing file /home/airflow/.local/lib/python3.12/site-packages/airflow/example_dags/example_setup_teardown.py for tasks to queue
[2024-10-20T06:18:51.206+0000] {logging_mixin.py:188} INFO - [2024-10-20T06:18:51.206+0000] {dagbag.py:540} INFO - Filling up the DagBag from /home/airflow/.local/lib/python3.12/site-packages/airflow/example_dags/example_setup_teardown.py
[2024-10-20T06:18:51.213+0000] {processor.py:840} INFO - DAG(s) 'example_setup_teardown' retrieved from /home/airflow/.local/lib/python3.12/site-packages/airflow/example_dags/example_setup_teardown.py
[2024-10-20T06:18:51.231+0000] {logging_mixin.py:188} INFO - [2024-10-20T06:18:51.231+0000] {dag.py:3096} INFO - Sync 1 DAGs
[2024-10-20T06:18:51.253+0000] {logging_mixin.py:188} INFO - [2024-10-20T06:18:51.253+0000] {dag.py:3954} INFO - Setting next_dagrun for example_setup_teardown to 2024-10-19 00:00:00+00:00, run_after=2024-10-20 00:00:00+00:00
[2024-10-20T06:18:51.273+0000] {processor.py:183} INFO - Processing /home/airflow/.local/lib/python3.12/site-packages/airflow/example_dags/example_setup_teardown.py took 0.073 seconds
[2024-10-20T06:19:21.872+0000] {processor.py:161} INFO - Started process (PID=2246) to work on /home/airflow/.local/lib/python3.12/site-packages/airflow/example_dags/example_setup_teardown.py
[2024-10-20T06:19:21.872+0000] {processor.py:830} INFO - Processing file /home/airflow/.local/lib/python3.12/site-packages/airflow/example_dags/example_setup_teardown.py for tasks to queue
[2024-10-20T06:19:21.874+0000] {logging_mixin.py:188} INFO - [2024-10-20T06:19:21.874+0000] {dagbag.py:540} INFO - Filling up the DagBag from /home/airflow/.local/lib/python3.12/site-packages/airflow/example_dags/example_setup_teardown.py
[2024-10-20T06:19:21.882+0000] {processor.py:840} INFO - DAG(s) 'example_setup_teardown' retrieved from /home/airflow/.local/lib/python3.12/site-packages/airflow/example_dags/example_setup_teardown.py
[2024-10-20T06:19:21.920+0000] {logging_mixin.py:188} INFO - [2024-10-20T06:19:21.920+0000] {dag.py:3096} INFO - Sync 1 DAGs
[2024-10-20T06:19:21.943+0000] {logging_mixin.py:188} INFO - [2024-10-20T06:19:21.943+0000] {dag.py:3954} INFO - Setting next_dagrun for example_setup_teardown to 2024-10-19 00:00:00+00:00, run_after=2024-10-20 00:00:00+00:00
[2024-10-20T06:19:21.965+0000] {processor.py:183} INFO - Processing /home/airflow/.local/lib/python3.12/site-packages/airflow/example_dags/example_setup_teardown.py took 0.099 seconds
[2024-10-20T06:19:52.884+0000] {processor.py:161} INFO - Started process (PID=2512) to work on /home/airflow/.local/lib/python3.12/site-packages/airflow/example_dags/example_setup_teardown.py
[2024-10-20T06:19:52.885+0000] {processor.py:830} INFO - Processing file /home/airflow/.local/lib/python3.12/site-packages/airflow/example_dags/example_setup_teardown.py for tasks to queue
[2024-10-20T06:19:52.887+0000] {logging_mixin.py:188} INFO - [2024-10-20T06:19:52.886+0000] {dagbag.py:540} INFO - Filling up the DagBag from /home/airflow/.local/lib/python3.12/site-packages/airflow/example_dags/example_setup_teardown.py
[2024-10-20T06:19:52.892+0000] {processor.py:840} INFO - DAG(s) 'example_setup_teardown' retrieved from /home/airflow/.local/lib/python3.12/site-packages/airflow/example_dags/example_setup_teardown.py
[2024-10-20T06:19:52.910+0000] {logging_mixin.py:188} INFO - [2024-10-20T06:19:52.910+0000] {dag.py:3096} INFO - Sync 1 DAGs
[2024-10-20T06:19:52.930+0000] {logging_mixin.py:188} INFO - [2024-10-20T06:19:52.930+0000] {dag.py:3954} INFO - Setting next_dagrun for example_setup_teardown to 2024-10-19 00:00:00+00:00, run_after=2024-10-20 00:00:00+00:00
[2024-10-20T06:19:52.972+0000] {processor.py:183} INFO - Processing /home/airflow/.local/lib/python3.12/site-packages/airflow/example_dags/example_setup_teardown.py took 0.093 seconds
[2024-10-20T06:20:23.532+0000] {processor.py:161} INFO - Started process (PID=2778) to work on /home/airflow/.local/lib/python3.12/site-packages/airflow/example_dags/example_setup_teardown.py
[2024-10-20T06:20:23.533+0000] {processor.py:830} INFO - Processing file /home/airflow/.local/lib/python3.12/site-packages/airflow/example_dags/example_setup_teardown.py for tasks to queue
[2024-10-20T06:20:23.534+0000] {logging_mixin.py:188} INFO - [2024-10-20T06:20:23.534+0000] {dagbag.py:540} INFO - Filling up the DagBag from /home/airflow/.local/lib/python3.12/site-packages/airflow/example_dags/example_setup_teardown.py
[2024-10-20T06:20:23.541+0000] {processor.py:840} INFO - DAG(s) 'example_setup_teardown' retrieved from /home/airflow/.local/lib/python3.12/site-packages/airflow/example_dags/example_setup_teardown.py
[2024-10-20T06:20:23.556+0000] {logging_mixin.py:188} INFO - [2024-10-20T06:20:23.556+0000] {dag.py:3096} INFO - Sync 1 DAGs
[2024-10-20T06:20:23.573+0000] {logging_mixin.py:188} INFO - [2024-10-20T06:20:23.573+0000] {dag.py:3954} INFO - Setting next_dagrun for example_setup_teardown to 2024-10-19 00:00:00+00:00, run_after=2024-10-20 00:00:00+00:00
[2024-10-20T06:20:23.592+0000] {processor.py:183} INFO - Processing /home/airflow/.local/lib/python3.12/site-packages/airflow/example_dags/example_setup_teardown.py took 0.066 seconds
[2024-10-20T06:20:54.210+0000] {processor.py:161} INFO - Started process (PID=3046) to work on /home/airflow/.local/lib/python3.12/site-packages/airflow/example_dags/example_setup_teardown.py
[2024-10-20T06:20:54.211+0000] {processor.py:830} INFO - Processing file /home/airflow/.local/lib/python3.12/site-packages/airflow/example_dags/example_setup_teardown.py for tasks to queue
[2024-10-20T06:20:54.212+0000] {logging_mixin.py:188} INFO - [2024-10-20T06:20:54.212+0000] {dagbag.py:540} INFO - Filling up the DagBag from /home/airflow/.local/lib/python3.12/site-packages/airflow/example_dags/example_setup_teardown.py
[2024-10-20T06:20:54.220+0000] {processor.py:840} INFO - DAG(s) 'example_setup_teardown' retrieved from /home/airflow/.local/lib/python3.12/site-packages/airflow/example_dags/example_setup_teardown.py
[2024-10-20T06:20:54.239+0000] {logging_mixin.py:188} INFO - [2024-10-20T06:20:54.238+0000] {dag.py:3096} INFO - Sync 1 DAGs
[2024-10-20T06:20:54.260+0000] {logging_mixin.py:188} INFO - [2024-10-20T06:20:54.260+0000] {dag.py:3954} INFO - Setting next_dagrun for example_setup_teardown to 2024-10-19 00:00:00+00:00, run_after=2024-10-20 00:00:00+00:00
[2024-10-20T06:20:54.278+0000] {processor.py:183} INFO - Processing /home/airflow/.local/lib/python3.12/site-packages/airflow/example_dags/example_setup_teardown.py took 0.073 seconds
[2024-10-20T06:21:25.074+0000] {processor.py:161} INFO - Started process (PID=3310) to work on /home/airflow/.local/lib/python3.12/site-packages/airflow/example_dags/example_setup_teardown.py
[2024-10-20T06:21:25.075+0000] {processor.py:830} INFO - Processing file /home/airflow/.local/lib/python3.12/site-packages/airflow/example_dags/example_setup_teardown.py for tasks to queue
[2024-10-20T06:21:25.077+0000] {logging_mixin.py:188} INFO - [2024-10-20T06:21:25.076+0000] {dagbag.py:540} INFO - Filling up the DagBag from /home/airflow/.local/lib/python3.12/site-packages/airflow/example_dags/example_setup_teardown.py
[2024-10-20T06:21:25.083+0000] {processor.py:840} INFO - DAG(s) 'example_setup_teardown' retrieved from /home/airflow/.local/lib/python3.12/site-packages/airflow/example_dags/example_setup_teardown.py
[2024-10-20T06:21:25.101+0000] {logging_mixin.py:188} INFO - [2024-10-20T06:21:25.101+0000] {dag.py:3096} INFO - Sync 1 DAGs
[2024-10-20T06:21:25.120+0000] {logging_mixin.py:188} INFO - [2024-10-20T06:21:25.120+0000] {dag.py:3954} INFO - Setting next_dagrun for example_setup_teardown to 2024-10-19 00:00:00+00:00, run_after=2024-10-20 00:00:00+00:00
[2024-10-20T06:21:25.139+0000] {processor.py:183} INFO - Processing /home/airflow/.local/lib/python3.12/site-packages/airflow/example_dags/example_setup_teardown.py took 0.071 seconds
[2024-10-20T06:21:55.312+0000] {processor.py:161} INFO - Started process (PID=3576) to work on /home/airflow/.local/lib/python3.12/site-packages/airflow/example_dags/example_setup_teardown.py
[2024-10-20T06:21:55.313+0000] {processor.py:830} INFO - Processing file /home/airflow/.local/lib/python3.12/site-packages/airflow/example_dags/example_setup_teardown.py for tasks to queue
[2024-10-20T06:21:55.314+0000] {logging_mixin.py:188} INFO - [2024-10-20T06:21:55.314+0000] {dagbag.py:540} INFO - Filling up the DagBag from /home/airflow/.local/lib/python3.12/site-packages/airflow/example_dags/example_setup_teardown.py
[2024-10-20T06:21:55.321+0000] {processor.py:840} INFO - DAG(s) 'example_setup_teardown' retrieved from /home/airflow/.local/lib/python3.12/site-packages/airflow/example_dags/example_setup_teardown.py
[2024-10-20T06:21:55.340+0000] {logging_mixin.py:188} INFO - [2024-10-20T06:21:55.340+0000] {dag.py:3096} INFO - Sync 1 DAGs
[2024-10-20T06:21:55.357+0000] {logging_mixin.py:188} INFO - [2024-10-20T06:21:55.356+0000] {dag.py:3954} INFO - Setting next_dagrun for example_setup_teardown to 2024-10-19 00:00:00+00:00, run_after=2024-10-20 00:00:00+00:00
[2024-10-20T06:21:55.377+0000] {processor.py:183} INFO - Processing /home/airflow/.local/lib/python3.12/site-packages/airflow/example_dags/example_setup_teardown.py took 0.069 seconds
[2024-10-20T06:22:26.785+0000] {processor.py:161} INFO - Started process (PID=3842) to work on /home/airflow/.local/lib/python3.12/site-packages/airflow/example_dags/example_setup_teardown.py
[2024-10-20T06:22:26.786+0000] {processor.py:830} INFO - Processing file /home/airflow/.local/lib/python3.12/site-packages/airflow/example_dags/example_setup_teardown.py for tasks to queue
[2024-10-20T06:22:26.788+0000] {logging_mixin.py:188} INFO - [2024-10-20T06:22:26.787+0000] {dagbag.py:540} INFO - Filling up the DagBag from /home/airflow/.local/lib/python3.12/site-packages/airflow/example_dags/example_setup_teardown.py
[2024-10-20T06:22:26.795+0000] {processor.py:840} INFO - DAG(s) 'example_setup_teardown' retrieved from /home/airflow/.local/lib/python3.12/site-packages/airflow/example_dags/example_setup_teardown.py
[2024-10-20T06:22:26.811+0000] {logging_mixin.py:188} INFO - [2024-10-20T06:22:26.811+0000] {dag.py:3096} INFO - Sync 1 DAGs
[2024-10-20T06:22:26.832+0000] {logging_mixin.py:188} INFO - [2024-10-20T06:22:26.832+0000] {dag.py:3954} INFO - Setting next_dagrun for example_setup_teardown to 2024-10-19 00:00:00+00:00, run_after=2024-10-20 00:00:00+00:00
[2024-10-20T06:22:26.852+0000] {processor.py:183} INFO - Processing /home/airflow/.local/lib/python3.12/site-packages/airflow/example_dags/example_setup_teardown.py took 0.072 seconds
[2024-10-20T06:22:57.885+0000] {processor.py:161} INFO - Started process (PID=4108) to work on /home/airflow/.local/lib/python3.12/site-packages/airflow/example_dags/example_setup_teardown.py
[2024-10-20T06:22:57.885+0000] {processor.py:830} INFO - Processing file /home/airflow/.local/lib/python3.12/site-packages/airflow/example_dags/example_setup_teardown.py for tasks to queue
[2024-10-20T06:22:57.887+0000] {logging_mixin.py:188} INFO - [2024-10-20T06:22:57.886+0000] {dagbag.py:540} INFO - Filling up the DagBag from /home/airflow/.local/lib/python3.12/site-packages/airflow/example_dags/example_setup_teardown.py
[2024-10-20T06:22:57.892+0000] {processor.py:840} INFO - DAG(s) 'example_setup_teardown' retrieved from /home/airflow/.local/lib/python3.12/site-packages/airflow/example_dags/example_setup_teardown.py
[2024-10-20T06:22:57.908+0000] {logging_mixin.py:188} INFO - [2024-10-20T06:22:57.908+0000] {dag.py:3096} INFO - Sync 1 DAGs
[2024-10-20T06:22:57.925+0000] {logging_mixin.py:188} INFO - [2024-10-20T06:22:57.925+0000] {dag.py:3954} INFO - Setting next_dagrun for example_setup_teardown to 2024-10-19 00:00:00+00:00, run_after=2024-10-20 00:00:00+00:00
[2024-10-20T06:22:58.079+0000] {processor.py:183} INFO - Processing /home/airflow/.local/lib/python3.12/site-packages/airflow/example_dags/example_setup_teardown.py took 0.198 seconds
[2024-10-20T06:23:28.321+0000] {processor.py:161} INFO - Started process (PID=4376) to work on /home/airflow/.local/lib/python3.12/site-packages/airflow/example_dags/example_setup_teardown.py
[2024-10-20T06:23:28.322+0000] {processor.py:830} INFO - Processing file /home/airflow/.local/lib/python3.12/site-packages/airflow/example_dags/example_setup_teardown.py for tasks to queue
[2024-10-20T06:23:28.323+0000] {logging_mixin.py:188} INFO - [2024-10-20T06:23:28.323+0000] {dagbag.py:540} INFO - Filling up the DagBag from /home/airflow/.local/lib/python3.12/site-packages/airflow/example_dags/example_setup_teardown.py
[2024-10-20T06:23:28.328+0000] {processor.py:840} INFO - DAG(s) 'example_setup_teardown' retrieved from /home/airflow/.local/lib/python3.12/site-packages/airflow/example_dags/example_setup_teardown.py
[2024-10-20T06:23:28.343+0000] {logging_mixin.py:188} INFO - [2024-10-20T06:23:28.343+0000] {dag.py:3096} INFO - Sync 1 DAGs
[2024-10-20T06:23:28.358+0000] {logging_mixin.py:188} INFO - [2024-10-20T06:23:28.358+0000] {dag.py:3954} INFO - Setting next_dagrun for example_setup_teardown to 2024-10-19 00:00:00+00:00, run_after=2024-10-20 00:00:00+00:00
[2024-10-20T06:23:28.375+0000] {processor.py:183} INFO - Processing /home/airflow/.local/lib/python3.12/site-packages/airflow/example_dags/example_setup_teardown.py took 0.057 seconds
[2024-10-20T06:23:58.626+0000] {processor.py:161} INFO - Started process (PID=4642) to work on /home/airflow/.local/lib/python3.12/site-packages/airflow/example_dags/example_setup_teardown.py
[2024-10-20T06:23:58.627+0000] {processor.py:830} INFO - Processing file /home/airflow/.local/lib/python3.12/site-packages/airflow/example_dags/example_setup_teardown.py for tasks to queue
[2024-10-20T06:23:58.628+0000] {logging_mixin.py:188} INFO - [2024-10-20T06:23:58.628+0000] {dagbag.py:540} INFO - Filling up the DagBag from /home/airflow/.local/lib/python3.12/site-packages/airflow/example_dags/example_setup_teardown.py
[2024-10-20T06:23:58.635+0000] {processor.py:840} INFO - DAG(s) 'example_setup_teardown' retrieved from /home/airflow/.local/lib/python3.12/site-packages/airflow/example_dags/example_setup_teardown.py
[2024-10-20T06:23:58.655+0000] {logging_mixin.py:188} INFO - [2024-10-20T06:23:58.654+0000] {dag.py:3096} INFO - Sync 1 DAGs
[2024-10-20T06:23:58.675+0000] {logging_mixin.py:188} INFO - [2024-10-20T06:23:58.675+0000] {dag.py:3954} INFO - Setting next_dagrun for example_setup_teardown to 2024-10-19 00:00:00+00:00, run_after=2024-10-20 00:00:00+00:00
[2024-10-20T06:23:58.695+0000] {processor.py:183} INFO - Processing /home/airflow/.local/lib/python3.12/site-packages/airflow/example_dags/example_setup_teardown.py took 0.075 seconds
[2024-10-20T06:24:29.830+0000] {processor.py:161} INFO - Started process (PID=4906) to work on /home/airflow/.local/lib/python3.12/site-packages/airflow/example_dags/example_setup_teardown.py
[2024-10-20T06:24:29.831+0000] {processor.py:830} INFO - Processing file /home/airflow/.local/lib/python3.12/site-packages/airflow/example_dags/example_setup_teardown.py for tasks to queue
[2024-10-20T06:24:29.833+0000] {logging_mixin.py:188} INFO - [2024-10-20T06:24:29.832+0000] {dagbag.py:540} INFO - Filling up the DagBag from /home/airflow/.local/lib/python3.12/site-packages/airflow/example_dags/example_setup_teardown.py
[2024-10-20T06:24:29.839+0000] {processor.py:840} INFO - DAG(s) 'example_setup_teardown' retrieved from /home/airflow/.local/lib/python3.12/site-packages/airflow/example_dags/example_setup_teardown.py
[2024-10-20T06:24:29.857+0000] {logging_mixin.py:188} INFO - [2024-10-20T06:24:29.857+0000] {dag.py:3096} INFO - Sync 1 DAGs
[2024-10-20T06:24:29.875+0000] {logging_mixin.py:188} INFO - [2024-10-20T06:24:29.875+0000] {dag.py:3954} INFO - Setting next_dagrun for example_setup_teardown to 2024-10-19 00:00:00+00:00, run_after=2024-10-20 00:00:00+00:00
[2024-10-20T06:24:29.903+0000] {processor.py:183} INFO - Processing /home/airflow/.local/lib/python3.12/site-packages/airflow/example_dags/example_setup_teardown.py took 0.079 seconds
[2024-10-20T06:25:01.177+0000] {processor.py:161} INFO - Started process (PID=5174) to work on /home/airflow/.local/lib/python3.12/site-packages/airflow/example_dags/example_setup_teardown.py
[2024-10-20T06:25:01.178+0000] {processor.py:830} INFO - Processing file /home/airflow/.local/lib/python3.12/site-packages/airflow/example_dags/example_setup_teardown.py for tasks to queue
[2024-10-20T06:25:01.180+0000] {logging_mixin.py:188} INFO - [2024-10-20T06:25:01.179+0000] {dagbag.py:540} INFO - Filling up the DagBag from /home/airflow/.local/lib/python3.12/site-packages/airflow/example_dags/example_setup_teardown.py
[2024-10-20T06:25:01.186+0000] {processor.py:840} INFO - DAG(s) 'example_setup_teardown' retrieved from /home/airflow/.local/lib/python3.12/site-packages/airflow/example_dags/example_setup_teardown.py
[2024-10-20T06:25:01.341+0000] {logging_mixin.py:188} INFO - [2024-10-20T06:25:01.341+0000] {dag.py:3096} INFO - Sync 1 DAGs
[2024-10-20T06:25:01.356+0000] {logging_mixin.py:188} INFO - [2024-10-20T06:25:01.356+0000] {dag.py:3954} INFO - Setting next_dagrun for example_setup_teardown to 2024-10-19 00:00:00+00:00, run_after=2024-10-20 00:00:00+00:00
[2024-10-20T06:25:01.376+0000] {processor.py:183} INFO - Processing /home/airflow/.local/lib/python3.12/site-packages/airflow/example_dags/example_setup_teardown.py took 0.203 seconds
[2024-10-20T06:25:31.525+0000] {processor.py:161} INFO - Started process (PID=5440) to work on /home/airflow/.local/lib/python3.12/site-packages/airflow/example_dags/example_setup_teardown.py
[2024-10-20T06:25:31.525+0000] {processor.py:830} INFO - Processing file /home/airflow/.local/lib/python3.12/site-packages/airflow/example_dags/example_setup_teardown.py for tasks to queue
[2024-10-20T06:25:31.527+0000] {logging_mixin.py:188} INFO - [2024-10-20T06:25:31.527+0000] {dagbag.py:540} INFO - Filling up the DagBag from /home/airflow/.local/lib/python3.12/site-packages/airflow/example_dags/example_setup_teardown.py
[2024-10-20T06:25:31.534+0000] {processor.py:840} INFO - DAG(s) 'example_setup_teardown' retrieved from /home/airflow/.local/lib/python3.12/site-packages/airflow/example_dags/example_setup_teardown.py
[2024-10-20T06:25:31.551+0000] {logging_mixin.py:188} INFO - [2024-10-20T06:25:31.551+0000] {dag.py:3096} INFO - Sync 1 DAGs
[2024-10-20T06:25:31.567+0000] {logging_mixin.py:188} INFO - [2024-10-20T06:25:31.566+0000] {dag.py:3954} INFO - Setting next_dagrun for example_setup_teardown to 2024-10-19 00:00:00+00:00, run_after=2024-10-20 00:00:00+00:00
[2024-10-20T06:25:31.586+0000] {processor.py:183} INFO - Processing /home/airflow/.local/lib/python3.12/site-packages/airflow/example_dags/example_setup_teardown.py took 0.066 seconds
[2024-10-20T06:26:02.127+0000] {processor.py:161} INFO - Started process (PID=5704) to work on /home/airflow/.local/lib/python3.12/site-packages/airflow/example_dags/example_setup_teardown.py
[2024-10-20T06:26:02.127+0000] {processor.py:830} INFO - Processing file /home/airflow/.local/lib/python3.12/site-packages/airflow/example_dags/example_setup_teardown.py for tasks to queue
[2024-10-20T06:26:02.129+0000] {logging_mixin.py:188} INFO - [2024-10-20T06:26:02.129+0000] {dagbag.py:540} INFO - Filling up the DagBag from /home/airflow/.local/lib/python3.12/site-packages/airflow/example_dags/example_setup_teardown.py
[2024-10-20T06:26:02.135+0000] {processor.py:840} INFO - DAG(s) 'example_setup_teardown' retrieved from /home/airflow/.local/lib/python3.12/site-packages/airflow/example_dags/example_setup_teardown.py
[2024-10-20T06:26:02.154+0000] {logging_mixin.py:188} INFO - [2024-10-20T06:26:02.154+0000] {dag.py:3096} INFO - Sync 1 DAGs
[2024-10-20T06:26:02.174+0000] {logging_mixin.py:188} INFO - [2024-10-20T06:26:02.174+0000] {dag.py:3954} INFO - Setting next_dagrun for example_setup_teardown to 2024-10-19 00:00:00+00:00, run_after=2024-10-20 00:00:00+00:00
[2024-10-20T06:26:02.193+0000] {processor.py:183} INFO - Processing /home/airflow/.local/lib/python3.12/site-packages/airflow/example_dags/example_setup_teardown.py took 0.072 seconds
[2024-10-20T06:26:32.775+0000] {processor.py:161} INFO - Started process (PID=5972) to work on /home/airflow/.local/lib/python3.12/site-packages/airflow/example_dags/example_setup_teardown.py
[2024-10-20T06:26:32.776+0000] {processor.py:830} INFO - Processing file /home/airflow/.local/lib/python3.12/site-packages/airflow/example_dags/example_setup_teardown.py for tasks to queue
[2024-10-20T06:26:32.777+0000] {logging_mixin.py:188} INFO - [2024-10-20T06:26:32.777+0000] {dagbag.py:540} INFO - Filling up the DagBag from /home/airflow/.local/lib/python3.12/site-packages/airflow/example_dags/example_setup_teardown.py
[2024-10-20T06:26:32.782+0000] {processor.py:840} INFO - DAG(s) 'example_setup_teardown' retrieved from /home/airflow/.local/lib/python3.12/site-packages/airflow/example_dags/example_setup_teardown.py
[2024-10-20T06:26:32.797+0000] {logging_mixin.py:188} INFO - [2024-10-20T06:26:32.797+0000] {dag.py:3096} INFO - Sync 1 DAGs
[2024-10-20T06:26:32.813+0000] {logging_mixin.py:188} INFO - [2024-10-20T06:26:32.813+0000] {dag.py:3954} INFO - Setting next_dagrun for example_setup_teardown to 2024-10-19 00:00:00+00:00, run_after=2024-10-20 00:00:00+00:00
[2024-10-20T06:26:32.831+0000] {processor.py:183} INFO - Processing /home/airflow/.local/lib/python3.12/site-packages/airflow/example_dags/example_setup_teardown.py took 0.060 seconds
[2024-10-20T06:27:03.447+0000] {processor.py:161} INFO - Started process (PID=6238) to work on /home/airflow/.local/lib/python3.12/site-packages/airflow/example_dags/example_setup_teardown.py
[2024-10-20T06:27:03.448+0000] {processor.py:830} INFO - Processing file /home/airflow/.local/lib/python3.12/site-packages/airflow/example_dags/example_setup_teardown.py for tasks to queue
[2024-10-20T06:27:03.450+0000] {logging_mixin.py:188} INFO - [2024-10-20T06:27:03.450+0000] {dagbag.py:540} INFO - Filling up the DagBag from /home/airflow/.local/lib/python3.12/site-packages/airflow/example_dags/example_setup_teardown.py
[2024-10-20T06:27:03.457+0000] {processor.py:840} INFO - DAG(s) 'example_setup_teardown' retrieved from /home/airflow/.local/lib/python3.12/site-packages/airflow/example_dags/example_setup_teardown.py
[2024-10-20T06:27:03.476+0000] {logging_mixin.py:188} INFO - [2024-10-20T06:27:03.476+0000] {dag.py:3096} INFO - Sync 1 DAGs
[2024-10-20T06:27:03.497+0000] {logging_mixin.py:188} INFO - [2024-10-20T06:27:03.497+0000] {dag.py:3954} INFO - Setting next_dagrun for example_setup_teardown to 2024-10-19 00:00:00+00:00, run_after=2024-10-20 00:00:00+00:00
[2024-10-20T06:27:03.517+0000] {processor.py:183} INFO - Processing /home/airflow/.local/lib/python3.12/site-packages/airflow/example_dags/example_setup_teardown.py took 0.074 seconds
[2024-10-20T06:27:34.011+0000] {processor.py:161} INFO - Started process (PID=6504) to work on /home/airflow/.local/lib/python3.12/site-packages/airflow/example_dags/example_setup_teardown.py
[2024-10-20T06:27:34.011+0000] {processor.py:830} INFO - Processing file /home/airflow/.local/lib/python3.12/site-packages/airflow/example_dags/example_setup_teardown.py for tasks to queue
[2024-10-20T06:27:34.013+0000] {logging_mixin.py:188} INFO - [2024-10-20T06:27:34.013+0000] {dagbag.py:540} INFO - Filling up the DagBag from /home/airflow/.local/lib/python3.12/site-packages/airflow/example_dags/example_setup_teardown.py
[2024-10-20T06:27:34.020+0000] {processor.py:840} INFO - DAG(s) 'example_setup_teardown' retrieved from /home/airflow/.local/lib/python3.12/site-packages/airflow/example_dags/example_setup_teardown.py
[2024-10-20T06:27:34.036+0000] {logging_mixin.py:188} INFO - [2024-10-20T06:27:34.036+0000] {dag.py:3096} INFO - Sync 1 DAGs
[2024-10-20T06:27:34.051+0000] {logging_mixin.py:188} INFO - [2024-10-20T06:27:34.051+0000] {dag.py:3954} INFO - Setting next_dagrun for example_setup_teardown to 2024-10-19 00:00:00+00:00, run_after=2024-10-20 00:00:00+00:00
[2024-10-20T06:27:34.068+0000] {processor.py:183} INFO - Processing /home/airflow/.local/lib/python3.12/site-packages/airflow/example_dags/example_setup_teardown.py took 0.062 seconds
[2024-10-20T06:28:04.610+0000] {processor.py:161} INFO - Started process (PID=6770) to work on /home/airflow/.local/lib/python3.12/site-packages/airflow/example_dags/example_setup_teardown.py
[2024-10-20T06:28:04.611+0000] {processor.py:830} INFO - Processing file /home/airflow/.local/lib/python3.12/site-packages/airflow/example_dags/example_setup_teardown.py for tasks to queue
[2024-10-20T06:28:04.612+0000] {logging_mixin.py:188} INFO - [2024-10-20T06:28:04.612+0000] {dagbag.py:540} INFO - Filling up the DagBag from /home/airflow/.local/lib/python3.12/site-packages/airflow/example_dags/example_setup_teardown.py
[2024-10-20T06:28:04.617+0000] {processor.py:840} INFO - DAG(s) 'example_setup_teardown' retrieved from /home/airflow/.local/lib/python3.12/site-packages/airflow/example_dags/example_setup_teardown.py
[2024-10-20T06:28:04.635+0000] {logging_mixin.py:188} INFO - [2024-10-20T06:28:04.635+0000] {dag.py:3096} INFO - Sync 1 DAGs
[2024-10-20T06:28:04.656+0000] {logging_mixin.py:188} INFO - [2024-10-20T06:28:04.656+0000] {dag.py:3954} INFO - Setting next_dagrun for example_setup_teardown to 2024-10-19 00:00:00+00:00, run_after=2024-10-20 00:00:00+00:00
[2024-10-20T06:28:04.677+0000] {processor.py:183} INFO - Processing /home/airflow/.local/lib/python3.12/site-packages/airflow/example_dags/example_setup_teardown.py took 0.071 seconds
[2024-10-20T06:28:35.234+0000] {processor.py:161} INFO - Started process (PID=7036) to work on /home/airflow/.local/lib/python3.12/site-packages/airflow/example_dags/example_setup_teardown.py
[2024-10-20T06:28:35.235+0000] {processor.py:830} INFO - Processing file /home/airflow/.local/lib/python3.12/site-packages/airflow/example_dags/example_setup_teardown.py for tasks to queue
[2024-10-20T06:28:35.236+0000] {logging_mixin.py:188} INFO - [2024-10-20T06:28:35.236+0000] {dagbag.py:540} INFO - Filling up the DagBag from /home/airflow/.local/lib/python3.12/site-packages/airflow/example_dags/example_setup_teardown.py
[2024-10-20T06:28:35.243+0000] {processor.py:840} INFO - DAG(s) 'example_setup_teardown' retrieved from /home/airflow/.local/lib/python3.12/site-packages/airflow/example_dags/example_setup_teardown.py
[2024-10-20T06:28:35.259+0000] {logging_mixin.py:188} INFO - [2024-10-20T06:28:35.259+0000] {dag.py:3096} INFO - Sync 1 DAGs
[2024-10-20T06:28:35.275+0000] {logging_mixin.py:188} INFO - [2024-10-20T06:28:35.274+0000] {dag.py:3954} INFO - Setting next_dagrun for example_setup_teardown to 2024-10-19 00:00:00+00:00, run_after=2024-10-20 00:00:00+00:00
[2024-10-20T06:28:35.291+0000] {processor.py:183} INFO - Processing /home/airflow/.local/lib/python3.12/site-packages/airflow/example_dags/example_setup_teardown.py took 0.062 seconds
[2024-10-20T06:29:05.601+0000] {processor.py:161} INFO - Started process (PID=7302) to work on /home/airflow/.local/lib/python3.12/site-packages/airflow/example_dags/example_setup_teardown.py
[2024-10-20T06:29:05.602+0000] {processor.py:830} INFO - Processing file /home/airflow/.local/lib/python3.12/site-packages/airflow/example_dags/example_setup_teardown.py for tasks to queue
[2024-10-20T06:29:05.604+0000] {logging_mixin.py:188} INFO - [2024-10-20T06:29:05.603+0000] {dagbag.py:540} INFO - Filling up the DagBag from /home/airflow/.local/lib/python3.12/site-packages/airflow/example_dags/example_setup_teardown.py
[2024-10-20T06:29:05.611+0000] {processor.py:840} INFO - DAG(s) 'example_setup_teardown' retrieved from /home/airflow/.local/lib/python3.12/site-packages/airflow/example_dags/example_setup_teardown.py
[2024-10-20T06:29:05.627+0000] {logging_mixin.py:188} INFO - [2024-10-20T06:29:05.627+0000] {dag.py:3096} INFO - Sync 1 DAGs
[2024-10-20T06:29:05.643+0000] {logging_mixin.py:188} INFO - [2024-10-20T06:29:05.643+0000] {dag.py:3954} INFO - Setting next_dagrun for example_setup_teardown to 2024-10-19 00:00:00+00:00, run_after=2024-10-20 00:00:00+00:00
[2024-10-20T06:29:05.661+0000] {processor.py:183} INFO - Processing /home/airflow/.local/lib/python3.12/site-packages/airflow/example_dags/example_setup_teardown.py took 0.065 seconds
[2024-10-20T06:29:36.116+0000] {processor.py:161} INFO - Started process (PID=7568) to work on /home/airflow/.local/lib/python3.12/site-packages/airflow/example_dags/example_setup_teardown.py
[2024-10-20T06:29:36.116+0000] {processor.py:830} INFO - Processing file /home/airflow/.local/lib/python3.12/site-packages/airflow/example_dags/example_setup_teardown.py for tasks to queue
[2024-10-20T06:29:36.118+0000] {logging_mixin.py:188} INFO - [2024-10-20T06:29:36.118+0000] {dagbag.py:540} INFO - Filling up the DagBag from /home/airflow/.local/lib/python3.12/site-packages/airflow/example_dags/example_setup_teardown.py
[2024-10-20T06:29:36.125+0000] {processor.py:840} INFO - DAG(s) 'example_setup_teardown' retrieved from /home/airflow/.local/lib/python3.12/site-packages/airflow/example_dags/example_setup_teardown.py
[2024-10-20T06:29:36.141+0000] {logging_mixin.py:188} INFO - [2024-10-20T06:29:36.140+0000] {dag.py:3096} INFO - Sync 1 DAGs
[2024-10-20T06:29:36.157+0000] {logging_mixin.py:188} INFO - [2024-10-20T06:29:36.157+0000] {dag.py:3954} INFO - Setting next_dagrun for example_setup_teardown to 2024-10-19 00:00:00+00:00, run_after=2024-10-20 00:00:00+00:00
[2024-10-20T06:29:36.174+0000] {processor.py:183} INFO - Processing /home/airflow/.local/lib/python3.12/site-packages/airflow/example_dags/example_setup_teardown.py took 0.064 seconds
[2024-10-20T06:30:06.666+0000] {processor.py:161} INFO - Started process (PID=7834) to work on /home/airflow/.local/lib/python3.12/site-packages/airflow/example_dags/example_setup_teardown.py
[2024-10-20T06:30:06.667+0000] {processor.py:830} INFO - Processing file /home/airflow/.local/lib/python3.12/site-packages/airflow/example_dags/example_setup_teardown.py for tasks to queue
[2024-10-20T06:30:06.668+0000] {logging_mixin.py:188} INFO - [2024-10-20T06:30:06.668+0000] {dagbag.py:540} INFO - Filling up the DagBag from /home/airflow/.local/lib/python3.12/site-packages/airflow/example_dags/example_setup_teardown.py
[2024-10-20T06:30:06.675+0000] {processor.py:840} INFO - DAG(s) 'example_setup_teardown' retrieved from /home/airflow/.local/lib/python3.12/site-packages/airflow/example_dags/example_setup_teardown.py
[2024-10-20T06:30:06.693+0000] {logging_mixin.py:188} INFO - [2024-10-20T06:30:06.693+0000] {dag.py:3096} INFO - Sync 1 DAGs
[2024-10-20T06:30:06.711+0000] {logging_mixin.py:188} INFO - [2024-10-20T06:30:06.711+0000] {dag.py:3954} INFO - Setting next_dagrun for example_setup_teardown to 2024-10-19 00:00:00+00:00, run_after=2024-10-20 00:00:00+00:00
[2024-10-20T06:30:06.729+0000] {processor.py:183} INFO - Processing /home/airflow/.local/lib/python3.12/site-packages/airflow/example_dags/example_setup_teardown.py took 0.067 seconds
[2024-10-20T06:30:37.190+0000] {processor.py:161} INFO - Started process (PID=8098) to work on /home/airflow/.local/lib/python3.12/site-packages/airflow/example_dags/example_setup_teardown.py
[2024-10-20T06:30:37.191+0000] {processor.py:830} INFO - Processing file /home/airflow/.local/lib/python3.12/site-packages/airflow/example_dags/example_setup_teardown.py for tasks to queue
[2024-10-20T06:30:37.192+0000] {logging_mixin.py:188} INFO - [2024-10-20T06:30:37.192+0000] {dagbag.py:540} INFO - Filling up the DagBag from /home/airflow/.local/lib/python3.12/site-packages/airflow/example_dags/example_setup_teardown.py
[2024-10-20T06:30:37.198+0000] {processor.py:840} INFO - DAG(s) 'example_setup_teardown' retrieved from /home/airflow/.local/lib/python3.12/site-packages/airflow/example_dags/example_setup_teardown.py
[2024-10-20T06:30:37.214+0000] {logging_mixin.py:188} INFO - [2024-10-20T06:30:37.214+0000] {dag.py:3096} INFO - Sync 1 DAGs
[2024-10-20T06:30:37.232+0000] {logging_mixin.py:188} INFO - [2024-10-20T06:30:37.231+0000] {dag.py:3954} INFO - Setting next_dagrun for example_setup_teardown to 2024-10-19 00:00:00+00:00, run_after=2024-10-20 00:00:00+00:00
[2024-10-20T06:30:37.252+0000] {processor.py:183} INFO - Processing /home/airflow/.local/lib/python3.12/site-packages/airflow/example_dags/example_setup_teardown.py took 0.067 seconds
[2024-10-20T06:31:07.612+0000] {processor.py:161} INFO - Started process (PID=8364) to work on /home/airflow/.local/lib/python3.12/site-packages/airflow/example_dags/example_setup_teardown.py
[2024-10-20T06:31:07.613+0000] {processor.py:830} INFO - Processing file /home/airflow/.local/lib/python3.12/site-packages/airflow/example_dags/example_setup_teardown.py for tasks to queue
[2024-10-20T06:31:07.614+0000] {logging_mixin.py:188} INFO - [2024-10-20T06:31:07.614+0000] {dagbag.py:540} INFO - Filling up the DagBag from /home/airflow/.local/lib/python3.12/site-packages/airflow/example_dags/example_setup_teardown.py
[2024-10-20T06:31:07.620+0000] {processor.py:840} INFO - DAG(s) 'example_setup_teardown' retrieved from /home/airflow/.local/lib/python3.12/site-packages/airflow/example_dags/example_setup_teardown.py
[2024-10-20T06:31:07.639+0000] {logging_mixin.py:188} INFO - [2024-10-20T06:31:07.639+0000] {dag.py:3096} INFO - Sync 1 DAGs
[2024-10-20T06:31:07.658+0000] {logging_mixin.py:188} INFO - [2024-10-20T06:31:07.658+0000] {dag.py:3954} INFO - Setting next_dagrun for example_setup_teardown to 2024-10-19 00:00:00+00:00, run_after=2024-10-20 00:00:00+00:00
[2024-10-20T06:31:07.678+0000] {processor.py:183} INFO - Processing /home/airflow/.local/lib/python3.12/site-packages/airflow/example_dags/example_setup_teardown.py took 0.072 seconds
[2024-10-20T06:31:38.114+0000] {processor.py:161} INFO - Started process (PID=8630) to work on /home/airflow/.local/lib/python3.12/site-packages/airflow/example_dags/example_setup_teardown.py
[2024-10-20T06:31:38.115+0000] {processor.py:830} INFO - Processing file /home/airflow/.local/lib/python3.12/site-packages/airflow/example_dags/example_setup_teardown.py for tasks to queue
[2024-10-20T06:31:38.117+0000] {logging_mixin.py:188} INFO - [2024-10-20T06:31:38.116+0000] {dagbag.py:540} INFO - Filling up the DagBag from /home/airflow/.local/lib/python3.12/site-packages/airflow/example_dags/example_setup_teardown.py
[2024-10-20T06:31:38.123+0000] {processor.py:840} INFO - DAG(s) 'example_setup_teardown' retrieved from /home/airflow/.local/lib/python3.12/site-packages/airflow/example_dags/example_setup_teardown.py
[2024-10-20T06:31:38.138+0000] {logging_mixin.py:188} INFO - [2024-10-20T06:31:38.138+0000] {dag.py:3096} INFO - Sync 1 DAGs
[2024-10-20T06:31:38.155+0000] {logging_mixin.py:188} INFO - [2024-10-20T06:31:38.155+0000] {dag.py:3954} INFO - Setting next_dagrun for example_setup_teardown to 2024-10-19 00:00:00+00:00, run_after=2024-10-20 00:00:00+00:00
[2024-10-20T06:31:38.180+0000] {processor.py:183} INFO - Processing /home/airflow/.local/lib/python3.12/site-packages/airflow/example_dags/example_setup_teardown.py took 0.071 seconds
[2024-10-20T06:32:08.766+0000] {processor.py:161} INFO - Started process (PID=8898) to work on /home/airflow/.local/lib/python3.12/site-packages/airflow/example_dags/example_setup_teardown.py
[2024-10-20T06:32:08.767+0000] {processor.py:830} INFO - Processing file /home/airflow/.local/lib/python3.12/site-packages/airflow/example_dags/example_setup_teardown.py for tasks to queue
[2024-10-20T06:32:08.768+0000] {logging_mixin.py:188} INFO - [2024-10-20T06:32:08.768+0000] {dagbag.py:540} INFO - Filling up the DagBag from /home/airflow/.local/lib/python3.12/site-packages/airflow/example_dags/example_setup_teardown.py
[2024-10-20T06:32:08.773+0000] {processor.py:840} INFO - DAG(s) 'example_setup_teardown' retrieved from /home/airflow/.local/lib/python3.12/site-packages/airflow/example_dags/example_setup_teardown.py
[2024-10-20T06:32:08.788+0000] {logging_mixin.py:188} INFO - [2024-10-20T06:32:08.788+0000] {dag.py:3096} INFO - Sync 1 DAGs
[2024-10-20T06:32:08.803+0000] {logging_mixin.py:188} INFO - [2024-10-20T06:32:08.803+0000] {dag.py:3954} INFO - Setting next_dagrun for example_setup_teardown to 2024-10-19 00:00:00+00:00, run_after=2024-10-20 00:00:00+00:00
[2024-10-20T06:32:08.830+0000] {processor.py:183} INFO - Processing /home/airflow/.local/lib/python3.12/site-packages/airflow/example_dags/example_setup_teardown.py took 0.068 seconds
[2024-10-20T06:32:39.406+0000] {processor.py:161} INFO - Started process (PID=9164) to work on /home/airflow/.local/lib/python3.12/site-packages/airflow/example_dags/example_setup_teardown.py
[2024-10-20T06:32:39.406+0000] {processor.py:830} INFO - Processing file /home/airflow/.local/lib/python3.12/site-packages/airflow/example_dags/example_setup_teardown.py for tasks to queue
[2024-10-20T06:32:39.408+0000] {logging_mixin.py:188} INFO - [2024-10-20T06:32:39.407+0000] {dagbag.py:540} INFO - Filling up the DagBag from /home/airflow/.local/lib/python3.12/site-packages/airflow/example_dags/example_setup_teardown.py
[2024-10-20T06:32:39.413+0000] {processor.py:840} INFO - DAG(s) 'example_setup_teardown' retrieved from /home/airflow/.local/lib/python3.12/site-packages/airflow/example_dags/example_setup_teardown.py
[2024-10-20T06:32:39.429+0000] {logging_mixin.py:188} INFO - [2024-10-20T06:32:39.429+0000] {dag.py:3096} INFO - Sync 1 DAGs
[2024-10-20T06:32:39.444+0000] {logging_mixin.py:188} INFO - [2024-10-20T06:32:39.444+0000] {dag.py:3954} INFO - Setting next_dagrun for example_setup_teardown to 2024-10-19 00:00:00+00:00, run_after=2024-10-20 00:00:00+00:00
[2024-10-20T06:32:39.463+0000] {processor.py:183} INFO - Processing /home/airflow/.local/lib/python3.12/site-packages/airflow/example_dags/example_setup_teardown.py took 0.061 seconds
[2024-10-20T06:33:10.064+0000] {processor.py:161} INFO - Started process (PID=9428) to work on /home/airflow/.local/lib/python3.12/site-packages/airflow/example_dags/example_setup_teardown.py
[2024-10-20T06:33:10.064+0000] {processor.py:830} INFO - Processing file /home/airflow/.local/lib/python3.12/site-packages/airflow/example_dags/example_setup_teardown.py for tasks to queue
[2024-10-20T06:33:10.066+0000] {logging_mixin.py:188} INFO - [2024-10-20T06:33:10.065+0000] {dagbag.py:540} INFO - Filling up the DagBag from /home/airflow/.local/lib/python3.12/site-packages/airflow/example_dags/example_setup_teardown.py
[2024-10-20T06:33:10.071+0000] {processor.py:840} INFO - DAG(s) 'example_setup_teardown' retrieved from /home/airflow/.local/lib/python3.12/site-packages/airflow/example_dags/example_setup_teardown.py
[2024-10-20T06:33:10.090+0000] {logging_mixin.py:188} INFO - [2024-10-20T06:33:10.090+0000] {dag.py:3096} INFO - Sync 1 DAGs
[2024-10-20T06:33:10.111+0000] {logging_mixin.py:188} INFO - [2024-10-20T06:33:10.111+0000] {dag.py:3954} INFO - Setting next_dagrun for example_setup_teardown to 2024-10-19 00:00:00+00:00, run_after=2024-10-20 00:00:00+00:00
[2024-10-20T06:33:10.133+0000] {processor.py:183} INFO - Processing /home/airflow/.local/lib/python3.12/site-packages/airflow/example_dags/example_setup_teardown.py took 0.073 seconds
[2024-10-20T06:33:40.741+0000] {processor.py:161} INFO - Started process (PID=9696) to work on /home/airflow/.local/lib/python3.12/site-packages/airflow/example_dags/example_setup_teardown.py
[2024-10-20T06:33:40.742+0000] {processor.py:830} INFO - Processing file /home/airflow/.local/lib/python3.12/site-packages/airflow/example_dags/example_setup_teardown.py for tasks to queue
[2024-10-20T06:33:40.743+0000] {logging_mixin.py:188} INFO - [2024-10-20T06:33:40.743+0000] {dagbag.py:540} INFO - Filling up the DagBag from /home/airflow/.local/lib/python3.12/site-packages/airflow/example_dags/example_setup_teardown.py
[2024-10-20T06:33:40.748+0000] {processor.py:840} INFO - DAG(s) 'example_setup_teardown' retrieved from /home/airflow/.local/lib/python3.12/site-packages/airflow/example_dags/example_setup_teardown.py
[2024-10-20T06:33:40.767+0000] {logging_mixin.py:188} INFO - [2024-10-20T06:33:40.767+0000] {dag.py:3096} INFO - Sync 1 DAGs
[2024-10-20T06:33:40.789+0000] {logging_mixin.py:188} INFO - [2024-10-20T06:33:40.788+0000] {dag.py:3954} INFO - Setting next_dagrun for example_setup_teardown to 2024-10-19 00:00:00+00:00, run_after=2024-10-20 00:00:00+00:00
[2024-10-20T06:33:40.809+0000] {processor.py:183} INFO - Processing /home/airflow/.local/lib/python3.12/site-packages/airflow/example_dags/example_setup_teardown.py took 0.072 seconds
[2024-10-20T06:34:11.404+0000] {processor.py:161} INFO - Started process (PID=9960) to work on /home/airflow/.local/lib/python3.12/site-packages/airflow/example_dags/example_setup_teardown.py
[2024-10-20T06:34:11.405+0000] {processor.py:830} INFO - Processing file /home/airflow/.local/lib/python3.12/site-packages/airflow/example_dags/example_setup_teardown.py for tasks to queue
[2024-10-20T06:34:11.407+0000] {logging_mixin.py:188} INFO - [2024-10-20T06:34:11.407+0000] {dagbag.py:540} INFO - Filling up the DagBag from /home/airflow/.local/lib/python3.12/site-packages/airflow/example_dags/example_setup_teardown.py
[2024-10-20T06:34:11.414+0000] {processor.py:840} INFO - DAG(s) 'example_setup_teardown' retrieved from /home/airflow/.local/lib/python3.12/site-packages/airflow/example_dags/example_setup_teardown.py
[2024-10-20T06:34:11.430+0000] {logging_mixin.py:188} INFO - [2024-10-20T06:34:11.430+0000] {dag.py:3096} INFO - Sync 1 DAGs
[2024-10-20T06:34:11.446+0000] {logging_mixin.py:188} INFO - [2024-10-20T06:34:11.446+0000] {dag.py:3954} INFO - Setting next_dagrun for example_setup_teardown to 2024-10-19 00:00:00+00:00, run_after=2024-10-20 00:00:00+00:00
[2024-10-20T06:34:11.467+0000] {processor.py:183} INFO - Processing /home/airflow/.local/lib/python3.12/site-packages/airflow/example_dags/example_setup_teardown.py took 0.068 seconds
[2024-10-20T06:34:42.018+0000] {processor.py:161} INFO - Started process (PID=10228) to work on /home/airflow/.local/lib/python3.12/site-packages/airflow/example_dags/example_setup_teardown.py
[2024-10-20T06:34:42.019+0000] {processor.py:830} INFO - Processing file /home/airflow/.local/lib/python3.12/site-packages/airflow/example_dags/example_setup_teardown.py for tasks to queue
[2024-10-20T06:34:42.021+0000] {logging_mixin.py:188} INFO - [2024-10-20T06:34:42.020+0000] {dagbag.py:540} INFO - Filling up the DagBag from /home/airflow/.local/lib/python3.12/site-packages/airflow/example_dags/example_setup_teardown.py
[2024-10-20T06:34:42.028+0000] {processor.py:840} INFO - DAG(s) 'example_setup_teardown' retrieved from /home/airflow/.local/lib/python3.12/site-packages/airflow/example_dags/example_setup_teardown.py
[2024-10-20T06:34:42.044+0000] {logging_mixin.py:188} INFO - [2024-10-20T06:34:42.044+0000] {dag.py:3096} INFO - Sync 1 DAGs
[2024-10-20T06:34:42.059+0000] {logging_mixin.py:188} INFO - [2024-10-20T06:34:42.059+0000] {dag.py:3954} INFO - Setting next_dagrun for example_setup_teardown to 2024-10-19 00:00:00+00:00, run_after=2024-10-20 00:00:00+00:00
[2024-10-20T06:34:42.079+0000] {processor.py:183} INFO - Processing /home/airflow/.local/lib/python3.12/site-packages/airflow/example_dags/example_setup_teardown.py took 0.066 seconds
[2024-10-20T06:35:12.494+0000] {processor.py:161} INFO - Started process (PID=10501) to work on /home/airflow/.local/lib/python3.12/site-packages/airflow/example_dags/example_setup_teardown.py
[2024-10-20T06:35:12.495+0000] {processor.py:830} INFO - Processing file /home/airflow/.local/lib/python3.12/site-packages/airflow/example_dags/example_setup_teardown.py for tasks to queue
[2024-10-20T06:35:12.497+0000] {logging_mixin.py:188} INFO - [2024-10-20T06:35:12.497+0000] {dagbag.py:540} INFO - Filling up the DagBag from /home/airflow/.local/lib/python3.12/site-packages/airflow/example_dags/example_setup_teardown.py
[2024-10-20T06:35:12.504+0000] {processor.py:840} INFO - DAG(s) 'example_setup_teardown' retrieved from /home/airflow/.local/lib/python3.12/site-packages/airflow/example_dags/example_setup_teardown.py
[2024-10-20T06:35:12.523+0000] {logging_mixin.py:188} INFO - [2024-10-20T06:35:12.523+0000] {dag.py:3096} INFO - Sync 1 DAGs
[2024-10-20T06:35:12.540+0000] {logging_mixin.py:188} INFO - [2024-10-20T06:35:12.540+0000] {dag.py:3954} INFO - Setting next_dagrun for example_setup_teardown to 2024-10-19 00:00:00+00:00, run_after=2024-10-20 00:00:00+00:00
[2024-10-20T06:35:12.559+0000] {processor.py:183} INFO - Processing /home/airflow/.local/lib/python3.12/site-packages/airflow/example_dags/example_setup_teardown.py took 0.070 seconds
[2024-10-20T06:35:43.117+0000] {processor.py:161} INFO - Started process (PID=10767) to work on /home/airflow/.local/lib/python3.12/site-packages/airflow/example_dags/example_setup_teardown.py
[2024-10-20T06:35:43.118+0000] {processor.py:830} INFO - Processing file /home/airflow/.local/lib/python3.12/site-packages/airflow/example_dags/example_setup_teardown.py for tasks to queue
[2024-10-20T06:35:43.119+0000] {logging_mixin.py:188} INFO - [2024-10-20T06:35:43.119+0000] {dagbag.py:540} INFO - Filling up the DagBag from /home/airflow/.local/lib/python3.12/site-packages/airflow/example_dags/example_setup_teardown.py
[2024-10-20T06:35:43.127+0000] {processor.py:840} INFO - DAG(s) 'example_setup_teardown' retrieved from /home/airflow/.local/lib/python3.12/site-packages/airflow/example_dags/example_setup_teardown.py
[2024-10-20T06:35:43.142+0000] {logging_mixin.py:188} INFO - [2024-10-20T06:35:43.142+0000] {dag.py:3096} INFO - Sync 1 DAGs
[2024-10-20T06:35:43.159+0000] {logging_mixin.py:188} INFO - [2024-10-20T06:35:43.159+0000] {dag.py:3954} INFO - Setting next_dagrun for example_setup_teardown to 2024-10-19 00:00:00+00:00, run_after=2024-10-20 00:00:00+00:00
[2024-10-20T06:35:43.178+0000] {processor.py:183} INFO - Processing /home/airflow/.local/lib/python3.12/site-packages/airflow/example_dags/example_setup_teardown.py took 0.066 seconds
[2024-10-20T06:36:13.754+0000] {processor.py:161} INFO - Started process (PID=11031) to work on /home/airflow/.local/lib/python3.12/site-packages/airflow/example_dags/example_setup_teardown.py
[2024-10-20T06:36:13.754+0000] {processor.py:830} INFO - Processing file /home/airflow/.local/lib/python3.12/site-packages/airflow/example_dags/example_setup_teardown.py for tasks to queue
[2024-10-20T06:36:13.756+0000] {logging_mixin.py:188} INFO - [2024-10-20T06:36:13.756+0000] {dagbag.py:540} INFO - Filling up the DagBag from /home/airflow/.local/lib/python3.12/site-packages/airflow/example_dags/example_setup_teardown.py
[2024-10-20T06:36:13.762+0000] {processor.py:840} INFO - DAG(s) 'example_setup_teardown' retrieved from /home/airflow/.local/lib/python3.12/site-packages/airflow/example_dags/example_setup_teardown.py
[2024-10-20T06:36:13.780+0000] {logging_mixin.py:188} INFO - [2024-10-20T06:36:13.780+0000] {dag.py:3096} INFO - Sync 1 DAGs
[2024-10-20T06:36:13.797+0000] {logging_mixin.py:188} INFO - [2024-10-20T06:36:13.797+0000] {dag.py:3954} INFO - Setting next_dagrun for example_setup_teardown to 2024-10-19 00:00:00+00:00, run_after=2024-10-20 00:00:00+00:00
[2024-10-20T06:36:13.815+0000] {processor.py:183} INFO - Processing /home/airflow/.local/lib/python3.12/site-packages/airflow/example_dags/example_setup_teardown.py took 0.067 seconds
[2024-10-20T06:36:44.453+0000] {processor.py:161} INFO - Started process (PID=11300) to work on /home/airflow/.local/lib/python3.12/site-packages/airflow/example_dags/example_setup_teardown.py
[2024-10-20T06:36:44.454+0000] {processor.py:830} INFO - Processing file /home/airflow/.local/lib/python3.12/site-packages/airflow/example_dags/example_setup_teardown.py for tasks to queue
[2024-10-20T06:36:44.455+0000] {logging_mixin.py:188} INFO - [2024-10-20T06:36:44.455+0000] {dagbag.py:540} INFO - Filling up the DagBag from /home/airflow/.local/lib/python3.12/site-packages/airflow/example_dags/example_setup_teardown.py
[2024-10-20T06:36:44.460+0000] {processor.py:840} INFO - DAG(s) 'example_setup_teardown' retrieved from /home/airflow/.local/lib/python3.12/site-packages/airflow/example_dags/example_setup_teardown.py
[2024-10-20T06:36:44.476+0000] {logging_mixin.py:188} INFO - [2024-10-20T06:36:44.476+0000] {dag.py:3096} INFO - Sync 1 DAGs
[2024-10-20T06:36:44.492+0000] {logging_mixin.py:188} INFO - [2024-10-20T06:36:44.491+0000] {dag.py:3954} INFO - Setting next_dagrun for example_setup_teardown to 2024-10-19 00:00:00+00:00, run_after=2024-10-20 00:00:00+00:00
[2024-10-20T06:36:44.508+0000] {processor.py:183} INFO - Processing /home/airflow/.local/lib/python3.12/site-packages/airflow/example_dags/example_setup_teardown.py took 0.060 seconds
[2024-10-20T06:37:15.112+0000] {processor.py:161} INFO - Started process (PID=11564) to work on /home/airflow/.local/lib/python3.12/site-packages/airflow/example_dags/example_setup_teardown.py
[2024-10-20T06:37:15.113+0000] {processor.py:830} INFO - Processing file /home/airflow/.local/lib/python3.12/site-packages/airflow/example_dags/example_setup_teardown.py for tasks to queue
[2024-10-20T06:37:15.115+0000] {logging_mixin.py:188} INFO - [2024-10-20T06:37:15.114+0000] {dagbag.py:540} INFO - Filling up the DagBag from /home/airflow/.local/lib/python3.12/site-packages/airflow/example_dags/example_setup_teardown.py
[2024-10-20T06:37:15.121+0000] {processor.py:840} INFO - DAG(s) 'example_setup_teardown' retrieved from /home/airflow/.local/lib/python3.12/site-packages/airflow/example_dags/example_setup_teardown.py
[2024-10-20T06:37:15.137+0000] {logging_mixin.py:188} INFO - [2024-10-20T06:37:15.137+0000] {dag.py:3096} INFO - Sync 1 DAGs
[2024-10-20T06:37:15.155+0000] {logging_mixin.py:188} INFO - [2024-10-20T06:37:15.155+0000] {dag.py:3954} INFO - Setting next_dagrun for example_setup_teardown to 2024-10-19 00:00:00+00:00, run_after=2024-10-20 00:00:00+00:00
[2024-10-20T06:37:15.173+0000] {processor.py:183} INFO - Processing /home/airflow/.local/lib/python3.12/site-packages/airflow/example_dags/example_setup_teardown.py took 0.067 seconds
[2024-10-20T06:37:45.722+0000] {processor.py:161} INFO - Started process (PID=11830) to work on /home/airflow/.local/lib/python3.12/site-packages/airflow/example_dags/example_setup_teardown.py
[2024-10-20T06:37:45.723+0000] {processor.py:830} INFO - Processing file /home/airflow/.local/lib/python3.12/site-packages/airflow/example_dags/example_setup_teardown.py for tasks to queue
[2024-10-20T06:37:45.724+0000] {logging_mixin.py:188} INFO - [2024-10-20T06:37:45.724+0000] {dagbag.py:540} INFO - Filling up the DagBag from /home/airflow/.local/lib/python3.12/site-packages/airflow/example_dags/example_setup_teardown.py
[2024-10-20T06:37:45.730+0000] {processor.py:840} INFO - DAG(s) 'example_setup_teardown' retrieved from /home/airflow/.local/lib/python3.12/site-packages/airflow/example_dags/example_setup_teardown.py
[2024-10-20T06:37:45.745+0000] {logging_mixin.py:188} INFO - [2024-10-20T06:37:45.745+0000] {dag.py:3096} INFO - Sync 1 DAGs
[2024-10-20T06:37:45.761+0000] {logging_mixin.py:188} INFO - [2024-10-20T06:37:45.761+0000] {dag.py:3954} INFO - Setting next_dagrun for example_setup_teardown to 2024-10-19 00:00:00+00:00, run_after=2024-10-20 00:00:00+00:00
[2024-10-20T06:37:45.782+0000] {processor.py:183} INFO - Processing /home/airflow/.local/lib/python3.12/site-packages/airflow/example_dags/example_setup_teardown.py took 0.066 seconds
[2024-10-20T06:38:16.304+0000] {processor.py:161} INFO - Started process (PID=12098) to work on /home/airflow/.local/lib/python3.12/site-packages/airflow/example_dags/example_setup_teardown.py
[2024-10-20T06:38:16.305+0000] {processor.py:830} INFO - Processing file /home/airflow/.local/lib/python3.12/site-packages/airflow/example_dags/example_setup_teardown.py for tasks to queue
[2024-10-20T06:38:16.307+0000] {logging_mixin.py:188} INFO - [2024-10-20T06:38:16.307+0000] {dagbag.py:540} INFO - Filling up the DagBag from /home/airflow/.local/lib/python3.12/site-packages/airflow/example_dags/example_setup_teardown.py
[2024-10-20T06:38:16.314+0000] {processor.py:840} INFO - DAG(s) 'example_setup_teardown' retrieved from /home/airflow/.local/lib/python3.12/site-packages/airflow/example_dags/example_setup_teardown.py
[2024-10-20T06:38:16.331+0000] {logging_mixin.py:188} INFO - [2024-10-20T06:38:16.331+0000] {dag.py:3096} INFO - Sync 1 DAGs
[2024-10-20T06:38:16.347+0000] {logging_mixin.py:188} INFO - [2024-10-20T06:38:16.346+0000] {dag.py:3954} INFO - Setting next_dagrun for example_setup_teardown to 2024-10-19 00:00:00+00:00, run_after=2024-10-20 00:00:00+00:00
[2024-10-20T06:38:16.368+0000] {processor.py:183} INFO - Processing /home/airflow/.local/lib/python3.12/site-packages/airflow/example_dags/example_setup_teardown.py took 0.069 seconds
[2024-10-20T06:38:46.828+0000] {processor.py:161} INFO - Started process (PID=12362) to work on /home/airflow/.local/lib/python3.12/site-packages/airflow/example_dags/example_setup_teardown.py
[2024-10-20T06:38:46.828+0000] {processor.py:830} INFO - Processing file /home/airflow/.local/lib/python3.12/site-packages/airflow/example_dags/example_setup_teardown.py for tasks to queue
[2024-10-20T06:38:46.830+0000] {logging_mixin.py:188} INFO - [2024-10-20T06:38:46.829+0000] {dagbag.py:540} INFO - Filling up the DagBag from /home/airflow/.local/lib/python3.12/site-packages/airflow/example_dags/example_setup_teardown.py
[2024-10-20T06:38:46.836+0000] {processor.py:840} INFO - DAG(s) 'example_setup_teardown' retrieved from /home/airflow/.local/lib/python3.12/site-packages/airflow/example_dags/example_setup_teardown.py
[2024-10-20T06:38:46.852+0000] {logging_mixin.py:188} INFO - [2024-10-20T06:38:46.852+0000] {dag.py:3096} INFO - Sync 1 DAGs
[2024-10-20T06:38:46.869+0000] {logging_mixin.py:188} INFO - [2024-10-20T06:38:46.869+0000] {dag.py:3954} INFO - Setting next_dagrun for example_setup_teardown to 2024-10-19 00:00:00+00:00, run_after=2024-10-20 00:00:00+00:00
[2024-10-20T06:38:46.894+0000] {processor.py:183} INFO - Processing /home/airflow/.local/lib/python3.12/site-packages/airflow/example_dags/example_setup_teardown.py took 0.070 seconds
[2024-10-20T06:39:17.487+0000] {processor.py:161} INFO - Started process (PID=12630) to work on /home/airflow/.local/lib/python3.12/site-packages/airflow/example_dags/example_setup_teardown.py
[2024-10-20T06:39:17.488+0000] {processor.py:830} INFO - Processing file /home/airflow/.local/lib/python3.12/site-packages/airflow/example_dags/example_setup_teardown.py for tasks to queue
[2024-10-20T06:39:17.489+0000] {logging_mixin.py:188} INFO - [2024-10-20T06:39:17.489+0000] {dagbag.py:540} INFO - Filling up the DagBag from /home/airflow/.local/lib/python3.12/site-packages/airflow/example_dags/example_setup_teardown.py
[2024-10-20T06:39:17.494+0000] {processor.py:840} INFO - DAG(s) 'example_setup_teardown' retrieved from /home/airflow/.local/lib/python3.12/site-packages/airflow/example_dags/example_setup_teardown.py
[2024-10-20T06:39:17.509+0000] {logging_mixin.py:188} INFO - [2024-10-20T06:39:17.508+0000] {dag.py:3096} INFO - Sync 1 DAGs
[2024-10-20T06:39:17.524+0000] {logging_mixin.py:188} INFO - [2024-10-20T06:39:17.524+0000] {dag.py:3954} INFO - Setting next_dagrun for example_setup_teardown to 2024-10-19 00:00:00+00:00, run_after=2024-10-20 00:00:00+00:00
[2024-10-20T06:39:17.541+0000] {processor.py:183} INFO - Processing /home/airflow/.local/lib/python3.12/site-packages/airflow/example_dags/example_setup_teardown.py took 0.058 seconds
[2024-10-20T06:39:48.099+0000] {processor.py:161} INFO - Started process (PID=12896) to work on /home/airflow/.local/lib/python3.12/site-packages/airflow/example_dags/example_setup_teardown.py
[2024-10-20T06:39:48.100+0000] {processor.py:830} INFO - Processing file /home/airflow/.local/lib/python3.12/site-packages/airflow/example_dags/example_setup_teardown.py for tasks to queue
[2024-10-20T06:39:48.101+0000] {logging_mixin.py:188} INFO - [2024-10-20T06:39:48.101+0000] {dagbag.py:540} INFO - Filling up the DagBag from /home/airflow/.local/lib/python3.12/site-packages/airflow/example_dags/example_setup_teardown.py
[2024-10-20T06:39:48.108+0000] {processor.py:840} INFO - DAG(s) 'example_setup_teardown' retrieved from /home/airflow/.local/lib/python3.12/site-packages/airflow/example_dags/example_setup_teardown.py
[2024-10-20T06:39:48.128+0000] {logging_mixin.py:188} INFO - [2024-10-20T06:39:48.128+0000] {dag.py:3096} INFO - Sync 1 DAGs
[2024-10-20T06:39:48.145+0000] {logging_mixin.py:188} INFO - [2024-10-20T06:39:48.144+0000] {dag.py:3954} INFO - Setting next_dagrun for example_setup_teardown to 2024-10-19 00:00:00+00:00, run_after=2024-10-20 00:00:00+00:00
[2024-10-20T06:39:48.163+0000] {processor.py:183} INFO - Processing /home/airflow/.local/lib/python3.12/site-packages/airflow/example_dags/example_setup_teardown.py took 0.069 seconds
[2024-10-20T06:40:18.664+0000] {processor.py:161} INFO - Started process (PID=13162) to work on /home/airflow/.local/lib/python3.12/site-packages/airflow/example_dags/example_setup_teardown.py
[2024-10-20T06:40:18.664+0000] {processor.py:830} INFO - Processing file /home/airflow/.local/lib/python3.12/site-packages/airflow/example_dags/example_setup_teardown.py for tasks to queue
[2024-10-20T06:40:18.666+0000] {logging_mixin.py:188} INFO - [2024-10-20T06:40:18.666+0000] {dagbag.py:540} INFO - Filling up the DagBag from /home/airflow/.local/lib/python3.12/site-packages/airflow/example_dags/example_setup_teardown.py
[2024-10-20T06:40:18.673+0000] {processor.py:840} INFO - DAG(s) 'example_setup_teardown' retrieved from /home/airflow/.local/lib/python3.12/site-packages/airflow/example_dags/example_setup_teardown.py
[2024-10-20T06:40:18.689+0000] {logging_mixin.py:188} INFO - [2024-10-20T06:40:18.689+0000] {dag.py:3096} INFO - Sync 1 DAGs
[2024-10-20T06:40:18.705+0000] {logging_mixin.py:188} INFO - [2024-10-20T06:40:18.704+0000] {dag.py:3954} INFO - Setting next_dagrun for example_setup_teardown to 2024-10-19 00:00:00+00:00, run_after=2024-10-20 00:00:00+00:00
[2024-10-20T06:40:18.723+0000] {processor.py:183} INFO - Processing /home/airflow/.local/lib/python3.12/site-packages/airflow/example_dags/example_setup_teardown.py took 0.065 seconds
[2024-10-20T06:40:49.381+0000] {processor.py:161} INFO - Started process (PID=13428) to work on /home/airflow/.local/lib/python3.12/site-packages/airflow/example_dags/example_setup_teardown.py
[2024-10-20T06:40:49.382+0000] {processor.py:830} INFO - Processing file /home/airflow/.local/lib/python3.12/site-packages/airflow/example_dags/example_setup_teardown.py for tasks to queue
[2024-10-20T06:40:49.384+0000] {logging_mixin.py:188} INFO - [2024-10-20T06:40:49.384+0000] {dagbag.py:540} INFO - Filling up the DagBag from /home/airflow/.local/lib/python3.12/site-packages/airflow/example_dags/example_setup_teardown.py
[2024-10-20T06:40:49.391+0000] {processor.py:840} INFO - DAG(s) 'example_setup_teardown' retrieved from /home/airflow/.local/lib/python3.12/site-packages/airflow/example_dags/example_setup_teardown.py
[2024-10-20T06:40:49.408+0000] {logging_mixin.py:188} INFO - [2024-10-20T06:40:49.407+0000] {dag.py:3096} INFO - Sync 1 DAGs
[2024-10-20T06:40:49.423+0000] {logging_mixin.py:188} INFO - [2024-10-20T06:40:49.423+0000] {dag.py:3954} INFO - Setting next_dagrun for example_setup_teardown to 2024-10-19 00:00:00+00:00, run_after=2024-10-20 00:00:00+00:00
[2024-10-20T06:40:49.440+0000] {processor.py:183} INFO - Processing /home/airflow/.local/lib/python3.12/site-packages/airflow/example_dags/example_setup_teardown.py took 0.064 seconds
[2024-10-20T06:41:19.911+0000] {processor.py:161} INFO - Started process (PID=13692) to work on /home/airflow/.local/lib/python3.12/site-packages/airflow/example_dags/example_setup_teardown.py
[2024-10-20T06:41:19.912+0000] {processor.py:830} INFO - Processing file /home/airflow/.local/lib/python3.12/site-packages/airflow/example_dags/example_setup_teardown.py for tasks to queue
[2024-10-20T06:41:19.913+0000] {logging_mixin.py:188} INFO - [2024-10-20T06:41:19.913+0000] {dagbag.py:540} INFO - Filling up the DagBag from /home/airflow/.local/lib/python3.12/site-packages/airflow/example_dags/example_setup_teardown.py
[2024-10-20T06:41:19.919+0000] {processor.py:840} INFO - DAG(s) 'example_setup_teardown' retrieved from /home/airflow/.local/lib/python3.12/site-packages/airflow/example_dags/example_setup_teardown.py
[2024-10-20T06:41:19.934+0000] {logging_mixin.py:188} INFO - [2024-10-20T06:41:19.934+0000] {dag.py:3096} INFO - Sync 1 DAGs
[2024-10-20T06:41:19.951+0000] {logging_mixin.py:188} INFO - [2024-10-20T06:41:19.951+0000] {dag.py:3954} INFO - Setting next_dagrun for example_setup_teardown to 2024-10-19 00:00:00+00:00, run_after=2024-10-20 00:00:00+00:00
[2024-10-20T06:41:19.970+0000] {processor.py:183} INFO - Processing /home/airflow/.local/lib/python3.12/site-packages/airflow/example_dags/example_setup_teardown.py took 0.065 seconds
[2024-10-20T06:41:50.610+0000] {processor.py:161} INFO - Started process (PID=13960) to work on /home/airflow/.local/lib/python3.12/site-packages/airflow/example_dags/example_setup_teardown.py
[2024-10-20T06:41:50.610+0000] {processor.py:830} INFO - Processing file /home/airflow/.local/lib/python3.12/site-packages/airflow/example_dags/example_setup_teardown.py for tasks to queue
[2024-10-20T06:41:50.612+0000] {logging_mixin.py:188} INFO - [2024-10-20T06:41:50.611+0000] {dagbag.py:540} INFO - Filling up the DagBag from /home/airflow/.local/lib/python3.12/site-packages/airflow/example_dags/example_setup_teardown.py
[2024-10-20T06:41:50.617+0000] {processor.py:840} INFO - DAG(s) 'example_setup_teardown' retrieved from /home/airflow/.local/lib/python3.12/site-packages/airflow/example_dags/example_setup_teardown.py
[2024-10-20T06:41:50.635+0000] {logging_mixin.py:188} INFO - [2024-10-20T06:41:50.635+0000] {dag.py:3096} INFO - Sync 1 DAGs
[2024-10-20T06:41:50.654+0000] {logging_mixin.py:188} INFO - [2024-10-20T06:41:50.654+0000] {dag.py:3954} INFO - Setting next_dagrun for example_setup_teardown to 2024-10-19 00:00:00+00:00, run_after=2024-10-20 00:00:00+00:00
[2024-10-20T06:41:50.689+0000] {processor.py:183} INFO - Processing /home/airflow/.local/lib/python3.12/site-packages/airflow/example_dags/example_setup_teardown.py took 0.085 seconds
[2024-10-20T06:42:21.184+0000] {processor.py:161} INFO - Started process (PID=14226) to work on /home/airflow/.local/lib/python3.12/site-packages/airflow/example_dags/example_setup_teardown.py
[2024-10-20T06:42:21.184+0000] {processor.py:830} INFO - Processing file /home/airflow/.local/lib/python3.12/site-packages/airflow/example_dags/example_setup_teardown.py for tasks to queue
[2024-10-20T06:42:21.186+0000] {logging_mixin.py:188} INFO - [2024-10-20T06:42:21.185+0000] {dagbag.py:540} INFO - Filling up the DagBag from /home/airflow/.local/lib/python3.12/site-packages/airflow/example_dags/example_setup_teardown.py
[2024-10-20T06:42:21.191+0000] {processor.py:840} INFO - DAG(s) 'example_setup_teardown' retrieved from /home/airflow/.local/lib/python3.12/site-packages/airflow/example_dags/example_setup_teardown.py
[2024-10-20T06:42:21.210+0000] {logging_mixin.py:188} INFO - [2024-10-20T06:42:21.210+0000] {dag.py:3096} INFO - Sync 1 DAGs
[2024-10-20T06:42:21.232+0000] {logging_mixin.py:188} INFO - [2024-10-20T06:42:21.232+0000] {dag.py:3954} INFO - Setting next_dagrun for example_setup_teardown to 2024-10-19 00:00:00+00:00, run_after=2024-10-20 00:00:00+00:00
[2024-10-20T06:42:21.255+0000] {processor.py:183} INFO - Processing /home/airflow/.local/lib/python3.12/site-packages/airflow/example_dags/example_setup_teardown.py took 0.076 seconds
[2024-10-20T06:42:51.729+0000] {processor.py:161} INFO - Started process (PID=14490) to work on /home/airflow/.local/lib/python3.12/site-packages/airflow/example_dags/example_setup_teardown.py
[2024-10-20T06:42:51.730+0000] {processor.py:830} INFO - Processing file /home/airflow/.local/lib/python3.12/site-packages/airflow/example_dags/example_setup_teardown.py for tasks to queue
[2024-10-20T06:42:51.732+0000] {logging_mixin.py:188} INFO - [2024-10-20T06:42:51.731+0000] {dagbag.py:540} INFO - Filling up the DagBag from /home/airflow/.local/lib/python3.12/site-packages/airflow/example_dags/example_setup_teardown.py
[2024-10-20T06:42:51.737+0000] {processor.py:840} INFO - DAG(s) 'example_setup_teardown' retrieved from /home/airflow/.local/lib/python3.12/site-packages/airflow/example_dags/example_setup_teardown.py
[2024-10-20T06:42:51.752+0000] {logging_mixin.py:188} INFO - [2024-10-20T06:42:51.751+0000] {dag.py:3096} INFO - Sync 1 DAGs
[2024-10-20T06:42:51.766+0000] {logging_mixin.py:188} INFO - [2024-10-20T06:42:51.766+0000] {dag.py:3954} INFO - Setting next_dagrun for example_setup_teardown to 2024-10-19 00:00:00+00:00, run_after=2024-10-20 00:00:00+00:00
[2024-10-20T06:42:51.795+0000] {processor.py:183} INFO - Processing /home/airflow/.local/lib/python3.12/site-packages/airflow/example_dags/example_setup_teardown.py took 0.071 seconds
[2024-10-20T06:43:22.497+0000] {processor.py:161} INFO - Started process (PID=14758) to work on /home/airflow/.local/lib/python3.12/site-packages/airflow/example_dags/example_setup_teardown.py
[2024-10-20T06:43:22.498+0000] {processor.py:830} INFO - Processing file /home/airflow/.local/lib/python3.12/site-packages/airflow/example_dags/example_setup_teardown.py for tasks to queue
[2024-10-20T06:43:22.500+0000] {logging_mixin.py:188} INFO - [2024-10-20T06:43:22.499+0000] {dagbag.py:540} INFO - Filling up the DagBag from /home/airflow/.local/lib/python3.12/site-packages/airflow/example_dags/example_setup_teardown.py
[2024-10-20T06:43:22.507+0000] {processor.py:840} INFO - DAG(s) 'example_setup_teardown' retrieved from /home/airflow/.local/lib/python3.12/site-packages/airflow/example_dags/example_setup_teardown.py
[2024-10-20T06:43:22.523+0000] {logging_mixin.py:188} INFO - [2024-10-20T06:43:22.523+0000] {dag.py:3096} INFO - Sync 1 DAGs
[2024-10-20T06:43:22.538+0000] {logging_mixin.py:188} INFO - [2024-10-20T06:43:22.538+0000] {dag.py:3954} INFO - Setting next_dagrun for example_setup_teardown to 2024-10-19 00:00:00+00:00, run_after=2024-10-20 00:00:00+00:00
[2024-10-20T06:43:22.556+0000] {processor.py:183} INFO - Processing /home/airflow/.local/lib/python3.12/site-packages/airflow/example_dags/example_setup_teardown.py took 0.064 seconds
[2024-10-20T06:43:53.043+0000] {processor.py:161} INFO - Started process (PID=15024) to work on /home/airflow/.local/lib/python3.12/site-packages/airflow/example_dags/example_setup_teardown.py
[2024-10-20T06:43:53.044+0000] {processor.py:830} INFO - Processing file /home/airflow/.local/lib/python3.12/site-packages/airflow/example_dags/example_setup_teardown.py for tasks to queue
[2024-10-20T06:43:53.046+0000] {logging_mixin.py:188} INFO - [2024-10-20T06:43:53.045+0000] {dagbag.py:540} INFO - Filling up the DagBag from /home/airflow/.local/lib/python3.12/site-packages/airflow/example_dags/example_setup_teardown.py
[2024-10-20T06:43:53.053+0000] {processor.py:840} INFO - DAG(s) 'example_setup_teardown' retrieved from /home/airflow/.local/lib/python3.12/site-packages/airflow/example_dags/example_setup_teardown.py
[2024-10-20T06:43:53.071+0000] {logging_mixin.py:188} INFO - [2024-10-20T06:43:53.070+0000] {dag.py:3096} INFO - Sync 1 DAGs
[2024-10-20T06:43:53.089+0000] {logging_mixin.py:188} INFO - [2024-10-20T06:43:53.088+0000] {dag.py:3954} INFO - Setting next_dagrun for example_setup_teardown to 2024-10-19 00:00:00+00:00, run_after=2024-10-20 00:00:00+00:00
[2024-10-20T06:43:53.111+0000] {processor.py:183} INFO - Processing /home/airflow/.local/lib/python3.12/site-packages/airflow/example_dags/example_setup_teardown.py took 0.072 seconds
[2024-10-20T06:44:23.669+0000] {processor.py:161} INFO - Started process (PID=15290) to work on /home/airflow/.local/lib/python3.12/site-packages/airflow/example_dags/example_setup_teardown.py
[2024-10-20T06:44:23.670+0000] {processor.py:830} INFO - Processing file /home/airflow/.local/lib/python3.12/site-packages/airflow/example_dags/example_setup_teardown.py for tasks to queue
[2024-10-20T06:44:23.671+0000] {logging_mixin.py:188} INFO - [2024-10-20T06:44:23.671+0000] {dagbag.py:540} INFO - Filling up the DagBag from /home/airflow/.local/lib/python3.12/site-packages/airflow/example_dags/example_setup_teardown.py
[2024-10-20T06:44:23.679+0000] {processor.py:840} INFO - DAG(s) 'example_setup_teardown' retrieved from /home/airflow/.local/lib/python3.12/site-packages/airflow/example_dags/example_setup_teardown.py
[2024-10-20T06:44:23.698+0000] {logging_mixin.py:188} INFO - [2024-10-20T06:44:23.698+0000] {dag.py:3096} INFO - Sync 1 DAGs
[2024-10-20T06:44:23.719+0000] {logging_mixin.py:188} INFO - [2024-10-20T06:44:23.718+0000] {dag.py:3954} INFO - Setting next_dagrun for example_setup_teardown to 2024-10-19 00:00:00+00:00, run_after=2024-10-20 00:00:00+00:00
[2024-10-20T06:44:23.737+0000] {processor.py:183} INFO - Processing /home/airflow/.local/lib/python3.12/site-packages/airflow/example_dags/example_setup_teardown.py took 0.074 seconds
