[2024-10-20T06:15:44.661+0000] {processor.py:161} INFO - Started process (PID=365) to work on /home/airflow/.local/lib/python3.12/site-packages/airflow/example_dags/example_task_group_decorator.py
[2024-10-20T06:15:44.662+0000] {processor.py:830} INFO - Processing file /home/airflow/.local/lib/python3.12/site-packages/airflow/example_dags/example_task_group_decorator.py for tasks to queue
[2024-10-20T06:15:44.664+0000] {logging_mixin.py:188} INFO - [2024-10-20T06:15:44.663+0000] {dagbag.py:540} INFO - Filling up the DagBag from /home/airflow/.local/lib/python3.12/site-packages/airflow/example_dags/example_task_group_decorator.py
[2024-10-20T06:15:44.681+0000] {processor.py:840} INFO - DAG(s) 'example_task_group_decorator' retrieved from /home/airflow/.local/lib/python3.12/site-packages/airflow/example_dags/example_task_group_decorator.py
[2024-10-20T06:15:44.706+0000] {logging_mixin.py:188} INFO - [2024-10-20T06:15:44.705+0000] {dag.py:3096} INFO - Sync 1 DAGs
[2024-10-20T06:15:44.722+0000] {logging_mixin.py:188} INFO - [2024-10-20T06:15:44.722+0000] {dag.py:3954} INFO - Setting next_dagrun for example_task_group_decorator to 2024-10-19 00:00:00+00:00, run_after=2024-10-20 00:00:00+00:00
[2024-10-20T06:15:44.744+0000] {processor.py:183} INFO - Processing /home/airflow/.local/lib/python3.12/site-packages/airflow/example_dags/example_task_group_decorator.py took 0.090 seconds
[2024-10-20T06:16:15.461+0000] {processor.py:161} INFO - Started process (PID=631) to work on /home/airflow/.local/lib/python3.12/site-packages/airflow/example_dags/example_task_group_decorator.py
[2024-10-20T06:16:15.462+0000] {processor.py:830} INFO - Processing file /home/airflow/.local/lib/python3.12/site-packages/airflow/example_dags/example_task_group_decorator.py for tasks to queue
[2024-10-20T06:16:15.463+0000] {logging_mixin.py:188} INFO - [2024-10-20T06:16:15.463+0000] {dagbag.py:540} INFO - Filling up the DagBag from /home/airflow/.local/lib/python3.12/site-packages/airflow/example_dags/example_task_group_decorator.py
[2024-10-20T06:16:15.479+0000] {processor.py:840} INFO - DAG(s) 'example_task_group_decorator' retrieved from /home/airflow/.local/lib/python3.12/site-packages/airflow/example_dags/example_task_group_decorator.py
[2024-10-20T06:16:15.509+0000] {logging_mixin.py:188} INFO - [2024-10-20T06:16:15.508+0000] {dag.py:3096} INFO - Sync 1 DAGs
[2024-10-20T06:16:15.531+0000] {logging_mixin.py:188} INFO - [2024-10-20T06:16:15.531+0000] {dag.py:3954} INFO - Setting next_dagrun for example_task_group_decorator to 2024-10-19 00:00:00+00:00, run_after=2024-10-20 00:00:00+00:00
[2024-10-20T06:16:15.555+0000] {processor.py:183} INFO - Processing /home/airflow/.local/lib/python3.12/site-packages/airflow/example_dags/example_task_group_decorator.py took 0.099 seconds
[2024-10-20T06:16:47.906+0000] {processor.py:161} INFO - Started process (PID=897) to work on /home/airflow/.local/lib/python3.12/site-packages/airflow/example_dags/example_task_group_decorator.py
[2024-10-20T06:16:47.907+0000] {processor.py:830} INFO - Processing file /home/airflow/.local/lib/python3.12/site-packages/airflow/example_dags/example_task_group_decorator.py for tasks to queue
[2024-10-20T06:16:47.908+0000] {logging_mixin.py:188} INFO - [2024-10-20T06:16:47.908+0000] {dagbag.py:540} INFO - Filling up the DagBag from /home/airflow/.local/lib/python3.12/site-packages/airflow/example_dags/example_task_group_decorator.py
[2024-10-20T06:16:47.919+0000] {processor.py:840} INFO - DAG(s) 'example_task_group_decorator' retrieved from /home/airflow/.local/lib/python3.12/site-packages/airflow/example_dags/example_task_group_decorator.py
[2024-10-20T06:16:47.938+0000] {logging_mixin.py:188} INFO - [2024-10-20T06:16:47.937+0000] {dag.py:3096} INFO - Sync 1 DAGs
[2024-10-20T06:16:47.954+0000] {logging_mixin.py:188} INFO - [2024-10-20T06:16:47.954+0000] {dag.py:3954} INFO - Setting next_dagrun for example_task_group_decorator to 2024-10-19 00:00:00+00:00, run_after=2024-10-20 00:00:00+00:00
[2024-10-20T06:16:47.984+0000] {processor.py:183} INFO - Processing /home/airflow/.local/lib/python3.12/site-packages/airflow/example_dags/example_task_group_decorator.py took 0.081 seconds
[2024-10-20T06:17:18.870+0000] {processor.py:161} INFO - Started process (PID=1165) to work on /home/airflow/.local/lib/python3.12/site-packages/airflow/example_dags/example_task_group_decorator.py
[2024-10-20T06:17:18.871+0000] {processor.py:830} INFO - Processing file /home/airflow/.local/lib/python3.12/site-packages/airflow/example_dags/example_task_group_decorator.py for tasks to queue
[2024-10-20T06:17:18.872+0000] {logging_mixin.py:188} INFO - [2024-10-20T06:17:18.872+0000] {dagbag.py:540} INFO - Filling up the DagBag from /home/airflow/.local/lib/python3.12/site-packages/airflow/example_dags/example_task_group_decorator.py
[2024-10-20T06:17:18.885+0000] {processor.py:840} INFO - DAG(s) 'example_task_group_decorator' retrieved from /home/airflow/.local/lib/python3.12/site-packages/airflow/example_dags/example_task_group_decorator.py
[2024-10-20T06:17:18.907+0000] {logging_mixin.py:188} INFO - [2024-10-20T06:17:18.906+0000] {dag.py:3096} INFO - Sync 1 DAGs
[2024-10-20T06:17:18.928+0000] {logging_mixin.py:188} INFO - [2024-10-20T06:17:18.928+0000] {dag.py:3954} INFO - Setting next_dagrun for example_task_group_decorator to 2024-10-19 00:00:00+00:00, run_after=2024-10-20 00:00:00+00:00
[2024-10-20T06:17:18.951+0000] {processor.py:183} INFO - Processing /home/airflow/.local/lib/python3.12/site-packages/airflow/example_dags/example_task_group_decorator.py took 0.086 seconds
[2024-10-20T06:17:49.580+0000] {processor.py:161} INFO - Started process (PID=1429) to work on /home/airflow/.local/lib/python3.12/site-packages/airflow/example_dags/example_task_group_decorator.py
[2024-10-20T06:17:49.581+0000] {processor.py:830} INFO - Processing file /home/airflow/.local/lib/python3.12/site-packages/airflow/example_dags/example_task_group_decorator.py for tasks to queue
[2024-10-20T06:17:49.582+0000] {logging_mixin.py:188} INFO - [2024-10-20T06:17:49.582+0000] {dagbag.py:540} INFO - Filling up the DagBag from /home/airflow/.local/lib/python3.12/site-packages/airflow/example_dags/example_task_group_decorator.py
[2024-10-20T06:17:49.593+0000] {processor.py:840} INFO - DAG(s) 'example_task_group_decorator' retrieved from /home/airflow/.local/lib/python3.12/site-packages/airflow/example_dags/example_task_group_decorator.py
[2024-10-20T06:17:49.614+0000] {logging_mixin.py:188} INFO - [2024-10-20T06:17:49.614+0000] {dag.py:3096} INFO - Sync 1 DAGs
[2024-10-20T06:17:49.631+0000] {logging_mixin.py:188} INFO - [2024-10-20T06:17:49.631+0000] {dag.py:3954} INFO - Setting next_dagrun for example_task_group_decorator to 2024-10-19 00:00:00+00:00, run_after=2024-10-20 00:00:00+00:00
[2024-10-20T06:17:49.651+0000] {processor.py:183} INFO - Processing /home/airflow/.local/lib/python3.12/site-packages/airflow/example_dags/example_task_group_decorator.py took 0.075 seconds
[2024-10-20T06:18:20.269+0000] {processor.py:161} INFO - Started process (PID=1694) to work on /home/airflow/.local/lib/python3.12/site-packages/airflow/example_dags/example_task_group_decorator.py
[2024-10-20T06:18:20.270+0000] {processor.py:830} INFO - Processing file /home/airflow/.local/lib/python3.12/site-packages/airflow/example_dags/example_task_group_decorator.py for tasks to queue
[2024-10-20T06:18:20.271+0000] {logging_mixin.py:188} INFO - [2024-10-20T06:18:20.271+0000] {dagbag.py:540} INFO - Filling up the DagBag from /home/airflow/.local/lib/python3.12/site-packages/airflow/example_dags/example_task_group_decorator.py
[2024-10-20T06:18:20.287+0000] {processor.py:840} INFO - DAG(s) 'example_task_group_decorator' retrieved from /home/airflow/.local/lib/python3.12/site-packages/airflow/example_dags/example_task_group_decorator.py
[2024-10-20T06:18:20.312+0000] {logging_mixin.py:188} INFO - [2024-10-20T06:18:20.311+0000] {dag.py:3096} INFO - Sync 1 DAGs
[2024-10-20T06:18:20.331+0000] {logging_mixin.py:188} INFO - [2024-10-20T06:18:20.330+0000] {dag.py:3954} INFO - Setting next_dagrun for example_task_group_decorator to 2024-10-19 00:00:00+00:00, run_after=2024-10-20 00:00:00+00:00
[2024-10-20T06:18:20.350+0000] {processor.py:183} INFO - Processing /home/airflow/.local/lib/python3.12/site-packages/airflow/example_dags/example_task_group_decorator.py took 0.085 seconds
[2024-10-20T06:18:51.025+0000] {processor.py:161} INFO - Started process (PID=1960) to work on /home/airflow/.local/lib/python3.12/site-packages/airflow/example_dags/example_task_group_decorator.py
[2024-10-20T06:18:51.026+0000] {processor.py:830} INFO - Processing file /home/airflow/.local/lib/python3.12/site-packages/airflow/example_dags/example_task_group_decorator.py for tasks to queue
[2024-10-20T06:18:51.028+0000] {logging_mixin.py:188} INFO - [2024-10-20T06:18:51.027+0000] {dagbag.py:540} INFO - Filling up the DagBag from /home/airflow/.local/lib/python3.12/site-packages/airflow/example_dags/example_task_group_decorator.py
[2024-10-20T06:18:51.042+0000] {processor.py:840} INFO - DAG(s) 'example_task_group_decorator' retrieved from /home/airflow/.local/lib/python3.12/site-packages/airflow/example_dags/example_task_group_decorator.py
[2024-10-20T06:18:51.067+0000] {logging_mixin.py:188} INFO - [2024-10-20T06:18:51.067+0000] {dag.py:3096} INFO - Sync 1 DAGs
[2024-10-20T06:18:51.087+0000] {logging_mixin.py:188} INFO - [2024-10-20T06:18:51.087+0000] {dag.py:3954} INFO - Setting next_dagrun for example_task_group_decorator to 2024-10-19 00:00:00+00:00, run_after=2024-10-20 00:00:00+00:00
[2024-10-20T06:18:51.104+0000] {processor.py:183} INFO - Processing /home/airflow/.local/lib/python3.12/site-packages/airflow/example_dags/example_task_group_decorator.py took 0.083 seconds
[2024-10-20T06:19:21.683+0000] {processor.py:161} INFO - Started process (PID=2228) to work on /home/airflow/.local/lib/python3.12/site-packages/airflow/example_dags/example_task_group_decorator.py
[2024-10-20T06:19:21.684+0000] {processor.py:830} INFO - Processing file /home/airflow/.local/lib/python3.12/site-packages/airflow/example_dags/example_task_group_decorator.py for tasks to queue
[2024-10-20T06:19:21.685+0000] {logging_mixin.py:188} INFO - [2024-10-20T06:19:21.685+0000] {dagbag.py:540} INFO - Filling up the DagBag from /home/airflow/.local/lib/python3.12/site-packages/airflow/example_dags/example_task_group_decorator.py
[2024-10-20T06:19:21.701+0000] {processor.py:840} INFO - DAG(s) 'example_task_group_decorator' retrieved from /home/airflow/.local/lib/python3.12/site-packages/airflow/example_dags/example_task_group_decorator.py
[2024-10-20T06:19:21.723+0000] {logging_mixin.py:188} INFO - [2024-10-20T06:19:21.722+0000] {dag.py:3096} INFO - Sync 1 DAGs
[2024-10-20T06:19:21.744+0000] {logging_mixin.py:188} INFO - [2024-10-20T06:19:21.744+0000] {dag.py:3954} INFO - Setting next_dagrun for example_task_group_decorator to 2024-10-19 00:00:00+00:00, run_after=2024-10-20 00:00:00+00:00
[2024-10-20T06:19:21.766+0000] {processor.py:183} INFO - Processing /home/airflow/.local/lib/python3.12/site-packages/airflow/example_dags/example_task_group_decorator.py took 0.087 seconds
[2024-10-20T06:19:52.699+0000] {processor.py:161} INFO - Started process (PID=2494) to work on /home/airflow/.local/lib/python3.12/site-packages/airflow/example_dags/example_task_group_decorator.py
[2024-10-20T06:19:52.700+0000] {processor.py:830} INFO - Processing file /home/airflow/.local/lib/python3.12/site-packages/airflow/example_dags/example_task_group_decorator.py for tasks to queue
[2024-10-20T06:19:52.701+0000] {logging_mixin.py:188} INFO - [2024-10-20T06:19:52.701+0000] {dagbag.py:540} INFO - Filling up the DagBag from /home/airflow/.local/lib/python3.12/site-packages/airflow/example_dags/example_task_group_decorator.py
[2024-10-20T06:19:52.717+0000] {processor.py:840} INFO - DAG(s) 'example_task_group_decorator' retrieved from /home/airflow/.local/lib/python3.12/site-packages/airflow/example_dags/example_task_group_decorator.py
[2024-10-20T06:19:52.741+0000] {logging_mixin.py:188} INFO - [2024-10-20T06:19:52.740+0000] {dag.py:3096} INFO - Sync 1 DAGs
[2024-10-20T06:19:52.761+0000] {logging_mixin.py:188} INFO - [2024-10-20T06:19:52.761+0000] {dag.py:3954} INFO - Setting next_dagrun for example_task_group_decorator to 2024-10-19 00:00:00+00:00, run_after=2024-10-20 00:00:00+00:00
[2024-10-20T06:19:52.784+0000] {processor.py:183} INFO - Processing /home/airflow/.local/lib/python3.12/site-packages/airflow/example_dags/example_task_group_decorator.py took 0.091 seconds
[2024-10-20T06:20:23.349+0000] {processor.py:161} INFO - Started process (PID=2758) to work on /home/airflow/.local/lib/python3.12/site-packages/airflow/example_dags/example_task_group_decorator.py
[2024-10-20T06:20:23.350+0000] {processor.py:830} INFO - Processing file /home/airflow/.local/lib/python3.12/site-packages/airflow/example_dags/example_task_group_decorator.py for tasks to queue
[2024-10-20T06:20:23.351+0000] {logging_mixin.py:188} INFO - [2024-10-20T06:20:23.351+0000] {dagbag.py:540} INFO - Filling up the DagBag from /home/airflow/.local/lib/python3.12/site-packages/airflow/example_dags/example_task_group_decorator.py
[2024-10-20T06:20:23.364+0000] {processor.py:840} INFO - DAG(s) 'example_task_group_decorator' retrieved from /home/airflow/.local/lib/python3.12/site-packages/airflow/example_dags/example_task_group_decorator.py
[2024-10-20T06:20:23.388+0000] {logging_mixin.py:188} INFO - [2024-10-20T06:20:23.387+0000] {dag.py:3096} INFO - Sync 1 DAGs
[2024-10-20T06:20:23.405+0000] {logging_mixin.py:188} INFO - [2024-10-20T06:20:23.405+0000] {dag.py:3954} INFO - Setting next_dagrun for example_task_group_decorator to 2024-10-19 00:00:00+00:00, run_after=2024-10-20 00:00:00+00:00
[2024-10-20T06:20:23.424+0000] {processor.py:183} INFO - Processing /home/airflow/.local/lib/python3.12/site-packages/airflow/example_dags/example_task_group_decorator.py took 0.081 seconds
[2024-10-20T06:20:53.945+0000] {processor.py:161} INFO - Started process (PID=3024) to work on /home/airflow/.local/lib/python3.12/site-packages/airflow/example_dags/example_task_group_decorator.py
[2024-10-20T06:20:53.946+0000] {processor.py:830} INFO - Processing file /home/airflow/.local/lib/python3.12/site-packages/airflow/example_dags/example_task_group_decorator.py for tasks to queue
[2024-10-20T06:20:53.948+0000] {logging_mixin.py:188} INFO - [2024-10-20T06:20:53.947+0000] {dagbag.py:540} INFO - Filling up the DagBag from /home/airflow/.local/lib/python3.12/site-packages/airflow/example_dags/example_task_group_decorator.py
[2024-10-20T06:20:53.963+0000] {processor.py:840} INFO - DAG(s) 'example_task_group_decorator' retrieved from /home/airflow/.local/lib/python3.12/site-packages/airflow/example_dags/example_task_group_decorator.py
[2024-10-20T06:20:53.984+0000] {logging_mixin.py:188} INFO - [2024-10-20T06:20:53.984+0000] {dag.py:3096} INFO - Sync 1 DAGs
[2024-10-20T06:20:54.001+0000] {logging_mixin.py:188} INFO - [2024-10-20T06:20:54.001+0000] {dag.py:3954} INFO - Setting next_dagrun for example_task_group_decorator to 2024-10-19 00:00:00+00:00, run_after=2024-10-20 00:00:00+00:00
[2024-10-20T06:20:54.019+0000] {processor.py:183} INFO - Processing /home/airflow/.local/lib/python3.12/site-packages/airflow/example_dags/example_task_group_decorator.py took 0.079 seconds
[2024-10-20T06:21:24.903+0000] {processor.py:161} INFO - Started process (PID=3292) to work on /home/airflow/.local/lib/python3.12/site-packages/airflow/example_dags/example_task_group_decorator.py
[2024-10-20T06:21:24.904+0000] {processor.py:830} INFO - Processing file /home/airflow/.local/lib/python3.12/site-packages/airflow/example_dags/example_task_group_decorator.py for tasks to queue
[2024-10-20T06:21:24.905+0000] {logging_mixin.py:188} INFO - [2024-10-20T06:21:24.904+0000] {dagbag.py:540} INFO - Filling up the DagBag from /home/airflow/.local/lib/python3.12/site-packages/airflow/example_dags/example_task_group_decorator.py
[2024-10-20T06:21:24.916+0000] {processor.py:840} INFO - DAG(s) 'example_task_group_decorator' retrieved from /home/airflow/.local/lib/python3.12/site-packages/airflow/example_dags/example_task_group_decorator.py
[2024-10-20T06:21:24.940+0000] {logging_mixin.py:188} INFO - [2024-10-20T06:21:24.940+0000] {dag.py:3096} INFO - Sync 1 DAGs
[2024-10-20T06:21:24.961+0000] {logging_mixin.py:188} INFO - [2024-10-20T06:21:24.960+0000] {dag.py:3954} INFO - Setting next_dagrun for example_task_group_decorator to 2024-10-19 00:00:00+00:00, run_after=2024-10-20 00:00:00+00:00
[2024-10-20T06:21:24.978+0000] {processor.py:183} INFO - Processing /home/airflow/.local/lib/python3.12/site-packages/airflow/example_dags/example_task_group_decorator.py took 0.080 seconds
[2024-10-20T06:21:55.050+0000] {processor.py:161} INFO - Started process (PID=3556) to work on /home/airflow/.local/lib/python3.12/site-packages/airflow/example_dags/example_task_group_decorator.py
[2024-10-20T06:21:55.050+0000] {processor.py:830} INFO - Processing file /home/airflow/.local/lib/python3.12/site-packages/airflow/example_dags/example_task_group_decorator.py for tasks to queue
[2024-10-20T06:21:55.052+0000] {logging_mixin.py:188} INFO - [2024-10-20T06:21:55.052+0000] {dagbag.py:540} INFO - Filling up the DagBag from /home/airflow/.local/lib/python3.12/site-packages/airflow/example_dags/example_task_group_decorator.py
[2024-10-20T06:21:55.063+0000] {processor.py:840} INFO - DAG(s) 'example_task_group_decorator' retrieved from /home/airflow/.local/lib/python3.12/site-packages/airflow/example_dags/example_task_group_decorator.py
[2024-10-20T06:21:55.083+0000] {logging_mixin.py:188} INFO - [2024-10-20T06:21:55.082+0000] {dag.py:3096} INFO - Sync 1 DAGs
[2024-10-20T06:21:55.099+0000] {logging_mixin.py:188} INFO - [2024-10-20T06:21:55.098+0000] {dag.py:3954} INFO - Setting next_dagrun for example_task_group_decorator to 2024-10-19 00:00:00+00:00, run_after=2024-10-20 00:00:00+00:00
[2024-10-20T06:21:55.122+0000] {processor.py:183} INFO - Processing /home/airflow/.local/lib/python3.12/site-packages/airflow/example_dags/example_task_group_decorator.py took 0.079 seconds
[2024-10-20T06:22:26.594+0000] {processor.py:161} INFO - Started process (PID=3822) to work on /home/airflow/.local/lib/python3.12/site-packages/airflow/example_dags/example_task_group_decorator.py
[2024-10-20T06:22:26.595+0000] {processor.py:830} INFO - Processing file /home/airflow/.local/lib/python3.12/site-packages/airflow/example_dags/example_task_group_decorator.py for tasks to queue
[2024-10-20T06:22:26.597+0000] {logging_mixin.py:188} INFO - [2024-10-20T06:22:26.596+0000] {dagbag.py:540} INFO - Filling up the DagBag from /home/airflow/.local/lib/python3.12/site-packages/airflow/example_dags/example_task_group_decorator.py
[2024-10-20T06:22:26.609+0000] {processor.py:840} INFO - DAG(s) 'example_task_group_decorator' retrieved from /home/airflow/.local/lib/python3.12/site-packages/airflow/example_dags/example_task_group_decorator.py
[2024-10-20T06:22:26.633+0000] {logging_mixin.py:188} INFO - [2024-10-20T06:22:26.632+0000] {dag.py:3096} INFO - Sync 1 DAGs
[2024-10-20T06:22:26.651+0000] {logging_mixin.py:188} INFO - [2024-10-20T06:22:26.651+0000] {dag.py:3954} INFO - Setting next_dagrun for example_task_group_decorator to 2024-10-19 00:00:00+00:00, run_after=2024-10-20 00:00:00+00:00
[2024-10-20T06:22:26.668+0000] {processor.py:183} INFO - Processing /home/airflow/.local/lib/python3.12/site-packages/airflow/example_dags/example_task_group_decorator.py took 0.079 seconds
[2024-10-20T06:22:57.541+0000] {processor.py:161} INFO - Started process (PID=4088) to work on /home/airflow/.local/lib/python3.12/site-packages/airflow/example_dags/example_task_group_decorator.py
[2024-10-20T06:22:57.541+0000] {processor.py:830} INFO - Processing file /home/airflow/.local/lib/python3.12/site-packages/airflow/example_dags/example_task_group_decorator.py for tasks to queue
[2024-10-20T06:22:57.543+0000] {logging_mixin.py:188} INFO - [2024-10-20T06:22:57.542+0000] {dagbag.py:540} INFO - Filling up the DagBag from /home/airflow/.local/lib/python3.12/site-packages/airflow/example_dags/example_task_group_decorator.py
[2024-10-20T06:22:57.553+0000] {processor.py:840} INFO - DAG(s) 'example_task_group_decorator' retrieved from /home/airflow/.local/lib/python3.12/site-packages/airflow/example_dags/example_task_group_decorator.py
[2024-10-20T06:22:57.572+0000] {logging_mixin.py:188} INFO - [2024-10-20T06:22:57.571+0000] {dag.py:3096} INFO - Sync 1 DAGs
[2024-10-20T06:22:57.587+0000] {logging_mixin.py:188} INFO - [2024-10-20T06:22:57.587+0000] {dag.py:3954} INFO - Setting next_dagrun for example_task_group_decorator to 2024-10-19 00:00:00+00:00, run_after=2024-10-20 00:00:00+00:00
[2024-10-20T06:22:57.775+0000] {processor.py:183} INFO - Processing /home/airflow/.local/lib/python3.12/site-packages/airflow/example_dags/example_task_group_decorator.py took 0.239 seconds
[2024-10-20T06:23:28.067+0000] {processor.py:161} INFO - Started process (PID=4356) to work on /home/airflow/.local/lib/python3.12/site-packages/airflow/example_dags/example_task_group_decorator.py
[2024-10-20T06:23:28.068+0000] {processor.py:830} INFO - Processing file /home/airflow/.local/lib/python3.12/site-packages/airflow/example_dags/example_task_group_decorator.py for tasks to queue
[2024-10-20T06:23:28.069+0000] {logging_mixin.py:188} INFO - [2024-10-20T06:23:28.069+0000] {dagbag.py:540} INFO - Filling up the DagBag from /home/airflow/.local/lib/python3.12/site-packages/airflow/example_dags/example_task_group_decorator.py
[2024-10-20T06:23:28.080+0000] {processor.py:840} INFO - DAG(s) 'example_task_group_decorator' retrieved from /home/airflow/.local/lib/python3.12/site-packages/airflow/example_dags/example_task_group_decorator.py
[2024-10-20T06:23:28.098+0000] {logging_mixin.py:188} INFO - [2024-10-20T06:23:28.098+0000] {dag.py:3096} INFO - Sync 1 DAGs
[2024-10-20T06:23:28.113+0000] {logging_mixin.py:188} INFO - [2024-10-20T06:23:28.113+0000] {dag.py:3954} INFO - Setting next_dagrun for example_task_group_decorator to 2024-10-19 00:00:00+00:00, run_after=2024-10-20 00:00:00+00:00
[2024-10-20T06:23:28.130+0000] {processor.py:183} INFO - Processing /home/airflow/.local/lib/python3.12/site-packages/airflow/example_dags/example_task_group_decorator.py took 0.067 seconds
[2024-10-20T06:23:58.371+0000] {processor.py:161} INFO - Started process (PID=4622) to work on /home/airflow/.local/lib/python3.12/site-packages/airflow/example_dags/example_task_group_decorator.py
[2024-10-20T06:23:58.372+0000] {processor.py:830} INFO - Processing file /home/airflow/.local/lib/python3.12/site-packages/airflow/example_dags/example_task_group_decorator.py for tasks to queue
[2024-10-20T06:23:58.374+0000] {logging_mixin.py:188} INFO - [2024-10-20T06:23:58.373+0000] {dagbag.py:540} INFO - Filling up the DagBag from /home/airflow/.local/lib/python3.12/site-packages/airflow/example_dags/example_task_group_decorator.py
[2024-10-20T06:23:58.390+0000] {processor.py:840} INFO - DAG(s) 'example_task_group_decorator' retrieved from /home/airflow/.local/lib/python3.12/site-packages/airflow/example_dags/example_task_group_decorator.py
[2024-10-20T06:23:58.413+0000] {logging_mixin.py:188} INFO - [2024-10-20T06:23:58.412+0000] {dag.py:3096} INFO - Sync 1 DAGs
[2024-10-20T06:23:58.431+0000] {logging_mixin.py:188} INFO - [2024-10-20T06:23:58.431+0000] {dag.py:3954} INFO - Setting next_dagrun for example_task_group_decorator to 2024-10-19 00:00:00+00:00, run_after=2024-10-20 00:00:00+00:00
[2024-10-20T06:23:58.451+0000] {processor.py:183} INFO - Processing /home/airflow/.local/lib/python3.12/site-packages/airflow/example_dags/example_task_group_decorator.py took 0.085 seconds
[2024-10-20T06:24:29.656+0000] {processor.py:161} INFO - Started process (PID=4886) to work on /home/airflow/.local/lib/python3.12/site-packages/airflow/example_dags/example_task_group_decorator.py
[2024-10-20T06:24:29.657+0000] {processor.py:830} INFO - Processing file /home/airflow/.local/lib/python3.12/site-packages/airflow/example_dags/example_task_group_decorator.py for tasks to queue
[2024-10-20T06:24:29.658+0000] {logging_mixin.py:188} INFO - [2024-10-20T06:24:29.658+0000] {dagbag.py:540} INFO - Filling up the DagBag from /home/airflow/.local/lib/python3.12/site-packages/airflow/example_dags/example_task_group_decorator.py
[2024-10-20T06:24:29.671+0000] {processor.py:840} INFO - DAG(s) 'example_task_group_decorator' retrieved from /home/airflow/.local/lib/python3.12/site-packages/airflow/example_dags/example_task_group_decorator.py
[2024-10-20T06:24:29.693+0000] {logging_mixin.py:188} INFO - [2024-10-20T06:24:29.693+0000] {dag.py:3096} INFO - Sync 1 DAGs
[2024-10-20T06:24:29.709+0000] {logging_mixin.py:188} INFO - [2024-10-20T06:24:29.709+0000] {dag.py:3954} INFO - Setting next_dagrun for example_task_group_decorator to 2024-10-19 00:00:00+00:00, run_after=2024-10-20 00:00:00+00:00
[2024-10-20T06:24:29.728+0000] {processor.py:183} INFO - Processing /home/airflow/.local/lib/python3.12/site-packages/airflow/example_dags/example_task_group_decorator.py took 0.076 seconds
[2024-10-20T06:25:00.519+0000] {processor.py:161} INFO - Started process (PID=5154) to work on /home/airflow/.local/lib/python3.12/site-packages/airflow/example_dags/example_task_group_decorator.py
[2024-10-20T06:25:00.520+0000] {processor.py:830} INFO - Processing file /home/airflow/.local/lib/python3.12/site-packages/airflow/example_dags/example_task_group_decorator.py for tasks to queue
[2024-10-20T06:25:00.521+0000] {logging_mixin.py:188} INFO - [2024-10-20T06:25:00.521+0000] {dagbag.py:540} INFO - Filling up the DagBag from /home/airflow/.local/lib/python3.12/site-packages/airflow/example_dags/example_task_group_decorator.py
[2024-10-20T06:25:00.534+0000] {processor.py:840} INFO - DAG(s) 'example_task_group_decorator' retrieved from /home/airflow/.local/lib/python3.12/site-packages/airflow/example_dags/example_task_group_decorator.py
[2024-10-20T06:25:00.680+0000] {logging_mixin.py:188} INFO - [2024-10-20T06:25:00.679+0000] {dag.py:3096} INFO - Sync 1 DAGs
[2024-10-20T06:25:00.694+0000] {logging_mixin.py:188} INFO - [2024-10-20T06:25:00.694+0000] {dag.py:3954} INFO - Setting next_dagrun for example_task_group_decorator to 2024-10-19 00:00:00+00:00, run_after=2024-10-20 00:00:00+00:00
[2024-10-20T06:25:00.712+0000] {processor.py:183} INFO - Processing /home/airflow/.local/lib/python3.12/site-packages/airflow/example_dags/example_task_group_decorator.py took 0.198 seconds
[2024-10-20T06:25:31.270+0000] {processor.py:161} INFO - Started process (PID=5420) to work on /home/airflow/.local/lib/python3.12/site-packages/airflow/example_dags/example_task_group_decorator.py
[2024-10-20T06:25:31.271+0000] {processor.py:830} INFO - Processing file /home/airflow/.local/lib/python3.12/site-packages/airflow/example_dags/example_task_group_decorator.py for tasks to queue
[2024-10-20T06:25:31.272+0000] {logging_mixin.py:188} INFO - [2024-10-20T06:25:31.272+0000] {dagbag.py:540} INFO - Filling up the DagBag from /home/airflow/.local/lib/python3.12/site-packages/airflow/example_dags/example_task_group_decorator.py
[2024-10-20T06:25:31.288+0000] {processor.py:840} INFO - DAG(s) 'example_task_group_decorator' retrieved from /home/airflow/.local/lib/python3.12/site-packages/airflow/example_dags/example_task_group_decorator.py
[2024-10-20T06:25:31.308+0000] {logging_mixin.py:188} INFO - [2024-10-20T06:25:31.307+0000] {dag.py:3096} INFO - Sync 1 DAGs
[2024-10-20T06:25:31.329+0000] {logging_mixin.py:188} INFO - [2024-10-20T06:25:31.329+0000] {dag.py:3954} INFO - Setting next_dagrun for example_task_group_decorator to 2024-10-19 00:00:00+00:00, run_after=2024-10-20 00:00:00+00:00
[2024-10-20T06:25:31.348+0000] {processor.py:183} INFO - Processing /home/airflow/.local/lib/python3.12/site-packages/airflow/example_dags/example_task_group_decorator.py took 0.083 seconds
[2024-10-20T06:26:01.951+0000] {processor.py:161} INFO - Started process (PID=5686) to work on /home/airflow/.local/lib/python3.12/site-packages/airflow/example_dags/example_task_group_decorator.py
[2024-10-20T06:26:01.952+0000] {processor.py:830} INFO - Processing file /home/airflow/.local/lib/python3.12/site-packages/airflow/example_dags/example_task_group_decorator.py for tasks to queue
[2024-10-20T06:26:01.953+0000] {logging_mixin.py:188} INFO - [2024-10-20T06:26:01.953+0000] {dagbag.py:540} INFO - Filling up the DagBag from /home/airflow/.local/lib/python3.12/site-packages/airflow/example_dags/example_task_group_decorator.py
[2024-10-20T06:26:01.965+0000] {processor.py:840} INFO - DAG(s) 'example_task_group_decorator' retrieved from /home/airflow/.local/lib/python3.12/site-packages/airflow/example_dags/example_task_group_decorator.py
[2024-10-20T06:26:01.988+0000] {logging_mixin.py:188} INFO - [2024-10-20T06:26:01.987+0000] {dag.py:3096} INFO - Sync 1 DAGs
[2024-10-20T06:26:02.005+0000] {logging_mixin.py:188} INFO - [2024-10-20T06:26:02.005+0000] {dag.py:3954} INFO - Setting next_dagrun for example_task_group_decorator to 2024-10-19 00:00:00+00:00, run_after=2024-10-20 00:00:00+00:00
[2024-10-20T06:26:02.028+0000] {processor.py:183} INFO - Processing /home/airflow/.local/lib/python3.12/site-packages/airflow/example_dags/example_task_group_decorator.py took 0.082 seconds
[2024-10-20T06:26:32.526+0000] {processor.py:161} INFO - Started process (PID=5952) to work on /home/airflow/.local/lib/python3.12/site-packages/airflow/example_dags/example_task_group_decorator.py
[2024-10-20T06:26:32.527+0000] {processor.py:830} INFO - Processing file /home/airflow/.local/lib/python3.12/site-packages/airflow/example_dags/example_task_group_decorator.py for tasks to queue
[2024-10-20T06:26:32.528+0000] {logging_mixin.py:188} INFO - [2024-10-20T06:26:32.528+0000] {dagbag.py:540} INFO - Filling up the DagBag from /home/airflow/.local/lib/python3.12/site-packages/airflow/example_dags/example_task_group_decorator.py
[2024-10-20T06:26:32.538+0000] {processor.py:840} INFO - DAG(s) 'example_task_group_decorator' retrieved from /home/airflow/.local/lib/python3.12/site-packages/airflow/example_dags/example_task_group_decorator.py
[2024-10-20T06:26:32.557+0000] {logging_mixin.py:188} INFO - [2024-10-20T06:26:32.556+0000] {dag.py:3096} INFO - Sync 1 DAGs
[2024-10-20T06:26:32.572+0000] {logging_mixin.py:188} INFO - [2024-10-20T06:26:32.572+0000] {dag.py:3954} INFO - Setting next_dagrun for example_task_group_decorator to 2024-10-19 00:00:00+00:00, run_after=2024-10-20 00:00:00+00:00
[2024-10-20T06:26:32.590+0000] {processor.py:183} INFO - Processing /home/airflow/.local/lib/python3.12/site-packages/airflow/example_dags/example_task_group_decorator.py took 0.068 seconds
[2024-10-20T06:27:03.199+0000] {processor.py:161} INFO - Started process (PID=6218) to work on /home/airflow/.local/lib/python3.12/site-packages/airflow/example_dags/example_task_group_decorator.py
[2024-10-20T06:27:03.200+0000] {processor.py:830} INFO - Processing file /home/airflow/.local/lib/python3.12/site-packages/airflow/example_dags/example_task_group_decorator.py for tasks to queue
[2024-10-20T06:27:03.201+0000] {logging_mixin.py:188} INFO - [2024-10-20T06:27:03.201+0000] {dagbag.py:540} INFO - Filling up the DagBag from /home/airflow/.local/lib/python3.12/site-packages/airflow/example_dags/example_task_group_decorator.py
[2024-10-20T06:27:03.212+0000] {processor.py:840} INFO - DAG(s) 'example_task_group_decorator' retrieved from /home/airflow/.local/lib/python3.12/site-packages/airflow/example_dags/example_task_group_decorator.py
[2024-10-20T06:27:03.230+0000] {logging_mixin.py:188} INFO - [2024-10-20T06:27:03.230+0000] {dag.py:3096} INFO - Sync 1 DAGs
[2024-10-20T06:27:03.245+0000] {logging_mixin.py:188} INFO - [2024-10-20T06:27:03.245+0000] {dag.py:3954} INFO - Setting next_dagrun for example_task_group_decorator to 2024-10-19 00:00:00+00:00, run_after=2024-10-20 00:00:00+00:00
[2024-10-20T06:27:03.263+0000] {processor.py:183} INFO - Processing /home/airflow/.local/lib/python3.12/site-packages/airflow/example_dags/example_task_group_decorator.py took 0.067 seconds
[2024-10-20T06:27:33.756+0000] {processor.py:161} INFO - Started process (PID=6484) to work on /home/airflow/.local/lib/python3.12/site-packages/airflow/example_dags/example_task_group_decorator.py
[2024-10-20T06:27:33.756+0000] {processor.py:830} INFO - Processing file /home/airflow/.local/lib/python3.12/site-packages/airflow/example_dags/example_task_group_decorator.py for tasks to queue
[2024-10-20T06:27:33.758+0000] {logging_mixin.py:188} INFO - [2024-10-20T06:27:33.757+0000] {dagbag.py:540} INFO - Filling up the DagBag from /home/airflow/.local/lib/python3.12/site-packages/airflow/example_dags/example_task_group_decorator.py
[2024-10-20T06:27:33.768+0000] {processor.py:840} INFO - DAG(s) 'example_task_group_decorator' retrieved from /home/airflow/.local/lib/python3.12/site-packages/airflow/example_dags/example_task_group_decorator.py
[2024-10-20T06:27:33.786+0000] {logging_mixin.py:188} INFO - [2024-10-20T06:27:33.786+0000] {dag.py:3096} INFO - Sync 1 DAGs
[2024-10-20T06:27:33.802+0000] {logging_mixin.py:188} INFO - [2024-10-20T06:27:33.802+0000] {dag.py:3954} INFO - Setting next_dagrun for example_task_group_decorator to 2024-10-19 00:00:00+00:00, run_after=2024-10-20 00:00:00+00:00
[2024-10-20T06:27:33.819+0000] {processor.py:183} INFO - Processing /home/airflow/.local/lib/python3.12/site-packages/airflow/example_dags/example_task_group_decorator.py took 0.068 seconds
[2024-10-20T06:28:04.351+0000] {processor.py:161} INFO - Started process (PID=6750) to work on /home/airflow/.local/lib/python3.12/site-packages/airflow/example_dags/example_task_group_decorator.py
[2024-10-20T06:28:04.352+0000] {processor.py:830} INFO - Processing file /home/airflow/.local/lib/python3.12/site-packages/airflow/example_dags/example_task_group_decorator.py for tasks to queue
[2024-10-20T06:28:04.353+0000] {logging_mixin.py:188} INFO - [2024-10-20T06:28:04.353+0000] {dagbag.py:540} INFO - Filling up the DagBag from /home/airflow/.local/lib/python3.12/site-packages/airflow/example_dags/example_task_group_decorator.py
[2024-10-20T06:28:04.364+0000] {processor.py:840} INFO - DAG(s) 'example_task_group_decorator' retrieved from /home/airflow/.local/lib/python3.12/site-packages/airflow/example_dags/example_task_group_decorator.py
[2024-10-20T06:28:04.382+0000] {logging_mixin.py:188} INFO - [2024-10-20T06:28:04.382+0000] {dag.py:3096} INFO - Sync 1 DAGs
[2024-10-20T06:28:04.397+0000] {logging_mixin.py:188} INFO - [2024-10-20T06:28:04.397+0000] {dag.py:3954} INFO - Setting next_dagrun for example_task_group_decorator to 2024-10-19 00:00:00+00:00, run_after=2024-10-20 00:00:00+00:00
[2024-10-20T06:28:04.414+0000] {processor.py:183} INFO - Processing /home/airflow/.local/lib/python3.12/site-packages/airflow/example_dags/example_task_group_decorator.py took 0.067 seconds
[2024-10-20T06:28:34.985+0000] {processor.py:161} INFO - Started process (PID=7016) to work on /home/airflow/.local/lib/python3.12/site-packages/airflow/example_dags/example_task_group_decorator.py
[2024-10-20T06:28:34.986+0000] {processor.py:830} INFO - Processing file /home/airflow/.local/lib/python3.12/site-packages/airflow/example_dags/example_task_group_decorator.py for tasks to queue
[2024-10-20T06:28:34.987+0000] {logging_mixin.py:188} INFO - [2024-10-20T06:28:34.987+0000] {dagbag.py:540} INFO - Filling up the DagBag from /home/airflow/.local/lib/python3.12/site-packages/airflow/example_dags/example_task_group_decorator.py
[2024-10-20T06:28:34.997+0000] {processor.py:840} INFO - DAG(s) 'example_task_group_decorator' retrieved from /home/airflow/.local/lib/python3.12/site-packages/airflow/example_dags/example_task_group_decorator.py
[2024-10-20T06:28:35.016+0000] {logging_mixin.py:188} INFO - [2024-10-20T06:28:35.015+0000] {dag.py:3096} INFO - Sync 1 DAGs
[2024-10-20T06:28:35.031+0000] {logging_mixin.py:188} INFO - [2024-10-20T06:28:35.031+0000] {dag.py:3954} INFO - Setting next_dagrun for example_task_group_decorator to 2024-10-19 00:00:00+00:00, run_after=2024-10-20 00:00:00+00:00
[2024-10-20T06:28:35.050+0000] {processor.py:183} INFO - Processing /home/airflow/.local/lib/python3.12/site-packages/airflow/example_dags/example_task_group_decorator.py took 0.069 seconds
[2024-10-20T06:29:05.351+0000] {processor.py:161} INFO - Started process (PID=7282) to work on /home/airflow/.local/lib/python3.12/site-packages/airflow/example_dags/example_task_group_decorator.py
[2024-10-20T06:29:05.351+0000] {processor.py:830} INFO - Processing file /home/airflow/.local/lib/python3.12/site-packages/airflow/example_dags/example_task_group_decorator.py for tasks to queue
[2024-10-20T06:29:05.352+0000] {logging_mixin.py:188} INFO - [2024-10-20T06:29:05.352+0000] {dagbag.py:540} INFO - Filling up the DagBag from /home/airflow/.local/lib/python3.12/site-packages/airflow/example_dags/example_task_group_decorator.py
[2024-10-20T06:29:05.363+0000] {processor.py:840} INFO - DAG(s) 'example_task_group_decorator' retrieved from /home/airflow/.local/lib/python3.12/site-packages/airflow/example_dags/example_task_group_decorator.py
[2024-10-20T06:29:05.381+0000] {logging_mixin.py:188} INFO - [2024-10-20T06:29:05.381+0000] {dag.py:3096} INFO - Sync 1 DAGs
[2024-10-20T06:29:05.397+0000] {logging_mixin.py:188} INFO - [2024-10-20T06:29:05.396+0000] {dag.py:3954} INFO - Setting next_dagrun for example_task_group_decorator to 2024-10-19 00:00:00+00:00, run_after=2024-10-20 00:00:00+00:00
[2024-10-20T06:29:05.414+0000] {processor.py:183} INFO - Processing /home/airflow/.local/lib/python3.12/site-packages/airflow/example_dags/example_task_group_decorator.py took 0.067 seconds
[2024-10-20T06:29:35.869+0000] {processor.py:161} INFO - Started process (PID=7548) to work on /home/airflow/.local/lib/python3.12/site-packages/airflow/example_dags/example_task_group_decorator.py
[2024-10-20T06:29:35.870+0000] {processor.py:830} INFO - Processing file /home/airflow/.local/lib/python3.12/site-packages/airflow/example_dags/example_task_group_decorator.py for tasks to queue
[2024-10-20T06:29:35.871+0000] {logging_mixin.py:188} INFO - [2024-10-20T06:29:35.871+0000] {dagbag.py:540} INFO - Filling up the DagBag from /home/airflow/.local/lib/python3.12/site-packages/airflow/example_dags/example_task_group_decorator.py
[2024-10-20T06:29:35.882+0000] {processor.py:840} INFO - DAG(s) 'example_task_group_decorator' retrieved from /home/airflow/.local/lib/python3.12/site-packages/airflow/example_dags/example_task_group_decorator.py
[2024-10-20T06:29:35.899+0000] {logging_mixin.py:188} INFO - [2024-10-20T06:29:35.899+0000] {dag.py:3096} INFO - Sync 1 DAGs
[2024-10-20T06:29:35.915+0000] {logging_mixin.py:188} INFO - [2024-10-20T06:29:35.915+0000] {dag.py:3954} INFO - Setting next_dagrun for example_task_group_decorator to 2024-10-19 00:00:00+00:00, run_after=2024-10-20 00:00:00+00:00
[2024-10-20T06:29:35.931+0000] {processor.py:183} INFO - Processing /home/airflow/.local/lib/python3.12/site-packages/airflow/example_dags/example_task_group_decorator.py took 0.065 seconds
[2024-10-20T06:30:06.409+0000] {processor.py:161} INFO - Started process (PID=7814) to work on /home/airflow/.local/lib/python3.12/site-packages/airflow/example_dags/example_task_group_decorator.py
[2024-10-20T06:30:06.410+0000] {processor.py:830} INFO - Processing file /home/airflow/.local/lib/python3.12/site-packages/airflow/example_dags/example_task_group_decorator.py for tasks to queue
[2024-10-20T06:30:06.411+0000] {logging_mixin.py:188} INFO - [2024-10-20T06:30:06.410+0000] {dagbag.py:540} INFO - Filling up the DagBag from /home/airflow/.local/lib/python3.12/site-packages/airflow/example_dags/example_task_group_decorator.py
[2024-10-20T06:30:06.421+0000] {processor.py:840} INFO - DAG(s) 'example_task_group_decorator' retrieved from /home/airflow/.local/lib/python3.12/site-packages/airflow/example_dags/example_task_group_decorator.py
[2024-10-20T06:30:06.440+0000] {logging_mixin.py:188} INFO - [2024-10-20T06:30:06.440+0000] {dag.py:3096} INFO - Sync 1 DAGs
[2024-10-20T06:30:06.455+0000] {logging_mixin.py:188} INFO - [2024-10-20T06:30:06.455+0000] {dag.py:3954} INFO - Setting next_dagrun for example_task_group_decorator to 2024-10-19 00:00:00+00:00, run_after=2024-10-20 00:00:00+00:00
[2024-10-20T06:30:06.474+0000] {processor.py:183} INFO - Processing /home/airflow/.local/lib/python3.12/site-packages/airflow/example_dags/example_task_group_decorator.py took 0.070 seconds
[2024-10-20T06:30:37.018+0000] {processor.py:161} INFO - Started process (PID=8078) to work on /home/airflow/.local/lib/python3.12/site-packages/airflow/example_dags/example_task_group_decorator.py
[2024-10-20T06:30:37.018+0000] {processor.py:830} INFO - Processing file /home/airflow/.local/lib/python3.12/site-packages/airflow/example_dags/example_task_group_decorator.py for tasks to queue
[2024-10-20T06:30:37.020+0000] {logging_mixin.py:188} INFO - [2024-10-20T06:30:37.020+0000] {dagbag.py:540} INFO - Filling up the DagBag from /home/airflow/.local/lib/python3.12/site-packages/airflow/example_dags/example_task_group_decorator.py
[2024-10-20T06:30:37.031+0000] {processor.py:840} INFO - DAG(s) 'example_task_group_decorator' retrieved from /home/airflow/.local/lib/python3.12/site-packages/airflow/example_dags/example_task_group_decorator.py
[2024-10-20T06:30:37.049+0000] {logging_mixin.py:188} INFO - [2024-10-20T06:30:37.049+0000] {dag.py:3096} INFO - Sync 1 DAGs
[2024-10-20T06:30:37.069+0000] {logging_mixin.py:188} INFO - [2024-10-20T06:30:37.069+0000] {dag.py:3954} INFO - Setting next_dagrun for example_task_group_decorator to 2024-10-19 00:00:00+00:00, run_after=2024-10-20 00:00:00+00:00
[2024-10-20T06:30:37.090+0000] {processor.py:183} INFO - Processing /home/airflow/.local/lib/python3.12/site-packages/airflow/example_dags/example_task_group_decorator.py took 0.078 seconds
[2024-10-20T06:31:07.439+0000] {processor.py:161} INFO - Started process (PID=8346) to work on /home/airflow/.local/lib/python3.12/site-packages/airflow/example_dags/example_task_group_decorator.py
[2024-10-20T06:31:07.439+0000] {processor.py:830} INFO - Processing file /home/airflow/.local/lib/python3.12/site-packages/airflow/example_dags/example_task_group_decorator.py for tasks to queue
[2024-10-20T06:31:07.441+0000] {logging_mixin.py:188} INFO - [2024-10-20T06:31:07.441+0000] {dagbag.py:540} INFO - Filling up the DagBag from /home/airflow/.local/lib/python3.12/site-packages/airflow/example_dags/example_task_group_decorator.py
[2024-10-20T06:31:07.457+0000] {processor.py:840} INFO - DAG(s) 'example_task_group_decorator' retrieved from /home/airflow/.local/lib/python3.12/site-packages/airflow/example_dags/example_task_group_decorator.py
[2024-10-20T06:31:07.478+0000] {logging_mixin.py:188} INFO - [2024-10-20T06:31:07.478+0000] {dag.py:3096} INFO - Sync 1 DAGs
[2024-10-20T06:31:07.494+0000] {logging_mixin.py:188} INFO - [2024-10-20T06:31:07.494+0000] {dag.py:3954} INFO - Setting next_dagrun for example_task_group_decorator to 2024-10-19 00:00:00+00:00, run_after=2024-10-20 00:00:00+00:00
[2024-10-20T06:31:07.515+0000] {processor.py:183} INFO - Processing /home/airflow/.local/lib/python3.12/site-packages/airflow/example_dags/example_task_group_decorator.py took 0.080 seconds
[2024-10-20T06:31:37.928+0000] {processor.py:161} INFO - Started process (PID=8612) to work on /home/airflow/.local/lib/python3.12/site-packages/airflow/example_dags/example_task_group_decorator.py
[2024-10-20T06:31:37.929+0000] {processor.py:830} INFO - Processing file /home/airflow/.local/lib/python3.12/site-packages/airflow/example_dags/example_task_group_decorator.py for tasks to queue
[2024-10-20T06:31:37.930+0000] {logging_mixin.py:188} INFO - [2024-10-20T06:31:37.930+0000] {dagbag.py:540} INFO - Filling up the DagBag from /home/airflow/.local/lib/python3.12/site-packages/airflow/example_dags/example_task_group_decorator.py
[2024-10-20T06:31:37.945+0000] {processor.py:840} INFO - DAG(s) 'example_task_group_decorator' retrieved from /home/airflow/.local/lib/python3.12/site-packages/airflow/example_dags/example_task_group_decorator.py
[2024-10-20T06:31:37.967+0000] {logging_mixin.py:188} INFO - [2024-10-20T06:31:37.967+0000] {dag.py:3096} INFO - Sync 1 DAGs
[2024-10-20T06:31:37.987+0000] {logging_mixin.py:188} INFO - [2024-10-20T06:31:37.987+0000] {dag.py:3954} INFO - Setting next_dagrun for example_task_group_decorator to 2024-10-19 00:00:00+00:00, run_after=2024-10-20 00:00:00+00:00
[2024-10-20T06:31:38.010+0000] {processor.py:183} INFO - Processing /home/airflow/.local/lib/python3.12/site-packages/airflow/example_dags/example_task_group_decorator.py took 0.086 seconds
[2024-10-20T06:32:08.519+0000] {processor.py:161} INFO - Started process (PID=8878) to work on /home/airflow/.local/lib/python3.12/site-packages/airflow/example_dags/example_task_group_decorator.py
[2024-10-20T06:32:08.520+0000] {processor.py:830} INFO - Processing file /home/airflow/.local/lib/python3.12/site-packages/airflow/example_dags/example_task_group_decorator.py for tasks to queue
[2024-10-20T06:32:08.521+0000] {logging_mixin.py:188} INFO - [2024-10-20T06:32:08.521+0000] {dagbag.py:540} INFO - Filling up the DagBag from /home/airflow/.local/lib/python3.12/site-packages/airflow/example_dags/example_task_group_decorator.py
[2024-10-20T06:32:08.532+0000] {processor.py:840} INFO - DAG(s) 'example_task_group_decorator' retrieved from /home/airflow/.local/lib/python3.12/site-packages/airflow/example_dags/example_task_group_decorator.py
[2024-10-20T06:32:08.551+0000] {logging_mixin.py:188} INFO - [2024-10-20T06:32:08.551+0000] {dag.py:3096} INFO - Sync 1 DAGs
[2024-10-20T06:32:08.566+0000] {logging_mixin.py:188} INFO - [2024-10-20T06:32:08.566+0000] {dag.py:3954} INFO - Setting next_dagrun for example_task_group_decorator to 2024-10-19 00:00:00+00:00, run_after=2024-10-20 00:00:00+00:00
[2024-10-20T06:32:08.583+0000] {processor.py:183} INFO - Processing /home/airflow/.local/lib/python3.12/site-packages/airflow/example_dags/example_task_group_decorator.py took 0.068 seconds
[2024-10-20T06:32:39.164+0000] {processor.py:161} INFO - Started process (PID=9144) to work on /home/airflow/.local/lib/python3.12/site-packages/airflow/example_dags/example_task_group_decorator.py
[2024-10-20T06:32:39.165+0000] {processor.py:830} INFO - Processing file /home/airflow/.local/lib/python3.12/site-packages/airflow/example_dags/example_task_group_decorator.py for tasks to queue
[2024-10-20T06:32:39.166+0000] {logging_mixin.py:188} INFO - [2024-10-20T06:32:39.166+0000] {dagbag.py:540} INFO - Filling up the DagBag from /home/airflow/.local/lib/python3.12/site-packages/airflow/example_dags/example_task_group_decorator.py
[2024-10-20T06:32:39.177+0000] {processor.py:840} INFO - DAG(s) 'example_task_group_decorator' retrieved from /home/airflow/.local/lib/python3.12/site-packages/airflow/example_dags/example_task_group_decorator.py
[2024-10-20T06:32:39.195+0000] {logging_mixin.py:188} INFO - [2024-10-20T06:32:39.195+0000] {dag.py:3096} INFO - Sync 1 DAGs
[2024-10-20T06:32:39.211+0000] {logging_mixin.py:188} INFO - [2024-10-20T06:32:39.211+0000] {dag.py:3954} INFO - Setting next_dagrun for example_task_group_decorator to 2024-10-19 00:00:00+00:00, run_after=2024-10-20 00:00:00+00:00
[2024-10-20T06:32:39.227+0000] {processor.py:183} INFO - Processing /home/airflow/.local/lib/python3.12/site-packages/airflow/example_dags/example_task_group_decorator.py took 0.068 seconds
[2024-10-20T06:33:09.893+0000] {processor.py:161} INFO - Started process (PID=9410) to work on /home/airflow/.local/lib/python3.12/site-packages/airflow/example_dags/example_task_group_decorator.py
[2024-10-20T06:33:09.894+0000] {processor.py:830} INFO - Processing file /home/airflow/.local/lib/python3.12/site-packages/airflow/example_dags/example_task_group_decorator.py for tasks to queue
[2024-10-20T06:33:09.896+0000] {logging_mixin.py:188} INFO - [2024-10-20T06:33:09.895+0000] {dagbag.py:540} INFO - Filling up the DagBag from /home/airflow/.local/lib/python3.12/site-packages/airflow/example_dags/example_task_group_decorator.py
[2024-10-20T06:33:09.907+0000] {processor.py:840} INFO - DAG(s) 'example_task_group_decorator' retrieved from /home/airflow/.local/lib/python3.12/site-packages/airflow/example_dags/example_task_group_decorator.py
[2024-10-20T06:33:09.928+0000] {logging_mixin.py:188} INFO - [2024-10-20T06:33:09.928+0000] {dag.py:3096} INFO - Sync 1 DAGs
[2024-10-20T06:33:09.946+0000] {logging_mixin.py:188} INFO - [2024-10-20T06:33:09.945+0000] {dag.py:3954} INFO - Setting next_dagrun for example_task_group_decorator to 2024-10-19 00:00:00+00:00, run_after=2024-10-20 00:00:00+00:00
[2024-10-20T06:33:09.966+0000] {processor.py:183} INFO - Processing /home/airflow/.local/lib/python3.12/site-packages/airflow/example_dags/example_task_group_decorator.py took 0.077 seconds
[2024-10-20T06:33:40.456+0000] {processor.py:161} INFO - Started process (PID=9676) to work on /home/airflow/.local/lib/python3.12/site-packages/airflow/example_dags/example_task_group_decorator.py
[2024-10-20T06:33:40.456+0000] {processor.py:830} INFO - Processing file /home/airflow/.local/lib/python3.12/site-packages/airflow/example_dags/example_task_group_decorator.py for tasks to queue
[2024-10-20T06:33:40.457+0000] {logging_mixin.py:188} INFO - [2024-10-20T06:33:40.457+0000] {dagbag.py:540} INFO - Filling up the DagBag from /home/airflow/.local/lib/python3.12/site-packages/airflow/example_dags/example_task_group_decorator.py
[2024-10-20T06:33:40.468+0000] {processor.py:840} INFO - DAG(s) 'example_task_group_decorator' retrieved from /home/airflow/.local/lib/python3.12/site-packages/airflow/example_dags/example_task_group_decorator.py
[2024-10-20T06:33:40.486+0000] {logging_mixin.py:188} INFO - [2024-10-20T06:33:40.486+0000] {dag.py:3096} INFO - Sync 1 DAGs
[2024-10-20T06:33:40.501+0000] {logging_mixin.py:188} INFO - [2024-10-20T06:33:40.501+0000] {dag.py:3954} INFO - Setting next_dagrun for example_task_group_decorator to 2024-10-19 00:00:00+00:00, run_after=2024-10-20 00:00:00+00:00
[2024-10-20T06:33:40.522+0000] {processor.py:183} INFO - Processing /home/airflow/.local/lib/python3.12/site-packages/airflow/example_dags/example_task_group_decorator.py took 0.070 seconds
[2024-10-20T06:34:11.203+0000] {processor.py:161} INFO - Started process (PID=9940) to work on /home/airflow/.local/lib/python3.12/site-packages/airflow/example_dags/example_task_group_decorator.py
[2024-10-20T06:34:11.204+0000] {processor.py:830} INFO - Processing file /home/airflow/.local/lib/python3.12/site-packages/airflow/example_dags/example_task_group_decorator.py for tasks to queue
[2024-10-20T06:34:11.205+0000] {logging_mixin.py:188} INFO - [2024-10-20T06:34:11.205+0000] {dagbag.py:540} INFO - Filling up the DagBag from /home/airflow/.local/lib/python3.12/site-packages/airflow/example_dags/example_task_group_decorator.py
[2024-10-20T06:34:11.216+0000] {processor.py:840} INFO - DAG(s) 'example_task_group_decorator' retrieved from /home/airflow/.local/lib/python3.12/site-packages/airflow/example_dags/example_task_group_decorator.py
[2024-10-20T06:34:11.235+0000] {logging_mixin.py:188} INFO - [2024-10-20T06:34:11.235+0000] {dag.py:3096} INFO - Sync 1 DAGs
[2024-10-20T06:34:11.256+0000] {logging_mixin.py:188} INFO - [2024-10-20T06:34:11.256+0000] {dag.py:3954} INFO - Setting next_dagrun for example_task_group_decorator to 2024-10-19 00:00:00+00:00, run_after=2024-10-20 00:00:00+00:00
[2024-10-20T06:34:11.277+0000] {processor.py:183} INFO - Processing /home/airflow/.local/lib/python3.12/site-packages/airflow/example_dags/example_task_group_decorator.py took 0.083 seconds
[2024-10-20T06:34:41.751+0000] {processor.py:161} INFO - Started process (PID=10208) to work on /home/airflow/.local/lib/python3.12/site-packages/airflow/example_dags/example_task_group_decorator.py
[2024-10-20T06:34:41.752+0000] {processor.py:830} INFO - Processing file /home/airflow/.local/lib/python3.12/site-packages/airflow/example_dags/example_task_group_decorator.py for tasks to queue
[2024-10-20T06:34:41.754+0000] {logging_mixin.py:188} INFO - [2024-10-20T06:34:41.753+0000] {dagbag.py:540} INFO - Filling up the DagBag from /home/airflow/.local/lib/python3.12/site-packages/airflow/example_dags/example_task_group_decorator.py
[2024-10-20T06:34:41.765+0000] {processor.py:840} INFO - DAG(s) 'example_task_group_decorator' retrieved from /home/airflow/.local/lib/python3.12/site-packages/airflow/example_dags/example_task_group_decorator.py
[2024-10-20T06:34:41.786+0000] {logging_mixin.py:188} INFO - [2024-10-20T06:34:41.785+0000] {dag.py:3096} INFO - Sync 1 DAGs
[2024-10-20T06:34:41.809+0000] {logging_mixin.py:188} INFO - [2024-10-20T06:34:41.809+0000] {dag.py:3954} INFO - Setting next_dagrun for example_task_group_decorator to 2024-10-19 00:00:00+00:00, run_after=2024-10-20 00:00:00+00:00
[2024-10-20T06:34:41.833+0000] {processor.py:183} INFO - Processing /home/airflow/.local/lib/python3.12/site-packages/airflow/example_dags/example_task_group_decorator.py took 0.087 seconds
[2024-10-20T06:35:12.195+0000] {processor.py:161} INFO - Started process (PID=10474) to work on /home/airflow/.local/lib/python3.12/site-packages/airflow/example_dags/example_task_group_decorator.py
[2024-10-20T06:35:12.195+0000] {processor.py:830} INFO - Processing file /home/airflow/.local/lib/python3.12/site-packages/airflow/example_dags/example_task_group_decorator.py for tasks to queue
[2024-10-20T06:35:12.197+0000] {logging_mixin.py:188} INFO - [2024-10-20T06:35:12.196+0000] {dagbag.py:540} INFO - Filling up the DagBag from /home/airflow/.local/lib/python3.12/site-packages/airflow/example_dags/example_task_group_decorator.py
[2024-10-20T06:35:12.207+0000] {processor.py:840} INFO - DAG(s) 'example_task_group_decorator' retrieved from /home/airflow/.local/lib/python3.12/site-packages/airflow/example_dags/example_task_group_decorator.py
[2024-10-20T06:35:12.225+0000] {logging_mixin.py:188} INFO - [2024-10-20T06:35:12.225+0000] {dag.py:3096} INFO - Sync 1 DAGs
[2024-10-20T06:35:12.241+0000] {logging_mixin.py:188} INFO - [2024-10-20T06:35:12.241+0000] {dag.py:3954} INFO - Setting next_dagrun for example_task_group_decorator to 2024-10-19 00:00:00+00:00, run_after=2024-10-20 00:00:00+00:00
[2024-10-20T06:35:12.258+0000] {processor.py:183} INFO - Processing /home/airflow/.local/lib/python3.12/site-packages/airflow/example_dags/example_task_group_decorator.py took 0.068 seconds
[2024-10-20T06:35:42.828+0000] {processor.py:161} INFO - Started process (PID=10747) to work on /home/airflow/.local/lib/python3.12/site-packages/airflow/example_dags/example_task_group_decorator.py
[2024-10-20T06:35:42.829+0000] {processor.py:830} INFO - Processing file /home/airflow/.local/lib/python3.12/site-packages/airflow/example_dags/example_task_group_decorator.py for tasks to queue
[2024-10-20T06:35:42.830+0000] {logging_mixin.py:188} INFO - [2024-10-20T06:35:42.830+0000] {dagbag.py:540} INFO - Filling up the DagBag from /home/airflow/.local/lib/python3.12/site-packages/airflow/example_dags/example_task_group_decorator.py
[2024-10-20T06:35:42.841+0000] {processor.py:840} INFO - DAG(s) 'example_task_group_decorator' retrieved from /home/airflow/.local/lib/python3.12/site-packages/airflow/example_dags/example_task_group_decorator.py
[2024-10-20T06:35:42.864+0000] {logging_mixin.py:188} INFO - [2024-10-20T06:35:42.863+0000] {dag.py:3096} INFO - Sync 1 DAGs
[2024-10-20T06:35:42.883+0000] {logging_mixin.py:188} INFO - [2024-10-20T06:35:42.882+0000] {dag.py:3954} INFO - Setting next_dagrun for example_task_group_decorator to 2024-10-19 00:00:00+00:00, run_after=2024-10-20 00:00:00+00:00
[2024-10-20T06:35:42.900+0000] {processor.py:183} INFO - Processing /home/airflow/.local/lib/python3.12/site-packages/airflow/example_dags/example_task_group_decorator.py took 0.076 seconds
[2024-10-20T06:36:13.569+0000] {processor.py:161} INFO - Started process (PID=11013) to work on /home/airflow/.local/lib/python3.12/site-packages/airflow/example_dags/example_task_group_decorator.py
[2024-10-20T06:36:13.570+0000] {processor.py:830} INFO - Processing file /home/airflow/.local/lib/python3.12/site-packages/airflow/example_dags/example_task_group_decorator.py for tasks to queue
[2024-10-20T06:36:13.571+0000] {logging_mixin.py:188} INFO - [2024-10-20T06:36:13.571+0000] {dagbag.py:540} INFO - Filling up the DagBag from /home/airflow/.local/lib/python3.12/site-packages/airflow/example_dags/example_task_group_decorator.py
[2024-10-20T06:36:13.587+0000] {processor.py:840} INFO - DAG(s) 'example_task_group_decorator' retrieved from /home/airflow/.local/lib/python3.12/site-packages/airflow/example_dags/example_task_group_decorator.py
[2024-10-20T06:36:13.610+0000] {logging_mixin.py:188} INFO - [2024-10-20T06:36:13.610+0000] {dag.py:3096} INFO - Sync 1 DAGs
[2024-10-20T06:36:13.628+0000] {logging_mixin.py:188} INFO - [2024-10-20T06:36:13.628+0000] {dag.py:3954} INFO - Setting next_dagrun for example_task_group_decorator to 2024-10-19 00:00:00+00:00, run_after=2024-10-20 00:00:00+00:00
[2024-10-20T06:36:13.647+0000] {processor.py:183} INFO - Processing /home/airflow/.local/lib/python3.12/site-packages/airflow/example_dags/example_task_group_decorator.py took 0.084 seconds
[2024-10-20T06:36:44.202+0000] {processor.py:161} INFO - Started process (PID=11280) to work on /home/airflow/.local/lib/python3.12/site-packages/airflow/example_dags/example_task_group_decorator.py
[2024-10-20T06:36:44.203+0000] {processor.py:830} INFO - Processing file /home/airflow/.local/lib/python3.12/site-packages/airflow/example_dags/example_task_group_decorator.py for tasks to queue
[2024-10-20T06:36:44.204+0000] {logging_mixin.py:188} INFO - [2024-10-20T06:36:44.204+0000] {dagbag.py:540} INFO - Filling up the DagBag from /home/airflow/.local/lib/python3.12/site-packages/airflow/example_dags/example_task_group_decorator.py
[2024-10-20T06:36:44.215+0000] {processor.py:840} INFO - DAG(s) 'example_task_group_decorator' retrieved from /home/airflow/.local/lib/python3.12/site-packages/airflow/example_dags/example_task_group_decorator.py
[2024-10-20T06:36:44.234+0000] {logging_mixin.py:188} INFO - [2024-10-20T06:36:44.233+0000] {dag.py:3096} INFO - Sync 1 DAGs
[2024-10-20T06:36:44.249+0000] {logging_mixin.py:188} INFO - [2024-10-20T06:36:44.249+0000] {dag.py:3954} INFO - Setting next_dagrun for example_task_group_decorator to 2024-10-19 00:00:00+00:00, run_after=2024-10-20 00:00:00+00:00
[2024-10-20T06:36:44.267+0000] {processor.py:183} INFO - Processing /home/airflow/.local/lib/python3.12/site-packages/airflow/example_dags/example_task_group_decorator.py took 0.069 seconds
[2024-10-20T06:37:14.925+0000] {processor.py:161} INFO - Started process (PID=11546) to work on /home/airflow/.local/lib/python3.12/site-packages/airflow/example_dags/example_task_group_decorator.py
[2024-10-20T06:37:14.926+0000] {processor.py:830} INFO - Processing file /home/airflow/.local/lib/python3.12/site-packages/airflow/example_dags/example_task_group_decorator.py for tasks to queue
[2024-10-20T06:37:14.927+0000] {logging_mixin.py:188} INFO - [2024-10-20T06:37:14.927+0000] {dagbag.py:540} INFO - Filling up the DagBag from /home/airflow/.local/lib/python3.12/site-packages/airflow/example_dags/example_task_group_decorator.py
[2024-10-20T06:37:14.943+0000] {processor.py:840} INFO - DAG(s) 'example_task_group_decorator' retrieved from /home/airflow/.local/lib/python3.12/site-packages/airflow/example_dags/example_task_group_decorator.py
[2024-10-20T06:37:14.966+0000] {logging_mixin.py:188} INFO - [2024-10-20T06:37:14.966+0000] {dag.py:3096} INFO - Sync 1 DAGs
[2024-10-20T06:37:14.987+0000] {logging_mixin.py:188} INFO - [2024-10-20T06:37:14.987+0000] {dag.py:3954} INFO - Setting next_dagrun for example_task_group_decorator to 2024-10-19 00:00:00+00:00, run_after=2024-10-20 00:00:00+00:00
[2024-10-20T06:37:15.012+0000] {processor.py:183} INFO - Processing /home/airflow/.local/lib/python3.12/site-packages/airflow/example_dags/example_task_group_decorator.py took 0.093 seconds
[2024-10-20T06:37:45.550+0000] {processor.py:161} INFO - Started process (PID=11812) to work on /home/airflow/.local/lib/python3.12/site-packages/airflow/example_dags/example_task_group_decorator.py
[2024-10-20T06:37:45.551+0000] {processor.py:830} INFO - Processing file /home/airflow/.local/lib/python3.12/site-packages/airflow/example_dags/example_task_group_decorator.py for tasks to queue
[2024-10-20T06:37:45.553+0000] {logging_mixin.py:188} INFO - [2024-10-20T06:37:45.552+0000] {dagbag.py:540} INFO - Filling up the DagBag from /home/airflow/.local/lib/python3.12/site-packages/airflow/example_dags/example_task_group_decorator.py
[2024-10-20T06:37:45.565+0000] {processor.py:840} INFO - DAG(s) 'example_task_group_decorator' retrieved from /home/airflow/.local/lib/python3.12/site-packages/airflow/example_dags/example_task_group_decorator.py
[2024-10-20T06:37:45.585+0000] {logging_mixin.py:188} INFO - [2024-10-20T06:37:45.585+0000] {dag.py:3096} INFO - Sync 1 DAGs
[2024-10-20T06:37:45.603+0000] {logging_mixin.py:188} INFO - [2024-10-20T06:37:45.602+0000] {dag.py:3954} INFO - Setting next_dagrun for example_task_group_decorator to 2024-10-19 00:00:00+00:00, run_after=2024-10-20 00:00:00+00:00
[2024-10-20T06:37:45.619+0000] {processor.py:183} INFO - Processing /home/airflow/.local/lib/python3.12/site-packages/airflow/example_dags/example_task_group_decorator.py took 0.074 seconds
[2024-10-20T06:38:16.046+0000] {processor.py:161} INFO - Started process (PID=12078) to work on /home/airflow/.local/lib/python3.12/site-packages/airflow/example_dags/example_task_group_decorator.py
[2024-10-20T06:38:16.047+0000] {processor.py:830} INFO - Processing file /home/airflow/.local/lib/python3.12/site-packages/airflow/example_dags/example_task_group_decorator.py for tasks to queue
[2024-10-20T06:38:16.048+0000] {logging_mixin.py:188} INFO - [2024-10-20T06:38:16.048+0000] {dagbag.py:540} INFO - Filling up the DagBag from /home/airflow/.local/lib/python3.12/site-packages/airflow/example_dags/example_task_group_decorator.py
[2024-10-20T06:38:16.059+0000] {processor.py:840} INFO - DAG(s) 'example_task_group_decorator' retrieved from /home/airflow/.local/lib/python3.12/site-packages/airflow/example_dags/example_task_group_decorator.py
[2024-10-20T06:38:16.078+0000] {logging_mixin.py:188} INFO - [2024-10-20T06:38:16.078+0000] {dag.py:3096} INFO - Sync 1 DAGs
[2024-10-20T06:38:16.093+0000] {logging_mixin.py:188} INFO - [2024-10-20T06:38:16.093+0000] {dag.py:3954} INFO - Setting next_dagrun for example_task_group_decorator to 2024-10-19 00:00:00+00:00, run_after=2024-10-20 00:00:00+00:00
[2024-10-20T06:38:16.113+0000] {processor.py:183} INFO - Processing /home/airflow/.local/lib/python3.12/site-packages/airflow/example_dags/example_task_group_decorator.py took 0.071 seconds
[2024-10-20T06:38:46.647+0000] {processor.py:161} INFO - Started process (PID=12344) to work on /home/airflow/.local/lib/python3.12/site-packages/airflow/example_dags/example_task_group_decorator.py
[2024-10-20T06:38:46.647+0000] {processor.py:830} INFO - Processing file /home/airflow/.local/lib/python3.12/site-packages/airflow/example_dags/example_task_group_decorator.py for tasks to queue
[2024-10-20T06:38:46.648+0000] {logging_mixin.py:188} INFO - [2024-10-20T06:38:46.648+0000] {dagbag.py:540} INFO - Filling up the DagBag from /home/airflow/.local/lib/python3.12/site-packages/airflow/example_dags/example_task_group_decorator.py
[2024-10-20T06:38:46.660+0000] {processor.py:840} INFO - DAG(s) 'example_task_group_decorator' retrieved from /home/airflow/.local/lib/python3.12/site-packages/airflow/example_dags/example_task_group_decorator.py
[2024-10-20T06:38:46.678+0000] {logging_mixin.py:188} INFO - [2024-10-20T06:38:46.678+0000] {dag.py:3096} INFO - Sync 1 DAGs
[2024-10-20T06:38:46.694+0000] {logging_mixin.py:188} INFO - [2024-10-20T06:38:46.694+0000] {dag.py:3954} INFO - Setting next_dagrun for example_task_group_decorator to 2024-10-19 00:00:00+00:00, run_after=2024-10-20 00:00:00+00:00
[2024-10-20T06:38:46.714+0000] {processor.py:183} INFO - Processing /home/airflow/.local/lib/python3.12/site-packages/airflow/example_dags/example_task_group_decorator.py took 0.071 seconds
[2024-10-20T06:39:17.227+0000] {processor.py:161} INFO - Started process (PID=12610) to work on /home/airflow/.local/lib/python3.12/site-packages/airflow/example_dags/example_task_group_decorator.py
[2024-10-20T06:39:17.228+0000] {processor.py:830} INFO - Processing file /home/airflow/.local/lib/python3.12/site-packages/airflow/example_dags/example_task_group_decorator.py for tasks to queue
[2024-10-20T06:39:17.229+0000] {logging_mixin.py:188} INFO - [2024-10-20T06:39:17.229+0000] {dagbag.py:540} INFO - Filling up the DagBag from /home/airflow/.local/lib/python3.12/site-packages/airflow/example_dags/example_task_group_decorator.py
[2024-10-20T06:39:17.240+0000] {processor.py:840} INFO - DAG(s) 'example_task_group_decorator' retrieved from /home/airflow/.local/lib/python3.12/site-packages/airflow/example_dags/example_task_group_decorator.py
[2024-10-20T06:39:17.259+0000] {logging_mixin.py:188} INFO - [2024-10-20T06:39:17.258+0000] {dag.py:3096} INFO - Sync 1 DAGs
[2024-10-20T06:39:17.274+0000] {logging_mixin.py:188} INFO - [2024-10-20T06:39:17.274+0000] {dag.py:3954} INFO - Setting next_dagrun for example_task_group_decorator to 2024-10-19 00:00:00+00:00, run_after=2024-10-20 00:00:00+00:00
[2024-10-20T06:39:17.292+0000] {processor.py:183} INFO - Processing /home/airflow/.local/lib/python3.12/site-packages/airflow/example_dags/example_task_group_decorator.py took 0.070 seconds
[2024-10-20T06:39:47.830+0000] {processor.py:161} INFO - Started process (PID=12876) to work on /home/airflow/.local/lib/python3.12/site-packages/airflow/example_dags/example_task_group_decorator.py
[2024-10-20T06:39:47.831+0000] {processor.py:830} INFO - Processing file /home/airflow/.local/lib/python3.12/site-packages/airflow/example_dags/example_task_group_decorator.py for tasks to queue
[2024-10-20T06:39:47.832+0000] {logging_mixin.py:188} INFO - [2024-10-20T06:39:47.832+0000] {dagbag.py:540} INFO - Filling up the DagBag from /home/airflow/.local/lib/python3.12/site-packages/airflow/example_dags/example_task_group_decorator.py
[2024-10-20T06:39:47.843+0000] {processor.py:840} INFO - DAG(s) 'example_task_group_decorator' retrieved from /home/airflow/.local/lib/python3.12/site-packages/airflow/example_dags/example_task_group_decorator.py
[2024-10-20T06:39:47.861+0000] {logging_mixin.py:188} INFO - [2024-10-20T06:39:47.861+0000] {dag.py:3096} INFO - Sync 1 DAGs
[2024-10-20T06:39:47.877+0000] {logging_mixin.py:188} INFO - [2024-10-20T06:39:47.876+0000] {dag.py:3954} INFO - Setting next_dagrun for example_task_group_decorator to 2024-10-19 00:00:00+00:00, run_after=2024-10-20 00:00:00+00:00
[2024-10-20T06:39:47.895+0000] {processor.py:183} INFO - Processing /home/airflow/.local/lib/python3.12/site-packages/airflow/example_dags/example_task_group_decorator.py took 0.069 seconds
[2024-10-20T06:40:18.394+0000] {processor.py:161} INFO - Started process (PID=13142) to work on /home/airflow/.local/lib/python3.12/site-packages/airflow/example_dags/example_task_group_decorator.py
[2024-10-20T06:40:18.394+0000] {processor.py:830} INFO - Processing file /home/airflow/.local/lib/python3.12/site-packages/airflow/example_dags/example_task_group_decorator.py for tasks to queue
[2024-10-20T06:40:18.395+0000] {logging_mixin.py:188} INFO - [2024-10-20T06:40:18.395+0000] {dagbag.py:540} INFO - Filling up the DagBag from /home/airflow/.local/lib/python3.12/site-packages/airflow/example_dags/example_task_group_decorator.py
[2024-10-20T06:40:18.411+0000] {processor.py:840} INFO - DAG(s) 'example_task_group_decorator' retrieved from /home/airflow/.local/lib/python3.12/site-packages/airflow/example_dags/example_task_group_decorator.py
[2024-10-20T06:40:18.435+0000] {logging_mixin.py:188} INFO - [2024-10-20T06:40:18.435+0000] {dag.py:3096} INFO - Sync 1 DAGs
[2024-10-20T06:40:18.456+0000] {logging_mixin.py:188} INFO - [2024-10-20T06:40:18.456+0000] {dag.py:3954} INFO - Setting next_dagrun for example_task_group_decorator to 2024-10-19 00:00:00+00:00, run_after=2024-10-20 00:00:00+00:00
[2024-10-20T06:40:18.479+0000] {processor.py:183} INFO - Processing /home/airflow/.local/lib/python3.12/site-packages/airflow/example_dags/example_task_group_decorator.py took 0.090 seconds
[2024-10-20T06:40:49.128+0000] {processor.py:161} INFO - Started process (PID=13408) to work on /home/airflow/.local/lib/python3.12/site-packages/airflow/example_dags/example_task_group_decorator.py
[2024-10-20T06:40:49.129+0000] {processor.py:830} INFO - Processing file /home/airflow/.local/lib/python3.12/site-packages/airflow/example_dags/example_task_group_decorator.py for tasks to queue
[2024-10-20T06:40:49.130+0000] {logging_mixin.py:188} INFO - [2024-10-20T06:40:49.130+0000] {dagbag.py:540} INFO - Filling up the DagBag from /home/airflow/.local/lib/python3.12/site-packages/airflow/example_dags/example_task_group_decorator.py
[2024-10-20T06:40:49.141+0000] {processor.py:840} INFO - DAG(s) 'example_task_group_decorator' retrieved from /home/airflow/.local/lib/python3.12/site-packages/airflow/example_dags/example_task_group_decorator.py
[2024-10-20T06:40:49.159+0000] {logging_mixin.py:188} INFO - [2024-10-20T06:40:49.159+0000] {dag.py:3096} INFO - Sync 1 DAGs
[2024-10-20T06:40:49.175+0000] {logging_mixin.py:188} INFO - [2024-10-20T06:40:49.175+0000] {dag.py:3954} INFO - Setting next_dagrun for example_task_group_decorator to 2024-10-19 00:00:00+00:00, run_after=2024-10-20 00:00:00+00:00
[2024-10-20T06:40:49.190+0000] {processor.py:183} INFO - Processing /home/airflow/.local/lib/python3.12/site-packages/airflow/example_dags/example_task_group_decorator.py took 0.067 seconds
[2024-10-20T06:41:19.733+0000] {processor.py:161} INFO - Started process (PID=13674) to work on /home/airflow/.local/lib/python3.12/site-packages/airflow/example_dags/example_task_group_decorator.py
[2024-10-20T06:41:19.733+0000] {processor.py:830} INFO - Processing file /home/airflow/.local/lib/python3.12/site-packages/airflow/example_dags/example_task_group_decorator.py for tasks to queue
[2024-10-20T06:41:19.735+0000] {logging_mixin.py:188} INFO - [2024-10-20T06:41:19.735+0000] {dagbag.py:540} INFO - Filling up the DagBag from /home/airflow/.local/lib/python3.12/site-packages/airflow/example_dags/example_task_group_decorator.py
[2024-10-20T06:41:19.751+0000] {processor.py:840} INFO - DAG(s) 'example_task_group_decorator' retrieved from /home/airflow/.local/lib/python3.12/site-packages/airflow/example_dags/example_task_group_decorator.py
[2024-10-20T06:41:19.769+0000] {logging_mixin.py:188} INFO - [2024-10-20T06:41:19.769+0000] {dag.py:3096} INFO - Sync 1 DAGs
[2024-10-20T06:41:19.785+0000] {logging_mixin.py:188} INFO - [2024-10-20T06:41:19.785+0000] {dag.py:3954} INFO - Setting next_dagrun for example_task_group_decorator to 2024-10-19 00:00:00+00:00, run_after=2024-10-20 00:00:00+00:00
[2024-10-20T06:41:19.802+0000] {processor.py:183} INFO - Processing /home/airflow/.local/lib/python3.12/site-packages/airflow/example_dags/example_task_group_decorator.py took 0.075 seconds
[2024-10-20T06:41:50.352+0000] {processor.py:161} INFO - Started process (PID=13940) to work on /home/airflow/.local/lib/python3.12/site-packages/airflow/example_dags/example_task_group_decorator.py
[2024-10-20T06:41:50.353+0000] {processor.py:830} INFO - Processing file /home/airflow/.local/lib/python3.12/site-packages/airflow/example_dags/example_task_group_decorator.py for tasks to queue
[2024-10-20T06:41:50.354+0000] {logging_mixin.py:188} INFO - [2024-10-20T06:41:50.354+0000] {dagbag.py:540} INFO - Filling up the DagBag from /home/airflow/.local/lib/python3.12/site-packages/airflow/example_dags/example_task_group_decorator.py
[2024-10-20T06:41:50.365+0000] {processor.py:840} INFO - DAG(s) 'example_task_group_decorator' retrieved from /home/airflow/.local/lib/python3.12/site-packages/airflow/example_dags/example_task_group_decorator.py
[2024-10-20T06:41:50.383+0000] {logging_mixin.py:188} INFO - [2024-10-20T06:41:50.383+0000] {dag.py:3096} INFO - Sync 1 DAGs
[2024-10-20T06:41:50.399+0000] {logging_mixin.py:188} INFO - [2024-10-20T06:41:50.398+0000] {dag.py:3954} INFO - Setting next_dagrun for example_task_group_decorator to 2024-10-19 00:00:00+00:00, run_after=2024-10-20 00:00:00+00:00
[2024-10-20T06:41:50.416+0000] {processor.py:183} INFO - Processing /home/airflow/.local/lib/python3.12/site-packages/airflow/example_dags/example_task_group_decorator.py took 0.068 seconds
[2024-10-20T06:42:20.929+0000] {processor.py:161} INFO - Started process (PID=14206) to work on /home/airflow/.local/lib/python3.12/site-packages/airflow/example_dags/example_task_group_decorator.py
[2024-10-20T06:42:20.930+0000] {processor.py:830} INFO - Processing file /home/airflow/.local/lib/python3.12/site-packages/airflow/example_dags/example_task_group_decorator.py for tasks to queue
[2024-10-20T06:42:20.931+0000] {logging_mixin.py:188} INFO - [2024-10-20T06:42:20.931+0000] {dagbag.py:540} INFO - Filling up the DagBag from /home/airflow/.local/lib/python3.12/site-packages/airflow/example_dags/example_task_group_decorator.py
[2024-10-20T06:42:20.946+0000] {processor.py:840} INFO - DAG(s) 'example_task_group_decorator' retrieved from /home/airflow/.local/lib/python3.12/site-packages/airflow/example_dags/example_task_group_decorator.py
[2024-10-20T06:42:20.967+0000] {logging_mixin.py:188} INFO - [2024-10-20T06:42:20.967+0000] {dag.py:3096} INFO - Sync 1 DAGs
[2024-10-20T06:42:20.989+0000] {logging_mixin.py:188} INFO - [2024-10-20T06:42:20.988+0000] {dag.py:3954} INFO - Setting next_dagrun for example_task_group_decorator to 2024-10-19 00:00:00+00:00, run_after=2024-10-20 00:00:00+00:00
[2024-10-20T06:42:21.016+0000] {processor.py:183} INFO - Processing /home/airflow/.local/lib/python3.12/site-packages/airflow/example_dags/example_task_group_decorator.py took 0.091 seconds
[2024-10-20T06:42:51.539+0000] {processor.py:161} INFO - Started process (PID=14472) to work on /home/airflow/.local/lib/python3.12/site-packages/airflow/example_dags/example_task_group_decorator.py
[2024-10-20T06:42:51.540+0000] {processor.py:830} INFO - Processing file /home/airflow/.local/lib/python3.12/site-packages/airflow/example_dags/example_task_group_decorator.py for tasks to queue
[2024-10-20T06:42:51.541+0000] {logging_mixin.py:188} INFO - [2024-10-20T06:42:51.541+0000] {dagbag.py:540} INFO - Filling up the DagBag from /home/airflow/.local/lib/python3.12/site-packages/airflow/example_dags/example_task_group_decorator.py
[2024-10-20T06:42:51.557+0000] {processor.py:840} INFO - DAG(s) 'example_task_group_decorator' retrieved from /home/airflow/.local/lib/python3.12/site-packages/airflow/example_dags/example_task_group_decorator.py
[2024-10-20T06:42:51.581+0000] {logging_mixin.py:188} INFO - [2024-10-20T06:42:51.580+0000] {dag.py:3096} INFO - Sync 1 DAGs
[2024-10-20T06:42:51.602+0000] {logging_mixin.py:188} INFO - [2024-10-20T06:42:51.602+0000] {dag.py:3954} INFO - Setting next_dagrun for example_task_group_decorator to 2024-10-19 00:00:00+00:00, run_after=2024-10-20 00:00:00+00:00
[2024-10-20T06:42:51.622+0000] {processor.py:183} INFO - Processing /home/airflow/.local/lib/python3.12/site-packages/airflow/example_dags/example_task_group_decorator.py took 0.089 seconds
[2024-10-20T06:43:22.232+0000] {processor.py:161} INFO - Started process (PID=14738) to work on /home/airflow/.local/lib/python3.12/site-packages/airflow/example_dags/example_task_group_decorator.py
[2024-10-20T06:43:22.232+0000] {processor.py:830} INFO - Processing file /home/airflow/.local/lib/python3.12/site-packages/airflow/example_dags/example_task_group_decorator.py for tasks to queue
[2024-10-20T06:43:22.233+0000] {logging_mixin.py:188} INFO - [2024-10-20T06:43:22.233+0000] {dagbag.py:540} INFO - Filling up the DagBag from /home/airflow/.local/lib/python3.12/site-packages/airflow/example_dags/example_task_group_decorator.py
[2024-10-20T06:43:22.244+0000] {processor.py:840} INFO - DAG(s) 'example_task_group_decorator' retrieved from /home/airflow/.local/lib/python3.12/site-packages/airflow/example_dags/example_task_group_decorator.py
[2024-10-20T06:43:22.263+0000] {logging_mixin.py:188} INFO - [2024-10-20T06:43:22.263+0000] {dag.py:3096} INFO - Sync 1 DAGs
[2024-10-20T06:43:22.279+0000] {logging_mixin.py:188} INFO - [2024-10-20T06:43:22.279+0000] {dag.py:3954} INFO - Setting next_dagrun for example_task_group_decorator to 2024-10-19 00:00:00+00:00, run_after=2024-10-20 00:00:00+00:00
[2024-10-20T06:43:22.296+0000] {processor.py:183} INFO - Processing /home/airflow/.local/lib/python3.12/site-packages/airflow/example_dags/example_task_group_decorator.py took 0.068 seconds
[2024-10-20T06:43:52.794+0000] {processor.py:161} INFO - Started process (PID=15004) to work on /home/airflow/.local/lib/python3.12/site-packages/airflow/example_dags/example_task_group_decorator.py
[2024-10-20T06:43:52.794+0000] {processor.py:830} INFO - Processing file /home/airflow/.local/lib/python3.12/site-packages/airflow/example_dags/example_task_group_decorator.py for tasks to queue
[2024-10-20T06:43:52.795+0000] {logging_mixin.py:188} INFO - [2024-10-20T06:43:52.795+0000] {dagbag.py:540} INFO - Filling up the DagBag from /home/airflow/.local/lib/python3.12/site-packages/airflow/example_dags/example_task_group_decorator.py
[2024-10-20T06:43:52.806+0000] {processor.py:840} INFO - DAG(s) 'example_task_group_decorator' retrieved from /home/airflow/.local/lib/python3.12/site-packages/airflow/example_dags/example_task_group_decorator.py
[2024-10-20T06:43:52.824+0000] {logging_mixin.py:188} INFO - [2024-10-20T06:43:52.824+0000] {dag.py:3096} INFO - Sync 1 DAGs
[2024-10-20T06:43:52.840+0000] {logging_mixin.py:188} INFO - [2024-10-20T06:43:52.840+0000] {dag.py:3954} INFO - Setting next_dagrun for example_task_group_decorator to 2024-10-19 00:00:00+00:00, run_after=2024-10-20 00:00:00+00:00
[2024-10-20T06:43:52.856+0000] {processor.py:183} INFO - Processing /home/airflow/.local/lib/python3.12/site-packages/airflow/example_dags/example_task_group_decorator.py took 0.066 seconds
[2024-10-20T06:44:23.421+0000] {processor.py:161} INFO - Started process (PID=15270) to work on /home/airflow/.local/lib/python3.12/site-packages/airflow/example_dags/example_task_group_decorator.py
[2024-10-20T06:44:23.422+0000] {processor.py:830} INFO - Processing file /home/airflow/.local/lib/python3.12/site-packages/airflow/example_dags/example_task_group_decorator.py for tasks to queue
[2024-10-20T06:44:23.423+0000] {logging_mixin.py:188} INFO - [2024-10-20T06:44:23.423+0000] {dagbag.py:540} INFO - Filling up the DagBag from /home/airflow/.local/lib/python3.12/site-packages/airflow/example_dags/example_task_group_decorator.py
[2024-10-20T06:44:23.434+0000] {processor.py:840} INFO - DAG(s) 'example_task_group_decorator' retrieved from /home/airflow/.local/lib/python3.12/site-packages/airflow/example_dags/example_task_group_decorator.py
[2024-10-20T06:44:23.453+0000] {logging_mixin.py:188} INFO - [2024-10-20T06:44:23.452+0000] {dag.py:3096} INFO - Sync 1 DAGs
[2024-10-20T06:44:23.468+0000] {logging_mixin.py:188} INFO - [2024-10-20T06:44:23.468+0000] {dag.py:3954} INFO - Setting next_dagrun for example_task_group_decorator to 2024-10-19 00:00:00+00:00, run_after=2024-10-20 00:00:00+00:00
[2024-10-20T06:44:23.483+0000] {processor.py:183} INFO - Processing /home/airflow/.local/lib/python3.12/site-packages/airflow/example_dags/example_task_group_decorator.py took 0.066 seconds
