[2024-10-20T06:15:41.384+0000] {processor.py:161} INFO - Started process (PID=235) to work on /home/airflow/.local/lib/python3.12/site-packages/airflow/example_dags/tutorial_taskflow_api.py
[2024-10-20T06:15:41.385+0000] {processor.py:830} INFO - Processing file /home/airflow/.local/lib/python3.12/site-packages/airflow/example_dags/tutorial_taskflow_api.py for tasks to queue
[2024-10-20T06:15:41.386+0000] {logging_mixin.py:188} INFO - [2024-10-20T06:15:41.386+0000] {dagbag.py:540} INFO - Filling up the DagBag from /home/airflow/.local/lib/python3.12/site-packages/airflow/example_dags/tutorial_taskflow_api.py
[2024-10-20T06:15:41.399+0000] {processor.py:840} INFO - DAG(s) 'tutorial_taskflow_api' retrieved from /home/airflow/.local/lib/python3.12/site-packages/airflow/example_dags/tutorial_taskflow_api.py
[2024-10-20T06:15:41.425+0000] {logging_mixin.py:188} INFO - [2024-10-20T06:15:41.425+0000] {dag.py:3096} INFO - Sync 1 DAGs
[2024-10-20T06:15:41.441+0000] {logging_mixin.py:188} INFO - [2024-10-20T06:15:41.441+0000] {dag.py:3954} INFO - Setting next_dagrun for tutorial_taskflow_api to None, run_after=None
[2024-10-20T06:15:41.476+0000] {processor.py:183} INFO - Processing /home/airflow/.local/lib/python3.12/site-packages/airflow/example_dags/tutorial_taskflow_api.py took 0.096 seconds
[2024-10-20T06:16:12.243+0000] {processor.py:161} INFO - Started process (PID=503) to work on /home/airflow/.local/lib/python3.12/site-packages/airflow/example_dags/tutorial_taskflow_api.py
[2024-10-20T06:16:12.244+0000] {processor.py:830} INFO - Processing file /home/airflow/.local/lib/python3.12/site-packages/airflow/example_dags/tutorial_taskflow_api.py for tasks to queue
[2024-10-20T06:16:12.245+0000] {logging_mixin.py:188} INFO - [2024-10-20T06:16:12.245+0000] {dagbag.py:540} INFO - Filling up the DagBag from /home/airflow/.local/lib/python3.12/site-packages/airflow/example_dags/tutorial_taskflow_api.py
[2024-10-20T06:16:12.252+0000] {processor.py:840} INFO - DAG(s) 'tutorial_taskflow_api' retrieved from /home/airflow/.local/lib/python3.12/site-packages/airflow/example_dags/tutorial_taskflow_api.py
[2024-10-20T06:16:12.271+0000] {logging_mixin.py:188} INFO - [2024-10-20T06:16:12.270+0000] {dag.py:3096} INFO - Sync 1 DAGs
[2024-10-20T06:16:12.283+0000] {logging_mixin.py:188} INFO - [2024-10-20T06:16:12.283+0000] {dag.py:3954} INFO - Setting next_dagrun for tutorial_taskflow_api to None, run_after=None
[2024-10-20T06:16:12.315+0000] {processor.py:183} INFO - Processing /home/airflow/.local/lib/python3.12/site-packages/airflow/example_dags/tutorial_taskflow_api.py took 0.076 seconds
[2024-10-20T06:16:45.881+0000] {processor.py:161} INFO - Started process (PID=769) to work on /home/airflow/.local/lib/python3.12/site-packages/airflow/example_dags/tutorial_taskflow_api.py
[2024-10-20T06:16:45.882+0000] {processor.py:830} INFO - Processing file /home/airflow/.local/lib/python3.12/site-packages/airflow/example_dags/tutorial_taskflow_api.py for tasks to queue
[2024-10-20T06:16:45.883+0000] {logging_mixin.py:188} INFO - [2024-10-20T06:16:45.883+0000] {dagbag.py:540} INFO - Filling up the DagBag from /home/airflow/.local/lib/python3.12/site-packages/airflow/example_dags/tutorial_taskflow_api.py
[2024-10-20T06:16:45.891+0000] {processor.py:840} INFO - DAG(s) 'tutorial_taskflow_api' retrieved from /home/airflow/.local/lib/python3.12/site-packages/airflow/example_dags/tutorial_taskflow_api.py
[2024-10-20T06:16:45.910+0000] {logging_mixin.py:188} INFO - [2024-10-20T06:16:45.910+0000] {dag.py:3096} INFO - Sync 1 DAGs
[2024-10-20T06:16:45.922+0000] {logging_mixin.py:188} INFO - [2024-10-20T06:16:45.922+0000] {dag.py:3954} INFO - Setting next_dagrun for tutorial_taskflow_api to None, run_after=None
[2024-10-20T06:16:45.950+0000] {processor.py:183} INFO - Processing /home/airflow/.local/lib/python3.12/site-packages/airflow/example_dags/tutorial_taskflow_api.py took 0.075 seconds
[2024-10-20T06:17:16.373+0000] {processor.py:161} INFO - Started process (PID=1035) to work on /home/airflow/.local/lib/python3.12/site-packages/airflow/example_dags/tutorial_taskflow_api.py
[2024-10-20T06:17:16.373+0000] {processor.py:830} INFO - Processing file /home/airflow/.local/lib/python3.12/site-packages/airflow/example_dags/tutorial_taskflow_api.py for tasks to queue
[2024-10-20T06:17:16.375+0000] {logging_mixin.py:188} INFO - [2024-10-20T06:17:16.374+0000] {dagbag.py:540} INFO - Filling up the DagBag from /home/airflow/.local/lib/python3.12/site-packages/airflow/example_dags/tutorial_taskflow_api.py
[2024-10-20T06:17:16.379+0000] {processor.py:840} INFO - DAG(s) 'tutorial_taskflow_api' retrieved from /home/airflow/.local/lib/python3.12/site-packages/airflow/example_dags/tutorial_taskflow_api.py
[2024-10-20T06:17:16.394+0000] {logging_mixin.py:188} INFO - [2024-10-20T06:17:16.393+0000] {dag.py:3096} INFO - Sync 1 DAGs
[2024-10-20T06:17:16.403+0000] {logging_mixin.py:188} INFO - [2024-10-20T06:17:16.402+0000] {dag.py:3954} INFO - Setting next_dagrun for tutorial_taskflow_api to None, run_after=None
[2024-10-20T06:17:16.422+0000] {processor.py:183} INFO - Processing /home/airflow/.local/lib/python3.12/site-packages/airflow/example_dags/tutorial_taskflow_api.py took 0.053 seconds
[2024-10-20T06:17:47.150+0000] {processor.py:161} INFO - Started process (PID=1301) to work on /home/airflow/.local/lib/python3.12/site-packages/airflow/example_dags/tutorial_taskflow_api.py
[2024-10-20T06:17:47.151+0000] {processor.py:830} INFO - Processing file /home/airflow/.local/lib/python3.12/site-packages/airflow/example_dags/tutorial_taskflow_api.py for tasks to queue
[2024-10-20T06:17:47.152+0000] {logging_mixin.py:188} INFO - [2024-10-20T06:17:47.152+0000] {dagbag.py:540} INFO - Filling up the DagBag from /home/airflow/.local/lib/python3.12/site-packages/airflow/example_dags/tutorial_taskflow_api.py
[2024-10-20T06:17:47.157+0000] {processor.py:840} INFO - DAG(s) 'tutorial_taskflow_api' retrieved from /home/airflow/.local/lib/python3.12/site-packages/airflow/example_dags/tutorial_taskflow_api.py
[2024-10-20T06:17:47.171+0000] {logging_mixin.py:188} INFO - [2024-10-20T06:17:47.171+0000] {dag.py:3096} INFO - Sync 1 DAGs
[2024-10-20T06:17:47.180+0000] {logging_mixin.py:188} INFO - [2024-10-20T06:17:47.180+0000] {dag.py:3954} INFO - Setting next_dagrun for tutorial_taskflow_api to None, run_after=None
[2024-10-20T06:17:47.198+0000] {processor.py:183} INFO - Processing /home/airflow/.local/lib/python3.12/site-packages/airflow/example_dags/tutorial_taskflow_api.py took 0.052 seconds
[2024-10-20T06:18:17.783+0000] {processor.py:161} INFO - Started process (PID=1566) to work on /home/airflow/.local/lib/python3.12/site-packages/airflow/example_dags/tutorial_taskflow_api.py
[2024-10-20T06:18:17.783+0000] {processor.py:830} INFO - Processing file /home/airflow/.local/lib/python3.12/site-packages/airflow/example_dags/tutorial_taskflow_api.py for tasks to queue
[2024-10-20T06:18:17.785+0000] {logging_mixin.py:188} INFO - [2024-10-20T06:18:17.785+0000] {dagbag.py:540} INFO - Filling up the DagBag from /home/airflow/.local/lib/python3.12/site-packages/airflow/example_dags/tutorial_taskflow_api.py
[2024-10-20T06:18:17.791+0000] {processor.py:840} INFO - DAG(s) 'tutorial_taskflow_api' retrieved from /home/airflow/.local/lib/python3.12/site-packages/airflow/example_dags/tutorial_taskflow_api.py
[2024-10-20T06:18:17.806+0000] {logging_mixin.py:188} INFO - [2024-10-20T06:18:17.806+0000] {dag.py:3096} INFO - Sync 1 DAGs
[2024-10-20T06:18:17.815+0000] {logging_mixin.py:188} INFO - [2024-10-20T06:18:17.815+0000] {dag.py:3954} INFO - Setting next_dagrun for tutorial_taskflow_api to None, run_after=None
[2024-10-20T06:18:17.833+0000] {processor.py:183} INFO - Processing /home/airflow/.local/lib/python3.12/site-packages/airflow/example_dags/tutorial_taskflow_api.py took 0.055 seconds
[2024-10-20T06:18:48.551+0000] {processor.py:161} INFO - Started process (PID=1832) to work on /home/airflow/.local/lib/python3.12/site-packages/airflow/example_dags/tutorial_taskflow_api.py
[2024-10-20T06:18:48.552+0000] {processor.py:830} INFO - Processing file /home/airflow/.local/lib/python3.12/site-packages/airflow/example_dags/tutorial_taskflow_api.py for tasks to queue
[2024-10-20T06:18:48.553+0000] {logging_mixin.py:188} INFO - [2024-10-20T06:18:48.553+0000] {dagbag.py:540} INFO - Filling up the DagBag from /home/airflow/.local/lib/python3.12/site-packages/airflow/example_dags/tutorial_taskflow_api.py
[2024-10-20T06:18:48.558+0000] {processor.py:840} INFO - DAG(s) 'tutorial_taskflow_api' retrieved from /home/airflow/.local/lib/python3.12/site-packages/airflow/example_dags/tutorial_taskflow_api.py
[2024-10-20T06:18:48.572+0000] {logging_mixin.py:188} INFO - [2024-10-20T06:18:48.571+0000] {dag.py:3096} INFO - Sync 1 DAGs
[2024-10-20T06:18:48.581+0000] {logging_mixin.py:188} INFO - [2024-10-20T06:18:48.580+0000] {dag.py:3954} INFO - Setting next_dagrun for tutorial_taskflow_api to None, run_after=None
[2024-10-20T06:18:48.598+0000] {processor.py:183} INFO - Processing /home/airflow/.local/lib/python3.12/site-packages/airflow/example_dags/tutorial_taskflow_api.py took 0.051 seconds
[2024-10-20T06:19:19.154+0000] {processor.py:161} INFO - Started process (PID=2096) to work on /home/airflow/.local/lib/python3.12/site-packages/airflow/example_dags/tutorial_taskflow_api.py
[2024-10-20T06:19:19.155+0000] {processor.py:830} INFO - Processing file /home/airflow/.local/lib/python3.12/site-packages/airflow/example_dags/tutorial_taskflow_api.py for tasks to queue
[2024-10-20T06:19:19.156+0000] {logging_mixin.py:188} INFO - [2024-10-20T06:19:19.156+0000] {dagbag.py:540} INFO - Filling up the DagBag from /home/airflow/.local/lib/python3.12/site-packages/airflow/example_dags/tutorial_taskflow_api.py
[2024-10-20T06:19:19.161+0000] {processor.py:840} INFO - DAG(s) 'tutorial_taskflow_api' retrieved from /home/airflow/.local/lib/python3.12/site-packages/airflow/example_dags/tutorial_taskflow_api.py
[2024-10-20T06:19:19.176+0000] {logging_mixin.py:188} INFO - [2024-10-20T06:19:19.176+0000] {dag.py:3096} INFO - Sync 1 DAGs
[2024-10-20T06:19:19.186+0000] {logging_mixin.py:188} INFO - [2024-10-20T06:19:19.185+0000] {dag.py:3954} INFO - Setting next_dagrun for tutorial_taskflow_api to None, run_after=None
[2024-10-20T06:19:19.204+0000] {processor.py:183} INFO - Processing /home/airflow/.local/lib/python3.12/site-packages/airflow/example_dags/tutorial_taskflow_api.py took 0.054 seconds
[2024-10-20T06:19:49.872+0000] {processor.py:161} INFO - Started process (PID=2364) to work on /home/airflow/.local/lib/python3.12/site-packages/airflow/example_dags/tutorial_taskflow_api.py
[2024-10-20T06:19:49.872+0000] {processor.py:830} INFO - Processing file /home/airflow/.local/lib/python3.12/site-packages/airflow/example_dags/tutorial_taskflow_api.py for tasks to queue
[2024-10-20T06:19:49.874+0000] {logging_mixin.py:188} INFO - [2024-10-20T06:19:49.874+0000] {dagbag.py:540} INFO - Filling up the DagBag from /home/airflow/.local/lib/python3.12/site-packages/airflow/example_dags/tutorial_taskflow_api.py
[2024-10-20T06:19:49.878+0000] {processor.py:840} INFO - DAG(s) 'tutorial_taskflow_api' retrieved from /home/airflow/.local/lib/python3.12/site-packages/airflow/example_dags/tutorial_taskflow_api.py
[2024-10-20T06:19:49.893+0000] {logging_mixin.py:188} INFO - [2024-10-20T06:19:49.893+0000] {dag.py:3096} INFO - Sync 1 DAGs
[2024-10-20T06:19:49.902+0000] {logging_mixin.py:188} INFO - [2024-10-20T06:19:49.902+0000] {dag.py:3954} INFO - Setting next_dagrun for tutorial_taskflow_api to None, run_after=None
[2024-10-20T06:19:49.919+0000] {processor.py:183} INFO - Processing /home/airflow/.local/lib/python3.12/site-packages/airflow/example_dags/tutorial_taskflow_api.py took 0.052 seconds
[2024-10-20T06:20:20.013+0000] {processor.py:161} INFO - Started process (PID=2630) to work on /home/airflow/.local/lib/python3.12/site-packages/airflow/example_dags/tutorial_taskflow_api.py
[2024-10-20T06:20:20.014+0000] {processor.py:830} INFO - Processing file /home/airflow/.local/lib/python3.12/site-packages/airflow/example_dags/tutorial_taskflow_api.py for tasks to queue
[2024-10-20T06:20:20.015+0000] {logging_mixin.py:188} INFO - [2024-10-20T06:20:20.015+0000] {dagbag.py:540} INFO - Filling up the DagBag from /home/airflow/.local/lib/python3.12/site-packages/airflow/example_dags/tutorial_taskflow_api.py
[2024-10-20T06:20:20.019+0000] {processor.py:840} INFO - DAG(s) 'tutorial_taskflow_api' retrieved from /home/airflow/.local/lib/python3.12/site-packages/airflow/example_dags/tutorial_taskflow_api.py
[2024-10-20T06:20:20.034+0000] {logging_mixin.py:188} INFO - [2024-10-20T06:20:20.034+0000] {dag.py:3096} INFO - Sync 1 DAGs
[2024-10-20T06:20:20.043+0000] {logging_mixin.py:188} INFO - [2024-10-20T06:20:20.043+0000] {dag.py:3954} INFO - Setting next_dagrun for tutorial_taskflow_api to None, run_after=None
[2024-10-20T06:20:20.059+0000] {processor.py:183} INFO - Processing /home/airflow/.local/lib/python3.12/site-packages/airflow/example_dags/tutorial_taskflow_api.py took 0.050 seconds
[2024-10-20T06:20:50.561+0000] {processor.py:161} INFO - Started process (PID=2896) to work on /home/airflow/.local/lib/python3.12/site-packages/airflow/example_dags/tutorial_taskflow_api.py
[2024-10-20T06:20:50.562+0000] {processor.py:830} INFO - Processing file /home/airflow/.local/lib/python3.12/site-packages/airflow/example_dags/tutorial_taskflow_api.py for tasks to queue
[2024-10-20T06:20:50.563+0000] {logging_mixin.py:188} INFO - [2024-10-20T06:20:50.563+0000] {dagbag.py:540} INFO - Filling up the DagBag from /home/airflow/.local/lib/python3.12/site-packages/airflow/example_dags/tutorial_taskflow_api.py
[2024-10-20T06:20:50.568+0000] {processor.py:840} INFO - DAG(s) 'tutorial_taskflow_api' retrieved from /home/airflow/.local/lib/python3.12/site-packages/airflow/example_dags/tutorial_taskflow_api.py
[2024-10-20T06:20:50.582+0000] {logging_mixin.py:188} INFO - [2024-10-20T06:20:50.582+0000] {dag.py:3096} INFO - Sync 1 DAGs
[2024-10-20T06:20:50.591+0000] {logging_mixin.py:188} INFO - [2024-10-20T06:20:50.591+0000] {dag.py:3954} INFO - Setting next_dagrun for tutorial_taskflow_api to None, run_after=None
[2024-10-20T06:20:50.618+0000] {processor.py:183} INFO - Processing /home/airflow/.local/lib/python3.12/site-packages/airflow/example_dags/tutorial_taskflow_api.py took 0.061 seconds
[2024-10-20T06:21:21.469+0000] {processor.py:161} INFO - Started process (PID=3160) to work on /home/airflow/.local/lib/python3.12/site-packages/airflow/example_dags/tutorial_taskflow_api.py
[2024-10-20T06:21:21.470+0000] {processor.py:830} INFO - Processing file /home/airflow/.local/lib/python3.12/site-packages/airflow/example_dags/tutorial_taskflow_api.py for tasks to queue
[2024-10-20T06:21:21.471+0000] {logging_mixin.py:188} INFO - [2024-10-20T06:21:21.471+0000] {dagbag.py:540} INFO - Filling up the DagBag from /home/airflow/.local/lib/python3.12/site-packages/airflow/example_dags/tutorial_taskflow_api.py
[2024-10-20T06:21:21.476+0000] {processor.py:840} INFO - DAG(s) 'tutorial_taskflow_api' retrieved from /home/airflow/.local/lib/python3.12/site-packages/airflow/example_dags/tutorial_taskflow_api.py
[2024-10-20T06:21:21.492+0000] {logging_mixin.py:188} INFO - [2024-10-20T06:21:21.492+0000] {dag.py:3096} INFO - Sync 1 DAGs
[2024-10-20T06:21:21.501+0000] {logging_mixin.py:188} INFO - [2024-10-20T06:21:21.501+0000] {dag.py:3954} INFO - Setting next_dagrun for tutorial_taskflow_api to None, run_after=None
[2024-10-20T06:21:21.520+0000] {processor.py:183} INFO - Processing /home/airflow/.local/lib/python3.12/site-packages/airflow/example_dags/tutorial_taskflow_api.py took 0.055 seconds
[2024-10-20T06:21:52.326+0000] {processor.py:161} INFO - Started process (PID=3426) to work on /home/airflow/.local/lib/python3.12/site-packages/airflow/example_dags/tutorial_taskflow_api.py
[2024-10-20T06:21:52.327+0000] {processor.py:830} INFO - Processing file /home/airflow/.local/lib/python3.12/site-packages/airflow/example_dags/tutorial_taskflow_api.py for tasks to queue
[2024-10-20T06:21:52.328+0000] {logging_mixin.py:188} INFO - [2024-10-20T06:21:52.328+0000] {dagbag.py:540} INFO - Filling up the DagBag from /home/airflow/.local/lib/python3.12/site-packages/airflow/example_dags/tutorial_taskflow_api.py
[2024-10-20T06:21:52.334+0000] {processor.py:840} INFO - DAG(s) 'tutorial_taskflow_api' retrieved from /home/airflow/.local/lib/python3.12/site-packages/airflow/example_dags/tutorial_taskflow_api.py
[2024-10-20T06:21:52.351+0000] {logging_mixin.py:188} INFO - [2024-10-20T06:21:52.351+0000] {dag.py:3096} INFO - Sync 1 DAGs
[2024-10-20T06:21:52.361+0000] {logging_mixin.py:188} INFO - [2024-10-20T06:21:52.361+0000] {dag.py:3954} INFO - Setting next_dagrun for tutorial_taskflow_api to None, run_after=None
[2024-10-20T06:21:52.379+0000] {processor.py:183} INFO - Processing /home/airflow/.local/lib/python3.12/site-packages/airflow/example_dags/tutorial_taskflow_api.py took 0.058 seconds
[2024-10-20T06:22:23.315+0000] {processor.py:161} INFO - Started process (PID=3694) to work on /home/airflow/.local/lib/python3.12/site-packages/airflow/example_dags/tutorial_taskflow_api.py
[2024-10-20T06:22:23.316+0000] {processor.py:830} INFO - Processing file /home/airflow/.local/lib/python3.12/site-packages/airflow/example_dags/tutorial_taskflow_api.py for tasks to queue
[2024-10-20T06:22:23.317+0000] {logging_mixin.py:188} INFO - [2024-10-20T06:22:23.317+0000] {dagbag.py:540} INFO - Filling up the DagBag from /home/airflow/.local/lib/python3.12/site-packages/airflow/example_dags/tutorial_taskflow_api.py
[2024-10-20T06:22:23.324+0000] {processor.py:840} INFO - DAG(s) 'tutorial_taskflow_api' retrieved from /home/airflow/.local/lib/python3.12/site-packages/airflow/example_dags/tutorial_taskflow_api.py
[2024-10-20T06:22:23.341+0000] {logging_mixin.py:188} INFO - [2024-10-20T06:22:23.341+0000] {dag.py:3096} INFO - Sync 1 DAGs
[2024-10-20T06:22:23.353+0000] {logging_mixin.py:188} INFO - [2024-10-20T06:22:23.353+0000] {dag.py:3954} INFO - Setting next_dagrun for tutorial_taskflow_api to None, run_after=None
[2024-10-20T06:22:23.373+0000] {processor.py:183} INFO - Processing /home/airflow/.local/lib/python3.12/site-packages/airflow/example_dags/tutorial_taskflow_api.py took 0.063 seconds
[2024-10-20T06:22:53.786+0000] {processor.py:161} INFO - Started process (PID=3960) to work on /home/airflow/.local/lib/python3.12/site-packages/airflow/example_dags/tutorial_taskflow_api.py
[2024-10-20T06:22:53.787+0000] {processor.py:830} INFO - Processing file /home/airflow/.local/lib/python3.12/site-packages/airflow/example_dags/tutorial_taskflow_api.py for tasks to queue
[2024-10-20T06:22:53.788+0000] {logging_mixin.py:188} INFO - [2024-10-20T06:22:53.788+0000] {dagbag.py:540} INFO - Filling up the DagBag from /home/airflow/.local/lib/python3.12/site-packages/airflow/example_dags/tutorial_taskflow_api.py
[2024-10-20T06:22:53.795+0000] {processor.py:840} INFO - DAG(s) 'tutorial_taskflow_api' retrieved from /home/airflow/.local/lib/python3.12/site-packages/airflow/example_dags/tutorial_taskflow_api.py
[2024-10-20T06:22:53.812+0000] {logging_mixin.py:188} INFO - [2024-10-20T06:22:53.812+0000] {dag.py:3096} INFO - Sync 1 DAGs
[2024-10-20T06:22:53.824+0000] {logging_mixin.py:188} INFO - [2024-10-20T06:22:53.824+0000] {dag.py:3954} INFO - Setting next_dagrun for tutorial_taskflow_api to None, run_after=None
[2024-10-20T06:22:53.845+0000] {processor.py:183} INFO - Processing /home/airflow/.local/lib/python3.12/site-packages/airflow/example_dags/tutorial_taskflow_api.py took 0.063 seconds
[2024-10-20T06:23:24.599+0000] {processor.py:161} INFO - Started process (PID=4226) to work on /home/airflow/.local/lib/python3.12/site-packages/airflow/example_dags/tutorial_taskflow_api.py
[2024-10-20T06:23:24.600+0000] {processor.py:830} INFO - Processing file /home/airflow/.local/lib/python3.12/site-packages/airflow/example_dags/tutorial_taskflow_api.py for tasks to queue
[2024-10-20T06:23:24.601+0000] {logging_mixin.py:188} INFO - [2024-10-20T06:23:24.601+0000] {dagbag.py:540} INFO - Filling up the DagBag from /home/airflow/.local/lib/python3.12/site-packages/airflow/example_dags/tutorial_taskflow_api.py
[2024-10-20T06:23:24.606+0000] {processor.py:840} INFO - DAG(s) 'tutorial_taskflow_api' retrieved from /home/airflow/.local/lib/python3.12/site-packages/airflow/example_dags/tutorial_taskflow_api.py
[2024-10-20T06:23:24.625+0000] {logging_mixin.py:188} INFO - [2024-10-20T06:23:24.625+0000] {dag.py:3096} INFO - Sync 1 DAGs
[2024-10-20T06:23:24.650+0000] {logging_mixin.py:188} INFO - [2024-10-20T06:23:24.650+0000] {dag.py:3954} INFO - Setting next_dagrun for tutorial_taskflow_api to None, run_after=None
[2024-10-20T06:23:24.675+0000] {processor.py:183} INFO - Processing /home/airflow/.local/lib/python3.12/site-packages/airflow/example_dags/tutorial_taskflow_api.py took 0.081 seconds
[2024-10-20T06:23:55.318+0000] {processor.py:161} INFO - Started process (PID=4492) to work on /home/airflow/.local/lib/python3.12/site-packages/airflow/example_dags/tutorial_taskflow_api.py
[2024-10-20T06:23:55.319+0000] {processor.py:830} INFO - Processing file /home/airflow/.local/lib/python3.12/site-packages/airflow/example_dags/tutorial_taskflow_api.py for tasks to queue
[2024-10-20T06:23:55.321+0000] {logging_mixin.py:188} INFO - [2024-10-20T06:23:55.320+0000] {dagbag.py:540} INFO - Filling up the DagBag from /home/airflow/.local/lib/python3.12/site-packages/airflow/example_dags/tutorial_taskflow_api.py
[2024-10-20T06:23:55.327+0000] {processor.py:840} INFO - DAG(s) 'tutorial_taskflow_api' retrieved from /home/airflow/.local/lib/python3.12/site-packages/airflow/example_dags/tutorial_taskflow_api.py
[2024-10-20T06:23:55.343+0000] {logging_mixin.py:188} INFO - [2024-10-20T06:23:55.343+0000] {dag.py:3096} INFO - Sync 1 DAGs
[2024-10-20T06:23:55.505+0000] {logging_mixin.py:188} INFO - [2024-10-20T06:23:55.504+0000] {dag.py:3954} INFO - Setting next_dagrun for tutorial_taskflow_api to None, run_after=None
[2024-10-20T06:23:55.528+0000] {processor.py:183} INFO - Processing /home/airflow/.local/lib/python3.12/site-packages/airflow/example_dags/tutorial_taskflow_api.py took 0.214 seconds
[2024-10-20T06:24:25.590+0000] {processor.py:161} INFO - Started process (PID=4758) to work on /home/airflow/.local/lib/python3.12/site-packages/airflow/example_dags/tutorial_taskflow_api.py
[2024-10-20T06:24:25.591+0000] {processor.py:830} INFO - Processing file /home/airflow/.local/lib/python3.12/site-packages/airflow/example_dags/tutorial_taskflow_api.py for tasks to queue
[2024-10-20T06:24:25.592+0000] {logging_mixin.py:188} INFO - [2024-10-20T06:24:25.592+0000] {dagbag.py:540} INFO - Filling up the DagBag from /home/airflow/.local/lib/python3.12/site-packages/airflow/example_dags/tutorial_taskflow_api.py
[2024-10-20T06:24:25.599+0000] {processor.py:840} INFO - DAG(s) 'tutorial_taskflow_api' retrieved from /home/airflow/.local/lib/python3.12/site-packages/airflow/example_dags/tutorial_taskflow_api.py
[2024-10-20T06:24:25.615+0000] {logging_mixin.py:188} INFO - [2024-10-20T06:24:25.615+0000] {dag.py:3096} INFO - Sync 1 DAGs
[2024-10-20T06:24:25.628+0000] {logging_mixin.py:188} INFO - [2024-10-20T06:24:25.628+0000] {dag.py:3954} INFO - Setting next_dagrun for tutorial_taskflow_api to None, run_after=None
[2024-10-20T06:24:25.822+0000] {processor.py:183} INFO - Processing /home/airflow/.local/lib/python3.12/site-packages/airflow/example_dags/tutorial_taskflow_api.py took 0.237 seconds
[2024-10-20T06:24:56.204+0000] {processor.py:161} INFO - Started process (PID=5024) to work on /home/airflow/.local/lib/python3.12/site-packages/airflow/example_dags/tutorial_taskflow_api.py
[2024-10-20T06:24:56.205+0000] {processor.py:830} INFO - Processing file /home/airflow/.local/lib/python3.12/site-packages/airflow/example_dags/tutorial_taskflow_api.py for tasks to queue
[2024-10-20T06:24:56.206+0000] {logging_mixin.py:188} INFO - [2024-10-20T06:24:56.206+0000] {dagbag.py:540} INFO - Filling up the DagBag from /home/airflow/.local/lib/python3.12/site-packages/airflow/example_dags/tutorial_taskflow_api.py
[2024-10-20T06:24:56.212+0000] {processor.py:840} INFO - DAG(s) 'tutorial_taskflow_api' retrieved from /home/airflow/.local/lib/python3.12/site-packages/airflow/example_dags/tutorial_taskflow_api.py
[2024-10-20T06:24:56.228+0000] {logging_mixin.py:188} INFO - [2024-10-20T06:24:56.228+0000] {dag.py:3096} INFO - Sync 1 DAGs
[2024-10-20T06:24:56.238+0000] {logging_mixin.py:188} INFO - [2024-10-20T06:24:56.238+0000] {dag.py:3954} INFO - Setting next_dagrun for tutorial_taskflow_api to None, run_after=None
[2024-10-20T06:24:56.258+0000] {processor.py:183} INFO - Processing /home/airflow/.local/lib/python3.12/site-packages/airflow/example_dags/tutorial_taskflow_api.py took 0.059 seconds
[2024-10-20T06:25:26.971+0000] {processor.py:161} INFO - Started process (PID=5290) to work on /home/airflow/.local/lib/python3.12/site-packages/airflow/example_dags/tutorial_taskflow_api.py
[2024-10-20T06:25:26.971+0000] {processor.py:830} INFO - Processing file /home/airflow/.local/lib/python3.12/site-packages/airflow/example_dags/tutorial_taskflow_api.py for tasks to queue
[2024-10-20T06:25:26.972+0000] {logging_mixin.py:188} INFO - [2024-10-20T06:25:26.972+0000] {dagbag.py:540} INFO - Filling up the DagBag from /home/airflow/.local/lib/python3.12/site-packages/airflow/example_dags/tutorial_taskflow_api.py
[2024-10-20T06:25:26.977+0000] {processor.py:840} INFO - DAG(s) 'tutorial_taskflow_api' retrieved from /home/airflow/.local/lib/python3.12/site-packages/airflow/example_dags/tutorial_taskflow_api.py
[2024-10-20T06:25:26.993+0000] {logging_mixin.py:188} INFO - [2024-10-20T06:25:26.993+0000] {dag.py:3096} INFO - Sync 1 DAGs
[2024-10-20T06:25:27.003+0000] {logging_mixin.py:188} INFO - [2024-10-20T06:25:27.003+0000] {dag.py:3954} INFO - Setting next_dagrun for tutorial_taskflow_api to None, run_after=None
[2024-10-20T06:25:27.021+0000] {processor.py:183} INFO - Processing /home/airflow/.local/lib/python3.12/site-packages/airflow/example_dags/tutorial_taskflow_api.py took 0.055 seconds
[2024-10-20T06:25:57.558+0000] {processor.py:161} INFO - Started process (PID=5554) to work on /home/airflow/.local/lib/python3.12/site-packages/airflow/example_dags/tutorial_taskflow_api.py
[2024-10-20T06:25:57.558+0000] {processor.py:830} INFO - Processing file /home/airflow/.local/lib/python3.12/site-packages/airflow/example_dags/tutorial_taskflow_api.py for tasks to queue
[2024-10-20T06:25:57.560+0000] {logging_mixin.py:188} INFO - [2024-10-20T06:25:57.560+0000] {dagbag.py:540} INFO - Filling up the DagBag from /home/airflow/.local/lib/python3.12/site-packages/airflow/example_dags/tutorial_taskflow_api.py
[2024-10-20T06:25:57.566+0000] {processor.py:840} INFO - DAG(s) 'tutorial_taskflow_api' retrieved from /home/airflow/.local/lib/python3.12/site-packages/airflow/example_dags/tutorial_taskflow_api.py
[2024-10-20T06:25:57.581+0000] {logging_mixin.py:188} INFO - [2024-10-20T06:25:57.581+0000] {dag.py:3096} INFO - Sync 1 DAGs
[2024-10-20T06:25:57.590+0000] {logging_mixin.py:188} INFO - [2024-10-20T06:25:57.590+0000] {dag.py:3954} INFO - Setting next_dagrun for tutorial_taskflow_api to None, run_after=None
[2024-10-20T06:25:57.608+0000] {processor.py:183} INFO - Processing /home/airflow/.local/lib/python3.12/site-packages/airflow/example_dags/tutorial_taskflow_api.py took 0.055 seconds
[2024-10-20T06:26:28.190+0000] {processor.py:161} INFO - Started process (PID=5822) to work on /home/airflow/.local/lib/python3.12/site-packages/airflow/example_dags/tutorial_taskflow_api.py
[2024-10-20T06:26:28.191+0000] {processor.py:830} INFO - Processing file /home/airflow/.local/lib/python3.12/site-packages/airflow/example_dags/tutorial_taskflow_api.py for tasks to queue
[2024-10-20T06:26:28.192+0000] {logging_mixin.py:188} INFO - [2024-10-20T06:26:28.192+0000] {dagbag.py:540} INFO - Filling up the DagBag from /home/airflow/.local/lib/python3.12/site-packages/airflow/example_dags/tutorial_taskflow_api.py
[2024-10-20T06:26:28.198+0000] {processor.py:840} INFO - DAG(s) 'tutorial_taskflow_api' retrieved from /home/airflow/.local/lib/python3.12/site-packages/airflow/example_dags/tutorial_taskflow_api.py
[2024-10-20T06:26:28.214+0000] {logging_mixin.py:188} INFO - [2024-10-20T06:26:28.214+0000] {dag.py:3096} INFO - Sync 1 DAGs
[2024-10-20T06:26:28.223+0000] {logging_mixin.py:188} INFO - [2024-10-20T06:26:28.223+0000] {dag.py:3954} INFO - Setting next_dagrun for tutorial_taskflow_api to None, run_after=None
[2024-10-20T06:26:28.240+0000] {processor.py:183} INFO - Processing /home/airflow/.local/lib/python3.12/site-packages/airflow/example_dags/tutorial_taskflow_api.py took 0.055 seconds
[2024-10-20T06:26:58.874+0000] {processor.py:161} INFO - Started process (PID=6088) to work on /home/airflow/.local/lib/python3.12/site-packages/airflow/example_dags/tutorial_taskflow_api.py
[2024-10-20T06:26:58.875+0000] {processor.py:830} INFO - Processing file /home/airflow/.local/lib/python3.12/site-packages/airflow/example_dags/tutorial_taskflow_api.py for tasks to queue
[2024-10-20T06:26:58.876+0000] {logging_mixin.py:188} INFO - [2024-10-20T06:26:58.876+0000] {dagbag.py:540} INFO - Filling up the DagBag from /home/airflow/.local/lib/python3.12/site-packages/airflow/example_dags/tutorial_taskflow_api.py
[2024-10-20T06:26:58.883+0000] {processor.py:840} INFO - DAG(s) 'tutorial_taskflow_api' retrieved from /home/airflow/.local/lib/python3.12/site-packages/airflow/example_dags/tutorial_taskflow_api.py
[2024-10-20T06:26:58.899+0000] {logging_mixin.py:188} INFO - [2024-10-20T06:26:58.899+0000] {dag.py:3096} INFO - Sync 1 DAGs
[2024-10-20T06:26:58.909+0000] {logging_mixin.py:188} INFO - [2024-10-20T06:26:58.909+0000] {dag.py:3954} INFO - Setting next_dagrun for tutorial_taskflow_api to None, run_after=None
[2024-10-20T06:26:58.927+0000] {processor.py:183} INFO - Processing /home/airflow/.local/lib/python3.12/site-packages/airflow/example_dags/tutorial_taskflow_api.py took 0.059 seconds
[2024-10-20T06:27:29.436+0000] {processor.py:161} INFO - Started process (PID=6354) to work on /home/airflow/.local/lib/python3.12/site-packages/airflow/example_dags/tutorial_taskflow_api.py
[2024-10-20T06:27:29.437+0000] {processor.py:830} INFO - Processing file /home/airflow/.local/lib/python3.12/site-packages/airflow/example_dags/tutorial_taskflow_api.py for tasks to queue
[2024-10-20T06:27:29.438+0000] {logging_mixin.py:188} INFO - [2024-10-20T06:27:29.438+0000] {dagbag.py:540} INFO - Filling up the DagBag from /home/airflow/.local/lib/python3.12/site-packages/airflow/example_dags/tutorial_taskflow_api.py
[2024-10-20T06:27:29.445+0000] {processor.py:840} INFO - DAG(s) 'tutorial_taskflow_api' retrieved from /home/airflow/.local/lib/python3.12/site-packages/airflow/example_dags/tutorial_taskflow_api.py
[2024-10-20T06:27:29.462+0000] {logging_mixin.py:188} INFO - [2024-10-20T06:27:29.461+0000] {dag.py:3096} INFO - Sync 1 DAGs
[2024-10-20T06:27:29.474+0000] {logging_mixin.py:188} INFO - [2024-10-20T06:27:29.474+0000] {dag.py:3954} INFO - Setting next_dagrun for tutorial_taskflow_api to None, run_after=None
[2024-10-20T06:27:29.496+0000] {processor.py:183} INFO - Processing /home/airflow/.local/lib/python3.12/site-packages/airflow/example_dags/tutorial_taskflow_api.py took 0.065 seconds
[2024-10-20T06:27:59.980+0000] {processor.py:161} INFO - Started process (PID=6620) to work on /home/airflow/.local/lib/python3.12/site-packages/airflow/example_dags/tutorial_taskflow_api.py
[2024-10-20T06:27:59.980+0000] {processor.py:830} INFO - Processing file /home/airflow/.local/lib/python3.12/site-packages/airflow/example_dags/tutorial_taskflow_api.py for tasks to queue
[2024-10-20T06:27:59.982+0000] {logging_mixin.py:188} INFO - [2024-10-20T06:27:59.982+0000] {dagbag.py:540} INFO - Filling up the DagBag from /home/airflow/.local/lib/python3.12/site-packages/airflow/example_dags/tutorial_taskflow_api.py
[2024-10-20T06:27:59.988+0000] {processor.py:840} INFO - DAG(s) 'tutorial_taskflow_api' retrieved from /home/airflow/.local/lib/python3.12/site-packages/airflow/example_dags/tutorial_taskflow_api.py
[2024-10-20T06:28:00.004+0000] {logging_mixin.py:188} INFO - [2024-10-20T06:28:00.004+0000] {dag.py:3096} INFO - Sync 1 DAGs
[2024-10-20T06:28:00.014+0000] {logging_mixin.py:188} INFO - [2024-10-20T06:28:00.014+0000] {dag.py:3954} INFO - Setting next_dagrun for tutorial_taskflow_api to None, run_after=None
[2024-10-20T06:28:00.034+0000] {processor.py:183} INFO - Processing /home/airflow/.local/lib/python3.12/site-packages/airflow/example_dags/tutorial_taskflow_api.py took 0.060 seconds
[2024-10-20T06:28:30.580+0000] {processor.py:161} INFO - Started process (PID=6886) to work on /home/airflow/.local/lib/python3.12/site-packages/airflow/example_dags/tutorial_taskflow_api.py
[2024-10-20T06:28:30.581+0000] {processor.py:830} INFO - Processing file /home/airflow/.local/lib/python3.12/site-packages/airflow/example_dags/tutorial_taskflow_api.py for tasks to queue
[2024-10-20T06:28:30.583+0000] {logging_mixin.py:188} INFO - [2024-10-20T06:28:30.582+0000] {dagbag.py:540} INFO - Filling up the DagBag from /home/airflow/.local/lib/python3.12/site-packages/airflow/example_dags/tutorial_taskflow_api.py
[2024-10-20T06:28:30.589+0000] {processor.py:840} INFO - DAG(s) 'tutorial_taskflow_api' retrieved from /home/airflow/.local/lib/python3.12/site-packages/airflow/example_dags/tutorial_taskflow_api.py
[2024-10-20T06:28:30.605+0000] {logging_mixin.py:188} INFO - [2024-10-20T06:28:30.605+0000] {dag.py:3096} INFO - Sync 1 DAGs
[2024-10-20T06:28:30.615+0000] {logging_mixin.py:188} INFO - [2024-10-20T06:28:30.615+0000] {dag.py:3954} INFO - Setting next_dagrun for tutorial_taskflow_api to None, run_after=None
[2024-10-20T06:28:30.633+0000] {processor.py:183} INFO - Processing /home/airflow/.local/lib/python3.12/site-packages/airflow/example_dags/tutorial_taskflow_api.py took 0.058 seconds
[2024-10-20T06:29:01.139+0000] {processor.py:161} INFO - Started process (PID=7152) to work on /home/airflow/.local/lib/python3.12/site-packages/airflow/example_dags/tutorial_taskflow_api.py
[2024-10-20T06:29:01.140+0000] {processor.py:830} INFO - Processing file /home/airflow/.local/lib/python3.12/site-packages/airflow/example_dags/tutorial_taskflow_api.py for tasks to queue
[2024-10-20T06:29:01.141+0000] {logging_mixin.py:188} INFO - [2024-10-20T06:29:01.141+0000] {dagbag.py:540} INFO - Filling up the DagBag from /home/airflow/.local/lib/python3.12/site-packages/airflow/example_dags/tutorial_taskflow_api.py
[2024-10-20T06:29:01.147+0000] {processor.py:840} INFO - DAG(s) 'tutorial_taskflow_api' retrieved from /home/airflow/.local/lib/python3.12/site-packages/airflow/example_dags/tutorial_taskflow_api.py
[2024-10-20T06:29:01.165+0000] {logging_mixin.py:188} INFO - [2024-10-20T06:29:01.164+0000] {dag.py:3096} INFO - Sync 1 DAGs
[2024-10-20T06:29:01.177+0000] {logging_mixin.py:188} INFO - [2024-10-20T06:29:01.177+0000] {dag.py:3954} INFO - Setting next_dagrun for tutorial_taskflow_api to None, run_after=None
[2024-10-20T06:29:01.197+0000] {processor.py:183} INFO - Processing /home/airflow/.local/lib/python3.12/site-packages/airflow/example_dags/tutorial_taskflow_api.py took 0.063 seconds
[2024-10-20T06:29:31.501+0000] {processor.py:161} INFO - Started process (PID=7416) to work on /home/airflow/.local/lib/python3.12/site-packages/airflow/example_dags/tutorial_taskflow_api.py
[2024-10-20T06:29:31.502+0000] {processor.py:830} INFO - Processing file /home/airflow/.local/lib/python3.12/site-packages/airflow/example_dags/tutorial_taskflow_api.py for tasks to queue
[2024-10-20T06:29:31.503+0000] {logging_mixin.py:188} INFO - [2024-10-20T06:29:31.503+0000] {dagbag.py:540} INFO - Filling up the DagBag from /home/airflow/.local/lib/python3.12/site-packages/airflow/example_dags/tutorial_taskflow_api.py
[2024-10-20T06:29:31.509+0000] {processor.py:840} INFO - DAG(s) 'tutorial_taskflow_api' retrieved from /home/airflow/.local/lib/python3.12/site-packages/airflow/example_dags/tutorial_taskflow_api.py
[2024-10-20T06:29:31.527+0000] {logging_mixin.py:188} INFO - [2024-10-20T06:29:31.526+0000] {dag.py:3096} INFO - Sync 1 DAGs
[2024-10-20T06:29:31.538+0000] {logging_mixin.py:188} INFO - [2024-10-20T06:29:31.538+0000] {dag.py:3954} INFO - Setting next_dagrun for tutorial_taskflow_api to None, run_after=None
[2024-10-20T06:29:31.556+0000] {processor.py:183} INFO - Processing /home/airflow/.local/lib/python3.12/site-packages/airflow/example_dags/tutorial_taskflow_api.py took 0.060 seconds
[2024-10-20T06:30:02.066+0000] {processor.py:161} INFO - Started process (PID=7684) to work on /home/airflow/.local/lib/python3.12/site-packages/airflow/example_dags/tutorial_taskflow_api.py
[2024-10-20T06:30:02.066+0000] {processor.py:830} INFO - Processing file /home/airflow/.local/lib/python3.12/site-packages/airflow/example_dags/tutorial_taskflow_api.py for tasks to queue
[2024-10-20T06:30:02.068+0000] {logging_mixin.py:188} INFO - [2024-10-20T06:30:02.068+0000] {dagbag.py:540} INFO - Filling up the DagBag from /home/airflow/.local/lib/python3.12/site-packages/airflow/example_dags/tutorial_taskflow_api.py
[2024-10-20T06:30:02.074+0000] {processor.py:840} INFO - DAG(s) 'tutorial_taskflow_api' retrieved from /home/airflow/.local/lib/python3.12/site-packages/airflow/example_dags/tutorial_taskflow_api.py
[2024-10-20T06:30:02.091+0000] {logging_mixin.py:188} INFO - [2024-10-20T06:30:02.091+0000] {dag.py:3096} INFO - Sync 1 DAGs
[2024-10-20T06:30:02.104+0000] {logging_mixin.py:188} INFO - [2024-10-20T06:30:02.103+0000] {dag.py:3954} INFO - Setting next_dagrun for tutorial_taskflow_api to None, run_after=None
[2024-10-20T06:30:02.125+0000] {processor.py:183} INFO - Processing /home/airflow/.local/lib/python3.12/site-packages/airflow/example_dags/tutorial_taskflow_api.py took 0.064 seconds
[2024-10-20T06:30:32.707+0000] {processor.py:161} INFO - Started process (PID=7950) to work on /home/airflow/.local/lib/python3.12/site-packages/airflow/example_dags/tutorial_taskflow_api.py
[2024-10-20T06:30:32.708+0000] {processor.py:830} INFO - Processing file /home/airflow/.local/lib/python3.12/site-packages/airflow/example_dags/tutorial_taskflow_api.py for tasks to queue
[2024-10-20T06:30:32.709+0000] {logging_mixin.py:188} INFO - [2024-10-20T06:30:32.708+0000] {dagbag.py:540} INFO - Filling up the DagBag from /home/airflow/.local/lib/python3.12/site-packages/airflow/example_dags/tutorial_taskflow_api.py
[2024-10-20T06:30:32.713+0000] {processor.py:840} INFO - DAG(s) 'tutorial_taskflow_api' retrieved from /home/airflow/.local/lib/python3.12/site-packages/airflow/example_dags/tutorial_taskflow_api.py
[2024-10-20T06:30:32.731+0000] {logging_mixin.py:188} INFO - [2024-10-20T06:30:32.730+0000] {dag.py:3096} INFO - Sync 1 DAGs
[2024-10-20T06:30:32.743+0000] {logging_mixin.py:188} INFO - [2024-10-20T06:30:32.743+0000] {dag.py:3954} INFO - Setting next_dagrun for tutorial_taskflow_api to None, run_after=None
[2024-10-20T06:30:32.765+0000] {processor.py:183} INFO - Processing /home/airflow/.local/lib/python3.12/site-packages/airflow/example_dags/tutorial_taskflow_api.py took 0.063 seconds
[2024-10-20T06:31:03.232+0000] {processor.py:161} INFO - Started process (PID=8216) to work on /home/airflow/.local/lib/python3.12/site-packages/airflow/example_dags/tutorial_taskflow_api.py
[2024-10-20T06:31:03.233+0000] {processor.py:830} INFO - Processing file /home/airflow/.local/lib/python3.12/site-packages/airflow/example_dags/tutorial_taskflow_api.py for tasks to queue
[2024-10-20T06:31:03.234+0000] {logging_mixin.py:188} INFO - [2024-10-20T06:31:03.234+0000] {dagbag.py:540} INFO - Filling up the DagBag from /home/airflow/.local/lib/python3.12/site-packages/airflow/example_dags/tutorial_taskflow_api.py
[2024-10-20T06:31:03.241+0000] {processor.py:840} INFO - DAG(s) 'tutorial_taskflow_api' retrieved from /home/airflow/.local/lib/python3.12/site-packages/airflow/example_dags/tutorial_taskflow_api.py
[2024-10-20T06:31:03.257+0000] {logging_mixin.py:188} INFO - [2024-10-20T06:31:03.257+0000] {dag.py:3096} INFO - Sync 1 DAGs
[2024-10-20T06:31:03.267+0000] {logging_mixin.py:188} INFO - [2024-10-20T06:31:03.267+0000] {dag.py:3954} INFO - Setting next_dagrun for tutorial_taskflow_api to None, run_after=None
[2024-10-20T06:31:03.288+0000] {processor.py:183} INFO - Processing /home/airflow/.local/lib/python3.12/site-packages/airflow/example_dags/tutorial_taskflow_api.py took 0.060 seconds
[2024-10-20T06:31:33.574+0000] {processor.py:161} INFO - Started process (PID=8482) to work on /home/airflow/.local/lib/python3.12/site-packages/airflow/example_dags/tutorial_taskflow_api.py
[2024-10-20T06:31:33.575+0000] {processor.py:830} INFO - Processing file /home/airflow/.local/lib/python3.12/site-packages/airflow/example_dags/tutorial_taskflow_api.py for tasks to queue
[2024-10-20T06:31:33.576+0000] {logging_mixin.py:188} INFO - [2024-10-20T06:31:33.576+0000] {dagbag.py:540} INFO - Filling up the DagBag from /home/airflow/.local/lib/python3.12/site-packages/airflow/example_dags/tutorial_taskflow_api.py
[2024-10-20T06:31:33.583+0000] {processor.py:840} INFO - DAG(s) 'tutorial_taskflow_api' retrieved from /home/airflow/.local/lib/python3.12/site-packages/airflow/example_dags/tutorial_taskflow_api.py
[2024-10-20T06:31:33.602+0000] {logging_mixin.py:188} INFO - [2024-10-20T06:31:33.602+0000] {dag.py:3096} INFO - Sync 1 DAGs
[2024-10-20T06:31:33.612+0000] {logging_mixin.py:188} INFO - [2024-10-20T06:31:33.612+0000] {dag.py:3954} INFO - Setting next_dagrun for tutorial_taskflow_api to None, run_after=None
[2024-10-20T06:31:33.629+0000] {processor.py:183} INFO - Processing /home/airflow/.local/lib/python3.12/site-packages/airflow/example_dags/tutorial_taskflow_api.py took 0.059 seconds
[2024-10-20T06:32:04.213+0000] {processor.py:161} INFO - Started process (PID=8748) to work on /home/airflow/.local/lib/python3.12/site-packages/airflow/example_dags/tutorial_taskflow_api.py
[2024-10-20T06:32:04.213+0000] {processor.py:830} INFO - Processing file /home/airflow/.local/lib/python3.12/site-packages/airflow/example_dags/tutorial_taskflow_api.py for tasks to queue
[2024-10-20T06:32:04.215+0000] {logging_mixin.py:188} INFO - [2024-10-20T06:32:04.215+0000] {dagbag.py:540} INFO - Filling up the DagBag from /home/airflow/.local/lib/python3.12/site-packages/airflow/example_dags/tutorial_taskflow_api.py
[2024-10-20T06:32:04.221+0000] {processor.py:840} INFO - DAG(s) 'tutorial_taskflow_api' retrieved from /home/airflow/.local/lib/python3.12/site-packages/airflow/example_dags/tutorial_taskflow_api.py
[2024-10-20T06:32:04.238+0000] {logging_mixin.py:188} INFO - [2024-10-20T06:32:04.237+0000] {dag.py:3096} INFO - Sync 1 DAGs
[2024-10-20T06:32:04.247+0000] {logging_mixin.py:188} INFO - [2024-10-20T06:32:04.246+0000] {dag.py:3954} INFO - Setting next_dagrun for tutorial_taskflow_api to None, run_after=None
[2024-10-20T06:32:04.263+0000] {processor.py:183} INFO - Processing /home/airflow/.local/lib/python3.12/site-packages/airflow/example_dags/tutorial_taskflow_api.py took 0.055 seconds
[2024-10-20T06:32:34.823+0000] {processor.py:161} INFO - Started process (PID=9014) to work on /home/airflow/.local/lib/python3.12/site-packages/airflow/example_dags/tutorial_taskflow_api.py
[2024-10-20T06:32:34.824+0000] {processor.py:830} INFO - Processing file /home/airflow/.local/lib/python3.12/site-packages/airflow/example_dags/tutorial_taskflow_api.py for tasks to queue
[2024-10-20T06:32:34.825+0000] {logging_mixin.py:188} INFO - [2024-10-20T06:32:34.825+0000] {dagbag.py:540} INFO - Filling up the DagBag from /home/airflow/.local/lib/python3.12/site-packages/airflow/example_dags/tutorial_taskflow_api.py
[2024-10-20T06:32:34.829+0000] {processor.py:840} INFO - DAG(s) 'tutorial_taskflow_api' retrieved from /home/airflow/.local/lib/python3.12/site-packages/airflow/example_dags/tutorial_taskflow_api.py
[2024-10-20T06:32:34.847+0000] {logging_mixin.py:188} INFO - [2024-10-20T06:32:34.846+0000] {dag.py:3096} INFO - Sync 1 DAGs
[2024-10-20T06:32:34.859+0000] {logging_mixin.py:188} INFO - [2024-10-20T06:32:34.859+0000] {dag.py:3954} INFO - Setting next_dagrun for tutorial_taskflow_api to None, run_after=None
[2024-10-20T06:32:34.880+0000] {processor.py:183} INFO - Processing /home/airflow/.local/lib/python3.12/site-packages/airflow/example_dags/tutorial_taskflow_api.py took 0.063 seconds
[2024-10-20T06:33:05.467+0000] {processor.py:161} INFO - Started process (PID=9280) to work on /home/airflow/.local/lib/python3.12/site-packages/airflow/example_dags/tutorial_taskflow_api.py
[2024-10-20T06:33:05.467+0000] {processor.py:830} INFO - Processing file /home/airflow/.local/lib/python3.12/site-packages/airflow/example_dags/tutorial_taskflow_api.py for tasks to queue
[2024-10-20T06:33:05.469+0000] {logging_mixin.py:188} INFO - [2024-10-20T06:33:05.469+0000] {dagbag.py:540} INFO - Filling up the DagBag from /home/airflow/.local/lib/python3.12/site-packages/airflow/example_dags/tutorial_taskflow_api.py
[2024-10-20T06:33:05.475+0000] {processor.py:840} INFO - DAG(s) 'tutorial_taskflow_api' retrieved from /home/airflow/.local/lib/python3.12/site-packages/airflow/example_dags/tutorial_taskflow_api.py
[2024-10-20T06:33:05.492+0000] {logging_mixin.py:188} INFO - [2024-10-20T06:33:05.492+0000] {dag.py:3096} INFO - Sync 1 DAGs
[2024-10-20T06:33:05.502+0000] {logging_mixin.py:188} INFO - [2024-10-20T06:33:05.501+0000] {dag.py:3954} INFO - Setting next_dagrun for tutorial_taskflow_api to None, run_after=None
[2024-10-20T06:33:05.519+0000] {processor.py:183} INFO - Processing /home/airflow/.local/lib/python3.12/site-packages/airflow/example_dags/tutorial_taskflow_api.py took 0.057 seconds
[2024-10-20T06:33:36.112+0000] {processor.py:161} INFO - Started process (PID=9546) to work on /home/airflow/.local/lib/python3.12/site-packages/airflow/example_dags/tutorial_taskflow_api.py
[2024-10-20T06:33:36.113+0000] {processor.py:830} INFO - Processing file /home/airflow/.local/lib/python3.12/site-packages/airflow/example_dags/tutorial_taskflow_api.py for tasks to queue
[2024-10-20T06:33:36.114+0000] {logging_mixin.py:188} INFO - [2024-10-20T06:33:36.114+0000] {dagbag.py:540} INFO - Filling up the DagBag from /home/airflow/.local/lib/python3.12/site-packages/airflow/example_dags/tutorial_taskflow_api.py
[2024-10-20T06:33:36.121+0000] {processor.py:840} INFO - DAG(s) 'tutorial_taskflow_api' retrieved from /home/airflow/.local/lib/python3.12/site-packages/airflow/example_dags/tutorial_taskflow_api.py
[2024-10-20T06:33:36.139+0000] {logging_mixin.py:188} INFO - [2024-10-20T06:33:36.138+0000] {dag.py:3096} INFO - Sync 1 DAGs
[2024-10-20T06:33:36.151+0000] {logging_mixin.py:188} INFO - [2024-10-20T06:33:36.151+0000] {dag.py:3954} INFO - Setting next_dagrun for tutorial_taskflow_api to None, run_after=None
[2024-10-20T06:33:36.182+0000] {processor.py:183} INFO - Processing /home/airflow/.local/lib/python3.12/site-packages/airflow/example_dags/tutorial_taskflow_api.py took 0.075 seconds
[2024-10-20T06:34:06.802+0000] {processor.py:161} INFO - Started process (PID=9812) to work on /home/airflow/.local/lib/python3.12/site-packages/airflow/example_dags/tutorial_taskflow_api.py
[2024-10-20T06:34:06.803+0000] {processor.py:830} INFO - Processing file /home/airflow/.local/lib/python3.12/site-packages/airflow/example_dags/tutorial_taskflow_api.py for tasks to queue
[2024-10-20T06:34:06.804+0000] {logging_mixin.py:188} INFO - [2024-10-20T06:34:06.804+0000] {dagbag.py:540} INFO - Filling up the DagBag from /home/airflow/.local/lib/python3.12/site-packages/airflow/example_dags/tutorial_taskflow_api.py
[2024-10-20T06:34:06.808+0000] {processor.py:840} INFO - DAG(s) 'tutorial_taskflow_api' retrieved from /home/airflow/.local/lib/python3.12/site-packages/airflow/example_dags/tutorial_taskflow_api.py
[2024-10-20T06:34:06.825+0000] {logging_mixin.py:188} INFO - [2024-10-20T06:34:06.825+0000] {dag.py:3096} INFO - Sync 1 DAGs
[2024-10-20T06:34:06.838+0000] {logging_mixin.py:188} INFO - [2024-10-20T06:34:06.838+0000] {dag.py:3954} INFO - Setting next_dagrun for tutorial_taskflow_api to None, run_after=None
[2024-10-20T06:34:06.861+0000] {processor.py:183} INFO - Processing /home/airflow/.local/lib/python3.12/site-packages/airflow/example_dags/tutorial_taskflow_api.py took 0.063 seconds
[2024-10-20T06:34:37.398+0000] {processor.py:161} INFO - Started process (PID=10078) to work on /home/airflow/.local/lib/python3.12/site-packages/airflow/example_dags/tutorial_taskflow_api.py
[2024-10-20T06:34:37.398+0000] {processor.py:830} INFO - Processing file /home/airflow/.local/lib/python3.12/site-packages/airflow/example_dags/tutorial_taskflow_api.py for tasks to queue
[2024-10-20T06:34:37.400+0000] {logging_mixin.py:188} INFO - [2024-10-20T06:34:37.399+0000] {dagbag.py:540} INFO - Filling up the DagBag from /home/airflow/.local/lib/python3.12/site-packages/airflow/example_dags/tutorial_taskflow_api.py
[2024-10-20T06:34:37.404+0000] {processor.py:840} INFO - DAG(s) 'tutorial_taskflow_api' retrieved from /home/airflow/.local/lib/python3.12/site-packages/airflow/example_dags/tutorial_taskflow_api.py
[2024-10-20T06:34:37.419+0000] {logging_mixin.py:188} INFO - [2024-10-20T06:34:37.419+0000] {dag.py:3096} INFO - Sync 1 DAGs
[2024-10-20T06:34:37.429+0000] {logging_mixin.py:188} INFO - [2024-10-20T06:34:37.429+0000] {dag.py:3954} INFO - Setting next_dagrun for tutorial_taskflow_api to None, run_after=None
[2024-10-20T06:34:37.448+0000] {processor.py:183} INFO - Processing /home/airflow/.local/lib/python3.12/site-packages/airflow/example_dags/tutorial_taskflow_api.py took 0.054 seconds
[2024-10-20T06:35:07.858+0000] {processor.py:161} INFO - Started process (PID=10344) to work on /home/airflow/.local/lib/python3.12/site-packages/airflow/example_dags/tutorial_taskflow_api.py
[2024-10-20T06:35:07.859+0000] {processor.py:830} INFO - Processing file /home/airflow/.local/lib/python3.12/site-packages/airflow/example_dags/tutorial_taskflow_api.py for tasks to queue
[2024-10-20T06:35:07.861+0000] {logging_mixin.py:188} INFO - [2024-10-20T06:35:07.860+0000] {dagbag.py:540} INFO - Filling up the DagBag from /home/airflow/.local/lib/python3.12/site-packages/airflow/example_dags/tutorial_taskflow_api.py
[2024-10-20T06:35:07.867+0000] {processor.py:840} INFO - DAG(s) 'tutorial_taskflow_api' retrieved from /home/airflow/.local/lib/python3.12/site-packages/airflow/example_dags/tutorial_taskflow_api.py
[2024-10-20T06:35:07.883+0000] {logging_mixin.py:188} INFO - [2024-10-20T06:35:07.883+0000] {dag.py:3096} INFO - Sync 1 DAGs
[2024-10-20T06:35:07.896+0000] {logging_mixin.py:188} INFO - [2024-10-20T06:35:07.896+0000] {dag.py:3954} INFO - Setting next_dagrun for tutorial_taskflow_api to None, run_after=None
[2024-10-20T06:35:07.915+0000] {processor.py:183} INFO - Processing /home/airflow/.local/lib/python3.12/site-packages/airflow/example_dags/tutorial_taskflow_api.py took 0.061 seconds
[2024-10-20T06:35:38.551+0000] {processor.py:161} INFO - Started process (PID=10611) to work on /home/airflow/.local/lib/python3.12/site-packages/airflow/example_dags/tutorial_taskflow_api.py
[2024-10-20T06:35:38.552+0000] {processor.py:830} INFO - Processing file /home/airflow/.local/lib/python3.12/site-packages/airflow/example_dags/tutorial_taskflow_api.py for tasks to queue
[2024-10-20T06:35:38.554+0000] {logging_mixin.py:188} INFO - [2024-10-20T06:35:38.553+0000] {dagbag.py:540} INFO - Filling up the DagBag from /home/airflow/.local/lib/python3.12/site-packages/airflow/example_dags/tutorial_taskflow_api.py
[2024-10-20T06:35:38.560+0000] {processor.py:840} INFO - DAG(s) 'tutorial_taskflow_api' retrieved from /home/airflow/.local/lib/python3.12/site-packages/airflow/example_dags/tutorial_taskflow_api.py
[2024-10-20T06:35:38.577+0000] {logging_mixin.py:188} INFO - [2024-10-20T06:35:38.577+0000] {dag.py:3096} INFO - Sync 1 DAGs
[2024-10-20T06:35:38.590+0000] {logging_mixin.py:188} INFO - [2024-10-20T06:35:38.589+0000] {dag.py:3954} INFO - Setting next_dagrun for tutorial_taskflow_api to None, run_after=None
[2024-10-20T06:35:38.612+0000] {processor.py:183} INFO - Processing /home/airflow/.local/lib/python3.12/site-packages/airflow/example_dags/tutorial_taskflow_api.py took 0.065 seconds
[2024-10-20T06:36:09.105+0000] {processor.py:161} INFO - Started process (PID=10877) to work on /home/airflow/.local/lib/python3.12/site-packages/airflow/example_dags/tutorial_taskflow_api.py
[2024-10-20T06:36:09.106+0000] {processor.py:830} INFO - Processing file /home/airflow/.local/lib/python3.12/site-packages/airflow/example_dags/tutorial_taskflow_api.py for tasks to queue
[2024-10-20T06:36:09.108+0000] {logging_mixin.py:188} INFO - [2024-10-20T06:36:09.107+0000] {dagbag.py:540} INFO - Filling up the DagBag from /home/airflow/.local/lib/python3.12/site-packages/airflow/example_dags/tutorial_taskflow_api.py
[2024-10-20T06:36:09.114+0000] {processor.py:840} INFO - DAG(s) 'tutorial_taskflow_api' retrieved from /home/airflow/.local/lib/python3.12/site-packages/airflow/example_dags/tutorial_taskflow_api.py
[2024-10-20T06:36:09.132+0000] {logging_mixin.py:188} INFO - [2024-10-20T06:36:09.131+0000] {dag.py:3096} INFO - Sync 1 DAGs
[2024-10-20T06:36:09.141+0000] {logging_mixin.py:188} INFO - [2024-10-20T06:36:09.141+0000] {dag.py:3954} INFO - Setting next_dagrun for tutorial_taskflow_api to None, run_after=None
[2024-10-20T06:36:09.160+0000] {processor.py:183} INFO - Processing /home/airflow/.local/lib/python3.12/site-packages/airflow/example_dags/tutorial_taskflow_api.py took 0.058 seconds
[2024-10-20T06:36:39.723+0000] {processor.py:161} INFO - Started process (PID=11143) to work on /home/airflow/.local/lib/python3.12/site-packages/airflow/example_dags/tutorial_taskflow_api.py
[2024-10-20T06:36:39.724+0000] {processor.py:830} INFO - Processing file /home/airflow/.local/lib/python3.12/site-packages/airflow/example_dags/tutorial_taskflow_api.py for tasks to queue
[2024-10-20T06:36:39.725+0000] {logging_mixin.py:188} INFO - [2024-10-20T06:36:39.725+0000] {dagbag.py:540} INFO - Filling up the DagBag from /home/airflow/.local/lib/python3.12/site-packages/airflow/example_dags/tutorial_taskflow_api.py
[2024-10-20T06:36:39.730+0000] {processor.py:840} INFO - DAG(s) 'tutorial_taskflow_api' retrieved from /home/airflow/.local/lib/python3.12/site-packages/airflow/example_dags/tutorial_taskflow_api.py
[2024-10-20T06:36:39.746+0000] {logging_mixin.py:188} INFO - [2024-10-20T06:36:39.746+0000] {dag.py:3096} INFO - Sync 1 DAGs
[2024-10-20T06:36:39.756+0000] {logging_mixin.py:188} INFO - [2024-10-20T06:36:39.756+0000] {dag.py:3954} INFO - Setting next_dagrun for tutorial_taskflow_api to None, run_after=None
[2024-10-20T06:36:39.774+0000] {processor.py:183} INFO - Processing /home/airflow/.local/lib/python3.12/site-packages/airflow/example_dags/tutorial_taskflow_api.py took 0.056 seconds
[2024-10-20T06:37:10.487+0000] {processor.py:161} INFO - Started process (PID=11410) to work on /home/airflow/.local/lib/python3.12/site-packages/airflow/example_dags/tutorial_taskflow_api.py
[2024-10-20T06:37:10.488+0000] {processor.py:830} INFO - Processing file /home/airflow/.local/lib/python3.12/site-packages/airflow/example_dags/tutorial_taskflow_api.py for tasks to queue
[2024-10-20T06:37:10.489+0000] {logging_mixin.py:188} INFO - [2024-10-20T06:37:10.489+0000] {dagbag.py:540} INFO - Filling up the DagBag from /home/airflow/.local/lib/python3.12/site-packages/airflow/example_dags/tutorial_taskflow_api.py
[2024-10-20T06:37:10.495+0000] {processor.py:840} INFO - DAG(s) 'tutorial_taskflow_api' retrieved from /home/airflow/.local/lib/python3.12/site-packages/airflow/example_dags/tutorial_taskflow_api.py
[2024-10-20T06:37:10.513+0000] {logging_mixin.py:188} INFO - [2024-10-20T06:37:10.513+0000] {dag.py:3096} INFO - Sync 1 DAGs
[2024-10-20T06:37:10.526+0000] {logging_mixin.py:188} INFO - [2024-10-20T06:37:10.525+0000] {dag.py:3954} INFO - Setting next_dagrun for tutorial_taskflow_api to None, run_after=None
[2024-10-20T06:37:10.549+0000] {processor.py:183} INFO - Processing /home/airflow/.local/lib/python3.12/site-packages/airflow/example_dags/tutorial_taskflow_api.py took 0.067 seconds
[2024-10-20T06:37:41.154+0000] {processor.py:161} INFO - Started process (PID=11676) to work on /home/airflow/.local/lib/python3.12/site-packages/airflow/example_dags/tutorial_taskflow_api.py
[2024-10-20T06:37:41.154+0000] {processor.py:830} INFO - Processing file /home/airflow/.local/lib/python3.12/site-packages/airflow/example_dags/tutorial_taskflow_api.py for tasks to queue
[2024-10-20T06:37:41.156+0000] {logging_mixin.py:188} INFO - [2024-10-20T06:37:41.156+0000] {dagbag.py:540} INFO - Filling up the DagBag from /home/airflow/.local/lib/python3.12/site-packages/airflow/example_dags/tutorial_taskflow_api.py
[2024-10-20T06:37:41.162+0000] {processor.py:840} INFO - DAG(s) 'tutorial_taskflow_api' retrieved from /home/airflow/.local/lib/python3.12/site-packages/airflow/example_dags/tutorial_taskflow_api.py
[2024-10-20T06:37:41.178+0000] {logging_mixin.py:188} INFO - [2024-10-20T06:37:41.177+0000] {dag.py:3096} INFO - Sync 1 DAGs
[2024-10-20T06:37:41.187+0000] {logging_mixin.py:188} INFO - [2024-10-20T06:37:41.187+0000] {dag.py:3954} INFO - Setting next_dagrun for tutorial_taskflow_api to None, run_after=None
[2024-10-20T06:37:41.204+0000] {processor.py:183} INFO - Processing /home/airflow/.local/lib/python3.12/site-packages/airflow/example_dags/tutorial_taskflow_api.py took 0.055 seconds
[2024-10-20T06:38:11.686+0000] {processor.py:161} INFO - Started process (PID=11942) to work on /home/airflow/.local/lib/python3.12/site-packages/airflow/example_dags/tutorial_taskflow_api.py
[2024-10-20T06:38:11.686+0000] {processor.py:830} INFO - Processing file /home/airflow/.local/lib/python3.12/site-packages/airflow/example_dags/tutorial_taskflow_api.py for tasks to queue
[2024-10-20T06:38:11.688+0000] {logging_mixin.py:188} INFO - [2024-10-20T06:38:11.687+0000] {dagbag.py:540} INFO - Filling up the DagBag from /home/airflow/.local/lib/python3.12/site-packages/airflow/example_dags/tutorial_taskflow_api.py
[2024-10-20T06:38:11.692+0000] {processor.py:840} INFO - DAG(s) 'tutorial_taskflow_api' retrieved from /home/airflow/.local/lib/python3.12/site-packages/airflow/example_dags/tutorial_taskflow_api.py
[2024-10-20T06:38:11.708+0000] {logging_mixin.py:188} INFO - [2024-10-20T06:38:11.708+0000] {dag.py:3096} INFO - Sync 1 DAGs
[2024-10-20T06:38:11.720+0000] {logging_mixin.py:188} INFO - [2024-10-20T06:38:11.720+0000] {dag.py:3954} INFO - Setting next_dagrun for tutorial_taskflow_api to None, run_after=None
[2024-10-20T06:38:11.745+0000] {processor.py:183} INFO - Processing /home/airflow/.local/lib/python3.12/site-packages/airflow/example_dags/tutorial_taskflow_api.py took 0.064 seconds
[2024-10-20T06:38:42.278+0000] {processor.py:161} INFO - Started process (PID=12208) to work on /home/airflow/.local/lib/python3.12/site-packages/airflow/example_dags/tutorial_taskflow_api.py
[2024-10-20T06:38:42.279+0000] {processor.py:830} INFO - Processing file /home/airflow/.local/lib/python3.12/site-packages/airflow/example_dags/tutorial_taskflow_api.py for tasks to queue
[2024-10-20T06:38:42.280+0000] {logging_mixin.py:188} INFO - [2024-10-20T06:38:42.280+0000] {dagbag.py:540} INFO - Filling up the DagBag from /home/airflow/.local/lib/python3.12/site-packages/airflow/example_dags/tutorial_taskflow_api.py
[2024-10-20T06:38:42.285+0000] {processor.py:840} INFO - DAG(s) 'tutorial_taskflow_api' retrieved from /home/airflow/.local/lib/python3.12/site-packages/airflow/example_dags/tutorial_taskflow_api.py
[2024-10-20T06:38:42.302+0000] {logging_mixin.py:188} INFO - [2024-10-20T06:38:42.301+0000] {dag.py:3096} INFO - Sync 1 DAGs
[2024-10-20T06:38:42.314+0000] {logging_mixin.py:188} INFO - [2024-10-20T06:38:42.314+0000] {dag.py:3954} INFO - Setting next_dagrun for tutorial_taskflow_api to None, run_after=None
[2024-10-20T06:38:42.339+0000] {processor.py:183} INFO - Processing /home/airflow/.local/lib/python3.12/site-packages/airflow/example_dags/tutorial_taskflow_api.py took 0.066 seconds
[2024-10-20T06:39:12.810+0000] {processor.py:161} INFO - Started process (PID=12474) to work on /home/airflow/.local/lib/python3.12/site-packages/airflow/example_dags/tutorial_taskflow_api.py
[2024-10-20T06:39:12.811+0000] {processor.py:830} INFO - Processing file /home/airflow/.local/lib/python3.12/site-packages/airflow/example_dags/tutorial_taskflow_api.py for tasks to queue
[2024-10-20T06:39:12.812+0000] {logging_mixin.py:188} INFO - [2024-10-20T06:39:12.812+0000] {dagbag.py:540} INFO - Filling up the DagBag from /home/airflow/.local/lib/python3.12/site-packages/airflow/example_dags/tutorial_taskflow_api.py
[2024-10-20T06:39:12.818+0000] {processor.py:840} INFO - DAG(s) 'tutorial_taskflow_api' retrieved from /home/airflow/.local/lib/python3.12/site-packages/airflow/example_dags/tutorial_taskflow_api.py
[2024-10-20T06:39:12.836+0000] {logging_mixin.py:188} INFO - [2024-10-20T06:39:12.836+0000] {dag.py:3096} INFO - Sync 1 DAGs
[2024-10-20T06:39:12.848+0000] {logging_mixin.py:188} INFO - [2024-10-20T06:39:12.848+0000] {dag.py:3954} INFO - Setting next_dagrun for tutorial_taskflow_api to None, run_after=None
[2024-10-20T06:39:12.875+0000] {processor.py:183} INFO - Processing /home/airflow/.local/lib/python3.12/site-packages/airflow/example_dags/tutorial_taskflow_api.py took 0.070 seconds
[2024-10-20T06:39:43.540+0000] {processor.py:161} INFO - Started process (PID=12746) to work on /home/airflow/.local/lib/python3.12/site-packages/airflow/example_dags/tutorial_taskflow_api.py
[2024-10-20T06:39:43.540+0000] {processor.py:830} INFO - Processing file /home/airflow/.local/lib/python3.12/site-packages/airflow/example_dags/tutorial_taskflow_api.py for tasks to queue
[2024-10-20T06:39:43.542+0000] {logging_mixin.py:188} INFO - [2024-10-20T06:39:43.541+0000] {dagbag.py:540} INFO - Filling up the DagBag from /home/airflow/.local/lib/python3.12/site-packages/airflow/example_dags/tutorial_taskflow_api.py
[2024-10-20T06:39:43.547+0000] {processor.py:840} INFO - DAG(s) 'tutorial_taskflow_api' retrieved from /home/airflow/.local/lib/python3.12/site-packages/airflow/example_dags/tutorial_taskflow_api.py
[2024-10-20T06:39:43.565+0000] {logging_mixin.py:188} INFO - [2024-10-20T06:39:43.564+0000] {dag.py:3096} INFO - Sync 1 DAGs
[2024-10-20T06:39:43.575+0000] {logging_mixin.py:188} INFO - [2024-10-20T06:39:43.574+0000] {dag.py:3954} INFO - Setting next_dagrun for tutorial_taskflow_api to None, run_after=None
[2024-10-20T06:39:43.592+0000] {processor.py:183} INFO - Processing /home/airflow/.local/lib/python3.12/site-packages/airflow/example_dags/tutorial_taskflow_api.py took 0.057 seconds
[2024-10-20T06:40:13.994+0000] {processor.py:161} INFO - Started process (PID=13012) to work on /home/airflow/.local/lib/python3.12/site-packages/airflow/example_dags/tutorial_taskflow_api.py
[2024-10-20T06:40:13.995+0000] {processor.py:830} INFO - Processing file /home/airflow/.local/lib/python3.12/site-packages/airflow/example_dags/tutorial_taskflow_api.py for tasks to queue
[2024-10-20T06:40:13.996+0000] {logging_mixin.py:188} INFO - [2024-10-20T06:40:13.996+0000] {dagbag.py:540} INFO - Filling up the DagBag from /home/airflow/.local/lib/python3.12/site-packages/airflow/example_dags/tutorial_taskflow_api.py
[2024-10-20T06:40:14.000+0000] {processor.py:840} INFO - DAG(s) 'tutorial_taskflow_api' retrieved from /home/airflow/.local/lib/python3.12/site-packages/airflow/example_dags/tutorial_taskflow_api.py
[2024-10-20T06:40:14.017+0000] {logging_mixin.py:188} INFO - [2024-10-20T06:40:14.017+0000] {dag.py:3096} INFO - Sync 1 DAGs
[2024-10-20T06:40:14.029+0000] {logging_mixin.py:188} INFO - [2024-10-20T06:40:14.029+0000] {dag.py:3954} INFO - Setting next_dagrun for tutorial_taskflow_api to None, run_after=None
[2024-10-20T06:40:14.050+0000] {processor.py:183} INFO - Processing /home/airflow/.local/lib/python3.12/site-packages/airflow/example_dags/tutorial_taskflow_api.py took 0.062 seconds
[2024-10-20T06:40:44.733+0000] {processor.py:161} INFO - Started process (PID=13278) to work on /home/airflow/.local/lib/python3.12/site-packages/airflow/example_dags/tutorial_taskflow_api.py
[2024-10-20T06:40:44.733+0000] {processor.py:830} INFO - Processing file /home/airflow/.local/lib/python3.12/site-packages/airflow/example_dags/tutorial_taskflow_api.py for tasks to queue
[2024-10-20T06:40:44.735+0000] {logging_mixin.py:188} INFO - [2024-10-20T06:40:44.735+0000] {dagbag.py:540} INFO - Filling up the DagBag from /home/airflow/.local/lib/python3.12/site-packages/airflow/example_dags/tutorial_taskflow_api.py
[2024-10-20T06:40:44.741+0000] {processor.py:840} INFO - DAG(s) 'tutorial_taskflow_api' retrieved from /home/airflow/.local/lib/python3.12/site-packages/airflow/example_dags/tutorial_taskflow_api.py
[2024-10-20T06:40:44.759+0000] {logging_mixin.py:188} INFO - [2024-10-20T06:40:44.759+0000] {dag.py:3096} INFO - Sync 1 DAGs
[2024-10-20T06:40:44.771+0000] {logging_mixin.py:188} INFO - [2024-10-20T06:40:44.771+0000] {dag.py:3954} INFO - Setting next_dagrun for tutorial_taskflow_api to None, run_after=None
[2024-10-20T06:40:44.791+0000] {processor.py:183} INFO - Processing /home/airflow/.local/lib/python3.12/site-packages/airflow/example_dags/tutorial_taskflow_api.py took 0.063 seconds
[2024-10-20T06:41:15.365+0000] {processor.py:161} INFO - Started process (PID=13542) to work on /home/airflow/.local/lib/python3.12/site-packages/airflow/example_dags/tutorial_taskflow_api.py
[2024-10-20T06:41:15.366+0000] {processor.py:830} INFO - Processing file /home/airflow/.local/lib/python3.12/site-packages/airflow/example_dags/tutorial_taskflow_api.py for tasks to queue
[2024-10-20T06:41:15.367+0000] {logging_mixin.py:188} INFO - [2024-10-20T06:41:15.367+0000] {dagbag.py:540} INFO - Filling up the DagBag from /home/airflow/.local/lib/python3.12/site-packages/airflow/example_dags/tutorial_taskflow_api.py
[2024-10-20T06:41:15.371+0000] {processor.py:840} INFO - DAG(s) 'tutorial_taskflow_api' retrieved from /home/airflow/.local/lib/python3.12/site-packages/airflow/example_dags/tutorial_taskflow_api.py
[2024-10-20T06:41:15.385+0000] {logging_mixin.py:188} INFO - [2024-10-20T06:41:15.385+0000] {dag.py:3096} INFO - Sync 1 DAGs
[2024-10-20T06:41:15.395+0000] {logging_mixin.py:188} INFO - [2024-10-20T06:41:15.395+0000] {dag.py:3954} INFO - Setting next_dagrun for tutorial_taskflow_api to None, run_after=None
[2024-10-20T06:41:15.412+0000] {processor.py:183} INFO - Processing /home/airflow/.local/lib/python3.12/site-packages/airflow/example_dags/tutorial_taskflow_api.py took 0.052 seconds
[2024-10-20T06:41:45.896+0000] {processor.py:161} INFO - Started process (PID=13810) to work on /home/airflow/.local/lib/python3.12/site-packages/airflow/example_dags/tutorial_taskflow_api.py
[2024-10-20T06:41:45.897+0000] {processor.py:830} INFO - Processing file /home/airflow/.local/lib/python3.12/site-packages/airflow/example_dags/tutorial_taskflow_api.py for tasks to queue
[2024-10-20T06:41:45.898+0000] {logging_mixin.py:188} INFO - [2024-10-20T06:41:45.898+0000] {dagbag.py:540} INFO - Filling up the DagBag from /home/airflow/.local/lib/python3.12/site-packages/airflow/example_dags/tutorial_taskflow_api.py
[2024-10-20T06:41:45.903+0000] {processor.py:840} INFO - DAG(s) 'tutorial_taskflow_api' retrieved from /home/airflow/.local/lib/python3.12/site-packages/airflow/example_dags/tutorial_taskflow_api.py
[2024-10-20T06:41:45.920+0000] {logging_mixin.py:188} INFO - [2024-10-20T06:41:45.920+0000] {dag.py:3096} INFO - Sync 1 DAGs
[2024-10-20T06:41:45.929+0000] {logging_mixin.py:188} INFO - [2024-10-20T06:41:45.929+0000] {dag.py:3954} INFO - Setting next_dagrun for tutorial_taskflow_api to None, run_after=None
[2024-10-20T06:41:45.949+0000] {processor.py:183} INFO - Processing /home/airflow/.local/lib/python3.12/site-packages/airflow/example_dags/tutorial_taskflow_api.py took 0.057 seconds
[2024-10-20T06:42:16.588+0000] {processor.py:161} INFO - Started process (PID=14076) to work on /home/airflow/.local/lib/python3.12/site-packages/airflow/example_dags/tutorial_taskflow_api.py
[2024-10-20T06:42:16.589+0000] {processor.py:830} INFO - Processing file /home/airflow/.local/lib/python3.12/site-packages/airflow/example_dags/tutorial_taskflow_api.py for tasks to queue
[2024-10-20T06:42:16.591+0000] {logging_mixin.py:188} INFO - [2024-10-20T06:42:16.590+0000] {dagbag.py:540} INFO - Filling up the DagBag from /home/airflow/.local/lib/python3.12/site-packages/airflow/example_dags/tutorial_taskflow_api.py
[2024-10-20T06:42:16.597+0000] {processor.py:840} INFO - DAG(s) 'tutorial_taskflow_api' retrieved from /home/airflow/.local/lib/python3.12/site-packages/airflow/example_dags/tutorial_taskflow_api.py
[2024-10-20T06:42:16.618+0000] {logging_mixin.py:188} INFO - [2024-10-20T06:42:16.617+0000] {dag.py:3096} INFO - Sync 1 DAGs
[2024-10-20T06:42:16.630+0000] {logging_mixin.py:188} INFO - [2024-10-20T06:42:16.630+0000] {dag.py:3954} INFO - Setting next_dagrun for tutorial_taskflow_api to None, run_after=None
[2024-10-20T06:42:16.652+0000] {processor.py:183} INFO - Processing /home/airflow/.local/lib/python3.12/site-packages/airflow/example_dags/tutorial_taskflow_api.py took 0.069 seconds
[2024-10-20T06:42:47.127+0000] {processor.py:161} INFO - Started process (PID=14342) to work on /home/airflow/.local/lib/python3.12/site-packages/airflow/example_dags/tutorial_taskflow_api.py
[2024-10-20T06:42:47.128+0000] {processor.py:830} INFO - Processing file /home/airflow/.local/lib/python3.12/site-packages/airflow/example_dags/tutorial_taskflow_api.py for tasks to queue
[2024-10-20T06:42:47.129+0000] {logging_mixin.py:188} INFO - [2024-10-20T06:42:47.129+0000] {dagbag.py:540} INFO - Filling up the DagBag from /home/airflow/.local/lib/python3.12/site-packages/airflow/example_dags/tutorial_taskflow_api.py
[2024-10-20T06:42:47.135+0000] {processor.py:840} INFO - DAG(s) 'tutorial_taskflow_api' retrieved from /home/airflow/.local/lib/python3.12/site-packages/airflow/example_dags/tutorial_taskflow_api.py
[2024-10-20T06:42:47.151+0000] {logging_mixin.py:188} INFO - [2024-10-20T06:42:47.151+0000] {dag.py:3096} INFO - Sync 1 DAGs
[2024-10-20T06:42:47.160+0000] {logging_mixin.py:188} INFO - [2024-10-20T06:42:47.160+0000] {dag.py:3954} INFO - Setting next_dagrun for tutorial_taskflow_api to None, run_after=None
[2024-10-20T06:42:47.178+0000] {processor.py:183} INFO - Processing /home/airflow/.local/lib/python3.12/site-packages/airflow/example_dags/tutorial_taskflow_api.py took 0.056 seconds
[2024-10-20T06:43:17.762+0000] {processor.py:161} INFO - Started process (PID=14608) to work on /home/airflow/.local/lib/python3.12/site-packages/airflow/example_dags/tutorial_taskflow_api.py
[2024-10-20T06:43:17.763+0000] {processor.py:830} INFO - Processing file /home/airflow/.local/lib/python3.12/site-packages/airflow/example_dags/tutorial_taskflow_api.py for tasks to queue
[2024-10-20T06:43:17.764+0000] {logging_mixin.py:188} INFO - [2024-10-20T06:43:17.764+0000] {dagbag.py:540} INFO - Filling up the DagBag from /home/airflow/.local/lib/python3.12/site-packages/airflow/example_dags/tutorial_taskflow_api.py
[2024-10-20T06:43:17.769+0000] {processor.py:840} INFO - DAG(s) 'tutorial_taskflow_api' retrieved from /home/airflow/.local/lib/python3.12/site-packages/airflow/example_dags/tutorial_taskflow_api.py
[2024-10-20T06:43:17.786+0000] {logging_mixin.py:188} INFO - [2024-10-20T06:43:17.785+0000] {dag.py:3096} INFO - Sync 1 DAGs
[2024-10-20T06:43:17.798+0000] {logging_mixin.py:188} INFO - [2024-10-20T06:43:17.798+0000] {dag.py:3954} INFO - Setting next_dagrun for tutorial_taskflow_api to None, run_after=None
[2024-10-20T06:43:17.819+0000] {processor.py:183} INFO - Processing /home/airflow/.local/lib/python3.12/site-packages/airflow/example_dags/tutorial_taskflow_api.py took 0.062 seconds
[2024-10-20T06:43:48.422+0000] {processor.py:161} INFO - Started process (PID=14874) to work on /home/airflow/.local/lib/python3.12/site-packages/airflow/example_dags/tutorial_taskflow_api.py
[2024-10-20T06:43:48.423+0000] {processor.py:830} INFO - Processing file /home/airflow/.local/lib/python3.12/site-packages/airflow/example_dags/tutorial_taskflow_api.py for tasks to queue
[2024-10-20T06:43:48.424+0000] {logging_mixin.py:188} INFO - [2024-10-20T06:43:48.424+0000] {dagbag.py:540} INFO - Filling up the DagBag from /home/airflow/.local/lib/python3.12/site-packages/airflow/example_dags/tutorial_taskflow_api.py
[2024-10-20T06:43:48.429+0000] {processor.py:840} INFO - DAG(s) 'tutorial_taskflow_api' retrieved from /home/airflow/.local/lib/python3.12/site-packages/airflow/example_dags/tutorial_taskflow_api.py
[2024-10-20T06:43:48.446+0000] {logging_mixin.py:188} INFO - [2024-10-20T06:43:48.445+0000] {dag.py:3096} INFO - Sync 1 DAGs
[2024-10-20T06:43:48.458+0000] {logging_mixin.py:188} INFO - [2024-10-20T06:43:48.458+0000] {dag.py:3954} INFO - Setting next_dagrun for tutorial_taskflow_api to None, run_after=None
[2024-10-20T06:43:48.478+0000] {processor.py:183} INFO - Processing /home/airflow/.local/lib/python3.12/site-packages/airflow/example_dags/tutorial_taskflow_api.py took 0.060 seconds
[2024-10-20T06:44:19.093+0000] {processor.py:161} INFO - Started process (PID=15140) to work on /home/airflow/.local/lib/python3.12/site-packages/airflow/example_dags/tutorial_taskflow_api.py
[2024-10-20T06:44:19.094+0000] {processor.py:830} INFO - Processing file /home/airflow/.local/lib/python3.12/site-packages/airflow/example_dags/tutorial_taskflow_api.py for tasks to queue
[2024-10-20T06:44:19.095+0000] {logging_mixin.py:188} INFO - [2024-10-20T06:44:19.095+0000] {dagbag.py:540} INFO - Filling up the DagBag from /home/airflow/.local/lib/python3.12/site-packages/airflow/example_dags/tutorial_taskflow_api.py
[2024-10-20T06:44:19.102+0000] {processor.py:840} INFO - DAG(s) 'tutorial_taskflow_api' retrieved from /home/airflow/.local/lib/python3.12/site-packages/airflow/example_dags/tutorial_taskflow_api.py
[2024-10-20T06:44:19.117+0000] {logging_mixin.py:188} INFO - [2024-10-20T06:44:19.117+0000] {dag.py:3096} INFO - Sync 1 DAGs
[2024-10-20T06:44:19.126+0000] {logging_mixin.py:188} INFO - [2024-10-20T06:44:19.126+0000] {dag.py:3954} INFO - Setting next_dagrun for tutorial_taskflow_api to None, run_after=None
[2024-10-20T06:44:19.148+0000] {processor.py:183} INFO - Processing /home/airflow/.local/lib/python3.12/site-packages/airflow/example_dags/tutorial_taskflow_api.py took 0.059 seconds
