[2024-09-29T14:20:24.331+0000] {local_task_job_runner.py:120} INFO - ::group::Pre task execution logs
[2024-09-29T14:20:24.373+0000] {taskinstance.py:2073} INFO - Dependencies all met for dep_context=non-requeueable deps ti=<TaskInstance: etl.create_dataset scheduled__2024-07-19T00:00:00+00:00 [queued]>
[2024-09-29T14:20:24.389+0000] {taskinstance.py:2073} INFO - Dependencies all met for dep_context=requeueable deps ti=<TaskInstance: etl.create_dataset scheduled__2024-07-19T00:00:00+00:00 [queued]>
[2024-09-29T14:20:24.391+0000] {taskinstance.py:2303} INFO - Starting attempt 1 of 1
[2024-09-29T14:20:24.855+0000] {taskinstance.py:2327} INFO - Executing <Task(BigQueryCreateEmptyDatasetOperator): create_dataset> on 2024-07-19 00:00:00+00:00
[2024-09-29T14:20:24.891+0000] {standard_task_runner.py:90} INFO - Running: ['***', 'tasks', 'run', 'etl', 'create_dataset', 'scheduled__2024-07-19T00:00:00+00:00', '--job-id', '1228', '--raw', '--subdir', 'DAGS_FOLDER/etl.py', '--cfg-path', '/tmp/tmpiqnavwg7']
[2024-09-29T14:20:24.898+0000] {standard_task_runner.py:91} INFO - Job 1228: Subtask create_dataset
[2024-09-29T14:20:24.893+0000] {logging_mixin.py:188} WARNING - /home/***/.local/lib/python3.12/site-packages/***/task/task_runner/standard_task_runner.py:61 DeprecationWarning: This process (pid=15556) is multi-threaded, use of fork() may lead to deadlocks in the child.
[2024-09-29T14:20:24.901+0000] {standard_task_runner.py:63} INFO - Started process 15609 to run task
[2024-09-29T14:20:25.081+0000] {task_command.py:426} INFO - Running <TaskInstance: etl.create_dataset scheduled__2024-07-19T00:00:00+00:00 [running]> on host 71321b93f95e
[2024-09-29T14:20:25.535+0000] {taskinstance.py:2644} INFO - Exporting env vars: AIRFLOW_CTX_DAG_OWNER='***' AIRFLOW_CTX_DAG_ID='etl' AIRFLOW_CTX_TASK_ID='create_dataset' AIRFLOW_CTX_EXECUTION_DATE='2024-07-19T00:00:00+00:00' AIRFLOW_CTX_TRY_NUMBER='1' AIRFLOW_CTX_DAG_RUN_ID='scheduled__2024-07-19T00:00:00+00:00'
[2024-09-29T14:20:25.536+0000] {taskinstance.py:430} INFO - ::endgroup::
[2024-09-29T14:20:25.555+0000] {connection.py:274} WARNING - Connection schemes (type: google_cloud_platform) shall not contain '_' according to RFC3986.
[2024-09-29T14:20:25.565+0000] {base.py:84} INFO - Using connection ID 'my-gcp-conn' for task execution.
[2024-09-29T14:20:25.736+0000] {bigquery.py:470} INFO - datasetId was not specified in `dataset_reference`. Will use default value finalproject_data.
[2024-09-29T14:20:25.736+0000] {bigquery.py:470} INFO - projectId was not specified in `dataset_reference`. Will use default value madt-finalproject.
[2024-09-29T14:20:25.736+0000] {bigquery.py:481} INFO - Creating dataset: finalproject_data in project: madt-finalproject 
[2024-09-29T14:20:26.256+0000] {bigquery.py:2045} INFO - Dataset finalproject_data already exists.
[2024-09-29T14:20:26.341+0000] {taskinstance.py:441} INFO - ::group::Post task execution logs
[2024-09-29T14:20:26.356+0000] {taskinstance.py:1205} INFO - Marking task as SUCCESS. dag_id=etl, task_id=create_dataset, execution_date=20240719T000000, start_date=20240929T142024, end_date=20240929T142026
[2024-09-29T14:20:26.574+0000] {local_task_job_runner.py:240} INFO - Task exited with return code 0
[2024-09-29T14:20:26.639+0000] {taskinstance.py:3482} INFO - 9 downstream tasks scheduled from follow-on schedule check
[2024-09-29T14:20:26.654+0000] {local_task_job_runner.py:222} INFO - ::endgroup::
