[2024-09-29T09:11:38.155+0000] {local_task_job_runner.py:120} INFO - ::group::Pre task execution logs
[2024-09-29T09:11:38.195+0000] {taskinstance.py:2073} INFO - Dependencies all met for dep_context=non-requeueable deps ti=<TaskInstance: etl.gcs_to_bq_store scheduled__2024-06-02T00:00:00+00:00 [queued]>
[2024-09-29T09:11:38.213+0000] {taskinstance.py:2073} INFO - Dependencies all met for dep_context=requeueable deps ti=<TaskInstance: etl.gcs_to_bq_store scheduled__2024-06-02T00:00:00+00:00 [queued]>
[2024-09-29T09:11:38.214+0000] {taskinstance.py:2303} INFO - Starting attempt 1 of 1
[2024-09-29T09:11:38.299+0000] {taskinstance.py:2327} INFO - Executing <Task(GCSToBigQueryOperator): gcs_to_bq_store> on 2024-06-02 00:00:00+00:00
[2024-09-29T09:11:38.397+0000] {standard_task_runner.py:90} INFO - Running: ['***', 'tasks', 'run', 'etl', 'gcs_to_bq_store', 'scheduled__2024-06-02T00:00:00+00:00', '--job-id', '512', '--raw', '--subdir', 'DAGS_FOLDER/etl.py', '--cfg-path', '/tmp/tmpwpnw45ri']
[2024-09-29T09:11:38.407+0000] {logging_mixin.py:188} WARNING - /home/***/.local/lib/python3.12/site-packages/***/task/task_runner/standard_task_runner.py:61 DeprecationWarning: This process (pid=32588) is multi-threaded, use of fork() may lead to deadlocks in the child.
[2024-09-29T09:11:38.409+0000] {standard_task_runner.py:63} INFO - Started process 32652 to run task
[2024-09-29T09:11:38.406+0000] {standard_task_runner.py:91} INFO - Job 512: Subtask gcs_to_bq_store
[2024-09-29T09:11:38.629+0000] {task_command.py:426} INFO - Running <TaskInstance: etl.gcs_to_bq_store scheduled__2024-06-02T00:00:00+00:00 [running]> on host 71321b93f95e
[2024-09-29T09:11:39.044+0000] {taskinstance.py:2644} INFO - Exporting env vars: AIRFLOW_CTX_DAG_OWNER='***' AIRFLOW_CTX_DAG_ID='etl' AIRFLOW_CTX_TASK_ID='gcs_to_bq_store' AIRFLOW_CTX_EXECUTION_DATE='2024-06-02T00:00:00+00:00' AIRFLOW_CTX_TRY_NUMBER='1' AIRFLOW_CTX_DAG_RUN_ID='scheduled__2024-06-02T00:00:00+00:00'
[2024-09-29T09:11:39.051+0000] {taskinstance.py:430} INFO - ::endgroup::
[2024-09-29T09:11:39.117+0000] {connection.py:274} WARNING - Connection schemes (type: google_cloud_platform) shall not contain '_' according to RFC3986.
[2024-09-29T09:11:39.202+0000] {base.py:84} INFO - Using connection ID 'my_gcp_conn' for task execution.
[2024-09-29T09:11:39.215+0000] {gcs_to_bigquery.py:379} INFO - Using existing BigQuery table for storing data...
[2024-09-29T09:11:39.741+0000] {bigquery.py:2328} INFO - Project is not included in destination_project_dataset_table: finalproject_data.store; using project "madt-finalproject"
[2024-09-29T09:11:39.742+0000] {gcs_to_bigquery.py:383} INFO - Executing: {'load': {'autodetect': True, 'createDisposition': 'CREATE_IF_NEEDED', 'destinationTable': {'projectId': 'madt-finalproject', 'datasetId': 'finalproject_data', 'tableId': 'store'}, 'sourceFormat': 'CSV', 'sourceUris': ['gs://storage-madt-finalproject/store.csv'], 'writeDisposition': 'WRITE_TRUNCATE', 'ignoreUnknownValues': False, 'skipLeadingRows': None, 'fieldDelimiter': ',', 'quote': None, 'allowQuotedNewlines': False, 'encoding': 'UTF-8'}}
[2024-09-29T09:11:39.745+0000] {bigquery.py:1613} INFO - Inserting job ***_etl_gcs_to_bq_store_2024_06_02T00_00_00_00_00_c722cfe5e67975b5b4ae743f84fc6dcf
[2024-09-29T09:11:42.353+0000] {taskinstance.py:441} INFO - ::group::Post task execution logs
[2024-09-29T09:11:42.380+0000] {taskinstance.py:1205} INFO - Marking task as SUCCESS. dag_id=etl, task_id=gcs_to_bq_store, execution_date=20240602T000000, start_date=20240929T091138, end_date=20240929T091142
[2024-09-29T09:11:42.804+0000] {local_task_job_runner.py:240} INFO - Task exited with return code 0
[2024-09-29T09:11:43.202+0000] {taskinstance.py:3482} INFO - 0 downstream tasks scheduled from follow-on schedule check
[2024-09-29T09:11:43.232+0000] {local_task_job_runner.py:222} INFO - ::endgroup::
