[2024-11-05T15:28:39.037+0000] {processor.py:161} INFO - Started process (PID=184) to work on /home/airflow/.local/lib/python3.12/site-packages/airflow/example_dags/example_sensors.py
[2024-11-05T15:28:39.038+0000] {processor.py:830} INFO - Processing file /home/airflow/.local/lib/python3.12/site-packages/airflow/example_dags/example_sensors.py for tasks to queue
[2024-11-05T15:28:39.040+0000] {logging_mixin.py:188} INFO - [2024-11-05T15:28:39.039+0000] {dagbag.py:540} INFO - Filling up the DagBag from /home/airflow/.local/lib/python3.12/site-packages/airflow/example_dags/example_sensors.py
[2024-11-05T15:28:39.053+0000] {processor.py:840} INFO - DAG(s) 'example_sensors' retrieved from /home/airflow/.local/lib/python3.12/site-packages/airflow/example_dags/example_sensors.py
[2024-11-05T15:28:39.122+0000] {logging_mixin.py:188} INFO - [2024-11-05T15:28:39.122+0000] {dag.py:3096} INFO - Sync 1 DAGs
[2024-11-05T15:28:39.138+0000] {logging_mixin.py:188} INFO - [2024-11-05T15:28:39.138+0000] {dag.py:3954} INFO - Setting next_dagrun for example_sensors to None, run_after=None
[2024-11-05T15:28:39.166+0000] {processor.py:183} INFO - Processing /home/airflow/.local/lib/python3.12/site-packages/airflow/example_dags/example_sensors.py took 0.135 seconds
[2024-11-05T15:29:09.896+0000] {processor.py:161} INFO - Started process (PID=450) to work on /home/airflow/.local/lib/python3.12/site-packages/airflow/example_dags/example_sensors.py
[2024-11-05T15:29:09.897+0000] {processor.py:830} INFO - Processing file /home/airflow/.local/lib/python3.12/site-packages/airflow/example_dags/example_sensors.py for tasks to queue
[2024-11-05T15:29:09.900+0000] {logging_mixin.py:188} INFO - [2024-11-05T15:29:09.900+0000] {dagbag.py:540} INFO - Filling up the DagBag from /home/airflow/.local/lib/python3.12/site-packages/airflow/example_dags/example_sensors.py
[2024-11-05T15:29:09.910+0000] {processor.py:840} INFO - DAG(s) 'example_sensors' retrieved from /home/airflow/.local/lib/python3.12/site-packages/airflow/example_dags/example_sensors.py
[2024-11-05T15:29:09.938+0000] {logging_mixin.py:188} INFO - [2024-11-05T15:29:09.937+0000] {dag.py:3096} INFO - Sync 1 DAGs
[2024-11-05T15:29:09.951+0000] {logging_mixin.py:188} INFO - [2024-11-05T15:29:09.951+0000] {dag.py:3954} INFO - Setting next_dagrun for example_sensors to None, run_after=None
[2024-11-05T15:29:10.193+0000] {processor.py:183} INFO - Processing /home/airflow/.local/lib/python3.12/site-packages/airflow/example_dags/example_sensors.py took 0.303 seconds
[2024-11-05T15:29:40.739+0000] {processor.py:161} INFO - Started process (PID=713) to work on /home/airflow/.local/lib/python3.12/site-packages/airflow/example_dags/example_sensors.py
[2024-11-05T15:29:40.740+0000] {processor.py:830} INFO - Processing file /home/airflow/.local/lib/python3.12/site-packages/airflow/example_dags/example_sensors.py for tasks to queue
[2024-11-05T15:29:40.741+0000] {logging_mixin.py:188} INFO - [2024-11-05T15:29:40.741+0000] {dagbag.py:540} INFO - Filling up the DagBag from /home/airflow/.local/lib/python3.12/site-packages/airflow/example_dags/example_sensors.py
[2024-11-05T15:29:40.752+0000] {processor.py:840} INFO - DAG(s) 'example_sensors' retrieved from /home/airflow/.local/lib/python3.12/site-packages/airflow/example_dags/example_sensors.py
[2024-11-05T15:29:40.779+0000] {logging_mixin.py:188} INFO - [2024-11-05T15:29:40.779+0000] {dag.py:3096} INFO - Sync 1 DAGs
[2024-11-05T15:29:40.797+0000] {logging_mixin.py:188} INFO - [2024-11-05T15:29:40.796+0000] {dag.py:3954} INFO - Setting next_dagrun for example_sensors to None, run_after=None
[2024-11-05T15:29:41.727+0000] {processor.py:183} INFO - Processing /home/airflow/.local/lib/python3.12/site-packages/airflow/example_dags/example_sensors.py took 0.996 seconds
[2024-11-05T15:30:12.427+0000] {processor.py:161} INFO - Started process (PID=979) to work on /home/airflow/.local/lib/python3.12/site-packages/airflow/example_dags/example_sensors.py
[2024-11-05T15:30:12.427+0000] {processor.py:830} INFO - Processing file /home/airflow/.local/lib/python3.12/site-packages/airflow/example_dags/example_sensors.py for tasks to queue
[2024-11-05T15:30:12.429+0000] {logging_mixin.py:188} INFO - [2024-11-05T15:30:12.429+0000] {dagbag.py:540} INFO - Filling up the DagBag from /home/airflow/.local/lib/python3.12/site-packages/airflow/example_dags/example_sensors.py
[2024-11-05T15:30:12.435+0000] {processor.py:840} INFO - DAG(s) 'example_sensors' retrieved from /home/airflow/.local/lib/python3.12/site-packages/airflow/example_dags/example_sensors.py
[2024-11-05T15:30:12.454+0000] {logging_mixin.py:188} INFO - [2024-11-05T15:30:12.453+0000] {dag.py:3096} INFO - Sync 1 DAGs
[2024-11-05T15:30:12.462+0000] {logging_mixin.py:188} INFO - [2024-11-05T15:30:12.462+0000] {dag.py:3954} INFO - Setting next_dagrun for example_sensors to None, run_after=None
[2024-11-05T15:30:12.481+0000] {processor.py:183} INFO - Processing /home/airflow/.local/lib/python3.12/site-packages/airflow/example_dags/example_sensors.py took 0.058 seconds
[2024-11-05T15:30:43.073+0000] {processor.py:161} INFO - Started process (PID=1245) to work on /home/airflow/.local/lib/python3.12/site-packages/airflow/example_dags/example_sensors.py
[2024-11-05T15:30:43.073+0000] {processor.py:830} INFO - Processing file /home/airflow/.local/lib/python3.12/site-packages/airflow/example_dags/example_sensors.py for tasks to queue
[2024-11-05T15:30:43.074+0000] {logging_mixin.py:188} INFO - [2024-11-05T15:30:43.074+0000] {dagbag.py:540} INFO - Filling up the DagBag from /home/airflow/.local/lib/python3.12/site-packages/airflow/example_dags/example_sensors.py
[2024-11-05T15:30:43.081+0000] {processor.py:840} INFO - DAG(s) 'example_sensors' retrieved from /home/airflow/.local/lib/python3.12/site-packages/airflow/example_dags/example_sensors.py
[2024-11-05T15:30:43.099+0000] {logging_mixin.py:188} INFO - [2024-11-05T15:30:43.099+0000] {dag.py:3096} INFO - Sync 1 DAGs
[2024-11-05T15:30:43.108+0000] {logging_mixin.py:188} INFO - [2024-11-05T15:30:43.108+0000] {dag.py:3954} INFO - Setting next_dagrun for example_sensors to None, run_after=None
[2024-11-05T15:30:43.125+0000] {processor.py:183} INFO - Processing /home/airflow/.local/lib/python3.12/site-packages/airflow/example_dags/example_sensors.py took 0.056 seconds
[2024-11-05T15:31:13.827+0000] {processor.py:161} INFO - Started process (PID=1511) to work on /home/airflow/.local/lib/python3.12/site-packages/airflow/example_dags/example_sensors.py
[2024-11-05T15:31:13.828+0000] {processor.py:830} INFO - Processing file /home/airflow/.local/lib/python3.12/site-packages/airflow/example_dags/example_sensors.py for tasks to queue
[2024-11-05T15:31:13.829+0000] {logging_mixin.py:188} INFO - [2024-11-05T15:31:13.829+0000] {dagbag.py:540} INFO - Filling up the DagBag from /home/airflow/.local/lib/python3.12/site-packages/airflow/example_dags/example_sensors.py
[2024-11-05T15:31:13.836+0000] {processor.py:840} INFO - DAG(s) 'example_sensors' retrieved from /home/airflow/.local/lib/python3.12/site-packages/airflow/example_dags/example_sensors.py
[2024-11-05T15:31:13.857+0000] {logging_mixin.py:188} INFO - [2024-11-05T15:31:13.856+0000] {dag.py:3096} INFO - Sync 1 DAGs
[2024-11-05T15:31:13.868+0000] {logging_mixin.py:188} INFO - [2024-11-05T15:31:13.867+0000] {dag.py:3954} INFO - Setting next_dagrun for example_sensors to None, run_after=None
[2024-11-05T15:31:13.885+0000] {processor.py:183} INFO - Processing /home/airflow/.local/lib/python3.12/site-packages/airflow/example_dags/example_sensors.py took 0.061 seconds
[2024-11-05T15:31:44.488+0000] {processor.py:161} INFO - Started process (PID=1777) to work on /home/airflow/.local/lib/python3.12/site-packages/airflow/example_dags/example_sensors.py
[2024-11-05T15:31:44.488+0000] {processor.py:830} INFO - Processing file /home/airflow/.local/lib/python3.12/site-packages/airflow/example_dags/example_sensors.py for tasks to queue
[2024-11-05T15:31:44.490+0000] {logging_mixin.py:188} INFO - [2024-11-05T15:31:44.489+0000] {dagbag.py:540} INFO - Filling up the DagBag from /home/airflow/.local/lib/python3.12/site-packages/airflow/example_dags/example_sensors.py
[2024-11-05T15:31:44.496+0000] {processor.py:840} INFO - DAG(s) 'example_sensors' retrieved from /home/airflow/.local/lib/python3.12/site-packages/airflow/example_dags/example_sensors.py
[2024-11-05T15:31:44.514+0000] {logging_mixin.py:188} INFO - [2024-11-05T15:31:44.514+0000] {dag.py:3096} INFO - Sync 1 DAGs
[2024-11-05T15:31:44.523+0000] {logging_mixin.py:188} INFO - [2024-11-05T15:31:44.523+0000] {dag.py:3954} INFO - Setting next_dagrun for example_sensors to None, run_after=None
[2024-11-05T15:31:44.540+0000] {processor.py:183} INFO - Processing /home/airflow/.local/lib/python3.12/site-packages/airflow/example_dags/example_sensors.py took 0.056 seconds
[2024-11-05T15:32:15.277+0000] {processor.py:161} INFO - Started process (PID=2043) to work on /home/airflow/.local/lib/python3.12/site-packages/airflow/example_dags/example_sensors.py
[2024-11-05T15:32:15.277+0000] {processor.py:830} INFO - Processing file /home/airflow/.local/lib/python3.12/site-packages/airflow/example_dags/example_sensors.py for tasks to queue
[2024-11-05T15:32:15.279+0000] {logging_mixin.py:188} INFO - [2024-11-05T15:32:15.279+0000] {dagbag.py:540} INFO - Filling up the DagBag from /home/airflow/.local/lib/python3.12/site-packages/airflow/example_dags/example_sensors.py
[2024-11-05T15:32:15.287+0000] {processor.py:840} INFO - DAG(s) 'example_sensors' retrieved from /home/airflow/.local/lib/python3.12/site-packages/airflow/example_dags/example_sensors.py
[2024-11-05T15:32:15.305+0000] {logging_mixin.py:188} INFO - [2024-11-05T15:32:15.305+0000] {dag.py:3096} INFO - Sync 1 DAGs
[2024-11-05T15:32:15.314+0000] {logging_mixin.py:188} INFO - [2024-11-05T15:32:15.314+0000] {dag.py:3954} INFO - Setting next_dagrun for example_sensors to None, run_after=None
[2024-11-05T15:32:15.332+0000] {processor.py:183} INFO - Processing /home/airflow/.local/lib/python3.12/site-packages/airflow/example_dags/example_sensors.py took 0.059 seconds
[2024-11-05T15:32:46.146+0000] {processor.py:161} INFO - Started process (PID=2309) to work on /home/airflow/.local/lib/python3.12/site-packages/airflow/example_dags/example_sensors.py
[2024-11-05T15:32:46.147+0000] {processor.py:830} INFO - Processing file /home/airflow/.local/lib/python3.12/site-packages/airflow/example_dags/example_sensors.py for tasks to queue
[2024-11-05T15:32:46.148+0000] {logging_mixin.py:188} INFO - [2024-11-05T15:32:46.148+0000] {dagbag.py:540} INFO - Filling up the DagBag from /home/airflow/.local/lib/python3.12/site-packages/airflow/example_dags/example_sensors.py
[2024-11-05T15:32:46.155+0000] {processor.py:840} INFO - DAG(s) 'example_sensors' retrieved from /home/airflow/.local/lib/python3.12/site-packages/airflow/example_dags/example_sensors.py
[2024-11-05T15:32:46.175+0000] {logging_mixin.py:188} INFO - [2024-11-05T15:32:46.175+0000] {dag.py:3096} INFO - Sync 1 DAGs
[2024-11-05T15:32:46.184+0000] {logging_mixin.py:188} INFO - [2024-11-05T15:32:46.184+0000] {dag.py:3954} INFO - Setting next_dagrun for example_sensors to None, run_after=None
[2024-11-05T15:32:46.206+0000] {processor.py:183} INFO - Processing /home/airflow/.local/lib/python3.12/site-packages/airflow/example_dags/example_sensors.py took 0.064 seconds
[2024-11-05T15:33:16.932+0000] {processor.py:161} INFO - Started process (PID=2576) to work on /home/airflow/.local/lib/python3.12/site-packages/airflow/example_dags/example_sensors.py
[2024-11-05T15:33:16.932+0000] {processor.py:830} INFO - Processing file /home/airflow/.local/lib/python3.12/site-packages/airflow/example_dags/example_sensors.py for tasks to queue
[2024-11-05T15:33:16.934+0000] {logging_mixin.py:188} INFO - [2024-11-05T15:33:16.933+0000] {dagbag.py:540} INFO - Filling up the DagBag from /home/airflow/.local/lib/python3.12/site-packages/airflow/example_dags/example_sensors.py
[2024-11-05T15:33:16.940+0000] {processor.py:840} INFO - DAG(s) 'example_sensors' retrieved from /home/airflow/.local/lib/python3.12/site-packages/airflow/example_dags/example_sensors.py
[2024-11-05T15:33:16.958+0000] {logging_mixin.py:188} INFO - [2024-11-05T15:33:16.958+0000] {dag.py:3096} INFO - Sync 1 DAGs
[2024-11-05T15:33:16.966+0000] {logging_mixin.py:188} INFO - [2024-11-05T15:33:16.966+0000] {dag.py:3954} INFO - Setting next_dagrun for example_sensors to None, run_after=None
[2024-11-05T15:33:16.984+0000] {processor.py:183} INFO - Processing /home/airflow/.local/lib/python3.12/site-packages/airflow/example_dags/example_sensors.py took 0.057 seconds
[2024-11-05T15:33:47.668+0000] {processor.py:161} INFO - Started process (PID=2842) to work on /home/airflow/.local/lib/python3.12/site-packages/airflow/example_dags/example_sensors.py
[2024-11-05T15:33:47.668+0000] {processor.py:830} INFO - Processing file /home/airflow/.local/lib/python3.12/site-packages/airflow/example_dags/example_sensors.py for tasks to queue
[2024-11-05T15:33:47.669+0000] {logging_mixin.py:188} INFO - [2024-11-05T15:33:47.669+0000] {dagbag.py:540} INFO - Filling up the DagBag from /home/airflow/.local/lib/python3.12/site-packages/airflow/example_dags/example_sensors.py
[2024-11-05T15:33:47.676+0000] {processor.py:840} INFO - DAG(s) 'example_sensors' retrieved from /home/airflow/.local/lib/python3.12/site-packages/airflow/example_dags/example_sensors.py
[2024-11-05T15:33:47.694+0000] {logging_mixin.py:188} INFO - [2024-11-05T15:33:47.693+0000] {dag.py:3096} INFO - Sync 1 DAGs
[2024-11-05T15:33:47.702+0000] {logging_mixin.py:188} INFO - [2024-11-05T15:33:47.702+0000] {dag.py:3954} INFO - Setting next_dagrun for example_sensors to None, run_after=None
[2024-11-05T15:33:47.720+0000] {processor.py:183} INFO - Processing /home/airflow/.local/lib/python3.12/site-packages/airflow/example_dags/example_sensors.py took 0.057 seconds
[2024-11-05T15:34:17.898+0000] {processor.py:161} INFO - Started process (PID=3108) to work on /home/airflow/.local/lib/python3.12/site-packages/airflow/example_dags/example_sensors.py
[2024-11-05T15:34:17.899+0000] {processor.py:830} INFO - Processing file /home/airflow/.local/lib/python3.12/site-packages/airflow/example_dags/example_sensors.py for tasks to queue
[2024-11-05T15:34:17.900+0000] {logging_mixin.py:188} INFO - [2024-11-05T15:34:17.900+0000] {dagbag.py:540} INFO - Filling up the DagBag from /home/airflow/.local/lib/python3.12/site-packages/airflow/example_dags/example_sensors.py
[2024-11-05T15:34:17.907+0000] {processor.py:840} INFO - DAG(s) 'example_sensors' retrieved from /home/airflow/.local/lib/python3.12/site-packages/airflow/example_dags/example_sensors.py
[2024-11-05T15:34:17.925+0000] {logging_mixin.py:188} INFO - [2024-11-05T15:34:17.924+0000] {dag.py:3096} INFO - Sync 1 DAGs
[2024-11-05T15:34:17.933+0000] {logging_mixin.py:188} INFO - [2024-11-05T15:34:17.933+0000] {dag.py:3954} INFO - Setting next_dagrun for example_sensors to None, run_after=None
[2024-11-05T15:34:17.949+0000] {processor.py:183} INFO - Processing /home/airflow/.local/lib/python3.12/site-packages/airflow/example_dags/example_sensors.py took 0.055 seconds
[2024-11-05T15:34:48.409+0000] {processor.py:161} INFO - Started process (PID=3374) to work on /home/airflow/.local/lib/python3.12/site-packages/airflow/example_dags/example_sensors.py
[2024-11-05T15:34:48.410+0000] {processor.py:830} INFO - Processing file /home/airflow/.local/lib/python3.12/site-packages/airflow/example_dags/example_sensors.py for tasks to queue
[2024-11-05T15:34:48.411+0000] {logging_mixin.py:188} INFO - [2024-11-05T15:34:48.411+0000] {dagbag.py:540} INFO - Filling up the DagBag from /home/airflow/.local/lib/python3.12/site-packages/airflow/example_dags/example_sensors.py
[2024-11-05T15:34:48.417+0000] {processor.py:840} INFO - DAG(s) 'example_sensors' retrieved from /home/airflow/.local/lib/python3.12/site-packages/airflow/example_dags/example_sensors.py
[2024-11-05T15:34:48.435+0000] {logging_mixin.py:188} INFO - [2024-11-05T15:34:48.435+0000] {dag.py:3096} INFO - Sync 1 DAGs
[2024-11-05T15:34:48.443+0000] {logging_mixin.py:188} INFO - [2024-11-05T15:34:48.443+0000] {dag.py:3954} INFO - Setting next_dagrun for example_sensors to None, run_after=None
[2024-11-05T15:34:48.461+0000] {processor.py:183} INFO - Processing /home/airflow/.local/lib/python3.12/site-packages/airflow/example_dags/example_sensors.py took 0.056 seconds
[2024-11-05T15:35:18.661+0000] {processor.py:161} INFO - Started process (PID=3640) to work on /home/airflow/.local/lib/python3.12/site-packages/airflow/example_dags/example_sensors.py
[2024-11-05T15:35:18.662+0000] {processor.py:830} INFO - Processing file /home/airflow/.local/lib/python3.12/site-packages/airflow/example_dags/example_sensors.py for tasks to queue
[2024-11-05T15:35:18.663+0000] {logging_mixin.py:188} INFO - [2024-11-05T15:35:18.663+0000] {dagbag.py:540} INFO - Filling up the DagBag from /home/airflow/.local/lib/python3.12/site-packages/airflow/example_dags/example_sensors.py
[2024-11-05T15:35:18.669+0000] {processor.py:840} INFO - DAG(s) 'example_sensors' retrieved from /home/airflow/.local/lib/python3.12/site-packages/airflow/example_dags/example_sensors.py
[2024-11-05T15:35:18.687+0000] {logging_mixin.py:188} INFO - [2024-11-05T15:35:18.687+0000] {dag.py:3096} INFO - Sync 1 DAGs
[2024-11-05T15:35:18.696+0000] {logging_mixin.py:188} INFO - [2024-11-05T15:35:18.696+0000] {dag.py:3954} INFO - Setting next_dagrun for example_sensors to None, run_after=None
[2024-11-05T15:35:18.713+0000] {processor.py:183} INFO - Processing /home/airflow/.local/lib/python3.12/site-packages/airflow/example_dags/example_sensors.py took 0.057 seconds
[2024-11-05T15:35:48.792+0000] {processor.py:161} INFO - Started process (PID=3906) to work on /home/airflow/.local/lib/python3.12/site-packages/airflow/example_dags/example_sensors.py
[2024-11-05T15:35:48.793+0000] {processor.py:830} INFO - Processing file /home/airflow/.local/lib/python3.12/site-packages/airflow/example_dags/example_sensors.py for tasks to queue
[2024-11-05T15:35:48.794+0000] {logging_mixin.py:188} INFO - [2024-11-05T15:35:48.794+0000] {dagbag.py:540} INFO - Filling up the DagBag from /home/airflow/.local/lib/python3.12/site-packages/airflow/example_dags/example_sensors.py
[2024-11-05T15:35:48.801+0000] {processor.py:840} INFO - DAG(s) 'example_sensors' retrieved from /home/airflow/.local/lib/python3.12/site-packages/airflow/example_dags/example_sensors.py
[2024-11-05T15:35:48.819+0000] {logging_mixin.py:188} INFO - [2024-11-05T15:35:48.819+0000] {dag.py:3096} INFO - Sync 1 DAGs
[2024-11-05T15:35:48.829+0000] {logging_mixin.py:188} INFO - [2024-11-05T15:35:48.828+0000] {dag.py:3954} INFO - Setting next_dagrun for example_sensors to None, run_after=None
[2024-11-05T15:35:48.847+0000] {processor.py:183} INFO - Processing /home/airflow/.local/lib/python3.12/site-packages/airflow/example_dags/example_sensors.py took 0.058 seconds
[2024-11-05T15:36:19.265+0000] {processor.py:161} INFO - Started process (PID=4172) to work on /home/airflow/.local/lib/python3.12/site-packages/airflow/example_dags/example_sensors.py
[2024-11-05T15:36:19.266+0000] {processor.py:830} INFO - Processing file /home/airflow/.local/lib/python3.12/site-packages/airflow/example_dags/example_sensors.py for tasks to queue
[2024-11-05T15:36:19.267+0000] {logging_mixin.py:188} INFO - [2024-11-05T15:36:19.267+0000] {dagbag.py:540} INFO - Filling up the DagBag from /home/airflow/.local/lib/python3.12/site-packages/airflow/example_dags/example_sensors.py
[2024-11-05T15:36:19.273+0000] {processor.py:840} INFO - DAG(s) 'example_sensors' retrieved from /home/airflow/.local/lib/python3.12/site-packages/airflow/example_dags/example_sensors.py
[2024-11-05T15:36:19.292+0000] {logging_mixin.py:188} INFO - [2024-11-05T15:36:19.292+0000] {dag.py:3096} INFO - Sync 1 DAGs
[2024-11-05T15:36:19.301+0000] {logging_mixin.py:188} INFO - [2024-11-05T15:36:19.300+0000] {dag.py:3954} INFO - Setting next_dagrun for example_sensors to None, run_after=None
[2024-11-05T15:36:19.321+0000] {processor.py:183} INFO - Processing /home/airflow/.local/lib/python3.12/site-packages/airflow/example_dags/example_sensors.py took 0.061 seconds
[2024-11-05T15:36:49.803+0000] {processor.py:161} INFO - Started process (PID=4438) to work on /home/airflow/.local/lib/python3.12/site-packages/airflow/example_dags/example_sensors.py
[2024-11-05T15:36:49.803+0000] {processor.py:830} INFO - Processing file /home/airflow/.local/lib/python3.12/site-packages/airflow/example_dags/example_sensors.py for tasks to queue
[2024-11-05T15:36:49.805+0000] {logging_mixin.py:188} INFO - [2024-11-05T15:36:49.804+0000] {dagbag.py:540} INFO - Filling up the DagBag from /home/airflow/.local/lib/python3.12/site-packages/airflow/example_dags/example_sensors.py
[2024-11-05T15:36:49.811+0000] {processor.py:840} INFO - DAG(s) 'example_sensors' retrieved from /home/airflow/.local/lib/python3.12/site-packages/airflow/example_dags/example_sensors.py
[2024-11-05T15:36:49.971+0000] {logging_mixin.py:188} INFO - [2024-11-05T15:36:49.971+0000] {dag.py:3096} INFO - Sync 1 DAGs
[2024-11-05T15:36:49.979+0000] {logging_mixin.py:188} INFO - [2024-11-05T15:36:49.979+0000] {dag.py:3954} INFO - Setting next_dagrun for example_sensors to None, run_after=None
[2024-11-05T15:36:49.996+0000] {processor.py:183} INFO - Processing /home/airflow/.local/lib/python3.12/site-packages/airflow/example_dags/example_sensors.py took 0.198 seconds
[2024-11-05T15:37:20.576+0000] {processor.py:161} INFO - Started process (PID=4704) to work on /home/airflow/.local/lib/python3.12/site-packages/airflow/example_dags/example_sensors.py
[2024-11-05T15:37:20.577+0000] {processor.py:830} INFO - Processing file /home/airflow/.local/lib/python3.12/site-packages/airflow/example_dags/example_sensors.py for tasks to queue
[2024-11-05T15:37:20.578+0000] {logging_mixin.py:188} INFO - [2024-11-05T15:37:20.578+0000] {dagbag.py:540} INFO - Filling up the DagBag from /home/airflow/.local/lib/python3.12/site-packages/airflow/example_dags/example_sensors.py
[2024-11-05T15:37:20.584+0000] {processor.py:840} INFO - DAG(s) 'example_sensors' retrieved from /home/airflow/.local/lib/python3.12/site-packages/airflow/example_dags/example_sensors.py
[2024-11-05T15:37:20.602+0000] {logging_mixin.py:188} INFO - [2024-11-05T15:37:20.602+0000] {dag.py:3096} INFO - Sync 1 DAGs
[2024-11-05T15:37:20.611+0000] {logging_mixin.py:188} INFO - [2024-11-05T15:37:20.611+0000] {dag.py:3954} INFO - Setting next_dagrun for example_sensors to None, run_after=None
[2024-11-05T15:37:20.630+0000] {processor.py:183} INFO - Processing /home/airflow/.local/lib/python3.12/site-packages/airflow/example_dags/example_sensors.py took 0.058 seconds
[2024-11-05T15:37:51.093+0000] {processor.py:161} INFO - Started process (PID=4970) to work on /home/airflow/.local/lib/python3.12/site-packages/airflow/example_dags/example_sensors.py
[2024-11-05T15:37:51.094+0000] {processor.py:830} INFO - Processing file /home/airflow/.local/lib/python3.12/site-packages/airflow/example_dags/example_sensors.py for tasks to queue
[2024-11-05T15:37:51.095+0000] {logging_mixin.py:188} INFO - [2024-11-05T15:37:51.095+0000] {dagbag.py:540} INFO - Filling up the DagBag from /home/airflow/.local/lib/python3.12/site-packages/airflow/example_dags/example_sensors.py
[2024-11-05T15:37:51.101+0000] {processor.py:840} INFO - DAG(s) 'example_sensors' retrieved from /home/airflow/.local/lib/python3.12/site-packages/airflow/example_dags/example_sensors.py
[2024-11-05T15:37:51.119+0000] {logging_mixin.py:188} INFO - [2024-11-05T15:37:51.119+0000] {dag.py:3096} INFO - Sync 1 DAGs
[2024-11-05T15:37:51.128+0000] {logging_mixin.py:188} INFO - [2024-11-05T15:37:51.128+0000] {dag.py:3954} INFO - Setting next_dagrun for example_sensors to None, run_after=None
[2024-11-05T15:37:51.146+0000] {processor.py:183} INFO - Processing /home/airflow/.local/lib/python3.12/site-packages/airflow/example_dags/example_sensors.py took 0.057 seconds
[2024-11-05T15:38:21.714+0000] {processor.py:161} INFO - Started process (PID=5236) to work on /home/airflow/.local/lib/python3.12/site-packages/airflow/example_dags/example_sensors.py
[2024-11-05T15:38:21.715+0000] {processor.py:830} INFO - Processing file /home/airflow/.local/lib/python3.12/site-packages/airflow/example_dags/example_sensors.py for tasks to queue
[2024-11-05T15:38:21.716+0000] {logging_mixin.py:188} INFO - [2024-11-05T15:38:21.716+0000] {dagbag.py:540} INFO - Filling up the DagBag from /home/airflow/.local/lib/python3.12/site-packages/airflow/example_dags/example_sensors.py
[2024-11-05T15:38:21.722+0000] {processor.py:840} INFO - DAG(s) 'example_sensors' retrieved from /home/airflow/.local/lib/python3.12/site-packages/airflow/example_dags/example_sensors.py
[2024-11-05T15:38:21.740+0000] {logging_mixin.py:188} INFO - [2024-11-05T15:38:21.740+0000] {dag.py:3096} INFO - Sync 1 DAGs
[2024-11-05T15:38:21.749+0000] {logging_mixin.py:188} INFO - [2024-11-05T15:38:21.749+0000] {dag.py:3954} INFO - Setting next_dagrun for example_sensors to None, run_after=None
[2024-11-05T15:38:21.770+0000] {processor.py:183} INFO - Processing /home/airflow/.local/lib/python3.12/site-packages/airflow/example_dags/example_sensors.py took 0.060 seconds
[2024-11-05T15:38:52.335+0000] {processor.py:161} INFO - Started process (PID=5502) to work on /home/airflow/.local/lib/python3.12/site-packages/airflow/example_dags/example_sensors.py
[2024-11-05T15:38:52.336+0000] {processor.py:830} INFO - Processing file /home/airflow/.local/lib/python3.12/site-packages/airflow/example_dags/example_sensors.py for tasks to queue
[2024-11-05T15:38:52.337+0000] {logging_mixin.py:188} INFO - [2024-11-05T15:38:52.337+0000] {dagbag.py:540} INFO - Filling up the DagBag from /home/airflow/.local/lib/python3.12/site-packages/airflow/example_dags/example_sensors.py
[2024-11-05T15:38:52.345+0000] {processor.py:840} INFO - DAG(s) 'example_sensors' retrieved from /home/airflow/.local/lib/python3.12/site-packages/airflow/example_dags/example_sensors.py
[2024-11-05T15:38:52.366+0000] {logging_mixin.py:188} INFO - [2024-11-05T15:38:52.366+0000] {dag.py:3096} INFO - Sync 1 DAGs
[2024-11-05T15:38:52.375+0000] {logging_mixin.py:188} INFO - [2024-11-05T15:38:52.375+0000] {dag.py:3954} INFO - Setting next_dagrun for example_sensors to None, run_after=None
[2024-11-05T15:38:52.393+0000] {processor.py:183} INFO - Processing /home/airflow/.local/lib/python3.12/site-packages/airflow/example_dags/example_sensors.py took 0.062 seconds
[2024-11-05T15:39:22.872+0000] {processor.py:161} INFO - Started process (PID=5768) to work on /home/airflow/.local/lib/python3.12/site-packages/airflow/example_dags/example_sensors.py
[2024-11-05T15:39:22.872+0000] {processor.py:830} INFO - Processing file /home/airflow/.local/lib/python3.12/site-packages/airflow/example_dags/example_sensors.py for tasks to queue
[2024-11-05T15:39:22.874+0000] {logging_mixin.py:188} INFO - [2024-11-05T15:39:22.873+0000] {dagbag.py:540} INFO - Filling up the DagBag from /home/airflow/.local/lib/python3.12/site-packages/airflow/example_dags/example_sensors.py
[2024-11-05T15:39:22.880+0000] {processor.py:840} INFO - DAG(s) 'example_sensors' retrieved from /home/airflow/.local/lib/python3.12/site-packages/airflow/example_dags/example_sensors.py
[2024-11-05T15:39:22.898+0000] {logging_mixin.py:188} INFO - [2024-11-05T15:39:22.898+0000] {dag.py:3096} INFO - Sync 1 DAGs
[2024-11-05T15:39:22.907+0000] {logging_mixin.py:188} INFO - [2024-11-05T15:39:22.907+0000] {dag.py:3954} INFO - Setting next_dagrun for example_sensors to None, run_after=None
[2024-11-05T15:39:22.925+0000] {processor.py:183} INFO - Processing /home/airflow/.local/lib/python3.12/site-packages/airflow/example_dags/example_sensors.py took 0.057 seconds
[2024-11-05T15:39:53.451+0000] {processor.py:161} INFO - Started process (PID=6034) to work on /home/airflow/.local/lib/python3.12/site-packages/airflow/example_dags/example_sensors.py
[2024-11-05T15:39:53.452+0000] {processor.py:830} INFO - Processing file /home/airflow/.local/lib/python3.12/site-packages/airflow/example_dags/example_sensors.py for tasks to queue
[2024-11-05T15:39:53.453+0000] {logging_mixin.py:188} INFO - [2024-11-05T15:39:53.453+0000] {dagbag.py:540} INFO - Filling up the DagBag from /home/airflow/.local/lib/python3.12/site-packages/airflow/example_dags/example_sensors.py
[2024-11-05T15:39:53.459+0000] {processor.py:840} INFO - DAG(s) 'example_sensors' retrieved from /home/airflow/.local/lib/python3.12/site-packages/airflow/example_dags/example_sensors.py
[2024-11-05T15:39:53.477+0000] {logging_mixin.py:188} INFO - [2024-11-05T15:39:53.477+0000] {dag.py:3096} INFO - Sync 1 DAGs
[2024-11-05T15:39:53.486+0000] {logging_mixin.py:188} INFO - [2024-11-05T15:39:53.486+0000] {dag.py:3954} INFO - Setting next_dagrun for example_sensors to None, run_after=None
[2024-11-05T15:39:53.504+0000] {processor.py:183} INFO - Processing /home/airflow/.local/lib/python3.12/site-packages/airflow/example_dags/example_sensors.py took 0.058 seconds
[2024-11-05T15:40:24.060+0000] {processor.py:161} INFO - Started process (PID=6300) to work on /home/airflow/.local/lib/python3.12/site-packages/airflow/example_dags/example_sensors.py
[2024-11-05T15:40:24.060+0000] {processor.py:830} INFO - Processing file /home/airflow/.local/lib/python3.12/site-packages/airflow/example_dags/example_sensors.py for tasks to queue
[2024-11-05T15:40:24.061+0000] {logging_mixin.py:188} INFO - [2024-11-05T15:40:24.061+0000] {dagbag.py:540} INFO - Filling up the DagBag from /home/airflow/.local/lib/python3.12/site-packages/airflow/example_dags/example_sensors.py
[2024-11-05T15:40:24.068+0000] {processor.py:840} INFO - DAG(s) 'example_sensors' retrieved from /home/airflow/.local/lib/python3.12/site-packages/airflow/example_dags/example_sensors.py
[2024-11-05T15:40:24.086+0000] {logging_mixin.py:188} INFO - [2024-11-05T15:40:24.085+0000] {dag.py:3096} INFO - Sync 1 DAGs
[2024-11-05T15:40:24.094+0000] {logging_mixin.py:188} INFO - [2024-11-05T15:40:24.094+0000] {dag.py:3954} INFO - Setting next_dagrun for example_sensors to None, run_after=None
[2024-11-05T15:40:24.113+0000] {processor.py:183} INFO - Processing /home/airflow/.local/lib/python3.12/site-packages/airflow/example_dags/example_sensors.py took 0.058 seconds
[2024-11-05T15:40:54.767+0000] {processor.py:161} INFO - Started process (PID=6566) to work on /home/airflow/.local/lib/python3.12/site-packages/airflow/example_dags/example_sensors.py
[2024-11-05T15:40:54.767+0000] {processor.py:830} INFO - Processing file /home/airflow/.local/lib/python3.12/site-packages/airflow/example_dags/example_sensors.py for tasks to queue
[2024-11-05T15:40:54.769+0000] {logging_mixin.py:188} INFO - [2024-11-05T15:40:54.768+0000] {dagbag.py:540} INFO - Filling up the DagBag from /home/airflow/.local/lib/python3.12/site-packages/airflow/example_dags/example_sensors.py
[2024-11-05T15:40:54.775+0000] {processor.py:840} INFO - DAG(s) 'example_sensors' retrieved from /home/airflow/.local/lib/python3.12/site-packages/airflow/example_dags/example_sensors.py
[2024-11-05T15:40:54.794+0000] {logging_mixin.py:188} INFO - [2024-11-05T15:40:54.794+0000] {dag.py:3096} INFO - Sync 1 DAGs
[2024-11-05T15:40:54.805+0000] {logging_mixin.py:188} INFO - [2024-11-05T15:40:54.805+0000] {dag.py:3954} INFO - Setting next_dagrun for example_sensors to None, run_after=None
[2024-11-05T15:40:54.826+0000] {processor.py:183} INFO - Processing /home/airflow/.local/lib/python3.12/site-packages/airflow/example_dags/example_sensors.py took 0.063 seconds
[2024-11-05T15:41:25.385+0000] {processor.py:161} INFO - Started process (PID=6832) to work on /home/airflow/.local/lib/python3.12/site-packages/airflow/example_dags/example_sensors.py
[2024-11-05T15:41:25.385+0000] {processor.py:830} INFO - Processing file /home/airflow/.local/lib/python3.12/site-packages/airflow/example_dags/example_sensors.py for tasks to queue
[2024-11-05T15:41:25.387+0000] {logging_mixin.py:188} INFO - [2024-11-05T15:41:25.386+0000] {dagbag.py:540} INFO - Filling up the DagBag from /home/airflow/.local/lib/python3.12/site-packages/airflow/example_dags/example_sensors.py
[2024-11-05T15:41:25.393+0000] {processor.py:840} INFO - DAG(s) 'example_sensors' retrieved from /home/airflow/.local/lib/python3.12/site-packages/airflow/example_dags/example_sensors.py
[2024-11-05T15:41:25.411+0000] {logging_mixin.py:188} INFO - [2024-11-05T15:41:25.411+0000] {dag.py:3096} INFO - Sync 1 DAGs
[2024-11-05T15:41:25.420+0000] {logging_mixin.py:188} INFO - [2024-11-05T15:41:25.420+0000] {dag.py:3954} INFO - Setting next_dagrun for example_sensors to None, run_after=None
[2024-11-05T15:41:25.439+0000] {processor.py:183} INFO - Processing /home/airflow/.local/lib/python3.12/site-packages/airflow/example_dags/example_sensors.py took 0.058 seconds
[2024-11-05T15:41:56.001+0000] {processor.py:161} INFO - Started process (PID=7098) to work on /home/airflow/.local/lib/python3.12/site-packages/airflow/example_dags/example_sensors.py
[2024-11-05T15:41:56.001+0000] {processor.py:830} INFO - Processing file /home/airflow/.local/lib/python3.12/site-packages/airflow/example_dags/example_sensors.py for tasks to queue
[2024-11-05T15:41:56.002+0000] {logging_mixin.py:188} INFO - [2024-11-05T15:41:56.002+0000] {dagbag.py:540} INFO - Filling up the DagBag from /home/airflow/.local/lib/python3.12/site-packages/airflow/example_dags/example_sensors.py
[2024-11-05T15:41:56.009+0000] {processor.py:840} INFO - DAG(s) 'example_sensors' retrieved from /home/airflow/.local/lib/python3.12/site-packages/airflow/example_dags/example_sensors.py
[2024-11-05T15:41:56.027+0000] {logging_mixin.py:188} INFO - [2024-11-05T15:41:56.027+0000] {dag.py:3096} INFO - Sync 1 DAGs
[2024-11-05T15:41:56.036+0000] {logging_mixin.py:188} INFO - [2024-11-05T15:41:56.036+0000] {dag.py:3954} INFO - Setting next_dagrun for example_sensors to None, run_after=None
[2024-11-05T15:41:56.055+0000] {processor.py:183} INFO - Processing /home/airflow/.local/lib/python3.12/site-packages/airflow/example_dags/example_sensors.py took 0.059 seconds
[2024-11-05T15:42:26.624+0000] {processor.py:161} INFO - Started process (PID=7364) to work on /home/airflow/.local/lib/python3.12/site-packages/airflow/example_dags/example_sensors.py
[2024-11-05T15:42:26.625+0000] {processor.py:830} INFO - Processing file /home/airflow/.local/lib/python3.12/site-packages/airflow/example_dags/example_sensors.py for tasks to queue
[2024-11-05T15:42:26.626+0000] {logging_mixin.py:188} INFO - [2024-11-05T15:42:26.626+0000] {dagbag.py:540} INFO - Filling up the DagBag from /home/airflow/.local/lib/python3.12/site-packages/airflow/example_dags/example_sensors.py
[2024-11-05T15:42:26.633+0000] {processor.py:840} INFO - DAG(s) 'example_sensors' retrieved from /home/airflow/.local/lib/python3.12/site-packages/airflow/example_dags/example_sensors.py
[2024-11-05T15:42:26.650+0000] {logging_mixin.py:188} INFO - [2024-11-05T15:42:26.650+0000] {dag.py:3096} INFO - Sync 1 DAGs
[2024-11-05T15:42:26.660+0000] {logging_mixin.py:188} INFO - [2024-11-05T15:42:26.660+0000] {dag.py:3954} INFO - Setting next_dagrun for example_sensors to None, run_after=None
[2024-11-05T15:42:26.679+0000] {processor.py:183} INFO - Processing /home/airflow/.local/lib/python3.12/site-packages/airflow/example_dags/example_sensors.py took 0.059 seconds
[2024-11-05T15:42:57.199+0000] {processor.py:161} INFO - Started process (PID=7630) to work on /home/airflow/.local/lib/python3.12/site-packages/airflow/example_dags/example_sensors.py
[2024-11-05T15:42:57.200+0000] {processor.py:830} INFO - Processing file /home/airflow/.local/lib/python3.12/site-packages/airflow/example_dags/example_sensors.py for tasks to queue
[2024-11-05T15:42:57.201+0000] {logging_mixin.py:188} INFO - [2024-11-05T15:42:57.201+0000] {dagbag.py:540} INFO - Filling up the DagBag from /home/airflow/.local/lib/python3.12/site-packages/airflow/example_dags/example_sensors.py
[2024-11-05T15:42:57.207+0000] {processor.py:840} INFO - DAG(s) 'example_sensors' retrieved from /home/airflow/.local/lib/python3.12/site-packages/airflow/example_dags/example_sensors.py
[2024-11-05T15:42:57.225+0000] {logging_mixin.py:188} INFO - [2024-11-05T15:42:57.225+0000] {dag.py:3096} INFO - Sync 1 DAGs
[2024-11-05T15:42:57.234+0000] {logging_mixin.py:188} INFO - [2024-11-05T15:42:57.234+0000] {dag.py:3954} INFO - Setting next_dagrun for example_sensors to None, run_after=None
[2024-11-05T15:42:57.250+0000] {processor.py:183} INFO - Processing /home/airflow/.local/lib/python3.12/site-packages/airflow/example_dags/example_sensors.py took 0.055 seconds
[2024-11-05T15:43:27.725+0000] {processor.py:161} INFO - Started process (PID=7896) to work on /home/airflow/.local/lib/python3.12/site-packages/airflow/example_dags/example_sensors.py
[2024-11-05T15:43:27.726+0000] {processor.py:830} INFO - Processing file /home/airflow/.local/lib/python3.12/site-packages/airflow/example_dags/example_sensors.py for tasks to queue
[2024-11-05T15:43:27.727+0000] {logging_mixin.py:188} INFO - [2024-11-05T15:43:27.727+0000] {dagbag.py:540} INFO - Filling up the DagBag from /home/airflow/.local/lib/python3.12/site-packages/airflow/example_dags/example_sensors.py
[2024-11-05T15:43:27.733+0000] {processor.py:840} INFO - DAG(s) 'example_sensors' retrieved from /home/airflow/.local/lib/python3.12/site-packages/airflow/example_dags/example_sensors.py
[2024-11-05T15:43:27.751+0000] {logging_mixin.py:188} INFO - [2024-11-05T15:43:27.751+0000] {dag.py:3096} INFO - Sync 1 DAGs
[2024-11-05T15:43:27.760+0000] {logging_mixin.py:188} INFO - [2024-11-05T15:43:27.760+0000] {dag.py:3954} INFO - Setting next_dagrun for example_sensors to None, run_after=None
[2024-11-05T15:43:27.777+0000] {processor.py:183} INFO - Processing /home/airflow/.local/lib/python3.12/site-packages/airflow/example_dags/example_sensors.py took 0.057 seconds
[2024-11-05T15:43:58.323+0000] {processor.py:161} INFO - Started process (PID=8162) to work on /home/airflow/.local/lib/python3.12/site-packages/airflow/example_dags/example_sensors.py
[2024-11-05T15:43:58.323+0000] {processor.py:830} INFO - Processing file /home/airflow/.local/lib/python3.12/site-packages/airflow/example_dags/example_sensors.py for tasks to queue
[2024-11-05T15:43:58.325+0000] {logging_mixin.py:188} INFO - [2024-11-05T15:43:58.324+0000] {dagbag.py:540} INFO - Filling up the DagBag from /home/airflow/.local/lib/python3.12/site-packages/airflow/example_dags/example_sensors.py
[2024-11-05T15:43:58.333+0000] {processor.py:840} INFO - DAG(s) 'example_sensors' retrieved from /home/airflow/.local/lib/python3.12/site-packages/airflow/example_dags/example_sensors.py
[2024-11-05T15:43:58.360+0000] {logging_mixin.py:188} INFO - [2024-11-05T15:43:58.360+0000] {dag.py:3096} INFO - Sync 1 DAGs
[2024-11-05T15:43:58.373+0000] {logging_mixin.py:188} INFO - [2024-11-05T15:43:58.373+0000] {dag.py:3954} INFO - Setting next_dagrun for example_sensors to None, run_after=None
[2024-11-05T15:43:58.394+0000] {processor.py:183} INFO - Processing /home/airflow/.local/lib/python3.12/site-packages/airflow/example_dags/example_sensors.py took 0.075 seconds
[2024-11-05T15:44:28.763+0000] {processor.py:161} INFO - Started process (PID=8428) to work on /home/airflow/.local/lib/python3.12/site-packages/airflow/example_dags/example_sensors.py
[2024-11-05T15:44:28.763+0000] {processor.py:830} INFO - Processing file /home/airflow/.local/lib/python3.12/site-packages/airflow/example_dags/example_sensors.py for tasks to queue
[2024-11-05T15:44:28.764+0000] {logging_mixin.py:188} INFO - [2024-11-05T15:44:28.764+0000] {dagbag.py:540} INFO - Filling up the DagBag from /home/airflow/.local/lib/python3.12/site-packages/airflow/example_dags/example_sensors.py
[2024-11-05T15:44:28.771+0000] {processor.py:840} INFO - DAG(s) 'example_sensors' retrieved from /home/airflow/.local/lib/python3.12/site-packages/airflow/example_dags/example_sensors.py
[2024-11-05T15:44:28.789+0000] {logging_mixin.py:188} INFO - [2024-11-05T15:44:28.788+0000] {dag.py:3096} INFO - Sync 1 DAGs
[2024-11-05T15:44:28.798+0000] {logging_mixin.py:188} INFO - [2024-11-05T15:44:28.798+0000] {dag.py:3954} INFO - Setting next_dagrun for example_sensors to None, run_after=None
[2024-11-05T15:44:28.814+0000] {processor.py:183} INFO - Processing /home/airflow/.local/lib/python3.12/site-packages/airflow/example_dags/example_sensors.py took 0.055 seconds
[2024-11-05T15:44:59.388+0000] {processor.py:161} INFO - Started process (PID=8694) to work on /home/airflow/.local/lib/python3.12/site-packages/airflow/example_dags/example_sensors.py
[2024-11-05T15:44:59.388+0000] {processor.py:830} INFO - Processing file /home/airflow/.local/lib/python3.12/site-packages/airflow/example_dags/example_sensors.py for tasks to queue
[2024-11-05T15:44:59.389+0000] {logging_mixin.py:188} INFO - [2024-11-05T15:44:59.389+0000] {dagbag.py:540} INFO - Filling up the DagBag from /home/airflow/.local/lib/python3.12/site-packages/airflow/example_dags/example_sensors.py
[2024-11-05T15:44:59.396+0000] {processor.py:840} INFO - DAG(s) 'example_sensors' retrieved from /home/airflow/.local/lib/python3.12/site-packages/airflow/example_dags/example_sensors.py
[2024-11-05T15:44:59.415+0000] {logging_mixin.py:188} INFO - [2024-11-05T15:44:59.415+0000] {dag.py:3096} INFO - Sync 1 DAGs
[2024-11-05T15:44:59.427+0000] {logging_mixin.py:188} INFO - [2024-11-05T15:44:59.427+0000] {dag.py:3954} INFO - Setting next_dagrun for example_sensors to None, run_after=None
[2024-11-05T15:44:59.453+0000] {processor.py:183} INFO - Processing /home/airflow/.local/lib/python3.12/site-packages/airflow/example_dags/example_sensors.py took 0.069 seconds
[2024-11-05T15:45:29.898+0000] {processor.py:161} INFO - Started process (PID=8960) to work on /home/airflow/.local/lib/python3.12/site-packages/airflow/example_dags/example_sensors.py
[2024-11-05T15:45:29.899+0000] {processor.py:830} INFO - Processing file /home/airflow/.local/lib/python3.12/site-packages/airflow/example_dags/example_sensors.py for tasks to queue
[2024-11-05T15:45:29.900+0000] {logging_mixin.py:188} INFO - [2024-11-05T15:45:29.900+0000] {dagbag.py:540} INFO - Filling up the DagBag from /home/airflow/.local/lib/python3.12/site-packages/airflow/example_dags/example_sensors.py
[2024-11-05T15:45:29.907+0000] {processor.py:840} INFO - DAG(s) 'example_sensors' retrieved from /home/airflow/.local/lib/python3.12/site-packages/airflow/example_dags/example_sensors.py
[2024-11-05T15:45:29.929+0000] {logging_mixin.py:188} INFO - [2024-11-05T15:45:29.929+0000] {dag.py:3096} INFO - Sync 1 DAGs
[2024-11-05T15:45:29.944+0000] {logging_mixin.py:188} INFO - [2024-11-05T15:45:29.943+0000] {dag.py:3954} INFO - Setting next_dagrun for example_sensors to None, run_after=None
[2024-11-05T15:45:29.965+0000] {processor.py:183} INFO - Processing /home/airflow/.local/lib/python3.12/site-packages/airflow/example_dags/example_sensors.py took 0.071 seconds
[2024-11-05T15:46:00.549+0000] {processor.py:161} INFO - Started process (PID=9226) to work on /home/airflow/.local/lib/python3.12/site-packages/airflow/example_dags/example_sensors.py
[2024-11-05T15:46:00.549+0000] {processor.py:830} INFO - Processing file /home/airflow/.local/lib/python3.12/site-packages/airflow/example_dags/example_sensors.py for tasks to queue
[2024-11-05T15:46:00.550+0000] {logging_mixin.py:188} INFO - [2024-11-05T15:46:00.550+0000] {dagbag.py:540} INFO - Filling up the DagBag from /home/airflow/.local/lib/python3.12/site-packages/airflow/example_dags/example_sensors.py
[2024-11-05T15:46:00.557+0000] {processor.py:840} INFO - DAG(s) 'example_sensors' retrieved from /home/airflow/.local/lib/python3.12/site-packages/airflow/example_dags/example_sensors.py
[2024-11-05T15:46:00.575+0000] {logging_mixin.py:188} INFO - [2024-11-05T15:46:00.575+0000] {dag.py:3096} INFO - Sync 1 DAGs
[2024-11-05T15:46:00.584+0000] {logging_mixin.py:188} INFO - [2024-11-05T15:46:00.584+0000] {dag.py:3954} INFO - Setting next_dagrun for example_sensors to None, run_after=None
[2024-11-05T15:46:00.603+0000] {processor.py:183} INFO - Processing /home/airflow/.local/lib/python3.12/site-packages/airflow/example_dags/example_sensors.py took 0.059 seconds
[2024-11-05T15:46:31.088+0000] {processor.py:161} INFO - Started process (PID=9492) to work on /home/airflow/.local/lib/python3.12/site-packages/airflow/example_dags/example_sensors.py
[2024-11-05T15:46:31.088+0000] {processor.py:830} INFO - Processing file /home/airflow/.local/lib/python3.12/site-packages/airflow/example_dags/example_sensors.py for tasks to queue
[2024-11-05T15:46:31.090+0000] {logging_mixin.py:188} INFO - [2024-11-05T15:46:31.089+0000] {dagbag.py:540} INFO - Filling up the DagBag from /home/airflow/.local/lib/python3.12/site-packages/airflow/example_dags/example_sensors.py
[2024-11-05T15:46:31.096+0000] {processor.py:840} INFO - DAG(s) 'example_sensors' retrieved from /home/airflow/.local/lib/python3.12/site-packages/airflow/example_dags/example_sensors.py
[2024-11-05T15:46:31.114+0000] {logging_mixin.py:188} INFO - [2024-11-05T15:46:31.114+0000] {dag.py:3096} INFO - Sync 1 DAGs
[2024-11-05T15:46:31.123+0000] {logging_mixin.py:188} INFO - [2024-11-05T15:46:31.123+0000] {dag.py:3954} INFO - Setting next_dagrun for example_sensors to None, run_after=None
[2024-11-05T15:46:31.141+0000] {processor.py:183} INFO - Processing /home/airflow/.local/lib/python3.12/site-packages/airflow/example_dags/example_sensors.py took 0.057 seconds
[2024-11-05T15:47:01.633+0000] {processor.py:161} INFO - Started process (PID=9758) to work on /home/airflow/.local/lib/python3.12/site-packages/airflow/example_dags/example_sensors.py
[2024-11-05T15:47:01.634+0000] {processor.py:830} INFO - Processing file /home/airflow/.local/lib/python3.12/site-packages/airflow/example_dags/example_sensors.py for tasks to queue
[2024-11-05T15:47:01.635+0000] {logging_mixin.py:188} INFO - [2024-11-05T15:47:01.635+0000] {dagbag.py:540} INFO - Filling up the DagBag from /home/airflow/.local/lib/python3.12/site-packages/airflow/example_dags/example_sensors.py
[2024-11-05T15:47:01.642+0000] {processor.py:840} INFO - DAG(s) 'example_sensors' retrieved from /home/airflow/.local/lib/python3.12/site-packages/airflow/example_dags/example_sensors.py
[2024-11-05T15:47:01.659+0000] {logging_mixin.py:188} INFO - [2024-11-05T15:47:01.659+0000] {dag.py:3096} INFO - Sync 1 DAGs
[2024-11-05T15:47:01.668+0000] {logging_mixin.py:188} INFO - [2024-11-05T15:47:01.668+0000] {dag.py:3954} INFO - Setting next_dagrun for example_sensors to None, run_after=None
[2024-11-05T15:47:01.686+0000] {processor.py:183} INFO - Processing /home/airflow/.local/lib/python3.12/site-packages/airflow/example_dags/example_sensors.py took 0.057 seconds
[2024-11-05T15:47:32.189+0000] {processor.py:161} INFO - Started process (PID=10025) to work on /home/airflow/.local/lib/python3.12/site-packages/airflow/example_dags/example_sensors.py
[2024-11-05T15:47:32.190+0000] {processor.py:830} INFO - Processing file /home/airflow/.local/lib/python3.12/site-packages/airflow/example_dags/example_sensors.py for tasks to queue
[2024-11-05T15:47:32.191+0000] {logging_mixin.py:188} INFO - [2024-11-05T15:47:32.191+0000] {dagbag.py:540} INFO - Filling up the DagBag from /home/airflow/.local/lib/python3.12/site-packages/airflow/example_dags/example_sensors.py
[2024-11-05T15:47:32.197+0000] {processor.py:840} INFO - DAG(s) 'example_sensors' retrieved from /home/airflow/.local/lib/python3.12/site-packages/airflow/example_dags/example_sensors.py
[2024-11-05T15:47:32.215+0000] {logging_mixin.py:188} INFO - [2024-11-05T15:47:32.215+0000] {dag.py:3096} INFO - Sync 1 DAGs
[2024-11-05T15:47:32.224+0000] {logging_mixin.py:188} INFO - [2024-11-05T15:47:32.224+0000] {dag.py:3954} INFO - Setting next_dagrun for example_sensors to None, run_after=None
[2024-11-05T15:47:32.241+0000] {processor.py:183} INFO - Processing /home/airflow/.local/lib/python3.12/site-packages/airflow/example_dags/example_sensors.py took 0.057 seconds
[2024-11-05T15:48:02.792+0000] {processor.py:161} INFO - Started process (PID=10291) to work on /home/airflow/.local/lib/python3.12/site-packages/airflow/example_dags/example_sensors.py
[2024-11-05T15:48:02.793+0000] {processor.py:830} INFO - Processing file /home/airflow/.local/lib/python3.12/site-packages/airflow/example_dags/example_sensors.py for tasks to queue
[2024-11-05T15:48:02.794+0000] {logging_mixin.py:188} INFO - [2024-11-05T15:48:02.794+0000] {dagbag.py:540} INFO - Filling up the DagBag from /home/airflow/.local/lib/python3.12/site-packages/airflow/example_dags/example_sensors.py
[2024-11-05T15:48:02.800+0000] {processor.py:840} INFO - DAG(s) 'example_sensors' retrieved from /home/airflow/.local/lib/python3.12/site-packages/airflow/example_dags/example_sensors.py
[2024-11-05T15:48:02.818+0000] {logging_mixin.py:188} INFO - [2024-11-05T15:48:02.818+0000] {dag.py:3096} INFO - Sync 1 DAGs
[2024-11-05T15:48:02.827+0000] {logging_mixin.py:188} INFO - [2024-11-05T15:48:02.827+0000] {dag.py:3954} INFO - Setting next_dagrun for example_sensors to None, run_after=None
[2024-11-05T15:48:02.844+0000] {processor.py:183} INFO - Processing /home/airflow/.local/lib/python3.12/site-packages/airflow/example_dags/example_sensors.py took 0.056 seconds
[2024-11-05T15:48:33.280+0000] {processor.py:161} INFO - Started process (PID=10557) to work on /home/airflow/.local/lib/python3.12/site-packages/airflow/example_dags/example_sensors.py
[2024-11-05T15:48:33.281+0000] {processor.py:830} INFO - Processing file /home/airflow/.local/lib/python3.12/site-packages/airflow/example_dags/example_sensors.py for tasks to queue
[2024-11-05T15:48:33.282+0000] {logging_mixin.py:188} INFO - [2024-11-05T15:48:33.282+0000] {dagbag.py:540} INFO - Filling up the DagBag from /home/airflow/.local/lib/python3.12/site-packages/airflow/example_dags/example_sensors.py
[2024-11-05T15:48:33.289+0000] {processor.py:840} INFO - DAG(s) 'example_sensors' retrieved from /home/airflow/.local/lib/python3.12/site-packages/airflow/example_dags/example_sensors.py
[2024-11-05T15:48:33.307+0000] {logging_mixin.py:188} INFO - [2024-11-05T15:48:33.307+0000] {dag.py:3096} INFO - Sync 1 DAGs
[2024-11-05T15:48:33.315+0000] {logging_mixin.py:188} INFO - [2024-11-05T15:48:33.315+0000] {dag.py:3954} INFO - Setting next_dagrun for example_sensors to None, run_after=None
[2024-11-05T15:48:33.353+0000] {processor.py:183} INFO - Processing /home/airflow/.local/lib/python3.12/site-packages/airflow/example_dags/example_sensors.py took 0.076 seconds
[2024-11-05T15:49:03.791+0000] {processor.py:161} INFO - Started process (PID=10824) to work on /home/airflow/.local/lib/python3.12/site-packages/airflow/example_dags/example_sensors.py
[2024-11-05T15:49:03.791+0000] {processor.py:830} INFO - Processing file /home/airflow/.local/lib/python3.12/site-packages/airflow/example_dags/example_sensors.py for tasks to queue
[2024-11-05T15:49:03.792+0000] {logging_mixin.py:188} INFO - [2024-11-05T15:49:03.792+0000] {dagbag.py:540} INFO - Filling up the DagBag from /home/airflow/.local/lib/python3.12/site-packages/airflow/example_dags/example_sensors.py
[2024-11-05T15:49:03.799+0000] {processor.py:840} INFO - DAG(s) 'example_sensors' retrieved from /home/airflow/.local/lib/python3.12/site-packages/airflow/example_dags/example_sensors.py
[2024-11-05T15:49:03.817+0000] {logging_mixin.py:188} INFO - [2024-11-05T15:49:03.816+0000] {dag.py:3096} INFO - Sync 1 DAGs
[2024-11-05T15:49:03.826+0000] {logging_mixin.py:188} INFO - [2024-11-05T15:49:03.825+0000] {dag.py:3954} INFO - Setting next_dagrun for example_sensors to None, run_after=None
[2024-11-05T15:49:03.841+0000] {processor.py:183} INFO - Processing /home/airflow/.local/lib/python3.12/site-packages/airflow/example_dags/example_sensors.py took 0.055 seconds
[2024-11-05T15:49:34.497+0000] {processor.py:161} INFO - Started process (PID=11090) to work on /home/airflow/.local/lib/python3.12/site-packages/airflow/example_dags/example_sensors.py
[2024-11-05T15:49:34.498+0000] {processor.py:830} INFO - Processing file /home/airflow/.local/lib/python3.12/site-packages/airflow/example_dags/example_sensors.py for tasks to queue
[2024-11-05T15:49:34.499+0000] {logging_mixin.py:188} INFO - [2024-11-05T15:49:34.499+0000] {dagbag.py:540} INFO - Filling up the DagBag from /home/airflow/.local/lib/python3.12/site-packages/airflow/example_dags/example_sensors.py
[2024-11-05T15:49:34.505+0000] {processor.py:840} INFO - DAG(s) 'example_sensors' retrieved from /home/airflow/.local/lib/python3.12/site-packages/airflow/example_dags/example_sensors.py
[2024-11-05T15:49:34.523+0000] {logging_mixin.py:188} INFO - [2024-11-05T15:49:34.523+0000] {dag.py:3096} INFO - Sync 1 DAGs
[2024-11-05T15:49:34.532+0000] {logging_mixin.py:188} INFO - [2024-11-05T15:49:34.532+0000] {dag.py:3954} INFO - Setting next_dagrun for example_sensors to None, run_after=None
[2024-11-05T15:49:34.549+0000] {processor.py:183} INFO - Processing /home/airflow/.local/lib/python3.12/site-packages/airflow/example_dags/example_sensors.py took 0.056 seconds
[2024-11-05T15:50:05.117+0000] {processor.py:161} INFO - Started process (PID=11356) to work on /home/airflow/.local/lib/python3.12/site-packages/airflow/example_dags/example_sensors.py
[2024-11-05T15:50:05.118+0000] {processor.py:830} INFO - Processing file /home/airflow/.local/lib/python3.12/site-packages/airflow/example_dags/example_sensors.py for tasks to queue
[2024-11-05T15:50:05.119+0000] {logging_mixin.py:188} INFO - [2024-11-05T15:50:05.119+0000] {dagbag.py:540} INFO - Filling up the DagBag from /home/airflow/.local/lib/python3.12/site-packages/airflow/example_dags/example_sensors.py
[2024-11-05T15:50:05.125+0000] {processor.py:840} INFO - DAG(s) 'example_sensors' retrieved from /home/airflow/.local/lib/python3.12/site-packages/airflow/example_dags/example_sensors.py
[2024-11-05T15:50:05.144+0000] {logging_mixin.py:188} INFO - [2024-11-05T15:50:05.143+0000] {dag.py:3096} INFO - Sync 1 DAGs
[2024-11-05T15:50:05.153+0000] {logging_mixin.py:188} INFO - [2024-11-05T15:50:05.152+0000] {dag.py:3954} INFO - Setting next_dagrun for example_sensors to None, run_after=None
[2024-11-05T15:50:05.170+0000] {processor.py:183} INFO - Processing /home/airflow/.local/lib/python3.12/site-packages/airflow/example_dags/example_sensors.py took 0.057 seconds
[2024-11-05T15:50:35.671+0000] {processor.py:161} INFO - Started process (PID=11622) to work on /home/airflow/.local/lib/python3.12/site-packages/airflow/example_dags/example_sensors.py
[2024-11-05T15:50:35.671+0000] {processor.py:830} INFO - Processing file /home/airflow/.local/lib/python3.12/site-packages/airflow/example_dags/example_sensors.py for tasks to queue
[2024-11-05T15:50:35.673+0000] {logging_mixin.py:188} INFO - [2024-11-05T15:50:35.672+0000] {dagbag.py:540} INFO - Filling up the DagBag from /home/airflow/.local/lib/python3.12/site-packages/airflow/example_dags/example_sensors.py
[2024-11-05T15:50:35.679+0000] {processor.py:840} INFO - DAG(s) 'example_sensors' retrieved from /home/airflow/.local/lib/python3.12/site-packages/airflow/example_dags/example_sensors.py
[2024-11-05T15:50:35.697+0000] {logging_mixin.py:188} INFO - [2024-11-05T15:50:35.697+0000] {dag.py:3096} INFO - Sync 1 DAGs
[2024-11-05T15:50:35.706+0000] {logging_mixin.py:188} INFO - [2024-11-05T15:50:35.706+0000] {dag.py:3954} INFO - Setting next_dagrun for example_sensors to None, run_after=None
[2024-11-05T15:50:35.722+0000] {processor.py:183} INFO - Processing /home/airflow/.local/lib/python3.12/site-packages/airflow/example_dags/example_sensors.py took 0.055 seconds
[2024-11-05T15:51:06.366+0000] {processor.py:161} INFO - Started process (PID=11888) to work on /home/airflow/.local/lib/python3.12/site-packages/airflow/example_dags/example_sensors.py
[2024-11-05T15:51:06.366+0000] {processor.py:830} INFO - Processing file /home/airflow/.local/lib/python3.12/site-packages/airflow/example_dags/example_sensors.py for tasks to queue
[2024-11-05T15:51:06.367+0000] {logging_mixin.py:188} INFO - [2024-11-05T15:51:06.367+0000] {dagbag.py:540} INFO - Filling up the DagBag from /home/airflow/.local/lib/python3.12/site-packages/airflow/example_dags/example_sensors.py
[2024-11-05T15:51:06.374+0000] {processor.py:840} INFO - DAG(s) 'example_sensors' retrieved from /home/airflow/.local/lib/python3.12/site-packages/airflow/example_dags/example_sensors.py
[2024-11-05T15:51:06.393+0000] {logging_mixin.py:188} INFO - [2024-11-05T15:51:06.392+0000] {dag.py:3096} INFO - Sync 1 DAGs
[2024-11-05T15:51:06.402+0000] {logging_mixin.py:188} INFO - [2024-11-05T15:51:06.402+0000] {dag.py:3954} INFO - Setting next_dagrun for example_sensors to None, run_after=None
[2024-11-05T15:51:06.418+0000] {processor.py:183} INFO - Processing /home/airflow/.local/lib/python3.12/site-packages/airflow/example_dags/example_sensors.py took 0.057 seconds
[2024-11-05T15:51:37.047+0000] {processor.py:161} INFO - Started process (PID=12154) to work on /home/airflow/.local/lib/python3.12/site-packages/airflow/example_dags/example_sensors.py
[2024-11-05T15:51:37.048+0000] {processor.py:830} INFO - Processing file /home/airflow/.local/lib/python3.12/site-packages/airflow/example_dags/example_sensors.py for tasks to queue
[2024-11-05T15:51:37.049+0000] {logging_mixin.py:188} INFO - [2024-11-05T15:51:37.049+0000] {dagbag.py:540} INFO - Filling up the DagBag from /home/airflow/.local/lib/python3.12/site-packages/airflow/example_dags/example_sensors.py
[2024-11-05T15:51:37.056+0000] {processor.py:840} INFO - DAG(s) 'example_sensors' retrieved from /home/airflow/.local/lib/python3.12/site-packages/airflow/example_dags/example_sensors.py
[2024-11-05T15:51:37.073+0000] {logging_mixin.py:188} INFO - [2024-11-05T15:51:37.073+0000] {dag.py:3096} INFO - Sync 1 DAGs
[2024-11-05T15:51:37.083+0000] {logging_mixin.py:188} INFO - [2024-11-05T15:51:37.083+0000] {dag.py:3954} INFO - Setting next_dagrun for example_sensors to None, run_after=None
[2024-11-05T15:51:37.101+0000] {processor.py:183} INFO - Processing /home/airflow/.local/lib/python3.12/site-packages/airflow/example_dags/example_sensors.py took 0.058 seconds
[2024-11-05T15:52:07.617+0000] {processor.py:161} INFO - Started process (PID=12420) to work on /home/airflow/.local/lib/python3.12/site-packages/airflow/example_dags/example_sensors.py
[2024-11-05T15:52:07.617+0000] {processor.py:830} INFO - Processing file /home/airflow/.local/lib/python3.12/site-packages/airflow/example_dags/example_sensors.py for tasks to queue
[2024-11-05T15:52:07.619+0000] {logging_mixin.py:188} INFO - [2024-11-05T15:52:07.619+0000] {dagbag.py:540} INFO - Filling up the DagBag from /home/airflow/.local/lib/python3.12/site-packages/airflow/example_dags/example_sensors.py
[2024-11-05T15:52:07.628+0000] {processor.py:840} INFO - DAG(s) 'example_sensors' retrieved from /home/airflow/.local/lib/python3.12/site-packages/airflow/example_dags/example_sensors.py
[2024-11-05T15:52:07.657+0000] {logging_mixin.py:188} INFO - [2024-11-05T15:52:07.657+0000] {dag.py:3096} INFO - Sync 1 DAGs
[2024-11-05T15:52:07.671+0000] {logging_mixin.py:188} INFO - [2024-11-05T15:52:07.671+0000] {dag.py:3954} INFO - Setting next_dagrun for example_sensors to None, run_after=None
[2024-11-05T15:52:07.690+0000] {processor.py:183} INFO - Processing /home/airflow/.local/lib/python3.12/site-packages/airflow/example_dags/example_sensors.py took 0.079 seconds
[2024-11-05T15:52:38.144+0000] {processor.py:161} INFO - Started process (PID=12686) to work on /home/airflow/.local/lib/python3.12/site-packages/airflow/example_dags/example_sensors.py
[2024-11-05T15:52:38.145+0000] {processor.py:830} INFO - Processing file /home/airflow/.local/lib/python3.12/site-packages/airflow/example_dags/example_sensors.py for tasks to queue
[2024-11-05T15:52:38.146+0000] {logging_mixin.py:188} INFO - [2024-11-05T15:52:38.146+0000] {dagbag.py:540} INFO - Filling up the DagBag from /home/airflow/.local/lib/python3.12/site-packages/airflow/example_dags/example_sensors.py
[2024-11-05T15:52:38.152+0000] {processor.py:840} INFO - DAG(s) 'example_sensors' retrieved from /home/airflow/.local/lib/python3.12/site-packages/airflow/example_dags/example_sensors.py
[2024-11-05T15:52:38.171+0000] {logging_mixin.py:188} INFO - [2024-11-05T15:52:38.170+0000] {dag.py:3096} INFO - Sync 1 DAGs
[2024-11-05T15:52:38.179+0000] {logging_mixin.py:188} INFO - [2024-11-05T15:52:38.179+0000] {dag.py:3954} INFO - Setting next_dagrun for example_sensors to None, run_after=None
[2024-11-05T15:52:38.198+0000] {processor.py:183} INFO - Processing /home/airflow/.local/lib/python3.12/site-packages/airflow/example_dags/example_sensors.py took 0.058 seconds
[2024-11-05T15:53:08.732+0000] {processor.py:161} INFO - Started process (PID=12952) to work on /home/airflow/.local/lib/python3.12/site-packages/airflow/example_dags/example_sensors.py
[2024-11-05T15:53:08.732+0000] {processor.py:830} INFO - Processing file /home/airflow/.local/lib/python3.12/site-packages/airflow/example_dags/example_sensors.py for tasks to queue
[2024-11-05T15:53:08.734+0000] {logging_mixin.py:188} INFO - [2024-11-05T15:53:08.733+0000] {dagbag.py:540} INFO - Filling up the DagBag from /home/airflow/.local/lib/python3.12/site-packages/airflow/example_dags/example_sensors.py
[2024-11-05T15:53:08.740+0000] {processor.py:840} INFO - DAG(s) 'example_sensors' retrieved from /home/airflow/.local/lib/python3.12/site-packages/airflow/example_dags/example_sensors.py
[2024-11-05T15:53:08.758+0000] {logging_mixin.py:188} INFO - [2024-11-05T15:53:08.758+0000] {dag.py:3096} INFO - Sync 1 DAGs
[2024-11-05T15:53:08.767+0000] {logging_mixin.py:188} INFO - [2024-11-05T15:53:08.766+0000] {dag.py:3954} INFO - Setting next_dagrun for example_sensors to None, run_after=None
[2024-11-05T15:53:08.784+0000] {processor.py:183} INFO - Processing /home/airflow/.local/lib/python3.12/site-packages/airflow/example_dags/example_sensors.py took 0.056 seconds
[2024-11-05T15:53:39.354+0000] {processor.py:161} INFO - Started process (PID=13218) to work on /home/airflow/.local/lib/python3.12/site-packages/airflow/example_dags/example_sensors.py
[2024-11-05T15:53:39.355+0000] {processor.py:830} INFO - Processing file /home/airflow/.local/lib/python3.12/site-packages/airflow/example_dags/example_sensors.py for tasks to queue
[2024-11-05T15:53:39.356+0000] {logging_mixin.py:188} INFO - [2024-11-05T15:53:39.356+0000] {dagbag.py:540} INFO - Filling up the DagBag from /home/airflow/.local/lib/python3.12/site-packages/airflow/example_dags/example_sensors.py
[2024-11-05T15:53:39.363+0000] {processor.py:840} INFO - DAG(s) 'example_sensors' retrieved from /home/airflow/.local/lib/python3.12/site-packages/airflow/example_dags/example_sensors.py
[2024-11-05T15:53:39.380+0000] {logging_mixin.py:188} INFO - [2024-11-05T15:53:39.380+0000] {dag.py:3096} INFO - Sync 1 DAGs
[2024-11-05T15:53:39.390+0000] {logging_mixin.py:188} INFO - [2024-11-05T15:53:39.390+0000] {dag.py:3954} INFO - Setting next_dagrun for example_sensors to None, run_after=None
[2024-11-05T15:53:39.408+0000] {processor.py:183} INFO - Processing /home/airflow/.local/lib/python3.12/site-packages/airflow/example_dags/example_sensors.py took 0.058 seconds
[2024-11-05T15:54:09.992+0000] {processor.py:161} INFO - Started process (PID=13485) to work on /home/airflow/.local/lib/python3.12/site-packages/airflow/example_dags/example_sensors.py
[2024-11-05T15:54:09.992+0000] {processor.py:830} INFO - Processing file /home/airflow/.local/lib/python3.12/site-packages/airflow/example_dags/example_sensors.py for tasks to queue
[2024-11-05T15:54:09.993+0000] {logging_mixin.py:188} INFO - [2024-11-05T15:54:09.993+0000] {dagbag.py:540} INFO - Filling up the DagBag from /home/airflow/.local/lib/python3.12/site-packages/airflow/example_dags/example_sensors.py
[2024-11-05T15:54:10.000+0000] {processor.py:840} INFO - DAG(s) 'example_sensors' retrieved from /home/airflow/.local/lib/python3.12/site-packages/airflow/example_dags/example_sensors.py
[2024-11-05T15:54:10.017+0000] {logging_mixin.py:188} INFO - [2024-11-05T15:54:10.017+0000] {dag.py:3096} INFO - Sync 1 DAGs
[2024-11-05T15:54:10.026+0000] {logging_mixin.py:188} INFO - [2024-11-05T15:54:10.026+0000] {dag.py:3954} INFO - Setting next_dagrun for example_sensors to None, run_after=None
[2024-11-05T15:54:10.044+0000] {processor.py:183} INFO - Processing /home/airflow/.local/lib/python3.12/site-packages/airflow/example_dags/example_sensors.py took 0.057 seconds
[2024-11-05T15:54:40.636+0000] {processor.py:161} INFO - Started process (PID=13751) to work on /home/airflow/.local/lib/python3.12/site-packages/airflow/example_dags/example_sensors.py
[2024-11-05T15:54:40.636+0000] {processor.py:830} INFO - Processing file /home/airflow/.local/lib/python3.12/site-packages/airflow/example_dags/example_sensors.py for tasks to queue
[2024-11-05T15:54:40.638+0000] {logging_mixin.py:188} INFO - [2024-11-05T15:54:40.637+0000] {dagbag.py:540} INFO - Filling up the DagBag from /home/airflow/.local/lib/python3.12/site-packages/airflow/example_dags/example_sensors.py
[2024-11-05T15:54:40.644+0000] {processor.py:840} INFO - DAG(s) 'example_sensors' retrieved from /home/airflow/.local/lib/python3.12/site-packages/airflow/example_dags/example_sensors.py
[2024-11-05T15:54:40.662+0000] {logging_mixin.py:188} INFO - [2024-11-05T15:54:40.661+0000] {dag.py:3096} INFO - Sync 1 DAGs
[2024-11-05T15:54:40.670+0000] {logging_mixin.py:188} INFO - [2024-11-05T15:54:40.670+0000] {dag.py:3954} INFO - Setting next_dagrun for example_sensors to None, run_after=None
[2024-11-05T15:54:40.690+0000] {processor.py:183} INFO - Processing /home/airflow/.local/lib/python3.12/site-packages/airflow/example_dags/example_sensors.py took 0.058 seconds
[2024-11-05T15:55:11.225+0000] {processor.py:161} INFO - Started process (PID=14017) to work on /home/airflow/.local/lib/python3.12/site-packages/airflow/example_dags/example_sensors.py
[2024-11-05T15:55:11.225+0000] {processor.py:830} INFO - Processing file /home/airflow/.local/lib/python3.12/site-packages/airflow/example_dags/example_sensors.py for tasks to queue
[2024-11-05T15:55:11.226+0000] {logging_mixin.py:188} INFO - [2024-11-05T15:55:11.226+0000] {dagbag.py:540} INFO - Filling up the DagBag from /home/airflow/.local/lib/python3.12/site-packages/airflow/example_dags/example_sensors.py
[2024-11-05T15:55:11.233+0000] {processor.py:840} INFO - DAG(s) 'example_sensors' retrieved from /home/airflow/.local/lib/python3.12/site-packages/airflow/example_dags/example_sensors.py
[2024-11-05T15:55:11.251+0000] {logging_mixin.py:188} INFO - [2024-11-05T15:55:11.251+0000] {dag.py:3096} INFO - Sync 1 DAGs
[2024-11-05T15:55:11.260+0000] {logging_mixin.py:188} INFO - [2024-11-05T15:55:11.260+0000] {dag.py:3954} INFO - Setting next_dagrun for example_sensors to None, run_after=None
[2024-11-05T15:55:11.277+0000] {processor.py:183} INFO - Processing /home/airflow/.local/lib/python3.12/site-packages/airflow/example_dags/example_sensors.py took 0.057 seconds
[2024-11-05T15:55:41.775+0000] {processor.py:161} INFO - Started process (PID=14283) to work on /home/airflow/.local/lib/python3.12/site-packages/airflow/example_dags/example_sensors.py
[2024-11-05T15:55:41.775+0000] {processor.py:830} INFO - Processing file /home/airflow/.local/lib/python3.12/site-packages/airflow/example_dags/example_sensors.py for tasks to queue
[2024-11-05T15:55:41.777+0000] {logging_mixin.py:188} INFO - [2024-11-05T15:55:41.776+0000] {dagbag.py:540} INFO - Filling up the DagBag from /home/airflow/.local/lib/python3.12/site-packages/airflow/example_dags/example_sensors.py
[2024-11-05T15:55:41.783+0000] {processor.py:840} INFO - DAG(s) 'example_sensors' retrieved from /home/airflow/.local/lib/python3.12/site-packages/airflow/example_dags/example_sensors.py
[2024-11-05T15:55:41.801+0000] {logging_mixin.py:188} INFO - [2024-11-05T15:55:41.801+0000] {dag.py:3096} INFO - Sync 1 DAGs
[2024-11-05T15:55:41.810+0000] {logging_mixin.py:188} INFO - [2024-11-05T15:55:41.810+0000] {dag.py:3954} INFO - Setting next_dagrun for example_sensors to None, run_after=None
[2024-11-05T15:55:41.828+0000] {processor.py:183} INFO - Processing /home/airflow/.local/lib/python3.12/site-packages/airflow/example_dags/example_sensors.py took 0.057 seconds
[2024-11-05T15:56:12.388+0000] {processor.py:161} INFO - Started process (PID=14549) to work on /home/airflow/.local/lib/python3.12/site-packages/airflow/example_dags/example_sensors.py
[2024-11-05T15:56:12.389+0000] {processor.py:830} INFO - Processing file /home/airflow/.local/lib/python3.12/site-packages/airflow/example_dags/example_sensors.py for tasks to queue
[2024-11-05T15:56:12.391+0000] {logging_mixin.py:188} INFO - [2024-11-05T15:56:12.390+0000] {dagbag.py:540} INFO - Filling up the DagBag from /home/airflow/.local/lib/python3.12/site-packages/airflow/example_dags/example_sensors.py
[2024-11-05T15:56:12.401+0000] {processor.py:840} INFO - DAG(s) 'example_sensors' retrieved from /home/airflow/.local/lib/python3.12/site-packages/airflow/example_dags/example_sensors.py
[2024-11-05T15:56:12.421+0000] {logging_mixin.py:188} INFO - [2024-11-05T15:56:12.421+0000] {dag.py:3096} INFO - Sync 1 DAGs
[2024-11-05T15:56:12.432+0000] {logging_mixin.py:188} INFO - [2024-11-05T15:56:12.431+0000] {dag.py:3954} INFO - Setting next_dagrun for example_sensors to None, run_after=None
[2024-11-05T15:56:12.450+0000] {processor.py:183} INFO - Processing /home/airflow/.local/lib/python3.12/site-packages/airflow/example_dags/example_sensors.py took 0.066 seconds
[2024-11-05T15:56:43.108+0000] {processor.py:161} INFO - Started process (PID=14821) to work on /home/airflow/.local/lib/python3.12/site-packages/airflow/example_dags/example_sensors.py
[2024-11-05T15:56:43.108+0000] {processor.py:830} INFO - Processing file /home/airflow/.local/lib/python3.12/site-packages/airflow/example_dags/example_sensors.py for tasks to queue
[2024-11-05T15:56:43.110+0000] {logging_mixin.py:188} INFO - [2024-11-05T15:56:43.109+0000] {dagbag.py:540} INFO - Filling up the DagBag from /home/airflow/.local/lib/python3.12/site-packages/airflow/example_dags/example_sensors.py
[2024-11-05T15:56:43.116+0000] {processor.py:840} INFO - DAG(s) 'example_sensors' retrieved from /home/airflow/.local/lib/python3.12/site-packages/airflow/example_dags/example_sensors.py
[2024-11-05T15:56:43.134+0000] {logging_mixin.py:188} INFO - [2024-11-05T15:56:43.134+0000] {dag.py:3096} INFO - Sync 1 DAGs
[2024-11-05T15:56:43.143+0000] {logging_mixin.py:188} INFO - [2024-11-05T15:56:43.143+0000] {dag.py:3954} INFO - Setting next_dagrun for example_sensors to None, run_after=None
[2024-11-05T15:56:43.161+0000] {processor.py:183} INFO - Processing /home/airflow/.local/lib/python3.12/site-packages/airflow/example_dags/example_sensors.py took 0.057 seconds
[2024-11-05T15:57:13.848+0000] {processor.py:161} INFO - Started process (PID=15087) to work on /home/airflow/.local/lib/python3.12/site-packages/airflow/example_dags/example_sensors.py
[2024-11-05T15:57:13.849+0000] {processor.py:830} INFO - Processing file /home/airflow/.local/lib/python3.12/site-packages/airflow/example_dags/example_sensors.py for tasks to queue
[2024-11-05T15:57:13.850+0000] {logging_mixin.py:188} INFO - [2024-11-05T15:57:13.850+0000] {dagbag.py:540} INFO - Filling up the DagBag from /home/airflow/.local/lib/python3.12/site-packages/airflow/example_dags/example_sensors.py
[2024-11-05T15:57:13.856+0000] {processor.py:840} INFO - DAG(s) 'example_sensors' retrieved from /home/airflow/.local/lib/python3.12/site-packages/airflow/example_dags/example_sensors.py
[2024-11-05T15:57:13.874+0000] {logging_mixin.py:188} INFO - [2024-11-05T15:57:13.874+0000] {dag.py:3096} INFO - Sync 1 DAGs
[2024-11-05T15:57:13.883+0000] {logging_mixin.py:188} INFO - [2024-11-05T15:57:13.883+0000] {dag.py:3954} INFO - Setting next_dagrun for example_sensors to None, run_after=None
[2024-11-05T15:57:13.902+0000] {processor.py:183} INFO - Processing /home/airflow/.local/lib/python3.12/site-packages/airflow/example_dags/example_sensors.py took 0.058 seconds
[2024-11-05T15:57:44.510+0000] {processor.py:161} INFO - Started process (PID=15353) to work on /home/airflow/.local/lib/python3.12/site-packages/airflow/example_dags/example_sensors.py
[2024-11-05T15:57:44.511+0000] {processor.py:830} INFO - Processing file /home/airflow/.local/lib/python3.12/site-packages/airflow/example_dags/example_sensors.py for tasks to queue
[2024-11-05T15:57:44.512+0000] {logging_mixin.py:188} INFO - [2024-11-05T15:57:44.512+0000] {dagbag.py:540} INFO - Filling up the DagBag from /home/airflow/.local/lib/python3.12/site-packages/airflow/example_dags/example_sensors.py
[2024-11-05T15:57:44.520+0000] {processor.py:840} INFO - DAG(s) 'example_sensors' retrieved from /home/airflow/.local/lib/python3.12/site-packages/airflow/example_dags/example_sensors.py
[2024-11-05T15:57:44.539+0000] {logging_mixin.py:188} INFO - [2024-11-05T15:57:44.539+0000] {dag.py:3096} INFO - Sync 1 DAGs
[2024-11-05T15:57:44.548+0000] {logging_mixin.py:188} INFO - [2024-11-05T15:57:44.548+0000] {dag.py:3954} INFO - Setting next_dagrun for example_sensors to None, run_after=None
[2024-11-05T15:57:44.565+0000] {processor.py:183} INFO - Processing /home/airflow/.local/lib/python3.12/site-packages/airflow/example_dags/example_sensors.py took 0.060 seconds
[2024-11-05T15:58:15.117+0000] {processor.py:161} INFO - Started process (PID=15619) to work on /home/airflow/.local/lib/python3.12/site-packages/airflow/example_dags/example_sensors.py
[2024-11-05T15:58:15.118+0000] {processor.py:830} INFO - Processing file /home/airflow/.local/lib/python3.12/site-packages/airflow/example_dags/example_sensors.py for tasks to queue
[2024-11-05T15:58:15.119+0000] {logging_mixin.py:188} INFO - [2024-11-05T15:58:15.119+0000] {dagbag.py:540} INFO - Filling up the DagBag from /home/airflow/.local/lib/python3.12/site-packages/airflow/example_dags/example_sensors.py
[2024-11-05T15:58:15.126+0000] {processor.py:840} INFO - DAG(s) 'example_sensors' retrieved from /home/airflow/.local/lib/python3.12/site-packages/airflow/example_dags/example_sensors.py
[2024-11-05T15:58:15.143+0000] {logging_mixin.py:188} INFO - [2024-11-05T15:58:15.143+0000] {dag.py:3096} INFO - Sync 1 DAGs
[2024-11-05T15:58:15.153+0000] {logging_mixin.py:188} INFO - [2024-11-05T15:58:15.153+0000] {dag.py:3954} INFO - Setting next_dagrun for example_sensors to None, run_after=None
[2024-11-05T15:58:15.170+0000] {processor.py:183} INFO - Processing /home/airflow/.local/lib/python3.12/site-packages/airflow/example_dags/example_sensors.py took 0.057 seconds
[2024-11-05T15:58:45.197+0000] {processor.py:161} INFO - Started process (PID=15890) to work on /home/airflow/.local/lib/python3.12/site-packages/airflow/example_dags/example_sensors.py
[2024-11-05T15:58:45.198+0000] {processor.py:830} INFO - Processing file /home/airflow/.local/lib/python3.12/site-packages/airflow/example_dags/example_sensors.py for tasks to queue
[2024-11-05T15:58:45.199+0000] {logging_mixin.py:188} INFO - [2024-11-05T15:58:45.199+0000] {dagbag.py:540} INFO - Filling up the DagBag from /home/airflow/.local/lib/python3.12/site-packages/airflow/example_dags/example_sensors.py
[2024-11-05T15:58:45.206+0000] {processor.py:840} INFO - DAG(s) 'example_sensors' retrieved from /home/airflow/.local/lib/python3.12/site-packages/airflow/example_dags/example_sensors.py
[2024-11-05T15:58:45.224+0000] {logging_mixin.py:188} INFO - [2024-11-05T15:58:45.224+0000] {dag.py:3096} INFO - Sync 1 DAGs
[2024-11-05T15:58:45.233+0000] {logging_mixin.py:188} INFO - [2024-11-05T15:58:45.233+0000] {dag.py:3954} INFO - Setting next_dagrun for example_sensors to None, run_after=None
[2024-11-05T15:58:45.250+0000] {processor.py:183} INFO - Processing /home/airflow/.local/lib/python3.12/site-packages/airflow/example_dags/example_sensors.py took 0.057 seconds
