[2024-11-05T15:28:43.903+0000] {processor.py:161} INFO - Started process (PID=296) to work on /home/airflow/.local/lib/python3.12/site-packages/airflow/example_dags/example_short_circuit_decorator.py
[2024-11-05T15:28:43.905+0000] {processor.py:830} INFO - Processing file /home/airflow/.local/lib/python3.12/site-packages/airflow/example_dags/example_short_circuit_decorator.py for tasks to queue
[2024-11-05T15:28:43.907+0000] {logging_mixin.py:188} INFO - [2024-11-05T15:28:43.907+0000] {dagbag.py:540} INFO - Filling up the DagBag from /home/airflow/.local/lib/python3.12/site-packages/airflow/example_dags/example_short_circuit_decorator.py
[2024-11-05T15:28:43.924+0000] {processor.py:840} INFO - DAG(s) 'example_short_circuit_decorator' retrieved from /home/airflow/.local/lib/python3.12/site-packages/airflow/example_dags/example_short_circuit_decorator.py
[2024-11-05T15:28:43.959+0000] {logging_mixin.py:188} INFO - [2024-11-05T15:28:43.958+0000] {dag.py:3096} INFO - Sync 1 DAGs
[2024-11-05T15:28:43.989+0000] {logging_mixin.py:188} INFO - [2024-11-05T15:28:43.989+0000] {dag.py:3954} INFO - Setting next_dagrun for example_short_circuit_decorator to 2024-11-04 00:00:00+00:00, run_after=2024-11-05 00:00:00+00:00
[2024-11-05T15:28:44.014+0000] {processor.py:183} INFO - Processing /home/airflow/.local/lib/python3.12/site-packages/airflow/example_dags/example_short_circuit_decorator.py took 0.119 seconds
[2024-11-05T15:29:14.618+0000] {processor.py:161} INFO - Started process (PID=560) to work on /home/airflow/.local/lib/python3.12/site-packages/airflow/example_dags/example_short_circuit_decorator.py
[2024-11-05T15:29:14.619+0000] {processor.py:830} INFO - Processing file /home/airflow/.local/lib/python3.12/site-packages/airflow/example_dags/example_short_circuit_decorator.py for tasks to queue
[2024-11-05T15:29:14.620+0000] {logging_mixin.py:188} INFO - [2024-11-05T15:29:14.620+0000] {dagbag.py:540} INFO - Filling up the DagBag from /home/airflow/.local/lib/python3.12/site-packages/airflow/example_dags/example_short_circuit_decorator.py
[2024-11-05T15:29:14.628+0000] {processor.py:840} INFO - DAG(s) 'example_short_circuit_decorator' retrieved from /home/airflow/.local/lib/python3.12/site-packages/airflow/example_dags/example_short_circuit_decorator.py
[2024-11-05T15:29:14.652+0000] {logging_mixin.py:188} INFO - [2024-11-05T15:29:14.652+0000] {dag.py:3096} INFO - Sync 1 DAGs
[2024-11-05T15:29:14.670+0000] {logging_mixin.py:188} INFO - [2024-11-05T15:29:14.670+0000] {dag.py:3954} INFO - Setting next_dagrun for example_short_circuit_decorator to 2024-11-04 00:00:00+00:00, run_after=2024-11-05 00:00:00+00:00
[2024-11-05T15:29:14.693+0000] {processor.py:183} INFO - Processing /home/airflow/.local/lib/python3.12/site-packages/airflow/example_dags/example_short_circuit_decorator.py took 0.081 seconds
[2024-11-05T15:29:46.545+0000] {processor.py:161} INFO - Started process (PID=826) to work on /home/airflow/.local/lib/python3.12/site-packages/airflow/example_dags/example_short_circuit_decorator.py
[2024-11-05T15:29:46.545+0000] {processor.py:830} INFO - Processing file /home/airflow/.local/lib/python3.12/site-packages/airflow/example_dags/example_short_circuit_decorator.py for tasks to queue
[2024-11-05T15:29:46.547+0000] {logging_mixin.py:188} INFO - [2024-11-05T15:29:46.546+0000] {dagbag.py:540} INFO - Filling up the DagBag from /home/airflow/.local/lib/python3.12/site-packages/airflow/example_dags/example_short_circuit_decorator.py
[2024-11-05T15:29:46.555+0000] {processor.py:840} INFO - DAG(s) 'example_short_circuit_decorator' retrieved from /home/airflow/.local/lib/python3.12/site-packages/airflow/example_dags/example_short_circuit_decorator.py
[2024-11-05T15:29:46.576+0000] {logging_mixin.py:188} INFO - [2024-11-05T15:29:46.576+0000] {dag.py:3096} INFO - Sync 1 DAGs
[2024-11-05T15:29:46.599+0000] {logging_mixin.py:188} INFO - [2024-11-05T15:29:46.599+0000] {dag.py:3954} INFO - Setting next_dagrun for example_short_circuit_decorator to 2024-11-04 00:00:00+00:00, run_after=2024-11-05 00:00:00+00:00
[2024-11-05T15:29:46.621+0000] {processor.py:183} INFO - Processing /home/airflow/.local/lib/python3.12/site-packages/airflow/example_dags/example_short_circuit_decorator.py took 0.082 seconds
[2024-11-05T15:30:17.567+0000] {processor.py:161} INFO - Started process (PID=1092) to work on /home/airflow/.local/lib/python3.12/site-packages/airflow/example_dags/example_short_circuit_decorator.py
[2024-11-05T15:30:17.568+0000] {processor.py:830} INFO - Processing file /home/airflow/.local/lib/python3.12/site-packages/airflow/example_dags/example_short_circuit_decorator.py for tasks to queue
[2024-11-05T15:30:17.569+0000] {logging_mixin.py:188} INFO - [2024-11-05T15:30:17.569+0000] {dagbag.py:540} INFO - Filling up the DagBag from /home/airflow/.local/lib/python3.12/site-packages/airflow/example_dags/example_short_circuit_decorator.py
[2024-11-05T15:30:17.578+0000] {processor.py:840} INFO - DAG(s) 'example_short_circuit_decorator' retrieved from /home/airflow/.local/lib/python3.12/site-packages/airflow/example_dags/example_short_circuit_decorator.py
[2024-11-05T15:30:17.597+0000] {logging_mixin.py:188} INFO - [2024-11-05T15:30:17.596+0000] {dag.py:3096} INFO - Sync 1 DAGs
[2024-11-05T15:30:17.613+0000] {logging_mixin.py:188} INFO - [2024-11-05T15:30:17.613+0000] {dag.py:3954} INFO - Setting next_dagrun for example_short_circuit_decorator to 2024-11-04 00:00:00+00:00, run_after=2024-11-05 00:00:00+00:00
[2024-11-05T15:30:17.633+0000] {processor.py:183} INFO - Processing /home/airflow/.local/lib/python3.12/site-packages/airflow/example_dags/example_short_circuit_decorator.py took 0.071 seconds
[2024-11-05T15:30:48.155+0000] {processor.py:161} INFO - Started process (PID=1358) to work on /home/airflow/.local/lib/python3.12/site-packages/airflow/example_dags/example_short_circuit_decorator.py
[2024-11-05T15:30:48.155+0000] {processor.py:830} INFO - Processing file /home/airflow/.local/lib/python3.12/site-packages/airflow/example_dags/example_short_circuit_decorator.py for tasks to queue
[2024-11-05T15:30:48.157+0000] {logging_mixin.py:188} INFO - [2024-11-05T15:30:48.157+0000] {dagbag.py:540} INFO - Filling up the DagBag from /home/airflow/.local/lib/python3.12/site-packages/airflow/example_dags/example_short_circuit_decorator.py
[2024-11-05T15:30:48.164+0000] {processor.py:840} INFO - DAG(s) 'example_short_circuit_decorator' retrieved from /home/airflow/.local/lib/python3.12/site-packages/airflow/example_dags/example_short_circuit_decorator.py
[2024-11-05T15:30:48.181+0000] {logging_mixin.py:188} INFO - [2024-11-05T15:30:48.181+0000] {dag.py:3096} INFO - Sync 1 DAGs
[2024-11-05T15:30:48.199+0000] {logging_mixin.py:188} INFO - [2024-11-05T15:30:48.198+0000] {dag.py:3954} INFO - Setting next_dagrun for example_short_circuit_decorator to 2024-11-04 00:00:00+00:00, run_after=2024-11-05 00:00:00+00:00
[2024-11-05T15:30:48.218+0000] {processor.py:183} INFO - Processing /home/airflow/.local/lib/python3.12/site-packages/airflow/example_dags/example_short_circuit_decorator.py took 0.068 seconds
[2024-11-05T15:31:18.822+0000] {processor.py:161} INFO - Started process (PID=1624) to work on /home/airflow/.local/lib/python3.12/site-packages/airflow/example_dags/example_short_circuit_decorator.py
[2024-11-05T15:31:18.823+0000] {processor.py:830} INFO - Processing file /home/airflow/.local/lib/python3.12/site-packages/airflow/example_dags/example_short_circuit_decorator.py for tasks to queue
[2024-11-05T15:31:18.824+0000] {logging_mixin.py:188} INFO - [2024-11-05T15:31:18.824+0000] {dagbag.py:540} INFO - Filling up the DagBag from /home/airflow/.local/lib/python3.12/site-packages/airflow/example_dags/example_short_circuit_decorator.py
[2024-11-05T15:31:18.831+0000] {processor.py:840} INFO - DAG(s) 'example_short_circuit_decorator' retrieved from /home/airflow/.local/lib/python3.12/site-packages/airflow/example_dags/example_short_circuit_decorator.py
[2024-11-05T15:31:18.850+0000] {logging_mixin.py:188} INFO - [2024-11-05T15:31:18.849+0000] {dag.py:3096} INFO - Sync 1 DAGs
[2024-11-05T15:31:18.866+0000] {logging_mixin.py:188} INFO - [2024-11-05T15:31:18.866+0000] {dag.py:3954} INFO - Setting next_dagrun for example_short_circuit_decorator to 2024-11-04 00:00:00+00:00, run_after=2024-11-05 00:00:00+00:00
[2024-11-05T15:31:18.884+0000] {processor.py:183} INFO - Processing /home/airflow/.local/lib/python3.12/site-packages/airflow/example_dags/example_short_circuit_decorator.py took 0.067 seconds
[2024-11-05T15:31:49.544+0000] {processor.py:161} INFO - Started process (PID=1890) to work on /home/airflow/.local/lib/python3.12/site-packages/airflow/example_dags/example_short_circuit_decorator.py
[2024-11-05T15:31:49.545+0000] {processor.py:830} INFO - Processing file /home/airflow/.local/lib/python3.12/site-packages/airflow/example_dags/example_short_circuit_decorator.py for tasks to queue
[2024-11-05T15:31:49.546+0000] {logging_mixin.py:188} INFO - [2024-11-05T15:31:49.546+0000] {dagbag.py:540} INFO - Filling up the DagBag from /home/airflow/.local/lib/python3.12/site-packages/airflow/example_dags/example_short_circuit_decorator.py
[2024-11-05T15:31:49.554+0000] {processor.py:840} INFO - DAG(s) 'example_short_circuit_decorator' retrieved from /home/airflow/.local/lib/python3.12/site-packages/airflow/example_dags/example_short_circuit_decorator.py
[2024-11-05T15:31:49.576+0000] {logging_mixin.py:188} INFO - [2024-11-05T15:31:49.576+0000] {dag.py:3096} INFO - Sync 1 DAGs
[2024-11-05T15:31:49.593+0000] {logging_mixin.py:188} INFO - [2024-11-05T15:31:49.593+0000] {dag.py:3954} INFO - Setting next_dagrun for example_short_circuit_decorator to 2024-11-04 00:00:00+00:00, run_after=2024-11-05 00:00:00+00:00
[2024-11-05T15:31:49.614+0000] {processor.py:183} INFO - Processing /home/airflow/.local/lib/python3.12/site-packages/airflow/example_dags/example_short_circuit_decorator.py took 0.074 seconds
[2024-11-05T15:32:20.365+0000] {processor.py:161} INFO - Started process (PID=2156) to work on /home/airflow/.local/lib/python3.12/site-packages/airflow/example_dags/example_short_circuit_decorator.py
[2024-11-05T15:32:20.365+0000] {processor.py:830} INFO - Processing file /home/airflow/.local/lib/python3.12/site-packages/airflow/example_dags/example_short_circuit_decorator.py for tasks to queue
[2024-11-05T15:32:20.367+0000] {logging_mixin.py:188} INFO - [2024-11-05T15:32:20.366+0000] {dagbag.py:540} INFO - Filling up the DagBag from /home/airflow/.local/lib/python3.12/site-packages/airflow/example_dags/example_short_circuit_decorator.py
[2024-11-05T15:32:20.375+0000] {processor.py:840} INFO - DAG(s) 'example_short_circuit_decorator' retrieved from /home/airflow/.local/lib/python3.12/site-packages/airflow/example_dags/example_short_circuit_decorator.py
[2024-11-05T15:32:20.395+0000] {logging_mixin.py:188} INFO - [2024-11-05T15:32:20.394+0000] {dag.py:3096} INFO - Sync 1 DAGs
[2024-11-05T15:32:20.416+0000] {logging_mixin.py:188} INFO - [2024-11-05T15:32:20.416+0000] {dag.py:3954} INFO - Setting next_dagrun for example_short_circuit_decorator to 2024-11-04 00:00:00+00:00, run_after=2024-11-05 00:00:00+00:00
[2024-11-05T15:32:20.434+0000] {processor.py:183} INFO - Processing /home/airflow/.local/lib/python3.12/site-packages/airflow/example_dags/example_short_circuit_decorator.py took 0.074 seconds
[2024-11-05T15:32:51.278+0000] {processor.py:161} INFO - Started process (PID=2422) to work on /home/airflow/.local/lib/python3.12/site-packages/airflow/example_dags/example_short_circuit_decorator.py
[2024-11-05T15:32:51.279+0000] {processor.py:830} INFO - Processing file /home/airflow/.local/lib/python3.12/site-packages/airflow/example_dags/example_short_circuit_decorator.py for tasks to queue
[2024-11-05T15:32:51.280+0000] {logging_mixin.py:188} INFO - [2024-11-05T15:32:51.280+0000] {dagbag.py:540} INFO - Filling up the DagBag from /home/airflow/.local/lib/python3.12/site-packages/airflow/example_dags/example_short_circuit_decorator.py
[2024-11-05T15:32:51.289+0000] {processor.py:840} INFO - DAG(s) 'example_short_circuit_decorator' retrieved from /home/airflow/.local/lib/python3.12/site-packages/airflow/example_dags/example_short_circuit_decorator.py
[2024-11-05T15:32:51.308+0000] {logging_mixin.py:188} INFO - [2024-11-05T15:32:51.308+0000] {dag.py:3096} INFO - Sync 1 DAGs
[2024-11-05T15:32:51.326+0000] {logging_mixin.py:188} INFO - [2024-11-05T15:32:51.325+0000] {dag.py:3954} INFO - Setting next_dagrun for example_short_circuit_decorator to 2024-11-04 00:00:00+00:00, run_after=2024-11-05 00:00:00+00:00
[2024-11-05T15:32:51.344+0000] {processor.py:183} INFO - Processing /home/airflow/.local/lib/python3.12/site-packages/airflow/example_dags/example_short_circuit_decorator.py took 0.072 seconds
[2024-11-05T15:33:21.948+0000] {processor.py:161} INFO - Started process (PID=2689) to work on /home/airflow/.local/lib/python3.12/site-packages/airflow/example_dags/example_short_circuit_decorator.py
[2024-11-05T15:33:21.949+0000] {processor.py:830} INFO - Processing file /home/airflow/.local/lib/python3.12/site-packages/airflow/example_dags/example_short_circuit_decorator.py for tasks to queue
[2024-11-05T15:33:21.951+0000] {logging_mixin.py:188} INFO - [2024-11-05T15:33:21.950+0000] {dagbag.py:540} INFO - Filling up the DagBag from /home/airflow/.local/lib/python3.12/site-packages/airflow/example_dags/example_short_circuit_decorator.py
[2024-11-05T15:33:21.959+0000] {processor.py:840} INFO - DAG(s) 'example_short_circuit_decorator' retrieved from /home/airflow/.local/lib/python3.12/site-packages/airflow/example_dags/example_short_circuit_decorator.py
[2024-11-05T15:33:21.978+0000] {logging_mixin.py:188} INFO - [2024-11-05T15:33:21.977+0000] {dag.py:3096} INFO - Sync 1 DAGs
[2024-11-05T15:33:21.997+0000] {logging_mixin.py:188} INFO - [2024-11-05T15:33:21.997+0000] {dag.py:3954} INFO - Setting next_dagrun for example_short_circuit_decorator to 2024-11-04 00:00:00+00:00, run_after=2024-11-05 00:00:00+00:00
[2024-11-05T15:33:22.014+0000] {processor.py:183} INFO - Processing /home/airflow/.local/lib/python3.12/site-packages/airflow/example_dags/example_short_circuit_decorator.py took 0.072 seconds
[2024-11-05T15:33:52.953+0000] {processor.py:161} INFO - Started process (PID=2955) to work on /home/airflow/.local/lib/python3.12/site-packages/airflow/example_dags/example_short_circuit_decorator.py
[2024-11-05T15:33:52.953+0000] {processor.py:830} INFO - Processing file /home/airflow/.local/lib/python3.12/site-packages/airflow/example_dags/example_short_circuit_decorator.py for tasks to queue
[2024-11-05T15:33:52.955+0000] {logging_mixin.py:188} INFO - [2024-11-05T15:33:52.954+0000] {dagbag.py:540} INFO - Filling up the DagBag from /home/airflow/.local/lib/python3.12/site-packages/airflow/example_dags/example_short_circuit_decorator.py
[2024-11-05T15:33:52.964+0000] {processor.py:840} INFO - DAG(s) 'example_short_circuit_decorator' retrieved from /home/airflow/.local/lib/python3.12/site-packages/airflow/example_dags/example_short_circuit_decorator.py
[2024-11-05T15:33:52.985+0000] {logging_mixin.py:188} INFO - [2024-11-05T15:33:52.984+0000] {dag.py:3096} INFO - Sync 1 DAGs
[2024-11-05T15:33:53.007+0000] {logging_mixin.py:188} INFO - [2024-11-05T15:33:53.007+0000] {dag.py:3954} INFO - Setting next_dagrun for example_short_circuit_decorator to 2024-11-04 00:00:00+00:00, run_after=2024-11-05 00:00:00+00:00
[2024-11-05T15:33:53.026+0000] {processor.py:183} INFO - Processing /home/airflow/.local/lib/python3.12/site-packages/airflow/example_dags/example_short_circuit_decorator.py took 0.078 seconds
[2024-11-05T15:34:23.777+0000] {processor.py:161} INFO - Started process (PID=3221) to work on /home/airflow/.local/lib/python3.12/site-packages/airflow/example_dags/example_short_circuit_decorator.py
[2024-11-05T15:34:23.778+0000] {processor.py:830} INFO - Processing file /home/airflow/.local/lib/python3.12/site-packages/airflow/example_dags/example_short_circuit_decorator.py for tasks to queue
[2024-11-05T15:34:23.779+0000] {logging_mixin.py:188} INFO - [2024-11-05T15:34:23.779+0000] {dagbag.py:540} INFO - Filling up the DagBag from /home/airflow/.local/lib/python3.12/site-packages/airflow/example_dags/example_short_circuit_decorator.py
[2024-11-05T15:34:23.786+0000] {processor.py:840} INFO - DAG(s) 'example_short_circuit_decorator' retrieved from /home/airflow/.local/lib/python3.12/site-packages/airflow/example_dags/example_short_circuit_decorator.py
[2024-11-05T15:34:23.806+0000] {logging_mixin.py:188} INFO - [2024-11-05T15:34:23.806+0000] {dag.py:3096} INFO - Sync 1 DAGs
[2024-11-05T15:34:23.825+0000] {logging_mixin.py:188} INFO - [2024-11-05T15:34:23.825+0000] {dag.py:3954} INFO - Setting next_dagrun for example_short_circuit_decorator to 2024-11-04 00:00:00+00:00, run_after=2024-11-05 00:00:00+00:00
[2024-11-05T15:34:23.856+0000] {processor.py:183} INFO - Processing /home/airflow/.local/lib/python3.12/site-packages/airflow/example_dags/example_short_circuit_decorator.py took 0.083 seconds
[2024-11-05T15:34:54.474+0000] {processor.py:161} INFO - Started process (PID=3487) to work on /home/airflow/.local/lib/python3.12/site-packages/airflow/example_dags/example_short_circuit_decorator.py
[2024-11-05T15:34:54.475+0000] {processor.py:830} INFO - Processing file /home/airflow/.local/lib/python3.12/site-packages/airflow/example_dags/example_short_circuit_decorator.py for tasks to queue
[2024-11-05T15:34:54.476+0000] {logging_mixin.py:188} INFO - [2024-11-05T15:34:54.476+0000] {dagbag.py:540} INFO - Filling up the DagBag from /home/airflow/.local/lib/python3.12/site-packages/airflow/example_dags/example_short_circuit_decorator.py
[2024-11-05T15:34:54.483+0000] {processor.py:840} INFO - DAG(s) 'example_short_circuit_decorator' retrieved from /home/airflow/.local/lib/python3.12/site-packages/airflow/example_dags/example_short_circuit_decorator.py
[2024-11-05T15:34:54.505+0000] {logging_mixin.py:188} INFO - [2024-11-05T15:34:54.505+0000] {dag.py:3096} INFO - Sync 1 DAGs
[2024-11-05T15:34:54.687+0000] {logging_mixin.py:188} INFO - [2024-11-05T15:34:54.687+0000] {dag.py:3954} INFO - Setting next_dagrun for example_short_circuit_decorator to 2024-11-04 00:00:00+00:00, run_after=2024-11-05 00:00:00+00:00
[2024-11-05T15:34:54.707+0000] {processor.py:183} INFO - Processing /home/airflow/.local/lib/python3.12/site-packages/airflow/example_dags/example_short_circuit_decorator.py took 0.237 seconds
[2024-11-05T15:35:25.551+0000] {processor.py:161} INFO - Started process (PID=3753) to work on /home/airflow/.local/lib/python3.12/site-packages/airflow/example_dags/example_short_circuit_decorator.py
[2024-11-05T15:35:25.552+0000] {processor.py:830} INFO - Processing file /home/airflow/.local/lib/python3.12/site-packages/airflow/example_dags/example_short_circuit_decorator.py for tasks to queue
[2024-11-05T15:35:25.553+0000] {logging_mixin.py:188} INFO - [2024-11-05T15:35:25.553+0000] {dagbag.py:540} INFO - Filling up the DagBag from /home/airflow/.local/lib/python3.12/site-packages/airflow/example_dags/example_short_circuit_decorator.py
[2024-11-05T15:35:25.560+0000] {processor.py:840} INFO - DAG(s) 'example_short_circuit_decorator' retrieved from /home/airflow/.local/lib/python3.12/site-packages/airflow/example_dags/example_short_circuit_decorator.py
[2024-11-05T15:35:25.577+0000] {logging_mixin.py:188} INFO - [2024-11-05T15:35:25.576+0000] {dag.py:3096} INFO - Sync 1 DAGs
[2024-11-05T15:35:25.737+0000] {logging_mixin.py:188} INFO - [2024-11-05T15:35:25.737+0000] {dag.py:3954} INFO - Setting next_dagrun for example_short_circuit_decorator to 2024-11-04 00:00:00+00:00, run_after=2024-11-05 00:00:00+00:00
[2024-11-05T15:35:25.754+0000] {processor.py:183} INFO - Processing /home/airflow/.local/lib/python3.12/site-packages/airflow/example_dags/example_short_circuit_decorator.py took 0.207 seconds
[2024-11-05T15:35:56.302+0000] {processor.py:161} INFO - Started process (PID=4019) to work on /home/airflow/.local/lib/python3.12/site-packages/airflow/example_dags/example_short_circuit_decorator.py
[2024-11-05T15:35:56.302+0000] {processor.py:830} INFO - Processing file /home/airflow/.local/lib/python3.12/site-packages/airflow/example_dags/example_short_circuit_decorator.py for tasks to queue
[2024-11-05T15:35:56.304+0000] {logging_mixin.py:188} INFO - [2024-11-05T15:35:56.303+0000] {dagbag.py:540} INFO - Filling up the DagBag from /home/airflow/.local/lib/python3.12/site-packages/airflow/example_dags/example_short_circuit_decorator.py
[2024-11-05T15:35:56.311+0000] {processor.py:840} INFO - DAG(s) 'example_short_circuit_decorator' retrieved from /home/airflow/.local/lib/python3.12/site-packages/airflow/example_dags/example_short_circuit_decorator.py
[2024-11-05T15:35:56.334+0000] {logging_mixin.py:188} INFO - [2024-11-05T15:35:56.333+0000] {dag.py:3096} INFO - Sync 1 DAGs
[2024-11-05T15:35:56.353+0000] {logging_mixin.py:188} INFO - [2024-11-05T15:35:56.353+0000] {dag.py:3954} INFO - Setting next_dagrun for example_short_circuit_decorator to 2024-11-04 00:00:00+00:00, run_after=2024-11-05 00:00:00+00:00
[2024-11-05T15:35:56.532+0000] {processor.py:183} INFO - Processing /home/airflow/.local/lib/python3.12/site-packages/airflow/example_dags/example_short_circuit_decorator.py took 0.235 seconds
[2024-11-05T15:36:26.619+0000] {processor.py:161} INFO - Started process (PID=4285) to work on /home/airflow/.local/lib/python3.12/site-packages/airflow/example_dags/example_short_circuit_decorator.py
[2024-11-05T15:36:26.619+0000] {processor.py:830} INFO - Processing file /home/airflow/.local/lib/python3.12/site-packages/airflow/example_dags/example_short_circuit_decorator.py for tasks to queue
[2024-11-05T15:36:26.621+0000] {logging_mixin.py:188} INFO - [2024-11-05T15:36:26.621+0000] {dagbag.py:540} INFO - Filling up the DagBag from /home/airflow/.local/lib/python3.12/site-packages/airflow/example_dags/example_short_circuit_decorator.py
[2024-11-05T15:36:26.631+0000] {processor.py:840} INFO - DAG(s) 'example_short_circuit_decorator' retrieved from /home/airflow/.local/lib/python3.12/site-packages/airflow/example_dags/example_short_circuit_decorator.py
[2024-11-05T15:36:26.650+0000] {logging_mixin.py:188} INFO - [2024-11-05T15:36:26.650+0000] {dag.py:3096} INFO - Sync 1 DAGs
[2024-11-05T15:36:26.667+0000] {logging_mixin.py:188} INFO - [2024-11-05T15:36:26.667+0000] {dag.py:3954} INFO - Setting next_dagrun for example_short_circuit_decorator to 2024-11-04 00:00:00+00:00, run_after=2024-11-05 00:00:00+00:00
[2024-11-05T15:36:26.687+0000] {processor.py:183} INFO - Processing /home/airflow/.local/lib/python3.12/site-packages/airflow/example_dags/example_short_circuit_decorator.py took 0.074 seconds
[2024-11-05T15:36:57.112+0000] {processor.py:161} INFO - Started process (PID=4551) to work on /home/airflow/.local/lib/python3.12/site-packages/airflow/example_dags/example_short_circuit_decorator.py
[2024-11-05T15:36:57.113+0000] {processor.py:830} INFO - Processing file /home/airflow/.local/lib/python3.12/site-packages/airflow/example_dags/example_short_circuit_decorator.py for tasks to queue
[2024-11-05T15:36:57.114+0000] {logging_mixin.py:188} INFO - [2024-11-05T15:36:57.114+0000] {dagbag.py:540} INFO - Filling up the DagBag from /home/airflow/.local/lib/python3.12/site-packages/airflow/example_dags/example_short_circuit_decorator.py
[2024-11-05T15:36:57.123+0000] {processor.py:840} INFO - DAG(s) 'example_short_circuit_decorator' retrieved from /home/airflow/.local/lib/python3.12/site-packages/airflow/example_dags/example_short_circuit_decorator.py
[2024-11-05T15:36:57.144+0000] {logging_mixin.py:188} INFO - [2024-11-05T15:36:57.144+0000] {dag.py:3096} INFO - Sync 1 DAGs
[2024-11-05T15:36:57.162+0000] {logging_mixin.py:188} INFO - [2024-11-05T15:36:57.162+0000] {dag.py:3954} INFO - Setting next_dagrun for example_short_circuit_decorator to 2024-11-04 00:00:00+00:00, run_after=2024-11-05 00:00:00+00:00
[2024-11-05T15:36:57.184+0000] {processor.py:183} INFO - Processing /home/airflow/.local/lib/python3.12/site-packages/airflow/example_dags/example_short_circuit_decorator.py took 0.078 seconds
[2024-11-05T15:37:27.672+0000] {processor.py:161} INFO - Started process (PID=4817) to work on /home/airflow/.local/lib/python3.12/site-packages/airflow/example_dags/example_short_circuit_decorator.py
[2024-11-05T15:37:27.673+0000] {processor.py:830} INFO - Processing file /home/airflow/.local/lib/python3.12/site-packages/airflow/example_dags/example_short_circuit_decorator.py for tasks to queue
[2024-11-05T15:37:27.674+0000] {logging_mixin.py:188} INFO - [2024-11-05T15:37:27.674+0000] {dagbag.py:540} INFO - Filling up the DagBag from /home/airflow/.local/lib/python3.12/site-packages/airflow/example_dags/example_short_circuit_decorator.py
[2024-11-05T15:37:27.681+0000] {processor.py:840} INFO - DAG(s) 'example_short_circuit_decorator' retrieved from /home/airflow/.local/lib/python3.12/site-packages/airflow/example_dags/example_short_circuit_decorator.py
[2024-11-05T15:37:27.704+0000] {logging_mixin.py:188} INFO - [2024-11-05T15:37:27.704+0000] {dag.py:3096} INFO - Sync 1 DAGs
[2024-11-05T15:37:27.724+0000] {logging_mixin.py:188} INFO - [2024-11-05T15:37:27.724+0000] {dag.py:3954} INFO - Setting next_dagrun for example_short_circuit_decorator to 2024-11-04 00:00:00+00:00, run_after=2024-11-05 00:00:00+00:00
[2024-11-05T15:37:27.747+0000] {processor.py:183} INFO - Processing /home/airflow/.local/lib/python3.12/site-packages/airflow/example_dags/example_short_circuit_decorator.py took 0.081 seconds
[2024-11-05T15:37:58.260+0000] {processor.py:161} INFO - Started process (PID=5083) to work on /home/airflow/.local/lib/python3.12/site-packages/airflow/example_dags/example_short_circuit_decorator.py
[2024-11-05T15:37:58.261+0000] {processor.py:830} INFO - Processing file /home/airflow/.local/lib/python3.12/site-packages/airflow/example_dags/example_short_circuit_decorator.py for tasks to queue
[2024-11-05T15:37:58.263+0000] {logging_mixin.py:188} INFO - [2024-11-05T15:37:58.262+0000] {dagbag.py:540} INFO - Filling up the DagBag from /home/airflow/.local/lib/python3.12/site-packages/airflow/example_dags/example_short_circuit_decorator.py
[2024-11-05T15:37:58.270+0000] {processor.py:840} INFO - DAG(s) 'example_short_circuit_decorator' retrieved from /home/airflow/.local/lib/python3.12/site-packages/airflow/example_dags/example_short_circuit_decorator.py
[2024-11-05T15:37:58.291+0000] {logging_mixin.py:188} INFO - [2024-11-05T15:37:58.290+0000] {dag.py:3096} INFO - Sync 1 DAGs
[2024-11-05T15:37:58.310+0000] {logging_mixin.py:188} INFO - [2024-11-05T15:37:58.310+0000] {dag.py:3954} INFO - Setting next_dagrun for example_short_circuit_decorator to 2024-11-04 00:00:00+00:00, run_after=2024-11-05 00:00:00+00:00
[2024-11-05T15:37:58.331+0000] {processor.py:183} INFO - Processing /home/airflow/.local/lib/python3.12/site-packages/airflow/example_dags/example_short_circuit_decorator.py took 0.075 seconds
[2024-11-05T15:38:28.846+0000] {processor.py:161} INFO - Started process (PID=5349) to work on /home/airflow/.local/lib/python3.12/site-packages/airflow/example_dags/example_short_circuit_decorator.py
[2024-11-05T15:38:28.847+0000] {processor.py:830} INFO - Processing file /home/airflow/.local/lib/python3.12/site-packages/airflow/example_dags/example_short_circuit_decorator.py for tasks to queue
[2024-11-05T15:38:28.848+0000] {logging_mixin.py:188} INFO - [2024-11-05T15:38:28.848+0000] {dagbag.py:540} INFO - Filling up the DagBag from /home/airflow/.local/lib/python3.12/site-packages/airflow/example_dags/example_short_circuit_decorator.py
[2024-11-05T15:38:28.857+0000] {processor.py:840} INFO - DAG(s) 'example_short_circuit_decorator' retrieved from /home/airflow/.local/lib/python3.12/site-packages/airflow/example_dags/example_short_circuit_decorator.py
[2024-11-05T15:38:28.877+0000] {logging_mixin.py:188} INFO - [2024-11-05T15:38:28.876+0000] {dag.py:3096} INFO - Sync 1 DAGs
[2024-11-05T15:38:28.896+0000] {logging_mixin.py:188} INFO - [2024-11-05T15:38:28.896+0000] {dag.py:3954} INFO - Setting next_dagrun for example_short_circuit_decorator to 2024-11-04 00:00:00+00:00, run_after=2024-11-05 00:00:00+00:00
[2024-11-05T15:38:28.914+0000] {processor.py:183} INFO - Processing /home/airflow/.local/lib/python3.12/site-packages/airflow/example_dags/example_short_circuit_decorator.py took 0.074 seconds
[2024-11-05T15:38:59.447+0000] {processor.py:161} INFO - Started process (PID=5615) to work on /home/airflow/.local/lib/python3.12/site-packages/airflow/example_dags/example_short_circuit_decorator.py
[2024-11-05T15:38:59.447+0000] {processor.py:830} INFO - Processing file /home/airflow/.local/lib/python3.12/site-packages/airflow/example_dags/example_short_circuit_decorator.py for tasks to queue
[2024-11-05T15:38:59.449+0000] {logging_mixin.py:188} INFO - [2024-11-05T15:38:59.449+0000] {dagbag.py:540} INFO - Filling up the DagBag from /home/airflow/.local/lib/python3.12/site-packages/airflow/example_dags/example_short_circuit_decorator.py
[2024-11-05T15:38:59.458+0000] {processor.py:840} INFO - DAG(s) 'example_short_circuit_decorator' retrieved from /home/airflow/.local/lib/python3.12/site-packages/airflow/example_dags/example_short_circuit_decorator.py
[2024-11-05T15:38:59.480+0000] {logging_mixin.py:188} INFO - [2024-11-05T15:38:59.480+0000] {dag.py:3096} INFO - Sync 1 DAGs
[2024-11-05T15:38:59.501+0000] {logging_mixin.py:188} INFO - [2024-11-05T15:38:59.501+0000] {dag.py:3954} INFO - Setting next_dagrun for example_short_circuit_decorator to 2024-11-04 00:00:00+00:00, run_after=2024-11-05 00:00:00+00:00
[2024-11-05T15:38:59.521+0000] {processor.py:183} INFO - Processing /home/airflow/.local/lib/python3.12/site-packages/airflow/example_dags/example_short_circuit_decorator.py took 0.078 seconds
[2024-11-05T15:39:30.003+0000] {processor.py:161} INFO - Started process (PID=5881) to work on /home/airflow/.local/lib/python3.12/site-packages/airflow/example_dags/example_short_circuit_decorator.py
[2024-11-05T15:39:30.003+0000] {processor.py:830} INFO - Processing file /home/airflow/.local/lib/python3.12/site-packages/airflow/example_dags/example_short_circuit_decorator.py for tasks to queue
[2024-11-05T15:39:30.005+0000] {logging_mixin.py:188} INFO - [2024-11-05T15:39:30.005+0000] {dagbag.py:540} INFO - Filling up the DagBag from /home/airflow/.local/lib/python3.12/site-packages/airflow/example_dags/example_short_circuit_decorator.py
[2024-11-05T15:39:30.013+0000] {processor.py:840} INFO - DAG(s) 'example_short_circuit_decorator' retrieved from /home/airflow/.local/lib/python3.12/site-packages/airflow/example_dags/example_short_circuit_decorator.py
[2024-11-05T15:39:30.030+0000] {logging_mixin.py:188} INFO - [2024-11-05T15:39:30.030+0000] {dag.py:3096} INFO - Sync 1 DAGs
[2024-11-05T15:39:30.046+0000] {logging_mixin.py:188} INFO - [2024-11-05T15:39:30.046+0000] {dag.py:3954} INFO - Setting next_dagrun for example_short_circuit_decorator to 2024-11-04 00:00:00+00:00, run_after=2024-11-05 00:00:00+00:00
[2024-11-05T15:39:30.077+0000] {processor.py:183} INFO - Processing /home/airflow/.local/lib/python3.12/site-packages/airflow/example_dags/example_short_circuit_decorator.py took 0.080 seconds
[2024-11-05T15:40:00.609+0000] {processor.py:161} INFO - Started process (PID=6147) to work on /home/airflow/.local/lib/python3.12/site-packages/airflow/example_dags/example_short_circuit_decorator.py
[2024-11-05T15:40:00.610+0000] {processor.py:830} INFO - Processing file /home/airflow/.local/lib/python3.12/site-packages/airflow/example_dags/example_short_circuit_decorator.py for tasks to queue
[2024-11-05T15:40:00.611+0000] {logging_mixin.py:188} INFO - [2024-11-05T15:40:00.611+0000] {dagbag.py:540} INFO - Filling up the DagBag from /home/airflow/.local/lib/python3.12/site-packages/airflow/example_dags/example_short_circuit_decorator.py
[2024-11-05T15:40:00.618+0000] {processor.py:840} INFO - DAG(s) 'example_short_circuit_decorator' retrieved from /home/airflow/.local/lib/python3.12/site-packages/airflow/example_dags/example_short_circuit_decorator.py
[2024-11-05T15:40:00.635+0000] {logging_mixin.py:188} INFO - [2024-11-05T15:40:00.635+0000] {dag.py:3096} INFO - Sync 1 DAGs
[2024-11-05T15:40:00.656+0000] {logging_mixin.py:188} INFO - [2024-11-05T15:40:00.656+0000] {dag.py:3954} INFO - Setting next_dagrun for example_short_circuit_decorator to 2024-11-04 00:00:00+00:00, run_after=2024-11-05 00:00:00+00:00
[2024-11-05T15:40:00.674+0000] {processor.py:183} INFO - Processing /home/airflow/.local/lib/python3.12/site-packages/airflow/example_dags/example_short_circuit_decorator.py took 0.069 seconds
[2024-11-05T15:40:31.246+0000] {processor.py:161} INFO - Started process (PID=6413) to work on /home/airflow/.local/lib/python3.12/site-packages/airflow/example_dags/example_short_circuit_decorator.py
[2024-11-05T15:40:31.247+0000] {processor.py:830} INFO - Processing file /home/airflow/.local/lib/python3.12/site-packages/airflow/example_dags/example_short_circuit_decorator.py for tasks to queue
[2024-11-05T15:40:31.248+0000] {logging_mixin.py:188} INFO - [2024-11-05T15:40:31.248+0000] {dagbag.py:540} INFO - Filling up the DagBag from /home/airflow/.local/lib/python3.12/site-packages/airflow/example_dags/example_short_circuit_decorator.py
[2024-11-05T15:40:31.255+0000] {processor.py:840} INFO - DAG(s) 'example_short_circuit_decorator' retrieved from /home/airflow/.local/lib/python3.12/site-packages/airflow/example_dags/example_short_circuit_decorator.py
[2024-11-05T15:40:31.276+0000] {logging_mixin.py:188} INFO - [2024-11-05T15:40:31.275+0000] {dag.py:3096} INFO - Sync 1 DAGs
[2024-11-05T15:40:31.292+0000] {logging_mixin.py:188} INFO - [2024-11-05T15:40:31.292+0000] {dag.py:3954} INFO - Setting next_dagrun for example_short_circuit_decorator to 2024-11-04 00:00:00+00:00, run_after=2024-11-05 00:00:00+00:00
[2024-11-05T15:40:31.315+0000] {processor.py:183} INFO - Processing /home/airflow/.local/lib/python3.12/site-packages/airflow/example_dags/example_short_circuit_decorator.py took 0.073 seconds
[2024-11-05T15:41:01.863+0000] {processor.py:161} INFO - Started process (PID=6679) to work on /home/airflow/.local/lib/python3.12/site-packages/airflow/example_dags/example_short_circuit_decorator.py
[2024-11-05T15:41:01.864+0000] {processor.py:830} INFO - Processing file /home/airflow/.local/lib/python3.12/site-packages/airflow/example_dags/example_short_circuit_decorator.py for tasks to queue
[2024-11-05T15:41:01.865+0000] {logging_mixin.py:188} INFO - [2024-11-05T15:41:01.865+0000] {dagbag.py:540} INFO - Filling up the DagBag from /home/airflow/.local/lib/python3.12/site-packages/airflow/example_dags/example_short_circuit_decorator.py
[2024-11-05T15:41:01.872+0000] {processor.py:840} INFO - DAG(s) 'example_short_circuit_decorator' retrieved from /home/airflow/.local/lib/python3.12/site-packages/airflow/example_dags/example_short_circuit_decorator.py
[2024-11-05T15:41:01.893+0000] {logging_mixin.py:188} INFO - [2024-11-05T15:41:01.893+0000] {dag.py:3096} INFO - Sync 1 DAGs
[2024-11-05T15:41:01.910+0000] {logging_mixin.py:188} INFO - [2024-11-05T15:41:01.910+0000] {dag.py:3954} INFO - Setting next_dagrun for example_short_circuit_decorator to 2024-11-04 00:00:00+00:00, run_after=2024-11-05 00:00:00+00:00
[2024-11-05T15:41:01.931+0000] {processor.py:183} INFO - Processing /home/airflow/.local/lib/python3.12/site-packages/airflow/example_dags/example_short_circuit_decorator.py took 0.074 seconds
[2024-11-05T15:41:32.533+0000] {processor.py:161} INFO - Started process (PID=6945) to work on /home/airflow/.local/lib/python3.12/site-packages/airflow/example_dags/example_short_circuit_decorator.py
[2024-11-05T15:41:32.533+0000] {processor.py:830} INFO - Processing file /home/airflow/.local/lib/python3.12/site-packages/airflow/example_dags/example_short_circuit_decorator.py for tasks to queue
[2024-11-05T15:41:32.535+0000] {logging_mixin.py:188} INFO - [2024-11-05T15:41:32.534+0000] {dagbag.py:540} INFO - Filling up the DagBag from /home/airflow/.local/lib/python3.12/site-packages/airflow/example_dags/example_short_circuit_decorator.py
[2024-11-05T15:41:32.541+0000] {processor.py:840} INFO - DAG(s) 'example_short_circuit_decorator' retrieved from /home/airflow/.local/lib/python3.12/site-packages/airflow/example_dags/example_short_circuit_decorator.py
[2024-11-05T15:41:32.562+0000] {logging_mixin.py:188} INFO - [2024-11-05T15:41:32.561+0000] {dag.py:3096} INFO - Sync 1 DAGs
[2024-11-05T15:41:32.583+0000] {logging_mixin.py:188} INFO - [2024-11-05T15:41:32.583+0000] {dag.py:3954} INFO - Setting next_dagrun for example_short_circuit_decorator to 2024-11-04 00:00:00+00:00, run_after=2024-11-05 00:00:00+00:00
[2024-11-05T15:41:32.603+0000] {processor.py:183} INFO - Processing /home/airflow/.local/lib/python3.12/site-packages/airflow/example_dags/example_short_circuit_decorator.py took 0.074 seconds
[2024-11-05T15:42:03.138+0000] {processor.py:161} INFO - Started process (PID=7211) to work on /home/airflow/.local/lib/python3.12/site-packages/airflow/example_dags/example_short_circuit_decorator.py
[2024-11-05T15:42:03.138+0000] {processor.py:830} INFO - Processing file /home/airflow/.local/lib/python3.12/site-packages/airflow/example_dags/example_short_circuit_decorator.py for tasks to queue
[2024-11-05T15:42:03.140+0000] {logging_mixin.py:188} INFO - [2024-11-05T15:42:03.140+0000] {dagbag.py:540} INFO - Filling up the DagBag from /home/airflow/.local/lib/python3.12/site-packages/airflow/example_dags/example_short_circuit_decorator.py
[2024-11-05T15:42:03.149+0000] {processor.py:840} INFO - DAG(s) 'example_short_circuit_decorator' retrieved from /home/airflow/.local/lib/python3.12/site-packages/airflow/example_dags/example_short_circuit_decorator.py
[2024-11-05T15:42:03.169+0000] {logging_mixin.py:188} INFO - [2024-11-05T15:42:03.169+0000] {dag.py:3096} INFO - Sync 1 DAGs
[2024-11-05T15:42:03.189+0000] {logging_mixin.py:188} INFO - [2024-11-05T15:42:03.189+0000] {dag.py:3954} INFO - Setting next_dagrun for example_short_circuit_decorator to 2024-11-04 00:00:00+00:00, run_after=2024-11-05 00:00:00+00:00
[2024-11-05T15:42:03.209+0000] {processor.py:183} INFO - Processing /home/airflow/.local/lib/python3.12/site-packages/airflow/example_dags/example_short_circuit_decorator.py took 0.077 seconds
[2024-11-05T15:42:33.735+0000] {processor.py:161} INFO - Started process (PID=7477) to work on /home/airflow/.local/lib/python3.12/site-packages/airflow/example_dags/example_short_circuit_decorator.py
[2024-11-05T15:42:33.736+0000] {processor.py:830} INFO - Processing file /home/airflow/.local/lib/python3.12/site-packages/airflow/example_dags/example_short_circuit_decorator.py for tasks to queue
[2024-11-05T15:42:33.737+0000] {logging_mixin.py:188} INFO - [2024-11-05T15:42:33.737+0000] {dagbag.py:540} INFO - Filling up the DagBag from /home/airflow/.local/lib/python3.12/site-packages/airflow/example_dags/example_short_circuit_decorator.py
[2024-11-05T15:42:33.747+0000] {processor.py:840} INFO - DAG(s) 'example_short_circuit_decorator' retrieved from /home/airflow/.local/lib/python3.12/site-packages/airflow/example_dags/example_short_circuit_decorator.py
[2024-11-05T15:42:33.765+0000] {logging_mixin.py:188} INFO - [2024-11-05T15:42:33.765+0000] {dag.py:3096} INFO - Sync 1 DAGs
[2024-11-05T15:42:33.786+0000] {logging_mixin.py:188} INFO - [2024-11-05T15:42:33.786+0000] {dag.py:3954} INFO - Setting next_dagrun for example_short_circuit_decorator to 2024-11-04 00:00:00+00:00, run_after=2024-11-05 00:00:00+00:00
[2024-11-05T15:42:33.809+0000] {processor.py:183} INFO - Processing /home/airflow/.local/lib/python3.12/site-packages/airflow/example_dags/example_short_circuit_decorator.py took 0.078 seconds
[2024-11-05T15:43:04.319+0000] {processor.py:161} INFO - Started process (PID=7743) to work on /home/airflow/.local/lib/python3.12/site-packages/airflow/example_dags/example_short_circuit_decorator.py
[2024-11-05T15:43:04.319+0000] {processor.py:830} INFO - Processing file /home/airflow/.local/lib/python3.12/site-packages/airflow/example_dags/example_short_circuit_decorator.py for tasks to queue
[2024-11-05T15:43:04.321+0000] {logging_mixin.py:188} INFO - [2024-11-05T15:43:04.320+0000] {dagbag.py:540} INFO - Filling up the DagBag from /home/airflow/.local/lib/python3.12/site-packages/airflow/example_dags/example_short_circuit_decorator.py
[2024-11-05T15:43:04.328+0000] {processor.py:840} INFO - DAG(s) 'example_short_circuit_decorator' retrieved from /home/airflow/.local/lib/python3.12/site-packages/airflow/example_dags/example_short_circuit_decorator.py
[2024-11-05T15:43:04.350+0000] {logging_mixin.py:188} INFO - [2024-11-05T15:43:04.350+0000] {dag.py:3096} INFO - Sync 1 DAGs
[2024-11-05T15:43:04.369+0000] {logging_mixin.py:188} INFO - [2024-11-05T15:43:04.369+0000] {dag.py:3954} INFO - Setting next_dagrun for example_short_circuit_decorator to 2024-11-04 00:00:00+00:00, run_after=2024-11-05 00:00:00+00:00
[2024-11-05T15:43:04.390+0000] {processor.py:183} INFO - Processing /home/airflow/.local/lib/python3.12/site-packages/airflow/example_dags/example_short_circuit_decorator.py took 0.078 seconds
[2024-11-05T15:43:34.812+0000] {processor.py:161} INFO - Started process (PID=8009) to work on /home/airflow/.local/lib/python3.12/site-packages/airflow/example_dags/example_short_circuit_decorator.py
[2024-11-05T15:43:34.813+0000] {processor.py:830} INFO - Processing file /home/airflow/.local/lib/python3.12/site-packages/airflow/example_dags/example_short_circuit_decorator.py for tasks to queue
[2024-11-05T15:43:34.814+0000] {logging_mixin.py:188} INFO - [2024-11-05T15:43:34.814+0000] {dagbag.py:540} INFO - Filling up the DagBag from /home/airflow/.local/lib/python3.12/site-packages/airflow/example_dags/example_short_circuit_decorator.py
[2024-11-05T15:43:34.822+0000] {processor.py:840} INFO - DAG(s) 'example_short_circuit_decorator' retrieved from /home/airflow/.local/lib/python3.12/site-packages/airflow/example_dags/example_short_circuit_decorator.py
[2024-11-05T15:43:34.842+0000] {logging_mixin.py:188} INFO - [2024-11-05T15:43:34.841+0000] {dag.py:3096} INFO - Sync 1 DAGs
[2024-11-05T15:43:34.864+0000] {logging_mixin.py:188} INFO - [2024-11-05T15:43:34.864+0000] {dag.py:3954} INFO - Setting next_dagrun for example_short_circuit_decorator to 2024-11-04 00:00:00+00:00, run_after=2024-11-05 00:00:00+00:00
[2024-11-05T15:43:34.886+0000] {processor.py:183} INFO - Processing /home/airflow/.local/lib/python3.12/site-packages/airflow/example_dags/example_short_circuit_decorator.py took 0.080 seconds
[2024-11-05T15:44:05.365+0000] {processor.py:161} INFO - Started process (PID=8275) to work on /home/airflow/.local/lib/python3.12/site-packages/airflow/example_dags/example_short_circuit_decorator.py
[2024-11-05T15:44:05.366+0000] {processor.py:830} INFO - Processing file /home/airflow/.local/lib/python3.12/site-packages/airflow/example_dags/example_short_circuit_decorator.py for tasks to queue
[2024-11-05T15:44:05.367+0000] {logging_mixin.py:188} INFO - [2024-11-05T15:44:05.367+0000] {dagbag.py:540} INFO - Filling up the DagBag from /home/airflow/.local/lib/python3.12/site-packages/airflow/example_dags/example_short_circuit_decorator.py
[2024-11-05T15:44:05.374+0000] {processor.py:840} INFO - DAG(s) 'example_short_circuit_decorator' retrieved from /home/airflow/.local/lib/python3.12/site-packages/airflow/example_dags/example_short_circuit_decorator.py
[2024-11-05T15:44:05.395+0000] {logging_mixin.py:188} INFO - [2024-11-05T15:44:05.394+0000] {dag.py:3096} INFO - Sync 1 DAGs
[2024-11-05T15:44:05.414+0000] {logging_mixin.py:188} INFO - [2024-11-05T15:44:05.414+0000] {dag.py:3954} INFO - Setting next_dagrun for example_short_circuit_decorator to 2024-11-04 00:00:00+00:00, run_after=2024-11-05 00:00:00+00:00
[2024-11-05T15:44:05.434+0000] {processor.py:183} INFO - Processing /home/airflow/.local/lib/python3.12/site-packages/airflow/example_dags/example_short_circuit_decorator.py took 0.074 seconds
[2024-11-05T15:44:35.918+0000] {processor.py:161} INFO - Started process (PID=8541) to work on /home/airflow/.local/lib/python3.12/site-packages/airflow/example_dags/example_short_circuit_decorator.py
[2024-11-05T15:44:35.918+0000] {processor.py:830} INFO - Processing file /home/airflow/.local/lib/python3.12/site-packages/airflow/example_dags/example_short_circuit_decorator.py for tasks to queue
[2024-11-05T15:44:35.920+0000] {logging_mixin.py:188} INFO - [2024-11-05T15:44:35.920+0000] {dagbag.py:540} INFO - Filling up the DagBag from /home/airflow/.local/lib/python3.12/site-packages/airflow/example_dags/example_short_circuit_decorator.py
[2024-11-05T15:44:35.927+0000] {processor.py:840} INFO - DAG(s) 'example_short_circuit_decorator' retrieved from /home/airflow/.local/lib/python3.12/site-packages/airflow/example_dags/example_short_circuit_decorator.py
[2024-11-05T15:44:35.948+0000] {logging_mixin.py:188} INFO - [2024-11-05T15:44:35.948+0000] {dag.py:3096} INFO - Sync 1 DAGs
[2024-11-05T15:44:35.964+0000] {logging_mixin.py:188} INFO - [2024-11-05T15:44:35.964+0000] {dag.py:3954} INFO - Setting next_dagrun for example_short_circuit_decorator to 2024-11-04 00:00:00+00:00, run_after=2024-11-05 00:00:00+00:00
[2024-11-05T15:44:35.984+0000] {processor.py:183} INFO - Processing /home/airflow/.local/lib/python3.12/site-packages/airflow/example_dags/example_short_circuit_decorator.py took 0.072 seconds
[2024-11-05T15:45:06.514+0000] {processor.py:161} INFO - Started process (PID=8807) to work on /home/airflow/.local/lib/python3.12/site-packages/airflow/example_dags/example_short_circuit_decorator.py
[2024-11-05T15:45:06.514+0000] {processor.py:830} INFO - Processing file /home/airflow/.local/lib/python3.12/site-packages/airflow/example_dags/example_short_circuit_decorator.py for tasks to queue
[2024-11-05T15:45:06.516+0000] {logging_mixin.py:188} INFO - [2024-11-05T15:45:06.515+0000] {dagbag.py:540} INFO - Filling up the DagBag from /home/airflow/.local/lib/python3.12/site-packages/airflow/example_dags/example_short_circuit_decorator.py
[2024-11-05T15:45:06.524+0000] {processor.py:840} INFO - DAG(s) 'example_short_circuit_decorator' retrieved from /home/airflow/.local/lib/python3.12/site-packages/airflow/example_dags/example_short_circuit_decorator.py
[2024-11-05T15:45:06.543+0000] {logging_mixin.py:188} INFO - [2024-11-05T15:45:06.543+0000] {dag.py:3096} INFO - Sync 1 DAGs
[2024-11-05T15:45:06.562+0000] {logging_mixin.py:188} INFO - [2024-11-05T15:45:06.562+0000] {dag.py:3954} INFO - Setting next_dagrun for example_short_circuit_decorator to 2024-11-04 00:00:00+00:00, run_after=2024-11-05 00:00:00+00:00
[2024-11-05T15:45:06.582+0000] {processor.py:183} INFO - Processing /home/airflow/.local/lib/python3.12/site-packages/airflow/example_dags/example_short_circuit_decorator.py took 0.073 seconds
[2024-11-05T15:45:37.000+0000] {processor.py:161} INFO - Started process (PID=9073) to work on /home/airflow/.local/lib/python3.12/site-packages/airflow/example_dags/example_short_circuit_decorator.py
[2024-11-05T15:45:37.001+0000] {processor.py:830} INFO - Processing file /home/airflow/.local/lib/python3.12/site-packages/airflow/example_dags/example_short_circuit_decorator.py for tasks to queue
[2024-11-05T15:45:37.002+0000] {logging_mixin.py:188} INFO - [2024-11-05T15:45:37.002+0000] {dagbag.py:540} INFO - Filling up the DagBag from /home/airflow/.local/lib/python3.12/site-packages/airflow/example_dags/example_short_circuit_decorator.py
[2024-11-05T15:45:37.010+0000] {processor.py:840} INFO - DAG(s) 'example_short_circuit_decorator' retrieved from /home/airflow/.local/lib/python3.12/site-packages/airflow/example_dags/example_short_circuit_decorator.py
[2024-11-05T15:45:37.029+0000] {logging_mixin.py:188} INFO - [2024-11-05T15:45:37.028+0000] {dag.py:3096} INFO - Sync 1 DAGs
[2024-11-05T15:45:37.050+0000] {logging_mixin.py:188} INFO - [2024-11-05T15:45:37.050+0000] {dag.py:3954} INFO - Setting next_dagrun for example_short_circuit_decorator to 2024-11-04 00:00:00+00:00, run_after=2024-11-05 00:00:00+00:00
[2024-11-05T15:45:37.071+0000] {processor.py:183} INFO - Processing /home/airflow/.local/lib/python3.12/site-packages/airflow/example_dags/example_short_circuit_decorator.py took 0.077 seconds
[2024-11-05T15:46:07.659+0000] {processor.py:161} INFO - Started process (PID=9339) to work on /home/airflow/.local/lib/python3.12/site-packages/airflow/example_dags/example_short_circuit_decorator.py
[2024-11-05T15:46:07.660+0000] {processor.py:830} INFO - Processing file /home/airflow/.local/lib/python3.12/site-packages/airflow/example_dags/example_short_circuit_decorator.py for tasks to queue
[2024-11-05T15:46:07.661+0000] {logging_mixin.py:188} INFO - [2024-11-05T15:46:07.661+0000] {dagbag.py:540} INFO - Filling up the DagBag from /home/airflow/.local/lib/python3.12/site-packages/airflow/example_dags/example_short_circuit_decorator.py
[2024-11-05T15:46:07.668+0000] {processor.py:840} INFO - DAG(s) 'example_short_circuit_decorator' retrieved from /home/airflow/.local/lib/python3.12/site-packages/airflow/example_dags/example_short_circuit_decorator.py
[2024-11-05T15:46:07.686+0000] {logging_mixin.py:188} INFO - [2024-11-05T15:46:07.686+0000] {dag.py:3096} INFO - Sync 1 DAGs
[2024-11-05T15:46:07.704+0000] {logging_mixin.py:188} INFO - [2024-11-05T15:46:07.704+0000] {dag.py:3954} INFO - Setting next_dagrun for example_short_circuit_decorator to 2024-11-04 00:00:00+00:00, run_after=2024-11-05 00:00:00+00:00
[2024-11-05T15:46:07.724+0000] {processor.py:183} INFO - Processing /home/airflow/.local/lib/python3.12/site-packages/airflow/example_dags/example_short_circuit_decorator.py took 0.070 seconds
[2024-11-05T15:46:38.201+0000] {processor.py:161} INFO - Started process (PID=9605) to work on /home/airflow/.local/lib/python3.12/site-packages/airflow/example_dags/example_short_circuit_decorator.py
[2024-11-05T15:46:38.202+0000] {processor.py:830} INFO - Processing file /home/airflow/.local/lib/python3.12/site-packages/airflow/example_dags/example_short_circuit_decorator.py for tasks to queue
[2024-11-05T15:46:38.203+0000] {logging_mixin.py:188} INFO - [2024-11-05T15:46:38.203+0000] {dagbag.py:540} INFO - Filling up the DagBag from /home/airflow/.local/lib/python3.12/site-packages/airflow/example_dags/example_short_circuit_decorator.py
[2024-11-05T15:46:38.210+0000] {processor.py:840} INFO - DAG(s) 'example_short_circuit_decorator' retrieved from /home/airflow/.local/lib/python3.12/site-packages/airflow/example_dags/example_short_circuit_decorator.py
[2024-11-05T15:46:38.229+0000] {logging_mixin.py:188} INFO - [2024-11-05T15:46:38.229+0000] {dag.py:3096} INFO - Sync 1 DAGs
[2024-11-05T15:46:38.248+0000] {logging_mixin.py:188} INFO - [2024-11-05T15:46:38.248+0000] {dag.py:3954} INFO - Setting next_dagrun for example_short_circuit_decorator to 2024-11-04 00:00:00+00:00, run_after=2024-11-05 00:00:00+00:00
[2024-11-05T15:46:38.269+0000] {processor.py:183} INFO - Processing /home/airflow/.local/lib/python3.12/site-packages/airflow/example_dags/example_short_circuit_decorator.py took 0.072 seconds
[2024-11-05T15:47:08.755+0000] {processor.py:161} INFO - Started process (PID=9871) to work on /home/airflow/.local/lib/python3.12/site-packages/airflow/example_dags/example_short_circuit_decorator.py
[2024-11-05T15:47:08.756+0000] {processor.py:830} INFO - Processing file /home/airflow/.local/lib/python3.12/site-packages/airflow/example_dags/example_short_circuit_decorator.py for tasks to queue
[2024-11-05T15:47:08.757+0000] {logging_mixin.py:188} INFO - [2024-11-05T15:47:08.757+0000] {dagbag.py:540} INFO - Filling up the DagBag from /home/airflow/.local/lib/python3.12/site-packages/airflow/example_dags/example_short_circuit_decorator.py
[2024-11-05T15:47:08.764+0000] {processor.py:840} INFO - DAG(s) 'example_short_circuit_decorator' retrieved from /home/airflow/.local/lib/python3.12/site-packages/airflow/example_dags/example_short_circuit_decorator.py
[2024-11-05T15:47:08.784+0000] {logging_mixin.py:188} INFO - [2024-11-05T15:47:08.784+0000] {dag.py:3096} INFO - Sync 1 DAGs
[2024-11-05T15:47:08.802+0000] {logging_mixin.py:188} INFO - [2024-11-05T15:47:08.801+0000] {dag.py:3954} INFO - Setting next_dagrun for example_short_circuit_decorator to 2024-11-04 00:00:00+00:00, run_after=2024-11-05 00:00:00+00:00
[2024-11-05T15:47:08.823+0000] {processor.py:183} INFO - Processing /home/airflow/.local/lib/python3.12/site-packages/airflow/example_dags/example_short_circuit_decorator.py took 0.073 seconds
[2024-11-05T15:47:39.334+0000] {processor.py:161} INFO - Started process (PID=10138) to work on /home/airflow/.local/lib/python3.12/site-packages/airflow/example_dags/example_short_circuit_decorator.py
[2024-11-05T15:47:39.334+0000] {processor.py:830} INFO - Processing file /home/airflow/.local/lib/python3.12/site-packages/airflow/example_dags/example_short_circuit_decorator.py for tasks to queue
[2024-11-05T15:47:39.336+0000] {logging_mixin.py:188} INFO - [2024-11-05T15:47:39.335+0000] {dagbag.py:540} INFO - Filling up the DagBag from /home/airflow/.local/lib/python3.12/site-packages/airflow/example_dags/example_short_circuit_decorator.py
[2024-11-05T15:47:39.342+0000] {processor.py:840} INFO - DAG(s) 'example_short_circuit_decorator' retrieved from /home/airflow/.local/lib/python3.12/site-packages/airflow/example_dags/example_short_circuit_decorator.py
[2024-11-05T15:47:39.361+0000] {logging_mixin.py:188} INFO - [2024-11-05T15:47:39.361+0000] {dag.py:3096} INFO - Sync 1 DAGs
[2024-11-05T15:47:39.379+0000] {logging_mixin.py:188} INFO - [2024-11-05T15:47:39.379+0000] {dag.py:3954} INFO - Setting next_dagrun for example_short_circuit_decorator to 2024-11-04 00:00:00+00:00, run_after=2024-11-05 00:00:00+00:00
[2024-11-05T15:47:39.405+0000] {processor.py:183} INFO - Processing /home/airflow/.local/lib/python3.12/site-packages/airflow/example_dags/example_short_circuit_decorator.py took 0.075 seconds
[2024-11-05T15:48:09.870+0000] {processor.py:161} INFO - Started process (PID=10404) to work on /home/airflow/.local/lib/python3.12/site-packages/airflow/example_dags/example_short_circuit_decorator.py
[2024-11-05T15:48:09.871+0000] {processor.py:830} INFO - Processing file /home/airflow/.local/lib/python3.12/site-packages/airflow/example_dags/example_short_circuit_decorator.py for tasks to queue
[2024-11-05T15:48:09.872+0000] {logging_mixin.py:188} INFO - [2024-11-05T15:48:09.872+0000] {dagbag.py:540} INFO - Filling up the DagBag from /home/airflow/.local/lib/python3.12/site-packages/airflow/example_dags/example_short_circuit_decorator.py
[2024-11-05T15:48:09.879+0000] {processor.py:840} INFO - DAG(s) 'example_short_circuit_decorator' retrieved from /home/airflow/.local/lib/python3.12/site-packages/airflow/example_dags/example_short_circuit_decorator.py
[2024-11-05T15:48:09.897+0000] {logging_mixin.py:188} INFO - [2024-11-05T15:48:09.897+0000] {dag.py:3096} INFO - Sync 1 DAGs
[2024-11-05T15:48:09.915+0000] {logging_mixin.py:188} INFO - [2024-11-05T15:48:09.915+0000] {dag.py:3954} INFO - Setting next_dagrun for example_short_circuit_decorator to 2024-11-04 00:00:00+00:00, run_after=2024-11-05 00:00:00+00:00
[2024-11-05T15:48:09.938+0000] {processor.py:183} INFO - Processing /home/airflow/.local/lib/python3.12/site-packages/airflow/example_dags/example_short_circuit_decorator.py took 0.072 seconds
[2024-11-05T15:48:40.383+0000] {processor.py:161} INFO - Started process (PID=10670) to work on /home/airflow/.local/lib/python3.12/site-packages/airflow/example_dags/example_short_circuit_decorator.py
[2024-11-05T15:48:40.384+0000] {processor.py:830} INFO - Processing file /home/airflow/.local/lib/python3.12/site-packages/airflow/example_dags/example_short_circuit_decorator.py for tasks to queue
[2024-11-05T15:48:40.385+0000] {logging_mixin.py:188} INFO - [2024-11-05T15:48:40.385+0000] {dagbag.py:540} INFO - Filling up the DagBag from /home/airflow/.local/lib/python3.12/site-packages/airflow/example_dags/example_short_circuit_decorator.py
[2024-11-05T15:48:40.395+0000] {processor.py:840} INFO - DAG(s) 'example_short_circuit_decorator' retrieved from /home/airflow/.local/lib/python3.12/site-packages/airflow/example_dags/example_short_circuit_decorator.py
[2024-11-05T15:48:40.413+0000] {logging_mixin.py:188} INFO - [2024-11-05T15:48:40.413+0000] {dag.py:3096} INFO - Sync 1 DAGs
[2024-11-05T15:48:40.430+0000] {logging_mixin.py:188} INFO - [2024-11-05T15:48:40.430+0000] {dag.py:3954} INFO - Setting next_dagrun for example_short_circuit_decorator to 2024-11-04 00:00:00+00:00, run_after=2024-11-05 00:00:00+00:00
[2024-11-05T15:48:40.451+0000] {processor.py:183} INFO - Processing /home/airflow/.local/lib/python3.12/site-packages/airflow/example_dags/example_short_circuit_decorator.py took 0.073 seconds
[2024-11-05T15:49:10.957+0000] {processor.py:161} INFO - Started process (PID=10937) to work on /home/airflow/.local/lib/python3.12/site-packages/airflow/example_dags/example_short_circuit_decorator.py
[2024-11-05T15:49:10.957+0000] {processor.py:830} INFO - Processing file /home/airflow/.local/lib/python3.12/site-packages/airflow/example_dags/example_short_circuit_decorator.py for tasks to queue
[2024-11-05T15:49:10.959+0000] {logging_mixin.py:188} INFO - [2024-11-05T15:49:10.959+0000] {dagbag.py:540} INFO - Filling up the DagBag from /home/airflow/.local/lib/python3.12/site-packages/airflow/example_dags/example_short_circuit_decorator.py
[2024-11-05T15:49:10.966+0000] {processor.py:840} INFO - DAG(s) 'example_short_circuit_decorator' retrieved from /home/airflow/.local/lib/python3.12/site-packages/airflow/example_dags/example_short_circuit_decorator.py
[2024-11-05T15:49:10.987+0000] {logging_mixin.py:188} INFO - [2024-11-05T15:49:10.987+0000] {dag.py:3096} INFO - Sync 1 DAGs
[2024-11-05T15:49:11.006+0000] {logging_mixin.py:188} INFO - [2024-11-05T15:49:11.006+0000] {dag.py:3954} INFO - Setting next_dagrun for example_short_circuit_decorator to 2024-11-04 00:00:00+00:00, run_after=2024-11-05 00:00:00+00:00
[2024-11-05T15:49:11.029+0000] {processor.py:183} INFO - Processing /home/airflow/.local/lib/python3.12/site-packages/airflow/example_dags/example_short_circuit_decorator.py took 0.077 seconds
[2024-11-05T15:49:41.598+0000] {processor.py:161} INFO - Started process (PID=11203) to work on /home/airflow/.local/lib/python3.12/site-packages/airflow/example_dags/example_short_circuit_decorator.py
[2024-11-05T15:49:41.598+0000] {processor.py:830} INFO - Processing file /home/airflow/.local/lib/python3.12/site-packages/airflow/example_dags/example_short_circuit_decorator.py for tasks to queue
[2024-11-05T15:49:41.600+0000] {logging_mixin.py:188} INFO - [2024-11-05T15:49:41.599+0000] {dagbag.py:540} INFO - Filling up the DagBag from /home/airflow/.local/lib/python3.12/site-packages/airflow/example_dags/example_short_circuit_decorator.py
[2024-11-05T15:49:41.606+0000] {processor.py:840} INFO - DAG(s) 'example_short_circuit_decorator' retrieved from /home/airflow/.local/lib/python3.12/site-packages/airflow/example_dags/example_short_circuit_decorator.py
[2024-11-05T15:49:41.625+0000] {logging_mixin.py:188} INFO - [2024-11-05T15:49:41.624+0000] {dag.py:3096} INFO - Sync 1 DAGs
[2024-11-05T15:49:41.645+0000] {logging_mixin.py:188} INFO - [2024-11-05T15:49:41.645+0000] {dag.py:3954} INFO - Setting next_dagrun for example_short_circuit_decorator to 2024-11-04 00:00:00+00:00, run_after=2024-11-05 00:00:00+00:00
[2024-11-05T15:49:41.666+0000] {processor.py:183} INFO - Processing /home/airflow/.local/lib/python3.12/site-packages/airflow/example_dags/example_short_circuit_decorator.py took 0.072 seconds
[2024-11-05T15:50:12.263+0000] {processor.py:161} INFO - Started process (PID=11475) to work on /home/airflow/.local/lib/python3.12/site-packages/airflow/example_dags/example_short_circuit_decorator.py
[2024-11-05T15:50:12.264+0000] {processor.py:830} INFO - Processing file /home/airflow/.local/lib/python3.12/site-packages/airflow/example_dags/example_short_circuit_decorator.py for tasks to queue
[2024-11-05T15:50:12.266+0000] {logging_mixin.py:188} INFO - [2024-11-05T15:50:12.265+0000] {dagbag.py:540} INFO - Filling up the DagBag from /home/airflow/.local/lib/python3.12/site-packages/airflow/example_dags/example_short_circuit_decorator.py
[2024-11-05T15:50:12.273+0000] {processor.py:840} INFO - DAG(s) 'example_short_circuit_decorator' retrieved from /home/airflow/.local/lib/python3.12/site-packages/airflow/example_dags/example_short_circuit_decorator.py
[2024-11-05T15:50:12.295+0000] {logging_mixin.py:188} INFO - [2024-11-05T15:50:12.295+0000] {dag.py:3096} INFO - Sync 1 DAGs
[2024-11-05T15:50:12.313+0000] {logging_mixin.py:188} INFO - [2024-11-05T15:50:12.313+0000] {dag.py:3954} INFO - Setting next_dagrun for example_short_circuit_decorator to 2024-11-04 00:00:00+00:00, run_after=2024-11-05 00:00:00+00:00
[2024-11-05T15:50:12.332+0000] {processor.py:183} INFO - Processing /home/airflow/.local/lib/python3.12/site-packages/airflow/example_dags/example_short_circuit_decorator.py took 0.074 seconds
[2024-11-05T15:50:42.856+0000] {processor.py:161} INFO - Started process (PID=11741) to work on /home/airflow/.local/lib/python3.12/site-packages/airflow/example_dags/example_short_circuit_decorator.py
[2024-11-05T15:50:42.857+0000] {processor.py:830} INFO - Processing file /home/airflow/.local/lib/python3.12/site-packages/airflow/example_dags/example_short_circuit_decorator.py for tasks to queue
[2024-11-05T15:50:42.858+0000] {logging_mixin.py:188} INFO - [2024-11-05T15:50:42.858+0000] {dagbag.py:540} INFO - Filling up the DagBag from /home/airflow/.local/lib/python3.12/site-packages/airflow/example_dags/example_short_circuit_decorator.py
[2024-11-05T15:50:42.867+0000] {processor.py:840} INFO - DAG(s) 'example_short_circuit_decorator' retrieved from /home/airflow/.local/lib/python3.12/site-packages/airflow/example_dags/example_short_circuit_decorator.py
[2024-11-05T15:50:42.887+0000] {logging_mixin.py:188} INFO - [2024-11-05T15:50:42.887+0000] {dag.py:3096} INFO - Sync 1 DAGs
[2024-11-05T15:50:42.904+0000] {logging_mixin.py:188} INFO - [2024-11-05T15:50:42.904+0000] {dag.py:3954} INFO - Setting next_dagrun for example_short_circuit_decorator to 2024-11-04 00:00:00+00:00, run_after=2024-11-05 00:00:00+00:00
[2024-11-05T15:50:42.923+0000] {processor.py:183} INFO - Processing /home/airflow/.local/lib/python3.12/site-packages/airflow/example_dags/example_short_circuit_decorator.py took 0.071 seconds
[2024-11-05T15:51:13.565+0000] {processor.py:161} INFO - Started process (PID=12007) to work on /home/airflow/.local/lib/python3.12/site-packages/airflow/example_dags/example_short_circuit_decorator.py
[2024-11-05T15:51:13.566+0000] {processor.py:830} INFO - Processing file /home/airflow/.local/lib/python3.12/site-packages/airflow/example_dags/example_short_circuit_decorator.py for tasks to queue
[2024-11-05T15:51:13.567+0000] {logging_mixin.py:188} INFO - [2024-11-05T15:51:13.567+0000] {dagbag.py:540} INFO - Filling up the DagBag from /home/airflow/.local/lib/python3.12/site-packages/airflow/example_dags/example_short_circuit_decorator.py
[2024-11-05T15:51:13.575+0000] {processor.py:840} INFO - DAG(s) 'example_short_circuit_decorator' retrieved from /home/airflow/.local/lib/python3.12/site-packages/airflow/example_dags/example_short_circuit_decorator.py
[2024-11-05T15:51:13.593+0000] {logging_mixin.py:188} INFO - [2024-11-05T15:51:13.593+0000] {dag.py:3096} INFO - Sync 1 DAGs
[2024-11-05T15:51:13.611+0000] {logging_mixin.py:188} INFO - [2024-11-05T15:51:13.611+0000] {dag.py:3954} INFO - Setting next_dagrun for example_short_circuit_decorator to 2024-11-04 00:00:00+00:00, run_after=2024-11-05 00:00:00+00:00
[2024-11-05T15:51:13.631+0000] {processor.py:183} INFO - Processing /home/airflow/.local/lib/python3.12/site-packages/airflow/example_dags/example_short_circuit_decorator.py took 0.071 seconds
[2024-11-05T15:51:44.184+0000] {processor.py:161} INFO - Started process (PID=12273) to work on /home/airflow/.local/lib/python3.12/site-packages/airflow/example_dags/example_short_circuit_decorator.py
[2024-11-05T15:51:44.185+0000] {processor.py:830} INFO - Processing file /home/airflow/.local/lib/python3.12/site-packages/airflow/example_dags/example_short_circuit_decorator.py for tasks to queue
[2024-11-05T15:51:44.186+0000] {logging_mixin.py:188} INFO - [2024-11-05T15:51:44.186+0000] {dagbag.py:540} INFO - Filling up the DagBag from /home/airflow/.local/lib/python3.12/site-packages/airflow/example_dags/example_short_circuit_decorator.py
[2024-11-05T15:51:44.194+0000] {processor.py:840} INFO - DAG(s) 'example_short_circuit_decorator' retrieved from /home/airflow/.local/lib/python3.12/site-packages/airflow/example_dags/example_short_circuit_decorator.py
[2024-11-05T15:51:44.215+0000] {logging_mixin.py:188} INFO - [2024-11-05T15:51:44.215+0000] {dag.py:3096} INFO - Sync 1 DAGs
[2024-11-05T15:51:44.232+0000] {logging_mixin.py:188} INFO - [2024-11-05T15:51:44.232+0000] {dag.py:3954} INFO - Setting next_dagrun for example_short_circuit_decorator to 2024-11-04 00:00:00+00:00, run_after=2024-11-05 00:00:00+00:00
[2024-11-05T15:51:44.250+0000] {processor.py:183} INFO - Processing /home/airflow/.local/lib/python3.12/site-packages/airflow/example_dags/example_short_circuit_decorator.py took 0.072 seconds
[2024-11-05T15:52:14.626+0000] {processor.py:161} INFO - Started process (PID=12539) to work on /home/airflow/.local/lib/python3.12/site-packages/airflow/example_dags/example_short_circuit_decorator.py
[2024-11-05T15:52:14.627+0000] {processor.py:830} INFO - Processing file /home/airflow/.local/lib/python3.12/site-packages/airflow/example_dags/example_short_circuit_decorator.py for tasks to queue
[2024-11-05T15:52:14.629+0000] {logging_mixin.py:188} INFO - [2024-11-05T15:52:14.628+0000] {dagbag.py:540} INFO - Filling up the DagBag from /home/airflow/.local/lib/python3.12/site-packages/airflow/example_dags/example_short_circuit_decorator.py
[2024-11-05T15:52:14.636+0000] {processor.py:840} INFO - DAG(s) 'example_short_circuit_decorator' retrieved from /home/airflow/.local/lib/python3.12/site-packages/airflow/example_dags/example_short_circuit_decorator.py
[2024-11-05T15:52:14.657+0000] {logging_mixin.py:188} INFO - [2024-11-05T15:52:14.657+0000] {dag.py:3096} INFO - Sync 1 DAGs
[2024-11-05T15:52:14.675+0000] {logging_mixin.py:188} INFO - [2024-11-05T15:52:14.674+0000] {dag.py:3954} INFO - Setting next_dagrun for example_short_circuit_decorator to 2024-11-04 00:00:00+00:00, run_after=2024-11-05 00:00:00+00:00
[2024-11-05T15:52:14.692+0000] {processor.py:183} INFO - Processing /home/airflow/.local/lib/python3.12/site-packages/airflow/example_dags/example_short_circuit_decorator.py took 0.071 seconds
[2024-11-05T15:52:45.265+0000] {processor.py:161} INFO - Started process (PID=12805) to work on /home/airflow/.local/lib/python3.12/site-packages/airflow/example_dags/example_short_circuit_decorator.py
[2024-11-05T15:52:45.266+0000] {processor.py:830} INFO - Processing file /home/airflow/.local/lib/python3.12/site-packages/airflow/example_dags/example_short_circuit_decorator.py for tasks to queue
[2024-11-05T15:52:45.267+0000] {logging_mixin.py:188} INFO - [2024-11-05T15:52:45.267+0000] {dagbag.py:540} INFO - Filling up the DagBag from /home/airflow/.local/lib/python3.12/site-packages/airflow/example_dags/example_short_circuit_decorator.py
[2024-11-05T15:52:45.275+0000] {processor.py:840} INFO - DAG(s) 'example_short_circuit_decorator' retrieved from /home/airflow/.local/lib/python3.12/site-packages/airflow/example_dags/example_short_circuit_decorator.py
[2024-11-05T15:52:45.300+0000] {logging_mixin.py:188} INFO - [2024-11-05T15:52:45.299+0000] {dag.py:3096} INFO - Sync 1 DAGs
[2024-11-05T15:52:45.317+0000] {logging_mixin.py:188} INFO - [2024-11-05T15:52:45.317+0000] {dag.py:3954} INFO - Setting next_dagrun for example_short_circuit_decorator to 2024-11-04 00:00:00+00:00, run_after=2024-11-05 00:00:00+00:00
[2024-11-05T15:52:45.335+0000] {processor.py:183} INFO - Processing /home/airflow/.local/lib/python3.12/site-packages/airflow/example_dags/example_short_circuit_decorator.py took 0.075 seconds
[2024-11-05T15:53:15.847+0000] {processor.py:161} INFO - Started process (PID=13073) to work on /home/airflow/.local/lib/python3.12/site-packages/airflow/example_dags/example_short_circuit_decorator.py
[2024-11-05T15:53:15.848+0000] {processor.py:830} INFO - Processing file /home/airflow/.local/lib/python3.12/site-packages/airflow/example_dags/example_short_circuit_decorator.py for tasks to queue
[2024-11-05T15:53:15.849+0000] {logging_mixin.py:188} INFO - [2024-11-05T15:53:15.849+0000] {dagbag.py:540} INFO - Filling up the DagBag from /home/airflow/.local/lib/python3.12/site-packages/airflow/example_dags/example_short_circuit_decorator.py
[2024-11-05T15:53:15.855+0000] {processor.py:840} INFO - DAG(s) 'example_short_circuit_decorator' retrieved from /home/airflow/.local/lib/python3.12/site-packages/airflow/example_dags/example_short_circuit_decorator.py
[2024-11-05T15:53:15.872+0000] {logging_mixin.py:188} INFO - [2024-11-05T15:53:15.872+0000] {dag.py:3096} INFO - Sync 1 DAGs
[2024-11-05T15:53:15.888+0000] {logging_mixin.py:188} INFO - [2024-11-05T15:53:15.888+0000] {dag.py:3954} INFO - Setting next_dagrun for example_short_circuit_decorator to 2024-11-04 00:00:00+00:00, run_after=2024-11-05 00:00:00+00:00
[2024-11-05T15:53:15.905+0000] {processor.py:183} INFO - Processing /home/airflow/.local/lib/python3.12/site-packages/airflow/example_dags/example_short_circuit_decorator.py took 0.062 seconds
[2024-11-05T15:53:46.464+0000] {processor.py:161} INFO - Started process (PID=13338) to work on /home/airflow/.local/lib/python3.12/site-packages/airflow/example_dags/example_short_circuit_decorator.py
[2024-11-05T15:53:46.464+0000] {processor.py:830} INFO - Processing file /home/airflow/.local/lib/python3.12/site-packages/airflow/example_dags/example_short_circuit_decorator.py for tasks to queue
[2024-11-05T15:53:46.466+0000] {logging_mixin.py:188} INFO - [2024-11-05T15:53:46.465+0000] {dagbag.py:540} INFO - Filling up the DagBag from /home/airflow/.local/lib/python3.12/site-packages/airflow/example_dags/example_short_circuit_decorator.py
[2024-11-05T15:53:46.473+0000] {processor.py:840} INFO - DAG(s) 'example_short_circuit_decorator' retrieved from /home/airflow/.local/lib/python3.12/site-packages/airflow/example_dags/example_short_circuit_decorator.py
[2024-11-05T15:53:46.491+0000] {logging_mixin.py:188} INFO - [2024-11-05T15:53:46.491+0000] {dag.py:3096} INFO - Sync 1 DAGs
[2024-11-05T15:53:46.510+0000] {logging_mixin.py:188} INFO - [2024-11-05T15:53:46.510+0000] {dag.py:3954} INFO - Setting next_dagrun for example_short_circuit_decorator to 2024-11-04 00:00:00+00:00, run_after=2024-11-05 00:00:00+00:00
[2024-11-05T15:53:46.531+0000] {processor.py:183} INFO - Processing /home/airflow/.local/lib/python3.12/site-packages/airflow/example_dags/example_short_circuit_decorator.py took 0.071 seconds
[2024-11-05T15:54:17.161+0000] {processor.py:161} INFO - Started process (PID=13604) to work on /home/airflow/.local/lib/python3.12/site-packages/airflow/example_dags/example_short_circuit_decorator.py
[2024-11-05T15:54:17.161+0000] {processor.py:830} INFO - Processing file /home/airflow/.local/lib/python3.12/site-packages/airflow/example_dags/example_short_circuit_decorator.py for tasks to queue
[2024-11-05T15:54:17.163+0000] {logging_mixin.py:188} INFO - [2024-11-05T15:54:17.162+0000] {dagbag.py:540} INFO - Filling up the DagBag from /home/airflow/.local/lib/python3.12/site-packages/airflow/example_dags/example_short_circuit_decorator.py
[2024-11-05T15:54:17.169+0000] {processor.py:840} INFO - DAG(s) 'example_short_circuit_decorator' retrieved from /home/airflow/.local/lib/python3.12/site-packages/airflow/example_dags/example_short_circuit_decorator.py
[2024-11-05T15:54:17.188+0000] {logging_mixin.py:188} INFO - [2024-11-05T15:54:17.187+0000] {dag.py:3096} INFO - Sync 1 DAGs
[2024-11-05T15:54:17.206+0000] {logging_mixin.py:188} INFO - [2024-11-05T15:54:17.205+0000] {dag.py:3954} INFO - Setting next_dagrun for example_short_circuit_decorator to 2024-11-04 00:00:00+00:00, run_after=2024-11-05 00:00:00+00:00
[2024-11-05T15:54:17.227+0000] {processor.py:183} INFO - Processing /home/airflow/.local/lib/python3.12/site-packages/airflow/example_dags/example_short_circuit_decorator.py took 0.070 seconds
[2024-11-05T15:54:47.792+0000] {processor.py:161} INFO - Started process (PID=13870) to work on /home/airflow/.local/lib/python3.12/site-packages/airflow/example_dags/example_short_circuit_decorator.py
[2024-11-05T15:54:47.793+0000] {processor.py:830} INFO - Processing file /home/airflow/.local/lib/python3.12/site-packages/airflow/example_dags/example_short_circuit_decorator.py for tasks to queue
[2024-11-05T15:54:47.794+0000] {logging_mixin.py:188} INFO - [2024-11-05T15:54:47.794+0000] {dagbag.py:540} INFO - Filling up the DagBag from /home/airflow/.local/lib/python3.12/site-packages/airflow/example_dags/example_short_circuit_decorator.py
[2024-11-05T15:54:47.801+0000] {processor.py:840} INFO - DAG(s) 'example_short_circuit_decorator' retrieved from /home/airflow/.local/lib/python3.12/site-packages/airflow/example_dags/example_short_circuit_decorator.py
[2024-11-05T15:54:47.821+0000] {logging_mixin.py:188} INFO - [2024-11-05T15:54:47.821+0000] {dag.py:3096} INFO - Sync 1 DAGs
[2024-11-05T15:54:47.839+0000] {logging_mixin.py:188} INFO - [2024-11-05T15:54:47.839+0000] {dag.py:3954} INFO - Setting next_dagrun for example_short_circuit_decorator to 2024-11-04 00:00:00+00:00, run_after=2024-11-05 00:00:00+00:00
[2024-11-05T15:54:47.870+0000] {processor.py:183} INFO - Processing /home/airflow/.local/lib/python3.12/site-packages/airflow/example_dags/example_short_circuit_decorator.py took 0.082 seconds
[2024-11-05T15:55:18.317+0000] {processor.py:161} INFO - Started process (PID=14136) to work on /home/airflow/.local/lib/python3.12/site-packages/airflow/example_dags/example_short_circuit_decorator.py
[2024-11-05T15:55:18.318+0000] {processor.py:830} INFO - Processing file /home/airflow/.local/lib/python3.12/site-packages/airflow/example_dags/example_short_circuit_decorator.py for tasks to queue
[2024-11-05T15:55:18.319+0000] {logging_mixin.py:188} INFO - [2024-11-05T15:55:18.319+0000] {dagbag.py:540} INFO - Filling up the DagBag from /home/airflow/.local/lib/python3.12/site-packages/airflow/example_dags/example_short_circuit_decorator.py
[2024-11-05T15:55:18.326+0000] {processor.py:840} INFO - DAG(s) 'example_short_circuit_decorator' retrieved from /home/airflow/.local/lib/python3.12/site-packages/airflow/example_dags/example_short_circuit_decorator.py
[2024-11-05T15:55:18.345+0000] {logging_mixin.py:188} INFO - [2024-11-05T15:55:18.344+0000] {dag.py:3096} INFO - Sync 1 DAGs
[2024-11-05T15:55:18.364+0000] {logging_mixin.py:188} INFO - [2024-11-05T15:55:18.364+0000] {dag.py:3954} INFO - Setting next_dagrun for example_short_circuit_decorator to 2024-11-04 00:00:00+00:00, run_after=2024-11-05 00:00:00+00:00
[2024-11-05T15:55:18.385+0000] {processor.py:183} INFO - Processing /home/airflow/.local/lib/python3.12/site-packages/airflow/example_dags/example_short_circuit_decorator.py took 0.073 seconds
[2024-11-05T15:55:48.943+0000] {processor.py:161} INFO - Started process (PID=14402) to work on /home/airflow/.local/lib/python3.12/site-packages/airflow/example_dags/example_short_circuit_decorator.py
[2024-11-05T15:55:48.943+0000] {processor.py:830} INFO - Processing file /home/airflow/.local/lib/python3.12/site-packages/airflow/example_dags/example_short_circuit_decorator.py for tasks to queue
[2024-11-05T15:55:48.945+0000] {logging_mixin.py:188} INFO - [2024-11-05T15:55:48.944+0000] {dagbag.py:540} INFO - Filling up the DagBag from /home/airflow/.local/lib/python3.12/site-packages/airflow/example_dags/example_short_circuit_decorator.py
[2024-11-05T15:55:48.951+0000] {processor.py:840} INFO - DAG(s) 'example_short_circuit_decorator' retrieved from /home/airflow/.local/lib/python3.12/site-packages/airflow/example_dags/example_short_circuit_decorator.py
[2024-11-05T15:55:48.974+0000] {logging_mixin.py:188} INFO - [2024-11-05T15:55:48.973+0000] {dag.py:3096} INFO - Sync 1 DAGs
[2024-11-05T15:55:48.994+0000] {logging_mixin.py:188} INFO - [2024-11-05T15:55:48.994+0000] {dag.py:3954} INFO - Setting next_dagrun for example_short_circuit_decorator to 2024-11-04 00:00:00+00:00, run_after=2024-11-05 00:00:00+00:00
[2024-11-05T15:55:49.012+0000] {processor.py:183} INFO - Processing /home/airflow/.local/lib/python3.12/site-packages/airflow/example_dags/example_short_circuit_decorator.py took 0.074 seconds
[2024-11-05T15:56:19.599+0000] {processor.py:161} INFO - Started process (PID=14668) to work on /home/airflow/.local/lib/python3.12/site-packages/airflow/example_dags/example_short_circuit_decorator.py
[2024-11-05T15:56:19.600+0000] {processor.py:830} INFO - Processing file /home/airflow/.local/lib/python3.12/site-packages/airflow/example_dags/example_short_circuit_decorator.py for tasks to queue
[2024-11-05T15:56:19.601+0000] {logging_mixin.py:188} INFO - [2024-11-05T15:56:19.601+0000] {dagbag.py:540} INFO - Filling up the DagBag from /home/airflow/.local/lib/python3.12/site-packages/airflow/example_dags/example_short_circuit_decorator.py
[2024-11-05T15:56:19.608+0000] {processor.py:840} INFO - DAG(s) 'example_short_circuit_decorator' retrieved from /home/airflow/.local/lib/python3.12/site-packages/airflow/example_dags/example_short_circuit_decorator.py
[2024-11-05T15:56:19.627+0000] {logging_mixin.py:188} INFO - [2024-11-05T15:56:19.627+0000] {dag.py:3096} INFO - Sync 1 DAGs
[2024-11-05T15:56:19.648+0000] {logging_mixin.py:188} INFO - [2024-11-05T15:56:19.648+0000] {dag.py:3954} INFO - Setting next_dagrun for example_short_circuit_decorator to 2024-11-04 00:00:00+00:00, run_after=2024-11-05 00:00:00+00:00
[2024-11-05T15:56:19.668+0000] {processor.py:183} INFO - Processing /home/airflow/.local/lib/python3.12/site-packages/airflow/example_dags/example_short_circuit_decorator.py took 0.074 seconds
[2024-11-05T15:56:50.343+0000] {processor.py:161} INFO - Started process (PID=14934) to work on /home/airflow/.local/lib/python3.12/site-packages/airflow/example_dags/example_short_circuit_decorator.py
[2024-11-05T15:56:50.343+0000] {processor.py:830} INFO - Processing file /home/airflow/.local/lib/python3.12/site-packages/airflow/example_dags/example_short_circuit_decorator.py for tasks to queue
[2024-11-05T15:56:50.345+0000] {logging_mixin.py:188} INFO - [2024-11-05T15:56:50.345+0000] {dagbag.py:540} INFO - Filling up the DagBag from /home/airflow/.local/lib/python3.12/site-packages/airflow/example_dags/example_short_circuit_decorator.py
[2024-11-05T15:56:50.354+0000] {processor.py:840} INFO - DAG(s) 'example_short_circuit_decorator' retrieved from /home/airflow/.local/lib/python3.12/site-packages/airflow/example_dags/example_short_circuit_decorator.py
[2024-11-05T15:56:50.373+0000] {logging_mixin.py:188} INFO - [2024-11-05T15:56:50.372+0000] {dag.py:3096} INFO - Sync 1 DAGs
[2024-11-05T15:56:50.390+0000] {logging_mixin.py:188} INFO - [2024-11-05T15:56:50.390+0000] {dag.py:3954} INFO - Setting next_dagrun for example_short_circuit_decorator to 2024-11-04 00:00:00+00:00, run_after=2024-11-05 00:00:00+00:00
[2024-11-05T15:56:50.409+0000] {processor.py:183} INFO - Processing /home/airflow/.local/lib/python3.12/site-packages/airflow/example_dags/example_short_circuit_decorator.py took 0.073 seconds
[2024-11-05T15:57:21.011+0000] {processor.py:161} INFO - Started process (PID=15200) to work on /home/airflow/.local/lib/python3.12/site-packages/airflow/example_dags/example_short_circuit_decorator.py
[2024-11-05T15:57:21.011+0000] {processor.py:830} INFO - Processing file /home/airflow/.local/lib/python3.12/site-packages/airflow/example_dags/example_short_circuit_decorator.py for tasks to queue
[2024-11-05T15:57:21.013+0000] {logging_mixin.py:188} INFO - [2024-11-05T15:57:21.012+0000] {dagbag.py:540} INFO - Filling up the DagBag from /home/airflow/.local/lib/python3.12/site-packages/airflow/example_dags/example_short_circuit_decorator.py
[2024-11-05T15:57:21.019+0000] {processor.py:840} INFO - DAG(s) 'example_short_circuit_decorator' retrieved from /home/airflow/.local/lib/python3.12/site-packages/airflow/example_dags/example_short_circuit_decorator.py
[2024-11-05T15:57:21.040+0000] {logging_mixin.py:188} INFO - [2024-11-05T15:57:21.040+0000] {dag.py:3096} INFO - Sync 1 DAGs
[2024-11-05T15:57:21.057+0000] {logging_mixin.py:188} INFO - [2024-11-05T15:57:21.057+0000] {dag.py:3954} INFO - Setting next_dagrun for example_short_circuit_decorator to 2024-11-04 00:00:00+00:00, run_after=2024-11-05 00:00:00+00:00
[2024-11-05T15:57:21.076+0000] {processor.py:183} INFO - Processing /home/airflow/.local/lib/python3.12/site-packages/airflow/example_dags/example_short_circuit_decorator.py took 0.070 seconds
[2024-11-05T15:57:51.637+0000] {processor.py:161} INFO - Started process (PID=15466) to work on /home/airflow/.local/lib/python3.12/site-packages/airflow/example_dags/example_short_circuit_decorator.py
[2024-11-05T15:57:51.638+0000] {processor.py:830} INFO - Processing file /home/airflow/.local/lib/python3.12/site-packages/airflow/example_dags/example_short_circuit_decorator.py for tasks to queue
[2024-11-05T15:57:51.639+0000] {logging_mixin.py:188} INFO - [2024-11-05T15:57:51.639+0000] {dagbag.py:540} INFO - Filling up the DagBag from /home/airflow/.local/lib/python3.12/site-packages/airflow/example_dags/example_short_circuit_decorator.py
[2024-11-05T15:57:51.647+0000] {processor.py:840} INFO - DAG(s) 'example_short_circuit_decorator' retrieved from /home/airflow/.local/lib/python3.12/site-packages/airflow/example_dags/example_short_circuit_decorator.py
[2024-11-05T15:57:51.665+0000] {logging_mixin.py:188} INFO - [2024-11-05T15:57:51.665+0000] {dag.py:3096} INFO - Sync 1 DAGs
[2024-11-05T15:57:51.685+0000] {logging_mixin.py:188} INFO - [2024-11-05T15:57:51.685+0000] {dag.py:3954} INFO - Setting next_dagrun for example_short_circuit_decorator to 2024-11-04 00:00:00+00:00, run_after=2024-11-05 00:00:00+00:00
[2024-11-05T15:57:51.706+0000] {processor.py:183} INFO - Processing /home/airflow/.local/lib/python3.12/site-packages/airflow/example_dags/example_short_circuit_decorator.py took 0.074 seconds
[2024-11-05T15:58:22.349+0000] {processor.py:161} INFO - Started process (PID=15734) to work on /home/airflow/.local/lib/python3.12/site-packages/airflow/example_dags/example_short_circuit_decorator.py
[2024-11-05T15:58:22.350+0000] {processor.py:830} INFO - Processing file /home/airflow/.local/lib/python3.12/site-packages/airflow/example_dags/example_short_circuit_decorator.py for tasks to queue
[2024-11-05T15:58:22.352+0000] {logging_mixin.py:188} INFO - [2024-11-05T15:58:22.351+0000] {dagbag.py:540} INFO - Filling up the DagBag from /home/airflow/.local/lib/python3.12/site-packages/airflow/example_dags/example_short_circuit_decorator.py
[2024-11-05T15:58:22.361+0000] {processor.py:840} INFO - DAG(s) 'example_short_circuit_decorator' retrieved from /home/airflow/.local/lib/python3.12/site-packages/airflow/example_dags/example_short_circuit_decorator.py
[2024-11-05T15:58:22.383+0000] {logging_mixin.py:188} INFO - [2024-11-05T15:58:22.382+0000] {dag.py:3096} INFO - Sync 1 DAGs
[2024-11-05T15:58:22.398+0000] {logging_mixin.py:188} INFO - [2024-11-05T15:58:22.398+0000] {dag.py:3954} INFO - Setting next_dagrun for example_short_circuit_decorator to 2024-11-04 00:00:00+00:00, run_after=2024-11-05 00:00:00+00:00
[2024-11-05T15:58:22.417+0000] {processor.py:183} INFO - Processing /home/airflow/.local/lib/python3.12/site-packages/airflow/example_dags/example_short_circuit_decorator.py took 0.073 seconds
