[2024-11-05T15:28:46.133+0000] {processor.py:161} INFO - Started process (PID=394) to work on /home/airflow/.local/lib/python3.12/site-packages/airflow/example_dags/example_branch_operator.py
[2024-11-05T15:28:46.134+0000] {processor.py:830} INFO - Processing file /home/airflow/.local/lib/python3.12/site-packages/airflow/example_dags/example_branch_operator.py for tasks to queue
[2024-11-05T15:28:46.136+0000] {logging_mixin.py:188} INFO - [2024-11-05T15:28:46.135+0000] {dagbag.py:540} INFO - Filling up the DagBag from /home/airflow/.local/lib/python3.12/site-packages/airflow/example_dags/example_branch_operator.py
[2024-11-05T15:28:46.158+0000] {processor.py:840} INFO - DAG(s) 'example_branch_operator' retrieved from /home/airflow/.local/lib/python3.12/site-packages/airflow/example_dags/example_branch_operator.py
[2024-11-05T15:28:46.321+0000] {logging_mixin.py:188} INFO - [2024-11-05T15:28:46.320+0000] {dag.py:3096} INFO - Sync 1 DAGs
[2024-11-05T15:28:46.350+0000] {logging_mixin.py:188} INFO - [2024-11-05T15:28:46.349+0000] {dag.py:3954} INFO - Setting next_dagrun for example_branch_operator to 2024-11-04 00:00:00+00:00, run_after=2024-11-05 00:00:00+00:00
[2024-11-05T15:28:46.375+0000] {processor.py:183} INFO - Processing /home/airflow/.local/lib/python3.12/site-packages/airflow/example_dags/example_branch_operator.py took 0.248 seconds
[2024-11-05T15:29:17.156+0000] {processor.py:161} INFO - Started process (PID=660) to work on /home/airflow/.local/lib/python3.12/site-packages/airflow/example_dags/example_branch_operator.py
[2024-11-05T15:29:17.157+0000] {processor.py:830} INFO - Processing file /home/airflow/.local/lib/python3.12/site-packages/airflow/example_dags/example_branch_operator.py for tasks to queue
[2024-11-05T15:29:17.160+0000] {logging_mixin.py:188} INFO - [2024-11-05T15:29:17.160+0000] {dagbag.py:540} INFO - Filling up the DagBag from /home/airflow/.local/lib/python3.12/site-packages/airflow/example_dags/example_branch_operator.py
[2024-11-05T15:29:17.177+0000] {processor.py:840} INFO - DAG(s) 'example_branch_operator' retrieved from /home/airflow/.local/lib/python3.12/site-packages/airflow/example_dags/example_branch_operator.py
[2024-11-05T15:29:17.213+0000] {logging_mixin.py:188} INFO - [2024-11-05T15:29:17.213+0000] {dag.py:3096} INFO - Sync 1 DAGs
[2024-11-05T15:29:17.237+0000] {logging_mixin.py:188} INFO - [2024-11-05T15:29:17.237+0000] {dag.py:3954} INFO - Setting next_dagrun for example_branch_operator to 2024-11-04 00:00:00+00:00, run_after=2024-11-05 00:00:00+00:00
[2024-11-05T15:29:17.261+0000] {processor.py:183} INFO - Processing /home/airflow/.local/lib/python3.12/site-packages/airflow/example_dags/example_branch_operator.py took 0.113 seconds
[2024-11-05T15:29:47.888+0000] {processor.py:161} INFO - Started process (PID=926) to work on /home/airflow/.local/lib/python3.12/site-packages/airflow/example_dags/example_branch_operator.py
[2024-11-05T15:29:47.888+0000] {processor.py:830} INFO - Processing file /home/airflow/.local/lib/python3.12/site-packages/airflow/example_dags/example_branch_operator.py for tasks to queue
[2024-11-05T15:29:47.890+0000] {logging_mixin.py:188} INFO - [2024-11-05T15:29:47.890+0000] {dagbag.py:540} INFO - Filling up the DagBag from /home/airflow/.local/lib/python3.12/site-packages/airflow/example_dags/example_branch_operator.py
[2024-11-05T15:29:47.907+0000] {processor.py:840} INFO - DAG(s) 'example_branch_operator' retrieved from /home/airflow/.local/lib/python3.12/site-packages/airflow/example_dags/example_branch_operator.py
[2024-11-05T15:29:47.936+0000] {logging_mixin.py:188} INFO - [2024-11-05T15:29:47.936+0000] {dag.py:3096} INFO - Sync 1 DAGs
[2024-11-05T15:29:47.958+0000] {logging_mixin.py:188} INFO - [2024-11-05T15:29:47.958+0000] {dag.py:3954} INFO - Setting next_dagrun for example_branch_operator to 2024-11-04 00:00:00+00:00, run_after=2024-11-05 00:00:00+00:00
[2024-11-05T15:29:47.979+0000] {processor.py:183} INFO - Processing /home/airflow/.local/lib/python3.12/site-packages/airflow/example_dags/example_branch_operator.py took 0.095 seconds
[2024-11-05T15:30:18.608+0000] {processor.py:161} INFO - Started process (PID=1192) to work on /home/airflow/.local/lib/python3.12/site-packages/airflow/example_dags/example_branch_operator.py
[2024-11-05T15:30:18.609+0000] {processor.py:830} INFO - Processing file /home/airflow/.local/lib/python3.12/site-packages/airflow/example_dags/example_branch_operator.py for tasks to queue
[2024-11-05T15:30:18.610+0000] {logging_mixin.py:188} INFO - [2024-11-05T15:30:18.610+0000] {dagbag.py:540} INFO - Filling up the DagBag from /home/airflow/.local/lib/python3.12/site-packages/airflow/example_dags/example_branch_operator.py
[2024-11-05T15:30:18.624+0000] {processor.py:840} INFO - DAG(s) 'example_branch_operator' retrieved from /home/airflow/.local/lib/python3.12/site-packages/airflow/example_dags/example_branch_operator.py
[2024-11-05T15:30:18.653+0000] {logging_mixin.py:188} INFO - [2024-11-05T15:30:18.652+0000] {dag.py:3096} INFO - Sync 1 DAGs
[2024-11-05T15:30:18.677+0000] {logging_mixin.py:188} INFO - [2024-11-05T15:30:18.677+0000] {dag.py:3954} INFO - Setting next_dagrun for example_branch_operator to 2024-11-04 00:00:00+00:00, run_after=2024-11-05 00:00:00+00:00
[2024-11-05T15:30:18.702+0000] {processor.py:183} INFO - Processing /home/airflow/.local/lib/python3.12/site-packages/airflow/example_dags/example_branch_operator.py took 0.098 seconds
[2024-11-05T15:30:49.370+0000] {processor.py:161} INFO - Started process (PID=1458) to work on /home/airflow/.local/lib/python3.12/site-packages/airflow/example_dags/example_branch_operator.py
[2024-11-05T15:30:49.370+0000] {processor.py:830} INFO - Processing file /home/airflow/.local/lib/python3.12/site-packages/airflow/example_dags/example_branch_operator.py for tasks to queue
[2024-11-05T15:30:49.372+0000] {logging_mixin.py:188} INFO - [2024-11-05T15:30:49.372+0000] {dagbag.py:540} INFO - Filling up the DagBag from /home/airflow/.local/lib/python3.12/site-packages/airflow/example_dags/example_branch_operator.py
[2024-11-05T15:30:49.387+0000] {processor.py:840} INFO - DAG(s) 'example_branch_operator' retrieved from /home/airflow/.local/lib/python3.12/site-packages/airflow/example_dags/example_branch_operator.py
[2024-11-05T15:30:49.412+0000] {logging_mixin.py:188} INFO - [2024-11-05T15:30:49.411+0000] {dag.py:3096} INFO - Sync 1 DAGs
[2024-11-05T15:30:49.435+0000] {logging_mixin.py:188} INFO - [2024-11-05T15:30:49.435+0000] {dag.py:3954} INFO - Setting next_dagrun for example_branch_operator to 2024-11-04 00:00:00+00:00, run_after=2024-11-05 00:00:00+00:00
[2024-11-05T15:30:49.456+0000] {processor.py:183} INFO - Processing /home/airflow/.local/lib/python3.12/site-packages/airflow/example_dags/example_branch_operator.py took 0.094 seconds
[2024-11-05T15:31:20.031+0000] {processor.py:161} INFO - Started process (PID=1724) to work on /home/airflow/.local/lib/python3.12/site-packages/airflow/example_dags/example_branch_operator.py
[2024-11-05T15:31:20.032+0000] {processor.py:830} INFO - Processing file /home/airflow/.local/lib/python3.12/site-packages/airflow/example_dags/example_branch_operator.py for tasks to queue
[2024-11-05T15:31:20.033+0000] {logging_mixin.py:188} INFO - [2024-11-05T15:31:20.033+0000] {dagbag.py:540} INFO - Filling up the DagBag from /home/airflow/.local/lib/python3.12/site-packages/airflow/example_dags/example_branch_operator.py
[2024-11-05T15:31:20.049+0000] {processor.py:840} INFO - DAG(s) 'example_branch_operator' retrieved from /home/airflow/.local/lib/python3.12/site-packages/airflow/example_dags/example_branch_operator.py
[2024-11-05T15:31:20.078+0000] {logging_mixin.py:188} INFO - [2024-11-05T15:31:20.078+0000] {dag.py:3096} INFO - Sync 1 DAGs
[2024-11-05T15:31:20.099+0000] {logging_mixin.py:188} INFO - [2024-11-05T15:31:20.099+0000] {dag.py:3954} INFO - Setting next_dagrun for example_branch_operator to 2024-11-04 00:00:00+00:00, run_after=2024-11-05 00:00:00+00:00
[2024-11-05T15:31:20.121+0000] {processor.py:183} INFO - Processing /home/airflow/.local/lib/python3.12/site-packages/airflow/example_dags/example_branch_operator.py took 0.095 seconds
[2024-11-05T15:31:50.818+0000] {processor.py:161} INFO - Started process (PID=1990) to work on /home/airflow/.local/lib/python3.12/site-packages/airflow/example_dags/example_branch_operator.py
[2024-11-05T15:31:50.818+0000] {processor.py:830} INFO - Processing file /home/airflow/.local/lib/python3.12/site-packages/airflow/example_dags/example_branch_operator.py for tasks to queue
[2024-11-05T15:31:50.820+0000] {logging_mixin.py:188} INFO - [2024-11-05T15:31:50.820+0000] {dagbag.py:540} INFO - Filling up the DagBag from /home/airflow/.local/lib/python3.12/site-packages/airflow/example_dags/example_branch_operator.py
[2024-11-05T15:31:50.837+0000] {processor.py:840} INFO - DAG(s) 'example_branch_operator' retrieved from /home/airflow/.local/lib/python3.12/site-packages/airflow/example_dags/example_branch_operator.py
[2024-11-05T15:31:50.860+0000] {logging_mixin.py:188} INFO - [2024-11-05T15:31:50.860+0000] {dag.py:3096} INFO - Sync 1 DAGs
[2024-11-05T15:31:50.881+0000] {logging_mixin.py:188} INFO - [2024-11-05T15:31:50.880+0000] {dag.py:3954} INFO - Setting next_dagrun for example_branch_operator to 2024-11-04 00:00:00+00:00, run_after=2024-11-05 00:00:00+00:00
[2024-11-05T15:31:50.901+0000] {processor.py:183} INFO - Processing /home/airflow/.local/lib/python3.12/site-packages/airflow/example_dags/example_branch_operator.py took 0.090 seconds
[2024-11-05T15:32:21.647+0000] {processor.py:161} INFO - Started process (PID=2256) to work on /home/airflow/.local/lib/python3.12/site-packages/airflow/example_dags/example_branch_operator.py
[2024-11-05T15:32:21.648+0000] {processor.py:830} INFO - Processing file /home/airflow/.local/lib/python3.12/site-packages/airflow/example_dags/example_branch_operator.py for tasks to queue
[2024-11-05T15:32:21.649+0000] {logging_mixin.py:188} INFO - [2024-11-05T15:32:21.649+0000] {dagbag.py:540} INFO - Filling up the DagBag from /home/airflow/.local/lib/python3.12/site-packages/airflow/example_dags/example_branch_operator.py
[2024-11-05T15:32:21.663+0000] {processor.py:840} INFO - DAG(s) 'example_branch_operator' retrieved from /home/airflow/.local/lib/python3.12/site-packages/airflow/example_dags/example_branch_operator.py
[2024-11-05T15:32:21.685+0000] {logging_mixin.py:188} INFO - [2024-11-05T15:32:21.684+0000] {dag.py:3096} INFO - Sync 1 DAGs
[2024-11-05T15:32:21.702+0000] {logging_mixin.py:188} INFO - [2024-11-05T15:32:21.702+0000] {dag.py:3954} INFO - Setting next_dagrun for example_branch_operator to 2024-11-04 00:00:00+00:00, run_after=2024-11-05 00:00:00+00:00
[2024-11-05T15:32:21.725+0000] {processor.py:183} INFO - Processing /home/airflow/.local/lib/python3.12/site-packages/airflow/example_dags/example_branch_operator.py took 0.083 seconds
[2024-11-05T15:32:52.479+0000] {processor.py:161} INFO - Started process (PID=2522) to work on /home/airflow/.local/lib/python3.12/site-packages/airflow/example_dags/example_branch_operator.py
[2024-11-05T15:32:52.480+0000] {processor.py:830} INFO - Processing file /home/airflow/.local/lib/python3.12/site-packages/airflow/example_dags/example_branch_operator.py for tasks to queue
[2024-11-05T15:32:52.482+0000] {logging_mixin.py:188} INFO - [2024-11-05T15:32:52.481+0000] {dagbag.py:540} INFO - Filling up the DagBag from /home/airflow/.local/lib/python3.12/site-packages/airflow/example_dags/example_branch_operator.py
[2024-11-05T15:32:52.498+0000] {processor.py:840} INFO - DAG(s) 'example_branch_operator' retrieved from /home/airflow/.local/lib/python3.12/site-packages/airflow/example_dags/example_branch_operator.py
[2024-11-05T15:32:52.523+0000] {logging_mixin.py:188} INFO - [2024-11-05T15:32:52.523+0000] {dag.py:3096} INFO - Sync 1 DAGs
[2024-11-05T15:32:52.542+0000] {logging_mixin.py:188} INFO - [2024-11-05T15:32:52.542+0000] {dag.py:3954} INFO - Setting next_dagrun for example_branch_operator to 2024-11-04 00:00:00+00:00, run_after=2024-11-05 00:00:00+00:00
[2024-11-05T15:32:52.567+0000] {processor.py:183} INFO - Processing /home/airflow/.local/lib/python3.12/site-packages/airflow/example_dags/example_branch_operator.py took 0.093 seconds
[2024-11-05T15:33:23.167+0000] {processor.py:161} INFO - Started process (PID=2789) to work on /home/airflow/.local/lib/python3.12/site-packages/airflow/example_dags/example_branch_operator.py
[2024-11-05T15:33:23.168+0000] {processor.py:830} INFO - Processing file /home/airflow/.local/lib/python3.12/site-packages/airflow/example_dags/example_branch_operator.py for tasks to queue
[2024-11-05T15:33:23.169+0000] {logging_mixin.py:188} INFO - [2024-11-05T15:33:23.169+0000] {dagbag.py:540} INFO - Filling up the DagBag from /home/airflow/.local/lib/python3.12/site-packages/airflow/example_dags/example_branch_operator.py
[2024-11-05T15:33:23.187+0000] {processor.py:840} INFO - DAG(s) 'example_branch_operator' retrieved from /home/airflow/.local/lib/python3.12/site-packages/airflow/example_dags/example_branch_operator.py
[2024-11-05T15:33:23.217+0000] {logging_mixin.py:188} INFO - [2024-11-05T15:33:23.217+0000] {dag.py:3096} INFO - Sync 1 DAGs
[2024-11-05T15:33:23.239+0000] {logging_mixin.py:188} INFO - [2024-11-05T15:33:23.239+0000] {dag.py:3954} INFO - Setting next_dagrun for example_branch_operator to 2024-11-04 00:00:00+00:00, run_after=2024-11-05 00:00:00+00:00
[2024-11-05T15:33:23.257+0000] {processor.py:183} INFO - Processing /home/airflow/.local/lib/python3.12/site-packages/airflow/example_dags/example_branch_operator.py took 0.096 seconds
[2024-11-05T15:33:54.423+0000] {processor.py:161} INFO - Started process (PID=3057) to work on /home/airflow/.local/lib/python3.12/site-packages/airflow/example_dags/example_branch_operator.py
[2024-11-05T15:33:54.424+0000] {processor.py:830} INFO - Processing file /home/airflow/.local/lib/python3.12/site-packages/airflow/example_dags/example_branch_operator.py for tasks to queue
[2024-11-05T15:33:54.426+0000] {logging_mixin.py:188} INFO - [2024-11-05T15:33:54.425+0000] {dagbag.py:540} INFO - Filling up the DagBag from /home/airflow/.local/lib/python3.12/site-packages/airflow/example_dags/example_branch_operator.py
[2024-11-05T15:33:54.440+0000] {processor.py:840} INFO - DAG(s) 'example_branch_operator' retrieved from /home/airflow/.local/lib/python3.12/site-packages/airflow/example_dags/example_branch_operator.py
[2024-11-05T15:33:54.464+0000] {logging_mixin.py:188} INFO - [2024-11-05T15:33:54.464+0000] {dag.py:3096} INFO - Sync 1 DAGs
[2024-11-05T15:33:54.481+0000] {logging_mixin.py:188} INFO - [2024-11-05T15:33:54.481+0000] {dag.py:3954} INFO - Setting next_dagrun for example_branch_operator to 2024-11-04 00:00:00+00:00, run_after=2024-11-05 00:00:00+00:00
[2024-11-05T15:33:54.498+0000] {processor.py:183} INFO - Processing /home/airflow/.local/lib/python3.12/site-packages/airflow/example_dags/example_branch_operator.py took 0.081 seconds
[2024-11-05T15:34:24.934+0000] {processor.py:161} INFO - Started process (PID=3323) to work on /home/airflow/.local/lib/python3.12/site-packages/airflow/example_dags/example_branch_operator.py
[2024-11-05T15:34:24.935+0000] {processor.py:830} INFO - Processing file /home/airflow/.local/lib/python3.12/site-packages/airflow/example_dags/example_branch_operator.py for tasks to queue
[2024-11-05T15:34:24.936+0000] {logging_mixin.py:188} INFO - [2024-11-05T15:34:24.936+0000] {dagbag.py:540} INFO - Filling up the DagBag from /home/airflow/.local/lib/python3.12/site-packages/airflow/example_dags/example_branch_operator.py
[2024-11-05T15:34:24.954+0000] {processor.py:840} INFO - DAG(s) 'example_branch_operator' retrieved from /home/airflow/.local/lib/python3.12/site-packages/airflow/example_dags/example_branch_operator.py
[2024-11-05T15:34:24.982+0000] {logging_mixin.py:188} INFO - [2024-11-05T15:34:24.982+0000] {dag.py:3096} INFO - Sync 1 DAGs
[2024-11-05T15:34:25.004+0000] {logging_mixin.py:188} INFO - [2024-11-05T15:34:25.003+0000] {dag.py:3954} INFO - Setting next_dagrun for example_branch_operator to 2024-11-04 00:00:00+00:00, run_after=2024-11-05 00:00:00+00:00
[2024-11-05T15:34:25.029+0000] {processor.py:183} INFO - Processing /home/airflow/.local/lib/python3.12/site-packages/airflow/example_dags/example_branch_operator.py took 0.100 seconds
[2024-11-05T15:34:56.225+0000] {processor.py:161} INFO - Started process (PID=3587) to work on /home/airflow/.local/lib/python3.12/site-packages/airflow/example_dags/example_branch_operator.py
[2024-11-05T15:34:56.225+0000] {processor.py:830} INFO - Processing file /home/airflow/.local/lib/python3.12/site-packages/airflow/example_dags/example_branch_operator.py for tasks to queue
[2024-11-05T15:34:56.227+0000] {logging_mixin.py:188} INFO - [2024-11-05T15:34:56.227+0000] {dagbag.py:540} INFO - Filling up the DagBag from /home/airflow/.local/lib/python3.12/site-packages/airflow/example_dags/example_branch_operator.py
[2024-11-05T15:34:56.244+0000] {processor.py:840} INFO - DAG(s) 'example_branch_operator' retrieved from /home/airflow/.local/lib/python3.12/site-packages/airflow/example_dags/example_branch_operator.py
[2024-11-05T15:34:56.272+0000] {logging_mixin.py:188} INFO - [2024-11-05T15:34:56.272+0000] {dag.py:3096} INFO - Sync 1 DAGs
[2024-11-05T15:34:56.291+0000] {logging_mixin.py:188} INFO - [2024-11-05T15:34:56.291+0000] {dag.py:3954} INFO - Setting next_dagrun for example_branch_operator to 2024-11-04 00:00:00+00:00, run_after=2024-11-05 00:00:00+00:00
[2024-11-05T15:34:56.314+0000] {processor.py:183} INFO - Processing /home/airflow/.local/lib/python3.12/site-packages/airflow/example_dags/example_branch_operator.py took 0.094 seconds
[2024-11-05T15:35:28.284+0000] {processor.py:161} INFO - Started process (PID=3853) to work on /home/airflow/.local/lib/python3.12/site-packages/airflow/example_dags/example_branch_operator.py
[2024-11-05T15:35:28.285+0000] {processor.py:830} INFO - Processing file /home/airflow/.local/lib/python3.12/site-packages/airflow/example_dags/example_branch_operator.py for tasks to queue
[2024-11-05T15:35:28.287+0000] {logging_mixin.py:188} INFO - [2024-11-05T15:35:28.286+0000] {dagbag.py:540} INFO - Filling up the DagBag from /home/airflow/.local/lib/python3.12/site-packages/airflow/example_dags/example_branch_operator.py
[2024-11-05T15:35:28.303+0000] {processor.py:840} INFO - DAG(s) 'example_branch_operator' retrieved from /home/airflow/.local/lib/python3.12/site-packages/airflow/example_dags/example_branch_operator.py
[2024-11-05T15:35:28.333+0000] {logging_mixin.py:188} INFO - [2024-11-05T15:35:28.332+0000] {dag.py:3096} INFO - Sync 1 DAGs
[2024-11-05T15:35:28.355+0000] {logging_mixin.py:188} INFO - [2024-11-05T15:35:28.355+0000] {dag.py:3954} INFO - Setting next_dagrun for example_branch_operator to 2024-11-04 00:00:00+00:00, run_after=2024-11-05 00:00:00+00:00
[2024-11-05T15:35:28.375+0000] {processor.py:183} INFO - Processing /home/airflow/.local/lib/python3.12/site-packages/airflow/example_dags/example_branch_operator.py took 0.096 seconds
[2024-11-05T15:35:59.434+0000] {processor.py:161} INFO - Started process (PID=4121) to work on /home/airflow/.local/lib/python3.12/site-packages/airflow/example_dags/example_branch_operator.py
[2024-11-05T15:35:59.435+0000] {processor.py:830} INFO - Processing file /home/airflow/.local/lib/python3.12/site-packages/airflow/example_dags/example_branch_operator.py for tasks to queue
[2024-11-05T15:35:59.436+0000] {logging_mixin.py:188} INFO - [2024-11-05T15:35:59.436+0000] {dagbag.py:540} INFO - Filling up the DagBag from /home/airflow/.local/lib/python3.12/site-packages/airflow/example_dags/example_branch_operator.py
[2024-11-05T15:35:59.448+0000] {processor.py:840} INFO - DAG(s) 'example_branch_operator' retrieved from /home/airflow/.local/lib/python3.12/site-packages/airflow/example_dags/example_branch_operator.py
[2024-11-05T15:35:59.617+0000] {logging_mixin.py:188} INFO - [2024-11-05T15:35:59.616+0000] {dag.py:3096} INFO - Sync 1 DAGs
[2024-11-05T15:35:59.632+0000] {logging_mixin.py:188} INFO - [2024-11-05T15:35:59.632+0000] {dag.py:3954} INFO - Setting next_dagrun for example_branch_operator to 2024-11-04 00:00:00+00:00, run_after=2024-11-05 00:00:00+00:00
[2024-11-05T15:35:59.649+0000] {processor.py:183} INFO - Processing /home/airflow/.local/lib/python3.12/site-packages/airflow/example_dags/example_branch_operator.py took 0.219 seconds
[2024-11-05T15:36:30.022+0000] {processor.py:161} INFO - Started process (PID=4385) to work on /home/airflow/.local/lib/python3.12/site-packages/airflow/example_dags/example_branch_operator.py
[2024-11-05T15:36:30.022+0000] {processor.py:830} INFO - Processing file /home/airflow/.local/lib/python3.12/site-packages/airflow/example_dags/example_branch_operator.py for tasks to queue
[2024-11-05T15:36:30.024+0000] {logging_mixin.py:188} INFO - [2024-11-05T15:36:30.023+0000] {dagbag.py:540} INFO - Filling up the DagBag from /home/airflow/.local/lib/python3.12/site-packages/airflow/example_dags/example_branch_operator.py
[2024-11-05T15:36:30.036+0000] {processor.py:840} INFO - DAG(s) 'example_branch_operator' retrieved from /home/airflow/.local/lib/python3.12/site-packages/airflow/example_dags/example_branch_operator.py
[2024-11-05T15:36:30.060+0000] {logging_mixin.py:188} INFO - [2024-11-05T15:36:30.059+0000] {dag.py:3096} INFO - Sync 1 DAGs
[2024-11-05T15:36:30.235+0000] {logging_mixin.py:188} INFO - [2024-11-05T15:36:30.235+0000] {dag.py:3954} INFO - Setting next_dagrun for example_branch_operator to 2024-11-04 00:00:00+00:00, run_after=2024-11-05 00:00:00+00:00
[2024-11-05T15:36:30.252+0000] {processor.py:183} INFO - Processing /home/airflow/.local/lib/python3.12/site-packages/airflow/example_dags/example_branch_operator.py took 0.235 seconds
[2024-11-05T15:37:01.179+0000] {processor.py:161} INFO - Started process (PID=4653) to work on /home/airflow/.local/lib/python3.12/site-packages/airflow/example_dags/example_branch_operator.py
[2024-11-05T15:37:01.180+0000] {processor.py:830} INFO - Processing file /home/airflow/.local/lib/python3.12/site-packages/airflow/example_dags/example_branch_operator.py for tasks to queue
[2024-11-05T15:37:01.181+0000] {logging_mixin.py:188} INFO - [2024-11-05T15:37:01.181+0000] {dagbag.py:540} INFO - Filling up the DagBag from /home/airflow/.local/lib/python3.12/site-packages/airflow/example_dags/example_branch_operator.py
[2024-11-05T15:37:01.196+0000] {processor.py:840} INFO - DAG(s) 'example_branch_operator' retrieved from /home/airflow/.local/lib/python3.12/site-packages/airflow/example_dags/example_branch_operator.py
[2024-11-05T15:37:01.225+0000] {logging_mixin.py:188} INFO - [2024-11-05T15:37:01.225+0000] {dag.py:3096} INFO - Sync 1 DAGs
[2024-11-05T15:37:01.247+0000] {logging_mixin.py:188} INFO - [2024-11-05T15:37:01.247+0000] {dag.py:3954} INFO - Setting next_dagrun for example_branch_operator to 2024-11-04 00:00:00+00:00, run_after=2024-11-05 00:00:00+00:00
[2024-11-05T15:37:01.280+0000] {processor.py:183} INFO - Processing /home/airflow/.local/lib/python3.12/site-packages/airflow/example_dags/example_branch_operator.py took 0.106 seconds
[2024-11-05T15:37:31.661+0000] {processor.py:161} INFO - Started process (PID=4919) to work on /home/airflow/.local/lib/python3.12/site-packages/airflow/example_dags/example_branch_operator.py
[2024-11-05T15:37:31.662+0000] {processor.py:830} INFO - Processing file /home/airflow/.local/lib/python3.12/site-packages/airflow/example_dags/example_branch_operator.py for tasks to queue
[2024-11-05T15:37:31.664+0000] {logging_mixin.py:188} INFO - [2024-11-05T15:37:31.663+0000] {dagbag.py:540} INFO - Filling up the DagBag from /home/airflow/.local/lib/python3.12/site-packages/airflow/example_dags/example_branch_operator.py
[2024-11-05T15:37:31.676+0000] {processor.py:840} INFO - DAG(s) 'example_branch_operator' retrieved from /home/airflow/.local/lib/python3.12/site-packages/airflow/example_dags/example_branch_operator.py
[2024-11-05T15:37:31.697+0000] {logging_mixin.py:188} INFO - [2024-11-05T15:37:31.697+0000] {dag.py:3096} INFO - Sync 1 DAGs
[2024-11-05T15:37:31.714+0000] {logging_mixin.py:188} INFO - [2024-11-05T15:37:31.714+0000] {dag.py:3954} INFO - Setting next_dagrun for example_branch_operator to 2024-11-04 00:00:00+00:00, run_after=2024-11-05 00:00:00+00:00
[2024-11-05T15:37:31.732+0000] {processor.py:183} INFO - Processing /home/airflow/.local/lib/python3.12/site-packages/airflow/example_dags/example_branch_operator.py took 0.075 seconds
[2024-11-05T15:38:02.278+0000] {processor.py:161} INFO - Started process (PID=5185) to work on /home/airflow/.local/lib/python3.12/site-packages/airflow/example_dags/example_branch_operator.py
[2024-11-05T15:38:02.278+0000] {processor.py:830} INFO - Processing file /home/airflow/.local/lib/python3.12/site-packages/airflow/example_dags/example_branch_operator.py for tasks to queue
[2024-11-05T15:38:02.280+0000] {logging_mixin.py:188} INFO - [2024-11-05T15:38:02.280+0000] {dagbag.py:540} INFO - Filling up the DagBag from /home/airflow/.local/lib/python3.12/site-packages/airflow/example_dags/example_branch_operator.py
[2024-11-05T15:38:02.295+0000] {processor.py:840} INFO - DAG(s) 'example_branch_operator' retrieved from /home/airflow/.local/lib/python3.12/site-packages/airflow/example_dags/example_branch_operator.py
[2024-11-05T15:38:02.325+0000] {logging_mixin.py:188} INFO - [2024-11-05T15:38:02.324+0000] {dag.py:3096} INFO - Sync 1 DAGs
[2024-11-05T15:38:02.347+0000] {logging_mixin.py:188} INFO - [2024-11-05T15:38:02.346+0000] {dag.py:3954} INFO - Setting next_dagrun for example_branch_operator to 2024-11-04 00:00:00+00:00, run_after=2024-11-05 00:00:00+00:00
[2024-11-05T15:38:02.370+0000] {processor.py:183} INFO - Processing /home/airflow/.local/lib/python3.12/site-packages/airflow/example_dags/example_branch_operator.py took 0.098 seconds
[2024-11-05T15:38:32.900+0000] {processor.py:161} INFO - Started process (PID=5451) to work on /home/airflow/.local/lib/python3.12/site-packages/airflow/example_dags/example_branch_operator.py
[2024-11-05T15:38:32.901+0000] {processor.py:830} INFO - Processing file /home/airflow/.local/lib/python3.12/site-packages/airflow/example_dags/example_branch_operator.py for tasks to queue
[2024-11-05T15:38:32.902+0000] {logging_mixin.py:188} INFO - [2024-11-05T15:38:32.902+0000] {dagbag.py:540} INFO - Filling up the DagBag from /home/airflow/.local/lib/python3.12/site-packages/airflow/example_dags/example_branch_operator.py
[2024-11-05T15:38:32.914+0000] {processor.py:840} INFO - DAG(s) 'example_branch_operator' retrieved from /home/airflow/.local/lib/python3.12/site-packages/airflow/example_dags/example_branch_operator.py
[2024-11-05T15:38:32.944+0000] {logging_mixin.py:188} INFO - [2024-11-05T15:38:32.943+0000] {dag.py:3096} INFO - Sync 1 DAGs
[2024-11-05T15:38:32.966+0000] {logging_mixin.py:188} INFO - [2024-11-05T15:38:32.966+0000] {dag.py:3954} INFO - Setting next_dagrun for example_branch_operator to 2024-11-04 00:00:00+00:00, run_after=2024-11-05 00:00:00+00:00
[2024-11-05T15:38:32.984+0000] {processor.py:183} INFO - Processing /home/airflow/.local/lib/python3.12/site-packages/airflow/example_dags/example_branch_operator.py took 0.089 seconds
[2024-11-05T15:39:03.462+0000] {processor.py:161} INFO - Started process (PID=5717) to work on /home/airflow/.local/lib/python3.12/site-packages/airflow/example_dags/example_branch_operator.py
[2024-11-05T15:39:03.463+0000] {processor.py:830} INFO - Processing file /home/airflow/.local/lib/python3.12/site-packages/airflow/example_dags/example_branch_operator.py for tasks to queue
[2024-11-05T15:39:03.464+0000] {logging_mixin.py:188} INFO - [2024-11-05T15:39:03.464+0000] {dagbag.py:540} INFO - Filling up the DagBag from /home/airflow/.local/lib/python3.12/site-packages/airflow/example_dags/example_branch_operator.py
[2024-11-05T15:39:03.477+0000] {processor.py:840} INFO - DAG(s) 'example_branch_operator' retrieved from /home/airflow/.local/lib/python3.12/site-packages/airflow/example_dags/example_branch_operator.py
[2024-11-05T15:39:03.499+0000] {logging_mixin.py:188} INFO - [2024-11-05T15:39:03.498+0000] {dag.py:3096} INFO - Sync 1 DAGs
[2024-11-05T15:39:03.515+0000] {logging_mixin.py:188} INFO - [2024-11-05T15:39:03.515+0000] {dag.py:3954} INFO - Setting next_dagrun for example_branch_operator to 2024-11-04 00:00:00+00:00, run_after=2024-11-05 00:00:00+00:00
[2024-11-05T15:39:03.534+0000] {processor.py:183} INFO - Processing /home/airflow/.local/lib/python3.12/site-packages/airflow/example_dags/example_branch_operator.py took 0.077 seconds
[2024-11-05T15:39:33.989+0000] {processor.py:161} INFO - Started process (PID=5983) to work on /home/airflow/.local/lib/python3.12/site-packages/airflow/example_dags/example_branch_operator.py
[2024-11-05T15:39:33.990+0000] {processor.py:830} INFO - Processing file /home/airflow/.local/lib/python3.12/site-packages/airflow/example_dags/example_branch_operator.py for tasks to queue
[2024-11-05T15:39:33.991+0000] {logging_mixin.py:188} INFO - [2024-11-05T15:39:33.991+0000] {dagbag.py:540} INFO - Filling up the DagBag from /home/airflow/.local/lib/python3.12/site-packages/airflow/example_dags/example_branch_operator.py
[2024-11-05T15:39:34.009+0000] {processor.py:840} INFO - DAG(s) 'example_branch_operator' retrieved from /home/airflow/.local/lib/python3.12/site-packages/airflow/example_dags/example_branch_operator.py
[2024-11-05T15:39:34.031+0000] {logging_mixin.py:188} INFO - [2024-11-05T15:39:34.031+0000] {dag.py:3096} INFO - Sync 1 DAGs
[2024-11-05T15:39:34.049+0000] {logging_mixin.py:188} INFO - [2024-11-05T15:39:34.049+0000] {dag.py:3954} INFO - Setting next_dagrun for example_branch_operator to 2024-11-04 00:00:00+00:00, run_after=2024-11-05 00:00:00+00:00
[2024-11-05T15:39:34.070+0000] {processor.py:183} INFO - Processing /home/airflow/.local/lib/python3.12/site-packages/airflow/example_dags/example_branch_operator.py took 0.086 seconds
[2024-11-05T15:40:04.657+0000] {processor.py:161} INFO - Started process (PID=6249) to work on /home/airflow/.local/lib/python3.12/site-packages/airflow/example_dags/example_branch_operator.py
[2024-11-05T15:40:04.658+0000] {processor.py:830} INFO - Processing file /home/airflow/.local/lib/python3.12/site-packages/airflow/example_dags/example_branch_operator.py for tasks to queue
[2024-11-05T15:40:04.660+0000] {logging_mixin.py:188} INFO - [2024-11-05T15:40:04.659+0000] {dagbag.py:540} INFO - Filling up the DagBag from /home/airflow/.local/lib/python3.12/site-packages/airflow/example_dags/example_branch_operator.py
[2024-11-05T15:40:04.678+0000] {processor.py:840} INFO - DAG(s) 'example_branch_operator' retrieved from /home/airflow/.local/lib/python3.12/site-packages/airflow/example_dags/example_branch_operator.py
[2024-11-05T15:40:04.709+0000] {logging_mixin.py:188} INFO - [2024-11-05T15:40:04.709+0000] {dag.py:3096} INFO - Sync 1 DAGs
[2024-11-05T15:40:04.733+0000] {logging_mixin.py:188} INFO - [2024-11-05T15:40:04.733+0000] {dag.py:3954} INFO - Setting next_dagrun for example_branch_operator to 2024-11-04 00:00:00+00:00, run_after=2024-11-05 00:00:00+00:00
[2024-11-05T15:40:04.760+0000] {processor.py:183} INFO - Processing /home/airflow/.local/lib/python3.12/site-packages/airflow/example_dags/example_branch_operator.py took 0.109 seconds
[2024-11-05T15:40:35.264+0000] {processor.py:161} INFO - Started process (PID=6515) to work on /home/airflow/.local/lib/python3.12/site-packages/airflow/example_dags/example_branch_operator.py
[2024-11-05T15:40:35.265+0000] {processor.py:830} INFO - Processing file /home/airflow/.local/lib/python3.12/site-packages/airflow/example_dags/example_branch_operator.py for tasks to queue
[2024-11-05T15:40:35.266+0000] {logging_mixin.py:188} INFO - [2024-11-05T15:40:35.266+0000] {dagbag.py:540} INFO - Filling up the DagBag from /home/airflow/.local/lib/python3.12/site-packages/airflow/example_dags/example_branch_operator.py
[2024-11-05T15:40:35.284+0000] {processor.py:840} INFO - DAG(s) 'example_branch_operator' retrieved from /home/airflow/.local/lib/python3.12/site-packages/airflow/example_dags/example_branch_operator.py
[2024-11-05T15:40:35.314+0000] {logging_mixin.py:188} INFO - [2024-11-05T15:40:35.314+0000] {dag.py:3096} INFO - Sync 1 DAGs
[2024-11-05T15:40:35.337+0000] {logging_mixin.py:188} INFO - [2024-11-05T15:40:35.336+0000] {dag.py:3954} INFO - Setting next_dagrun for example_branch_operator to 2024-11-04 00:00:00+00:00, run_after=2024-11-05 00:00:00+00:00
[2024-11-05T15:40:35.368+0000] {processor.py:183} INFO - Processing /home/airflow/.local/lib/python3.12/site-packages/airflow/example_dags/example_branch_operator.py took 0.109 seconds
[2024-11-05T15:41:05.948+0000] {processor.py:161} INFO - Started process (PID=6781) to work on /home/airflow/.local/lib/python3.12/site-packages/airflow/example_dags/example_branch_operator.py
[2024-11-05T15:41:05.949+0000] {processor.py:830} INFO - Processing file /home/airflow/.local/lib/python3.12/site-packages/airflow/example_dags/example_branch_operator.py for tasks to queue
[2024-11-05T15:41:05.950+0000] {logging_mixin.py:188} INFO - [2024-11-05T15:41:05.950+0000] {dagbag.py:540} INFO - Filling up the DagBag from /home/airflow/.local/lib/python3.12/site-packages/airflow/example_dags/example_branch_operator.py
[2024-11-05T15:41:05.963+0000] {processor.py:840} INFO - DAG(s) 'example_branch_operator' retrieved from /home/airflow/.local/lib/python3.12/site-packages/airflow/example_dags/example_branch_operator.py
[2024-11-05T15:41:05.984+0000] {logging_mixin.py:188} INFO - [2024-11-05T15:41:05.984+0000] {dag.py:3096} INFO - Sync 1 DAGs
[2024-11-05T15:41:06.000+0000] {logging_mixin.py:188} INFO - [2024-11-05T15:41:06.000+0000] {dag.py:3954} INFO - Setting next_dagrun for example_branch_operator to 2024-11-04 00:00:00+00:00, run_after=2024-11-05 00:00:00+00:00
[2024-11-05T15:41:06.027+0000] {processor.py:183} INFO - Processing /home/airflow/.local/lib/python3.12/site-packages/airflow/example_dags/example_branch_operator.py took 0.083 seconds
[2024-11-05T15:41:36.574+0000] {processor.py:161} INFO - Started process (PID=7047) to work on /home/airflow/.local/lib/python3.12/site-packages/airflow/example_dags/example_branch_operator.py
[2024-11-05T15:41:36.575+0000] {processor.py:830} INFO - Processing file /home/airflow/.local/lib/python3.12/site-packages/airflow/example_dags/example_branch_operator.py for tasks to queue
[2024-11-05T15:41:36.576+0000] {logging_mixin.py:188} INFO - [2024-11-05T15:41:36.576+0000] {dagbag.py:540} INFO - Filling up the DagBag from /home/airflow/.local/lib/python3.12/site-packages/airflow/example_dags/example_branch_operator.py
[2024-11-05T15:41:36.593+0000] {processor.py:840} INFO - DAG(s) 'example_branch_operator' retrieved from /home/airflow/.local/lib/python3.12/site-packages/airflow/example_dags/example_branch_operator.py
[2024-11-05T15:41:36.617+0000] {logging_mixin.py:188} INFO - [2024-11-05T15:41:36.617+0000] {dag.py:3096} INFO - Sync 1 DAGs
[2024-11-05T15:41:36.635+0000] {logging_mixin.py:188} INFO - [2024-11-05T15:41:36.635+0000] {dag.py:3954} INFO - Setting next_dagrun for example_branch_operator to 2024-11-04 00:00:00+00:00, run_after=2024-11-05 00:00:00+00:00
[2024-11-05T15:41:36.653+0000] {processor.py:183} INFO - Processing /home/airflow/.local/lib/python3.12/site-packages/airflow/example_dags/example_branch_operator.py took 0.085 seconds
[2024-11-05T15:42:07.179+0000] {processor.py:161} INFO - Started process (PID=7313) to work on /home/airflow/.local/lib/python3.12/site-packages/airflow/example_dags/example_branch_operator.py
[2024-11-05T15:42:07.179+0000] {processor.py:830} INFO - Processing file /home/airflow/.local/lib/python3.12/site-packages/airflow/example_dags/example_branch_operator.py for tasks to queue
[2024-11-05T15:42:07.181+0000] {logging_mixin.py:188} INFO - [2024-11-05T15:42:07.181+0000] {dagbag.py:540} INFO - Filling up the DagBag from /home/airflow/.local/lib/python3.12/site-packages/airflow/example_dags/example_branch_operator.py
[2024-11-05T15:42:07.199+0000] {processor.py:840} INFO - DAG(s) 'example_branch_operator' retrieved from /home/airflow/.local/lib/python3.12/site-packages/airflow/example_dags/example_branch_operator.py
[2024-11-05T15:42:07.221+0000] {logging_mixin.py:188} INFO - [2024-11-05T15:42:07.221+0000] {dag.py:3096} INFO - Sync 1 DAGs
[2024-11-05T15:42:07.239+0000] {logging_mixin.py:188} INFO - [2024-11-05T15:42:07.239+0000] {dag.py:3954} INFO - Setting next_dagrun for example_branch_operator to 2024-11-04 00:00:00+00:00, run_after=2024-11-05 00:00:00+00:00
[2024-11-05T15:42:07.259+0000] {processor.py:183} INFO - Processing /home/airflow/.local/lib/python3.12/site-packages/airflow/example_dags/example_branch_operator.py took 0.085 seconds
[2024-11-05T15:42:37.798+0000] {processor.py:161} INFO - Started process (PID=7579) to work on /home/airflow/.local/lib/python3.12/site-packages/airflow/example_dags/example_branch_operator.py
[2024-11-05T15:42:37.799+0000] {processor.py:830} INFO - Processing file /home/airflow/.local/lib/python3.12/site-packages/airflow/example_dags/example_branch_operator.py for tasks to queue
[2024-11-05T15:42:37.800+0000] {logging_mixin.py:188} INFO - [2024-11-05T15:42:37.800+0000] {dagbag.py:540} INFO - Filling up the DagBag from /home/airflow/.local/lib/python3.12/site-packages/airflow/example_dags/example_branch_operator.py
[2024-11-05T15:42:37.812+0000] {processor.py:840} INFO - DAG(s) 'example_branch_operator' retrieved from /home/airflow/.local/lib/python3.12/site-packages/airflow/example_dags/example_branch_operator.py
[2024-11-05T15:42:37.835+0000] {logging_mixin.py:188} INFO - [2024-11-05T15:42:37.835+0000] {dag.py:3096} INFO - Sync 1 DAGs
[2024-11-05T15:42:37.851+0000] {logging_mixin.py:188} INFO - [2024-11-05T15:42:37.850+0000] {dag.py:3954} INFO - Setting next_dagrun for example_branch_operator to 2024-11-04 00:00:00+00:00, run_after=2024-11-05 00:00:00+00:00
[2024-11-05T15:42:37.868+0000] {processor.py:183} INFO - Processing /home/airflow/.local/lib/python3.12/site-packages/airflow/example_dags/example_branch_operator.py took 0.075 seconds
[2024-11-05T15:43:08.307+0000] {processor.py:161} INFO - Started process (PID=7845) to work on /home/airflow/.local/lib/python3.12/site-packages/airflow/example_dags/example_branch_operator.py
[2024-11-05T15:43:08.308+0000] {processor.py:830} INFO - Processing file /home/airflow/.local/lib/python3.12/site-packages/airflow/example_dags/example_branch_operator.py for tasks to queue
[2024-11-05T15:43:08.310+0000] {logging_mixin.py:188} INFO - [2024-11-05T15:43:08.309+0000] {dagbag.py:540} INFO - Filling up the DagBag from /home/airflow/.local/lib/python3.12/site-packages/airflow/example_dags/example_branch_operator.py
[2024-11-05T15:43:08.322+0000] {processor.py:840} INFO - DAG(s) 'example_branch_operator' retrieved from /home/airflow/.local/lib/python3.12/site-packages/airflow/example_dags/example_branch_operator.py
[2024-11-05T15:43:08.345+0000] {logging_mixin.py:188} INFO - [2024-11-05T15:43:08.344+0000] {dag.py:3096} INFO - Sync 1 DAGs
[2024-11-05T15:43:08.364+0000] {logging_mixin.py:188} INFO - [2024-11-05T15:43:08.363+0000] {dag.py:3954} INFO - Setting next_dagrun for example_branch_operator to 2024-11-04 00:00:00+00:00, run_after=2024-11-05 00:00:00+00:00
[2024-11-05T15:43:08.412+0000] {processor.py:183} INFO - Processing /home/airflow/.local/lib/python3.12/site-packages/airflow/example_dags/example_branch_operator.py took 0.110 seconds
[2024-11-05T15:43:38.911+0000] {processor.py:161} INFO - Started process (PID=8111) to work on /home/airflow/.local/lib/python3.12/site-packages/airflow/example_dags/example_branch_operator.py
[2024-11-05T15:43:38.912+0000] {processor.py:830} INFO - Processing file /home/airflow/.local/lib/python3.12/site-packages/airflow/example_dags/example_branch_operator.py for tasks to queue
[2024-11-05T15:43:38.914+0000] {logging_mixin.py:188} INFO - [2024-11-05T15:43:38.913+0000] {dagbag.py:540} INFO - Filling up the DagBag from /home/airflow/.local/lib/python3.12/site-packages/airflow/example_dags/example_branch_operator.py
[2024-11-05T15:43:38.927+0000] {processor.py:840} INFO - DAG(s) 'example_branch_operator' retrieved from /home/airflow/.local/lib/python3.12/site-packages/airflow/example_dags/example_branch_operator.py
[2024-11-05T15:43:38.948+0000] {logging_mixin.py:188} INFO - [2024-11-05T15:43:38.948+0000] {dag.py:3096} INFO - Sync 1 DAGs
[2024-11-05T15:43:38.965+0000] {logging_mixin.py:188} INFO - [2024-11-05T15:43:38.965+0000] {dag.py:3954} INFO - Setting next_dagrun for example_branch_operator to 2024-11-04 00:00:00+00:00, run_after=2024-11-05 00:00:00+00:00
[2024-11-05T15:43:38.985+0000] {processor.py:183} INFO - Processing /home/airflow/.local/lib/python3.12/site-packages/airflow/example_dags/example_branch_operator.py took 0.079 seconds
[2024-11-05T15:44:09.354+0000] {processor.py:161} INFO - Started process (PID=8377) to work on /home/airflow/.local/lib/python3.12/site-packages/airflow/example_dags/example_branch_operator.py
[2024-11-05T15:44:09.355+0000] {processor.py:830} INFO - Processing file /home/airflow/.local/lib/python3.12/site-packages/airflow/example_dags/example_branch_operator.py for tasks to queue
[2024-11-05T15:44:09.357+0000] {logging_mixin.py:188} INFO - [2024-11-05T15:44:09.356+0000] {dagbag.py:540} INFO - Filling up the DagBag from /home/airflow/.local/lib/python3.12/site-packages/airflow/example_dags/example_branch_operator.py
[2024-11-05T15:44:09.374+0000] {processor.py:840} INFO - DAG(s) 'example_branch_operator' retrieved from /home/airflow/.local/lib/python3.12/site-packages/airflow/example_dags/example_branch_operator.py
[2024-11-05T15:44:09.397+0000] {logging_mixin.py:188} INFO - [2024-11-05T15:44:09.396+0000] {dag.py:3096} INFO - Sync 1 DAGs
[2024-11-05T15:44:09.415+0000] {logging_mixin.py:188} INFO - [2024-11-05T15:44:09.415+0000] {dag.py:3954} INFO - Setting next_dagrun for example_branch_operator to 2024-11-04 00:00:00+00:00, run_after=2024-11-05 00:00:00+00:00
[2024-11-05T15:44:09.434+0000] {processor.py:183} INFO - Processing /home/airflow/.local/lib/python3.12/site-packages/airflow/example_dags/example_branch_operator.py took 0.085 seconds
[2024-11-05T15:44:39.977+0000] {processor.py:161} INFO - Started process (PID=8643) to work on /home/airflow/.local/lib/python3.12/site-packages/airflow/example_dags/example_branch_operator.py
[2024-11-05T15:44:39.977+0000] {processor.py:830} INFO - Processing file /home/airflow/.local/lib/python3.12/site-packages/airflow/example_dags/example_branch_operator.py for tasks to queue
[2024-11-05T15:44:39.979+0000] {logging_mixin.py:188} INFO - [2024-11-05T15:44:39.978+0000] {dagbag.py:540} INFO - Filling up the DagBag from /home/airflow/.local/lib/python3.12/site-packages/airflow/example_dags/example_branch_operator.py
[2024-11-05T15:44:39.991+0000] {processor.py:840} INFO - DAG(s) 'example_branch_operator' retrieved from /home/airflow/.local/lib/python3.12/site-packages/airflow/example_dags/example_branch_operator.py
[2024-11-05T15:44:40.018+0000] {logging_mixin.py:188} INFO - [2024-11-05T15:44:40.018+0000] {dag.py:3096} INFO - Sync 1 DAGs
[2024-11-05T15:44:40.039+0000] {logging_mixin.py:188} INFO - [2024-11-05T15:44:40.039+0000] {dag.py:3954} INFO - Setting next_dagrun for example_branch_operator to 2024-11-04 00:00:00+00:00, run_after=2024-11-05 00:00:00+00:00
[2024-11-05T15:44:40.059+0000] {processor.py:183} INFO - Processing /home/airflow/.local/lib/python3.12/site-packages/airflow/example_dags/example_branch_operator.py took 0.087 seconds
[2024-11-05T15:45:10.487+0000] {processor.py:161} INFO - Started process (PID=8909) to work on /home/airflow/.local/lib/python3.12/site-packages/airflow/example_dags/example_branch_operator.py
[2024-11-05T15:45:10.488+0000] {processor.py:830} INFO - Processing file /home/airflow/.local/lib/python3.12/site-packages/airflow/example_dags/example_branch_operator.py for tasks to queue
[2024-11-05T15:45:10.490+0000] {logging_mixin.py:188} INFO - [2024-11-05T15:45:10.489+0000] {dagbag.py:540} INFO - Filling up the DagBag from /home/airflow/.local/lib/python3.12/site-packages/airflow/example_dags/example_branch_operator.py
[2024-11-05T15:45:10.507+0000] {processor.py:840} INFO - DAG(s) 'example_branch_operator' retrieved from /home/airflow/.local/lib/python3.12/site-packages/airflow/example_dags/example_branch_operator.py
[2024-11-05T15:45:10.530+0000] {logging_mixin.py:188} INFO - [2024-11-05T15:45:10.530+0000] {dag.py:3096} INFO - Sync 1 DAGs
[2024-11-05T15:45:10.546+0000] {logging_mixin.py:188} INFO - [2024-11-05T15:45:10.546+0000] {dag.py:3954} INFO - Setting next_dagrun for example_branch_operator to 2024-11-04 00:00:00+00:00, run_after=2024-11-05 00:00:00+00:00
[2024-11-05T15:45:10.565+0000] {processor.py:183} INFO - Processing /home/airflow/.local/lib/python3.12/site-packages/airflow/example_dags/example_branch_operator.py took 0.084 seconds
[2024-11-05T15:45:41.097+0000] {processor.py:161} INFO - Started process (PID=9175) to work on /home/airflow/.local/lib/python3.12/site-packages/airflow/example_dags/example_branch_operator.py
[2024-11-05T15:45:41.098+0000] {processor.py:830} INFO - Processing file /home/airflow/.local/lib/python3.12/site-packages/airflow/example_dags/example_branch_operator.py for tasks to queue
[2024-11-05T15:45:41.100+0000] {logging_mixin.py:188} INFO - [2024-11-05T15:45:41.099+0000] {dagbag.py:540} INFO - Filling up the DagBag from /home/airflow/.local/lib/python3.12/site-packages/airflow/example_dags/example_branch_operator.py
[2024-11-05T15:45:41.112+0000] {processor.py:840} INFO - DAG(s) 'example_branch_operator' retrieved from /home/airflow/.local/lib/python3.12/site-packages/airflow/example_dags/example_branch_operator.py
[2024-11-05T15:45:41.133+0000] {logging_mixin.py:188} INFO - [2024-11-05T15:45:41.133+0000] {dag.py:3096} INFO - Sync 1 DAGs
[2024-11-05T15:45:41.149+0000] {logging_mixin.py:188} INFO - [2024-11-05T15:45:41.149+0000] {dag.py:3954} INFO - Setting next_dagrun for example_branch_operator to 2024-11-04 00:00:00+00:00, run_after=2024-11-05 00:00:00+00:00
[2024-11-05T15:45:41.167+0000] {processor.py:183} INFO - Processing /home/airflow/.local/lib/python3.12/site-packages/airflow/example_dags/example_branch_operator.py took 0.075 seconds
[2024-11-05T15:46:11.667+0000] {processor.py:161} INFO - Started process (PID=9447) to work on /home/airflow/.local/lib/python3.12/site-packages/airflow/example_dags/example_branch_operator.py
[2024-11-05T15:46:11.667+0000] {processor.py:830} INFO - Processing file /home/airflow/.local/lib/python3.12/site-packages/airflow/example_dags/example_branch_operator.py for tasks to queue
[2024-11-05T15:46:11.669+0000] {logging_mixin.py:188} INFO - [2024-11-05T15:46:11.669+0000] {dagbag.py:540} INFO - Filling up the DagBag from /home/airflow/.local/lib/python3.12/site-packages/airflow/example_dags/example_branch_operator.py
[2024-11-05T15:46:11.687+0000] {processor.py:840} INFO - DAG(s) 'example_branch_operator' retrieved from /home/airflow/.local/lib/python3.12/site-packages/airflow/example_dags/example_branch_operator.py
[2024-11-05T15:46:11.717+0000] {logging_mixin.py:188} INFO - [2024-11-05T15:46:11.716+0000] {dag.py:3096} INFO - Sync 1 DAGs
[2024-11-05T15:46:11.738+0000] {logging_mixin.py:188} INFO - [2024-11-05T15:46:11.738+0000] {dag.py:3954} INFO - Setting next_dagrun for example_branch_operator to 2024-11-04 00:00:00+00:00, run_after=2024-11-05 00:00:00+00:00
[2024-11-05T15:46:11.775+0000] {processor.py:183} INFO - Processing /home/airflow/.local/lib/python3.12/site-packages/airflow/example_dags/example_branch_operator.py took 0.113 seconds
[2024-11-05T15:46:42.224+0000] {processor.py:161} INFO - Started process (PID=9713) to work on /home/airflow/.local/lib/python3.12/site-packages/airflow/example_dags/example_branch_operator.py
[2024-11-05T15:46:42.224+0000] {processor.py:830} INFO - Processing file /home/airflow/.local/lib/python3.12/site-packages/airflow/example_dags/example_branch_operator.py for tasks to queue
[2024-11-05T15:46:42.226+0000] {logging_mixin.py:188} INFO - [2024-11-05T15:46:42.225+0000] {dagbag.py:540} INFO - Filling up the DagBag from /home/airflow/.local/lib/python3.12/site-packages/airflow/example_dags/example_branch_operator.py
[2024-11-05T15:46:42.238+0000] {processor.py:840} INFO - DAG(s) 'example_branch_operator' retrieved from /home/airflow/.local/lib/python3.12/site-packages/airflow/example_dags/example_branch_operator.py
[2024-11-05T15:46:42.262+0000] {logging_mixin.py:188} INFO - [2024-11-05T15:46:42.261+0000] {dag.py:3096} INFO - Sync 1 DAGs
[2024-11-05T15:46:42.278+0000] {logging_mixin.py:188} INFO - [2024-11-05T15:46:42.278+0000] {dag.py:3954} INFO - Setting next_dagrun for example_branch_operator to 2024-11-04 00:00:00+00:00, run_after=2024-11-05 00:00:00+00:00
[2024-11-05T15:46:42.297+0000] {processor.py:183} INFO - Processing /home/airflow/.local/lib/python3.12/site-packages/airflow/example_dags/example_branch_operator.py took 0.079 seconds
[2024-11-05T15:47:12.779+0000] {processor.py:161} INFO - Started process (PID=9980) to work on /home/airflow/.local/lib/python3.12/site-packages/airflow/example_dags/example_branch_operator.py
[2024-11-05T15:47:12.779+0000] {processor.py:830} INFO - Processing file /home/airflow/.local/lib/python3.12/site-packages/airflow/example_dags/example_branch_operator.py for tasks to queue
[2024-11-05T15:47:12.781+0000] {logging_mixin.py:188} INFO - [2024-11-05T15:47:12.781+0000] {dagbag.py:540} INFO - Filling up the DagBag from /home/airflow/.local/lib/python3.12/site-packages/airflow/example_dags/example_branch_operator.py
[2024-11-05T15:47:12.794+0000] {processor.py:840} INFO - DAG(s) 'example_branch_operator' retrieved from /home/airflow/.local/lib/python3.12/site-packages/airflow/example_dags/example_branch_operator.py
[2024-11-05T15:47:12.823+0000] {logging_mixin.py:188} INFO - [2024-11-05T15:47:12.822+0000] {dag.py:3096} INFO - Sync 1 DAGs
[2024-11-05T15:47:12.844+0000] {logging_mixin.py:188} INFO - [2024-11-05T15:47:12.844+0000] {dag.py:3954} INFO - Setting next_dagrun for example_branch_operator to 2024-11-04 00:00:00+00:00, run_after=2024-11-05 00:00:00+00:00
[2024-11-05T15:47:12.863+0000] {processor.py:183} INFO - Processing /home/airflow/.local/lib/python3.12/site-packages/airflow/example_dags/example_branch_operator.py took 0.089 seconds
[2024-11-05T15:47:43.383+0000] {processor.py:161} INFO - Started process (PID=10246) to work on /home/airflow/.local/lib/python3.12/site-packages/airflow/example_dags/example_branch_operator.py
[2024-11-05T15:47:43.384+0000] {processor.py:830} INFO - Processing file /home/airflow/.local/lib/python3.12/site-packages/airflow/example_dags/example_branch_operator.py for tasks to queue
[2024-11-05T15:47:43.385+0000] {logging_mixin.py:188} INFO - [2024-11-05T15:47:43.385+0000] {dagbag.py:540} INFO - Filling up the DagBag from /home/airflow/.local/lib/python3.12/site-packages/airflow/example_dags/example_branch_operator.py
[2024-11-05T15:47:43.397+0000] {processor.py:840} INFO - DAG(s) 'example_branch_operator' retrieved from /home/airflow/.local/lib/python3.12/site-packages/airflow/example_dags/example_branch_operator.py
[2024-11-05T15:47:43.427+0000] {logging_mixin.py:188} INFO - [2024-11-05T15:47:43.427+0000] {dag.py:3096} INFO - Sync 1 DAGs
[2024-11-05T15:47:43.448+0000] {logging_mixin.py:188} INFO - [2024-11-05T15:47:43.448+0000] {dag.py:3954} INFO - Setting next_dagrun for example_branch_operator to 2024-11-04 00:00:00+00:00, run_after=2024-11-05 00:00:00+00:00
[2024-11-05T15:47:43.465+0000] {processor.py:183} INFO - Processing /home/airflow/.local/lib/python3.12/site-packages/airflow/example_dags/example_branch_operator.py took 0.087 seconds
[2024-11-05T15:48:13.863+0000] {processor.py:161} INFO - Started process (PID=10512) to work on /home/airflow/.local/lib/python3.12/site-packages/airflow/example_dags/example_branch_operator.py
[2024-11-05T15:48:13.864+0000] {processor.py:830} INFO - Processing file /home/airflow/.local/lib/python3.12/site-packages/airflow/example_dags/example_branch_operator.py for tasks to queue
[2024-11-05T15:48:13.865+0000] {logging_mixin.py:188} INFO - [2024-11-05T15:48:13.865+0000] {dagbag.py:540} INFO - Filling up the DagBag from /home/airflow/.local/lib/python3.12/site-packages/airflow/example_dags/example_branch_operator.py
[2024-11-05T15:48:13.878+0000] {processor.py:840} INFO - DAG(s) 'example_branch_operator' retrieved from /home/airflow/.local/lib/python3.12/site-packages/airflow/example_dags/example_branch_operator.py
[2024-11-05T15:48:13.900+0000] {logging_mixin.py:188} INFO - [2024-11-05T15:48:13.900+0000] {dag.py:3096} INFO - Sync 1 DAGs
[2024-11-05T15:48:13.918+0000] {logging_mixin.py:188} INFO - [2024-11-05T15:48:13.918+0000] {dag.py:3954} INFO - Setting next_dagrun for example_branch_operator to 2024-11-04 00:00:00+00:00, run_after=2024-11-05 00:00:00+00:00
[2024-11-05T15:48:13.939+0000] {processor.py:183} INFO - Processing /home/airflow/.local/lib/python3.12/site-packages/airflow/example_dags/example_branch_operator.py took 0.080 seconds
[2024-11-05T15:48:44.380+0000] {processor.py:161} INFO - Started process (PID=10779) to work on /home/airflow/.local/lib/python3.12/site-packages/airflow/example_dags/example_branch_operator.py
[2024-11-05T15:48:44.381+0000] {processor.py:830} INFO - Processing file /home/airflow/.local/lib/python3.12/site-packages/airflow/example_dags/example_branch_operator.py for tasks to queue
[2024-11-05T15:48:44.382+0000] {logging_mixin.py:188} INFO - [2024-11-05T15:48:44.382+0000] {dagbag.py:540} INFO - Filling up the DagBag from /home/airflow/.local/lib/python3.12/site-packages/airflow/example_dags/example_branch_operator.py
[2024-11-05T15:48:44.395+0000] {processor.py:840} INFO - DAG(s) 'example_branch_operator' retrieved from /home/airflow/.local/lib/python3.12/site-packages/airflow/example_dags/example_branch_operator.py
[2024-11-05T15:48:44.425+0000] {logging_mixin.py:188} INFO - [2024-11-05T15:48:44.425+0000] {dag.py:3096} INFO - Sync 1 DAGs
[2024-11-05T15:48:44.446+0000] {logging_mixin.py:188} INFO - [2024-11-05T15:48:44.446+0000] {dag.py:3954} INFO - Setting next_dagrun for example_branch_operator to 2024-11-04 00:00:00+00:00, run_after=2024-11-05 00:00:00+00:00
[2024-11-05T15:48:44.464+0000] {processor.py:183} INFO - Processing /home/airflow/.local/lib/python3.12/site-packages/airflow/example_dags/example_branch_operator.py took 0.089 seconds
[2024-11-05T15:49:15.119+0000] {processor.py:161} INFO - Started process (PID=11045) to work on /home/airflow/.local/lib/python3.12/site-packages/airflow/example_dags/example_branch_operator.py
[2024-11-05T15:49:15.120+0000] {processor.py:830} INFO - Processing file /home/airflow/.local/lib/python3.12/site-packages/airflow/example_dags/example_branch_operator.py for tasks to queue
[2024-11-05T15:49:15.121+0000] {logging_mixin.py:188} INFO - [2024-11-05T15:49:15.121+0000] {dagbag.py:540} INFO - Filling up the DagBag from /home/airflow/.local/lib/python3.12/site-packages/airflow/example_dags/example_branch_operator.py
[2024-11-05T15:49:15.134+0000] {processor.py:840} INFO - DAG(s) 'example_branch_operator' retrieved from /home/airflow/.local/lib/python3.12/site-packages/airflow/example_dags/example_branch_operator.py
[2024-11-05T15:49:15.161+0000] {logging_mixin.py:188} INFO - [2024-11-05T15:49:15.160+0000] {dag.py:3096} INFO - Sync 1 DAGs
[2024-11-05T15:49:15.178+0000] {logging_mixin.py:188} INFO - [2024-11-05T15:49:15.178+0000] {dag.py:3954} INFO - Setting next_dagrun for example_branch_operator to 2024-11-04 00:00:00+00:00, run_after=2024-11-05 00:00:00+00:00
[2024-11-05T15:49:15.223+0000] {processor.py:183} INFO - Processing /home/airflow/.local/lib/python3.12/site-packages/airflow/example_dags/example_branch_operator.py took 0.109 seconds
[2024-11-05T15:49:45.638+0000] {processor.py:161} INFO - Started process (PID=11311) to work on /home/airflow/.local/lib/python3.12/site-packages/airflow/example_dags/example_branch_operator.py
[2024-11-05T15:49:45.639+0000] {processor.py:830} INFO - Processing file /home/airflow/.local/lib/python3.12/site-packages/airflow/example_dags/example_branch_operator.py for tasks to queue
[2024-11-05T15:49:45.640+0000] {logging_mixin.py:188} INFO - [2024-11-05T15:49:45.640+0000] {dagbag.py:540} INFO - Filling up the DagBag from /home/airflow/.local/lib/python3.12/site-packages/airflow/example_dags/example_branch_operator.py
[2024-11-05T15:49:45.653+0000] {processor.py:840} INFO - DAG(s) 'example_branch_operator' retrieved from /home/airflow/.local/lib/python3.12/site-packages/airflow/example_dags/example_branch_operator.py
[2024-11-05T15:49:45.678+0000] {logging_mixin.py:188} INFO - [2024-11-05T15:49:45.677+0000] {dag.py:3096} INFO - Sync 1 DAGs
[2024-11-05T15:49:45.700+0000] {logging_mixin.py:188} INFO - [2024-11-05T15:49:45.700+0000] {dag.py:3954} INFO - Setting next_dagrun for example_branch_operator to 2024-11-04 00:00:00+00:00, run_after=2024-11-05 00:00:00+00:00
[2024-11-05T15:49:45.730+0000] {processor.py:183} INFO - Processing /home/airflow/.local/lib/python3.12/site-packages/airflow/example_dags/example_branch_operator.py took 0.098 seconds
[2024-11-05T15:50:16.248+0000] {processor.py:161} INFO - Started process (PID=11577) to work on /home/airflow/.local/lib/python3.12/site-packages/airflow/example_dags/example_branch_operator.py
[2024-11-05T15:50:16.249+0000] {processor.py:830} INFO - Processing file /home/airflow/.local/lib/python3.12/site-packages/airflow/example_dags/example_branch_operator.py for tasks to queue
[2024-11-05T15:50:16.250+0000] {logging_mixin.py:188} INFO - [2024-11-05T15:50:16.250+0000] {dagbag.py:540} INFO - Filling up the DagBag from /home/airflow/.local/lib/python3.12/site-packages/airflow/example_dags/example_branch_operator.py
[2024-11-05T15:50:16.268+0000] {processor.py:840} INFO - DAG(s) 'example_branch_operator' retrieved from /home/airflow/.local/lib/python3.12/site-packages/airflow/example_dags/example_branch_operator.py
[2024-11-05T15:50:16.290+0000] {logging_mixin.py:188} INFO - [2024-11-05T15:50:16.290+0000] {dag.py:3096} INFO - Sync 1 DAGs
[2024-11-05T15:50:16.311+0000] {logging_mixin.py:188} INFO - [2024-11-05T15:50:16.310+0000] {dag.py:3954} INFO - Setting next_dagrun for example_branch_operator to 2024-11-04 00:00:00+00:00, run_after=2024-11-05 00:00:00+00:00
[2024-11-05T15:50:16.330+0000] {processor.py:183} INFO - Processing /home/airflow/.local/lib/python3.12/site-packages/airflow/example_dags/example_branch_operator.py took 0.087 seconds
[2024-11-05T15:50:46.923+0000] {processor.py:161} INFO - Started process (PID=11843) to work on /home/airflow/.local/lib/python3.12/site-packages/airflow/example_dags/example_branch_operator.py
[2024-11-05T15:50:46.924+0000] {processor.py:830} INFO - Processing file /home/airflow/.local/lib/python3.12/site-packages/airflow/example_dags/example_branch_operator.py for tasks to queue
[2024-11-05T15:50:46.925+0000] {logging_mixin.py:188} INFO - [2024-11-05T15:50:46.925+0000] {dagbag.py:540} INFO - Filling up the DagBag from /home/airflow/.local/lib/python3.12/site-packages/airflow/example_dags/example_branch_operator.py
[2024-11-05T15:50:46.938+0000] {processor.py:840} INFO - DAG(s) 'example_branch_operator' retrieved from /home/airflow/.local/lib/python3.12/site-packages/airflow/example_dags/example_branch_operator.py
[2024-11-05T15:50:46.968+0000] {logging_mixin.py:188} INFO - [2024-11-05T15:50:46.968+0000] {dag.py:3096} INFO - Sync 1 DAGs
[2024-11-05T15:50:46.990+0000] {logging_mixin.py:188} INFO - [2024-11-05T15:50:46.990+0000] {dag.py:3954} INFO - Setting next_dagrun for example_branch_operator to 2024-11-04 00:00:00+00:00, run_after=2024-11-05 00:00:00+00:00
[2024-11-05T15:50:47.009+0000] {processor.py:183} INFO - Processing /home/airflow/.local/lib/python3.12/site-packages/airflow/example_dags/example_branch_operator.py took 0.092 seconds
[2024-11-05T15:51:17.636+0000] {processor.py:161} INFO - Started process (PID=12109) to work on /home/airflow/.local/lib/python3.12/site-packages/airflow/example_dags/example_branch_operator.py
[2024-11-05T15:51:17.636+0000] {processor.py:830} INFO - Processing file /home/airflow/.local/lib/python3.12/site-packages/airflow/example_dags/example_branch_operator.py for tasks to queue
[2024-11-05T15:51:17.638+0000] {logging_mixin.py:188} INFO - [2024-11-05T15:51:17.638+0000] {dagbag.py:540} INFO - Filling up the DagBag from /home/airflow/.local/lib/python3.12/site-packages/airflow/example_dags/example_branch_operator.py
[2024-11-05T15:51:17.656+0000] {processor.py:840} INFO - DAG(s) 'example_branch_operator' retrieved from /home/airflow/.local/lib/python3.12/site-packages/airflow/example_dags/example_branch_operator.py
[2024-11-05T15:51:17.678+0000] {logging_mixin.py:188} INFO - [2024-11-05T15:51:17.677+0000] {dag.py:3096} INFO - Sync 1 DAGs
[2024-11-05T15:51:17.694+0000] {logging_mixin.py:188} INFO - [2024-11-05T15:51:17.693+0000] {dag.py:3954} INFO - Setting next_dagrun for example_branch_operator to 2024-11-04 00:00:00+00:00, run_after=2024-11-05 00:00:00+00:00
[2024-11-05T15:51:17.712+0000] {processor.py:183} INFO - Processing /home/airflow/.local/lib/python3.12/site-packages/airflow/example_dags/example_branch_operator.py took 0.082 seconds
[2024-11-05T15:51:48.207+0000] {processor.py:161} INFO - Started process (PID=12375) to work on /home/airflow/.local/lib/python3.12/site-packages/airflow/example_dags/example_branch_operator.py
[2024-11-05T15:51:48.208+0000] {processor.py:830} INFO - Processing file /home/airflow/.local/lib/python3.12/site-packages/airflow/example_dags/example_branch_operator.py for tasks to queue
[2024-11-05T15:51:48.210+0000] {logging_mixin.py:188} INFO - [2024-11-05T15:51:48.209+0000] {dagbag.py:540} INFO - Filling up the DagBag from /home/airflow/.local/lib/python3.12/site-packages/airflow/example_dags/example_branch_operator.py
[2024-11-05T15:51:48.222+0000] {processor.py:840} INFO - DAG(s) 'example_branch_operator' retrieved from /home/airflow/.local/lib/python3.12/site-packages/airflow/example_dags/example_branch_operator.py
[2024-11-05T15:51:48.244+0000] {logging_mixin.py:188} INFO - [2024-11-05T15:51:48.244+0000] {dag.py:3096} INFO - Sync 1 DAGs
[2024-11-05T15:51:48.260+0000] {logging_mixin.py:188} INFO - [2024-11-05T15:51:48.260+0000] {dag.py:3954} INFO - Setting next_dagrun for example_branch_operator to 2024-11-04 00:00:00+00:00, run_after=2024-11-05 00:00:00+00:00
[2024-11-05T15:51:48.278+0000] {processor.py:183} INFO - Processing /home/airflow/.local/lib/python3.12/site-packages/airflow/example_dags/example_branch_operator.py took 0.076 seconds
[2024-11-05T15:52:18.707+0000] {processor.py:161} INFO - Started process (PID=12641) to work on /home/airflow/.local/lib/python3.12/site-packages/airflow/example_dags/example_branch_operator.py
[2024-11-05T15:52:18.708+0000] {processor.py:830} INFO - Processing file /home/airflow/.local/lib/python3.12/site-packages/airflow/example_dags/example_branch_operator.py for tasks to queue
[2024-11-05T15:52:18.709+0000] {logging_mixin.py:188} INFO - [2024-11-05T15:52:18.709+0000] {dagbag.py:540} INFO - Filling up the DagBag from /home/airflow/.local/lib/python3.12/site-packages/airflow/example_dags/example_branch_operator.py
[2024-11-05T15:52:18.722+0000] {processor.py:840} INFO - DAG(s) 'example_branch_operator' retrieved from /home/airflow/.local/lib/python3.12/site-packages/airflow/example_dags/example_branch_operator.py
[2024-11-05T15:52:18.744+0000] {logging_mixin.py:188} INFO - [2024-11-05T15:52:18.744+0000] {dag.py:3096} INFO - Sync 1 DAGs
[2024-11-05T15:52:18.763+0000] {logging_mixin.py:188} INFO - [2024-11-05T15:52:18.762+0000] {dag.py:3954} INFO - Setting next_dagrun for example_branch_operator to 2024-11-04 00:00:00+00:00, run_after=2024-11-05 00:00:00+00:00
[2024-11-05T15:52:18.781+0000] {processor.py:183} INFO - Processing /home/airflow/.local/lib/python3.12/site-packages/airflow/example_dags/example_branch_operator.py took 0.078 seconds
[2024-11-05T15:52:49.327+0000] {processor.py:161} INFO - Started process (PID=12907) to work on /home/airflow/.local/lib/python3.12/site-packages/airflow/example_dags/example_branch_operator.py
[2024-11-05T15:52:49.328+0000] {processor.py:830} INFO - Processing file /home/airflow/.local/lib/python3.12/site-packages/airflow/example_dags/example_branch_operator.py for tasks to queue
[2024-11-05T15:52:49.330+0000] {logging_mixin.py:188} INFO - [2024-11-05T15:52:49.329+0000] {dagbag.py:540} INFO - Filling up the DagBag from /home/airflow/.local/lib/python3.12/site-packages/airflow/example_dags/example_branch_operator.py
[2024-11-05T15:52:49.342+0000] {processor.py:840} INFO - DAG(s) 'example_branch_operator' retrieved from /home/airflow/.local/lib/python3.12/site-packages/airflow/example_dags/example_branch_operator.py
[2024-11-05T15:52:49.364+0000] {logging_mixin.py:188} INFO - [2024-11-05T15:52:49.363+0000] {dag.py:3096} INFO - Sync 1 DAGs
[2024-11-05T15:52:49.381+0000] {logging_mixin.py:188} INFO - [2024-11-05T15:52:49.381+0000] {dag.py:3954} INFO - Setting next_dagrun for example_branch_operator to 2024-11-04 00:00:00+00:00, run_after=2024-11-05 00:00:00+00:00
[2024-11-05T15:52:49.399+0000] {processor.py:183} INFO - Processing /home/airflow/.local/lib/python3.12/site-packages/airflow/example_dags/example_branch_operator.py took 0.077 seconds
[2024-11-05T15:53:19.903+0000] {processor.py:161} INFO - Started process (PID=13173) to work on /home/airflow/.local/lib/python3.12/site-packages/airflow/example_dags/example_branch_operator.py
[2024-11-05T15:53:19.903+0000] {processor.py:830} INFO - Processing file /home/airflow/.local/lib/python3.12/site-packages/airflow/example_dags/example_branch_operator.py for tasks to queue
[2024-11-05T15:53:19.905+0000] {logging_mixin.py:188} INFO - [2024-11-05T15:53:19.905+0000] {dagbag.py:540} INFO - Filling up the DagBag from /home/airflow/.local/lib/python3.12/site-packages/airflow/example_dags/example_branch_operator.py
[2024-11-05T15:53:19.918+0000] {processor.py:840} INFO - DAG(s) 'example_branch_operator' retrieved from /home/airflow/.local/lib/python3.12/site-packages/airflow/example_dags/example_branch_operator.py
[2024-11-05T15:53:19.940+0000] {logging_mixin.py:188} INFO - [2024-11-05T15:53:19.940+0000] {dag.py:3096} INFO - Sync 1 DAGs
[2024-11-05T15:53:19.958+0000] {logging_mixin.py:188} INFO - [2024-11-05T15:53:19.958+0000] {dag.py:3954} INFO - Setting next_dagrun for example_branch_operator to 2024-11-04 00:00:00+00:00, run_after=2024-11-05 00:00:00+00:00
[2024-11-05T15:53:19.977+0000] {processor.py:183} INFO - Processing /home/airflow/.local/lib/python3.12/site-packages/airflow/example_dags/example_branch_operator.py took 0.079 seconds
[2024-11-05T15:53:50.561+0000] {processor.py:161} INFO - Started process (PID=13440) to work on /home/airflow/.local/lib/python3.12/site-packages/airflow/example_dags/example_branch_operator.py
[2024-11-05T15:53:50.562+0000] {processor.py:830} INFO - Processing file /home/airflow/.local/lib/python3.12/site-packages/airflow/example_dags/example_branch_operator.py for tasks to queue
[2024-11-05T15:53:50.564+0000] {logging_mixin.py:188} INFO - [2024-11-05T15:53:50.563+0000] {dagbag.py:540} INFO - Filling up the DagBag from /home/airflow/.local/lib/python3.12/site-packages/airflow/example_dags/example_branch_operator.py
[2024-11-05T15:53:50.576+0000] {processor.py:840} INFO - DAG(s) 'example_branch_operator' retrieved from /home/airflow/.local/lib/python3.12/site-packages/airflow/example_dags/example_branch_operator.py
[2024-11-05T15:53:50.600+0000] {logging_mixin.py:188} INFO - [2024-11-05T15:53:50.599+0000] {dag.py:3096} INFO - Sync 1 DAGs
[2024-11-05T15:53:50.620+0000] {logging_mixin.py:188} INFO - [2024-11-05T15:53:50.620+0000] {dag.py:3954} INFO - Setting next_dagrun for example_branch_operator to 2024-11-04 00:00:00+00:00, run_after=2024-11-05 00:00:00+00:00
[2024-11-05T15:53:50.642+0000] {processor.py:183} INFO - Processing /home/airflow/.local/lib/python3.12/site-packages/airflow/example_dags/example_branch_operator.py took 0.086 seconds
[2024-11-05T15:54:21.205+0000] {processor.py:161} INFO - Started process (PID=13706) to work on /home/airflow/.local/lib/python3.12/site-packages/airflow/example_dags/example_branch_operator.py
[2024-11-05T15:54:21.206+0000] {processor.py:830} INFO - Processing file /home/airflow/.local/lib/python3.12/site-packages/airflow/example_dags/example_branch_operator.py for tasks to queue
[2024-11-05T15:54:21.208+0000] {logging_mixin.py:188} INFO - [2024-11-05T15:54:21.207+0000] {dagbag.py:540} INFO - Filling up the DagBag from /home/airflow/.local/lib/python3.12/site-packages/airflow/example_dags/example_branch_operator.py
[2024-11-05T15:54:21.225+0000] {processor.py:840} INFO - DAG(s) 'example_branch_operator' retrieved from /home/airflow/.local/lib/python3.12/site-packages/airflow/example_dags/example_branch_operator.py
[2024-11-05T15:54:21.255+0000] {logging_mixin.py:188} INFO - [2024-11-05T15:54:21.255+0000] {dag.py:3096} INFO - Sync 1 DAGs
[2024-11-05T15:54:21.277+0000] {logging_mixin.py:188} INFO - [2024-11-05T15:54:21.277+0000] {dag.py:3954} INFO - Setting next_dagrun for example_branch_operator to 2024-11-04 00:00:00+00:00, run_after=2024-11-05 00:00:00+00:00
[2024-11-05T15:54:21.294+0000] {processor.py:183} INFO - Processing /home/airflow/.local/lib/python3.12/site-packages/airflow/example_dags/example_branch_operator.py took 0.094 seconds
[2024-11-05T15:54:51.821+0000] {processor.py:161} INFO - Started process (PID=13972) to work on /home/airflow/.local/lib/python3.12/site-packages/airflow/example_dags/example_branch_operator.py
[2024-11-05T15:54:51.821+0000] {processor.py:830} INFO - Processing file /home/airflow/.local/lib/python3.12/site-packages/airflow/example_dags/example_branch_operator.py for tasks to queue
[2024-11-05T15:54:51.823+0000] {logging_mixin.py:188} INFO - [2024-11-05T15:54:51.822+0000] {dagbag.py:540} INFO - Filling up the DagBag from /home/airflow/.local/lib/python3.12/site-packages/airflow/example_dags/example_branch_operator.py
[2024-11-05T15:54:51.835+0000] {processor.py:840} INFO - DAG(s) 'example_branch_operator' retrieved from /home/airflow/.local/lib/python3.12/site-packages/airflow/example_dags/example_branch_operator.py
[2024-11-05T15:54:51.866+0000] {logging_mixin.py:188} INFO - [2024-11-05T15:54:51.865+0000] {dag.py:3096} INFO - Sync 1 DAGs
[2024-11-05T15:54:51.885+0000] {logging_mixin.py:188} INFO - [2024-11-05T15:54:51.885+0000] {dag.py:3954} INFO - Setting next_dagrun for example_branch_operator to 2024-11-04 00:00:00+00:00, run_after=2024-11-05 00:00:00+00:00
[2024-11-05T15:54:51.903+0000] {processor.py:183} INFO - Processing /home/airflow/.local/lib/python3.12/site-packages/airflow/example_dags/example_branch_operator.py took 0.087 seconds
[2024-11-05T15:55:22.363+0000] {processor.py:161} INFO - Started process (PID=14238) to work on /home/airflow/.local/lib/python3.12/site-packages/airflow/example_dags/example_branch_operator.py
[2024-11-05T15:55:22.364+0000] {processor.py:830} INFO - Processing file /home/airflow/.local/lib/python3.12/site-packages/airflow/example_dags/example_branch_operator.py for tasks to queue
[2024-11-05T15:55:22.365+0000] {logging_mixin.py:188} INFO - [2024-11-05T15:55:22.365+0000] {dagbag.py:540} INFO - Filling up the DagBag from /home/airflow/.local/lib/python3.12/site-packages/airflow/example_dags/example_branch_operator.py
[2024-11-05T15:55:22.378+0000] {processor.py:840} INFO - DAG(s) 'example_branch_operator' retrieved from /home/airflow/.local/lib/python3.12/site-packages/airflow/example_dags/example_branch_operator.py
[2024-11-05T15:55:22.400+0000] {logging_mixin.py:188} INFO - [2024-11-05T15:55:22.400+0000] {dag.py:3096} INFO - Sync 1 DAGs
[2024-11-05T15:55:22.416+0000] {logging_mixin.py:188} INFO - [2024-11-05T15:55:22.416+0000] {dag.py:3954} INFO - Setting next_dagrun for example_branch_operator to 2024-11-04 00:00:00+00:00, run_after=2024-11-05 00:00:00+00:00
[2024-11-05T15:55:22.435+0000] {processor.py:183} INFO - Processing /home/airflow/.local/lib/python3.12/site-packages/airflow/example_dags/example_branch_operator.py took 0.077 seconds
[2024-11-05T15:55:52.967+0000] {processor.py:161} INFO - Started process (PID=14504) to work on /home/airflow/.local/lib/python3.12/site-packages/airflow/example_dags/example_branch_operator.py
[2024-11-05T15:55:52.968+0000] {processor.py:830} INFO - Processing file /home/airflow/.local/lib/python3.12/site-packages/airflow/example_dags/example_branch_operator.py for tasks to queue
[2024-11-05T15:55:52.969+0000] {logging_mixin.py:188} INFO - [2024-11-05T15:55:52.969+0000] {dagbag.py:540} INFO - Filling up the DagBag from /home/airflow/.local/lib/python3.12/site-packages/airflow/example_dags/example_branch_operator.py
[2024-11-05T15:55:52.983+0000] {processor.py:840} INFO - DAG(s) 'example_branch_operator' retrieved from /home/airflow/.local/lib/python3.12/site-packages/airflow/example_dags/example_branch_operator.py
[2024-11-05T15:55:53.004+0000] {logging_mixin.py:188} INFO - [2024-11-05T15:55:53.003+0000] {dag.py:3096} INFO - Sync 1 DAGs
[2024-11-05T15:55:53.022+0000] {logging_mixin.py:188} INFO - [2024-11-05T15:55:53.022+0000] {dag.py:3954} INFO - Setting next_dagrun for example_branch_operator to 2024-11-04 00:00:00+00:00, run_after=2024-11-05 00:00:00+00:00
[2024-11-05T15:55:53.042+0000] {processor.py:183} INFO - Processing /home/airflow/.local/lib/python3.12/site-packages/airflow/example_dags/example_branch_operator.py took 0.081 seconds
[2024-11-05T15:56:23.639+0000] {processor.py:161} INFO - Started process (PID=14770) to work on /home/airflow/.local/lib/python3.12/site-packages/airflow/example_dags/example_branch_operator.py
[2024-11-05T15:56:23.640+0000] {processor.py:830} INFO - Processing file /home/airflow/.local/lib/python3.12/site-packages/airflow/example_dags/example_branch_operator.py for tasks to queue
[2024-11-05T15:56:23.641+0000] {logging_mixin.py:188} INFO - [2024-11-05T15:56:23.641+0000] {dagbag.py:540} INFO - Filling up the DagBag from /home/airflow/.local/lib/python3.12/site-packages/airflow/example_dags/example_branch_operator.py
[2024-11-05T15:56:23.659+0000] {processor.py:840} INFO - DAG(s) 'example_branch_operator' retrieved from /home/airflow/.local/lib/python3.12/site-packages/airflow/example_dags/example_branch_operator.py
[2024-11-05T15:56:23.688+0000] {logging_mixin.py:188} INFO - [2024-11-05T15:56:23.687+0000] {dag.py:3096} INFO - Sync 1 DAGs
[2024-11-05T15:56:23.709+0000] {logging_mixin.py:188} INFO - [2024-11-05T15:56:23.709+0000] {dag.py:3954} INFO - Setting next_dagrun for example_branch_operator to 2024-11-04 00:00:00+00:00, run_after=2024-11-05 00:00:00+00:00
[2024-11-05T15:56:23.733+0000] {processor.py:183} INFO - Processing /home/airflow/.local/lib/python3.12/site-packages/airflow/example_dags/example_branch_operator.py took 0.098 seconds
[2024-11-05T15:56:54.418+0000] {processor.py:161} INFO - Started process (PID=15036) to work on /home/airflow/.local/lib/python3.12/site-packages/airflow/example_dags/example_branch_operator.py
[2024-11-05T15:56:54.419+0000] {processor.py:830} INFO - Processing file /home/airflow/.local/lib/python3.12/site-packages/airflow/example_dags/example_branch_operator.py for tasks to queue
[2024-11-05T15:56:54.420+0000] {logging_mixin.py:188} INFO - [2024-11-05T15:56:54.420+0000] {dagbag.py:540} INFO - Filling up the DagBag from /home/airflow/.local/lib/python3.12/site-packages/airflow/example_dags/example_branch_operator.py
[2024-11-05T15:56:54.434+0000] {processor.py:840} INFO - DAG(s) 'example_branch_operator' retrieved from /home/airflow/.local/lib/python3.12/site-packages/airflow/example_dags/example_branch_operator.py
[2024-11-05T15:56:54.463+0000] {logging_mixin.py:188} INFO - [2024-11-05T15:56:54.462+0000] {dag.py:3096} INFO - Sync 1 DAGs
[2024-11-05T15:56:54.483+0000] {logging_mixin.py:188} INFO - [2024-11-05T15:56:54.483+0000] {dag.py:3954} INFO - Setting next_dagrun for example_branch_operator to 2024-11-04 00:00:00+00:00, run_after=2024-11-05 00:00:00+00:00
[2024-11-05T15:56:54.524+0000] {processor.py:183} INFO - Processing /home/airflow/.local/lib/python3.12/site-packages/airflow/example_dags/example_branch_operator.py took 0.111 seconds
[2024-11-05T15:57:25.093+0000] {processor.py:161} INFO - Started process (PID=15302) to work on /home/airflow/.local/lib/python3.12/site-packages/airflow/example_dags/example_branch_operator.py
[2024-11-05T15:57:25.094+0000] {processor.py:830} INFO - Processing file /home/airflow/.local/lib/python3.12/site-packages/airflow/example_dags/example_branch_operator.py for tasks to queue
[2024-11-05T15:57:25.096+0000] {logging_mixin.py:188} INFO - [2024-11-05T15:57:25.095+0000] {dagbag.py:540} INFO - Filling up the DagBag from /home/airflow/.local/lib/python3.12/site-packages/airflow/example_dags/example_branch_operator.py
[2024-11-05T15:57:25.110+0000] {processor.py:840} INFO - DAG(s) 'example_branch_operator' retrieved from /home/airflow/.local/lib/python3.12/site-packages/airflow/example_dags/example_branch_operator.py
[2024-11-05T15:57:25.134+0000] {logging_mixin.py:188} INFO - [2024-11-05T15:57:25.133+0000] {dag.py:3096} INFO - Sync 1 DAGs
[2024-11-05T15:57:25.150+0000] {logging_mixin.py:188} INFO - [2024-11-05T15:57:25.150+0000] {dag.py:3954} INFO - Setting next_dagrun for example_branch_operator to 2024-11-04 00:00:00+00:00, run_after=2024-11-05 00:00:00+00:00
[2024-11-05T15:57:25.174+0000] {processor.py:183} INFO - Processing /home/airflow/.local/lib/python3.12/site-packages/airflow/example_dags/example_branch_operator.py took 0.086 seconds
[2024-11-05T15:57:55.683+0000] {processor.py:161} INFO - Started process (PID=15568) to work on /home/airflow/.local/lib/python3.12/site-packages/airflow/example_dags/example_branch_operator.py
[2024-11-05T15:57:55.683+0000] {processor.py:830} INFO - Processing file /home/airflow/.local/lib/python3.12/site-packages/airflow/example_dags/example_branch_operator.py for tasks to queue
[2024-11-05T15:57:55.685+0000] {logging_mixin.py:188} INFO - [2024-11-05T15:57:55.684+0000] {dagbag.py:540} INFO - Filling up the DagBag from /home/airflow/.local/lib/python3.12/site-packages/airflow/example_dags/example_branch_operator.py
[2024-11-05T15:57:55.698+0000] {processor.py:840} INFO - DAG(s) 'example_branch_operator' retrieved from /home/airflow/.local/lib/python3.12/site-packages/airflow/example_dags/example_branch_operator.py
[2024-11-05T15:57:55.721+0000] {logging_mixin.py:188} INFO - [2024-11-05T15:57:55.721+0000] {dag.py:3096} INFO - Sync 1 DAGs
[2024-11-05T15:57:55.745+0000] {logging_mixin.py:188} INFO - [2024-11-05T15:57:55.745+0000] {dag.py:3954} INFO - Setting next_dagrun for example_branch_operator to 2024-11-04 00:00:00+00:00, run_after=2024-11-05 00:00:00+00:00
[2024-11-05T15:57:55.773+0000] {processor.py:183} INFO - Processing /home/airflow/.local/lib/python3.12/site-packages/airflow/example_dags/example_branch_operator.py took 0.096 seconds
[2024-11-05T15:58:26.388+0000] {processor.py:161} INFO - Started process (PID=15834) to work on /home/airflow/.local/lib/python3.12/site-packages/airflow/example_dags/example_branch_operator.py
[2024-11-05T15:58:26.389+0000] {processor.py:830} INFO - Processing file /home/airflow/.local/lib/python3.12/site-packages/airflow/example_dags/example_branch_operator.py for tasks to queue
[2024-11-05T15:58:26.390+0000] {logging_mixin.py:188} INFO - [2024-11-05T15:58:26.390+0000] {dagbag.py:540} INFO - Filling up the DagBag from /home/airflow/.local/lib/python3.12/site-packages/airflow/example_dags/example_branch_operator.py
[2024-11-05T15:58:26.403+0000] {processor.py:840} INFO - DAG(s) 'example_branch_operator' retrieved from /home/airflow/.local/lib/python3.12/site-packages/airflow/example_dags/example_branch_operator.py
[2024-11-05T15:58:26.431+0000] {logging_mixin.py:188} INFO - [2024-11-05T15:58:26.431+0000] {dag.py:3096} INFO - Sync 1 DAGs
[2024-11-05T15:58:26.447+0000] {logging_mixin.py:188} INFO - [2024-11-05T15:58:26.447+0000] {dag.py:3954} INFO - Setting next_dagrun for example_branch_operator to 2024-11-04 00:00:00+00:00, run_after=2024-11-05 00:00:00+00:00
[2024-11-05T15:58:26.480+0000] {processor.py:183} INFO - Processing /home/airflow/.local/lib/python3.12/site-packages/airflow/example_dags/example_branch_operator.py took 0.097 seconds
