[2024-11-05T15:28:39.419+0000] {processor.py:161} INFO - Started process (PID=199) to work on /home/airflow/.local/lib/python3.12/site-packages/airflow/example_dags/example_complex.py
[2024-11-05T15:28:39.420+0000] {processor.py:830} INFO - Processing file /home/airflow/.local/lib/python3.12/site-packages/airflow/example_dags/example_complex.py for tasks to queue
[2024-11-05T15:28:39.421+0000] {logging_mixin.py:188} INFO - [2024-11-05T15:28:39.421+0000] {dagbag.py:540} INFO - Filling up the DagBag from /home/airflow/.local/lib/python3.12/site-packages/airflow/example_dags/example_complex.py
[2024-11-05T15:28:39.433+0000] {processor.py:840} INFO - DAG(s) 'example_complex' retrieved from /home/airflow/.local/lib/python3.12/site-packages/airflow/example_dags/example_complex.py
[2024-11-05T15:28:39.462+0000] {logging_mixin.py:188} INFO - [2024-11-05T15:28:39.461+0000] {dag.py:3096} INFO - Sync 1 DAGs
[2024-11-05T15:28:39.475+0000] {logging_mixin.py:188} INFO - [2024-11-05T15:28:39.474+0000] {dag.py:3954} INFO - Setting next_dagrun for example_complex to None, run_after=None
[2024-11-05T15:28:39.729+0000] {processor.py:183} INFO - Processing /home/airflow/.local/lib/python3.12/site-packages/airflow/example_dags/example_complex.py took 0.316 seconds
[2024-11-05T15:29:11.970+0000] {processor.py:161} INFO - Started process (PID=465) to work on /home/airflow/.local/lib/python3.12/site-packages/airflow/example_dags/example_complex.py
[2024-11-05T15:29:11.971+0000] {processor.py:830} INFO - Processing file /home/airflow/.local/lib/python3.12/site-packages/airflow/example_dags/example_complex.py for tasks to queue
[2024-11-05T15:29:11.973+0000] {logging_mixin.py:188} INFO - [2024-11-05T15:29:11.972+0000] {dagbag.py:540} INFO - Filling up the DagBag from /home/airflow/.local/lib/python3.12/site-packages/airflow/example_dags/example_complex.py
[2024-11-05T15:29:11.987+0000] {processor.py:840} INFO - DAG(s) 'example_complex' retrieved from /home/airflow/.local/lib/python3.12/site-packages/airflow/example_dags/example_complex.py
[2024-11-05T15:29:12.027+0000] {logging_mixin.py:188} INFO - [2024-11-05T15:29:12.027+0000] {dag.py:3096} INFO - Sync 1 DAGs
[2024-11-05T15:29:12.043+0000] {logging_mixin.py:188} INFO - [2024-11-05T15:29:12.043+0000] {dag.py:3954} INFO - Setting next_dagrun for example_complex to None, run_after=None
[2024-11-05T15:29:12.130+0000] {processor.py:183} INFO - Processing /home/airflow/.local/lib/python3.12/site-packages/airflow/example_dags/example_complex.py took 0.165 seconds
[2024-11-05T15:29:44.158+0000] {processor.py:161} INFO - Started process (PID=731) to work on /home/airflow/.local/lib/python3.12/site-packages/airflow/example_dags/example_complex.py
[2024-11-05T15:29:44.158+0000] {processor.py:830} INFO - Processing file /home/airflow/.local/lib/python3.12/site-packages/airflow/example_dags/example_complex.py for tasks to queue
[2024-11-05T15:29:44.160+0000] {logging_mixin.py:188} INFO - [2024-11-05T15:29:44.159+0000] {dagbag.py:540} INFO - Filling up the DagBag from /home/airflow/.local/lib/python3.12/site-packages/airflow/example_dags/example_complex.py
[2024-11-05T15:29:44.167+0000] {processor.py:840} INFO - DAG(s) 'example_complex' retrieved from /home/airflow/.local/lib/python3.12/site-packages/airflow/example_dags/example_complex.py
[2024-11-05T15:29:44.196+0000] {logging_mixin.py:188} INFO - [2024-11-05T15:29:44.196+0000] {dag.py:3096} INFO - Sync 1 DAGs
[2024-11-05T15:29:44.206+0000] {logging_mixin.py:188} INFO - [2024-11-05T15:29:44.205+0000] {dag.py:3954} INFO - Setting next_dagrun for example_complex to None, run_after=None
[2024-11-05T15:29:44.537+0000] {processor.py:183} INFO - Processing /home/airflow/.local/lib/python3.12/site-packages/airflow/example_dags/example_complex.py took 0.383 seconds
[2024-11-05T15:30:14.603+0000] {processor.py:161} INFO - Started process (PID=997) to work on /home/airflow/.local/lib/python3.12/site-packages/airflow/example_dags/example_complex.py
[2024-11-05T15:30:14.604+0000] {processor.py:830} INFO - Processing file /home/airflow/.local/lib/python3.12/site-packages/airflow/example_dags/example_complex.py for tasks to queue
[2024-11-05T15:30:14.605+0000] {logging_mixin.py:188} INFO - [2024-11-05T15:30:14.605+0000] {dagbag.py:540} INFO - Filling up the DagBag from /home/airflow/.local/lib/python3.12/site-packages/airflow/example_dags/example_complex.py
[2024-11-05T15:30:14.613+0000] {processor.py:840} INFO - DAG(s) 'example_complex' retrieved from /home/airflow/.local/lib/python3.12/site-packages/airflow/example_dags/example_complex.py
[2024-11-05T15:30:14.643+0000] {logging_mixin.py:188} INFO - [2024-11-05T15:30:14.642+0000] {dag.py:3096} INFO - Sync 1 DAGs
[2024-11-05T15:30:14.652+0000] {logging_mixin.py:188} INFO - [2024-11-05T15:30:14.652+0000] {dag.py:3954} INFO - Setting next_dagrun for example_complex to None, run_after=None
[2024-11-05T15:30:14.670+0000] {processor.py:183} INFO - Processing /home/airflow/.local/lib/python3.12/site-packages/airflow/example_dags/example_complex.py took 0.072 seconds
[2024-11-05T15:30:45.256+0000] {processor.py:161} INFO - Started process (PID=1265) to work on /home/airflow/.local/lib/python3.12/site-packages/airflow/example_dags/example_complex.py
[2024-11-05T15:30:45.256+0000] {processor.py:830} INFO - Processing file /home/airflow/.local/lib/python3.12/site-packages/airflow/example_dags/example_complex.py for tasks to queue
[2024-11-05T15:30:45.257+0000] {logging_mixin.py:188} INFO - [2024-11-05T15:30:45.257+0000] {dagbag.py:540} INFO - Filling up the DagBag from /home/airflow/.local/lib/python3.12/site-packages/airflow/example_dags/example_complex.py
[2024-11-05T15:30:45.265+0000] {processor.py:840} INFO - DAG(s) 'example_complex' retrieved from /home/airflow/.local/lib/python3.12/site-packages/airflow/example_dags/example_complex.py
[2024-11-05T15:30:45.288+0000] {logging_mixin.py:188} INFO - [2024-11-05T15:30:45.288+0000] {dag.py:3096} INFO - Sync 1 DAGs
[2024-11-05T15:30:45.298+0000] {logging_mixin.py:188} INFO - [2024-11-05T15:30:45.298+0000] {dag.py:3954} INFO - Setting next_dagrun for example_complex to None, run_after=None
[2024-11-05T15:30:45.327+0000] {processor.py:183} INFO - Processing /home/airflow/.local/lib/python3.12/site-packages/airflow/example_dags/example_complex.py took 0.076 seconds
[2024-11-05T15:31:16.004+0000] {processor.py:161} INFO - Started process (PID=1531) to work on /home/airflow/.local/lib/python3.12/site-packages/airflow/example_dags/example_complex.py
[2024-11-05T15:31:16.004+0000] {processor.py:830} INFO - Processing file /home/airflow/.local/lib/python3.12/site-packages/airflow/example_dags/example_complex.py for tasks to queue
[2024-11-05T15:31:16.006+0000] {logging_mixin.py:188} INFO - [2024-11-05T15:31:16.005+0000] {dagbag.py:540} INFO - Filling up the DagBag from /home/airflow/.local/lib/python3.12/site-packages/airflow/example_dags/example_complex.py
[2024-11-05T15:31:16.014+0000] {processor.py:840} INFO - DAG(s) 'example_complex' retrieved from /home/airflow/.local/lib/python3.12/site-packages/airflow/example_dags/example_complex.py
[2024-11-05T15:31:16.037+0000] {logging_mixin.py:188} INFO - [2024-11-05T15:31:16.037+0000] {dag.py:3096} INFO - Sync 1 DAGs
[2024-11-05T15:31:16.046+0000] {logging_mixin.py:188} INFO - [2024-11-05T15:31:16.046+0000] {dag.py:3954} INFO - Setting next_dagrun for example_complex to None, run_after=None
[2024-11-05T15:31:16.066+0000] {processor.py:183} INFO - Processing /home/airflow/.local/lib/python3.12/site-packages/airflow/example_dags/example_complex.py took 0.066 seconds
[2024-11-05T15:31:46.664+0000] {processor.py:161} INFO - Started process (PID=1797) to work on /home/airflow/.local/lib/python3.12/site-packages/airflow/example_dags/example_complex.py
[2024-11-05T15:31:46.664+0000] {processor.py:830} INFO - Processing file /home/airflow/.local/lib/python3.12/site-packages/airflow/example_dags/example_complex.py for tasks to queue
[2024-11-05T15:31:46.666+0000] {logging_mixin.py:188} INFO - [2024-11-05T15:31:46.665+0000] {dagbag.py:540} INFO - Filling up the DagBag from /home/airflow/.local/lib/python3.12/site-packages/airflow/example_dags/example_complex.py
[2024-11-05T15:31:46.673+0000] {processor.py:840} INFO - DAG(s) 'example_complex' retrieved from /home/airflow/.local/lib/python3.12/site-packages/airflow/example_dags/example_complex.py
[2024-11-05T15:31:46.697+0000] {logging_mixin.py:188} INFO - [2024-11-05T15:31:46.697+0000] {dag.py:3096} INFO - Sync 1 DAGs
[2024-11-05T15:31:46.707+0000] {logging_mixin.py:188} INFO - [2024-11-05T15:31:46.707+0000] {dag.py:3954} INFO - Setting next_dagrun for example_complex to None, run_after=None
[2024-11-05T15:31:46.728+0000] {processor.py:183} INFO - Processing /home/airflow/.local/lib/python3.12/site-packages/airflow/example_dags/example_complex.py took 0.069 seconds
[2024-11-05T15:32:17.459+0000] {processor.py:161} INFO - Started process (PID=2063) to work on /home/airflow/.local/lib/python3.12/site-packages/airflow/example_dags/example_complex.py
[2024-11-05T15:32:17.460+0000] {processor.py:830} INFO - Processing file /home/airflow/.local/lib/python3.12/site-packages/airflow/example_dags/example_complex.py for tasks to queue
[2024-11-05T15:32:17.461+0000] {logging_mixin.py:188} INFO - [2024-11-05T15:32:17.461+0000] {dagbag.py:540} INFO - Filling up the DagBag from /home/airflow/.local/lib/python3.12/site-packages/airflow/example_dags/example_complex.py
[2024-11-05T15:32:17.469+0000] {processor.py:840} INFO - DAG(s) 'example_complex' retrieved from /home/airflow/.local/lib/python3.12/site-packages/airflow/example_dags/example_complex.py
[2024-11-05T15:32:17.492+0000] {logging_mixin.py:188} INFO - [2024-11-05T15:32:17.492+0000] {dag.py:3096} INFO - Sync 1 DAGs
[2024-11-05T15:32:17.502+0000] {logging_mixin.py:188} INFO - [2024-11-05T15:32:17.502+0000] {dag.py:3954} INFO - Setting next_dagrun for example_complex to None, run_after=None
[2024-11-05T15:32:17.518+0000] {processor.py:183} INFO - Processing /home/airflow/.local/lib/python3.12/site-packages/airflow/example_dags/example_complex.py took 0.063 seconds
[2024-11-05T15:32:48.333+0000] {processor.py:161} INFO - Started process (PID=2329) to work on /home/airflow/.local/lib/python3.12/site-packages/airflow/example_dags/example_complex.py
[2024-11-05T15:32:48.333+0000] {processor.py:830} INFO - Processing file /home/airflow/.local/lib/python3.12/site-packages/airflow/example_dags/example_complex.py for tasks to queue
[2024-11-05T15:32:48.335+0000] {logging_mixin.py:188} INFO - [2024-11-05T15:32:48.335+0000] {dagbag.py:540} INFO - Filling up the DagBag from /home/airflow/.local/lib/python3.12/site-packages/airflow/example_dags/example_complex.py
[2024-11-05T15:32:48.343+0000] {processor.py:840} INFO - DAG(s) 'example_complex' retrieved from /home/airflow/.local/lib/python3.12/site-packages/airflow/example_dags/example_complex.py
[2024-11-05T15:32:48.369+0000] {logging_mixin.py:188} INFO - [2024-11-05T15:32:48.369+0000] {dag.py:3096} INFO - Sync 1 DAGs
[2024-11-05T15:32:48.380+0000] {logging_mixin.py:188} INFO - [2024-11-05T15:32:48.379+0000] {dag.py:3954} INFO - Setting next_dagrun for example_complex to None, run_after=None
[2024-11-05T15:32:48.407+0000] {processor.py:183} INFO - Processing /home/airflow/.local/lib/python3.12/site-packages/airflow/example_dags/example_complex.py took 0.079 seconds
[2024-11-05T15:33:19.102+0000] {processor.py:161} INFO - Started process (PID=2596) to work on /home/airflow/.local/lib/python3.12/site-packages/airflow/example_dags/example_complex.py
[2024-11-05T15:33:19.103+0000] {processor.py:830} INFO - Processing file /home/airflow/.local/lib/python3.12/site-packages/airflow/example_dags/example_complex.py for tasks to queue
[2024-11-05T15:33:19.104+0000] {logging_mixin.py:188} INFO - [2024-11-05T15:33:19.104+0000] {dagbag.py:540} INFO - Filling up the DagBag from /home/airflow/.local/lib/python3.12/site-packages/airflow/example_dags/example_complex.py
[2024-11-05T15:33:19.112+0000] {processor.py:840} INFO - DAG(s) 'example_complex' retrieved from /home/airflow/.local/lib/python3.12/site-packages/airflow/example_dags/example_complex.py
[2024-11-05T15:33:19.134+0000] {logging_mixin.py:188} INFO - [2024-11-05T15:33:19.134+0000] {dag.py:3096} INFO - Sync 1 DAGs
[2024-11-05T15:33:19.144+0000] {logging_mixin.py:188} INFO - [2024-11-05T15:33:19.144+0000] {dag.py:3954} INFO - Setting next_dagrun for example_complex to None, run_after=None
[2024-11-05T15:33:19.161+0000] {processor.py:183} INFO - Processing /home/airflow/.local/lib/python3.12/site-packages/airflow/example_dags/example_complex.py took 0.064 seconds
[2024-11-05T15:33:50.025+0000] {processor.py:161} INFO - Started process (PID=2862) to work on /home/airflow/.local/lib/python3.12/site-packages/airflow/example_dags/example_complex.py
[2024-11-05T15:33:50.026+0000] {processor.py:830} INFO - Processing file /home/airflow/.local/lib/python3.12/site-packages/airflow/example_dags/example_complex.py for tasks to queue
[2024-11-05T15:33:50.027+0000] {logging_mixin.py:188} INFO - [2024-11-05T15:33:50.027+0000] {dagbag.py:540} INFO - Filling up the DagBag from /home/airflow/.local/lib/python3.12/site-packages/airflow/example_dags/example_complex.py
[2024-11-05T15:33:50.035+0000] {processor.py:840} INFO - DAG(s) 'example_complex' retrieved from /home/airflow/.local/lib/python3.12/site-packages/airflow/example_dags/example_complex.py
[2024-11-05T15:33:50.058+0000] {logging_mixin.py:188} INFO - [2024-11-05T15:33:50.057+0000] {dag.py:3096} INFO - Sync 1 DAGs
[2024-11-05T15:33:50.067+0000] {logging_mixin.py:188} INFO - [2024-11-05T15:33:50.067+0000] {dag.py:3954} INFO - Setting next_dagrun for example_complex to None, run_after=None
[2024-11-05T15:33:50.085+0000] {processor.py:183} INFO - Processing /home/airflow/.local/lib/python3.12/site-packages/airflow/example_dags/example_complex.py took 0.064 seconds
[2024-11-05T15:34:21.081+0000] {processor.py:161} INFO - Started process (PID=3128) to work on /home/airflow/.local/lib/python3.12/site-packages/airflow/example_dags/example_complex.py
[2024-11-05T15:34:21.082+0000] {processor.py:830} INFO - Processing file /home/airflow/.local/lib/python3.12/site-packages/airflow/example_dags/example_complex.py for tasks to queue
[2024-11-05T15:34:21.083+0000] {logging_mixin.py:188} INFO - [2024-11-05T15:34:21.083+0000] {dagbag.py:540} INFO - Filling up the DagBag from /home/airflow/.local/lib/python3.12/site-packages/airflow/example_dags/example_complex.py
[2024-11-05T15:34:21.090+0000] {processor.py:840} INFO - DAG(s) 'example_complex' retrieved from /home/airflow/.local/lib/python3.12/site-packages/airflow/example_dags/example_complex.py
[2024-11-05T15:34:21.115+0000] {logging_mixin.py:188} INFO - [2024-11-05T15:34:21.115+0000] {dag.py:3096} INFO - Sync 1 DAGs
[2024-11-05T15:34:21.124+0000] {logging_mixin.py:188} INFO - [2024-11-05T15:34:21.124+0000] {dag.py:3954} INFO - Setting next_dagrun for example_complex to None, run_after=None
[2024-11-05T15:34:21.142+0000] {processor.py:183} INFO - Processing /home/airflow/.local/lib/python3.12/site-packages/airflow/example_dags/example_complex.py took 0.065 seconds
[2024-11-05T15:34:51.590+0000] {processor.py:161} INFO - Started process (PID=3392) to work on /home/airflow/.local/lib/python3.12/site-packages/airflow/example_dags/example_complex.py
[2024-11-05T15:34:51.591+0000] {processor.py:830} INFO - Processing file /home/airflow/.local/lib/python3.12/site-packages/airflow/example_dags/example_complex.py for tasks to queue
[2024-11-05T15:34:51.592+0000] {logging_mixin.py:188} INFO - [2024-11-05T15:34:51.592+0000] {dagbag.py:540} INFO - Filling up the DagBag from /home/airflow/.local/lib/python3.12/site-packages/airflow/example_dags/example_complex.py
[2024-11-05T15:34:51.600+0000] {processor.py:840} INFO - DAG(s) 'example_complex' retrieved from /home/airflow/.local/lib/python3.12/site-packages/airflow/example_dags/example_complex.py
[2024-11-05T15:34:51.634+0000] {logging_mixin.py:188} INFO - [2024-11-05T15:34:51.633+0000] {dag.py:3096} INFO - Sync 1 DAGs
[2024-11-05T15:34:51.644+0000] {logging_mixin.py:188} INFO - [2024-11-05T15:34:51.644+0000] {dag.py:3954} INFO - Setting next_dagrun for example_complex to None, run_after=None
[2024-11-05T15:34:51.662+0000] {processor.py:183} INFO - Processing /home/airflow/.local/lib/python3.12/site-packages/airflow/example_dags/example_complex.py took 0.077 seconds
[2024-11-05T15:35:21.853+0000] {processor.py:161} INFO - Started process (PID=3660) to work on /home/airflow/.local/lib/python3.12/site-packages/airflow/example_dags/example_complex.py
[2024-11-05T15:35:21.854+0000] {processor.py:830} INFO - Processing file /home/airflow/.local/lib/python3.12/site-packages/airflow/example_dags/example_complex.py for tasks to queue
[2024-11-05T15:35:21.855+0000] {logging_mixin.py:188} INFO - [2024-11-05T15:35:21.855+0000] {dagbag.py:540} INFO - Filling up the DagBag from /home/airflow/.local/lib/python3.12/site-packages/airflow/example_dags/example_complex.py
[2024-11-05T15:35:21.863+0000] {processor.py:840} INFO - DAG(s) 'example_complex' retrieved from /home/airflow/.local/lib/python3.12/site-packages/airflow/example_dags/example_complex.py
[2024-11-05T15:35:21.887+0000] {logging_mixin.py:188} INFO - [2024-11-05T15:35:21.887+0000] {dag.py:3096} INFO - Sync 1 DAGs
[2024-11-05T15:35:21.897+0000] {logging_mixin.py:188} INFO - [2024-11-05T15:35:21.897+0000] {dag.py:3954} INFO - Setting next_dagrun for example_complex to None, run_after=None
[2024-11-05T15:35:21.919+0000] {processor.py:183} INFO - Processing /home/airflow/.local/lib/python3.12/site-packages/airflow/example_dags/example_complex.py took 0.071 seconds
[2024-11-05T15:35:51.986+0000] {processor.py:161} INFO - Started process (PID=3926) to work on /home/airflow/.local/lib/python3.12/site-packages/airflow/example_dags/example_complex.py
[2024-11-05T15:35:51.987+0000] {processor.py:830} INFO - Processing file /home/airflow/.local/lib/python3.12/site-packages/airflow/example_dags/example_complex.py for tasks to queue
[2024-11-05T15:35:51.988+0000] {logging_mixin.py:188} INFO - [2024-11-05T15:35:51.988+0000] {dagbag.py:540} INFO - Filling up the DagBag from /home/airflow/.local/lib/python3.12/site-packages/airflow/example_dags/example_complex.py
[2024-11-05T15:35:51.996+0000] {processor.py:840} INFO - DAG(s) 'example_complex' retrieved from /home/airflow/.local/lib/python3.12/site-packages/airflow/example_dags/example_complex.py
[2024-11-05T15:35:52.020+0000] {logging_mixin.py:188} INFO - [2024-11-05T15:35:52.020+0000] {dag.py:3096} INFO - Sync 1 DAGs
[2024-11-05T15:35:52.029+0000] {logging_mixin.py:188} INFO - [2024-11-05T15:35:52.029+0000] {dag.py:3954} INFO - Setting next_dagrun for example_complex to None, run_after=None
[2024-11-05T15:35:52.046+0000] {processor.py:183} INFO - Processing /home/airflow/.local/lib/python3.12/site-packages/airflow/example_dags/example_complex.py took 0.063 seconds
[2024-11-05T15:36:22.464+0000] {processor.py:161} INFO - Started process (PID=4192) to work on /home/airflow/.local/lib/python3.12/site-packages/airflow/example_dags/example_complex.py
[2024-11-05T15:36:22.465+0000] {processor.py:830} INFO - Processing file /home/airflow/.local/lib/python3.12/site-packages/airflow/example_dags/example_complex.py for tasks to queue
[2024-11-05T15:36:22.467+0000] {logging_mixin.py:188} INFO - [2024-11-05T15:36:22.466+0000] {dagbag.py:540} INFO - Filling up the DagBag from /home/airflow/.local/lib/python3.12/site-packages/airflow/example_dags/example_complex.py
[2024-11-05T15:36:22.476+0000] {processor.py:840} INFO - DAG(s) 'example_complex' retrieved from /home/airflow/.local/lib/python3.12/site-packages/airflow/example_dags/example_complex.py
[2024-11-05T15:36:22.503+0000] {logging_mixin.py:188} INFO - [2024-11-05T15:36:22.503+0000] {dag.py:3096} INFO - Sync 1 DAGs
[2024-11-05T15:36:22.513+0000] {logging_mixin.py:188} INFO - [2024-11-05T15:36:22.513+0000] {dag.py:3954} INFO - Setting next_dagrun for example_complex to None, run_after=None
[2024-11-05T15:36:22.534+0000] {processor.py:183} INFO - Processing /home/airflow/.local/lib/python3.12/site-packages/airflow/example_dags/example_complex.py took 0.076 seconds
[2024-11-05T15:36:52.924+0000] {processor.py:161} INFO - Started process (PID=4458) to work on /home/airflow/.local/lib/python3.12/site-packages/airflow/example_dags/example_complex.py
[2024-11-05T15:36:52.924+0000] {processor.py:830} INFO - Processing file /home/airflow/.local/lib/python3.12/site-packages/airflow/example_dags/example_complex.py for tasks to queue
[2024-11-05T15:36:52.926+0000] {logging_mixin.py:188} INFO - [2024-11-05T15:36:52.925+0000] {dagbag.py:540} INFO - Filling up the DagBag from /home/airflow/.local/lib/python3.12/site-packages/airflow/example_dags/example_complex.py
[2024-11-05T15:36:53.090+0000] {processor.py:840} INFO - DAG(s) 'example_complex' retrieved from /home/airflow/.local/lib/python3.12/site-packages/airflow/example_dags/example_complex.py
[2024-11-05T15:36:53.111+0000] {logging_mixin.py:188} INFO - [2024-11-05T15:36:53.111+0000] {dag.py:3096} INFO - Sync 1 DAGs
[2024-11-05T15:36:53.119+0000] {logging_mixin.py:188} INFO - [2024-11-05T15:36:53.119+0000] {dag.py:3954} INFO - Setting next_dagrun for example_complex to None, run_after=None
[2024-11-05T15:36:53.137+0000] {processor.py:183} INFO - Processing /home/airflow/.local/lib/python3.12/site-packages/airflow/example_dags/example_complex.py took 0.217 seconds
[2024-11-05T15:37:23.757+0000] {processor.py:161} INFO - Started process (PID=4724) to work on /home/airflow/.local/lib/python3.12/site-packages/airflow/example_dags/example_complex.py
[2024-11-05T15:37:23.757+0000] {processor.py:830} INFO - Processing file /home/airflow/.local/lib/python3.12/site-packages/airflow/example_dags/example_complex.py for tasks to queue
[2024-11-05T15:37:23.759+0000] {logging_mixin.py:188} INFO - [2024-11-05T15:37:23.758+0000] {dagbag.py:540} INFO - Filling up the DagBag from /home/airflow/.local/lib/python3.12/site-packages/airflow/example_dags/example_complex.py
[2024-11-05T15:37:23.767+0000] {processor.py:840} INFO - DAG(s) 'example_complex' retrieved from /home/airflow/.local/lib/python3.12/site-packages/airflow/example_dags/example_complex.py
[2024-11-05T15:37:23.790+0000] {logging_mixin.py:188} INFO - [2024-11-05T15:37:23.789+0000] {dag.py:3096} INFO - Sync 1 DAGs
[2024-11-05T15:37:23.799+0000] {logging_mixin.py:188} INFO - [2024-11-05T15:37:23.799+0000] {dag.py:3954} INFO - Setting next_dagrun for example_complex to None, run_after=None
[2024-11-05T15:37:23.816+0000] {processor.py:183} INFO - Processing /home/airflow/.local/lib/python3.12/site-packages/airflow/example_dags/example_complex.py took 0.064 seconds
[2024-11-05T15:37:54.273+0000] {processor.py:161} INFO - Started process (PID=4990) to work on /home/airflow/.local/lib/python3.12/site-packages/airflow/example_dags/example_complex.py
[2024-11-05T15:37:54.273+0000] {processor.py:830} INFO - Processing file /home/airflow/.local/lib/python3.12/site-packages/airflow/example_dags/example_complex.py for tasks to queue
[2024-11-05T15:37:54.274+0000] {logging_mixin.py:188} INFO - [2024-11-05T15:37:54.274+0000] {dagbag.py:540} INFO - Filling up the DagBag from /home/airflow/.local/lib/python3.12/site-packages/airflow/example_dags/example_complex.py
[2024-11-05T15:37:54.282+0000] {processor.py:840} INFO - DAG(s) 'example_complex' retrieved from /home/airflow/.local/lib/python3.12/site-packages/airflow/example_dags/example_complex.py
[2024-11-05T15:37:54.306+0000] {logging_mixin.py:188} INFO - [2024-11-05T15:37:54.306+0000] {dag.py:3096} INFO - Sync 1 DAGs
[2024-11-05T15:37:54.317+0000] {logging_mixin.py:188} INFO - [2024-11-05T15:37:54.316+0000] {dag.py:3954} INFO - Setting next_dagrun for example_complex to None, run_after=None
[2024-11-05T15:37:54.337+0000] {processor.py:183} INFO - Processing /home/airflow/.local/lib/python3.12/site-packages/airflow/example_dags/example_complex.py took 0.069 seconds
[2024-11-05T15:38:24.894+0000] {processor.py:161} INFO - Started process (PID=5256) to work on /home/airflow/.local/lib/python3.12/site-packages/airflow/example_dags/example_complex.py
[2024-11-05T15:38:24.894+0000] {processor.py:830} INFO - Processing file /home/airflow/.local/lib/python3.12/site-packages/airflow/example_dags/example_complex.py for tasks to queue
[2024-11-05T15:38:24.896+0000] {logging_mixin.py:188} INFO - [2024-11-05T15:38:24.895+0000] {dagbag.py:540} INFO - Filling up the DagBag from /home/airflow/.local/lib/python3.12/site-packages/airflow/example_dags/example_complex.py
[2024-11-05T15:38:24.903+0000] {processor.py:840} INFO - DAG(s) 'example_complex' retrieved from /home/airflow/.local/lib/python3.12/site-packages/airflow/example_dags/example_complex.py
[2024-11-05T15:38:24.927+0000] {logging_mixin.py:188} INFO - [2024-11-05T15:38:24.927+0000] {dag.py:3096} INFO - Sync 1 DAGs
[2024-11-05T15:38:24.936+0000] {logging_mixin.py:188} INFO - [2024-11-05T15:38:24.936+0000] {dag.py:3954} INFO - Setting next_dagrun for example_complex to None, run_after=None
[2024-11-05T15:38:24.954+0000] {processor.py:183} INFO - Processing /home/airflow/.local/lib/python3.12/site-packages/airflow/example_dags/example_complex.py took 0.064 seconds
[2024-11-05T15:38:55.522+0000] {processor.py:161} INFO - Started process (PID=5522) to work on /home/airflow/.local/lib/python3.12/site-packages/airflow/example_dags/example_complex.py
[2024-11-05T15:38:55.523+0000] {processor.py:830} INFO - Processing file /home/airflow/.local/lib/python3.12/site-packages/airflow/example_dags/example_complex.py for tasks to queue
[2024-11-05T15:38:55.524+0000] {logging_mixin.py:188} INFO - [2024-11-05T15:38:55.524+0000] {dagbag.py:540} INFO - Filling up the DagBag from /home/airflow/.local/lib/python3.12/site-packages/airflow/example_dags/example_complex.py
[2024-11-05T15:38:55.536+0000] {processor.py:840} INFO - DAG(s) 'example_complex' retrieved from /home/airflow/.local/lib/python3.12/site-packages/airflow/example_dags/example_complex.py
[2024-11-05T15:38:55.569+0000] {logging_mixin.py:188} INFO - [2024-11-05T15:38:55.569+0000] {dag.py:3096} INFO - Sync 1 DAGs
[2024-11-05T15:38:55.582+0000] {logging_mixin.py:188} INFO - [2024-11-05T15:38:55.582+0000] {dag.py:3954} INFO - Setting next_dagrun for example_complex to None, run_after=None
[2024-11-05T15:38:55.603+0000] {processor.py:183} INFO - Processing /home/airflow/.local/lib/python3.12/site-packages/airflow/example_dags/example_complex.py took 0.085 seconds
[2024-11-05T15:39:26.055+0000] {processor.py:161} INFO - Started process (PID=5788) to work on /home/airflow/.local/lib/python3.12/site-packages/airflow/example_dags/example_complex.py
[2024-11-05T15:39:26.056+0000] {processor.py:830} INFO - Processing file /home/airflow/.local/lib/python3.12/site-packages/airflow/example_dags/example_complex.py for tasks to queue
[2024-11-05T15:39:26.057+0000] {logging_mixin.py:188} INFO - [2024-11-05T15:39:26.057+0000] {dagbag.py:540} INFO - Filling up the DagBag from /home/airflow/.local/lib/python3.12/site-packages/airflow/example_dags/example_complex.py
[2024-11-05T15:39:26.065+0000] {processor.py:840} INFO - DAG(s) 'example_complex' retrieved from /home/airflow/.local/lib/python3.12/site-packages/airflow/example_dags/example_complex.py
[2024-11-05T15:39:26.088+0000] {logging_mixin.py:188} INFO - [2024-11-05T15:39:26.088+0000] {dag.py:3096} INFO - Sync 1 DAGs
[2024-11-05T15:39:26.098+0000] {logging_mixin.py:188} INFO - [2024-11-05T15:39:26.098+0000] {dag.py:3954} INFO - Setting next_dagrun for example_complex to None, run_after=None
[2024-11-05T15:39:26.118+0000] {processor.py:183} INFO - Processing /home/airflow/.local/lib/python3.12/site-packages/airflow/example_dags/example_complex.py took 0.067 seconds
[2024-11-05T15:39:56.638+0000] {processor.py:161} INFO - Started process (PID=6054) to work on /home/airflow/.local/lib/python3.12/site-packages/airflow/example_dags/example_complex.py
[2024-11-05T15:39:56.638+0000] {processor.py:830} INFO - Processing file /home/airflow/.local/lib/python3.12/site-packages/airflow/example_dags/example_complex.py for tasks to queue
[2024-11-05T15:39:56.639+0000] {logging_mixin.py:188} INFO - [2024-11-05T15:39:56.639+0000] {dagbag.py:540} INFO - Filling up the DagBag from /home/airflow/.local/lib/python3.12/site-packages/airflow/example_dags/example_complex.py
[2024-11-05T15:39:56.647+0000] {processor.py:840} INFO - DAG(s) 'example_complex' retrieved from /home/airflow/.local/lib/python3.12/site-packages/airflow/example_dags/example_complex.py
[2024-11-05T15:39:56.671+0000] {logging_mixin.py:188} INFO - [2024-11-05T15:39:56.671+0000] {dag.py:3096} INFO - Sync 1 DAGs
[2024-11-05T15:39:56.680+0000] {logging_mixin.py:188} INFO - [2024-11-05T15:39:56.680+0000] {dag.py:3954} INFO - Setting next_dagrun for example_complex to None, run_after=None
[2024-11-05T15:39:56.704+0000] {processor.py:183} INFO - Processing /home/airflow/.local/lib/python3.12/site-packages/airflow/example_dags/example_complex.py took 0.070 seconds
[2024-11-05T15:40:27.238+0000] {processor.py:161} INFO - Started process (PID=6320) to work on /home/airflow/.local/lib/python3.12/site-packages/airflow/example_dags/example_complex.py
[2024-11-05T15:40:27.238+0000] {processor.py:830} INFO - Processing file /home/airflow/.local/lib/python3.12/site-packages/airflow/example_dags/example_complex.py for tasks to queue
[2024-11-05T15:40:27.240+0000] {logging_mixin.py:188} INFO - [2024-11-05T15:40:27.239+0000] {dagbag.py:540} INFO - Filling up the DagBag from /home/airflow/.local/lib/python3.12/site-packages/airflow/example_dags/example_complex.py
[2024-11-05T15:40:27.248+0000] {processor.py:840} INFO - DAG(s) 'example_complex' retrieved from /home/airflow/.local/lib/python3.12/site-packages/airflow/example_dags/example_complex.py
[2024-11-05T15:40:27.271+0000] {logging_mixin.py:188} INFO - [2024-11-05T15:40:27.271+0000] {dag.py:3096} INFO - Sync 1 DAGs
[2024-11-05T15:40:27.280+0000] {logging_mixin.py:188} INFO - [2024-11-05T15:40:27.280+0000] {dag.py:3954} INFO - Setting next_dagrun for example_complex to None, run_after=None
[2024-11-05T15:40:27.298+0000] {processor.py:183} INFO - Processing /home/airflow/.local/lib/python3.12/site-packages/airflow/example_dags/example_complex.py took 0.064 seconds
[2024-11-05T15:40:57.953+0000] {processor.py:161} INFO - Started process (PID=6586) to work on /home/airflow/.local/lib/python3.12/site-packages/airflow/example_dags/example_complex.py
[2024-11-05T15:40:57.953+0000] {processor.py:830} INFO - Processing file /home/airflow/.local/lib/python3.12/site-packages/airflow/example_dags/example_complex.py for tasks to queue
[2024-11-05T15:40:57.954+0000] {logging_mixin.py:188} INFO - [2024-11-05T15:40:57.954+0000] {dagbag.py:540} INFO - Filling up the DagBag from /home/airflow/.local/lib/python3.12/site-packages/airflow/example_dags/example_complex.py
[2024-11-05T15:40:57.962+0000] {processor.py:840} INFO - DAG(s) 'example_complex' retrieved from /home/airflow/.local/lib/python3.12/site-packages/airflow/example_dags/example_complex.py
[2024-11-05T15:40:57.985+0000] {logging_mixin.py:188} INFO - [2024-11-05T15:40:57.985+0000] {dag.py:3096} INFO - Sync 1 DAGs
[2024-11-05T15:40:57.994+0000] {logging_mixin.py:188} INFO - [2024-11-05T15:40:57.994+0000] {dag.py:3954} INFO - Setting next_dagrun for example_complex to None, run_after=None
[2024-11-05T15:40:58.016+0000] {processor.py:183} INFO - Processing /home/airflow/.local/lib/python3.12/site-packages/airflow/example_dags/example_complex.py took 0.068 seconds
[2024-11-05T15:41:28.561+0000] {processor.py:161} INFO - Started process (PID=6852) to work on /home/airflow/.local/lib/python3.12/site-packages/airflow/example_dags/example_complex.py
[2024-11-05T15:41:28.561+0000] {processor.py:830} INFO - Processing file /home/airflow/.local/lib/python3.12/site-packages/airflow/example_dags/example_complex.py for tasks to queue
[2024-11-05T15:41:28.563+0000] {logging_mixin.py:188} INFO - [2024-11-05T15:41:28.562+0000] {dagbag.py:540} INFO - Filling up the DagBag from /home/airflow/.local/lib/python3.12/site-packages/airflow/example_dags/example_complex.py
[2024-11-05T15:41:28.570+0000] {processor.py:840} INFO - DAG(s) 'example_complex' retrieved from /home/airflow/.local/lib/python3.12/site-packages/airflow/example_dags/example_complex.py
[2024-11-05T15:41:28.593+0000] {logging_mixin.py:188} INFO - [2024-11-05T15:41:28.593+0000] {dag.py:3096} INFO - Sync 1 DAGs
[2024-11-05T15:41:28.602+0000] {logging_mixin.py:188} INFO - [2024-11-05T15:41:28.602+0000] {dag.py:3954} INFO - Setting next_dagrun for example_complex to None, run_after=None
[2024-11-05T15:41:28.621+0000] {processor.py:183} INFO - Processing /home/airflow/.local/lib/python3.12/site-packages/airflow/example_dags/example_complex.py took 0.065 seconds
[2024-11-05T15:41:59.185+0000] {processor.py:161} INFO - Started process (PID=7118) to work on /home/airflow/.local/lib/python3.12/site-packages/airflow/example_dags/example_complex.py
[2024-11-05T15:41:59.186+0000] {processor.py:830} INFO - Processing file /home/airflow/.local/lib/python3.12/site-packages/airflow/example_dags/example_complex.py for tasks to queue
[2024-11-05T15:41:59.187+0000] {logging_mixin.py:188} INFO - [2024-11-05T15:41:59.187+0000] {dagbag.py:540} INFO - Filling up the DagBag from /home/airflow/.local/lib/python3.12/site-packages/airflow/example_dags/example_complex.py
[2024-11-05T15:41:59.195+0000] {processor.py:840} INFO - DAG(s) 'example_complex' retrieved from /home/airflow/.local/lib/python3.12/site-packages/airflow/example_dags/example_complex.py
[2024-11-05T15:41:59.218+0000] {logging_mixin.py:188} INFO - [2024-11-05T15:41:59.218+0000] {dag.py:3096} INFO - Sync 1 DAGs
[2024-11-05T15:41:59.228+0000] {logging_mixin.py:188} INFO - [2024-11-05T15:41:59.228+0000] {dag.py:3954} INFO - Setting next_dagrun for example_complex to None, run_after=None
[2024-11-05T15:41:59.246+0000] {processor.py:183} INFO - Processing /home/airflow/.local/lib/python3.12/site-packages/airflow/example_dags/example_complex.py took 0.065 seconds
[2024-11-05T15:42:29.811+0000] {processor.py:161} INFO - Started process (PID=7384) to work on /home/airflow/.local/lib/python3.12/site-packages/airflow/example_dags/example_complex.py
[2024-11-05T15:42:29.812+0000] {processor.py:830} INFO - Processing file /home/airflow/.local/lib/python3.12/site-packages/airflow/example_dags/example_complex.py for tasks to queue
[2024-11-05T15:42:29.813+0000] {logging_mixin.py:188} INFO - [2024-11-05T15:42:29.813+0000] {dagbag.py:540} INFO - Filling up the DagBag from /home/airflow/.local/lib/python3.12/site-packages/airflow/example_dags/example_complex.py
[2024-11-05T15:42:29.821+0000] {processor.py:840} INFO - DAG(s) 'example_complex' retrieved from /home/airflow/.local/lib/python3.12/site-packages/airflow/example_dags/example_complex.py
[2024-11-05T15:42:29.845+0000] {logging_mixin.py:188} INFO - [2024-11-05T15:42:29.844+0000] {dag.py:3096} INFO - Sync 1 DAGs
[2024-11-05T15:42:29.854+0000] {logging_mixin.py:188} INFO - [2024-11-05T15:42:29.854+0000] {dag.py:3954} INFO - Setting next_dagrun for example_complex to None, run_after=None
[2024-11-05T15:42:29.873+0000] {processor.py:183} INFO - Processing /home/airflow/.local/lib/python3.12/site-packages/airflow/example_dags/example_complex.py took 0.066 seconds
[2024-11-05T15:43:00.394+0000] {processor.py:161} INFO - Started process (PID=7648) to work on /home/airflow/.local/lib/python3.12/site-packages/airflow/example_dags/example_complex.py
[2024-11-05T15:43:00.394+0000] {processor.py:830} INFO - Processing file /home/airflow/.local/lib/python3.12/site-packages/airflow/example_dags/example_complex.py for tasks to queue
[2024-11-05T15:43:00.395+0000] {logging_mixin.py:188} INFO - [2024-11-05T15:43:00.395+0000] {dagbag.py:540} INFO - Filling up the DagBag from /home/airflow/.local/lib/python3.12/site-packages/airflow/example_dags/example_complex.py
[2024-11-05T15:43:00.404+0000] {processor.py:840} INFO - DAG(s) 'example_complex' retrieved from /home/airflow/.local/lib/python3.12/site-packages/airflow/example_dags/example_complex.py
[2024-11-05T15:43:00.429+0000] {logging_mixin.py:188} INFO - [2024-11-05T15:43:00.428+0000] {dag.py:3096} INFO - Sync 1 DAGs
[2024-11-05T15:43:00.439+0000] {logging_mixin.py:188} INFO - [2024-11-05T15:43:00.439+0000] {dag.py:3954} INFO - Setting next_dagrun for example_complex to None, run_after=None
[2024-11-05T15:43:00.458+0000] {processor.py:183} INFO - Processing /home/airflow/.local/lib/python3.12/site-packages/airflow/example_dags/example_complex.py took 0.068 seconds
[2024-11-05T15:43:30.908+0000] {processor.py:161} INFO - Started process (PID=7916) to work on /home/airflow/.local/lib/python3.12/site-packages/airflow/example_dags/example_complex.py
[2024-11-05T15:43:30.908+0000] {processor.py:830} INFO - Processing file /home/airflow/.local/lib/python3.12/site-packages/airflow/example_dags/example_complex.py for tasks to queue
[2024-11-05T15:43:30.910+0000] {logging_mixin.py:188} INFO - [2024-11-05T15:43:30.909+0000] {dagbag.py:540} INFO - Filling up the DagBag from /home/airflow/.local/lib/python3.12/site-packages/airflow/example_dags/example_complex.py
[2024-11-05T15:43:30.918+0000] {processor.py:840} INFO - DAG(s) 'example_complex' retrieved from /home/airflow/.local/lib/python3.12/site-packages/airflow/example_dags/example_complex.py
[2024-11-05T15:43:30.941+0000] {logging_mixin.py:188} INFO - [2024-11-05T15:43:30.941+0000] {dag.py:3096} INFO - Sync 1 DAGs
[2024-11-05T15:43:30.950+0000] {logging_mixin.py:188} INFO - [2024-11-05T15:43:30.950+0000] {dag.py:3954} INFO - Setting next_dagrun for example_complex to None, run_after=None
[2024-11-05T15:43:30.974+0000] {processor.py:183} INFO - Processing /home/airflow/.local/lib/python3.12/site-packages/airflow/example_dags/example_complex.py took 0.071 seconds
[2024-11-05T15:44:01.451+0000] {processor.py:161} INFO - Started process (PID=8182) to work on /home/airflow/.local/lib/python3.12/site-packages/airflow/example_dags/example_complex.py
[2024-11-05T15:44:01.452+0000] {processor.py:830} INFO - Processing file /home/airflow/.local/lib/python3.12/site-packages/airflow/example_dags/example_complex.py for tasks to queue
[2024-11-05T15:44:01.453+0000] {logging_mixin.py:188} INFO - [2024-11-05T15:44:01.453+0000] {dagbag.py:540} INFO - Filling up the DagBag from /home/airflow/.local/lib/python3.12/site-packages/airflow/example_dags/example_complex.py
[2024-11-05T15:44:01.461+0000] {processor.py:840} INFO - DAG(s) 'example_complex' retrieved from /home/airflow/.local/lib/python3.12/site-packages/airflow/example_dags/example_complex.py
[2024-11-05T15:44:01.484+0000] {logging_mixin.py:188} INFO - [2024-11-05T15:44:01.484+0000] {dag.py:3096} INFO - Sync 1 DAGs
[2024-11-05T15:44:01.493+0000] {logging_mixin.py:188} INFO - [2024-11-05T15:44:01.493+0000] {dag.py:3954} INFO - Setting next_dagrun for example_complex to None, run_after=None
[2024-11-05T15:44:01.509+0000] {processor.py:183} INFO - Processing /home/airflow/.local/lib/python3.12/site-packages/airflow/example_dags/example_complex.py took 0.062 seconds
[2024-11-05T15:44:31.949+0000] {processor.py:161} INFO - Started process (PID=8448) to work on /home/airflow/.local/lib/python3.12/site-packages/airflow/example_dags/example_complex.py
[2024-11-05T15:44:31.949+0000] {processor.py:830} INFO - Processing file /home/airflow/.local/lib/python3.12/site-packages/airflow/example_dags/example_complex.py for tasks to queue
[2024-11-05T15:44:31.950+0000] {logging_mixin.py:188} INFO - [2024-11-05T15:44:31.950+0000] {dagbag.py:540} INFO - Filling up the DagBag from /home/airflow/.local/lib/python3.12/site-packages/airflow/example_dags/example_complex.py
[2024-11-05T15:44:31.958+0000] {processor.py:840} INFO - DAG(s) 'example_complex' retrieved from /home/airflow/.local/lib/python3.12/site-packages/airflow/example_dags/example_complex.py
[2024-11-05T15:44:31.983+0000] {logging_mixin.py:188} INFO - [2024-11-05T15:44:31.983+0000] {dag.py:3096} INFO - Sync 1 DAGs
[2024-11-05T15:44:31.992+0000] {logging_mixin.py:188} INFO - [2024-11-05T15:44:31.992+0000] {dag.py:3954} INFO - Setting next_dagrun for example_complex to None, run_after=None
[2024-11-05T15:44:32.011+0000] {processor.py:183} INFO - Processing /home/airflow/.local/lib/python3.12/site-packages/airflow/example_dags/example_complex.py took 0.067 seconds
[2024-11-05T15:45:02.604+0000] {processor.py:161} INFO - Started process (PID=8714) to work on /home/airflow/.local/lib/python3.12/site-packages/airflow/example_dags/example_complex.py
[2024-11-05T15:45:02.604+0000] {processor.py:830} INFO - Processing file /home/airflow/.local/lib/python3.12/site-packages/airflow/example_dags/example_complex.py for tasks to queue
[2024-11-05T15:45:02.606+0000] {logging_mixin.py:188} INFO - [2024-11-05T15:45:02.605+0000] {dagbag.py:540} INFO - Filling up the DagBag from /home/airflow/.local/lib/python3.12/site-packages/airflow/example_dags/example_complex.py
[2024-11-05T15:45:02.614+0000] {processor.py:840} INFO - DAG(s) 'example_complex' retrieved from /home/airflow/.local/lib/python3.12/site-packages/airflow/example_dags/example_complex.py
[2024-11-05T15:45:02.638+0000] {logging_mixin.py:188} INFO - [2024-11-05T15:45:02.638+0000] {dag.py:3096} INFO - Sync 1 DAGs
[2024-11-05T15:45:02.648+0000] {logging_mixin.py:188} INFO - [2024-11-05T15:45:02.648+0000] {dag.py:3954} INFO - Setting next_dagrun for example_complex to None, run_after=None
[2024-11-05T15:45:02.666+0000] {processor.py:183} INFO - Processing /home/airflow/.local/lib/python3.12/site-packages/airflow/example_dags/example_complex.py took 0.067 seconds
[2024-11-05T15:45:33.087+0000] {processor.py:161} INFO - Started process (PID=8980) to work on /home/airflow/.local/lib/python3.12/site-packages/airflow/example_dags/example_complex.py
[2024-11-05T15:45:33.087+0000] {processor.py:830} INFO - Processing file /home/airflow/.local/lib/python3.12/site-packages/airflow/example_dags/example_complex.py for tasks to queue
[2024-11-05T15:45:33.089+0000] {logging_mixin.py:188} INFO - [2024-11-05T15:45:33.088+0000] {dagbag.py:540} INFO - Filling up the DagBag from /home/airflow/.local/lib/python3.12/site-packages/airflow/example_dags/example_complex.py
[2024-11-05T15:45:33.096+0000] {processor.py:840} INFO - DAG(s) 'example_complex' retrieved from /home/airflow/.local/lib/python3.12/site-packages/airflow/example_dags/example_complex.py
[2024-11-05T15:45:33.119+0000] {logging_mixin.py:188} INFO - [2024-11-05T15:45:33.119+0000] {dag.py:3096} INFO - Sync 1 DAGs
[2024-11-05T15:45:33.129+0000] {logging_mixin.py:188} INFO - [2024-11-05T15:45:33.129+0000] {dag.py:3954} INFO - Setting next_dagrun for example_complex to None, run_after=None
[2024-11-05T15:45:33.146+0000] {processor.py:183} INFO - Processing /home/airflow/.local/lib/python3.12/site-packages/airflow/example_dags/example_complex.py took 0.064 seconds
[2024-11-05T15:46:03.738+0000] {processor.py:161} INFO - Started process (PID=9246) to work on /home/airflow/.local/lib/python3.12/site-packages/airflow/example_dags/example_complex.py
[2024-11-05T15:46:03.738+0000] {processor.py:830} INFO - Processing file /home/airflow/.local/lib/python3.12/site-packages/airflow/example_dags/example_complex.py for tasks to queue
[2024-11-05T15:46:03.739+0000] {logging_mixin.py:188} INFO - [2024-11-05T15:46:03.739+0000] {dagbag.py:540} INFO - Filling up the DagBag from /home/airflow/.local/lib/python3.12/site-packages/airflow/example_dags/example_complex.py
[2024-11-05T15:46:03.747+0000] {processor.py:840} INFO - DAG(s) 'example_complex' retrieved from /home/airflow/.local/lib/python3.12/site-packages/airflow/example_dags/example_complex.py
[2024-11-05T15:46:03.770+0000] {logging_mixin.py:188} INFO - [2024-11-05T15:46:03.770+0000] {dag.py:3096} INFO - Sync 1 DAGs
[2024-11-05T15:46:03.780+0000] {logging_mixin.py:188} INFO - [2024-11-05T15:46:03.780+0000] {dag.py:3954} INFO - Setting next_dagrun for example_complex to None, run_after=None
[2024-11-05T15:46:03.801+0000] {processor.py:183} INFO - Processing /home/airflow/.local/lib/python3.12/site-packages/airflow/example_dags/example_complex.py took 0.068 seconds
[2024-11-05T15:46:34.266+0000] {processor.py:161} INFO - Started process (PID=9512) to work on /home/airflow/.local/lib/python3.12/site-packages/airflow/example_dags/example_complex.py
[2024-11-05T15:46:34.267+0000] {processor.py:830} INFO - Processing file /home/airflow/.local/lib/python3.12/site-packages/airflow/example_dags/example_complex.py for tasks to queue
[2024-11-05T15:46:34.268+0000] {logging_mixin.py:188} INFO - [2024-11-05T15:46:34.268+0000] {dagbag.py:540} INFO - Filling up the DagBag from /home/airflow/.local/lib/python3.12/site-packages/airflow/example_dags/example_complex.py
[2024-11-05T15:46:34.276+0000] {processor.py:840} INFO - DAG(s) 'example_complex' retrieved from /home/airflow/.local/lib/python3.12/site-packages/airflow/example_dags/example_complex.py
[2024-11-05T15:46:34.300+0000] {logging_mixin.py:188} INFO - [2024-11-05T15:46:34.299+0000] {dag.py:3096} INFO - Sync 1 DAGs
[2024-11-05T15:46:34.310+0000] {logging_mixin.py:188} INFO - [2024-11-05T15:46:34.310+0000] {dag.py:3954} INFO - Setting next_dagrun for example_complex to None, run_after=None
[2024-11-05T15:46:34.330+0000] {processor.py:183} INFO - Processing /home/airflow/.local/lib/python3.12/site-packages/airflow/example_dags/example_complex.py took 0.067 seconds
[2024-11-05T15:47:04.824+0000] {processor.py:161} INFO - Started process (PID=9778) to work on /home/airflow/.local/lib/python3.12/site-packages/airflow/example_dags/example_complex.py
[2024-11-05T15:47:04.825+0000] {processor.py:830} INFO - Processing file /home/airflow/.local/lib/python3.12/site-packages/airflow/example_dags/example_complex.py for tasks to queue
[2024-11-05T15:47:04.826+0000] {logging_mixin.py:188} INFO - [2024-11-05T15:47:04.826+0000] {dagbag.py:540} INFO - Filling up the DagBag from /home/airflow/.local/lib/python3.12/site-packages/airflow/example_dags/example_complex.py
[2024-11-05T15:47:04.834+0000] {processor.py:840} INFO - DAG(s) 'example_complex' retrieved from /home/airflow/.local/lib/python3.12/site-packages/airflow/example_dags/example_complex.py
[2024-11-05T15:47:04.857+0000] {logging_mixin.py:188} INFO - [2024-11-05T15:47:04.857+0000] {dag.py:3096} INFO - Sync 1 DAGs
[2024-11-05T15:47:04.866+0000] {logging_mixin.py:188} INFO - [2024-11-05T15:47:04.866+0000] {dag.py:3954} INFO - Setting next_dagrun for example_complex to None, run_after=None
[2024-11-05T15:47:04.885+0000] {processor.py:183} INFO - Processing /home/airflow/.local/lib/python3.12/site-packages/airflow/example_dags/example_complex.py took 0.065 seconds
[2024-11-05T15:47:35.395+0000] {processor.py:161} INFO - Started process (PID=10045) to work on /home/airflow/.local/lib/python3.12/site-packages/airflow/example_dags/example_complex.py
[2024-11-05T15:47:35.396+0000] {processor.py:830} INFO - Processing file /home/airflow/.local/lib/python3.12/site-packages/airflow/example_dags/example_complex.py for tasks to queue
[2024-11-05T15:47:35.398+0000] {logging_mixin.py:188} INFO - [2024-11-05T15:47:35.398+0000] {dagbag.py:540} INFO - Filling up the DagBag from /home/airflow/.local/lib/python3.12/site-packages/airflow/example_dags/example_complex.py
[2024-11-05T15:47:35.410+0000] {processor.py:840} INFO - DAG(s) 'example_complex' retrieved from /home/airflow/.local/lib/python3.12/site-packages/airflow/example_dags/example_complex.py
[2024-11-05T15:47:35.446+0000] {logging_mixin.py:188} INFO - [2024-11-05T15:47:35.446+0000] {dag.py:3096} INFO - Sync 1 DAGs
[2024-11-05T15:47:35.460+0000] {logging_mixin.py:188} INFO - [2024-11-05T15:47:35.460+0000] {dag.py:3954} INFO - Setting next_dagrun for example_complex to None, run_after=None
[2024-11-05T15:47:35.487+0000] {processor.py:183} INFO - Processing /home/airflow/.local/lib/python3.12/site-packages/airflow/example_dags/example_complex.py took 0.098 seconds
[2024-11-05T15:48:05.984+0000] {processor.py:161} INFO - Started process (PID=10311) to work on /home/airflow/.local/lib/python3.12/site-packages/airflow/example_dags/example_complex.py
[2024-11-05T15:48:05.984+0000] {processor.py:830} INFO - Processing file /home/airflow/.local/lib/python3.12/site-packages/airflow/example_dags/example_complex.py for tasks to queue
[2024-11-05T15:48:05.986+0000] {logging_mixin.py:188} INFO - [2024-11-05T15:48:05.986+0000] {dagbag.py:540} INFO - Filling up the DagBag from /home/airflow/.local/lib/python3.12/site-packages/airflow/example_dags/example_complex.py
[2024-11-05T15:48:05.997+0000] {processor.py:840} INFO - DAG(s) 'example_complex' retrieved from /home/airflow/.local/lib/python3.12/site-packages/airflow/example_dags/example_complex.py
[2024-11-05T15:48:06.021+0000] {logging_mixin.py:188} INFO - [2024-11-05T15:48:06.021+0000] {dag.py:3096} INFO - Sync 1 DAGs
[2024-11-05T15:48:06.033+0000] {logging_mixin.py:188} INFO - [2024-11-05T15:48:06.033+0000] {dag.py:3954} INFO - Setting next_dagrun for example_complex to None, run_after=None
[2024-11-05T15:48:06.056+0000] {processor.py:183} INFO - Processing /home/airflow/.local/lib/python3.12/site-packages/airflow/example_dags/example_complex.py took 0.077 seconds
[2024-11-05T15:48:36.396+0000] {processor.py:161} INFO - Started process (PID=10577) to work on /home/airflow/.local/lib/python3.12/site-packages/airflow/example_dags/example_complex.py
[2024-11-05T15:48:36.397+0000] {processor.py:830} INFO - Processing file /home/airflow/.local/lib/python3.12/site-packages/airflow/example_dags/example_complex.py for tasks to queue
[2024-11-05T15:48:36.398+0000] {logging_mixin.py:188} INFO - [2024-11-05T15:48:36.398+0000] {dagbag.py:540} INFO - Filling up the DagBag from /home/airflow/.local/lib/python3.12/site-packages/airflow/example_dags/example_complex.py
[2024-11-05T15:48:36.406+0000] {processor.py:840} INFO - DAG(s) 'example_complex' retrieved from /home/airflow/.local/lib/python3.12/site-packages/airflow/example_dags/example_complex.py
[2024-11-05T15:48:36.431+0000] {logging_mixin.py:188} INFO - [2024-11-05T15:48:36.430+0000] {dag.py:3096} INFO - Sync 1 DAGs
[2024-11-05T15:48:36.442+0000] {logging_mixin.py:188} INFO - [2024-11-05T15:48:36.442+0000] {dag.py:3954} INFO - Setting next_dagrun for example_complex to None, run_after=None
[2024-11-05T15:48:36.463+0000] {processor.py:183} INFO - Processing /home/airflow/.local/lib/python3.12/site-packages/airflow/example_dags/example_complex.py took 0.071 seconds
[2024-11-05T15:49:06.964+0000] {processor.py:161} INFO - Started process (PID=10844) to work on /home/airflow/.local/lib/python3.12/site-packages/airflow/example_dags/example_complex.py
[2024-11-05T15:49:06.965+0000] {processor.py:830} INFO - Processing file /home/airflow/.local/lib/python3.12/site-packages/airflow/example_dags/example_complex.py for tasks to queue
[2024-11-05T15:49:06.966+0000] {logging_mixin.py:188} INFO - [2024-11-05T15:49:06.966+0000] {dagbag.py:540} INFO - Filling up the DagBag from /home/airflow/.local/lib/python3.12/site-packages/airflow/example_dags/example_complex.py
[2024-11-05T15:49:06.974+0000] {processor.py:840} INFO - DAG(s) 'example_complex' retrieved from /home/airflow/.local/lib/python3.12/site-packages/airflow/example_dags/example_complex.py
[2024-11-05T15:49:06.997+0000] {logging_mixin.py:188} INFO - [2024-11-05T15:49:06.997+0000] {dag.py:3096} INFO - Sync 1 DAGs
[2024-11-05T15:49:07.006+0000] {logging_mixin.py:188} INFO - [2024-11-05T15:49:07.006+0000] {dag.py:3954} INFO - Setting next_dagrun for example_complex to None, run_after=None
[2024-11-05T15:49:07.035+0000] {processor.py:183} INFO - Processing /home/airflow/.local/lib/python3.12/site-packages/airflow/example_dags/example_complex.py took 0.074 seconds
[2024-11-05T15:49:37.683+0000] {processor.py:161} INFO - Started process (PID=11110) to work on /home/airflow/.local/lib/python3.12/site-packages/airflow/example_dags/example_complex.py
[2024-11-05T15:49:37.683+0000] {processor.py:830} INFO - Processing file /home/airflow/.local/lib/python3.12/site-packages/airflow/example_dags/example_complex.py for tasks to queue
[2024-11-05T15:49:37.685+0000] {logging_mixin.py:188} INFO - [2024-11-05T15:49:37.685+0000] {dagbag.py:540} INFO - Filling up the DagBag from /home/airflow/.local/lib/python3.12/site-packages/airflow/example_dags/example_complex.py
[2024-11-05T15:49:37.692+0000] {processor.py:840} INFO - DAG(s) 'example_complex' retrieved from /home/airflow/.local/lib/python3.12/site-packages/airflow/example_dags/example_complex.py
[2024-11-05T15:49:37.715+0000] {logging_mixin.py:188} INFO - [2024-11-05T15:49:37.715+0000] {dag.py:3096} INFO - Sync 1 DAGs
[2024-11-05T15:49:37.724+0000] {logging_mixin.py:188} INFO - [2024-11-05T15:49:37.724+0000] {dag.py:3954} INFO - Setting next_dagrun for example_complex to None, run_after=None
[2024-11-05T15:49:37.743+0000] {processor.py:183} INFO - Processing /home/airflow/.local/lib/python3.12/site-packages/airflow/example_dags/example_complex.py took 0.064 seconds
[2024-11-05T15:50:08.302+0000] {processor.py:161} INFO - Started process (PID=11376) to work on /home/airflow/.local/lib/python3.12/site-packages/airflow/example_dags/example_complex.py
[2024-11-05T15:50:08.302+0000] {processor.py:830} INFO - Processing file /home/airflow/.local/lib/python3.12/site-packages/airflow/example_dags/example_complex.py for tasks to queue
[2024-11-05T15:50:08.304+0000] {logging_mixin.py:188} INFO - [2024-11-05T15:50:08.303+0000] {dagbag.py:540} INFO - Filling up the DagBag from /home/airflow/.local/lib/python3.12/site-packages/airflow/example_dags/example_complex.py
[2024-11-05T15:50:08.311+0000] {processor.py:840} INFO - DAG(s) 'example_complex' retrieved from /home/airflow/.local/lib/python3.12/site-packages/airflow/example_dags/example_complex.py
[2024-11-05T15:50:08.335+0000] {logging_mixin.py:188} INFO - [2024-11-05T15:50:08.335+0000] {dag.py:3096} INFO - Sync 1 DAGs
[2024-11-05T15:50:08.345+0000] {logging_mixin.py:188} INFO - [2024-11-05T15:50:08.344+0000] {dag.py:3954} INFO - Setting next_dagrun for example_complex to None, run_after=None
[2024-11-05T15:50:08.362+0000] {processor.py:183} INFO - Processing /home/airflow/.local/lib/python3.12/site-packages/airflow/example_dags/example_complex.py took 0.065 seconds
[2024-11-05T15:50:38.848+0000] {processor.py:161} INFO - Started process (PID=11642) to work on /home/airflow/.local/lib/python3.12/site-packages/airflow/example_dags/example_complex.py
[2024-11-05T15:50:38.849+0000] {processor.py:830} INFO - Processing file /home/airflow/.local/lib/python3.12/site-packages/airflow/example_dags/example_complex.py for tasks to queue
[2024-11-05T15:50:38.850+0000] {logging_mixin.py:188} INFO - [2024-11-05T15:50:38.850+0000] {dagbag.py:540} INFO - Filling up the DagBag from /home/airflow/.local/lib/python3.12/site-packages/airflow/example_dags/example_complex.py
[2024-11-05T15:50:38.858+0000] {processor.py:840} INFO - DAG(s) 'example_complex' retrieved from /home/airflow/.local/lib/python3.12/site-packages/airflow/example_dags/example_complex.py
[2024-11-05T15:50:38.881+0000] {logging_mixin.py:188} INFO - [2024-11-05T15:50:38.880+0000] {dag.py:3096} INFO - Sync 1 DAGs
[2024-11-05T15:50:38.890+0000] {logging_mixin.py:188} INFO - [2024-11-05T15:50:38.890+0000] {dag.py:3954} INFO - Setting next_dagrun for example_complex to None, run_after=None
[2024-11-05T15:50:38.909+0000] {processor.py:183} INFO - Processing /home/airflow/.local/lib/python3.12/site-packages/airflow/example_dags/example_complex.py took 0.065 seconds
[2024-11-05T15:51:09.553+0000] {processor.py:161} INFO - Started process (PID=11908) to work on /home/airflow/.local/lib/python3.12/site-packages/airflow/example_dags/example_complex.py
[2024-11-05T15:51:09.554+0000] {processor.py:830} INFO - Processing file /home/airflow/.local/lib/python3.12/site-packages/airflow/example_dags/example_complex.py for tasks to queue
[2024-11-05T15:51:09.555+0000] {logging_mixin.py:188} INFO - [2024-11-05T15:51:09.555+0000] {dagbag.py:540} INFO - Filling up the DagBag from /home/airflow/.local/lib/python3.12/site-packages/airflow/example_dags/example_complex.py
[2024-11-05T15:51:09.563+0000] {processor.py:840} INFO - DAG(s) 'example_complex' retrieved from /home/airflow/.local/lib/python3.12/site-packages/airflow/example_dags/example_complex.py
[2024-11-05T15:51:09.586+0000] {logging_mixin.py:188} INFO - [2024-11-05T15:51:09.586+0000] {dag.py:3096} INFO - Sync 1 DAGs
[2024-11-05T15:51:09.595+0000] {logging_mixin.py:188} INFO - [2024-11-05T15:51:09.595+0000] {dag.py:3954} INFO - Setting next_dagrun for example_complex to None, run_after=None
[2024-11-05T15:51:09.613+0000] {processor.py:183} INFO - Processing /home/airflow/.local/lib/python3.12/site-packages/airflow/example_dags/example_complex.py took 0.064 seconds
[2024-11-05T15:51:40.256+0000] {processor.py:161} INFO - Started process (PID=12174) to work on /home/airflow/.local/lib/python3.12/site-packages/airflow/example_dags/example_complex.py
[2024-11-05T15:51:40.257+0000] {processor.py:830} INFO - Processing file /home/airflow/.local/lib/python3.12/site-packages/airflow/example_dags/example_complex.py for tasks to queue
[2024-11-05T15:51:40.259+0000] {logging_mixin.py:188} INFO - [2024-11-05T15:51:40.258+0000] {dagbag.py:540} INFO - Filling up the DagBag from /home/airflow/.local/lib/python3.12/site-packages/airflow/example_dags/example_complex.py
[2024-11-05T15:51:40.267+0000] {processor.py:840} INFO - DAG(s) 'example_complex' retrieved from /home/airflow/.local/lib/python3.12/site-packages/airflow/example_dags/example_complex.py
[2024-11-05T15:51:40.293+0000] {logging_mixin.py:188} INFO - [2024-11-05T15:51:40.293+0000] {dag.py:3096} INFO - Sync 1 DAGs
[2024-11-05T15:51:40.302+0000] {logging_mixin.py:188} INFO - [2024-11-05T15:51:40.302+0000] {dag.py:3954} INFO - Setting next_dagrun for example_complex to None, run_after=None
[2024-11-05T15:51:40.322+0000] {processor.py:183} INFO - Processing /home/airflow/.local/lib/python3.12/site-packages/airflow/example_dags/example_complex.py took 0.071 seconds
[2024-11-05T15:52:10.739+0000] {processor.py:161} INFO - Started process (PID=12440) to work on /home/airflow/.local/lib/python3.12/site-packages/airflow/example_dags/example_complex.py
[2024-11-05T15:52:10.740+0000] {processor.py:830} INFO - Processing file /home/airflow/.local/lib/python3.12/site-packages/airflow/example_dags/example_complex.py for tasks to queue
[2024-11-05T15:52:10.741+0000] {logging_mixin.py:188} INFO - [2024-11-05T15:52:10.741+0000] {dagbag.py:540} INFO - Filling up the DagBag from /home/airflow/.local/lib/python3.12/site-packages/airflow/example_dags/example_complex.py
[2024-11-05T15:52:10.749+0000] {processor.py:840} INFO - DAG(s) 'example_complex' retrieved from /home/airflow/.local/lib/python3.12/site-packages/airflow/example_dags/example_complex.py
[2024-11-05T15:52:10.772+0000] {logging_mixin.py:188} INFO - [2024-11-05T15:52:10.772+0000] {dag.py:3096} INFO - Sync 1 DAGs
[2024-11-05T15:52:10.782+0000] {logging_mixin.py:188} INFO - [2024-11-05T15:52:10.782+0000] {dag.py:3954} INFO - Setting next_dagrun for example_complex to None, run_after=None
[2024-11-05T15:52:10.798+0000] {processor.py:183} INFO - Processing /home/airflow/.local/lib/python3.12/site-packages/airflow/example_dags/example_complex.py took 0.063 seconds
[2024-11-05T15:52:41.325+0000] {processor.py:161} INFO - Started process (PID=12706) to work on /home/airflow/.local/lib/python3.12/site-packages/airflow/example_dags/example_complex.py
[2024-11-05T15:52:41.325+0000] {processor.py:830} INFO - Processing file /home/airflow/.local/lib/python3.12/site-packages/airflow/example_dags/example_complex.py for tasks to queue
[2024-11-05T15:52:41.327+0000] {logging_mixin.py:188} INFO - [2024-11-05T15:52:41.326+0000] {dagbag.py:540} INFO - Filling up the DagBag from /home/airflow/.local/lib/python3.12/site-packages/airflow/example_dags/example_complex.py
[2024-11-05T15:52:41.334+0000] {processor.py:840} INFO - DAG(s) 'example_complex' retrieved from /home/airflow/.local/lib/python3.12/site-packages/airflow/example_dags/example_complex.py
[2024-11-05T15:52:41.357+0000] {logging_mixin.py:188} INFO - [2024-11-05T15:52:41.357+0000] {dag.py:3096} INFO - Sync 1 DAGs
[2024-11-05T15:52:41.368+0000] {logging_mixin.py:188} INFO - [2024-11-05T15:52:41.368+0000] {dag.py:3954} INFO - Setting next_dagrun for example_complex to None, run_after=None
[2024-11-05T15:52:41.390+0000] {processor.py:183} INFO - Processing /home/airflow/.local/lib/python3.12/site-packages/airflow/example_dags/example_complex.py took 0.069 seconds
[2024-11-05T15:53:11.919+0000] {processor.py:161} INFO - Started process (PID=12972) to work on /home/airflow/.local/lib/python3.12/site-packages/airflow/example_dags/example_complex.py
[2024-11-05T15:53:11.920+0000] {processor.py:830} INFO - Processing file /home/airflow/.local/lib/python3.12/site-packages/airflow/example_dags/example_complex.py for tasks to queue
[2024-11-05T15:53:11.921+0000] {logging_mixin.py:188} INFO - [2024-11-05T15:53:11.921+0000] {dagbag.py:540} INFO - Filling up the DagBag from /home/airflow/.local/lib/python3.12/site-packages/airflow/example_dags/example_complex.py
[2024-11-05T15:53:11.930+0000] {processor.py:840} INFO - DAG(s) 'example_complex' retrieved from /home/airflow/.local/lib/python3.12/site-packages/airflow/example_dags/example_complex.py
[2024-11-05T15:53:11.954+0000] {logging_mixin.py:188} INFO - [2024-11-05T15:53:11.954+0000] {dag.py:3096} INFO - Sync 1 DAGs
[2024-11-05T15:53:11.963+0000] {logging_mixin.py:188} INFO - [2024-11-05T15:53:11.963+0000] {dag.py:3954} INFO - Setting next_dagrun for example_complex to None, run_after=None
[2024-11-05T15:53:11.982+0000] {processor.py:183} INFO - Processing /home/airflow/.local/lib/python3.12/site-packages/airflow/example_dags/example_complex.py took 0.069 seconds
[2024-11-05T15:53:42.546+0000] {processor.py:161} INFO - Started process (PID=13245) to work on /home/airflow/.local/lib/python3.12/site-packages/airflow/example_dags/example_complex.py
[2024-11-05T15:53:42.547+0000] {processor.py:830} INFO - Processing file /home/airflow/.local/lib/python3.12/site-packages/airflow/example_dags/example_complex.py for tasks to queue
[2024-11-05T15:53:42.548+0000] {logging_mixin.py:188} INFO - [2024-11-05T15:53:42.548+0000] {dagbag.py:540} INFO - Filling up the DagBag from /home/airflow/.local/lib/python3.12/site-packages/airflow/example_dags/example_complex.py
[2024-11-05T15:53:42.559+0000] {processor.py:840} INFO - DAG(s) 'example_complex' retrieved from /home/airflow/.local/lib/python3.12/site-packages/airflow/example_dags/example_complex.py
[2024-11-05T15:53:42.591+0000] {logging_mixin.py:188} INFO - [2024-11-05T15:53:42.591+0000] {dag.py:3096} INFO - Sync 1 DAGs
[2024-11-05T15:53:42.604+0000] {logging_mixin.py:188} INFO - [2024-11-05T15:53:42.604+0000] {dag.py:3954} INFO - Setting next_dagrun for example_complex to None, run_after=None
[2024-11-05T15:53:42.627+0000] {processor.py:183} INFO - Processing /home/airflow/.local/lib/python3.12/site-packages/airflow/example_dags/example_complex.py took 0.085 seconds
[2024-11-05T15:54:13.174+0000] {processor.py:161} INFO - Started process (PID=13511) to work on /home/airflow/.local/lib/python3.12/site-packages/airflow/example_dags/example_complex.py
[2024-11-05T15:54:13.174+0000] {processor.py:830} INFO - Processing file /home/airflow/.local/lib/python3.12/site-packages/airflow/example_dags/example_complex.py for tasks to queue
[2024-11-05T15:54:13.176+0000] {logging_mixin.py:188} INFO - [2024-11-05T15:54:13.175+0000] {dagbag.py:540} INFO - Filling up the DagBag from /home/airflow/.local/lib/python3.12/site-packages/airflow/example_dags/example_complex.py
[2024-11-05T15:54:13.183+0000] {processor.py:840} INFO - DAG(s) 'example_complex' retrieved from /home/airflow/.local/lib/python3.12/site-packages/airflow/example_dags/example_complex.py
[2024-11-05T15:54:13.213+0000] {logging_mixin.py:188} INFO - [2024-11-05T15:54:13.213+0000] {dag.py:3096} INFO - Sync 1 DAGs
[2024-11-05T15:54:13.227+0000] {logging_mixin.py:188} INFO - [2024-11-05T15:54:13.226+0000] {dag.py:3954} INFO - Setting next_dagrun for example_complex to None, run_after=None
[2024-11-05T15:54:13.247+0000] {processor.py:183} INFO - Processing /home/airflow/.local/lib/python3.12/site-packages/airflow/example_dags/example_complex.py took 0.078 seconds
[2024-11-05T15:54:43.812+0000] {processor.py:161} INFO - Started process (PID=13777) to work on /home/airflow/.local/lib/python3.12/site-packages/airflow/example_dags/example_complex.py
[2024-11-05T15:54:43.813+0000] {processor.py:830} INFO - Processing file /home/airflow/.local/lib/python3.12/site-packages/airflow/example_dags/example_complex.py for tasks to queue
[2024-11-05T15:54:43.814+0000] {logging_mixin.py:188} INFO - [2024-11-05T15:54:43.814+0000] {dagbag.py:540} INFO - Filling up the DagBag from /home/airflow/.local/lib/python3.12/site-packages/airflow/example_dags/example_complex.py
[2024-11-05T15:54:43.822+0000] {processor.py:840} INFO - DAG(s) 'example_complex' retrieved from /home/airflow/.local/lib/python3.12/site-packages/airflow/example_dags/example_complex.py
[2024-11-05T15:54:43.845+0000] {logging_mixin.py:188} INFO - [2024-11-05T15:54:43.845+0000] {dag.py:3096} INFO - Sync 1 DAGs
[2024-11-05T15:54:43.854+0000] {logging_mixin.py:188} INFO - [2024-11-05T15:54:43.854+0000] {dag.py:3954} INFO - Setting next_dagrun for example_complex to None, run_after=None
[2024-11-05T15:54:43.870+0000] {processor.py:183} INFO - Processing /home/airflow/.local/lib/python3.12/site-packages/airflow/example_dags/example_complex.py took 0.063 seconds
[2024-11-05T15:55:14.414+0000] {processor.py:161} INFO - Started process (PID=14043) to work on /home/airflow/.local/lib/python3.12/site-packages/airflow/example_dags/example_complex.py
[2024-11-05T15:55:14.415+0000] {processor.py:830} INFO - Processing file /home/airflow/.local/lib/python3.12/site-packages/airflow/example_dags/example_complex.py for tasks to queue
[2024-11-05T15:55:14.416+0000] {logging_mixin.py:188} INFO - [2024-11-05T15:55:14.416+0000] {dagbag.py:540} INFO - Filling up the DagBag from /home/airflow/.local/lib/python3.12/site-packages/airflow/example_dags/example_complex.py
[2024-11-05T15:55:14.424+0000] {processor.py:840} INFO - DAG(s) 'example_complex' retrieved from /home/airflow/.local/lib/python3.12/site-packages/airflow/example_dags/example_complex.py
[2024-11-05T15:55:14.446+0000] {logging_mixin.py:188} INFO - [2024-11-05T15:55:14.446+0000] {dag.py:3096} INFO - Sync 1 DAGs
[2024-11-05T15:55:14.455+0000] {logging_mixin.py:188} INFO - [2024-11-05T15:55:14.455+0000] {dag.py:3954} INFO - Setting next_dagrun for example_complex to None, run_after=None
[2024-11-05T15:55:14.473+0000] {processor.py:183} INFO - Processing /home/airflow/.local/lib/python3.12/site-packages/airflow/example_dags/example_complex.py took 0.063 seconds
[2024-11-05T15:55:44.960+0000] {processor.py:161} INFO - Started process (PID=14309) to work on /home/airflow/.local/lib/python3.12/site-packages/airflow/example_dags/example_complex.py
[2024-11-05T15:55:44.960+0000] {processor.py:830} INFO - Processing file /home/airflow/.local/lib/python3.12/site-packages/airflow/example_dags/example_complex.py for tasks to queue
[2024-11-05T15:55:44.962+0000] {logging_mixin.py:188} INFO - [2024-11-05T15:55:44.961+0000] {dagbag.py:540} INFO - Filling up the DagBag from /home/airflow/.local/lib/python3.12/site-packages/airflow/example_dags/example_complex.py
[2024-11-05T15:55:44.969+0000] {processor.py:840} INFO - DAG(s) 'example_complex' retrieved from /home/airflow/.local/lib/python3.12/site-packages/airflow/example_dags/example_complex.py
[2024-11-05T15:55:44.993+0000] {logging_mixin.py:188} INFO - [2024-11-05T15:55:44.993+0000] {dag.py:3096} INFO - Sync 1 DAGs
[2024-11-05T15:55:45.002+0000] {logging_mixin.py:188} INFO - [2024-11-05T15:55:45.002+0000] {dag.py:3954} INFO - Setting next_dagrun for example_complex to None, run_after=None
[2024-11-05T15:55:45.023+0000] {processor.py:183} INFO - Processing /home/airflow/.local/lib/python3.12/site-packages/airflow/example_dags/example_complex.py took 0.067 seconds
[2024-11-05T15:56:15.634+0000] {processor.py:161} INFO - Started process (PID=14574) to work on /home/airflow/.local/lib/python3.12/site-packages/airflow/example_dags/example_complex.py
[2024-11-05T15:56:15.635+0000] {processor.py:830} INFO - Processing file /home/airflow/.local/lib/python3.12/site-packages/airflow/example_dags/example_complex.py for tasks to queue
[2024-11-05T15:56:15.637+0000] {logging_mixin.py:188} INFO - [2024-11-05T15:56:15.636+0000] {dagbag.py:540} INFO - Filling up the DagBag from /home/airflow/.local/lib/python3.12/site-packages/airflow/example_dags/example_complex.py
[2024-11-05T15:56:15.653+0000] {processor.py:840} INFO - DAG(s) 'example_complex' retrieved from /home/airflow/.local/lib/python3.12/site-packages/airflow/example_dags/example_complex.py
[2024-11-05T15:56:15.691+0000] {logging_mixin.py:188} INFO - [2024-11-05T15:56:15.690+0000] {dag.py:3096} INFO - Sync 1 DAGs
[2024-11-05T15:56:15.705+0000] {logging_mixin.py:188} INFO - [2024-11-05T15:56:15.705+0000] {dag.py:3954} INFO - Setting next_dagrun for example_complex to None, run_after=None
[2024-11-05T15:56:15.745+0000] {processor.py:183} INFO - Processing /home/airflow/.local/lib/python3.12/site-packages/airflow/example_dags/example_complex.py took 0.117 seconds
[2024-11-05T15:56:46.283+0000] {processor.py:161} INFO - Started process (PID=14841) to work on /home/airflow/.local/lib/python3.12/site-packages/airflow/example_dags/example_complex.py
[2024-11-05T15:56:46.283+0000] {processor.py:830} INFO - Processing file /home/airflow/.local/lib/python3.12/site-packages/airflow/example_dags/example_complex.py for tasks to queue
[2024-11-05T15:56:46.285+0000] {logging_mixin.py:188} INFO - [2024-11-05T15:56:46.284+0000] {dagbag.py:540} INFO - Filling up the DagBag from /home/airflow/.local/lib/python3.12/site-packages/airflow/example_dags/example_complex.py
[2024-11-05T15:56:46.293+0000] {processor.py:840} INFO - DAG(s) 'example_complex' retrieved from /home/airflow/.local/lib/python3.12/site-packages/airflow/example_dags/example_complex.py
[2024-11-05T15:56:46.316+0000] {logging_mixin.py:188} INFO - [2024-11-05T15:56:46.315+0000] {dag.py:3096} INFO - Sync 1 DAGs
[2024-11-05T15:56:46.325+0000] {logging_mixin.py:188} INFO - [2024-11-05T15:56:46.325+0000] {dag.py:3954} INFO - Setting next_dagrun for example_complex to None, run_after=None
[2024-11-05T15:56:46.341+0000] {processor.py:183} INFO - Processing /home/airflow/.local/lib/python3.12/site-packages/airflow/example_dags/example_complex.py took 0.062 seconds
[2024-11-05T15:57:17.033+0000] {processor.py:161} INFO - Started process (PID=15107) to work on /home/airflow/.local/lib/python3.12/site-packages/airflow/example_dags/example_complex.py
[2024-11-05T15:57:17.033+0000] {processor.py:830} INFO - Processing file /home/airflow/.local/lib/python3.12/site-packages/airflow/example_dags/example_complex.py for tasks to queue
[2024-11-05T15:57:17.034+0000] {logging_mixin.py:188} INFO - [2024-11-05T15:57:17.034+0000] {dagbag.py:540} INFO - Filling up the DagBag from /home/airflow/.local/lib/python3.12/site-packages/airflow/example_dags/example_complex.py
[2024-11-05T15:57:17.042+0000] {processor.py:840} INFO - DAG(s) 'example_complex' retrieved from /home/airflow/.local/lib/python3.12/site-packages/airflow/example_dags/example_complex.py
[2024-11-05T15:57:17.066+0000] {logging_mixin.py:188} INFO - [2024-11-05T15:57:17.066+0000] {dag.py:3096} INFO - Sync 1 DAGs
[2024-11-05T15:57:17.075+0000] {logging_mixin.py:188} INFO - [2024-11-05T15:57:17.075+0000] {dag.py:3954} INFO - Setting next_dagrun for example_complex to None, run_after=None
[2024-11-05T15:57:17.093+0000] {processor.py:183} INFO - Processing /home/airflow/.local/lib/python3.12/site-packages/airflow/example_dags/example_complex.py took 0.065 seconds
[2024-11-05T15:57:47.687+0000] {processor.py:161} INFO - Started process (PID=15373) to work on /home/airflow/.local/lib/python3.12/site-packages/airflow/example_dags/example_complex.py
[2024-11-05T15:57:47.687+0000] {processor.py:830} INFO - Processing file /home/airflow/.local/lib/python3.12/site-packages/airflow/example_dags/example_complex.py for tasks to queue
[2024-11-05T15:57:47.688+0000] {logging_mixin.py:188} INFO - [2024-11-05T15:57:47.688+0000] {dagbag.py:540} INFO - Filling up the DagBag from /home/airflow/.local/lib/python3.12/site-packages/airflow/example_dags/example_complex.py
[2024-11-05T15:57:47.696+0000] {processor.py:840} INFO - DAG(s) 'example_complex' retrieved from /home/airflow/.local/lib/python3.12/site-packages/airflow/example_dags/example_complex.py
[2024-11-05T15:57:47.719+0000] {logging_mixin.py:188} INFO - [2024-11-05T15:57:47.719+0000] {dag.py:3096} INFO - Sync 1 DAGs
[2024-11-05T15:57:47.729+0000] {logging_mixin.py:188} INFO - [2024-11-05T15:57:47.728+0000] {dag.py:3954} INFO - Setting next_dagrun for example_complex to None, run_after=None
[2024-11-05T15:57:47.764+0000] {processor.py:183} INFO - Processing /home/airflow/.local/lib/python3.12/site-packages/airflow/example_dags/example_complex.py took 0.082 seconds
[2024-11-05T15:58:18.291+0000] {processor.py:161} INFO - Started process (PID=15639) to work on /home/airflow/.local/lib/python3.12/site-packages/airflow/example_dags/example_complex.py
[2024-11-05T15:58:18.291+0000] {processor.py:830} INFO - Processing file /home/airflow/.local/lib/python3.12/site-packages/airflow/example_dags/example_complex.py for tasks to queue
[2024-11-05T15:58:18.293+0000] {logging_mixin.py:188} INFO - [2024-11-05T15:58:18.293+0000] {dagbag.py:540} INFO - Filling up the DagBag from /home/airflow/.local/lib/python3.12/site-packages/airflow/example_dags/example_complex.py
[2024-11-05T15:58:18.300+0000] {processor.py:840} INFO - DAG(s) 'example_complex' retrieved from /home/airflow/.local/lib/python3.12/site-packages/airflow/example_dags/example_complex.py
[2024-11-05T15:58:18.326+0000] {logging_mixin.py:188} INFO - [2024-11-05T15:58:18.326+0000] {dag.py:3096} INFO - Sync 1 DAGs
[2024-11-05T15:58:18.338+0000] {logging_mixin.py:188} INFO - [2024-11-05T15:58:18.338+0000] {dag.py:3954} INFO - Setting next_dagrun for example_complex to None, run_after=None
[2024-11-05T15:58:18.358+0000] {processor.py:183} INFO - Processing /home/airflow/.local/lib/python3.12/site-packages/airflow/example_dags/example_complex.py took 0.071 seconds
[2024-11-05T15:58:48.417+0000] {processor.py:161} INFO - Started process (PID=15908) to work on /home/airflow/.local/lib/python3.12/site-packages/airflow/example_dags/example_complex.py
[2024-11-05T15:58:48.418+0000] {processor.py:830} INFO - Processing file /home/airflow/.local/lib/python3.12/site-packages/airflow/example_dags/example_complex.py for tasks to queue
[2024-11-05T15:58:48.420+0000] {logging_mixin.py:188} INFO - [2024-11-05T15:58:48.419+0000] {dagbag.py:540} INFO - Filling up the DagBag from /home/airflow/.local/lib/python3.12/site-packages/airflow/example_dags/example_complex.py
[2024-11-05T15:58:48.432+0000] {processor.py:840} INFO - DAG(s) 'example_complex' retrieved from /home/airflow/.local/lib/python3.12/site-packages/airflow/example_dags/example_complex.py
[2024-11-05T15:58:48.470+0000] {logging_mixin.py:188} INFO - [2024-11-05T15:58:48.470+0000] {dag.py:3096} INFO - Sync 1 DAGs
[2024-11-05T15:58:48.482+0000] {logging_mixin.py:188} INFO - [2024-11-05T15:58:48.482+0000] {dag.py:3954} INFO - Setting next_dagrun for example_complex to None, run_after=None
[2024-11-05T15:58:48.509+0000] {processor.py:183} INFO - Processing /home/airflow/.local/lib/python3.12/site-packages/airflow/example_dags/example_complex.py took 0.099 seconds
