[2024-11-05T15:28:40.721+0000] {processor.py:161} INFO - Started process (PID=214) to work on /home/airflow/.local/lib/python3.12/site-packages/airflow/example_dags/example_bash_operator.py
[2024-11-05T15:28:40.722+0000] {processor.py:830} INFO - Processing file /home/airflow/.local/lib/python3.12/site-packages/airflow/example_dags/example_bash_operator.py for tasks to queue
[2024-11-05T15:28:40.724+0000] {logging_mixin.py:188} INFO - [2024-11-05T15:28:40.724+0000] {dagbag.py:540} INFO - Filling up the DagBag from /home/airflow/.local/lib/python3.12/site-packages/airflow/example_dags/example_bash_operator.py
[2024-11-05T15:28:40.748+0000] {processor.py:840} INFO - DAG(s) 'example_bash_operator' retrieved from /home/airflow/.local/lib/python3.12/site-packages/airflow/example_dags/example_bash_operator.py
[2024-11-05T15:28:40.780+0000] {logging_mixin.py:188} INFO - [2024-11-05T15:28:40.780+0000] {dag.py:3096} INFO - Sync 1 DAGs
[2024-11-05T15:28:40.808+0000] {logging_mixin.py:188} INFO - [2024-11-05T15:28:40.808+0000] {dag.py:3954} INFO - Setting next_dagrun for example_bash_operator to 2024-11-04 00:00:00+00:00, run_after=2024-11-05 00:00:00+00:00
[2024-11-05T15:28:40.939+0000] {processor.py:183} INFO - Processing /home/airflow/.local/lib/python3.12/site-packages/airflow/example_dags/example_bash_operator.py took 0.223 seconds
[2024-11-05T15:29:12.223+0000] {processor.py:161} INFO - Started process (PID=480) to work on /home/airflow/.local/lib/python3.12/site-packages/airflow/example_dags/example_bash_operator.py
[2024-11-05T15:29:12.224+0000] {processor.py:830} INFO - Processing file /home/airflow/.local/lib/python3.12/site-packages/airflow/example_dags/example_bash_operator.py for tasks to queue
[2024-11-05T15:29:12.226+0000] {logging_mixin.py:188} INFO - [2024-11-05T15:29:12.226+0000] {dagbag.py:540} INFO - Filling up the DagBag from /home/airflow/.local/lib/python3.12/site-packages/airflow/example_dags/example_bash_operator.py
[2024-11-05T15:29:12.242+0000] {processor.py:840} INFO - DAG(s) 'example_bash_operator' retrieved from /home/airflow/.local/lib/python3.12/site-packages/airflow/example_dags/example_bash_operator.py
[2024-11-05T15:29:12.270+0000] {logging_mixin.py:188} INFO - [2024-11-05T15:29:12.269+0000] {dag.py:3096} INFO - Sync 1 DAGs
[2024-11-05T15:29:12.287+0000] {logging_mixin.py:188} INFO - [2024-11-05T15:29:12.287+0000] {dag.py:3954} INFO - Setting next_dagrun for example_bash_operator to 2024-11-04 00:00:00+00:00, run_after=2024-11-05 00:00:00+00:00
[2024-11-05T15:29:12.837+0000] {processor.py:183} INFO - Processing /home/airflow/.local/lib/python3.12/site-packages/airflow/example_dags/example_bash_operator.py took 0.619 seconds
[2024-11-05T15:29:45.315+0000] {processor.py:161} INFO - Started process (PID=748) to work on /home/airflow/.local/lib/python3.12/site-packages/airflow/example_dags/example_bash_operator.py
[2024-11-05T15:29:45.316+0000] {processor.py:830} INFO - Processing file /home/airflow/.local/lib/python3.12/site-packages/airflow/example_dags/example_bash_operator.py for tasks to queue
[2024-11-05T15:29:45.317+0000] {logging_mixin.py:188} INFO - [2024-11-05T15:29:45.317+0000] {dagbag.py:540} INFO - Filling up the DagBag from /home/airflow/.local/lib/python3.12/site-packages/airflow/example_dags/example_bash_operator.py
[2024-11-05T15:29:45.331+0000] {processor.py:840} INFO - DAG(s) 'example_bash_operator' retrieved from /home/airflow/.local/lib/python3.12/site-packages/airflow/example_dags/example_bash_operator.py
[2024-11-05T15:29:45.355+0000] {logging_mixin.py:188} INFO - [2024-11-05T15:29:45.355+0000] {dag.py:3096} INFO - Sync 1 DAGs
[2024-11-05T15:29:45.382+0000] {logging_mixin.py:188} INFO - [2024-11-05T15:29:45.382+0000] {dag.py:3954} INFO - Setting next_dagrun for example_bash_operator to 2024-11-04 00:00:00+00:00, run_after=2024-11-05 00:00:00+00:00
[2024-11-05T15:29:45.690+0000] {processor.py:183} INFO - Processing /home/airflow/.local/lib/python3.12/site-packages/airflow/example_dags/example_bash_operator.py took 0.381 seconds
[2024-11-05T15:30:15.790+0000] {processor.py:161} INFO - Started process (PID=1014) to work on /home/airflow/.local/lib/python3.12/site-packages/airflow/example_dags/example_bash_operator.py
[2024-11-05T15:30:15.791+0000] {processor.py:830} INFO - Processing file /home/airflow/.local/lib/python3.12/site-packages/airflow/example_dags/example_bash_operator.py for tasks to queue
[2024-11-05T15:30:15.792+0000] {logging_mixin.py:188} INFO - [2024-11-05T15:30:15.792+0000] {dagbag.py:540} INFO - Filling up the DagBag from /home/airflow/.local/lib/python3.12/site-packages/airflow/example_dags/example_bash_operator.py
[2024-11-05T15:30:15.802+0000] {processor.py:840} INFO - DAG(s) 'example_bash_operator' retrieved from /home/airflow/.local/lib/python3.12/site-packages/airflow/example_dags/example_bash_operator.py
[2024-11-05T15:30:15.824+0000] {logging_mixin.py:188} INFO - [2024-11-05T15:30:15.824+0000] {dag.py:3096} INFO - Sync 1 DAGs
[2024-11-05T15:30:15.842+0000] {logging_mixin.py:188} INFO - [2024-11-05T15:30:15.841+0000] {dag.py:3954} INFO - Setting next_dagrun for example_bash_operator to 2024-11-04 00:00:00+00:00, run_after=2024-11-05 00:00:00+00:00
[2024-11-05T15:30:15.865+0000] {processor.py:183} INFO - Processing /home/airflow/.local/lib/python3.12/site-packages/airflow/example_dags/example_bash_operator.py took 0.080 seconds
[2024-11-05T15:30:46.371+0000] {processor.py:161} INFO - Started process (PID=1278) to work on /home/airflow/.local/lib/python3.12/site-packages/airflow/example_dags/example_bash_operator.py
[2024-11-05T15:30:46.372+0000] {processor.py:830} INFO - Processing file /home/airflow/.local/lib/python3.12/site-packages/airflow/example_dags/example_bash_operator.py for tasks to queue
[2024-11-05T15:30:46.373+0000] {logging_mixin.py:188} INFO - [2024-11-05T15:30:46.373+0000] {dagbag.py:540} INFO - Filling up the DagBag from /home/airflow/.local/lib/python3.12/site-packages/airflow/example_dags/example_bash_operator.py
[2024-11-05T15:30:46.385+0000] {processor.py:840} INFO - DAG(s) 'example_bash_operator' retrieved from /home/airflow/.local/lib/python3.12/site-packages/airflow/example_dags/example_bash_operator.py
[2024-11-05T15:30:46.411+0000] {logging_mixin.py:188} INFO - [2024-11-05T15:30:46.411+0000] {dag.py:3096} INFO - Sync 1 DAGs
[2024-11-05T15:30:46.429+0000] {logging_mixin.py:188} INFO - [2024-11-05T15:30:46.429+0000] {dag.py:3954} INFO - Setting next_dagrun for example_bash_operator to 2024-11-04 00:00:00+00:00, run_after=2024-11-05 00:00:00+00:00
[2024-11-05T15:30:46.448+0000] {processor.py:183} INFO - Processing /home/airflow/.local/lib/python3.12/site-packages/airflow/example_dags/example_bash_operator.py took 0.081 seconds
[2024-11-05T15:31:17.109+0000] {processor.py:161} INFO - Started process (PID=1546) to work on /home/airflow/.local/lib/python3.12/site-packages/airflow/example_dags/example_bash_operator.py
[2024-11-05T15:31:17.110+0000] {processor.py:830} INFO - Processing file /home/airflow/.local/lib/python3.12/site-packages/airflow/example_dags/example_bash_operator.py for tasks to queue
[2024-11-05T15:31:17.112+0000] {logging_mixin.py:188} INFO - [2024-11-05T15:31:17.111+0000] {dagbag.py:540} INFO - Filling up the DagBag from /home/airflow/.local/lib/python3.12/site-packages/airflow/example_dags/example_bash_operator.py
[2024-11-05T15:31:17.124+0000] {processor.py:840} INFO - DAG(s) 'example_bash_operator' retrieved from /home/airflow/.local/lib/python3.12/site-packages/airflow/example_dags/example_bash_operator.py
[2024-11-05T15:31:17.153+0000] {logging_mixin.py:188} INFO - [2024-11-05T15:31:17.153+0000] {dag.py:3096} INFO - Sync 1 DAGs
[2024-11-05T15:31:17.170+0000] {logging_mixin.py:188} INFO - [2024-11-05T15:31:17.170+0000] {dag.py:3954} INFO - Setting next_dagrun for example_bash_operator to 2024-11-04 00:00:00+00:00, run_after=2024-11-05 00:00:00+00:00
[2024-11-05T15:31:17.200+0000] {processor.py:183} INFO - Processing /home/airflow/.local/lib/python3.12/site-packages/airflow/example_dags/example_bash_operator.py took 0.096 seconds
[2024-11-05T15:31:47.790+0000] {processor.py:161} INFO - Started process (PID=1812) to work on /home/airflow/.local/lib/python3.12/site-packages/airflow/example_dags/example_bash_operator.py
[2024-11-05T15:31:47.791+0000] {processor.py:830} INFO - Processing file /home/airflow/.local/lib/python3.12/site-packages/airflow/example_dags/example_bash_operator.py for tasks to queue
[2024-11-05T15:31:47.792+0000] {logging_mixin.py:188} INFO - [2024-11-05T15:31:47.792+0000] {dagbag.py:540} INFO - Filling up the DagBag from /home/airflow/.local/lib/python3.12/site-packages/airflow/example_dags/example_bash_operator.py
[2024-11-05T15:31:47.801+0000] {processor.py:840} INFO - DAG(s) 'example_bash_operator' retrieved from /home/airflow/.local/lib/python3.12/site-packages/airflow/example_dags/example_bash_operator.py
[2024-11-05T15:31:47.827+0000] {logging_mixin.py:188} INFO - [2024-11-05T15:31:47.826+0000] {dag.py:3096} INFO - Sync 1 DAGs
[2024-11-05T15:31:47.846+0000] {logging_mixin.py:188} INFO - [2024-11-05T15:31:47.846+0000] {dag.py:3954} INFO - Setting next_dagrun for example_bash_operator to 2024-11-04 00:00:00+00:00, run_after=2024-11-05 00:00:00+00:00
[2024-11-05T15:31:47.866+0000] {processor.py:183} INFO - Processing /home/airflow/.local/lib/python3.12/site-packages/airflow/example_dags/example_bash_operator.py took 0.080 seconds
[2024-11-05T15:32:18.562+0000] {processor.py:161} INFO - Started process (PID=2076) to work on /home/airflow/.local/lib/python3.12/site-packages/airflow/example_dags/example_bash_operator.py
[2024-11-05T15:32:18.562+0000] {processor.py:830} INFO - Processing file /home/airflow/.local/lib/python3.12/site-packages/airflow/example_dags/example_bash_operator.py for tasks to queue
[2024-11-05T15:32:18.564+0000] {logging_mixin.py:188} INFO - [2024-11-05T15:32:18.564+0000] {dagbag.py:540} INFO - Filling up the DagBag from /home/airflow/.local/lib/python3.12/site-packages/airflow/example_dags/example_bash_operator.py
[2024-11-05T15:32:18.572+0000] {processor.py:840} INFO - DAG(s) 'example_bash_operator' retrieved from /home/airflow/.local/lib/python3.12/site-packages/airflow/example_dags/example_bash_operator.py
[2024-11-05T15:32:18.599+0000] {logging_mixin.py:188} INFO - [2024-11-05T15:32:18.599+0000] {dag.py:3096} INFO - Sync 1 DAGs
[2024-11-05T15:32:18.620+0000] {logging_mixin.py:188} INFO - [2024-11-05T15:32:18.620+0000] {dag.py:3954} INFO - Setting next_dagrun for example_bash_operator to 2024-11-04 00:00:00+00:00, run_after=2024-11-05 00:00:00+00:00
[2024-11-05T15:32:18.638+0000] {processor.py:183} INFO - Processing /home/airflow/.local/lib/python3.12/site-packages/airflow/example_dags/example_bash_operator.py took 0.081 seconds
[2024-11-05T15:32:49.447+0000] {processor.py:161} INFO - Started process (PID=2342) to work on /home/airflow/.local/lib/python3.12/site-packages/airflow/example_dags/example_bash_operator.py
[2024-11-05T15:32:49.448+0000] {processor.py:830} INFO - Processing file /home/airflow/.local/lib/python3.12/site-packages/airflow/example_dags/example_bash_operator.py for tasks to queue
[2024-11-05T15:32:49.450+0000] {logging_mixin.py:188} INFO - [2024-11-05T15:32:49.450+0000] {dagbag.py:540} INFO - Filling up the DagBag from /home/airflow/.local/lib/python3.12/site-packages/airflow/example_dags/example_bash_operator.py
[2024-11-05T15:32:49.458+0000] {processor.py:840} INFO - DAG(s) 'example_bash_operator' retrieved from /home/airflow/.local/lib/python3.12/site-packages/airflow/example_dags/example_bash_operator.py
[2024-11-05T15:32:49.482+0000] {logging_mixin.py:188} INFO - [2024-11-05T15:32:49.482+0000] {dag.py:3096} INFO - Sync 1 DAGs
[2024-11-05T15:32:49.510+0000] {logging_mixin.py:188} INFO - [2024-11-05T15:32:49.510+0000] {dag.py:3954} INFO - Setting next_dagrun for example_bash_operator to 2024-11-04 00:00:00+00:00, run_after=2024-11-05 00:00:00+00:00
[2024-11-05T15:32:49.537+0000] {processor.py:183} INFO - Processing /home/airflow/.local/lib/python3.12/site-packages/airflow/example_dags/example_bash_operator.py took 0.095 seconds
[2024-11-05T15:33:20.206+0000] {processor.py:161} INFO - Started process (PID=2609) to work on /home/airflow/.local/lib/python3.12/site-packages/airflow/example_dags/example_bash_operator.py
[2024-11-05T15:33:20.207+0000] {processor.py:830} INFO - Processing file /home/airflow/.local/lib/python3.12/site-packages/airflow/example_dags/example_bash_operator.py for tasks to queue
[2024-11-05T15:33:20.208+0000] {logging_mixin.py:188} INFO - [2024-11-05T15:33:20.208+0000] {dagbag.py:540} INFO - Filling up the DagBag from /home/airflow/.local/lib/python3.12/site-packages/airflow/example_dags/example_bash_operator.py
[2024-11-05T15:33:20.217+0000] {processor.py:840} INFO - DAG(s) 'example_bash_operator' retrieved from /home/airflow/.local/lib/python3.12/site-packages/airflow/example_dags/example_bash_operator.py
[2024-11-05T15:33:20.238+0000] {logging_mixin.py:188} INFO - [2024-11-05T15:33:20.238+0000] {dag.py:3096} INFO - Sync 1 DAGs
[2024-11-05T15:33:20.255+0000] {logging_mixin.py:188} INFO - [2024-11-05T15:33:20.255+0000] {dag.py:3954} INFO - Setting next_dagrun for example_bash_operator to 2024-11-04 00:00:00+00:00, run_after=2024-11-05 00:00:00+00:00
[2024-11-05T15:33:20.274+0000] {processor.py:183} INFO - Processing /home/airflow/.local/lib/python3.12/site-packages/airflow/example_dags/example_bash_operator.py took 0.073 seconds
[2024-11-05T15:33:51.127+0000] {processor.py:161} INFO - Started process (PID=2877) to work on /home/airflow/.local/lib/python3.12/site-packages/airflow/example_dags/example_bash_operator.py
[2024-11-05T15:33:51.127+0000] {processor.py:830} INFO - Processing file /home/airflow/.local/lib/python3.12/site-packages/airflow/example_dags/example_bash_operator.py for tasks to queue
[2024-11-05T15:33:51.129+0000] {logging_mixin.py:188} INFO - [2024-11-05T15:33:51.128+0000] {dagbag.py:540} INFO - Filling up the DagBag from /home/airflow/.local/lib/python3.12/site-packages/airflow/example_dags/example_bash_operator.py
[2024-11-05T15:33:51.139+0000] {processor.py:840} INFO - DAG(s) 'example_bash_operator' retrieved from /home/airflow/.local/lib/python3.12/site-packages/airflow/example_dags/example_bash_operator.py
[2024-11-05T15:33:51.160+0000] {logging_mixin.py:188} INFO - [2024-11-05T15:33:51.160+0000] {dag.py:3096} INFO - Sync 1 DAGs
[2024-11-05T15:33:51.178+0000] {logging_mixin.py:188} INFO - [2024-11-05T15:33:51.177+0000] {dag.py:3954} INFO - Setting next_dagrun for example_bash_operator to 2024-11-04 00:00:00+00:00, run_after=2024-11-05 00:00:00+00:00
[2024-11-05T15:33:51.194+0000] {processor.py:183} INFO - Processing /home/airflow/.local/lib/python3.12/site-packages/airflow/example_dags/example_bash_operator.py took 0.072 seconds
[2024-11-05T15:34:21.419+0000] {processor.py:161} INFO - Started process (PID=3143) to work on /home/airflow/.local/lib/python3.12/site-packages/airflow/example_dags/example_bash_operator.py
[2024-11-05T15:34:21.420+0000] {processor.py:830} INFO - Processing file /home/airflow/.local/lib/python3.12/site-packages/airflow/example_dags/example_bash_operator.py for tasks to queue
[2024-11-05T15:34:21.421+0000] {logging_mixin.py:188} INFO - [2024-11-05T15:34:21.421+0000] {dagbag.py:540} INFO - Filling up the DagBag from /home/airflow/.local/lib/python3.12/site-packages/airflow/example_dags/example_bash_operator.py
[2024-11-05T15:34:21.430+0000] {processor.py:840} INFO - DAG(s) 'example_bash_operator' retrieved from /home/airflow/.local/lib/python3.12/site-packages/airflow/example_dags/example_bash_operator.py
[2024-11-05T15:34:21.452+0000] {logging_mixin.py:188} INFO - [2024-11-05T15:34:21.452+0000] {dag.py:3096} INFO - Sync 1 DAGs
[2024-11-05T15:34:21.608+0000] {logging_mixin.py:188} INFO - [2024-11-05T15:34:21.608+0000] {dag.py:3954} INFO - Setting next_dagrun for example_bash_operator to 2024-11-04 00:00:00+00:00, run_after=2024-11-05 00:00:00+00:00
[2024-11-05T15:34:21.627+0000] {processor.py:183} INFO - Processing /home/airflow/.local/lib/python3.12/site-packages/airflow/example_dags/example_bash_operator.py took 0.212 seconds
[2024-11-05T15:34:51.885+0000] {processor.py:161} INFO - Started process (PID=3407) to work on /home/airflow/.local/lib/python3.12/site-packages/airflow/example_dags/example_bash_operator.py
[2024-11-05T15:34:51.885+0000] {processor.py:830} INFO - Processing file /home/airflow/.local/lib/python3.12/site-packages/airflow/example_dags/example_bash_operator.py for tasks to queue
[2024-11-05T15:34:51.887+0000] {logging_mixin.py:188} INFO - [2024-11-05T15:34:51.886+0000] {dagbag.py:540} INFO - Filling up the DagBag from /home/airflow/.local/lib/python3.12/site-packages/airflow/example_dags/example_bash_operator.py
[2024-11-05T15:34:51.895+0000] {processor.py:840} INFO - DAG(s) 'example_bash_operator' retrieved from /home/airflow/.local/lib/python3.12/site-packages/airflow/example_dags/example_bash_operator.py
[2024-11-05T15:34:51.919+0000] {logging_mixin.py:188} INFO - [2024-11-05T15:34:51.919+0000] {dag.py:3096} INFO - Sync 1 DAGs
[2024-11-05T15:34:51.943+0000] {logging_mixin.py:188} INFO - [2024-11-05T15:34:51.943+0000] {dag.py:3954} INFO - Setting next_dagrun for example_bash_operator to 2024-11-04 00:00:00+00:00, run_after=2024-11-05 00:00:00+00:00
[2024-11-05T15:34:52.150+0000] {processor.py:183} INFO - Processing /home/airflow/.local/lib/python3.12/site-packages/airflow/example_dags/example_bash_operator.py took 0.270 seconds
[2024-11-05T15:35:22.193+0000] {processor.py:161} INFO - Started process (PID=3685) to work on /home/airflow/.local/lib/python3.12/site-packages/airflow/example_dags/example_bash_operator.py
[2024-11-05T15:35:22.193+0000] {processor.py:830} INFO - Processing file /home/airflow/.local/lib/python3.12/site-packages/airflow/example_dags/example_bash_operator.py for tasks to queue
[2024-11-05T15:35:22.195+0000] {logging_mixin.py:188} INFO - [2024-11-05T15:35:22.194+0000] {dagbag.py:540} INFO - Filling up the DagBag from /home/airflow/.local/lib/python3.12/site-packages/airflow/example_dags/example_bash_operator.py
[2024-11-05T15:35:22.204+0000] {processor.py:840} INFO - DAG(s) 'example_bash_operator' retrieved from /home/airflow/.local/lib/python3.12/site-packages/airflow/example_dags/example_bash_operator.py
[2024-11-05T15:35:22.226+0000] {logging_mixin.py:188} INFO - [2024-11-05T15:35:22.226+0000] {dag.py:3096} INFO - Sync 1 DAGs
[2024-11-05T15:35:22.247+0000] {logging_mixin.py:188} INFO - [2024-11-05T15:35:22.246+0000] {dag.py:3954} INFO - Setting next_dagrun for example_bash_operator to 2024-11-04 00:00:00+00:00, run_after=2024-11-05 00:00:00+00:00
[2024-11-05T15:35:22.415+0000] {processor.py:183} INFO - Processing /home/airflow/.local/lib/python3.12/site-packages/airflow/example_dags/example_bash_operator.py took 0.226 seconds
[2024-11-05T15:35:53.262+0000] {processor.py:161} INFO - Started process (PID=3951) to work on /home/airflow/.local/lib/python3.12/site-packages/airflow/example_dags/example_bash_operator.py
[2024-11-05T15:35:53.263+0000] {processor.py:830} INFO - Processing file /home/airflow/.local/lib/python3.12/site-packages/airflow/example_dags/example_bash_operator.py for tasks to queue
[2024-11-05T15:35:53.264+0000] {logging_mixin.py:188} INFO - [2024-11-05T15:35:53.264+0000] {dagbag.py:540} INFO - Filling up the DagBag from /home/airflow/.local/lib/python3.12/site-packages/airflow/example_dags/example_bash_operator.py
[2024-11-05T15:35:53.273+0000] {processor.py:840} INFO - DAG(s) 'example_bash_operator' retrieved from /home/airflow/.local/lib/python3.12/site-packages/airflow/example_dags/example_bash_operator.py
[2024-11-05T15:35:53.294+0000] {logging_mixin.py:188} INFO - [2024-11-05T15:35:53.294+0000] {dag.py:3096} INFO - Sync 1 DAGs
[2024-11-05T15:35:53.311+0000] {logging_mixin.py:188} INFO - [2024-11-05T15:35:53.311+0000] {dag.py:3954} INFO - Setting next_dagrun for example_bash_operator to 2024-11-04 00:00:00+00:00, run_after=2024-11-05 00:00:00+00:00
[2024-11-05T15:35:53.367+0000] {processor.py:183} INFO - Processing /home/airflow/.local/lib/python3.12/site-packages/airflow/example_dags/example_bash_operator.py took 0.109 seconds
[2024-11-05T15:36:23.775+0000] {processor.py:161} INFO - Started process (PID=4217) to work on /home/airflow/.local/lib/python3.12/site-packages/airflow/example_dags/example_bash_operator.py
[2024-11-05T15:36:23.775+0000] {processor.py:830} INFO - Processing file /home/airflow/.local/lib/python3.12/site-packages/airflow/example_dags/example_bash_operator.py for tasks to queue
[2024-11-05T15:36:23.777+0000] {logging_mixin.py:188} INFO - [2024-11-05T15:36:23.777+0000] {dagbag.py:540} INFO - Filling up the DagBag from /home/airflow/.local/lib/python3.12/site-packages/airflow/example_dags/example_bash_operator.py
[2024-11-05T15:36:23.786+0000] {processor.py:840} INFO - DAG(s) 'example_bash_operator' retrieved from /home/airflow/.local/lib/python3.12/site-packages/airflow/example_dags/example_bash_operator.py
[2024-11-05T15:36:23.809+0000] {logging_mixin.py:188} INFO - [2024-11-05T15:36:23.809+0000] {dag.py:3096} INFO - Sync 1 DAGs
[2024-11-05T15:36:23.828+0000] {logging_mixin.py:188} INFO - [2024-11-05T15:36:23.828+0000] {dag.py:3954} INFO - Setting next_dagrun for example_bash_operator to 2024-11-04 00:00:00+00:00, run_after=2024-11-05 00:00:00+00:00
[2024-11-05T15:36:23.846+0000] {processor.py:183} INFO - Processing /home/airflow/.local/lib/python3.12/site-packages/airflow/example_dags/example_bash_operator.py took 0.076 seconds
[2024-11-05T15:36:54.471+0000] {processor.py:161} INFO - Started process (PID=4483) to work on /home/airflow/.local/lib/python3.12/site-packages/airflow/example_dags/example_bash_operator.py
[2024-11-05T15:36:54.472+0000] {processor.py:830} INFO - Processing file /home/airflow/.local/lib/python3.12/site-packages/airflow/example_dags/example_bash_operator.py for tasks to queue
[2024-11-05T15:36:54.474+0000] {logging_mixin.py:188} INFO - [2024-11-05T15:36:54.474+0000] {dagbag.py:540} INFO - Filling up the DagBag from /home/airflow/.local/lib/python3.12/site-packages/airflow/example_dags/example_bash_operator.py
[2024-11-05T15:36:54.485+0000] {processor.py:840} INFO - DAG(s) 'example_bash_operator' retrieved from /home/airflow/.local/lib/python3.12/site-packages/airflow/example_dags/example_bash_operator.py
[2024-11-05T15:36:54.506+0000] {logging_mixin.py:188} INFO - [2024-11-05T15:36:54.506+0000] {dag.py:3096} INFO - Sync 1 DAGs
[2024-11-05T15:36:54.522+0000] {logging_mixin.py:188} INFO - [2024-11-05T15:36:54.522+0000] {dag.py:3954} INFO - Setting next_dagrun for example_bash_operator to 2024-11-04 00:00:00+00:00, run_after=2024-11-05 00:00:00+00:00
[2024-11-05T15:36:54.542+0000] {processor.py:183} INFO - Processing /home/airflow/.local/lib/python3.12/site-packages/airflow/example_dags/example_bash_operator.py took 0.075 seconds
[2024-11-05T15:37:25.020+0000] {processor.py:161} INFO - Started process (PID=4749) to work on /home/airflow/.local/lib/python3.12/site-packages/airflow/example_dags/example_bash_operator.py
[2024-11-05T15:37:25.021+0000] {processor.py:830} INFO - Processing file /home/airflow/.local/lib/python3.12/site-packages/airflow/example_dags/example_bash_operator.py for tasks to queue
[2024-11-05T15:37:25.022+0000] {logging_mixin.py:188} INFO - [2024-11-05T15:37:25.022+0000] {dagbag.py:540} INFO - Filling up the DagBag from /home/airflow/.local/lib/python3.12/site-packages/airflow/example_dags/example_bash_operator.py
[2024-11-05T15:37:25.031+0000] {processor.py:840} INFO - DAG(s) 'example_bash_operator' retrieved from /home/airflow/.local/lib/python3.12/site-packages/airflow/example_dags/example_bash_operator.py
[2024-11-05T15:37:25.059+0000] {logging_mixin.py:188} INFO - [2024-11-05T15:37:25.058+0000] {dag.py:3096} INFO - Sync 1 DAGs
[2024-11-05T15:37:25.080+0000] {logging_mixin.py:188} INFO - [2024-11-05T15:37:25.080+0000] {dag.py:3954} INFO - Setting next_dagrun for example_bash_operator to 2024-11-04 00:00:00+00:00, run_after=2024-11-05 00:00:00+00:00
[2024-11-05T15:37:25.104+0000] {processor.py:183} INFO - Processing /home/airflow/.local/lib/python3.12/site-packages/airflow/example_dags/example_bash_operator.py took 0.090 seconds
[2024-11-05T15:37:55.540+0000] {processor.py:161} INFO - Started process (PID=5015) to work on /home/airflow/.local/lib/python3.12/site-packages/airflow/example_dags/example_bash_operator.py
[2024-11-05T15:37:55.541+0000] {processor.py:830} INFO - Processing file /home/airflow/.local/lib/python3.12/site-packages/airflow/example_dags/example_bash_operator.py for tasks to queue
[2024-11-05T15:37:55.542+0000] {logging_mixin.py:188} INFO - [2024-11-05T15:37:55.542+0000] {dagbag.py:540} INFO - Filling up the DagBag from /home/airflow/.local/lib/python3.12/site-packages/airflow/example_dags/example_bash_operator.py
[2024-11-05T15:37:55.551+0000] {processor.py:840} INFO - DAG(s) 'example_bash_operator' retrieved from /home/airflow/.local/lib/python3.12/site-packages/airflow/example_dags/example_bash_operator.py
[2024-11-05T15:37:55.579+0000] {logging_mixin.py:188} INFO - [2024-11-05T15:37:55.579+0000] {dag.py:3096} INFO - Sync 1 DAGs
[2024-11-05T15:37:55.600+0000] {logging_mixin.py:188} INFO - [2024-11-05T15:37:55.600+0000] {dag.py:3954} INFO - Setting next_dagrun for example_bash_operator to 2024-11-04 00:00:00+00:00, run_after=2024-11-05 00:00:00+00:00
[2024-11-05T15:37:55.618+0000] {processor.py:183} INFO - Processing /home/airflow/.local/lib/python3.12/site-packages/airflow/example_dags/example_bash_operator.py took 0.082 seconds
[2024-11-05T15:38:26.161+0000] {processor.py:161} INFO - Started process (PID=5281) to work on /home/airflow/.local/lib/python3.12/site-packages/airflow/example_dags/example_bash_operator.py
[2024-11-05T15:38:26.162+0000] {processor.py:830} INFO - Processing file /home/airflow/.local/lib/python3.12/site-packages/airflow/example_dags/example_bash_operator.py for tasks to queue
[2024-11-05T15:38:26.163+0000] {logging_mixin.py:188} INFO - [2024-11-05T15:38:26.163+0000] {dagbag.py:540} INFO - Filling up the DagBag from /home/airflow/.local/lib/python3.12/site-packages/airflow/example_dags/example_bash_operator.py
[2024-11-05T15:38:26.172+0000] {processor.py:840} INFO - DAG(s) 'example_bash_operator' retrieved from /home/airflow/.local/lib/python3.12/site-packages/airflow/example_dags/example_bash_operator.py
[2024-11-05T15:38:26.193+0000] {logging_mixin.py:188} INFO - [2024-11-05T15:38:26.193+0000] {dag.py:3096} INFO - Sync 1 DAGs
[2024-11-05T15:38:26.209+0000] {logging_mixin.py:188} INFO - [2024-11-05T15:38:26.209+0000] {dag.py:3954} INFO - Setting next_dagrun for example_bash_operator to 2024-11-04 00:00:00+00:00, run_after=2024-11-05 00:00:00+00:00
[2024-11-05T15:38:26.260+0000] {processor.py:183} INFO - Processing /home/airflow/.local/lib/python3.12/site-packages/airflow/example_dags/example_bash_operator.py took 0.105 seconds
[2024-11-05T15:38:56.737+0000] {processor.py:161} INFO - Started process (PID=5547) to work on /home/airflow/.local/lib/python3.12/site-packages/airflow/example_dags/example_bash_operator.py
[2024-11-05T15:38:56.737+0000] {processor.py:830} INFO - Processing file /home/airflow/.local/lib/python3.12/site-packages/airflow/example_dags/example_bash_operator.py for tasks to queue
[2024-11-05T15:38:56.739+0000] {logging_mixin.py:188} INFO - [2024-11-05T15:38:56.738+0000] {dagbag.py:540} INFO - Filling up the DagBag from /home/airflow/.local/lib/python3.12/site-packages/airflow/example_dags/example_bash_operator.py
[2024-11-05T15:38:56.747+0000] {processor.py:840} INFO - DAG(s) 'example_bash_operator' retrieved from /home/airflow/.local/lib/python3.12/site-packages/airflow/example_dags/example_bash_operator.py
[2024-11-05T15:38:56.769+0000] {logging_mixin.py:188} INFO - [2024-11-05T15:38:56.769+0000] {dag.py:3096} INFO - Sync 1 DAGs
[2024-11-05T15:38:56.786+0000] {logging_mixin.py:188} INFO - [2024-11-05T15:38:56.786+0000] {dag.py:3954} INFO - Setting next_dagrun for example_bash_operator to 2024-11-04 00:00:00+00:00, run_after=2024-11-05 00:00:00+00:00
[2024-11-05T15:38:56.805+0000] {processor.py:183} INFO - Processing /home/airflow/.local/lib/python3.12/site-packages/airflow/example_dags/example_bash_operator.py took 0.073 seconds
[2024-11-05T15:39:27.322+0000] {processor.py:161} INFO - Started process (PID=5813) to work on /home/airflow/.local/lib/python3.12/site-packages/airflow/example_dags/example_bash_operator.py
[2024-11-05T15:39:27.322+0000] {processor.py:830} INFO - Processing file /home/airflow/.local/lib/python3.12/site-packages/airflow/example_dags/example_bash_operator.py for tasks to queue
[2024-11-05T15:39:27.324+0000] {logging_mixin.py:188} INFO - [2024-11-05T15:39:27.324+0000] {dagbag.py:540} INFO - Filling up the DagBag from /home/airflow/.local/lib/python3.12/site-packages/airflow/example_dags/example_bash_operator.py
[2024-11-05T15:39:27.336+0000] {processor.py:840} INFO - DAG(s) 'example_bash_operator' retrieved from /home/airflow/.local/lib/python3.12/site-packages/airflow/example_dags/example_bash_operator.py
[2024-11-05T15:39:27.358+0000] {logging_mixin.py:188} INFO - [2024-11-05T15:39:27.358+0000] {dag.py:3096} INFO - Sync 1 DAGs
[2024-11-05T15:39:27.375+0000] {logging_mixin.py:188} INFO - [2024-11-05T15:39:27.375+0000] {dag.py:3954} INFO - Setting next_dagrun for example_bash_operator to 2024-11-04 00:00:00+00:00, run_after=2024-11-05 00:00:00+00:00
[2024-11-05T15:39:27.396+0000] {processor.py:183} INFO - Processing /home/airflow/.local/lib/python3.12/site-packages/airflow/example_dags/example_bash_operator.py took 0.078 seconds
[2024-11-05T15:39:57.905+0000] {processor.py:161} INFO - Started process (PID=6079) to work on /home/airflow/.local/lib/python3.12/site-packages/airflow/example_dags/example_bash_operator.py
[2024-11-05T15:39:57.906+0000] {processor.py:830} INFO - Processing file /home/airflow/.local/lib/python3.12/site-packages/airflow/example_dags/example_bash_operator.py for tasks to queue
[2024-11-05T15:39:57.907+0000] {logging_mixin.py:188} INFO - [2024-11-05T15:39:57.907+0000] {dagbag.py:540} INFO - Filling up the DagBag from /home/airflow/.local/lib/python3.12/site-packages/airflow/example_dags/example_bash_operator.py
[2024-11-05T15:39:57.919+0000] {processor.py:840} INFO - DAG(s) 'example_bash_operator' retrieved from /home/airflow/.local/lib/python3.12/site-packages/airflow/example_dags/example_bash_operator.py
[2024-11-05T15:39:57.942+0000] {logging_mixin.py:188} INFO - [2024-11-05T15:39:57.942+0000] {dag.py:3096} INFO - Sync 1 DAGs
[2024-11-05T15:39:57.960+0000] {logging_mixin.py:188} INFO - [2024-11-05T15:39:57.960+0000] {dag.py:3954} INFO - Setting next_dagrun for example_bash_operator to 2024-11-04 00:00:00+00:00, run_after=2024-11-05 00:00:00+00:00
[2024-11-05T15:39:57.979+0000] {processor.py:183} INFO - Processing /home/airflow/.local/lib/python3.12/site-packages/airflow/example_dags/example_bash_operator.py took 0.079 seconds
[2024-11-05T15:40:28.518+0000] {processor.py:161} INFO - Started process (PID=6345) to work on /home/airflow/.local/lib/python3.12/site-packages/airflow/example_dags/example_bash_operator.py
[2024-11-05T15:40:28.519+0000] {processor.py:830} INFO - Processing file /home/airflow/.local/lib/python3.12/site-packages/airflow/example_dags/example_bash_operator.py for tasks to queue
[2024-11-05T15:40:28.520+0000] {logging_mixin.py:188} INFO - [2024-11-05T15:40:28.520+0000] {dagbag.py:540} INFO - Filling up the DagBag from /home/airflow/.local/lib/python3.12/site-packages/airflow/example_dags/example_bash_operator.py
[2024-11-05T15:40:28.529+0000] {processor.py:840} INFO - DAG(s) 'example_bash_operator' retrieved from /home/airflow/.local/lib/python3.12/site-packages/airflow/example_dags/example_bash_operator.py
[2024-11-05T15:40:28.554+0000] {logging_mixin.py:188} INFO - [2024-11-05T15:40:28.554+0000] {dag.py:3096} INFO - Sync 1 DAGs
[2024-11-05T15:40:28.573+0000] {logging_mixin.py:188} INFO - [2024-11-05T15:40:28.573+0000] {dag.py:3954} INFO - Setting next_dagrun for example_bash_operator to 2024-11-04 00:00:00+00:00, run_after=2024-11-05 00:00:00+00:00
[2024-11-05T15:40:28.608+0000] {processor.py:183} INFO - Processing /home/airflow/.local/lib/python3.12/site-packages/airflow/example_dags/example_bash_operator.py took 0.094 seconds
[2024-11-05T15:40:59.225+0000] {processor.py:161} INFO - Started process (PID=6611) to work on /home/airflow/.local/lib/python3.12/site-packages/airflow/example_dags/example_bash_operator.py
[2024-11-05T15:40:59.226+0000] {processor.py:830} INFO - Processing file /home/airflow/.local/lib/python3.12/site-packages/airflow/example_dags/example_bash_operator.py for tasks to queue
[2024-11-05T15:40:59.228+0000] {logging_mixin.py:188} INFO - [2024-11-05T15:40:59.227+0000] {dagbag.py:540} INFO - Filling up the DagBag from /home/airflow/.local/lib/python3.12/site-packages/airflow/example_dags/example_bash_operator.py
[2024-11-05T15:40:59.236+0000] {processor.py:840} INFO - DAG(s) 'example_bash_operator' retrieved from /home/airflow/.local/lib/python3.12/site-packages/airflow/example_dags/example_bash_operator.py
[2024-11-05T15:40:59.257+0000] {logging_mixin.py:188} INFO - [2024-11-05T15:40:59.257+0000] {dag.py:3096} INFO - Sync 1 DAGs
[2024-11-05T15:40:59.273+0000] {logging_mixin.py:188} INFO - [2024-11-05T15:40:59.273+0000] {dag.py:3954} INFO - Setting next_dagrun for example_bash_operator to 2024-11-04 00:00:00+00:00, run_after=2024-11-05 00:00:00+00:00
[2024-11-05T15:40:59.291+0000] {processor.py:183} INFO - Processing /home/airflow/.local/lib/python3.12/site-packages/airflow/example_dags/example_bash_operator.py took 0.071 seconds
[2024-11-05T15:41:29.816+0000] {processor.py:161} INFO - Started process (PID=6877) to work on /home/airflow/.local/lib/python3.12/site-packages/airflow/example_dags/example_bash_operator.py
[2024-11-05T15:41:29.817+0000] {processor.py:830} INFO - Processing file /home/airflow/.local/lib/python3.12/site-packages/airflow/example_dags/example_bash_operator.py for tasks to queue
[2024-11-05T15:41:29.819+0000] {logging_mixin.py:188} INFO - [2024-11-05T15:41:29.818+0000] {dagbag.py:540} INFO - Filling up the DagBag from /home/airflow/.local/lib/python3.12/site-packages/airflow/example_dags/example_bash_operator.py
[2024-11-05T15:41:29.830+0000] {processor.py:840} INFO - DAG(s) 'example_bash_operator' retrieved from /home/airflow/.local/lib/python3.12/site-packages/airflow/example_dags/example_bash_operator.py
[2024-11-05T15:41:29.858+0000] {logging_mixin.py:188} INFO - [2024-11-05T15:41:29.858+0000] {dag.py:3096} INFO - Sync 1 DAGs
[2024-11-05T15:41:29.880+0000] {logging_mixin.py:188} INFO - [2024-11-05T15:41:29.880+0000] {dag.py:3954} INFO - Setting next_dagrun for example_bash_operator to 2024-11-04 00:00:00+00:00, run_after=2024-11-05 00:00:00+00:00
[2024-11-05T15:41:29.899+0000] {processor.py:183} INFO - Processing /home/airflow/.local/lib/python3.12/site-packages/airflow/example_dags/example_bash_operator.py took 0.090 seconds
[2024-11-05T15:42:00.444+0000] {processor.py:161} INFO - Started process (PID=7143) to work on /home/airflow/.local/lib/python3.12/site-packages/airflow/example_dags/example_bash_operator.py
[2024-11-05T15:42:00.444+0000] {processor.py:830} INFO - Processing file /home/airflow/.local/lib/python3.12/site-packages/airflow/example_dags/example_bash_operator.py for tasks to queue
[2024-11-05T15:42:00.446+0000] {logging_mixin.py:188} INFO - [2024-11-05T15:42:00.446+0000] {dagbag.py:540} INFO - Filling up the DagBag from /home/airflow/.local/lib/python3.12/site-packages/airflow/example_dags/example_bash_operator.py
[2024-11-05T15:42:00.458+0000] {processor.py:840} INFO - DAG(s) 'example_bash_operator' retrieved from /home/airflow/.local/lib/python3.12/site-packages/airflow/example_dags/example_bash_operator.py
[2024-11-05T15:42:00.479+0000] {logging_mixin.py:188} INFO - [2024-11-05T15:42:00.479+0000] {dag.py:3096} INFO - Sync 1 DAGs
[2024-11-05T15:42:00.495+0000] {logging_mixin.py:188} INFO - [2024-11-05T15:42:00.495+0000] {dag.py:3954} INFO - Setting next_dagrun for example_bash_operator to 2024-11-04 00:00:00+00:00, run_after=2024-11-05 00:00:00+00:00
[2024-11-05T15:42:00.512+0000] {processor.py:183} INFO - Processing /home/airflow/.local/lib/python3.12/site-packages/airflow/example_dags/example_bash_operator.py took 0.073 seconds
[2024-11-05T15:42:31.080+0000] {processor.py:161} INFO - Started process (PID=7409) to work on /home/airflow/.local/lib/python3.12/site-packages/airflow/example_dags/example_bash_operator.py
[2024-11-05T15:42:31.081+0000] {processor.py:830} INFO - Processing file /home/airflow/.local/lib/python3.12/site-packages/airflow/example_dags/example_bash_operator.py for tasks to queue
[2024-11-05T15:42:31.083+0000] {logging_mixin.py:188} INFO - [2024-11-05T15:42:31.082+0000] {dagbag.py:540} INFO - Filling up the DagBag from /home/airflow/.local/lib/python3.12/site-packages/airflow/example_dags/example_bash_operator.py
[2024-11-05T15:42:31.095+0000] {processor.py:840} INFO - DAG(s) 'example_bash_operator' retrieved from /home/airflow/.local/lib/python3.12/site-packages/airflow/example_dags/example_bash_operator.py
[2024-11-05T15:42:31.116+0000] {logging_mixin.py:188} INFO - [2024-11-05T15:42:31.116+0000] {dag.py:3096} INFO - Sync 1 DAGs
[2024-11-05T15:42:31.134+0000] {logging_mixin.py:188} INFO - [2024-11-05T15:42:31.134+0000] {dag.py:3954} INFO - Setting next_dagrun for example_bash_operator to 2024-11-04 00:00:00+00:00, run_after=2024-11-05 00:00:00+00:00
[2024-11-05T15:42:31.156+0000] {processor.py:183} INFO - Processing /home/airflow/.local/lib/python3.12/site-packages/airflow/example_dags/example_bash_operator.py took 0.081 seconds
[2024-11-05T15:43:01.619+0000] {processor.py:161} INFO - Started process (PID=7675) to work on /home/airflow/.local/lib/python3.12/site-packages/airflow/example_dags/example_bash_operator.py
[2024-11-05T15:43:01.620+0000] {processor.py:830} INFO - Processing file /home/airflow/.local/lib/python3.12/site-packages/airflow/example_dags/example_bash_operator.py for tasks to queue
[2024-11-05T15:43:01.621+0000] {logging_mixin.py:188} INFO - [2024-11-05T15:43:01.621+0000] {dagbag.py:540} INFO - Filling up the DagBag from /home/airflow/.local/lib/python3.12/site-packages/airflow/example_dags/example_bash_operator.py
[2024-11-05T15:43:01.630+0000] {processor.py:840} INFO - DAG(s) 'example_bash_operator' retrieved from /home/airflow/.local/lib/python3.12/site-packages/airflow/example_dags/example_bash_operator.py
[2024-11-05T15:43:01.658+0000] {logging_mixin.py:188} INFO - [2024-11-05T15:43:01.658+0000] {dag.py:3096} INFO - Sync 1 DAGs
[2024-11-05T15:43:01.680+0000] {logging_mixin.py:188} INFO - [2024-11-05T15:43:01.680+0000] {dag.py:3954} INFO - Setting next_dagrun for example_bash_operator to 2024-11-04 00:00:00+00:00, run_after=2024-11-05 00:00:00+00:00
[2024-11-05T15:43:01.698+0000] {processor.py:183} INFO - Processing /home/airflow/.local/lib/python3.12/site-packages/airflow/example_dags/example_bash_operator.py took 0.084 seconds
[2024-11-05T15:43:32.201+0000] {processor.py:161} INFO - Started process (PID=7941) to work on /home/airflow/.local/lib/python3.12/site-packages/airflow/example_dags/example_bash_operator.py
[2024-11-05T15:43:32.202+0000] {processor.py:830} INFO - Processing file /home/airflow/.local/lib/python3.12/site-packages/airflow/example_dags/example_bash_operator.py for tasks to queue
[2024-11-05T15:43:32.204+0000] {logging_mixin.py:188} INFO - [2024-11-05T15:43:32.203+0000] {dagbag.py:540} INFO - Filling up the DagBag from /home/airflow/.local/lib/python3.12/site-packages/airflow/example_dags/example_bash_operator.py
[2024-11-05T15:43:32.215+0000] {processor.py:840} INFO - DAG(s) 'example_bash_operator' retrieved from /home/airflow/.local/lib/python3.12/site-packages/airflow/example_dags/example_bash_operator.py
[2024-11-05T15:43:32.243+0000] {logging_mixin.py:188} INFO - [2024-11-05T15:43:32.243+0000] {dag.py:3096} INFO - Sync 1 DAGs
[2024-11-05T15:43:32.264+0000] {logging_mixin.py:188} INFO - [2024-11-05T15:43:32.264+0000] {dag.py:3954} INFO - Setting next_dagrun for example_bash_operator to 2024-11-04 00:00:00+00:00, run_after=2024-11-05 00:00:00+00:00
[2024-11-05T15:43:32.285+0000] {processor.py:183} INFO - Processing /home/airflow/.local/lib/python3.12/site-packages/airflow/example_dags/example_bash_operator.py took 0.088 seconds
[2024-11-05T15:44:02.718+0000] {processor.py:161} INFO - Started process (PID=8207) to work on /home/airflow/.local/lib/python3.12/site-packages/airflow/example_dags/example_bash_operator.py
[2024-11-05T15:44:02.718+0000] {processor.py:830} INFO - Processing file /home/airflow/.local/lib/python3.12/site-packages/airflow/example_dags/example_bash_operator.py for tasks to queue
[2024-11-05T15:44:02.720+0000] {logging_mixin.py:188} INFO - [2024-11-05T15:44:02.720+0000] {dagbag.py:540} INFO - Filling up the DagBag from /home/airflow/.local/lib/python3.12/site-packages/airflow/example_dags/example_bash_operator.py
[2024-11-05T15:44:02.729+0000] {processor.py:840} INFO - DAG(s) 'example_bash_operator' retrieved from /home/airflow/.local/lib/python3.12/site-packages/airflow/example_dags/example_bash_operator.py
[2024-11-05T15:44:02.750+0000] {logging_mixin.py:188} INFO - [2024-11-05T15:44:02.749+0000] {dag.py:3096} INFO - Sync 1 DAGs
[2024-11-05T15:44:02.767+0000] {logging_mixin.py:188} INFO - [2024-11-05T15:44:02.767+0000] {dag.py:3954} INFO - Setting next_dagrun for example_bash_operator to 2024-11-04 00:00:00+00:00, run_after=2024-11-05 00:00:00+00:00
[2024-11-05T15:44:02.786+0000] {processor.py:183} INFO - Processing /home/airflow/.local/lib/python3.12/site-packages/airflow/example_dags/example_bash_operator.py took 0.074 seconds
[2024-11-05T15:44:33.231+0000] {processor.py:161} INFO - Started process (PID=8473) to work on /home/airflow/.local/lib/python3.12/site-packages/airflow/example_dags/example_bash_operator.py
[2024-11-05T15:44:33.232+0000] {processor.py:830} INFO - Processing file /home/airflow/.local/lib/python3.12/site-packages/airflow/example_dags/example_bash_operator.py for tasks to queue
[2024-11-05T15:44:33.233+0000] {logging_mixin.py:188} INFO - [2024-11-05T15:44:33.233+0000] {dagbag.py:540} INFO - Filling up the DagBag from /home/airflow/.local/lib/python3.12/site-packages/airflow/example_dags/example_bash_operator.py
[2024-11-05T15:44:33.242+0000] {processor.py:840} INFO - DAG(s) 'example_bash_operator' retrieved from /home/airflow/.local/lib/python3.12/site-packages/airflow/example_dags/example_bash_operator.py
[2024-11-05T15:44:33.263+0000] {logging_mixin.py:188} INFO - [2024-11-05T15:44:33.263+0000] {dag.py:3096} INFO - Sync 1 DAGs
[2024-11-05T15:44:33.279+0000] {logging_mixin.py:188} INFO - [2024-11-05T15:44:33.279+0000] {dag.py:3954} INFO - Setting next_dagrun for example_bash_operator to 2024-11-04 00:00:00+00:00, run_after=2024-11-05 00:00:00+00:00
[2024-11-05T15:44:33.304+0000] {processor.py:183} INFO - Processing /home/airflow/.local/lib/python3.12/site-packages/airflow/example_dags/example_bash_operator.py took 0.077 seconds
[2024-11-05T15:45:03.873+0000] {processor.py:161} INFO - Started process (PID=8739) to work on /home/airflow/.local/lib/python3.12/site-packages/airflow/example_dags/example_bash_operator.py
[2024-11-05T15:45:03.874+0000] {processor.py:830} INFO - Processing file /home/airflow/.local/lib/python3.12/site-packages/airflow/example_dags/example_bash_operator.py for tasks to queue
[2024-11-05T15:45:03.875+0000] {logging_mixin.py:188} INFO - [2024-11-05T15:45:03.875+0000] {dagbag.py:540} INFO - Filling up the DagBag from /home/airflow/.local/lib/python3.12/site-packages/airflow/example_dags/example_bash_operator.py
[2024-11-05T15:45:03.884+0000] {processor.py:840} INFO - DAG(s) 'example_bash_operator' retrieved from /home/airflow/.local/lib/python3.12/site-packages/airflow/example_dags/example_bash_operator.py
[2024-11-05T15:45:03.906+0000] {logging_mixin.py:188} INFO - [2024-11-05T15:45:03.905+0000] {dag.py:3096} INFO - Sync 1 DAGs
[2024-11-05T15:45:03.923+0000] {logging_mixin.py:188} INFO - [2024-11-05T15:45:03.923+0000] {dag.py:3954} INFO - Setting next_dagrun for example_bash_operator to 2024-11-04 00:00:00+00:00, run_after=2024-11-05 00:00:00+00:00
[2024-11-05T15:45:03.953+0000] {processor.py:183} INFO - Processing /home/airflow/.local/lib/python3.12/site-packages/airflow/example_dags/example_bash_operator.py took 0.086 seconds
[2024-11-05T15:45:34.353+0000] {processor.py:161} INFO - Started process (PID=9005) to work on /home/airflow/.local/lib/python3.12/site-packages/airflow/example_dags/example_bash_operator.py
[2024-11-05T15:45:34.354+0000] {processor.py:830} INFO - Processing file /home/airflow/.local/lib/python3.12/site-packages/airflow/example_dags/example_bash_operator.py for tasks to queue
[2024-11-05T15:45:34.356+0000] {logging_mixin.py:188} INFO - [2024-11-05T15:45:34.355+0000] {dagbag.py:540} INFO - Filling up the DagBag from /home/airflow/.local/lib/python3.12/site-packages/airflow/example_dags/example_bash_operator.py
[2024-11-05T15:45:34.365+0000] {processor.py:840} INFO - DAG(s) 'example_bash_operator' retrieved from /home/airflow/.local/lib/python3.12/site-packages/airflow/example_dags/example_bash_operator.py
[2024-11-05T15:45:34.388+0000] {logging_mixin.py:188} INFO - [2024-11-05T15:45:34.388+0000] {dag.py:3096} INFO - Sync 1 DAGs
[2024-11-05T15:45:34.407+0000] {logging_mixin.py:188} INFO - [2024-11-05T15:45:34.407+0000] {dag.py:3954} INFO - Setting next_dagrun for example_bash_operator to 2024-11-04 00:00:00+00:00, run_after=2024-11-05 00:00:00+00:00
[2024-11-05T15:45:34.425+0000] {processor.py:183} INFO - Processing /home/airflow/.local/lib/python3.12/site-packages/airflow/example_dags/example_bash_operator.py took 0.078 seconds
[2024-11-05T15:46:05.020+0000] {processor.py:161} INFO - Started process (PID=9271) to work on /home/airflow/.local/lib/python3.12/site-packages/airflow/example_dags/example_bash_operator.py
[2024-11-05T15:46:05.021+0000] {processor.py:830} INFO - Processing file /home/airflow/.local/lib/python3.12/site-packages/airflow/example_dags/example_bash_operator.py for tasks to queue
[2024-11-05T15:46:05.023+0000] {logging_mixin.py:188} INFO - [2024-11-05T15:46:05.023+0000] {dagbag.py:540} INFO - Filling up the DagBag from /home/airflow/.local/lib/python3.12/site-packages/airflow/example_dags/example_bash_operator.py
[2024-11-05T15:46:05.035+0000] {processor.py:840} INFO - DAG(s) 'example_bash_operator' retrieved from /home/airflow/.local/lib/python3.12/site-packages/airflow/example_dags/example_bash_operator.py
[2024-11-05T15:46:05.063+0000] {logging_mixin.py:188} INFO - [2024-11-05T15:46:05.063+0000] {dag.py:3096} INFO - Sync 1 DAGs
[2024-11-05T15:46:05.084+0000] {logging_mixin.py:188} INFO - [2024-11-05T15:46:05.084+0000] {dag.py:3954} INFO - Setting next_dagrun for example_bash_operator to 2024-11-04 00:00:00+00:00, run_after=2024-11-05 00:00:00+00:00
[2024-11-05T15:46:05.103+0000] {processor.py:183} INFO - Processing /home/airflow/.local/lib/python3.12/site-packages/airflow/example_dags/example_bash_operator.py took 0.089 seconds
[2024-11-05T15:46:35.538+0000] {processor.py:161} INFO - Started process (PID=9537) to work on /home/airflow/.local/lib/python3.12/site-packages/airflow/example_dags/example_bash_operator.py
[2024-11-05T15:46:35.539+0000] {processor.py:830} INFO - Processing file /home/airflow/.local/lib/python3.12/site-packages/airflow/example_dags/example_bash_operator.py for tasks to queue
[2024-11-05T15:46:35.540+0000] {logging_mixin.py:188} INFO - [2024-11-05T15:46:35.540+0000] {dagbag.py:540} INFO - Filling up the DagBag from /home/airflow/.local/lib/python3.12/site-packages/airflow/example_dags/example_bash_operator.py
[2024-11-05T15:46:35.552+0000] {processor.py:840} INFO - DAG(s) 'example_bash_operator' retrieved from /home/airflow/.local/lib/python3.12/site-packages/airflow/example_dags/example_bash_operator.py
[2024-11-05T15:46:35.583+0000] {logging_mixin.py:188} INFO - [2024-11-05T15:46:35.582+0000] {dag.py:3096} INFO - Sync 1 DAGs
[2024-11-05T15:46:35.602+0000] {logging_mixin.py:188} INFO - [2024-11-05T15:46:35.602+0000] {dag.py:3954} INFO - Setting next_dagrun for example_bash_operator to 2024-11-04 00:00:00+00:00, run_after=2024-11-05 00:00:00+00:00
[2024-11-05T15:46:35.621+0000] {processor.py:183} INFO - Processing /home/airflow/.local/lib/python3.12/site-packages/airflow/example_dags/example_bash_operator.py took 0.088 seconds
[2024-11-05T15:47:06.093+0000] {processor.py:161} INFO - Started process (PID=9803) to work on /home/airflow/.local/lib/python3.12/site-packages/airflow/example_dags/example_bash_operator.py
[2024-11-05T15:47:06.094+0000] {processor.py:830} INFO - Processing file /home/airflow/.local/lib/python3.12/site-packages/airflow/example_dags/example_bash_operator.py for tasks to queue
[2024-11-05T15:47:06.096+0000] {logging_mixin.py:188} INFO - [2024-11-05T15:47:06.096+0000] {dagbag.py:540} INFO - Filling up the DagBag from /home/airflow/.local/lib/python3.12/site-packages/airflow/example_dags/example_bash_operator.py
[2024-11-05T15:47:06.108+0000] {processor.py:840} INFO - DAG(s) 'example_bash_operator' retrieved from /home/airflow/.local/lib/python3.12/site-packages/airflow/example_dags/example_bash_operator.py
[2024-11-05T15:47:06.136+0000] {logging_mixin.py:188} INFO - [2024-11-05T15:47:06.136+0000] {dag.py:3096} INFO - Sync 1 DAGs
[2024-11-05T15:47:06.158+0000] {logging_mixin.py:188} INFO - [2024-11-05T15:47:06.158+0000] {dag.py:3954} INFO - Setting next_dagrun for example_bash_operator to 2024-11-04 00:00:00+00:00, run_after=2024-11-05 00:00:00+00:00
[2024-11-05T15:47:06.177+0000] {processor.py:183} INFO - Processing /home/airflow/.local/lib/python3.12/site-packages/airflow/example_dags/example_bash_operator.py took 0.089 seconds
[2024-11-05T15:47:36.635+0000] {processor.py:161} INFO - Started process (PID=10070) to work on /home/airflow/.local/lib/python3.12/site-packages/airflow/example_dags/example_bash_operator.py
[2024-11-05T15:47:36.636+0000] {processor.py:830} INFO - Processing file /home/airflow/.local/lib/python3.12/site-packages/airflow/example_dags/example_bash_operator.py for tasks to queue
[2024-11-05T15:47:36.637+0000] {logging_mixin.py:188} INFO - [2024-11-05T15:47:36.637+0000] {dagbag.py:540} INFO - Filling up the DagBag from /home/airflow/.local/lib/python3.12/site-packages/airflow/example_dags/example_bash_operator.py
[2024-11-05T15:47:36.649+0000] {processor.py:840} INFO - DAG(s) 'example_bash_operator' retrieved from /home/airflow/.local/lib/python3.12/site-packages/airflow/example_dags/example_bash_operator.py
[2024-11-05T15:47:36.677+0000] {logging_mixin.py:188} INFO - [2024-11-05T15:47:36.677+0000] {dag.py:3096} INFO - Sync 1 DAGs
[2024-11-05T15:47:36.699+0000] {logging_mixin.py:188} INFO - [2024-11-05T15:47:36.699+0000] {dag.py:3954} INFO - Setting next_dagrun for example_bash_operator to 2024-11-04 00:00:00+00:00, run_after=2024-11-05 00:00:00+00:00
[2024-11-05T15:47:36.718+0000] {processor.py:183} INFO - Processing /home/airflow/.local/lib/python3.12/site-packages/airflow/example_dags/example_bash_operator.py took 0.087 seconds
[2024-11-05T15:48:07.235+0000] {processor.py:161} INFO - Started process (PID=10336) to work on /home/airflow/.local/lib/python3.12/site-packages/airflow/example_dags/example_bash_operator.py
[2024-11-05T15:48:07.236+0000] {processor.py:830} INFO - Processing file /home/airflow/.local/lib/python3.12/site-packages/airflow/example_dags/example_bash_operator.py for tasks to queue
[2024-11-05T15:48:07.237+0000] {logging_mixin.py:188} INFO - [2024-11-05T15:48:07.237+0000] {dagbag.py:540} INFO - Filling up the DagBag from /home/airflow/.local/lib/python3.12/site-packages/airflow/example_dags/example_bash_operator.py
[2024-11-05T15:48:07.246+0000] {processor.py:840} INFO - DAG(s) 'example_bash_operator' retrieved from /home/airflow/.local/lib/python3.12/site-packages/airflow/example_dags/example_bash_operator.py
[2024-11-05T15:48:07.268+0000] {logging_mixin.py:188} INFO - [2024-11-05T15:48:07.267+0000] {dag.py:3096} INFO - Sync 1 DAGs
[2024-11-05T15:48:07.286+0000] {logging_mixin.py:188} INFO - [2024-11-05T15:48:07.286+0000] {dag.py:3954} INFO - Setting next_dagrun for example_bash_operator to 2024-11-04 00:00:00+00:00, run_after=2024-11-05 00:00:00+00:00
[2024-11-05T15:48:07.304+0000] {processor.py:183} INFO - Processing /home/airflow/.local/lib/python3.12/site-packages/airflow/example_dags/example_bash_operator.py took 0.075 seconds
[2024-11-05T15:48:37.668+0000] {processor.py:161} INFO - Started process (PID=10602) to work on /home/airflow/.local/lib/python3.12/site-packages/airflow/example_dags/example_bash_operator.py
[2024-11-05T15:48:37.669+0000] {processor.py:830} INFO - Processing file /home/airflow/.local/lib/python3.12/site-packages/airflow/example_dags/example_bash_operator.py for tasks to queue
[2024-11-05T15:48:37.671+0000] {logging_mixin.py:188} INFO - [2024-11-05T15:48:37.670+0000] {dagbag.py:540} INFO - Filling up the DagBag from /home/airflow/.local/lib/python3.12/site-packages/airflow/example_dags/example_bash_operator.py
[2024-11-05T15:48:37.682+0000] {processor.py:840} INFO - DAG(s) 'example_bash_operator' retrieved from /home/airflow/.local/lib/python3.12/site-packages/airflow/example_dags/example_bash_operator.py
[2024-11-05T15:48:37.710+0000] {logging_mixin.py:188} INFO - [2024-11-05T15:48:37.710+0000] {dag.py:3096} INFO - Sync 1 DAGs
[2024-11-05T15:48:37.731+0000] {logging_mixin.py:188} INFO - [2024-11-05T15:48:37.731+0000] {dag.py:3954} INFO - Setting next_dagrun for example_bash_operator to 2024-11-04 00:00:00+00:00, run_after=2024-11-05 00:00:00+00:00
[2024-11-05T15:48:37.750+0000] {processor.py:183} INFO - Processing /home/airflow/.local/lib/python3.12/site-packages/airflow/example_dags/example_bash_operator.py took 0.087 seconds
[2024-11-05T15:49:08.252+0000] {processor.py:161} INFO - Started process (PID=10869) to work on /home/airflow/.local/lib/python3.12/site-packages/airflow/example_dags/example_bash_operator.py
[2024-11-05T15:49:08.252+0000] {processor.py:830} INFO - Processing file /home/airflow/.local/lib/python3.12/site-packages/airflow/example_dags/example_bash_operator.py for tasks to queue
[2024-11-05T15:49:08.254+0000] {logging_mixin.py:188} INFO - [2024-11-05T15:49:08.254+0000] {dagbag.py:540} INFO - Filling up the DagBag from /home/airflow/.local/lib/python3.12/site-packages/airflow/example_dags/example_bash_operator.py
[2024-11-05T15:49:08.266+0000] {processor.py:840} INFO - DAG(s) 'example_bash_operator' retrieved from /home/airflow/.local/lib/python3.12/site-packages/airflow/example_dags/example_bash_operator.py
[2024-11-05T15:49:08.294+0000] {logging_mixin.py:188} INFO - [2024-11-05T15:49:08.294+0000] {dag.py:3096} INFO - Sync 1 DAGs
[2024-11-05T15:49:08.315+0000] {logging_mixin.py:188} INFO - [2024-11-05T15:49:08.314+0000] {dag.py:3954} INFO - Setting next_dagrun for example_bash_operator to 2024-11-04 00:00:00+00:00, run_after=2024-11-05 00:00:00+00:00
[2024-11-05T15:49:08.335+0000] {processor.py:183} INFO - Processing /home/airflow/.local/lib/python3.12/site-packages/airflow/example_dags/example_bash_operator.py took 0.089 seconds
[2024-11-05T15:49:38.942+0000] {processor.py:161} INFO - Started process (PID=11135) to work on /home/airflow/.local/lib/python3.12/site-packages/airflow/example_dags/example_bash_operator.py
[2024-11-05T15:49:38.943+0000] {processor.py:830} INFO - Processing file /home/airflow/.local/lib/python3.12/site-packages/airflow/example_dags/example_bash_operator.py for tasks to queue
[2024-11-05T15:49:38.945+0000] {logging_mixin.py:188} INFO - [2024-11-05T15:49:38.944+0000] {dagbag.py:540} INFO - Filling up the DagBag from /home/airflow/.local/lib/python3.12/site-packages/airflow/example_dags/example_bash_operator.py
[2024-11-05T15:49:38.956+0000] {processor.py:840} INFO - DAG(s) 'example_bash_operator' retrieved from /home/airflow/.local/lib/python3.12/site-packages/airflow/example_dags/example_bash_operator.py
[2024-11-05T15:49:38.977+0000] {logging_mixin.py:188} INFO - [2024-11-05T15:49:38.977+0000] {dag.py:3096} INFO - Sync 1 DAGs
[2024-11-05T15:49:38.993+0000] {logging_mixin.py:188} INFO - [2024-11-05T15:49:38.993+0000] {dag.py:3954} INFO - Setting next_dagrun for example_bash_operator to 2024-11-04 00:00:00+00:00, run_after=2024-11-05 00:00:00+00:00
[2024-11-05T15:49:39.010+0000] {processor.py:183} INFO - Processing /home/airflow/.local/lib/python3.12/site-packages/airflow/example_dags/example_bash_operator.py took 0.072 seconds
[2024-11-05T15:50:09.566+0000] {processor.py:161} INFO - Started process (PID=11401) to work on /home/airflow/.local/lib/python3.12/site-packages/airflow/example_dags/example_bash_operator.py
[2024-11-05T15:50:09.567+0000] {processor.py:830} INFO - Processing file /home/airflow/.local/lib/python3.12/site-packages/airflow/example_dags/example_bash_operator.py for tasks to queue
[2024-11-05T15:50:09.568+0000] {logging_mixin.py:188} INFO - [2024-11-05T15:50:09.568+0000] {dagbag.py:540} INFO - Filling up the DagBag from /home/airflow/.local/lib/python3.12/site-packages/airflow/example_dags/example_bash_operator.py
[2024-11-05T15:50:09.577+0000] {processor.py:840} INFO - DAG(s) 'example_bash_operator' retrieved from /home/airflow/.local/lib/python3.12/site-packages/airflow/example_dags/example_bash_operator.py
[2024-11-05T15:50:09.605+0000] {logging_mixin.py:188} INFO - [2024-11-05T15:50:09.604+0000] {dag.py:3096} INFO - Sync 1 DAGs
[2024-11-05T15:50:09.626+0000] {logging_mixin.py:188} INFO - [2024-11-05T15:50:09.626+0000] {dag.py:3954} INFO - Setting next_dagrun for example_bash_operator to 2024-11-04 00:00:00+00:00, run_after=2024-11-05 00:00:00+00:00
[2024-11-05T15:50:09.647+0000] {processor.py:183} INFO - Processing /home/airflow/.local/lib/python3.12/site-packages/airflow/example_dags/example_bash_operator.py took 0.086 seconds
[2024-11-05T15:50:40.121+0000] {processor.py:161} INFO - Started process (PID=11667) to work on /home/airflow/.local/lib/python3.12/site-packages/airflow/example_dags/example_bash_operator.py
[2024-11-05T15:50:40.121+0000] {processor.py:830} INFO - Processing file /home/airflow/.local/lib/python3.12/site-packages/airflow/example_dags/example_bash_operator.py for tasks to queue
[2024-11-05T15:50:40.123+0000] {logging_mixin.py:188} INFO - [2024-11-05T15:50:40.123+0000] {dagbag.py:540} INFO - Filling up the DagBag from /home/airflow/.local/lib/python3.12/site-packages/airflow/example_dags/example_bash_operator.py
[2024-11-05T15:50:40.132+0000] {processor.py:840} INFO - DAG(s) 'example_bash_operator' retrieved from /home/airflow/.local/lib/python3.12/site-packages/airflow/example_dags/example_bash_operator.py
[2024-11-05T15:50:40.156+0000] {logging_mixin.py:188} INFO - [2024-11-05T15:50:40.156+0000] {dag.py:3096} INFO - Sync 1 DAGs
[2024-11-05T15:50:40.178+0000] {logging_mixin.py:188} INFO - [2024-11-05T15:50:40.178+0000] {dag.py:3954} INFO - Setting next_dagrun for example_bash_operator to 2024-11-04 00:00:00+00:00, run_after=2024-11-05 00:00:00+00:00
[2024-11-05T15:50:40.197+0000] {processor.py:183} INFO - Processing /home/airflow/.local/lib/python3.12/site-packages/airflow/example_dags/example_bash_operator.py took 0.082 seconds
[2024-11-05T15:51:10.813+0000] {processor.py:161} INFO - Started process (PID=11933) to work on /home/airflow/.local/lib/python3.12/site-packages/airflow/example_dags/example_bash_operator.py
[2024-11-05T15:51:10.814+0000] {processor.py:830} INFO - Processing file /home/airflow/.local/lib/python3.12/site-packages/airflow/example_dags/example_bash_operator.py for tasks to queue
[2024-11-05T15:51:10.815+0000] {logging_mixin.py:188} INFO - [2024-11-05T15:51:10.815+0000] {dagbag.py:540} INFO - Filling up the DagBag from /home/airflow/.local/lib/python3.12/site-packages/airflow/example_dags/example_bash_operator.py
[2024-11-05T15:51:10.828+0000] {processor.py:840} INFO - DAG(s) 'example_bash_operator' retrieved from /home/airflow/.local/lib/python3.12/site-packages/airflow/example_dags/example_bash_operator.py
[2024-11-05T15:51:10.854+0000] {logging_mixin.py:188} INFO - [2024-11-05T15:51:10.854+0000] {dag.py:3096} INFO - Sync 1 DAGs
[2024-11-05T15:51:10.871+0000] {logging_mixin.py:188} INFO - [2024-11-05T15:51:10.871+0000] {dag.py:3954} INFO - Setting next_dagrun for example_bash_operator to 2024-11-04 00:00:00+00:00, run_after=2024-11-05 00:00:00+00:00
[2024-11-05T15:51:10.899+0000] {processor.py:183} INFO - Processing /home/airflow/.local/lib/python3.12/site-packages/airflow/example_dags/example_bash_operator.py took 0.091 seconds
[2024-11-05T15:51:41.548+0000] {processor.py:161} INFO - Started process (PID=12199) to work on /home/airflow/.local/lib/python3.12/site-packages/airflow/example_dags/example_bash_operator.py
[2024-11-05T15:51:41.549+0000] {processor.py:830} INFO - Processing file /home/airflow/.local/lib/python3.12/site-packages/airflow/example_dags/example_bash_operator.py for tasks to queue
[2024-11-05T15:51:41.550+0000] {logging_mixin.py:188} INFO - [2024-11-05T15:51:41.550+0000] {dagbag.py:540} INFO - Filling up the DagBag from /home/airflow/.local/lib/python3.12/site-packages/airflow/example_dags/example_bash_operator.py
[2024-11-05T15:51:41.559+0000] {processor.py:840} INFO - DAG(s) 'example_bash_operator' retrieved from /home/airflow/.local/lib/python3.12/site-packages/airflow/example_dags/example_bash_operator.py
[2024-11-05T15:51:41.579+0000] {logging_mixin.py:188} INFO - [2024-11-05T15:51:41.579+0000] {dag.py:3096} INFO - Sync 1 DAGs
[2024-11-05T15:51:41.595+0000] {logging_mixin.py:188} INFO - [2024-11-05T15:51:41.595+0000] {dag.py:3954} INFO - Setting next_dagrun for example_bash_operator to 2024-11-04 00:00:00+00:00, run_after=2024-11-05 00:00:00+00:00
[2024-11-05T15:51:41.616+0000] {processor.py:183} INFO - Processing /home/airflow/.local/lib/python3.12/site-packages/airflow/example_dags/example_bash_operator.py took 0.074 seconds
[2024-11-05T15:52:12.022+0000] {processor.py:161} INFO - Started process (PID=12465) to work on /home/airflow/.local/lib/python3.12/site-packages/airflow/example_dags/example_bash_operator.py
[2024-11-05T15:52:12.023+0000] {processor.py:830} INFO - Processing file /home/airflow/.local/lib/python3.12/site-packages/airflow/example_dags/example_bash_operator.py for tasks to queue
[2024-11-05T15:52:12.025+0000] {logging_mixin.py:188} INFO - [2024-11-05T15:52:12.025+0000] {dagbag.py:540} INFO - Filling up the DagBag from /home/airflow/.local/lib/python3.12/site-packages/airflow/example_dags/example_bash_operator.py
[2024-11-05T15:52:12.035+0000] {processor.py:840} INFO - DAG(s) 'example_bash_operator' retrieved from /home/airflow/.local/lib/python3.12/site-packages/airflow/example_dags/example_bash_operator.py
[2024-11-05T15:52:12.057+0000] {logging_mixin.py:188} INFO - [2024-11-05T15:52:12.057+0000] {dag.py:3096} INFO - Sync 1 DAGs
[2024-11-05T15:52:12.080+0000] {logging_mixin.py:188} INFO - [2024-11-05T15:52:12.080+0000] {dag.py:3954} INFO - Setting next_dagrun for example_bash_operator to 2024-11-04 00:00:00+00:00, run_after=2024-11-05 00:00:00+00:00
[2024-11-05T15:52:12.102+0000] {processor.py:183} INFO - Processing /home/airflow/.local/lib/python3.12/site-packages/airflow/example_dags/example_bash_operator.py took 0.085 seconds
[2024-11-05T15:52:42.590+0000] {processor.py:161} INFO - Started process (PID=12737) to work on /home/airflow/.local/lib/python3.12/site-packages/airflow/example_dags/example_bash_operator.py
[2024-11-05T15:52:42.591+0000] {processor.py:830} INFO - Processing file /home/airflow/.local/lib/python3.12/site-packages/airflow/example_dags/example_bash_operator.py for tasks to queue
[2024-11-05T15:52:42.593+0000] {logging_mixin.py:188} INFO - [2024-11-05T15:52:42.592+0000] {dagbag.py:540} INFO - Filling up the DagBag from /home/airflow/.local/lib/python3.12/site-packages/airflow/example_dags/example_bash_operator.py
[2024-11-05T15:52:42.605+0000] {processor.py:840} INFO - DAG(s) 'example_bash_operator' retrieved from /home/airflow/.local/lib/python3.12/site-packages/airflow/example_dags/example_bash_operator.py
[2024-11-05T15:52:42.632+0000] {logging_mixin.py:188} INFO - [2024-11-05T15:52:42.632+0000] {dag.py:3096} INFO - Sync 1 DAGs
[2024-11-05T15:52:42.653+0000] {logging_mixin.py:188} INFO - [2024-11-05T15:52:42.653+0000] {dag.py:3954} INFO - Setting next_dagrun for example_bash_operator to 2024-11-04 00:00:00+00:00, run_after=2024-11-05 00:00:00+00:00
[2024-11-05T15:52:42.672+0000] {processor.py:183} INFO - Processing /home/airflow/.local/lib/python3.12/site-packages/airflow/example_dags/example_bash_operator.py took 0.087 seconds
[2024-11-05T15:53:13.196+0000] {processor.py:161} INFO - Started process (PID=13003) to work on /home/airflow/.local/lib/python3.12/site-packages/airflow/example_dags/example_bash_operator.py
[2024-11-05T15:53:13.197+0000] {processor.py:830} INFO - Processing file /home/airflow/.local/lib/python3.12/site-packages/airflow/example_dags/example_bash_operator.py for tasks to queue
[2024-11-05T15:53:13.198+0000] {logging_mixin.py:188} INFO - [2024-11-05T15:53:13.198+0000] {dagbag.py:540} INFO - Filling up the DagBag from /home/airflow/.local/lib/python3.12/site-packages/airflow/example_dags/example_bash_operator.py
[2024-11-05T15:53:13.207+0000] {processor.py:840} INFO - DAG(s) 'example_bash_operator' retrieved from /home/airflow/.local/lib/python3.12/site-packages/airflow/example_dags/example_bash_operator.py
[2024-11-05T15:53:13.227+0000] {logging_mixin.py:188} INFO - [2024-11-05T15:53:13.227+0000] {dag.py:3096} INFO - Sync 1 DAGs
[2024-11-05T15:53:13.243+0000] {logging_mixin.py:188} INFO - [2024-11-05T15:53:13.243+0000] {dag.py:3954} INFO - Setting next_dagrun for example_bash_operator to 2024-11-04 00:00:00+00:00, run_after=2024-11-05 00:00:00+00:00
[2024-11-05T15:53:13.260+0000] {processor.py:183} INFO - Processing /home/airflow/.local/lib/python3.12/site-packages/airflow/example_dags/example_bash_operator.py took 0.069 seconds
[2024-11-05T15:53:43.765+0000] {processor.py:161} INFO - Started process (PID=13270) to work on /home/airflow/.local/lib/python3.12/site-packages/airflow/example_dags/example_bash_operator.py
[2024-11-05T15:53:43.766+0000] {processor.py:830} INFO - Processing file /home/airflow/.local/lib/python3.12/site-packages/airflow/example_dags/example_bash_operator.py for tasks to queue
[2024-11-05T15:53:43.767+0000] {logging_mixin.py:188} INFO - [2024-11-05T15:53:43.767+0000] {dagbag.py:540} INFO - Filling up the DagBag from /home/airflow/.local/lib/python3.12/site-packages/airflow/example_dags/example_bash_operator.py
[2024-11-05T15:53:43.775+0000] {processor.py:840} INFO - DAG(s) 'example_bash_operator' retrieved from /home/airflow/.local/lib/python3.12/site-packages/airflow/example_dags/example_bash_operator.py
[2024-11-05T15:53:43.803+0000] {logging_mixin.py:188} INFO - [2024-11-05T15:53:43.803+0000] {dag.py:3096} INFO - Sync 1 DAGs
[2024-11-05T15:53:43.825+0000] {logging_mixin.py:188} INFO - [2024-11-05T15:53:43.825+0000] {dag.py:3954} INFO - Setting next_dagrun for example_bash_operator to 2024-11-04 00:00:00+00:00, run_after=2024-11-05 00:00:00+00:00
[2024-11-05T15:53:43.845+0000] {processor.py:183} INFO - Processing /home/airflow/.local/lib/python3.12/site-packages/airflow/example_dags/example_bash_operator.py took 0.086 seconds
[2024-11-05T15:54:14.465+0000] {processor.py:161} INFO - Started process (PID=13536) to work on /home/airflow/.local/lib/python3.12/site-packages/airflow/example_dags/example_bash_operator.py
[2024-11-05T15:54:14.466+0000] {processor.py:830} INFO - Processing file /home/airflow/.local/lib/python3.12/site-packages/airflow/example_dags/example_bash_operator.py for tasks to queue
[2024-11-05T15:54:14.468+0000] {logging_mixin.py:188} INFO - [2024-11-05T15:54:14.467+0000] {dagbag.py:540} INFO - Filling up the DagBag from /home/airflow/.local/lib/python3.12/site-packages/airflow/example_dags/example_bash_operator.py
[2024-11-05T15:54:14.479+0000] {processor.py:840} INFO - DAG(s) 'example_bash_operator' retrieved from /home/airflow/.local/lib/python3.12/site-packages/airflow/example_dags/example_bash_operator.py
[2024-11-05T15:54:14.506+0000] {logging_mixin.py:188} INFO - [2024-11-05T15:54:14.506+0000] {dag.py:3096} INFO - Sync 1 DAGs
[2024-11-05T15:54:14.523+0000] {logging_mixin.py:188} INFO - [2024-11-05T15:54:14.523+0000] {dag.py:3954} INFO - Setting next_dagrun for example_bash_operator to 2024-11-04 00:00:00+00:00, run_after=2024-11-05 00:00:00+00:00
[2024-11-05T15:54:14.542+0000] {processor.py:183} INFO - Processing /home/airflow/.local/lib/python3.12/site-packages/airflow/example_dags/example_bash_operator.py took 0.082 seconds
[2024-11-05T15:54:45.068+0000] {processor.py:161} INFO - Started process (PID=13802) to work on /home/airflow/.local/lib/python3.12/site-packages/airflow/example_dags/example_bash_operator.py
[2024-11-05T15:54:45.068+0000] {processor.py:830} INFO - Processing file /home/airflow/.local/lib/python3.12/site-packages/airflow/example_dags/example_bash_operator.py for tasks to queue
[2024-11-05T15:54:45.070+0000] {logging_mixin.py:188} INFO - [2024-11-05T15:54:45.069+0000] {dagbag.py:540} INFO - Filling up the DagBag from /home/airflow/.local/lib/python3.12/site-packages/airflow/example_dags/example_bash_operator.py
[2024-11-05T15:54:45.078+0000] {processor.py:840} INFO - DAG(s) 'example_bash_operator' retrieved from /home/airflow/.local/lib/python3.12/site-packages/airflow/example_dags/example_bash_operator.py
[2024-11-05T15:54:45.100+0000] {logging_mixin.py:188} INFO - [2024-11-05T15:54:45.100+0000] {dag.py:3096} INFO - Sync 1 DAGs
[2024-11-05T15:54:45.118+0000] {logging_mixin.py:188} INFO - [2024-11-05T15:54:45.118+0000] {dag.py:3954} INFO - Setting next_dagrun for example_bash_operator to 2024-11-04 00:00:00+00:00, run_after=2024-11-05 00:00:00+00:00
[2024-11-05T15:54:45.146+0000] {processor.py:183} INFO - Processing /home/airflow/.local/lib/python3.12/site-packages/airflow/example_dags/example_bash_operator.py took 0.083 seconds
[2024-11-05T15:55:15.671+0000] {processor.py:161} INFO - Started process (PID=14068) to work on /home/airflow/.local/lib/python3.12/site-packages/airflow/example_dags/example_bash_operator.py
[2024-11-05T15:55:15.671+0000] {processor.py:830} INFO - Processing file /home/airflow/.local/lib/python3.12/site-packages/airflow/example_dags/example_bash_operator.py for tasks to queue
[2024-11-05T15:55:15.673+0000] {logging_mixin.py:188} INFO - [2024-11-05T15:55:15.673+0000] {dagbag.py:540} INFO - Filling up the DagBag from /home/airflow/.local/lib/python3.12/site-packages/airflow/example_dags/example_bash_operator.py
[2024-11-05T15:55:15.685+0000] {processor.py:840} INFO - DAG(s) 'example_bash_operator' retrieved from /home/airflow/.local/lib/python3.12/site-packages/airflow/example_dags/example_bash_operator.py
[2024-11-05T15:55:15.707+0000] {logging_mixin.py:188} INFO - [2024-11-05T15:55:15.706+0000] {dag.py:3096} INFO - Sync 1 DAGs
[2024-11-05T15:55:15.724+0000] {logging_mixin.py:188} INFO - [2024-11-05T15:55:15.724+0000] {dag.py:3954} INFO - Setting next_dagrun for example_bash_operator to 2024-11-04 00:00:00+00:00, run_after=2024-11-05 00:00:00+00:00
[2024-11-05T15:55:15.744+0000] {processor.py:183} INFO - Processing /home/airflow/.local/lib/python3.12/site-packages/airflow/example_dags/example_bash_operator.py took 0.078 seconds
[2024-11-05T15:55:46.237+0000] {processor.py:161} INFO - Started process (PID=14334) to work on /home/airflow/.local/lib/python3.12/site-packages/airflow/example_dags/example_bash_operator.py
[2024-11-05T15:55:46.238+0000] {processor.py:830} INFO - Processing file /home/airflow/.local/lib/python3.12/site-packages/airflow/example_dags/example_bash_operator.py for tasks to queue
[2024-11-05T15:55:46.239+0000] {logging_mixin.py:188} INFO - [2024-11-05T15:55:46.239+0000] {dagbag.py:540} INFO - Filling up the DagBag from /home/airflow/.local/lib/python3.12/site-packages/airflow/example_dags/example_bash_operator.py
[2024-11-05T15:55:46.248+0000] {processor.py:840} INFO - DAG(s) 'example_bash_operator' retrieved from /home/airflow/.local/lib/python3.12/site-packages/airflow/example_dags/example_bash_operator.py
[2024-11-05T15:55:46.269+0000] {logging_mixin.py:188} INFO - [2024-11-05T15:55:46.269+0000] {dag.py:3096} INFO - Sync 1 DAGs
[2024-11-05T15:55:46.286+0000] {logging_mixin.py:188} INFO - [2024-11-05T15:55:46.286+0000] {dag.py:3954} INFO - Setting next_dagrun for example_bash_operator to 2024-11-04 00:00:00+00:00, run_after=2024-11-05 00:00:00+00:00
[2024-11-05T15:55:46.304+0000] {processor.py:183} INFO - Processing /home/airflow/.local/lib/python3.12/site-packages/airflow/example_dags/example_bash_operator.py took 0.073 seconds
[2024-11-05T15:56:16.957+0000] {processor.py:161} INFO - Started process (PID=14600) to work on /home/airflow/.local/lib/python3.12/site-packages/airflow/example_dags/example_bash_operator.py
[2024-11-05T15:56:16.957+0000] {processor.py:830} INFO - Processing file /home/airflow/.local/lib/python3.12/site-packages/airflow/example_dags/example_bash_operator.py for tasks to queue
[2024-11-05T15:56:16.959+0000] {logging_mixin.py:188} INFO - [2024-11-05T15:56:16.959+0000] {dagbag.py:540} INFO - Filling up the DagBag from /home/airflow/.local/lib/python3.12/site-packages/airflow/example_dags/example_bash_operator.py
[2024-11-05T15:56:16.968+0000] {processor.py:840} INFO - DAG(s) 'example_bash_operator' retrieved from /home/airflow/.local/lib/python3.12/site-packages/airflow/example_dags/example_bash_operator.py
[2024-11-05T15:56:16.990+0000] {logging_mixin.py:188} INFO - [2024-11-05T15:56:16.989+0000] {dag.py:3096} INFO - Sync 1 DAGs
[2024-11-05T15:56:17.007+0000] {logging_mixin.py:188} INFO - [2024-11-05T15:56:17.007+0000] {dag.py:3954} INFO - Setting next_dagrun for example_bash_operator to 2024-11-04 00:00:00+00:00, run_after=2024-11-05 00:00:00+00:00
[2024-11-05T15:56:17.027+0000] {processor.py:183} INFO - Processing /home/airflow/.local/lib/python3.12/site-packages/airflow/example_dags/example_bash_operator.py took 0.076 seconds
[2024-11-05T15:56:47.542+0000] {processor.py:161} INFO - Started process (PID=14866) to work on /home/airflow/.local/lib/python3.12/site-packages/airflow/example_dags/example_bash_operator.py
[2024-11-05T15:56:47.543+0000] {processor.py:830} INFO - Processing file /home/airflow/.local/lib/python3.12/site-packages/airflow/example_dags/example_bash_operator.py for tasks to queue
[2024-11-05T15:56:47.545+0000] {logging_mixin.py:188} INFO - [2024-11-05T15:56:47.545+0000] {dagbag.py:540} INFO - Filling up the DagBag from /home/airflow/.local/lib/python3.12/site-packages/airflow/example_dags/example_bash_operator.py
[2024-11-05T15:56:47.553+0000] {processor.py:840} INFO - DAG(s) 'example_bash_operator' retrieved from /home/airflow/.local/lib/python3.12/site-packages/airflow/example_dags/example_bash_operator.py
[2024-11-05T15:56:47.581+0000] {logging_mixin.py:188} INFO - [2024-11-05T15:56:47.581+0000] {dag.py:3096} INFO - Sync 1 DAGs
[2024-11-05T15:56:47.603+0000] {logging_mixin.py:188} INFO - [2024-11-05T15:56:47.602+0000] {dag.py:3954} INFO - Setting next_dagrun for example_bash_operator to 2024-11-04 00:00:00+00:00, run_after=2024-11-05 00:00:00+00:00
[2024-11-05T15:56:47.623+0000] {processor.py:183} INFO - Processing /home/airflow/.local/lib/python3.12/site-packages/airflow/example_dags/example_bash_operator.py took 0.086 seconds
[2024-11-05T15:57:18.316+0000] {processor.py:161} INFO - Started process (PID=15132) to work on /home/airflow/.local/lib/python3.12/site-packages/airflow/example_dags/example_bash_operator.py
[2024-11-05T15:57:18.317+0000] {processor.py:830} INFO - Processing file /home/airflow/.local/lib/python3.12/site-packages/airflow/example_dags/example_bash_operator.py for tasks to queue
[2024-11-05T15:57:18.319+0000] {logging_mixin.py:188} INFO - [2024-11-05T15:57:18.318+0000] {dagbag.py:540} INFO - Filling up the DagBag from /home/airflow/.local/lib/python3.12/site-packages/airflow/example_dags/example_bash_operator.py
[2024-11-05T15:57:18.331+0000] {processor.py:840} INFO - DAG(s) 'example_bash_operator' retrieved from /home/airflow/.local/lib/python3.12/site-packages/airflow/example_dags/example_bash_operator.py
[2024-11-05T15:57:18.359+0000] {logging_mixin.py:188} INFO - [2024-11-05T15:57:18.359+0000] {dag.py:3096} INFO - Sync 1 DAGs
[2024-11-05T15:57:18.380+0000] {logging_mixin.py:188} INFO - [2024-11-05T15:57:18.380+0000] {dag.py:3954} INFO - Setting next_dagrun for example_bash_operator to 2024-11-04 00:00:00+00:00, run_after=2024-11-05 00:00:00+00:00
[2024-11-05T15:57:18.400+0000] {processor.py:183} INFO - Processing /home/airflow/.local/lib/python3.12/site-packages/airflow/example_dags/example_bash_operator.py took 0.089 seconds
[2024-11-05T15:57:49.002+0000] {processor.py:161} INFO - Started process (PID=15398) to work on /home/airflow/.local/lib/python3.12/site-packages/airflow/example_dags/example_bash_operator.py
[2024-11-05T15:57:49.003+0000] {processor.py:830} INFO - Processing file /home/airflow/.local/lib/python3.12/site-packages/airflow/example_dags/example_bash_operator.py for tasks to queue
[2024-11-05T15:57:49.005+0000] {logging_mixin.py:188} INFO - [2024-11-05T15:57:49.004+0000] {dagbag.py:540} INFO - Filling up the DagBag from /home/airflow/.local/lib/python3.12/site-packages/airflow/example_dags/example_bash_operator.py
[2024-11-05T15:57:49.013+0000] {processor.py:840} INFO - DAG(s) 'example_bash_operator' retrieved from /home/airflow/.local/lib/python3.12/site-packages/airflow/example_dags/example_bash_operator.py
[2024-11-05T15:57:49.035+0000] {logging_mixin.py:188} INFO - [2024-11-05T15:57:49.035+0000] {dag.py:3096} INFO - Sync 1 DAGs
[2024-11-05T15:57:49.053+0000] {logging_mixin.py:188} INFO - [2024-11-05T15:57:49.052+0000] {dag.py:3954} INFO - Setting next_dagrun for example_bash_operator to 2024-11-04 00:00:00+00:00, run_after=2024-11-05 00:00:00+00:00
[2024-11-05T15:57:49.084+0000] {processor.py:183} INFO - Processing /home/airflow/.local/lib/python3.12/site-packages/airflow/example_dags/example_bash_operator.py took 0.087 seconds
[2024-11-05T15:58:19.591+0000] {processor.py:161} INFO - Started process (PID=15664) to work on /home/airflow/.local/lib/python3.12/site-packages/airflow/example_dags/example_bash_operator.py
[2024-11-05T15:58:19.592+0000] {processor.py:830} INFO - Processing file /home/airflow/.local/lib/python3.12/site-packages/airflow/example_dags/example_bash_operator.py for tasks to queue
[2024-11-05T15:58:19.593+0000] {logging_mixin.py:188} INFO - [2024-11-05T15:58:19.593+0000] {dagbag.py:540} INFO - Filling up the DagBag from /home/airflow/.local/lib/python3.12/site-packages/airflow/example_dags/example_bash_operator.py
[2024-11-05T15:58:19.602+0000] {processor.py:840} INFO - DAG(s) 'example_bash_operator' retrieved from /home/airflow/.local/lib/python3.12/site-packages/airflow/example_dags/example_bash_operator.py
[2024-11-05T15:58:19.624+0000] {logging_mixin.py:188} INFO - [2024-11-05T15:58:19.624+0000] {dag.py:3096} INFO - Sync 1 DAGs
[2024-11-05T15:58:19.643+0000] {logging_mixin.py:188} INFO - [2024-11-05T15:58:19.643+0000] {dag.py:3954} INFO - Setting next_dagrun for example_bash_operator to 2024-11-04 00:00:00+00:00, run_after=2024-11-05 00:00:00+00:00
[2024-11-05T15:58:19.663+0000] {processor.py:183} INFO - Processing /home/airflow/.local/lib/python3.12/site-packages/airflow/example_dags/example_bash_operator.py took 0.076 seconds
