[2024-09-29T14:59:31.734+0000] {local_task_job_runner.py:120} INFO - ::group::Pre task execution logs
[2024-09-29T14:59:31.760+0000] {taskinstance.py:2073} INFO - Dependencies all met for dep_context=non-requeueable deps ti=<TaskInstance: etl_with_cleaning_transfer.clean_and_transfer_csv_files.clean_and_transfer_product manual__2024-09-29T14:59:25.230087+00:00 [queued]>
[2024-09-29T14:59:31.774+0000] {taskinstance.py:2073} INFO - Dependencies all met for dep_context=requeueable deps ti=<TaskInstance: etl_with_cleaning_transfer.clean_and_transfer_csv_files.clean_and_transfer_product manual__2024-09-29T14:59:25.230087+00:00 [queued]>
[2024-09-29T14:59:31.775+0000] {taskinstance.py:2303} INFO - Starting attempt 1 of 1
[2024-09-29T14:59:31.807+0000] {taskinstance.py:2327} INFO - Executing <Task(PythonOperator): clean_and_transfer_csv_files.clean_and_transfer_product> on 2024-09-29 14:59:25.230087+00:00
[2024-09-29T14:59:31.828+0000] {standard_task_runner.py:90} INFO - Running: ['***', 'tasks', 'run', 'etl_with_cleaning_transfer', 'clean_and_transfer_csv_files.clean_and_transfer_product', 'manual__2024-09-29T14:59:25.230087+00:00', '--job-id', '2716', '--raw', '--subdir', 'DAGS_FOLDER/etl.py', '--cfg-path', '/tmp/tmp16sai8p3']
[2024-09-29T14:59:31.840+0000] {standard_task_runner.py:91} INFO - Job 2716: Subtask clean_and_transfer_csv_files.clean_and_transfer_product
[2024-09-29T14:59:31.831+0000] {logging_mixin.py:188} WARNING - /home/***/.local/lib/python3.12/site-packages/***/task/task_runner/standard_task_runner.py:61 DeprecationWarning: This process (pid=40405) is multi-threaded, use of fork() may lead to deadlocks in the child.
[2024-09-29T14:59:31.844+0000] {standard_task_runner.py:63} INFO - Started process 40485 to run task
[2024-09-29T14:59:31.956+0000] {task_command.py:426} INFO - Running <TaskInstance: etl_with_cleaning_transfer.clean_and_transfer_csv_files.clean_and_transfer_product manual__2024-09-29T14:59:25.230087+00:00 [running]> on host 71321b93f95e
[2024-09-29T14:59:32.176+0000] {taskinstance.py:2644} INFO - Exporting env vars: AIRFLOW_CTX_DAG_OWNER='***' AIRFLOW_CTX_DAG_ID='etl_with_cleaning_transfer' AIRFLOW_CTX_TASK_ID='clean_and_transfer_csv_files.clean_and_transfer_product' AIRFLOW_CTX_EXECUTION_DATE='2024-09-29T14:59:25.230087+00:00' AIRFLOW_CTX_TRY_NUMBER='1' AIRFLOW_CTX_DAG_RUN_ID='manual__2024-09-29T14:59:25.230087+00:00'
[2024-09-29T14:59:32.181+0000] {taskinstance.py:430} INFO - ::endgroup::
[2024-09-29T14:59:32.203+0000] {connection.py:274} WARNING - Connection schemes (type: google_cloud_platform) shall not contain '_' according to RFC3986.
[2024-09-29T14:59:32.211+0000] {base.py:84} INFO - Using connection ID 'my-gcp-conn' for task execution.
[2024-09-29T14:59:33.476+0000] {gcs.py:344} INFO - File downloaded to /tmp/product.csv
[2024-09-29T14:59:34.651+0000] {gcs.py:557} INFO - File /tmp/cleaned_product.csv uploaded to product.csv in storage-madt-finalproject bucket
[2024-09-29T14:59:34.652+0000] {python.py:237} INFO - Done. Returned value was: None
[2024-09-29T14:59:34.652+0000] {taskinstance.py:441} INFO - ::group::Post task execution logs
[2024-09-29T14:59:34.661+0000] {taskinstance.py:1205} INFO - Marking task as SUCCESS. dag_id=etl_with_cleaning_transfer, task_id=clean_and_transfer_csv_files.clean_and_transfer_product, execution_date=20240929T145925, start_date=20240929T145931, end_date=20240929T145934
[2024-09-29T14:59:34.722+0000] {local_task_job_runner.py:240} INFO - Task exited with return code 0
[2024-09-29T14:59:34.752+0000] {taskinstance.py:3482} INFO - 0 downstream tasks scheduled from follow-on schedule check
[2024-09-29T14:59:34.758+0000] {local_task_job_runner.py:222} INFO - ::endgroup::
