[2024-10-01T19:00:10.404+0000] {local_task_job_runner.py:120} INFO - ::group::Pre task execution logs
[2024-10-01T19:00:10.441+0000] {taskinstance.py:2073} INFO - Dependencies all met for dep_context=non-requeueable deps ti=<TaskInstance: etl_with_cleaning_transfer.gcs_to_bigquery.gcs_to_bq_zoning manual__2024-10-01T18:59:52.021669+00:00 [queued]>
[2024-10-01T19:00:10.463+0000] {taskinstance.py:2073} INFO - Dependencies all met for dep_context=requeueable deps ti=<TaskInstance: etl_with_cleaning_transfer.gcs_to_bigquery.gcs_to_bq_zoning manual__2024-10-01T18:59:52.021669+00:00 [queued]>
[2024-10-01T19:00:10.463+0000] {taskinstance.py:2303} INFO - Starting attempt 1 of 4
[2024-10-01T19:00:10.512+0000] {taskinstance.py:2327} INFO - Executing <Task(GCSToBigQueryOperator): gcs_to_bigquery.gcs_to_bq_zoning> on 2024-10-01 18:59:52.021669+00:00
[2024-10-01T19:00:10.536+0000] {logging_mixin.py:188} WARNING - /home/***/.local/lib/python3.12/site-packages/***/task/task_runner/standard_task_runner.py:61 DeprecationWarning: This process (pid=41267) is multi-threaded, use of fork() may lead to deadlocks in the child.
[2024-10-01T19:00:10.539+0000] {standard_task_runner.py:63} INFO - Started process 41328 to run task
[2024-10-01T19:00:10.538+0000] {standard_task_runner.py:90} INFO - Running: ['***', 'tasks', 'run', 'etl_with_cleaning_transfer', 'gcs_to_bigquery.gcs_to_bq_zoning', 'manual__2024-10-01T18:59:52.021669+00:00', '--job-id', '3172', '--raw', '--subdir', 'DAGS_FOLDER/etl.py', '--cfg-path', '/tmp/tmppelpbe26']
[2024-10-01T19:00:10.541+0000] {standard_task_runner.py:91} INFO - Job 3172: Subtask gcs_to_bigquery.gcs_to_bq_zoning
[2024-10-01T19:00:10.638+0000] {task_command.py:426} INFO - Running <TaskInstance: etl_with_cleaning_transfer.gcs_to_bigquery.gcs_to_bq_zoning manual__2024-10-01T18:59:52.021669+00:00 [running]> on host 71321b93f95e
[2024-10-01T19:00:10.897+0000] {taskinstance.py:2644} INFO - Exporting env vars: AIRFLOW_CTX_DAG_OWNER='***' AIRFLOW_CTX_DAG_ID='etl_with_cleaning_transfer' AIRFLOW_CTX_TASK_ID='gcs_to_bigquery.gcs_to_bq_zoning' AIRFLOW_CTX_EXECUTION_DATE='2024-10-01T18:59:52.021669+00:00' AIRFLOW_CTX_TRY_NUMBER='1' AIRFLOW_CTX_DAG_RUN_ID='manual__2024-10-01T18:59:52.021669+00:00'
[2024-10-01T19:00:10.907+0000] {taskinstance.py:430} INFO - ::endgroup::
[2024-10-01T19:00:10.926+0000] {connection.py:274} WARNING - Connection schemes (type: google_cloud_platform) shall not contain '_' according to RFC3986.
[2024-10-01T19:00:10.945+0000] {base.py:84} INFO - Using connection ID 'my-gcp-conn' for task execution.
[2024-10-01T19:00:10.946+0000] {gcs_to_bigquery.py:379} INFO - Using existing BigQuery table for storing data...
[2024-10-01T19:00:11.072+0000] {gcs_to_bigquery.py:383} INFO - Executing: {'load': {'autodetect': True, 'createDisposition': 'CREATE_IF_NEEDED', 'destinationTable': {'projectId': 'madt-finalproject', 'datasetId': 'finalproject_data', 'tableId': 'zoning'}, 'sourceFormat': 'CSV', 'sourceUris': ['gs://storage-madt-finalproject/cleaned_zoning.csv'], 'writeDisposition': 'WRITE_TRUNCATE', 'ignoreUnknownValues': True, 'maxBadRecords': 10, 'skipLeadingRows': 1, 'fieldDelimiter': ',', 'quote': None, 'allowQuotedNewlines': False, 'encoding': 'UTF-8'}}
[2024-10-01T19:00:11.074+0000] {bigquery.py:1613} INFO - Inserting job ***_etl_with_cleaning_transfer_gcs_to_bigquery_gcs_to_bq_zoning_2024_10_01T18_59_52_021669_00_00_30982821d70409d36adb275855ab55c7
[2024-10-01T19:00:15.828+0000] {taskinstance.py:441} INFO - ::group::Post task execution logs
[2024-10-01T19:00:15.836+0000] {taskinstance.py:1205} INFO - Marking task as SUCCESS. dag_id=etl_with_cleaning_transfer, task_id=gcs_to_bigquery.gcs_to_bq_zoning, execution_date=20241001T185952, start_date=20241001T190010, end_date=20241001T190015
[2024-10-01T19:00:15.869+0000] {local_task_job_runner.py:240} INFO - Task exited with return code 0
[2024-10-01T19:00:15.886+0000] {taskinstance.py:3482} INFO - 0 downstream tasks scheduled from follow-on schedule check
[2024-10-01T19:00:15.897+0000] {local_task_job_runner.py:222} INFO - ::endgroup::
