[2024-09-29T14:35:33.196+0000] {local_task_job_runner.py:120} INFO - ::group::Pre task execution logs
[2024-09-29T14:35:33.286+0000] {taskinstance.py:2073} INFO - Dependencies all met for dep_context=non-requeueable deps ti=<TaskInstance: etl.gcs_to_bq_customer scheduled__2024-09-15T00:00:00+00:00 [queued]>
[2024-09-29T14:35:33.327+0000] {taskinstance.py:2073} INFO - Dependencies all met for dep_context=requeueable deps ti=<TaskInstance: etl.gcs_to_bq_customer scheduled__2024-09-15T00:00:00+00:00 [queued]>
[2024-09-29T14:35:33.330+0000] {taskinstance.py:2303} INFO - Starting attempt 1 of 1
[2024-09-29T14:35:33.541+0000] {taskinstance.py:2327} INFO - Executing <Task(GCSToBigQueryOperator): gcs_to_bq_customer> on 2024-09-15 00:00:00+00:00
[2024-09-29T14:35:33.577+0000] {standard_task_runner.py:90} INFO - Running: ['***', 'tasks', 'run', 'etl', 'gcs_to_bq_customer', 'scheduled__2024-09-15T00:00:00+00:00', '--job-id', '2542', '--raw', '--subdir', 'DAGS_FOLDER/etl.py', '--cfg-path', '/tmp/tmp9846gla2']
[2024-09-29T14:35:33.582+0000] {standard_task_runner.py:91} INFO - Job 2542: Subtask gcs_to_bq_customer
[2024-09-29T14:35:33.581+0000] {logging_mixin.py:188} WARNING - /home/***/.local/lib/python3.12/site-packages/***/task/task_runner/standard_task_runner.py:61 DeprecationWarning: This process (pid=27301) is multi-threaded, use of fork() may lead to deadlocks in the child.
[2024-09-29T14:35:33.584+0000] {standard_task_runner.py:63} INFO - Started process 27370 to run task
[2024-09-29T14:35:33.764+0000] {task_command.py:426} INFO - Running <TaskInstance: etl.gcs_to_bq_customer scheduled__2024-09-15T00:00:00+00:00 [running]> on host 71321b93f95e
[2024-09-29T14:35:34.088+0000] {taskinstance.py:2644} INFO - Exporting env vars: AIRFLOW_CTX_DAG_OWNER='***' AIRFLOW_CTX_DAG_ID='etl' AIRFLOW_CTX_TASK_ID='gcs_to_bq_customer' AIRFLOW_CTX_EXECUTION_DATE='2024-09-15T00:00:00+00:00' AIRFLOW_CTX_TRY_NUMBER='1' AIRFLOW_CTX_DAG_RUN_ID='scheduled__2024-09-15T00:00:00+00:00'
[2024-09-29T14:35:34.092+0000] {taskinstance.py:430} INFO - ::endgroup::
[2024-09-29T14:35:34.123+0000] {connection.py:274} WARNING - Connection schemes (type: google_cloud_platform) shall not contain '_' according to RFC3986.
[2024-09-29T14:35:34.165+0000] {base.py:84} INFO - Using connection ID 'my-gcp-conn' for task execution.
[2024-09-29T14:35:34.166+0000] {gcs_to_bigquery.py:379} INFO - Using existing BigQuery table for storing data...
[2024-09-29T14:35:34.378+0000] {gcs_to_bigquery.py:383} INFO - Executing: {'load': {'autodetect': True, 'createDisposition': 'CREATE_IF_NEEDED', 'destinationTable': {'projectId': 'madt-finalproject', 'datasetId': 'finalproject_data', 'tableId': 'customer'}, 'sourceFormat': 'CSV', 'sourceUris': ['gs://storage-madt-finalproject/customer.csv'], 'writeDisposition': 'WRITE_TRUNCATE', 'ignoreUnknownValues': False, 'skipLeadingRows': None, 'fieldDelimiter': ',', 'quote': None, 'allowQuotedNewlines': False, 'encoding': 'UTF-8'}}
[2024-09-29T14:35:34.382+0000] {bigquery.py:1613} INFO - Inserting job ***_etl_gcs_to_bq_customer_2024_09_15T00_00_00_00_00_0dc4ce4e9beef55a5bc24cb1dd8e9225
[2024-09-29T14:35:38.750+0000] {taskinstance.py:441} INFO - ::group::Post task execution logs
[2024-09-29T14:35:38.776+0000] {taskinstance.py:1205} INFO - Marking task as SUCCESS. dag_id=etl, task_id=gcs_to_bq_customer, execution_date=20240915T000000, start_date=20240929T143533, end_date=20240929T143538
[2024-09-29T14:35:38.888+0000] {local_task_job_runner.py:240} INFO - Task exited with return code 0
[2024-09-29T14:35:39.209+0000] {taskinstance.py:3482} INFO - 0 downstream tasks scheduled from follow-on schedule check
[2024-09-29T14:35:39.226+0000] {local_task_job_runner.py:222} INFO - ::endgroup::
