[2024-09-29T09:08:41.351+0000] {local_task_job_runner.py:120} INFO - ::group::Pre task execution logs
[2024-09-29T09:08:41.441+0000] {taskinstance.py:2073} INFO - Dependencies all met for dep_context=non-requeueable deps ti=<TaskInstance: etl.upload_file_reorder_to_warehouse scheduled__2024-05-31T00:00:00+00:00 [queued]>
[2024-09-29T09:08:41.538+0000] {taskinstance.py:2073} INFO - Dependencies all met for dep_context=requeueable deps ti=<TaskInstance: etl.upload_file_reorder_to_warehouse scheduled__2024-05-31T00:00:00+00:00 [queued]>
[2024-09-29T09:08:41.539+0000] {taskinstance.py:2303} INFO - Starting attempt 1 of 1
[2024-09-29T09:08:42.240+0000] {taskinstance.py:2327} INFO - Executing <Task(GCSToGCSOperator): upload_file_reorder_to_warehouse> on 2024-05-31 00:00:00+00:00
[2024-09-29T09:08:42.329+0000] {logging_mixin.py:188} WARNING - /home/***/.local/lib/python3.12/site-packages/***/task/task_runner/standard_task_runner.py:61 DeprecationWarning: This process (pid=30311) is multi-threaded, use of fork() may lead to deadlocks in the child.
[2024-09-29T09:08:42.329+0000] {standard_task_runner.py:63} INFO - Started process 30389 to run task
[2024-09-29T09:08:42.325+0000] {standard_task_runner.py:90} INFO - Running: ['***', 'tasks', 'run', 'etl', 'upload_file_reorder_to_warehouse', 'scheduled__2024-05-31T00:00:00+00:00', '--job-id', '261', '--raw', '--subdir', 'DAGS_FOLDER/etl.py', '--cfg-path', '/tmp/tmpmivs58pe']
[2024-09-29T09:08:42.334+0000] {standard_task_runner.py:91} INFO - Job 261: Subtask upload_file_reorder_to_warehouse
[2024-09-29T09:08:42.434+0000] {task_command.py:426} INFO - Running <TaskInstance: etl.upload_file_reorder_to_warehouse scheduled__2024-05-31T00:00:00+00:00 [running]> on host 71321b93f95e
[2024-09-29T09:08:42.809+0000] {taskinstance.py:2644} INFO - Exporting env vars: AIRFLOW_CTX_DAG_OWNER='***' AIRFLOW_CTX_DAG_ID='etl' AIRFLOW_CTX_TASK_ID='upload_file_reorder_to_warehouse' AIRFLOW_CTX_EXECUTION_DATE='2024-05-31T00:00:00+00:00' AIRFLOW_CTX_TRY_NUMBER='1' AIRFLOW_CTX_DAG_RUN_ID='scheduled__2024-05-31T00:00:00+00:00'
[2024-09-29T09:08:42.811+0000] {taskinstance.py:430} INFO - ::endgroup::
[2024-09-29T09:08:42.839+0000] {connection.py:274} WARNING - Connection schemes (type: google_cloud_platform) shall not contain '_' according to RFC3986.
[2024-09-29T09:08:42.879+0000] {base.py:84} INFO - Using connection ID 'my_gcp_conn' for task execution.
[2024-09-29T09:08:44.748+0000] {gcs_to_gcs.py:535} INFO - Executing copy of gs://rawdata-madt-finalproject/reorder.csv to gs://storage-madt-finalproject/reorder.csv
[2024-09-29T09:08:45.159+0000] {gcs.py:256} INFO - Total Bytes: 404 | Bytes Written: 404
[2024-09-29T09:08:45.161+0000] {gcs.py:264} INFO - Object reorder.csv in bucket rawdata-madt-finalproject rewritten to object reorder.csv in bucket storage-madt-finalproject
[2024-09-29T09:08:45.165+0000] {taskinstance.py:441} INFO - ::group::Post task execution logs
[2024-09-29T09:08:45.200+0000] {taskinstance.py:1205} INFO - Marking task as SUCCESS. dag_id=etl, task_id=upload_file_reorder_to_warehouse, execution_date=20240531T000000, start_date=20240929T090841, end_date=20240929T090845
[2024-09-29T09:08:45.348+0000] {local_task_job_runner.py:240} INFO - Task exited with return code 0
[2024-09-29T09:08:46.272+0000] {taskinstance.py:3482} INFO - 0 downstream tasks scheduled from follow-on schedule check
[2024-09-29T09:08:46.297+0000] {local_task_job_runner.py:222} INFO - ::endgroup::
