[2024-09-29T14:21:22.782+0000] {local_task_job_runner.py:120} INFO - ::group::Pre task execution logs
[2024-09-29T14:21:22.823+0000] {taskinstance.py:2073} INFO - Dependencies all met for dep_context=non-requeueable deps ti=<TaskInstance: etl.create_dataset scheduled__2024-07-23T00:00:00+00:00 [queued]>
[2024-09-29T14:21:22.841+0000] {taskinstance.py:2073} INFO - Dependencies all met for dep_context=requeueable deps ti=<TaskInstance: etl.create_dataset scheduled__2024-07-23T00:00:00+00:00 [queued]>
[2024-09-29T14:21:22.842+0000] {taskinstance.py:2303} INFO - Starting attempt 1 of 1
[2024-09-29T14:21:23.348+0000] {taskinstance.py:2327} INFO - Executing <Task(BigQueryCreateEmptyDatasetOperator): create_dataset> on 2024-07-23 00:00:00+00:00
[2024-09-29T14:21:23.381+0000] {standard_task_runner.py:90} INFO - Running: ['***', 'tasks', 'run', 'etl', 'create_dataset', 'scheduled__2024-07-23T00:00:00+00:00', '--job-id', '1313', '--raw', '--subdir', 'DAGS_FOLDER/etl.py', '--cfg-path', '/tmp/tmpb73n5tds']
[2024-09-29T14:21:23.392+0000] {standard_task_runner.py:91} INFO - Job 1313: Subtask create_dataset
[2024-09-29T14:21:23.380+0000] {logging_mixin.py:188} WARNING - /home/***/.local/lib/python3.12/site-packages/***/task/task_runner/standard_task_runner.py:61 DeprecationWarning: This process (pid=16348) is multi-threaded, use of fork() may lead to deadlocks in the child.
[2024-09-29T14:21:23.396+0000] {standard_task_runner.py:63} INFO - Started process 16371 to run task
[2024-09-29T14:21:23.596+0000] {task_command.py:426} INFO - Running <TaskInstance: etl.create_dataset scheduled__2024-07-23T00:00:00+00:00 [running]> on host 71321b93f95e
[2024-09-29T14:21:23.876+0000] {taskinstance.py:2644} INFO - Exporting env vars: AIRFLOW_CTX_DAG_OWNER='***' AIRFLOW_CTX_DAG_ID='etl' AIRFLOW_CTX_TASK_ID='create_dataset' AIRFLOW_CTX_EXECUTION_DATE='2024-07-23T00:00:00+00:00' AIRFLOW_CTX_TRY_NUMBER='1' AIRFLOW_CTX_DAG_RUN_ID='scheduled__2024-07-23T00:00:00+00:00'
[2024-09-29T14:21:23.878+0000] {taskinstance.py:430} INFO - ::endgroup::
[2024-09-29T14:21:23.905+0000] {connection.py:274} WARNING - Connection schemes (type: google_cloud_platform) shall not contain '_' according to RFC3986.
[2024-09-29T14:21:23.925+0000] {base.py:84} INFO - Using connection ID 'my-gcp-conn' for task execution.
[2024-09-29T14:21:24.005+0000] {bigquery.py:470} INFO - datasetId was not specified in `dataset_reference`. Will use default value finalproject_data.
[2024-09-29T14:21:24.006+0000] {bigquery.py:470} INFO - projectId was not specified in `dataset_reference`. Will use default value madt-finalproject.
[2024-09-29T14:21:24.006+0000] {bigquery.py:481} INFO - Creating dataset: finalproject_data in project: madt-finalproject 
[2024-09-29T14:21:24.527+0000] {bigquery.py:2045} INFO - Dataset finalproject_data already exists.
[2024-09-29T14:21:24.627+0000] {taskinstance.py:441} INFO - ::group::Post task execution logs
[2024-09-29T14:21:24.648+0000] {taskinstance.py:1205} INFO - Marking task as SUCCESS. dag_id=etl, task_id=create_dataset, execution_date=20240723T000000, start_date=20240929T142122, end_date=20240929T142124
[2024-09-29T14:21:24.750+0000] {local_task_job_runner.py:240} INFO - Task exited with return code 0
[2024-09-29T14:21:24.902+0000] {taskinstance.py:3482} INFO - 9 downstream tasks scheduled from follow-on schedule check
[2024-09-29T14:21:24.915+0000] {local_task_job_runner.py:222} INFO - ::endgroup::
