[2024-11-06T15:58:19.134+0000] {local_task_job_runner.py:120} INFO - ::group::Pre task execution logs
[2024-11-06T15:58:19.212+0000] {taskinstance.py:2073} INFO - Dependencies all met for dep_context=non-requeueable deps ti=<TaskInstance: etl_data_pipeline_v2.gcs_to_bigquery.gcs_to_bq_invoice_type manual__2024-11-06T15:57:58.254100+00:00 [queued]>
[2024-11-06T15:58:19.264+0000] {taskinstance.py:2073} INFO - Dependencies all met for dep_context=requeueable deps ti=<TaskInstance: etl_data_pipeline_v2.gcs_to_bigquery.gcs_to_bq_invoice_type manual__2024-11-06T15:57:58.254100+00:00 [queued]>
[2024-11-06T15:58:19.269+0000] {taskinstance.py:2303} INFO - Starting attempt 1 of 4
[2024-11-06T15:58:19.325+0000] {taskinstance.py:2327} INFO - Executing <Task(GCSToBigQueryOperator): gcs_to_bigquery.gcs_to_bq_invoice_type> on 2024-11-06 15:57:58.254100+00:00
[2024-11-06T15:58:19.374+0000] {logging_mixin.py:188} WARNING - /home/***/.local/lib/python3.12/site-packages/***/task/task_runner/standard_task_runner.py:61 DeprecationWarning: This process (pid=6721) is multi-threaded, use of fork() may lead to deadlocks in the child.
[2024-11-06T15:58:19.375+0000] {standard_task_runner.py:63} INFO - Started process 6753 to run task
[2024-11-06T15:58:19.380+0000] {standard_task_runner.py:90} INFO - Running: ['***', 'tasks', 'run', 'etl_data_pipeline_v2', 'gcs_to_bigquery.gcs_to_bq_invoice_type', 'manual__2024-11-06T15:57:58.254100+00:00', '--job-id', '3742', '--raw', '--subdir', 'DAGS_FOLDER/etl2.py', '--cfg-path', '/tmp/tmpnrep_vn8']
[2024-11-06T15:58:19.383+0000] {standard_task_runner.py:91} INFO - Job 3742: Subtask gcs_to_bigquery.gcs_to_bq_invoice_type
[2024-11-06T15:58:19.526+0000] {task_command.py:426} INFO - Running <TaskInstance: etl_data_pipeline_v2.gcs_to_bigquery.gcs_to_bq_invoice_type manual__2024-11-06T15:57:58.254100+00:00 [running]> on host 71321b93f95e
[2024-11-06T15:58:19.922+0000] {taskinstance.py:2644} INFO - Exporting env vars: AIRFLOW_CTX_DAG_OWNER='***' AIRFLOW_CTX_DAG_ID='etl_data_pipeline_v2' AIRFLOW_CTX_TASK_ID='gcs_to_bigquery.gcs_to_bq_invoice_type' AIRFLOW_CTX_EXECUTION_DATE='2024-11-06T15:57:58.254100+00:00' AIRFLOW_CTX_TRY_NUMBER='1' AIRFLOW_CTX_DAG_RUN_ID='manual__2024-11-06T15:57:58.254100+00:00'
[2024-11-06T15:58:19.924+0000] {taskinstance.py:430} INFO - ::endgroup::
[2024-11-06T15:58:19.939+0000] {connection.py:274} WARNING - Connection schemes (type: google_cloud_platform) shall not contain '_' according to RFC3986.
[2024-11-06T15:58:19.949+0000] {base.py:84} INFO - Using connection ID 'my-gcp-conn' for task execution.
[2024-11-06T15:58:19.950+0000] {gcs_to_bigquery.py:379} INFO - Using existing BigQuery table for storing data...
[2024-11-06T15:58:20.025+0000] {gcs_to_bigquery.py:383} INFO - Executing: {'load': {'autodetect': True, 'createDisposition': 'CREATE_IF_NEEDED', 'destinationTable': {'projectId': 'madt-finalproject', 'datasetId': 'finalproject_data', 'tableId': 'invoice_type'}, 'sourceFormat': 'CSV', 'sourceUris': ['gs://storage-madt-finalproject/invoice_type.csv'], 'writeDisposition': 'WRITE_TRUNCATE', 'ignoreUnknownValues': True, 'schema': {'fields': [{'name': 'typeId', 'type': 'STRING'}, {'name': 'type_name', 'type': 'STRING'}]}, 'skipLeadingRows': 1, 'fieldDelimiter': ',', 'quote': None, 'allowQuotedNewlines': False, 'encoding': 'UTF-8'}}
[2024-11-06T15:58:20.026+0000] {bigquery.py:1613} INFO - Inserting job ***_etl_data_pipeline_v2_gcs_to_bigquery_gcs_to_bq_invoice_type_2024_11_06T15_57_58_254100_00_00_2aee12f147fe3e4cfba34f6c97cd790b
[2024-11-06T15:58:22.876+0000] {taskinstance.py:441} INFO - ::group::Post task execution logs
[2024-11-06T15:58:22.884+0000] {taskinstance.py:1205} INFO - Marking task as SUCCESS. dag_id=etl_data_pipeline_v2, task_id=gcs_to_bigquery.gcs_to_bq_invoice_type, execution_date=20241106T155758, start_date=20241106T155819, end_date=20241106T155822
[2024-11-06T15:58:22.937+0000] {local_task_job_runner.py:240} INFO - Task exited with return code 0
[2024-11-06T15:58:22.958+0000] {taskinstance.py:3482} INFO - 0 downstream tasks scheduled from follow-on schedule check
[2024-11-06T15:58:22.964+0000] {local_task_job_runner.py:222} INFO - ::endgroup::
