[2024-09-29T15:18:45.079+0000] {local_task_job_runner.py:120} INFO - ::group::Pre task execution logs
[2024-09-29T15:18:45.122+0000] {taskinstance.py:2073} INFO - Dependencies all met for dep_context=non-requeueable deps ti=<TaskInstance: etl_with_cleaning_transfer.gcs_to_bigquery.gcs_to_bq_zoning manual__2024-09-29T15:18:26.990591+00:00 [queued]>
[2024-09-29T15:18:45.175+0000] {taskinstance.py:2073} INFO - Dependencies all met for dep_context=requeueable deps ti=<TaskInstance: etl_with_cleaning_transfer.gcs_to_bigquery.gcs_to_bq_zoning manual__2024-09-29T15:18:26.990591+00:00 [queued]>
[2024-09-29T15:18:45.177+0000] {taskinstance.py:2303} INFO - Starting attempt 1 of 4
[2024-09-29T15:18:45.258+0000] {taskinstance.py:2327} INFO - Executing <Task(GCSToBigQueryOperator): gcs_to_bigquery.gcs_to_bq_zoning> on 2024-09-29 15:18:26.990591+00:00
[2024-09-29T15:18:45.309+0000] {standard_task_runner.py:90} INFO - Running: ['***', 'tasks', 'run', 'etl_with_cleaning_transfer', 'gcs_to_bigquery.gcs_to_bq_zoning', 'manual__2024-09-29T15:18:26.990591+00:00', '--job-id', '2742', '--raw', '--subdir', 'DAGS_FOLDER/etl.py', '--cfg-path', '/tmp/tmpe3vfg6x5']
[2024-09-29T15:18:45.311+0000] {logging_mixin.py:188} WARNING - /home/***/.local/lib/python3.12/site-packages/***/task/task_runner/standard_task_runner.py:61 DeprecationWarning: This process (pid=50600) is multi-threaded, use of fork() may lead to deadlocks in the child.
[2024-09-29T15:18:45.312+0000] {standard_task_runner.py:63} INFO - Started process 50650 to run task
[2024-09-29T15:18:45.314+0000] {standard_task_runner.py:91} INFO - Job 2742: Subtask gcs_to_bigquery.gcs_to_bq_zoning
[2024-09-29T15:18:45.471+0000] {task_command.py:426} INFO - Running <TaskInstance: etl_with_cleaning_transfer.gcs_to_bigquery.gcs_to_bq_zoning manual__2024-09-29T15:18:26.990591+00:00 [running]> on host 71321b93f95e
[2024-09-29T15:18:45.724+0000] {taskinstance.py:2644} INFO - Exporting env vars: AIRFLOW_CTX_DAG_OWNER='***' AIRFLOW_CTX_DAG_ID='etl_with_cleaning_transfer' AIRFLOW_CTX_TASK_ID='gcs_to_bigquery.gcs_to_bq_zoning' AIRFLOW_CTX_EXECUTION_DATE='2024-09-29T15:18:26.990591+00:00' AIRFLOW_CTX_TRY_NUMBER='1' AIRFLOW_CTX_DAG_RUN_ID='manual__2024-09-29T15:18:26.990591+00:00'
[2024-09-29T15:18:45.729+0000] {taskinstance.py:430} INFO - ::endgroup::
[2024-09-29T15:18:45.759+0000] {connection.py:274} WARNING - Connection schemes (type: google_cloud_platform) shall not contain '_' according to RFC3986.
[2024-09-29T15:18:45.784+0000] {base.py:84} INFO - Using connection ID 'my-gcp-conn' for task execution.
[2024-09-29T15:18:45.787+0000] {gcs_to_bigquery.py:379} INFO - Using existing BigQuery table for storing data...
[2024-09-29T15:18:45.993+0000] {gcs_to_bigquery.py:383} INFO - Executing: {'load': {'autodetect': True, 'createDisposition': 'CREATE_IF_NEEDED', 'destinationTable': {'projectId': 'madt-finalproject', 'datasetId': 'finalproject_data', 'tableId': 'zoning'}, 'sourceFormat': 'CSV', 'sourceUris': ['gs://storage-madt-finalproject/zoning.csv'], 'writeDisposition': 'WRITE_TRUNCATE', 'ignoreUnknownValues': False, 'skipLeadingRows': None, 'fieldDelimiter': ',', 'quote': None, 'allowQuotedNewlines': False, 'encoding': 'UTF-8'}}
[2024-09-29T15:18:46.003+0000] {bigquery.py:1613} INFO - Inserting job ***_etl_with_cleaning_transfer_gcs_to_bigquery_gcs_to_bq_zoning_2024_09_29T15_18_26_990591_00_00_51903640b4c5537192b30d5f04479a3a
[2024-09-29T15:18:49.038+0000] {taskinstance.py:441} INFO - ::group::Post task execution logs
[2024-09-29T15:18:49.045+0000] {taskinstance.py:1205} INFO - Marking task as SUCCESS. dag_id=etl_with_cleaning_transfer, task_id=gcs_to_bigquery.gcs_to_bq_zoning, execution_date=20240929T151826, start_date=20240929T151845, end_date=20240929T151849
[2024-09-29T15:18:49.076+0000] {local_task_job_runner.py:240} INFO - Task exited with return code 0
[2024-09-29T15:18:49.094+0000] {taskinstance.py:3482} INFO - 0 downstream tasks scheduled from follow-on schedule check
[2024-09-29T15:18:49.101+0000] {local_task_job_runner.py:222} INFO - ::endgroup::
