[2024-11-06T14:59:49.399+0000] {local_task_job_runner.py:120} INFO - ::group::Pre task execution logs
[2024-11-06T14:59:49.448+0000] {taskinstance.py:2073} INFO - Dependencies all met for dep_context=non-requeueable deps ti=<TaskInstance: etl_data_pipeline_v2.gcs_to_bigquery.gcs_to_bq_region manual__2024-11-06T14:59:30.599580+00:00 [queued]>
[2024-11-06T14:59:49.488+0000] {taskinstance.py:2073} INFO - Dependencies all met for dep_context=requeueable deps ti=<TaskInstance: etl_data_pipeline_v2.gcs_to_bigquery.gcs_to_bq_region manual__2024-11-06T14:59:30.599580+00:00 [queued]>
[2024-11-06T14:59:49.489+0000] {taskinstance.py:2303} INFO - Starting attempt 1 of 4
[2024-11-06T14:59:49.545+0000] {taskinstance.py:2327} INFO - Executing <Task(GCSToBigQueryOperator): gcs_to_bigquery.gcs_to_bq_region> on 2024-11-06 14:59:30.599580+00:00
[2024-11-06T14:59:49.567+0000] {logging_mixin.py:188} WARNING - /home/***/.local/lib/python3.12/site-packages/***/task/task_runner/standard_task_runner.py:61 DeprecationWarning: This process (pid=6939) is multi-threaded, use of fork() may lead to deadlocks in the child.
[2024-11-06T14:59:49.568+0000] {standard_task_runner.py:63} INFO - Started process 7014 to run task
[2024-11-06T14:59:49.573+0000] {standard_task_runner.py:90} INFO - Running: ['***', 'tasks', 'run', 'etl_data_pipeline_v2', 'gcs_to_bigquery.gcs_to_bq_region', 'manual__2024-11-06T14:59:30.599580+00:00', '--job-id', '3679', '--raw', '--subdir', 'DAGS_FOLDER/etl2.py', '--cfg-path', '/tmp/tmp4l55zqeh']
[2024-11-06T14:59:49.574+0000] {standard_task_runner.py:91} INFO - Job 3679: Subtask gcs_to_bigquery.gcs_to_bq_region
[2024-11-06T14:59:49.685+0000] {task_command.py:426} INFO - Running <TaskInstance: etl_data_pipeline_v2.gcs_to_bigquery.gcs_to_bq_region manual__2024-11-06T14:59:30.599580+00:00 [running]> on host 71321b93f95e
[2024-11-06T14:59:50.032+0000] {taskinstance.py:2644} INFO - Exporting env vars: AIRFLOW_CTX_DAG_OWNER='***' AIRFLOW_CTX_DAG_ID='etl_data_pipeline_v2' AIRFLOW_CTX_TASK_ID='gcs_to_bigquery.gcs_to_bq_region' AIRFLOW_CTX_EXECUTION_DATE='2024-11-06T14:59:30.599580+00:00' AIRFLOW_CTX_TRY_NUMBER='1' AIRFLOW_CTX_DAG_RUN_ID='manual__2024-11-06T14:59:30.599580+00:00'
[2024-11-06T14:59:50.034+0000] {taskinstance.py:430} INFO - ::endgroup::
[2024-11-06T14:59:50.045+0000] {connection.py:274} WARNING - Connection schemes (type: google_cloud_platform) shall not contain '_' according to RFC3986.
[2024-11-06T14:59:50.059+0000] {base.py:84} INFO - Using connection ID 'my-gcp-conn' for task execution.
[2024-11-06T14:59:50.075+0000] {gcs_to_bigquery.py:379} INFO - Using existing BigQuery table for storing data...
[2024-11-06T14:59:50.326+0000] {gcs_to_bigquery.py:383} INFO - Executing: {'load': {'autodetect': True, 'createDisposition': 'CREATE_IF_NEEDED', 'destinationTable': {'projectId': 'madt-finalproject', 'datasetId': 'finalproject_data', 'tableId': 'region'}, 'sourceFormat': 'CSV', 'sourceUris': ['gs://storage-madt-finalproject/region.csv'], 'writeDisposition': 'WRITE_TRUNCATE', 'ignoreUnknownValues': True, 'schema': {'fields': [{'name': 'regionId', 'type': 'STRING'}, {'name': 'region_name', 'type': 'STRING'}]}, 'skipLeadingRows': 1, 'fieldDelimiter': ',', 'quote': None, 'allowQuotedNewlines': False, 'encoding': 'UTF-8'}}
[2024-11-06T14:59:50.327+0000] {bigquery.py:1613} INFO - Inserting job ***_etl_data_pipeline_v2_gcs_to_bigquery_gcs_to_bq_region_2024_11_06T14_59_30_599580_00_00_187b2ba69c49fe2dd9b50879aaf034b9
[2024-11-06T14:59:53.936+0000] {taskinstance.py:441} INFO - ::group::Post task execution logs
[2024-11-06T14:59:53.944+0000] {taskinstance.py:1205} INFO - Marking task as SUCCESS. dag_id=etl_data_pipeline_v2, task_id=gcs_to_bigquery.gcs_to_bq_region, execution_date=20241106T145930, start_date=20241106T145949, end_date=20241106T145953
[2024-11-06T14:59:53.984+0000] {local_task_job_runner.py:240} INFO - Task exited with return code 0
[2024-11-06T14:59:54.004+0000] {taskinstance.py:3482} INFO - 0 downstream tasks scheduled from follow-on schedule check
[2024-11-06T14:59:54.008+0000] {local_task_job_runner.py:222} INFO - ::endgroup::
