[2024-09-29T14:32:31.472+0000] {local_task_job_runner.py:120} INFO - ::group::Pre task execution logs
[2024-09-29T14:32:31.573+0000] {taskinstance.py:2073} INFO - Dependencies all met for dep_context=non-requeueable deps ti=<TaskInstance: etl.upload_file_fact_to_warehouse scheduled__2024-09-13T00:00:00+00:00 [queued]>
[2024-09-29T14:32:31.629+0000] {taskinstance.py:2073} INFO - Dependencies all met for dep_context=requeueable deps ti=<TaskInstance: etl.upload_file_fact_to_warehouse scheduled__2024-09-13T00:00:00+00:00 [queued]>
[2024-09-29T14:32:31.629+0000] {taskinstance.py:2303} INFO - Starting attempt 1 of 1
[2024-09-29T14:32:31.704+0000] {taskinstance.py:2327} INFO - Executing <Task(GCSToGCSOperator): upload_file_fact_to_warehouse> on 2024-09-13 00:00:00+00:00
[2024-09-29T14:32:31.751+0000] {standard_task_runner.py:90} INFO - Running: ['***', 'tasks', 'run', 'etl', 'upload_file_fact_to_warehouse', 'scheduled__2024-09-13T00:00:00+00:00', '--job-id', '2276', '--raw', '--subdir', 'DAGS_FOLDER/etl.py', '--cfg-path', '/tmp/tmpzap_o993']
[2024-09-29T14:32:31.758+0000] {standard_task_runner.py:91} INFO - Job 2276: Subtask upload_file_fact_to_warehouse
[2024-09-29T14:32:31.768+0000] {logging_mixin.py:188} WARNING - /home/***/.local/lib/python3.12/site-packages/***/task/task_runner/standard_task_runner.py:61 DeprecationWarning: This process (pid=24927) is multi-threaded, use of fork() may lead to deadlocks in the child.
[2024-09-29T14:32:31.769+0000] {standard_task_runner.py:63} INFO - Started process 25037 to run task
[2024-09-29T14:32:31.855+0000] {task_command.py:426} INFO - Running <TaskInstance: etl.upload_file_fact_to_warehouse scheduled__2024-09-13T00:00:00+00:00 [running]> on host 71321b93f95e
[2024-09-29T14:32:32.171+0000] {taskinstance.py:2644} INFO - Exporting env vars: AIRFLOW_CTX_DAG_OWNER='***' AIRFLOW_CTX_DAG_ID='etl' AIRFLOW_CTX_TASK_ID='upload_file_fact_to_warehouse' AIRFLOW_CTX_EXECUTION_DATE='2024-09-13T00:00:00+00:00' AIRFLOW_CTX_TRY_NUMBER='1' AIRFLOW_CTX_DAG_RUN_ID='scheduled__2024-09-13T00:00:00+00:00'
[2024-09-29T14:32:32.172+0000] {taskinstance.py:430} INFO - ::endgroup::
[2024-09-29T14:32:32.216+0000] {connection.py:274} WARNING - Connection schemes (type: google_cloud_platform) shall not contain '_' according to RFC3986.
[2024-09-29T14:32:32.266+0000] {base.py:84} INFO - Using connection ID 'my-gcp-conn' for task execution.
[2024-09-29T14:32:33.323+0000] {gcs_to_gcs.py:535} INFO - Executing copy of gs://rawdata-madt-finalproject/fact.csv to gs://storage-madt-finalproject/fact.csv
[2024-09-29T14:32:34.635+0000] {gcs.py:256} INFO - Total Bytes: 2585949 | Bytes Written: 2585949
[2024-09-29T14:32:34.639+0000] {gcs.py:264} INFO - Object fact.csv in bucket rawdata-madt-finalproject rewritten to object fact.csv in bucket storage-madt-finalproject
[2024-09-29T14:32:34.641+0000] {taskinstance.py:441} INFO - ::group::Post task execution logs
[2024-09-29T14:32:34.680+0000] {taskinstance.py:1205} INFO - Marking task as SUCCESS. dag_id=etl, task_id=upload_file_fact_to_warehouse, execution_date=20240913T000000, start_date=20240929T143231, end_date=20240929T143234
[2024-09-29T14:32:34.775+0000] {local_task_job_runner.py:240} INFO - Task exited with return code 0
[2024-09-29T14:32:35.213+0000] {taskinstance.py:3482} INFO - 0 downstream tasks scheduled from follow-on schedule check
[2024-09-29T14:32:35.227+0000] {local_task_job_runner.py:222} INFO - ::endgroup::
