[2024-09-29T14:16:42.871+0000] {local_task_job_runner.py:120} INFO - ::group::Pre task execution logs
[2024-09-29T14:16:42.897+0000] {taskinstance.py:2073} INFO - Dependencies all met for dep_context=non-requeueable deps ti=<TaskInstance: etl.gcs_to_bq_reorder scheduled__2024-06-20T00:00:00+00:00 [queued]>
[2024-09-29T14:16:42.917+0000] {taskinstance.py:2073} INFO - Dependencies all met for dep_context=requeueable deps ti=<TaskInstance: etl.gcs_to_bq_reorder scheduled__2024-06-20T00:00:00+00:00 [queued]>
[2024-09-29T14:16:42.918+0000] {taskinstance.py:2303} INFO - Starting attempt 1 of 1
[2024-09-29T14:16:42.962+0000] {taskinstance.py:2327} INFO - Executing <Task(GCSToBigQueryOperator): gcs_to_bq_reorder> on 2024-06-20 00:00:00+00:00
[2024-09-29T14:16:42.997+0000] {logging_mixin.py:188} WARNING - /home/***/.local/lib/python3.12/site-packages/***/task/task_runner/standard_task_runner.py:61 DeprecationWarning: This process (pid=12732) is multi-threaded, use of fork() may lead to deadlocks in the child.
[2024-09-29T14:16:42.998+0000] {standard_task_runner.py:63} INFO - Started process 12764 to run task
[2024-09-29T14:16:42.999+0000] {standard_task_runner.py:90} INFO - Running: ['***', 'tasks', 'run', 'etl', 'gcs_to_bq_reorder', 'scheduled__2024-06-20T00:00:00+00:00', '--job-id', '907', '--raw', '--subdir', 'DAGS_FOLDER/etl.py', '--cfg-path', '/tmp/tmpc86omkn6']
[2024-09-29T14:16:43.002+0000] {standard_task_runner.py:91} INFO - Job 907: Subtask gcs_to_bq_reorder
[2024-09-29T14:16:43.114+0000] {task_command.py:426} INFO - Running <TaskInstance: etl.gcs_to_bq_reorder scheduled__2024-06-20T00:00:00+00:00 [running]> on host 71321b93f95e
[2024-09-29T14:16:43.538+0000] {taskinstance.py:2644} INFO - Exporting env vars: AIRFLOW_CTX_DAG_OWNER='***' AIRFLOW_CTX_DAG_ID='etl' AIRFLOW_CTX_TASK_ID='gcs_to_bq_reorder' AIRFLOW_CTX_EXECUTION_DATE='2024-06-20T00:00:00+00:00' AIRFLOW_CTX_TRY_NUMBER='1' AIRFLOW_CTX_DAG_RUN_ID='scheduled__2024-06-20T00:00:00+00:00'
[2024-09-29T14:16:43.540+0000] {taskinstance.py:430} INFO - ::endgroup::
[2024-09-29T14:16:43.570+0000] {connection.py:274} WARNING - Connection schemes (type: google_cloud_platform) shall not contain '_' according to RFC3986.
[2024-09-29T14:16:43.604+0000] {base.py:84} INFO - Using connection ID 'my-gcp-conn' for task execution.
[2024-09-29T14:16:43.607+0000] {gcs_to_bigquery.py:379} INFO - Using existing BigQuery table for storing data...
[2024-09-29T14:16:43.894+0000] {gcs_to_bigquery.py:383} INFO - Executing: {'load': {'autodetect': True, 'createDisposition': 'CREATE_IF_NEEDED', 'destinationTable': {'projectId': 'madt-finalproject', 'datasetId': 'finalproject_data', 'tableId': 'reorder'}, 'sourceFormat': 'CSV', 'sourceUris': ['gs://storage-madt-finalproject/reorder.csv'], 'writeDisposition': 'WRITE_TRUNCATE', 'ignoreUnknownValues': False, 'skipLeadingRows': None, 'fieldDelimiter': ',', 'quote': None, 'allowQuotedNewlines': False, 'encoding': 'UTF-8'}}
[2024-09-29T14:16:43.895+0000] {bigquery.py:1613} INFO - Inserting job ***_etl_gcs_to_bq_reorder_2024_06_20T00_00_00_00_00_7eefc9e125c7dd9421e40874dcf6689a
[2024-09-29T14:16:47.862+0000] {taskinstance.py:441} INFO - ::group::Post task execution logs
[2024-09-29T14:16:47.895+0000] {taskinstance.py:1205} INFO - Marking task as SUCCESS. dag_id=etl, task_id=gcs_to_bq_reorder, execution_date=20240620T000000, start_date=20240929T141642, end_date=20240929T141647
[2024-09-29T14:16:48.035+0000] {local_task_job_runner.py:240} INFO - Task exited with return code 0
[2024-09-29T14:16:48.365+0000] {taskinstance.py:3482} INFO - 0 downstream tasks scheduled from follow-on schedule check
[2024-09-29T14:16:48.378+0000] {local_task_job_runner.py:222} INFO - ::endgroup::
