[2024-10-07T14:22:21.150+0000] {local_task_job_runner.py:120} INFO - ::group::Pre task execution logs
[2024-10-07T14:22:21.196+0000] {taskinstance.py:2073} INFO - Dependencies all met for dep_context=non-requeueable deps ti=<TaskInstance: etl_with_cleaning_transfer.clean_and_transfer_csv_files.clean_and_transfer_store manual__2024-10-07T14:22:14.195910+00:00 [queued]>
[2024-10-07T14:22:21.210+0000] {taskinstance.py:2073} INFO - Dependencies all met for dep_context=requeueable deps ti=<TaskInstance: etl_with_cleaning_transfer.clean_and_transfer_csv_files.clean_and_transfer_store manual__2024-10-07T14:22:14.195910+00:00 [queued]>
[2024-10-07T14:22:21.210+0000] {taskinstance.py:2303} INFO - Starting attempt 1 of 1
[2024-10-07T14:22:21.236+0000] {taskinstance.py:2327} INFO - Executing <Task(PythonOperator): clean_and_transfer_csv_files.clean_and_transfer_store> on 2024-10-07 14:22:14.195910+00:00
[2024-10-07T14:22:21.254+0000] {logging_mixin.py:188} WARNING - /home/***/.local/lib/python3.12/site-packages/***/task/task_runner/standard_task_runner.py:61 DeprecationWarning: This process (pid=3392) is multi-threaded, use of fork() may lead to deadlocks in the child.
[2024-10-07T14:22:21.255+0000] {standard_task_runner.py:63} INFO - Started process 3416 to run task
[2024-10-07T14:22:21.256+0000] {standard_task_runner.py:90} INFO - Running: ['***', 'tasks', 'run', 'etl_with_cleaning_transfer', 'clean_and_transfer_csv_files.clean_and_transfer_store', 'manual__2024-10-07T14:22:14.195910+00:00', '--job-id', '3254', '--raw', '--subdir', 'DAGS_FOLDER/etl.py', '--cfg-path', '/tmp/tmplra6vgxz']
[2024-10-07T14:22:21.259+0000] {standard_task_runner.py:91} INFO - Job 3254: Subtask clean_and_transfer_csv_files.clean_and_transfer_store
[2024-10-07T14:22:21.336+0000] {task_command.py:426} INFO - Running <TaskInstance: etl_with_cleaning_transfer.clean_and_transfer_csv_files.clean_and_transfer_store manual__2024-10-07T14:22:14.195910+00:00 [running]> on host 71321b93f95e
[2024-10-07T14:22:21.489+0000] {taskinstance.py:2644} INFO - Exporting env vars: AIRFLOW_CTX_DAG_OWNER='***' AIRFLOW_CTX_DAG_ID='etl_with_cleaning_transfer' AIRFLOW_CTX_TASK_ID='clean_and_transfer_csv_files.clean_and_transfer_store' AIRFLOW_CTX_EXECUTION_DATE='2024-10-07T14:22:14.195910+00:00' AIRFLOW_CTX_TRY_NUMBER='1' AIRFLOW_CTX_DAG_RUN_ID='manual__2024-10-07T14:22:14.195910+00:00'
[2024-10-07T14:22:21.490+0000] {taskinstance.py:430} INFO - ::endgroup::
[2024-10-07T14:22:21.506+0000] {connection.py:274} WARNING - Connection schemes (type: google_cloud_platform) shall not contain '_' according to RFC3986.
[2024-10-07T14:22:21.512+0000] {base.py:84} INFO - Using connection ID 'my-gcp-conn' for task execution.
[2024-10-07T14:22:23.120+0000] {gcs.py:344} INFO - File downloaded to /tmp/store.csv
[2024-10-07T14:22:23.521+0000] {gcs.py:557} INFO - File /tmp/cleaned_store.csv uploaded to store.csv in storage-madt-finalproject bucket
[2024-10-07T14:22:23.522+0000] {python.py:237} INFO - Done. Returned value was: None
[2024-10-07T14:22:23.522+0000] {taskinstance.py:441} INFO - ::group::Post task execution logs
[2024-10-07T14:22:23.532+0000] {taskinstance.py:1205} INFO - Marking task as SUCCESS. dag_id=etl_with_cleaning_transfer, task_id=clean_and_transfer_csv_files.clean_and_transfer_store, execution_date=20241007T142214, start_date=20241007T142221, end_date=20241007T142223
[2024-10-07T14:22:23.564+0000] {local_task_job_runner.py:240} INFO - Task exited with return code 0
[2024-10-07T14:22:23.589+0000] {taskinstance.py:3482} INFO - 0 downstream tasks scheduled from follow-on schedule check
[2024-10-07T14:22:23.595+0000] {local_task_job_runner.py:222} INFO - ::endgroup::
