[2024-11-05T16:46:20.432+0000] {local_task_job_runner.py:120} INFO - ::group::Pre task execution logs
[2024-11-05T16:46:20.513+0000] {taskinstance.py:2073} INFO - Dependencies all met for dep_context=non-requeueable deps ti=<TaskInstance: etl_data_pipeline_v2.gcs_to_bigquery.gcs_to_bq_reorder manual__2024-11-05T16:46:02.792522+00:00 [queued]>
[2024-11-05T16:46:20.548+0000] {taskinstance.py:2073} INFO - Dependencies all met for dep_context=requeueable deps ti=<TaskInstance: etl_data_pipeline_v2.gcs_to_bigquery.gcs_to_bq_reorder manual__2024-11-05T16:46:02.792522+00:00 [queued]>
[2024-11-05T16:46:20.548+0000] {taskinstance.py:2303} INFO - Starting attempt 1 of 4
[2024-11-05T16:46:20.618+0000] {taskinstance.py:2327} INFO - Executing <Task(GCSToBigQueryOperator): gcs_to_bigquery.gcs_to_bq_reorder> on 2024-11-05 16:46:02.792522+00:00
[2024-11-05T16:46:20.639+0000] {logging_mixin.py:188} WARNING - /home/***/.local/lib/python3.12/site-packages/***/task/task_runner/standard_task_runner.py:61 DeprecationWarning: This process (pid=41352) is multi-threaded, use of fork() may lead to deadlocks in the child.
[2024-11-05T16:46:20.649+0000] {standard_task_runner.py:63} INFO - Started process 41385 to run task
[2024-11-05T16:46:20.657+0000] {standard_task_runner.py:90} INFO - Running: ['***', 'tasks', 'run', 'etl_data_pipeline_v2', 'gcs_to_bigquery.gcs_to_bq_reorder', 'manual__2024-11-05T16:46:02.792522+00:00', '--job-id', '3628', '--raw', '--subdir', 'DAGS_FOLDER/etl2.py', '--cfg-path', '/tmp/tmpjst43eae']
[2024-11-05T16:46:20.662+0000] {standard_task_runner.py:91} INFO - Job 3628: Subtask gcs_to_bigquery.gcs_to_bq_reorder
[2024-11-05T16:46:20.782+0000] {task_command.py:426} INFO - Running <TaskInstance: etl_data_pipeline_v2.gcs_to_bigquery.gcs_to_bq_reorder manual__2024-11-05T16:46:02.792522+00:00 [running]> on host 71321b93f95e
[2024-11-05T16:46:20.968+0000] {taskinstance.py:2644} INFO - Exporting env vars: AIRFLOW_CTX_DAG_OWNER='***' AIRFLOW_CTX_DAG_ID='etl_data_pipeline_v2' AIRFLOW_CTX_TASK_ID='gcs_to_bigquery.gcs_to_bq_reorder' AIRFLOW_CTX_EXECUTION_DATE='2024-11-05T16:46:02.792522+00:00' AIRFLOW_CTX_TRY_NUMBER='1' AIRFLOW_CTX_DAG_RUN_ID='manual__2024-11-05T16:46:02.792522+00:00'
[2024-11-05T16:46:20.969+0000] {taskinstance.py:430} INFO - ::endgroup::
[2024-11-05T16:46:20.981+0000] {connection.py:274} WARNING - Connection schemes (type: google_cloud_platform) shall not contain '_' according to RFC3986.
[2024-11-05T16:46:20.987+0000] {base.py:84} INFO - Using connection ID 'my-gcp-conn' for task execution.
[2024-11-05T16:46:20.993+0000] {gcs_to_bigquery.py:379} INFO - Using existing BigQuery table for storing data...
[2024-11-05T16:46:21.075+0000] {gcs_to_bigquery.py:383} INFO - Executing: {'load': {'autodetect': True, 'createDisposition': 'CREATE_IF_NEEDED', 'destinationTable': {'projectId': 'madt-finalproject', 'datasetId': 'finalproject_data', 'tableId': 'reorder'}, 'sourceFormat': 'CSV', 'sourceUris': ['gs://storage-madt-finalproject/reorder.csv'], 'writeDisposition': 'WRITE_TRUNCATE', 'ignoreUnknownValues': True, 'schema': {'fields': [{'name': 'reorder_cause_id', 'type': 'STRING'}, {'name': 'cause', 'type': 'STRING'}]}, 'skipLeadingRows': 1, 'fieldDelimiter': ',', 'quote': None, 'allowQuotedNewlines': False, 'encoding': 'UTF-8'}}
[2024-11-05T16:46:21.076+0000] {bigquery.py:1613} INFO - Inserting job ***_etl_data_pipeline_v2_gcs_to_bigquery_gcs_to_bq_reorder_2024_11_05T16_46_02_792522_00_00_06f1f0e899d6fa9fe0993f99ecbd6d2d
[2024-11-05T16:46:29.230+0000] {taskinstance.py:441} INFO - ::group::Post task execution logs
[2024-11-05T16:46:29.238+0000] {taskinstance.py:1205} INFO - Marking task as SUCCESS. dag_id=etl_data_pipeline_v2, task_id=gcs_to_bigquery.gcs_to_bq_reorder, execution_date=20241105T164602, start_date=20241105T164620, end_date=20241105T164629
[2024-11-05T16:46:29.264+0000] {local_task_job_runner.py:240} INFO - Task exited with return code 0
[2024-11-05T16:46:29.282+0000] {taskinstance.py:3482} INFO - 0 downstream tasks scheduled from follow-on schedule check
[2024-11-05T16:46:29.288+0000] {local_task_job_runner.py:222} INFO - ::endgroup::
