[2024-09-29T14:59:45.726+0000] {local_task_job_runner.py:120} INFO - ::group::Pre task execution logs
[2024-09-29T14:59:45.762+0000] {taskinstance.py:2073} INFO - Dependencies all met for dep_context=non-requeueable deps ti=<TaskInstance: etl_with_cleaning_transfer.gcs_to_bigquery.gcs_to_bq_invoice_trans manual__2024-09-29T14:59:25.230087+00:00 [queued]>
[2024-09-29T14:59:45.775+0000] {taskinstance.py:2073} INFO - Dependencies all met for dep_context=requeueable deps ti=<TaskInstance: etl_with_cleaning_transfer.gcs_to_bigquery.gcs_to_bq_invoice_trans manual__2024-09-29T14:59:25.230087+00:00 [queued]>
[2024-09-29T14:59:45.776+0000] {taskinstance.py:2303} INFO - Starting attempt 1 of 4
[2024-09-29T14:59:45.816+0000] {taskinstance.py:2327} INFO - Executing <Task(GCSToBigQueryOperator): gcs_to_bigquery.gcs_to_bq_invoice_trans> on 2024-09-29 14:59:25.230087+00:00
[2024-09-29T14:59:45.841+0000] {standard_task_runner.py:90} INFO - Running: ['***', 'tasks', 'run', 'etl_with_cleaning_transfer', 'gcs_to_bigquery.gcs_to_bq_invoice_trans', 'manual__2024-09-29T14:59:25.230087+00:00', '--job-id', '2727', '--raw', '--subdir', 'DAGS_FOLDER/etl.py', '--cfg-path', '/tmp/tmpp89ut960']
[2024-09-29T14:59:45.839+0000] {logging_mixin.py:188} WARNING - /home/***/.local/lib/python3.12/site-packages/***/task/task_runner/standard_task_runner.py:61 DeprecationWarning: This process (pid=40552) is multi-threaded, use of fork() may lead to deadlocks in the child.
[2024-09-29T14:59:45.844+0000] {standard_task_runner.py:63} INFO - Started process 40608 to run task
[2024-09-29T14:59:45.845+0000] {standard_task_runner.py:91} INFO - Job 2727: Subtask gcs_to_bigquery.gcs_to_bq_invoice_trans
[2024-09-29T14:59:45.990+0000] {task_command.py:426} INFO - Running <TaskInstance: etl_with_cleaning_transfer.gcs_to_bigquery.gcs_to_bq_invoice_trans manual__2024-09-29T14:59:25.230087+00:00 [running]> on host 71321b93f95e
[2024-09-29T14:59:46.102+0000] {taskinstance.py:2644} INFO - Exporting env vars: AIRFLOW_CTX_DAG_OWNER='***' AIRFLOW_CTX_DAG_ID='etl_with_cleaning_transfer' AIRFLOW_CTX_TASK_ID='gcs_to_bigquery.gcs_to_bq_invoice_trans' AIRFLOW_CTX_EXECUTION_DATE='2024-09-29T14:59:25.230087+00:00' AIRFLOW_CTX_TRY_NUMBER='1' AIRFLOW_CTX_DAG_RUN_ID='manual__2024-09-29T14:59:25.230087+00:00'
[2024-09-29T14:59:46.104+0000] {taskinstance.py:430} INFO - ::endgroup::
[2024-09-29T14:59:46.114+0000] {connection.py:274} WARNING - Connection schemes (type: google_cloud_platform) shall not contain '_' according to RFC3986.
[2024-09-29T14:59:46.120+0000] {base.py:84} INFO - Using connection ID 'my-gcp-conn' for task execution.
[2024-09-29T14:59:46.121+0000] {gcs_to_bigquery.py:379} INFO - Using existing BigQuery table for storing data...
[2024-09-29T14:59:46.196+0000] {gcs_to_bigquery.py:383} INFO - Executing: {'load': {'autodetect': True, 'createDisposition': 'CREATE_IF_NEEDED', 'destinationTable': {'projectId': 'madt-finalproject', 'datasetId': 'finalproject_data', 'tableId': 'invoice_trans'}, 'sourceFormat': 'CSV', 'sourceUris': ['gs://storage-madt-finalproject/invoice_trans.csv'], 'writeDisposition': 'WRITE_TRUNCATE', 'ignoreUnknownValues': False, 'skipLeadingRows': None, 'fieldDelimiter': ',', 'quote': None, 'allowQuotedNewlines': False, 'encoding': 'UTF-8'}}
[2024-09-29T14:59:46.198+0000] {bigquery.py:1613} INFO - Inserting job ***_etl_with_cleaning_transfer_gcs_to_bigquery_gcs_to_bq_invoice_trans_2024_09_29T14_59_25_230087_00_00_dd2c03132192256d0ce78366f7798231
[2024-09-29T14:59:50.552+0000] {taskinstance.py:441} INFO - ::group::Post task execution logs
[2024-09-29T14:59:50.560+0000] {taskinstance.py:1205} INFO - Marking task as SUCCESS. dag_id=etl_with_cleaning_transfer, task_id=gcs_to_bigquery.gcs_to_bq_invoice_trans, execution_date=20240929T145925, start_date=20240929T145945, end_date=20240929T145950
[2024-09-29T14:59:50.589+0000] {local_task_job_runner.py:240} INFO - Task exited with return code 0
[2024-09-29T14:59:50.605+0000] {taskinstance.py:3482} INFO - 0 downstream tasks scheduled from follow-on schedule check
[2024-09-29T14:59:50.614+0000] {local_task_job_runner.py:222} INFO - ::endgroup::
