[2024-09-29T14:16:58.815+0000] {local_task_job_runner.py:120} INFO - ::group::Pre task execution logs
[2024-09-29T14:16:58.851+0000] {taskinstance.py:2073} INFO - Dependencies all met for dep_context=non-requeueable deps ti=<TaskInstance: etl.gcs_to_bq_invoice_trans scheduled__2024-06-22T00:00:00+00:00 [queued]>
[2024-09-29T14:16:58.878+0000] {taskinstance.py:2073} INFO - Dependencies all met for dep_context=requeueable deps ti=<TaskInstance: etl.gcs_to_bq_invoice_trans scheduled__2024-06-22T00:00:00+00:00 [queued]>
[2024-09-29T14:16:58.879+0000] {taskinstance.py:2303} INFO - Starting attempt 1 of 1
[2024-09-29T14:16:59.211+0000] {taskinstance.py:2327} INFO - Executing <Task(GCSToBigQueryOperator): gcs_to_bq_invoice_trans> on 2024-06-22 00:00:00+00:00
[2024-09-29T14:16:59.242+0000] {standard_task_runner.py:90} INFO - Running: ['***', 'tasks', 'run', 'etl', 'gcs_to_bq_invoice_trans', 'scheduled__2024-06-22T00:00:00+00:00', '--job-id', '930', '--raw', '--subdir', 'DAGS_FOLDER/etl.py', '--cfg-path', '/tmp/tmptv5h65ds']
[2024-09-29T14:16:59.246+0000] {standard_task_runner.py:91} INFO - Job 930: Subtask gcs_to_bq_invoice_trans
[2024-09-29T14:16:59.244+0000] {logging_mixin.py:188} WARNING - /home/***/.local/lib/python3.12/site-packages/***/task/task_runner/standard_task_runner.py:61 DeprecationWarning: This process (pid=12862) is multi-threaded, use of fork() may lead to deadlocks in the child.
[2024-09-29T14:16:59.248+0000] {standard_task_runner.py:63} INFO - Started process 12993 to run task
[2024-09-29T14:16:59.432+0000] {task_command.py:426} INFO - Running <TaskInstance: etl.gcs_to_bq_invoice_trans scheduled__2024-06-22T00:00:00+00:00 [running]> on host 71321b93f95e
[2024-09-29T14:16:59.843+0000] {taskinstance.py:2644} INFO - Exporting env vars: AIRFLOW_CTX_DAG_OWNER='***' AIRFLOW_CTX_DAG_ID='etl' AIRFLOW_CTX_TASK_ID='gcs_to_bq_invoice_trans' AIRFLOW_CTX_EXECUTION_DATE='2024-06-22T00:00:00+00:00' AIRFLOW_CTX_TRY_NUMBER='1' AIRFLOW_CTX_DAG_RUN_ID='scheduled__2024-06-22T00:00:00+00:00'
[2024-09-29T14:16:59.846+0000] {taskinstance.py:430} INFO - ::endgroup::
[2024-09-29T14:16:59.873+0000] {connection.py:274} WARNING - Connection schemes (type: google_cloud_platform) shall not contain '_' according to RFC3986.
[2024-09-29T14:16:59.896+0000] {base.py:84} INFO - Using connection ID 'my-gcp-conn' for task execution.
[2024-09-29T14:16:59.897+0000] {gcs_to_bigquery.py:379} INFO - Using existing BigQuery table for storing data...
[2024-09-29T14:17:00.124+0000] {gcs_to_bigquery.py:383} INFO - Executing: {'load': {'autodetect': True, 'createDisposition': 'CREATE_IF_NEEDED', 'destinationTable': {'projectId': 'madt-finalproject', 'datasetId': 'finalproject_data', 'tableId': 'invoice_trans'}, 'sourceFormat': 'CSV', 'sourceUris': ['gs://storage-madt-finalproject/invoice_trans.csv'], 'writeDisposition': 'WRITE_TRUNCATE', 'ignoreUnknownValues': False, 'skipLeadingRows': None, 'fieldDelimiter': ',', 'quote': None, 'allowQuotedNewlines': False, 'encoding': 'UTF-8'}}
[2024-09-29T14:17:00.131+0000] {bigquery.py:1613} INFO - Inserting job ***_etl_gcs_to_bq_invoice_trans_2024_06_22T00_00_00_00_00_05e71d0990adac4903d0afffca9ad745
[2024-09-29T14:17:08.021+0000] {taskinstance.py:441} INFO - ::group::Post task execution logs
[2024-09-29T14:17:08.043+0000] {taskinstance.py:1205} INFO - Marking task as SUCCESS. dag_id=etl, task_id=gcs_to_bq_invoice_trans, execution_date=20240622T000000, start_date=20240929T141658, end_date=20240929T141708
[2024-09-29T14:17:08.177+0000] {local_task_job_runner.py:240} INFO - Task exited with return code 0
[2024-09-29T14:17:08.223+0000] {taskinstance.py:3482} INFO - 0 downstream tasks scheduled from follow-on schedule check
[2024-09-29T14:17:08.243+0000] {local_task_job_runner.py:222} INFO - ::endgroup::
