[2024-10-01T18:07:09.817+0000] {local_task_job_runner.py:120} INFO - ::group::Pre task execution logs
[2024-10-01T18:07:09.855+0000] {taskinstance.py:2073} INFO - Dependencies all met for dep_context=non-requeueable deps ti=<TaskInstance: etl_with_cleaning_transfer.gcs_to_bigquery.gcs_to_bq_invoice_type manual__2024-10-01T18:06:53.503525+00:00 [queued]>
[2024-10-01T18:07:09.883+0000] {taskinstance.py:2073} INFO - Dependencies all met for dep_context=requeueable deps ti=<TaskInstance: etl_with_cleaning_transfer.gcs_to_bigquery.gcs_to_bq_invoice_type manual__2024-10-01T18:06:53.503525+00:00 [queued]>
[2024-10-01T18:07:09.884+0000] {taskinstance.py:2303} INFO - Starting attempt 1 of 4
[2024-10-01T18:07:09.924+0000] {taskinstance.py:2327} INFO - Executing <Task(GCSToBigQueryOperator): gcs_to_bigquery.gcs_to_bq_invoice_type> on 2024-10-01 18:06:53.503525+00:00
[2024-10-01T18:07:09.955+0000] {standard_task_runner.py:90} INFO - Running: ['***', 'tasks', 'run', 'etl_with_cleaning_transfer', 'gcs_to_bigquery.gcs_to_bq_invoice_type', 'manual__2024-10-01T18:06:53.503525+00:00', '--job-id', '2862', '--raw', '--subdir', 'DAGS_FOLDER/etl.py', '--cfg-path', '/tmp/tmp0mp9p_f6']
[2024-10-01T18:07:09.959+0000] {standard_task_runner.py:91} INFO - Job 2862: Subtask gcs_to_bigquery.gcs_to_bq_invoice_type
[2024-10-01T18:07:09.976+0000] {logging_mixin.py:188} WARNING - /home/***/.local/lib/python3.12/site-packages/***/task/task_runner/standard_task_runner.py:61 DeprecationWarning: This process (pid=12708) is multi-threaded, use of fork() may lead to deadlocks in the child.
[2024-10-01T18:07:09.977+0000] {standard_task_runner.py:63} INFO - Started process 12724 to run task
[2024-10-01T18:07:10.116+0000] {task_command.py:426} INFO - Running <TaskInstance: etl_with_cleaning_transfer.gcs_to_bigquery.gcs_to_bq_invoice_type manual__2024-10-01T18:06:53.503525+00:00 [running]> on host 71321b93f95e
[2024-10-01T18:07:10.317+0000] {taskinstance.py:2644} INFO - Exporting env vars: AIRFLOW_CTX_DAG_OWNER='***' AIRFLOW_CTX_DAG_ID='etl_with_cleaning_transfer' AIRFLOW_CTX_TASK_ID='gcs_to_bigquery.gcs_to_bq_invoice_type' AIRFLOW_CTX_EXECUTION_DATE='2024-10-01T18:06:53.503525+00:00' AIRFLOW_CTX_TRY_NUMBER='1' AIRFLOW_CTX_DAG_RUN_ID='manual__2024-10-01T18:06:53.503525+00:00'
[2024-10-01T18:07:10.321+0000] {taskinstance.py:430} INFO - ::endgroup::
[2024-10-01T18:07:10.344+0000] {connection.py:274} WARNING - Connection schemes (type: google_cloud_platform) shall not contain '_' according to RFC3986.
[2024-10-01T18:07:10.360+0000] {base.py:84} INFO - Using connection ID 'my-gcp-conn' for task execution.
[2024-10-01T18:07:10.361+0000] {gcs_to_bigquery.py:379} INFO - Using existing BigQuery table for storing data...
[2024-10-01T18:07:10.505+0000] {gcs_to_bigquery.py:383} INFO - Executing: {'load': {'autodetect': True, 'createDisposition': 'CREATE_IF_NEEDED', 'destinationTable': {'projectId': 'madt-finalproject', 'datasetId': 'finalproject_data', 'tableId': 'invoice_type'}, 'sourceFormat': 'CSV', 'sourceUris': ['gs://storage-madt-finalproject/invoice_type.csv'], 'writeDisposition': 'WRITE_TRUNCATE', 'ignoreUnknownValues': False, 'skipLeadingRows': 1, 'fieldDelimiter': ',', 'quote': None, 'allowQuotedNewlines': False, 'encoding': 'UTF-8'}}
[2024-10-01T18:07:10.507+0000] {bigquery.py:1613} INFO - Inserting job ***_etl_with_cleaning_transfer_gcs_to_bigquery_gcs_to_bq_invoice_type_2024_10_01T18_06_53_503525_00_00_6ba737873d129dcc5f3301b39b03cd74
[2024-10-01T18:07:14.999+0000] {taskinstance.py:441} INFO - ::group::Post task execution logs
[2024-10-01T18:07:15.008+0000] {taskinstance.py:1205} INFO - Marking task as SUCCESS. dag_id=etl_with_cleaning_transfer, task_id=gcs_to_bigquery.gcs_to_bq_invoice_type, execution_date=20241001T180653, start_date=20241001T180709, end_date=20241001T180715
[2024-10-01T18:07:15.035+0000] {local_task_job_runner.py:240} INFO - Task exited with return code 0
[2024-10-01T18:07:15.054+0000] {taskinstance.py:3482} INFO - 0 downstream tasks scheduled from follow-on schedule check
[2024-10-01T18:07:15.060+0000] {local_task_job_runner.py:222} INFO - ::endgroup::
