[2024-09-29T14:31:18.006+0000] {local_task_job_runner.py:120} INFO - ::group::Pre task execution logs
[2024-09-29T14:31:18.063+0000] {taskinstance.py:2073} INFO - Dependencies all met for dep_context=non-requeueable deps ti=<TaskInstance: etl.upload_file_store_to_warehouse scheduled__2024-09-07T00:00:00+00:00 [queued]>
[2024-09-29T14:31:18.095+0000] {taskinstance.py:2073} INFO - Dependencies all met for dep_context=requeueable deps ti=<TaskInstance: etl.upload_file_store_to_warehouse scheduled__2024-09-07T00:00:00+00:00 [queued]>
[2024-09-29T14:31:18.096+0000] {taskinstance.py:2303} INFO - Starting attempt 1 of 1
[2024-09-29T14:31:18.380+0000] {taskinstance.py:2327} INFO - Executing <Task(GCSToGCSOperator): upload_file_store_to_warehouse> on 2024-09-07 00:00:00+00:00
[2024-09-29T14:31:18.439+0000] {standard_task_runner.py:90} INFO - Running: ['***', 'tasks', 'run', 'etl', 'upload_file_store_to_warehouse', 'scheduled__2024-09-07T00:00:00+00:00', '--job-id', '2173', '--raw', '--subdir', 'DAGS_FOLDER/etl.py', '--cfg-path', '/tmp/tmpnhcewdi0']
[2024-09-29T14:31:18.446+0000] {standard_task_runner.py:91} INFO - Job 2173: Subtask upload_file_store_to_warehouse
[2024-09-29T14:31:18.456+0000] {logging_mixin.py:188} WARNING - /home/***/.local/lib/python3.12/site-packages/***/task/task_runner/standard_task_runner.py:61 DeprecationWarning: This process (pid=23998) is multi-threaded, use of fork() may lead to deadlocks in the child.
[2024-09-29T14:31:18.476+0000] {standard_task_runner.py:63} INFO - Started process 24066 to run task
[2024-09-29T14:31:18.577+0000] {task_command.py:426} INFO - Running <TaskInstance: etl.upload_file_store_to_warehouse scheduled__2024-09-07T00:00:00+00:00 [running]> on host 71321b93f95e
[2024-09-29T14:31:18.962+0000] {taskinstance.py:2644} INFO - Exporting env vars: AIRFLOW_CTX_DAG_OWNER='***' AIRFLOW_CTX_DAG_ID='etl' AIRFLOW_CTX_TASK_ID='upload_file_store_to_warehouse' AIRFLOW_CTX_EXECUTION_DATE='2024-09-07T00:00:00+00:00' AIRFLOW_CTX_TRY_NUMBER='1' AIRFLOW_CTX_DAG_RUN_ID='scheduled__2024-09-07T00:00:00+00:00'
[2024-09-29T14:31:18.963+0000] {taskinstance.py:430} INFO - ::endgroup::
[2024-09-29T14:31:18.999+0000] {connection.py:274} WARNING - Connection schemes (type: google_cloud_platform) shall not contain '_' according to RFC3986.
[2024-09-29T14:31:19.027+0000] {base.py:84} INFO - Using connection ID 'my-gcp-conn' for task execution.
[2024-09-29T14:31:20.411+0000] {gcs_to_gcs.py:535} INFO - Executing copy of gs://rawdata-madt-finalproject/store.csv to gs://storage-madt-finalproject/store.csv
[2024-09-29T14:31:21.020+0000] {gcs.py:256} INFO - Total Bytes: 48 | Bytes Written: 48
[2024-09-29T14:31:21.020+0000] {gcs.py:264} INFO - Object store.csv in bucket rawdata-madt-finalproject rewritten to object store.csv in bucket storage-madt-finalproject
[2024-09-29T14:31:21.021+0000] {taskinstance.py:441} INFO - ::group::Post task execution logs
[2024-09-29T14:31:21.078+0000] {taskinstance.py:1205} INFO - Marking task as SUCCESS. dag_id=etl, task_id=upload_file_store_to_warehouse, execution_date=20240907T000000, start_date=20240929T143118, end_date=20240929T143121
[2024-09-29T14:31:21.872+0000] {local_task_job_runner.py:240} INFO - Task exited with return code 0
[2024-09-29T14:31:22.035+0000] {taskinstance.py:3482} INFO - 0 downstream tasks scheduled from follow-on schedule check
[2024-09-29T14:31:22.051+0000] {local_task_job_runner.py:222} INFO - ::endgroup::
