[2024-09-29T09:08:31.000+0000] {local_task_job_runner.py:120} INFO - ::group::Pre task execution logs
[2024-09-29T09:08:31.067+0000] {taskinstance.py:2073} INFO - Dependencies all met for dep_context=non-requeueable deps ti=<TaskInstance: etl.upload_file_reorder_to_warehouse scheduled__2024-05-29T00:00:00+00:00 [queued]>
[2024-09-29T09:08:31.115+0000] {taskinstance.py:2073} INFO - Dependencies all met for dep_context=requeueable deps ti=<TaskInstance: etl.upload_file_reorder_to_warehouse scheduled__2024-05-29T00:00:00+00:00 [queued]>
[2024-09-29T09:08:31.116+0000] {taskinstance.py:2303} INFO - Starting attempt 1 of 1
[2024-09-29T09:08:31.192+0000] {taskinstance.py:2327} INFO - Executing <Task(GCSToGCSOperator): upload_file_reorder_to_warehouse> on 2024-05-29 00:00:00+00:00
[2024-09-29T09:08:31.242+0000] {logging_mixin.py:188} WARNING - /home/***/.local/lib/python3.12/site-packages/***/task/task_runner/standard_task_runner.py:61 DeprecationWarning: This process (pid=30158) is multi-threaded, use of fork() may lead to deadlocks in the child.
[2024-09-29T09:08:31.243+0000] {standard_task_runner.py:63} INFO - Started process 30243 to run task
[2024-09-29T09:08:31.245+0000] {standard_task_runner.py:90} INFO - Running: ['***', 'tasks', 'run', 'etl', 'upload_file_reorder_to_warehouse', 'scheduled__2024-05-29T00:00:00+00:00', '--job-id', '248', '--raw', '--subdir', 'DAGS_FOLDER/etl.py', '--cfg-path', '/tmp/tmpq0febqmw']
[2024-09-29T09:08:31.253+0000] {standard_task_runner.py:91} INFO - Job 248: Subtask upload_file_reorder_to_warehouse
[2024-09-29T09:08:31.426+0000] {task_command.py:426} INFO - Running <TaskInstance: etl.upload_file_reorder_to_warehouse scheduled__2024-05-29T00:00:00+00:00 [running]> on host 71321b93f95e
[2024-09-29T09:08:31.742+0000] {taskinstance.py:2644} INFO - Exporting env vars: AIRFLOW_CTX_DAG_OWNER='***' AIRFLOW_CTX_DAG_ID='etl' AIRFLOW_CTX_TASK_ID='upload_file_reorder_to_warehouse' AIRFLOW_CTX_EXECUTION_DATE='2024-05-29T00:00:00+00:00' AIRFLOW_CTX_TRY_NUMBER='1' AIRFLOW_CTX_DAG_RUN_ID='scheduled__2024-05-29T00:00:00+00:00'
[2024-09-29T09:08:31.743+0000] {taskinstance.py:430} INFO - ::endgroup::
[2024-09-29T09:08:31.769+0000] {connection.py:274} WARNING - Connection schemes (type: google_cloud_platform) shall not contain '_' according to RFC3986.
[2024-09-29T09:08:31.784+0000] {base.py:84} INFO - Using connection ID 'my_gcp_conn' for task execution.
[2024-09-29T09:08:32.636+0000] {gcs_to_gcs.py:535} INFO - Executing copy of gs://rawdata-madt-finalproject/reorder.csv to gs://storage-madt-finalproject/reorder.csv
[2024-09-29T09:08:33.892+0000] {gcs.py:256} INFO - Total Bytes: 404 | Bytes Written: 404
[2024-09-29T09:08:33.893+0000] {gcs.py:264} INFO - Object reorder.csv in bucket rawdata-madt-finalproject rewritten to object reorder.csv in bucket storage-madt-finalproject
[2024-09-29T09:08:33.893+0000] {taskinstance.py:441} INFO - ::group::Post task execution logs
[2024-09-29T09:08:33.940+0000] {taskinstance.py:1205} INFO - Marking task as SUCCESS. dag_id=etl, task_id=upload_file_reorder_to_warehouse, execution_date=20240529T000000, start_date=20240929T090831, end_date=20240929T090833
[2024-09-29T09:08:34.058+0000] {local_task_job_runner.py:240} INFO - Task exited with return code 0
[2024-09-29T09:08:34.663+0000] {taskinstance.py:3482} INFO - 0 downstream tasks scheduled from follow-on schedule check
[2024-09-29T09:08:34.683+0000] {local_task_job_runner.py:222} INFO - ::endgroup::
