[2024-10-01T18:54:30.498+0000] {local_task_job_runner.py:120} INFO - ::group::Pre task execution logs
[2024-10-01T18:54:30.539+0000] {taskinstance.py:2073} INFO - Dependencies all met for dep_context=non-requeueable deps ti=<TaskInstance: etl_with_cleaning_transfer.clean_and_transfer_csv_files.clean_and_transfer_customer manual__2024-10-01T18:54:24.780871+00:00 [queued]>
[2024-10-01T18:54:30.551+0000] {taskinstance.py:2073} INFO - Dependencies all met for dep_context=requeueable deps ti=<TaskInstance: etl_with_cleaning_transfer.clean_and_transfer_csv_files.clean_and_transfer_customer manual__2024-10-01T18:54:24.780871+00:00 [queued]>
[2024-10-01T18:54:30.552+0000] {taskinstance.py:2303} INFO - Starting attempt 1 of 1
[2024-10-01T18:54:30.590+0000] {taskinstance.py:2327} INFO - Executing <Task(PythonOperator): clean_and_transfer_csv_files.clean_and_transfer_customer> on 2024-10-01 18:54:24.780871+00:00
[2024-10-01T18:54:30.625+0000] {logging_mixin.py:188} WARNING - /home/***/.local/lib/python3.12/site-packages/***/task/task_runner/standard_task_runner.py:61 DeprecationWarning: This process (pid=38043) is multi-threaded, use of fork() may lead to deadlocks in the child.
[2024-10-01T18:54:30.628+0000] {standard_task_runner.py:63} INFO - Started process 38110 to run task
[2024-10-01T18:54:30.626+0000] {standard_task_runner.py:90} INFO - Running: ['***', 'tasks', 'run', 'etl_with_cleaning_transfer', 'clean_and_transfer_csv_files.clean_and_transfer_customer', 'manual__2024-10-01T18:54:24.780871+00:00', '--job-id', '3093', '--raw', '--subdir', 'DAGS_FOLDER/etl.py', '--cfg-path', '/tmp/tmp5mnbv0jd']
[2024-10-01T18:54:30.629+0000] {standard_task_runner.py:91} INFO - Job 3093: Subtask clean_and_transfer_csv_files.clean_and_transfer_customer
[2024-10-01T18:54:30.732+0000] {task_command.py:426} INFO - Running <TaskInstance: etl_with_cleaning_transfer.clean_and_transfer_csv_files.clean_and_transfer_customer manual__2024-10-01T18:54:24.780871+00:00 [running]> on host 71321b93f95e
[2024-10-01T18:54:30.950+0000] {taskinstance.py:2644} INFO - Exporting env vars: AIRFLOW_CTX_DAG_OWNER='***' AIRFLOW_CTX_DAG_ID='etl_with_cleaning_transfer' AIRFLOW_CTX_TASK_ID='clean_and_transfer_csv_files.clean_and_transfer_customer' AIRFLOW_CTX_EXECUTION_DATE='2024-10-01T18:54:24.780871+00:00' AIRFLOW_CTX_TRY_NUMBER='1' AIRFLOW_CTX_DAG_RUN_ID='manual__2024-10-01T18:54:24.780871+00:00'
[2024-10-01T18:54:30.958+0000] {taskinstance.py:430} INFO - ::endgroup::
[2024-10-01T18:54:30.982+0000] {connection.py:274} WARNING - Connection schemes (type: google_cloud_platform) shall not contain '_' according to RFC3986.
[2024-10-01T18:54:31.005+0000] {base.py:84} INFO - Using connection ID 'my-gcp-conn' for task execution.
[2024-10-01T18:54:32.706+0000] {gcs.py:344} INFO - File downloaded to /tmp/customer.csv
[2024-10-01T18:54:33.119+0000] {gcs.py:557} INFO - File /tmp/cleaned_customer.csv uploaded to cleaned_customer.csv in storage-madt-finalproject bucket
[2024-10-01T18:54:33.120+0000] {python.py:237} INFO - Done. Returned value was: None
[2024-10-01T18:54:33.120+0000] {taskinstance.py:441} INFO - ::group::Post task execution logs
[2024-10-01T18:54:33.127+0000] {taskinstance.py:1205} INFO - Marking task as SUCCESS. dag_id=etl_with_cleaning_transfer, task_id=clean_and_transfer_csv_files.clean_and_transfer_customer, execution_date=20241001T185424, start_date=20241001T185430, end_date=20241001T185433
[2024-10-01T18:54:33.173+0000] {local_task_job_runner.py:240} INFO - Task exited with return code 0
[2024-10-01T18:54:33.194+0000] {taskinstance.py:3482} INFO - 0 downstream tasks scheduled from follow-on schedule check
[2024-10-01T18:54:33.204+0000] {local_task_job_runner.py:222} INFO - ::endgroup::
