[2024-09-29T14:59:45.307+0000] {local_task_job_runner.py:120} INFO - ::group::Pre task execution logs
[2024-09-29T14:59:45.351+0000] {taskinstance.py:2073} INFO - Dependencies all met for dep_context=non-requeueable deps ti=<TaskInstance: etl_with_cleaning_transfer.gcs_to_bigquery.gcs_to_bq_store manual__2024-09-29T14:59:25.230087+00:00 [queued]>
[2024-09-29T14:59:45.373+0000] {taskinstance.py:2073} INFO - Dependencies all met for dep_context=requeueable deps ti=<TaskInstance: etl_with_cleaning_transfer.gcs_to_bigquery.gcs_to_bq_store manual__2024-09-29T14:59:25.230087+00:00 [queued]>
[2024-09-29T14:59:45.374+0000] {taskinstance.py:2303} INFO - Starting attempt 1 of 4
[2024-09-29T14:59:45.409+0000] {taskinstance.py:2327} INFO - Executing <Task(GCSToBigQueryOperator): gcs_to_bigquery.gcs_to_bq_store> on 2024-09-29 14:59:25.230087+00:00
[2024-09-29T14:59:45.439+0000] {standard_task_runner.py:90} INFO - Running: ['***', 'tasks', 'run', 'etl_with_cleaning_transfer', 'gcs_to_bigquery.gcs_to_bq_store', 'manual__2024-09-29T14:59:25.230087+00:00', '--job-id', '2722', '--raw', '--subdir', 'DAGS_FOLDER/etl.py', '--cfg-path', '/tmp/tmprb8y1xn5']
[2024-09-29T14:59:45.440+0000] {standard_task_runner.py:91} INFO - Job 2722: Subtask gcs_to_bigquery.gcs_to_bq_store
[2024-09-29T14:59:45.438+0000] {logging_mixin.py:188} WARNING - /home/***/.local/lib/python3.12/site-packages/***/task/task_runner/standard_task_runner.py:61 DeprecationWarning: This process (pid=40550) is multi-threaded, use of fork() may lead to deadlocks in the child.
[2024-09-29T14:59:45.442+0000] {standard_task_runner.py:63} INFO - Started process 40603 to run task
[2024-09-29T14:59:45.553+0000] {task_command.py:426} INFO - Running <TaskInstance: etl_with_cleaning_transfer.gcs_to_bigquery.gcs_to_bq_store manual__2024-09-29T14:59:25.230087+00:00 [running]> on host 71321b93f95e
[2024-09-29T14:59:45.800+0000] {taskinstance.py:2644} INFO - Exporting env vars: AIRFLOW_CTX_DAG_OWNER='***' AIRFLOW_CTX_DAG_ID='etl_with_cleaning_transfer' AIRFLOW_CTX_TASK_ID='gcs_to_bigquery.gcs_to_bq_store' AIRFLOW_CTX_EXECUTION_DATE='2024-09-29T14:59:25.230087+00:00' AIRFLOW_CTX_TRY_NUMBER='1' AIRFLOW_CTX_DAG_RUN_ID='manual__2024-09-29T14:59:25.230087+00:00'
[2024-09-29T14:59:45.804+0000] {taskinstance.py:430} INFO - ::endgroup::
[2024-09-29T14:59:45.820+0000] {connection.py:274} WARNING - Connection schemes (type: google_cloud_platform) shall not contain '_' according to RFC3986.
[2024-09-29T14:59:45.829+0000] {base.py:84} INFO - Using connection ID 'my-gcp-conn' for task execution.
[2024-09-29T14:59:45.830+0000] {gcs_to_bigquery.py:379} INFO - Using existing BigQuery table for storing data...
[2024-09-29T14:59:45.966+0000] {gcs_to_bigquery.py:383} INFO - Executing: {'load': {'autodetect': True, 'createDisposition': 'CREATE_IF_NEEDED', 'destinationTable': {'projectId': 'madt-finalproject', 'datasetId': 'finalproject_data', 'tableId': 'store'}, 'sourceFormat': 'CSV', 'sourceUris': ['gs://storage-madt-finalproject/store.csv'], 'writeDisposition': 'WRITE_TRUNCATE', 'ignoreUnknownValues': False, 'skipLeadingRows': None, 'fieldDelimiter': ',', 'quote': None, 'allowQuotedNewlines': False, 'encoding': 'UTF-8'}}
[2024-09-29T14:59:45.967+0000] {bigquery.py:1613} INFO - Inserting job ***_etl_with_cleaning_transfer_gcs_to_bigquery_gcs_to_bq_store_2024_09_29T14_59_25_230087_00_00_af1ba39962e388b71903ca71f23eaaf4
[2024-09-29T14:59:48.719+0000] {taskinstance.py:441} INFO - ::group::Post task execution logs
[2024-09-29T14:59:48.728+0000] {taskinstance.py:1205} INFO - Marking task as SUCCESS. dag_id=etl_with_cleaning_transfer, task_id=gcs_to_bigquery.gcs_to_bq_store, execution_date=20240929T145925, start_date=20240929T145945, end_date=20240929T145948
[2024-09-29T14:59:48.769+0000] {local_task_job_runner.py:240} INFO - Task exited with return code 0
[2024-09-29T14:59:48.798+0000] {taskinstance.py:3482} INFO - 0 downstream tasks scheduled from follow-on schedule check
[2024-09-29T14:59:48.810+0000] {local_task_job_runner.py:222} INFO - ::endgroup::
