[2024-09-29T14:24:59.170+0000] {local_task_job_runner.py:120} INFO - ::group::Pre task execution logs
[2024-09-29T14:24:59.248+0000] {taskinstance.py:2073} INFO - Dependencies all met for dep_context=non-requeueable deps ti=<TaskInstance: etl.upload_file_fact_to_warehouse scheduled__2024-08-09T00:00:00+00:00 [queued]>
[2024-09-29T14:24:59.287+0000] {taskinstance.py:2073} INFO - Dependencies all met for dep_context=requeueable deps ti=<TaskInstance: etl.upload_file_fact_to_warehouse scheduled__2024-08-09T00:00:00+00:00 [queued]>
[2024-09-29T14:24:59.289+0000] {taskinstance.py:2303} INFO - Starting attempt 1 of 1
[2024-09-29T14:24:59.366+0000] {taskinstance.py:2327} INFO - Executing <Task(GCSToGCSOperator): upload_file_fact_to_warehouse> on 2024-08-09 00:00:00+00:00
[2024-09-29T14:24:59.444+0000] {standard_task_runner.py:90} INFO - Running: ['***', 'tasks', 'run', 'etl', 'upload_file_fact_to_warehouse', 'scheduled__2024-08-09T00:00:00+00:00', '--job-id', '1622', '--raw', '--subdir', 'DAGS_FOLDER/etl.py', '--cfg-path', '/tmp/tmpkrt6dtks']
[2024-09-29T14:24:59.450+0000] {standard_task_runner.py:91} INFO - Job 1622: Subtask upload_file_fact_to_warehouse
[2024-09-29T14:24:59.445+0000] {logging_mixin.py:188} WARNING - /home/***/.local/lib/python3.12/site-packages/***/task/task_runner/standard_task_runner.py:61 DeprecationWarning: This process (pid=19076) is multi-threaded, use of fork() may lead to deadlocks in the child.
[2024-09-29T14:24:59.455+0000] {standard_task_runner.py:63} INFO - Started process 19172 to run task
[2024-09-29T14:24:59.631+0000] {task_command.py:426} INFO - Running <TaskInstance: etl.upload_file_fact_to_warehouse scheduled__2024-08-09T00:00:00+00:00 [running]> on host 71321b93f95e
[2024-09-29T14:25:00.005+0000] {taskinstance.py:2644} INFO - Exporting env vars: AIRFLOW_CTX_DAG_OWNER='***' AIRFLOW_CTX_DAG_ID='etl' AIRFLOW_CTX_TASK_ID='upload_file_fact_to_warehouse' AIRFLOW_CTX_EXECUTION_DATE='2024-08-09T00:00:00+00:00' AIRFLOW_CTX_TRY_NUMBER='1' AIRFLOW_CTX_DAG_RUN_ID='scheduled__2024-08-09T00:00:00+00:00'
[2024-09-29T14:25:00.006+0000] {taskinstance.py:430} INFO - ::endgroup::
[2024-09-29T14:25:00.059+0000] {connection.py:274} WARNING - Connection schemes (type: google_cloud_platform) shall not contain '_' according to RFC3986.
[2024-09-29T14:25:00.093+0000] {base.py:84} INFO - Using connection ID 'my-gcp-conn' for task execution.
[2024-09-29T14:25:01.316+0000] {gcs_to_gcs.py:535} INFO - Executing copy of gs://rawdata-madt-finalproject/fact.csv to gs://storage-madt-finalproject/fact.csv
[2024-09-29T14:25:02.567+0000] {gcs.py:256} INFO - Total Bytes: 2585949 | Bytes Written: 2585949
[2024-09-29T14:25:02.569+0000] {gcs.py:264} INFO - Object fact.csv in bucket rawdata-madt-finalproject rewritten to object fact.csv in bucket storage-madt-finalproject
[2024-09-29T14:25:02.570+0000] {taskinstance.py:441} INFO - ::group::Post task execution logs
[2024-09-29T14:25:02.621+0000] {taskinstance.py:1205} INFO - Marking task as SUCCESS. dag_id=etl, task_id=upload_file_fact_to_warehouse, execution_date=20240809T000000, start_date=20240929T142459, end_date=20240929T142502
[2024-09-29T14:25:02.779+0000] {local_task_job_runner.py:240} INFO - Task exited with return code 0
[2024-09-29T14:25:02.871+0000] {taskinstance.py:3482} INFO - 0 downstream tasks scheduled from follow-on schedule check
[2024-09-29T14:25:02.900+0000] {local_task_job_runner.py:222} INFO - ::endgroup::
