[2024-09-29T14:35:55.838+0000] {local_task_job_runner.py:120} INFO - ::group::Pre task execution logs
[2024-09-29T14:35:55.907+0000] {taskinstance.py:2073} INFO - Dependencies all met for dep_context=non-requeueable deps ti=<TaskInstance: etl.gcs_to_bq_invoice scheduled__2024-09-18T00:00:00+00:00 [queued]>
[2024-09-29T14:35:55.949+0000] {taskinstance.py:2073} INFO - Dependencies all met for dep_context=requeueable deps ti=<TaskInstance: etl.gcs_to_bq_invoice scheduled__2024-09-18T00:00:00+00:00 [queued]>
[2024-09-29T14:35:55.950+0000] {taskinstance.py:2303} INFO - Starting attempt 1 of 1
[2024-09-29T14:35:56.040+0000] {taskinstance.py:2327} INFO - Executing <Task(GCSToBigQueryOperator): gcs_to_bq_invoice> on 2024-09-18 00:00:00+00:00
[2024-09-29T14:35:56.089+0000] {logging_mixin.py:188} WARNING - /home/***/.local/lib/python3.12/site-packages/***/task/task_runner/standard_task_runner.py:61 DeprecationWarning: This process (pid=27595) is multi-threaded, use of fork() may lead to deadlocks in the child.
[2024-09-29T14:35:56.094+0000] {standard_task_runner.py:63} INFO - Started process 27670 to run task
[2024-09-29T14:35:56.091+0000] {standard_task_runner.py:90} INFO - Running: ['***', 'tasks', 'run', 'etl', 'gcs_to_bq_invoice', 'scheduled__2024-09-18T00:00:00+00:00', '--job-id', '2576', '--raw', '--subdir', 'DAGS_FOLDER/etl.py', '--cfg-path', '/tmp/tmp2l_h1j4p']
[2024-09-29T14:35:56.100+0000] {standard_task_runner.py:91} INFO - Job 2576: Subtask gcs_to_bq_invoice
[2024-09-29T14:35:56.304+0000] {task_command.py:426} INFO - Running <TaskInstance: etl.gcs_to_bq_invoice scheduled__2024-09-18T00:00:00+00:00 [running]> on host 71321b93f95e
[2024-09-29T14:35:56.833+0000] {taskinstance.py:2644} INFO - Exporting env vars: AIRFLOW_CTX_DAG_OWNER='***' AIRFLOW_CTX_DAG_ID='etl' AIRFLOW_CTX_TASK_ID='gcs_to_bq_invoice' AIRFLOW_CTX_EXECUTION_DATE='2024-09-18T00:00:00+00:00' AIRFLOW_CTX_TRY_NUMBER='1' AIRFLOW_CTX_DAG_RUN_ID='scheduled__2024-09-18T00:00:00+00:00'
[2024-09-29T14:35:56.834+0000] {taskinstance.py:430} INFO - ::endgroup::
[2024-09-29T14:35:56.885+0000] {connection.py:274} WARNING - Connection schemes (type: google_cloud_platform) shall not contain '_' according to RFC3986.
[2024-09-29T14:35:56.924+0000] {base.py:84} INFO - Using connection ID 'my-gcp-conn' for task execution.
[2024-09-29T14:35:56.929+0000] {gcs_to_bigquery.py:379} INFO - Using existing BigQuery table for storing data...
[2024-09-29T14:35:57.305+0000] {gcs_to_bigquery.py:383} INFO - Executing: {'load': {'autodetect': True, 'createDisposition': 'CREATE_IF_NEEDED', 'destinationTable': {'projectId': 'madt-finalproject', 'datasetId': 'finalproject_data', 'tableId': 'invoice'}, 'sourceFormat': 'CSV', 'sourceUris': ['gs://storage-madt-finalproject/invoice.csv'], 'writeDisposition': 'WRITE_TRUNCATE', 'ignoreUnknownValues': False, 'skipLeadingRows': None, 'fieldDelimiter': ',', 'quote': None, 'allowQuotedNewlines': False, 'encoding': 'UTF-8'}}
[2024-09-29T14:35:57.312+0000] {bigquery.py:1613} INFO - Inserting job ***_etl_gcs_to_bq_invoice_2024_09_18T00_00_00_00_00_83711109a8af9238daa85ce7ea3c5bde
[2024-09-29T14:36:00.993+0000] {taskinstance.py:441} INFO - ::group::Post task execution logs
[2024-09-29T14:36:01.016+0000] {taskinstance.py:1205} INFO - Marking task as SUCCESS. dag_id=etl, task_id=gcs_to_bq_invoice, execution_date=20240918T000000, start_date=20240929T143555, end_date=20240929T143601
[2024-09-29T14:36:01.123+0000] {local_task_job_runner.py:240} INFO - Task exited with return code 0
[2024-09-29T14:36:01.648+0000] {taskinstance.py:3482} INFO - 0 downstream tasks scheduled from follow-on schedule check
[2024-09-29T14:36:01.670+0000] {local_task_job_runner.py:222} INFO - ::endgroup::
