[2024-09-29T14:35:55.593+0000] {local_task_job_runner.py:120} INFO - ::group::Pre task execution logs
[2024-09-29T14:35:55.653+0000] {taskinstance.py:2073} INFO - Dependencies all met for dep_context=non-requeueable deps ti=<TaskInstance: etl.gcs_to_bq_invoice_trans scheduled__2024-09-18T00:00:00+00:00 [queued]>
[2024-09-29T14:35:55.686+0000] {taskinstance.py:2073} INFO - Dependencies all met for dep_context=requeueable deps ti=<TaskInstance: etl.gcs_to_bq_invoice_trans scheduled__2024-09-18T00:00:00+00:00 [queued]>
[2024-09-29T14:35:55.687+0000] {taskinstance.py:2303} INFO - Starting attempt 1 of 1
[2024-09-29T14:35:55.969+0000] {taskinstance.py:2327} INFO - Executing <Task(GCSToBigQueryOperator): gcs_to_bq_invoice_trans> on 2024-09-18 00:00:00+00:00
[2024-09-29T14:35:56.044+0000] {standard_task_runner.py:90} INFO - Running: ['***', 'tasks', 'run', 'etl', 'gcs_to_bq_invoice_trans', 'scheduled__2024-09-18T00:00:00+00:00', '--job-id', '2574', '--raw', '--subdir', 'DAGS_FOLDER/etl.py', '--cfg-path', '/tmp/tmp40be9gsk']
[2024-09-29T14:35:56.045+0000] {standard_task_runner.py:91} INFO - Job 2574: Subtask gcs_to_bq_invoice_trans
[2024-09-29T14:35:56.038+0000] {logging_mixin.py:188} WARNING - /home/***/.local/lib/python3.12/site-packages/***/task/task_runner/standard_task_runner.py:61 DeprecationWarning: This process (pid=27596) is multi-threaded, use of fork() may lead to deadlocks in the child.
[2024-09-29T14:35:56.057+0000] {standard_task_runner.py:63} INFO - Started process 27667 to run task
[2024-09-29T14:35:56.330+0000] {task_command.py:426} INFO - Running <TaskInstance: etl.gcs_to_bq_invoice_trans scheduled__2024-09-18T00:00:00+00:00 [running]> on host 71321b93f95e
[2024-09-29T14:35:56.864+0000] {taskinstance.py:2644} INFO - Exporting env vars: AIRFLOW_CTX_DAG_OWNER='***' AIRFLOW_CTX_DAG_ID='etl' AIRFLOW_CTX_TASK_ID='gcs_to_bq_invoice_trans' AIRFLOW_CTX_EXECUTION_DATE='2024-09-18T00:00:00+00:00' AIRFLOW_CTX_TRY_NUMBER='1' AIRFLOW_CTX_DAG_RUN_ID='scheduled__2024-09-18T00:00:00+00:00'
[2024-09-29T14:35:56.865+0000] {taskinstance.py:430} INFO - ::endgroup::
[2024-09-29T14:35:56.919+0000] {connection.py:274} WARNING - Connection schemes (type: google_cloud_platform) shall not contain '_' according to RFC3986.
[2024-09-29T14:35:56.961+0000] {base.py:84} INFO - Using connection ID 'my-gcp-conn' for task execution.
[2024-09-29T14:35:56.965+0000] {gcs_to_bigquery.py:379} INFO - Using existing BigQuery table for storing data...
[2024-09-29T14:35:57.241+0000] {gcs_to_bigquery.py:383} INFO - Executing: {'load': {'autodetect': True, 'createDisposition': 'CREATE_IF_NEEDED', 'destinationTable': {'projectId': 'madt-finalproject', 'datasetId': 'finalproject_data', 'tableId': 'invoice_trans'}, 'sourceFormat': 'CSV', 'sourceUris': ['gs://storage-madt-finalproject/invoice_trans.csv'], 'writeDisposition': 'WRITE_TRUNCATE', 'ignoreUnknownValues': False, 'skipLeadingRows': None, 'fieldDelimiter': ',', 'quote': None, 'allowQuotedNewlines': False, 'encoding': 'UTF-8'}}
[2024-09-29T14:35:57.242+0000] {bigquery.py:1613} INFO - Inserting job ***_etl_gcs_to_bq_invoice_trans_2024_09_18T00_00_00_00_00_6b2ec2c5b588500726fdf63267f78037
[2024-09-29T14:36:01.497+0000] {taskinstance.py:441} INFO - ::group::Post task execution logs
[2024-09-29T14:36:01.524+0000] {taskinstance.py:1205} INFO - Marking task as SUCCESS. dag_id=etl, task_id=gcs_to_bq_invoice_trans, execution_date=20240918T000000, start_date=20240929T143555, end_date=20240929T143601
[2024-09-29T14:36:01.622+0000] {local_task_job_runner.py:240} INFO - Task exited with return code 0
[2024-09-29T14:36:01.742+0000] {taskinstance.py:3482} INFO - 0 downstream tasks scheduled from follow-on schedule check
[2024-09-29T14:36:01.775+0000] {local_task_job_runner.py:222} INFO - ::endgroup::
