[2024-09-29T14:25:00.541+0000] {local_task_job_runner.py:120} INFO - ::group::Pre task execution logs
[2024-09-29T14:25:00.601+0000] {taskinstance.py:2073} INFO - Dependencies all met for dep_context=non-requeueable deps ti=<TaskInstance: etl.upload_file_store_to_warehouse scheduled__2024-08-09T00:00:00+00:00 [queued]>
[2024-09-29T14:25:00.643+0000] {taskinstance.py:2073} INFO - Dependencies all met for dep_context=requeueable deps ti=<TaskInstance: etl.upload_file_store_to_warehouse scheduled__2024-08-09T00:00:00+00:00 [queued]>
[2024-09-29T14:25:00.644+0000] {taskinstance.py:2303} INFO - Starting attempt 1 of 1
[2024-09-29T14:25:00.730+0000] {taskinstance.py:2327} INFO - Executing <Task(GCSToGCSOperator): upload_file_store_to_warehouse> on 2024-08-09 00:00:00+00:00
[2024-09-29T14:25:00.787+0000] {standard_task_runner.py:90} INFO - Running: ['***', 'tasks', 'run', 'etl', 'upload_file_store_to_warehouse', 'scheduled__2024-08-09T00:00:00+00:00', '--job-id', '1626', '--raw', '--subdir', 'DAGS_FOLDER/etl.py', '--cfg-path', '/tmp/tmp7s13svre']
[2024-09-29T14:25:00.789+0000] {standard_task_runner.py:91} INFO - Job 1626: Subtask upload_file_store_to_warehouse
[2024-09-29T14:25:00.798+0000] {logging_mixin.py:188} WARNING - /home/***/.local/lib/python3.12/site-packages/***/task/task_runner/standard_task_runner.py:61 DeprecationWarning: This process (pid=19107) is multi-threaded, use of fork() may lead to deadlocks in the child.
[2024-09-29T14:25:00.803+0000] {standard_task_runner.py:63} INFO - Started process 19182 to run task
[2024-09-29T14:25:00.926+0000] {task_command.py:426} INFO - Running <TaskInstance: etl.upload_file_store_to_warehouse scheduled__2024-08-09T00:00:00+00:00 [running]> on host 71321b93f95e
[2024-09-29T14:25:01.291+0000] {taskinstance.py:2644} INFO - Exporting env vars: AIRFLOW_CTX_DAG_OWNER='***' AIRFLOW_CTX_DAG_ID='etl' AIRFLOW_CTX_TASK_ID='upload_file_store_to_warehouse' AIRFLOW_CTX_EXECUTION_DATE='2024-08-09T00:00:00+00:00' AIRFLOW_CTX_TRY_NUMBER='1' AIRFLOW_CTX_DAG_RUN_ID='scheduled__2024-08-09T00:00:00+00:00'
[2024-09-29T14:25:01.295+0000] {taskinstance.py:430} INFO - ::endgroup::
[2024-09-29T14:25:01.351+0000] {connection.py:274} WARNING - Connection schemes (type: google_cloud_platform) shall not contain '_' according to RFC3986.
[2024-09-29T14:25:01.371+0000] {base.py:84} INFO - Using connection ID 'my-gcp-conn' for task execution.
[2024-09-29T14:25:02.184+0000] {gcs_to_gcs.py:535} INFO - Executing copy of gs://rawdata-madt-finalproject/store.csv to gs://storage-madt-finalproject/store.csv
[2024-09-29T14:25:03.500+0000] {gcs.py:256} INFO - Total Bytes: 48 | Bytes Written: 48
[2024-09-29T14:25:03.501+0000] {gcs.py:264} INFO - Object store.csv in bucket rawdata-madt-finalproject rewritten to object store.csv in bucket storage-madt-finalproject
[2024-09-29T14:25:03.501+0000] {taskinstance.py:441} INFO - ::group::Post task execution logs
[2024-09-29T14:25:03.563+0000] {taskinstance.py:1205} INFO - Marking task as SUCCESS. dag_id=etl, task_id=upload_file_store_to_warehouse, execution_date=20240809T000000, start_date=20240929T142500, end_date=20240929T142503
[2024-09-29T14:25:03.695+0000] {local_task_job_runner.py:240} INFO - Task exited with return code 0
[2024-09-29T14:25:04.260+0000] {taskinstance.py:3482} INFO - 0 downstream tasks scheduled from follow-on schedule check
[2024-09-29T14:25:04.284+0000] {local_task_job_runner.py:222} INFO - ::endgroup::
