[2024-11-05T16:22:24.976+0000] {local_task_job_runner.py:120} INFO - ::group::Pre task execution logs
[2024-11-05T16:22:25.099+0000] {taskinstance.py:2073} INFO - Dependencies all met for dep_context=non-requeueable deps ti=<TaskInstance: etl_data_pipeline_v2.gcs_to_bigquery.gcs_to_bq_transaction manual__2024-11-05T16:22:07.635186+00:00 [queued]>
[2024-11-05T16:22:25.126+0000] {taskinstance.py:2073} INFO - Dependencies all met for dep_context=requeueable deps ti=<TaskInstance: etl_data_pipeline_v2.gcs_to_bigquery.gcs_to_bq_transaction manual__2024-11-05T16:22:07.635186+00:00 [queued]>
[2024-11-05T16:22:25.128+0000] {taskinstance.py:2303} INFO - Starting attempt 1 of 4
[2024-11-05T16:22:25.166+0000] {taskinstance.py:2327} INFO - Executing <Task(GCSToBigQueryOperator): gcs_to_bigquery.gcs_to_bq_transaction> on 2024-11-05 16:22:07.635186+00:00
[2024-11-05T16:22:25.216+0000] {logging_mixin.py:188} WARNING - /home/***/.local/lib/python3.12/site-packages/***/task/task_runner/standard_task_runner.py:61 DeprecationWarning: This process (pid=28541) is multi-threaded, use of fork() may lead to deadlocks in the child.
[2024-11-05T16:22:25.228+0000] {standard_task_runner.py:63} INFO - Started process 28631 to run task
[2024-11-05T16:22:25.238+0000] {standard_task_runner.py:90} INFO - Running: ['***', 'tasks', 'run', 'etl_data_pipeline_v2', 'gcs_to_bigquery.gcs_to_bq_transaction', 'manual__2024-11-05T16:22:07.635186+00:00', '--job-id', '3602', '--raw', '--subdir', 'DAGS_FOLDER/etl2.py', '--cfg-path', '/tmp/tmphozzou7v']
[2024-11-05T16:22:25.243+0000] {standard_task_runner.py:91} INFO - Job 3602: Subtask gcs_to_bigquery.gcs_to_bq_transaction
[2024-11-05T16:22:25.365+0000] {task_command.py:426} INFO - Running <TaskInstance: etl_data_pipeline_v2.gcs_to_bigquery.gcs_to_bq_transaction manual__2024-11-05T16:22:07.635186+00:00 [running]> on host 71321b93f95e
[2024-11-05T16:22:25.837+0000] {taskinstance.py:2644} INFO - Exporting env vars: AIRFLOW_CTX_DAG_OWNER='***' AIRFLOW_CTX_DAG_ID='etl_data_pipeline_v2' AIRFLOW_CTX_TASK_ID='gcs_to_bigquery.gcs_to_bq_transaction' AIRFLOW_CTX_EXECUTION_DATE='2024-11-05T16:22:07.635186+00:00' AIRFLOW_CTX_TRY_NUMBER='1' AIRFLOW_CTX_DAG_RUN_ID='manual__2024-11-05T16:22:07.635186+00:00'
[2024-11-05T16:22:25.839+0000] {taskinstance.py:430} INFO - ::endgroup::
[2024-11-05T16:22:25.860+0000] {connection.py:274} WARNING - Connection schemes (type: google_cloud_platform) shall not contain '_' according to RFC3986.
[2024-11-05T16:22:25.867+0000] {base.py:84} INFO - Using connection ID 'my-gcp-conn' for task execution.
[2024-11-05T16:22:25.868+0000] {gcs_to_bigquery.py:379} INFO - Using existing BigQuery table for storing data...
[2024-11-05T16:22:26.124+0000] {gcs_to_bigquery.py:383} INFO - Executing: {'load': {'autodetect': True, 'createDisposition': 'CREATE_IF_NEEDED', 'destinationTable': {'projectId': 'madt-finalproject', 'datasetId': 'finalproject_data', 'tableId': 'transaction'}, 'sourceFormat': 'CSV', 'sourceUris': ['gs://storage-madt-finalproject/transaction.csv'], 'writeDisposition': 'WRITE_TRUNCATE', 'ignoreUnknownValues': True, 'schema': {'fields': [{'name': 'ProductId', 'type': 'STRING'}, {'name': 'TypeId', 'type': 'STRING'}, {'name': 'InvoiceNo', 'type': 'STRING'}, {'name': 'Reorder_Cause_ID', 'type': 'STRING'}, {'name': 'Quantity', 'type': 'INT64'}]}, 'skipLeadingRows': 1, 'fieldDelimiter': ',', 'quote': None, 'allowQuotedNewlines': False, 'encoding': 'UTF-8'}}
[2024-11-05T16:22:26.133+0000] {bigquery.py:1613} INFO - Inserting job ***_etl_data_pipeline_v2_gcs_to_bigquery_gcs_to_bq_transaction_2024_11_05T16_22_07_635186_00_00_417f1bc912d91cfa001cf1f0f7db972b
[2024-11-05T16:22:29.618+0000] {taskinstance.py:441} INFO - ::group::Post task execution logs
[2024-11-05T16:22:29.626+0000] {taskinstance.py:1205} INFO - Marking task as SUCCESS. dag_id=etl_data_pipeline_v2, task_id=gcs_to_bigquery.gcs_to_bq_transaction, execution_date=20241105T162207, start_date=20241105T162225, end_date=20241105T162229
[2024-11-05T16:22:29.688+0000] {local_task_job_runner.py:240} INFO - Task exited with return code 0
[2024-11-05T16:22:29.713+0000] {taskinstance.py:3482} INFO - 0 downstream tasks scheduled from follow-on schedule check
[2024-11-05T16:22:29.720+0000] {local_task_job_runner.py:222} INFO - ::endgroup::
