[2024-09-29T14:24:01.519+0000] {local_task_job_runner.py:120} INFO - ::group::Pre task execution logs
[2024-09-29T14:24:01.592+0000] {taskinstance.py:2073} INFO - Dependencies all met for dep_context=non-requeueable deps ti=<TaskInstance: etl.gcs_to_bq_store scheduled__2024-07-25T00:00:00+00:00 [queued]>
[2024-09-29T14:24:01.647+0000] {taskinstance.py:2073} INFO - Dependencies all met for dep_context=requeueable deps ti=<TaskInstance: etl.gcs_to_bq_store scheduled__2024-07-25T00:00:00+00:00 [queued]>
[2024-09-29T14:24:01.647+0000] {taskinstance.py:2303} INFO - Starting attempt 1 of 1
[2024-09-29T14:24:01.885+0000] {taskinstance.py:2327} INFO - Executing <Task(GCSToBigQueryOperator): gcs_to_bq_store> on 2024-07-25 00:00:00+00:00
[2024-09-29T14:24:01.923+0000] {logging_mixin.py:188} WARNING - /home/***/.local/lib/python3.12/site-packages/***/task/task_runner/standard_task_runner.py:61 DeprecationWarning: This process (pid=18368) is multi-threaded, use of fork() may lead to deadlocks in the child.
[2024-09-29T14:24:01.926+0000] {standard_task_runner.py:63} INFO - Started process 18408 to run task
[2024-09-29T14:24:01.932+0000] {standard_task_runner.py:90} INFO - Running: ['***', 'tasks', 'run', 'etl', 'gcs_to_bq_store', 'scheduled__2024-07-25T00:00:00+00:00', '--job-id', '1540', '--raw', '--subdir', 'DAGS_FOLDER/etl.py', '--cfg-path', '/tmp/tmpf7vfm_im']
[2024-09-29T14:24:01.933+0000] {standard_task_runner.py:91} INFO - Job 1540: Subtask gcs_to_bq_store
[2024-09-29T14:24:02.163+0000] {task_command.py:426} INFO - Running <TaskInstance: etl.gcs_to_bq_store scheduled__2024-07-25T00:00:00+00:00 [running]> on host 71321b93f95e
[2024-09-29T14:24:02.551+0000] {taskinstance.py:2644} INFO - Exporting env vars: AIRFLOW_CTX_DAG_OWNER='***' AIRFLOW_CTX_DAG_ID='etl' AIRFLOW_CTX_TASK_ID='gcs_to_bq_store' AIRFLOW_CTX_EXECUTION_DATE='2024-07-25T00:00:00+00:00' AIRFLOW_CTX_TRY_NUMBER='1' AIRFLOW_CTX_DAG_RUN_ID='scheduled__2024-07-25T00:00:00+00:00'
[2024-09-29T14:24:02.552+0000] {taskinstance.py:430} INFO - ::endgroup::
[2024-09-29T14:24:02.566+0000] {connection.py:274} WARNING - Connection schemes (type: google_cloud_platform) shall not contain '_' according to RFC3986.
[2024-09-29T14:24:02.580+0000] {base.py:84} INFO - Using connection ID 'my-gcp-conn' for task execution.
[2024-09-29T14:24:02.583+0000] {gcs_to_bigquery.py:379} INFO - Using existing BigQuery table for storing data...
[2024-09-29T14:24:02.918+0000] {gcs_to_bigquery.py:383} INFO - Executing: {'load': {'autodetect': True, 'createDisposition': 'CREATE_IF_NEEDED', 'destinationTable': {'projectId': 'madt-finalproject', 'datasetId': 'finalproject_data', 'tableId': 'store'}, 'sourceFormat': 'CSV', 'sourceUris': ['gs://storage-madt-finalproject/store.csv'], 'writeDisposition': 'WRITE_TRUNCATE', 'ignoreUnknownValues': False, 'skipLeadingRows': None, 'fieldDelimiter': ',', 'quote': None, 'allowQuotedNewlines': False, 'encoding': 'UTF-8'}}
[2024-09-29T14:24:02.922+0000] {bigquery.py:1613} INFO - Inserting job ***_etl_gcs_to_bq_store_2024_07_25T00_00_00_00_00_44507bc0cf597221623a29b7aaa00868
[2024-09-29T14:24:06.572+0000] {taskinstance.py:441} INFO - ::group::Post task execution logs
[2024-09-29T14:24:06.615+0000] {taskinstance.py:1205} INFO - Marking task as SUCCESS. dag_id=etl, task_id=gcs_to_bq_store, execution_date=20240725T000000, start_date=20240929T142401, end_date=20240929T142406
[2024-09-29T14:24:06.828+0000] {local_task_job_runner.py:240} INFO - Task exited with return code 0
[2024-09-29T14:24:06.923+0000] {taskinstance.py:3482} INFO - 0 downstream tasks scheduled from follow-on schedule check
[2024-09-29T14:24:06.931+0000] {local_task_job_runner.py:222} INFO - ::endgroup::
