[2024-10-01T18:48:08.188+0000] {local_task_job_runner.py:120} INFO - ::group::Pre task execution logs
[2024-10-01T18:48:08.203+0000] {taskinstance.py:2073} INFO - Dependencies all met for dep_context=non-requeueable deps ti=<TaskInstance: etl_with_cleaning_transfer.create_dataset manual__2024-10-01T18:47:55.707546+00:00 [queued]>
[2024-10-01T18:48:08.211+0000] {taskinstance.py:2073} INFO - Dependencies all met for dep_context=requeueable deps ti=<TaskInstance: etl_with_cleaning_transfer.create_dataset manual__2024-10-01T18:47:55.707546+00:00 [queued]>
[2024-10-01T18:48:08.211+0000] {taskinstance.py:2303} INFO - Starting attempt 1 of 1
[2024-10-01T18:48:08.227+0000] {taskinstance.py:2327} INFO - Executing <Task(BigQueryCreateEmptyDatasetOperator): create_dataset> on 2024-10-01 18:47:55.707546+00:00
[2024-10-01T18:48:08.239+0000] {standard_task_runner.py:90} INFO - Running: ['***', 'tasks', 'run', 'etl_with_cleaning_transfer', 'create_dataset', 'manual__2024-10-01T18:47:55.707546+00:00', '--job-id', '3053', '--raw', '--subdir', 'DAGS_FOLDER/etl.py', '--cfg-path', '/tmp/tmplkufm9j8']
[2024-10-01T18:48:08.240+0000] {logging_mixin.py:188} WARNING - /home/***/.local/lib/python3.12/site-packages/***/task/task_runner/standard_task_runner.py:61 DeprecationWarning: This process (pid=34593) is multi-threaded, use of fork() may lead to deadlocks in the child.
[2024-10-01T18:48:08.240+0000] {standard_task_runner.py:63} INFO - Started process 34600 to run task
[2024-10-01T18:48:08.240+0000] {standard_task_runner.py:91} INFO - Job 3053: Subtask create_dataset
[2024-10-01T18:48:08.278+0000] {task_command.py:426} INFO - Running <TaskInstance: etl_with_cleaning_transfer.create_dataset manual__2024-10-01T18:47:55.707546+00:00 [running]> on host 71321b93f95e
[2024-10-01T18:48:08.355+0000] {taskinstance.py:2644} INFO - Exporting env vars: AIRFLOW_CTX_DAG_OWNER='***' AIRFLOW_CTX_DAG_ID='etl_with_cleaning_transfer' AIRFLOW_CTX_TASK_ID='create_dataset' AIRFLOW_CTX_EXECUTION_DATE='2024-10-01T18:47:55.707546+00:00' AIRFLOW_CTX_TRY_NUMBER='1' AIRFLOW_CTX_DAG_RUN_ID='manual__2024-10-01T18:47:55.707546+00:00'
[2024-10-01T18:48:08.356+0000] {taskinstance.py:430} INFO - ::endgroup::
[2024-10-01T18:48:08.363+0000] {connection.py:274} WARNING - Connection schemes (type: google_cloud_platform) shall not contain '_' according to RFC3986.
[2024-10-01T18:48:08.366+0000] {base.py:84} INFO - Using connection ID 'my-gcp-conn' for task execution.
[2024-10-01T18:48:08.412+0000] {bigquery.py:470} INFO - datasetId was not specified in `dataset_reference`. Will use default value finalproject_data.
[2024-10-01T18:48:08.412+0000] {bigquery.py:470} INFO - projectId was not specified in `dataset_reference`. Will use default value madt-finalproject.
[2024-10-01T18:48:08.413+0000] {bigquery.py:481} INFO - Creating dataset: finalproject_data in project: madt-finalproject 
[2024-10-01T18:48:08.808+0000] {bigquery.py:2045} INFO - Dataset finalproject_data already exists.
[2024-10-01T18:48:08.824+0000] {taskinstance.py:441} INFO - ::group::Post task execution logs
[2024-10-01T18:48:08.831+0000] {taskinstance.py:1205} INFO - Marking task as SUCCESS. dag_id=etl_with_cleaning_transfer, task_id=create_dataset, execution_date=20241001T184755, start_date=20241001T184808, end_date=20241001T184808
[2024-10-01T18:48:08.855+0000] {local_task_job_runner.py:240} INFO - Task exited with return code 0
[2024-10-01T18:48:08.876+0000] {taskinstance.py:3482} INFO - 8 downstream tasks scheduled from follow-on schedule check
[2024-10-01T18:48:08.894+0000] {local_task_job_runner.py:222} INFO - ::endgroup::
