[2024-10-07T16:21:20.468+0000] {local_task_job_runner.py:120} INFO - ::group::Pre task execution logs
[2024-10-07T16:21:20.497+0000] {taskinstance.py:2073} INFO - Dependencies all met for dep_context=non-requeueable deps ti=<TaskInstance: etl_with_cleaning_transfer.gcs_to_bigquery.gcs_to_bq_product manual__2024-10-07T16:21:04.194262+00:00 [queued]>
[2024-10-07T16:21:20.505+0000] {taskinstance.py:2073} INFO - Dependencies all met for dep_context=requeueable deps ti=<TaskInstance: etl_with_cleaning_transfer.gcs_to_bigquery.gcs_to_bq_product manual__2024-10-07T16:21:04.194262+00:00 [queued]>
[2024-10-07T16:21:20.506+0000] {taskinstance.py:2303} INFO - Starting attempt 1 of 4
[2024-10-07T16:21:20.526+0000] {taskinstance.py:2327} INFO - Executing <Task(GCSToBigQueryOperator): gcs_to_bigquery.gcs_to_bq_product> on 2024-10-07 16:21:04.194262+00:00
[2024-10-07T16:21:20.544+0000] {logging_mixin.py:188} WARNING - /home/***/.local/lib/python3.12/site-packages/***/task/task_runner/standard_task_runner.py:61 DeprecationWarning: This process (pid=12286) is multi-threaded, use of fork() may lead to deadlocks in the child.
[2024-10-07T16:21:20.545+0000] {standard_task_runner.py:63} INFO - Started process 12303 to run task
[2024-10-07T16:21:20.556+0000] {standard_task_runner.py:90} INFO - Running: ['***', 'tasks', 'run', 'etl_with_cleaning_transfer', 'gcs_to_bigquery.gcs_to_bq_product', 'manual__2024-10-07T16:21:04.194262+00:00', '--job-id', '3365', '--raw', '--subdir', 'DAGS_FOLDER/etl.py', '--cfg-path', '/tmp/tmpk3rm1l3p']
[2024-10-07T16:21:20.557+0000] {standard_task_runner.py:91} INFO - Job 3365: Subtask gcs_to_bigquery.gcs_to_bq_product
[2024-10-07T16:21:20.619+0000] {task_command.py:426} INFO - Running <TaskInstance: etl_with_cleaning_transfer.gcs_to_bigquery.gcs_to_bq_product manual__2024-10-07T16:21:04.194262+00:00 [running]> on host 71321b93f95e
[2024-10-07T16:21:20.846+0000] {taskinstance.py:2644} INFO - Exporting env vars: AIRFLOW_CTX_DAG_OWNER='***' AIRFLOW_CTX_DAG_ID='etl_with_cleaning_transfer' AIRFLOW_CTX_TASK_ID='gcs_to_bigquery.gcs_to_bq_product' AIRFLOW_CTX_EXECUTION_DATE='2024-10-07T16:21:04.194262+00:00' AIRFLOW_CTX_TRY_NUMBER='1' AIRFLOW_CTX_DAG_RUN_ID='manual__2024-10-07T16:21:04.194262+00:00'
[2024-10-07T16:21:20.847+0000] {taskinstance.py:430} INFO - ::endgroup::
[2024-10-07T16:21:20.859+0000] {connection.py:274} WARNING - Connection schemes (type: google_cloud_platform) shall not contain '_' according to RFC3986.
[2024-10-07T16:21:20.870+0000] {base.py:84} INFO - Using connection ID 'my-gcp-conn' for task execution.
[2024-10-07T16:21:20.871+0000] {gcs_to_bigquery.py:379} INFO - Using existing BigQuery table for storing data...
[2024-10-07T16:21:20.969+0000] {gcs_to_bigquery.py:383} INFO - Executing: {'load': {'autodetect': True, 'createDisposition': 'CREATE_IF_NEEDED', 'destinationTable': {'projectId': 'madt-finalproject', 'datasetId': 'finalproject_data', 'tableId': 'product'}, 'sourceFormat': 'CSV', 'sourceUris': ['gs://storage-madt-finalproject/product.csv'], 'writeDisposition': 'WRITE_TRUNCATE', 'ignoreUnknownValues': True, 'schema': {'fields': [{'name': 'ProductId', 'type': 'STRING'}, {'name': 'lenstype', 'type': 'STRING'}, {'name': 'Part_Description', 'type': 'STRING'}, {'name': 'Material_Type', 'type': 'STRING'}, {'name': 'Lens_Type', 'type': 'STRING'}, {'name': 'price', 'type': 'FLOAT'}]}, 'skipLeadingRows': 1, 'fieldDelimiter': ',', 'quote': None, 'allowQuotedNewlines': False, 'encoding': 'UTF-8'}}
[2024-10-07T16:21:20.970+0000] {bigquery.py:1613} INFO - Inserting job ***_etl_with_cleaning_transfer_gcs_to_bigquery_gcs_to_bq_product_2024_10_07T16_21_04_194262_00_00_06cec47c7cc6c4674e66da860848ef09
[2024-10-07T16:21:24.569+0000] {taskinstance.py:441} INFO - ::group::Post task execution logs
[2024-10-07T16:21:24.576+0000] {taskinstance.py:1205} INFO - Marking task as SUCCESS. dag_id=etl_with_cleaning_transfer, task_id=gcs_to_bigquery.gcs_to_bq_product, execution_date=20241007T162104, start_date=20241007T162120, end_date=20241007T162124
[2024-10-07T16:21:24.628+0000] {local_task_job_runner.py:240} INFO - Task exited with return code 0
[2024-10-07T16:21:24.652+0000] {taskinstance.py:3482} INFO - 0 downstream tasks scheduled from follow-on schedule check
[2024-10-07T16:21:24.658+0000] {local_task_job_runner.py:222} INFO - ::endgroup::
