[2024-10-07T16:08:35.941+0000] {local_task_job_runner.py:120} INFO - ::group::Pre task execution logs
[2024-10-07T16:08:35.974+0000] {taskinstance.py:2073} INFO - Dependencies all met for dep_context=non-requeueable deps ti=<TaskInstance: etl_with_cleaning_transfer.gcs_to_bigquery.gcs_to_bq_customer manual__2024-10-07T16:08:18.526165+00:00 [queued]>
[2024-10-07T16:08:35.988+0000] {taskinstance.py:2073} INFO - Dependencies all met for dep_context=requeueable deps ti=<TaskInstance: etl_with_cleaning_transfer.gcs_to_bigquery.gcs_to_bq_customer manual__2024-10-07T16:08:18.526165+00:00 [queued]>
[2024-10-07T16:08:35.989+0000] {taskinstance.py:2303} INFO - Starting attempt 1 of 4
[2024-10-07T16:08:36.043+0000] {taskinstance.py:2327} INFO - Executing <Task(GCSToBigQueryOperator): gcs_to_bigquery.gcs_to_bq_customer> on 2024-10-07 16:08:18.526165+00:00
[2024-10-07T16:08:36.071+0000] {logging_mixin.py:188} WARNING - /home/***/.local/lib/python3.12/site-packages/***/task/task_runner/standard_task_runner.py:61 DeprecationWarning: This process (pid=5569) is multi-threaded, use of fork() may lead to deadlocks in the child.
[2024-10-07T16:08:36.079+0000] {standard_task_runner.py:63} INFO - Started process 5584 to run task
[2024-10-07T16:08:36.078+0000] {standard_task_runner.py:90} INFO - Running: ['***', 'tasks', 'run', 'etl_with_cleaning_transfer', 'gcs_to_bigquery.gcs_to_bq_customer', 'manual__2024-10-07T16:08:18.526165+00:00', '--job-id', '3345', '--raw', '--subdir', 'DAGS_FOLDER/etl.py', '--cfg-path', '/tmp/tmpepqk5735']
[2024-10-07T16:08:36.082+0000] {standard_task_runner.py:91} INFO - Job 3345: Subtask gcs_to_bigquery.gcs_to_bq_customer
[2024-10-07T16:08:36.187+0000] {task_command.py:426} INFO - Running <TaskInstance: etl_with_cleaning_transfer.gcs_to_bigquery.gcs_to_bq_customer manual__2024-10-07T16:08:18.526165+00:00 [running]> on host 71321b93f95e
[2024-10-07T16:08:36.460+0000] {taskinstance.py:2644} INFO - Exporting env vars: AIRFLOW_CTX_DAG_OWNER='***' AIRFLOW_CTX_DAG_ID='etl_with_cleaning_transfer' AIRFLOW_CTX_TASK_ID='gcs_to_bigquery.gcs_to_bq_customer' AIRFLOW_CTX_EXECUTION_DATE='2024-10-07T16:08:18.526165+00:00' AIRFLOW_CTX_TRY_NUMBER='1' AIRFLOW_CTX_DAG_RUN_ID='manual__2024-10-07T16:08:18.526165+00:00'
[2024-10-07T16:08:36.461+0000] {taskinstance.py:430} INFO - ::endgroup::
[2024-10-07T16:08:36.481+0000] {connection.py:274} WARNING - Connection schemes (type: google_cloud_platform) shall not contain '_' according to RFC3986.
[2024-10-07T16:08:36.487+0000] {base.py:84} INFO - Using connection ID 'my-gcp-conn' for task execution.
[2024-10-07T16:08:36.488+0000] {gcs_to_bigquery.py:379} INFO - Using existing BigQuery table for storing data...
[2024-10-07T16:08:36.640+0000] {gcs_to_bigquery.py:383} INFO - Executing: {'load': {'autodetect': True, 'createDisposition': 'CREATE_IF_NEEDED', 'destinationTable': {'projectId': 'madt-finalproject', 'datasetId': 'finalproject_data', 'tableId': 'customer'}, 'sourceFormat': 'CSV', 'sourceUris': ['gs://storage-madt-finalproject/customer.csv'], 'writeDisposition': 'WRITE_TRUNCATE', 'ignoreUnknownValues': True, 'schema': {'fields': [{'name': 'CustomerID', 'type': 'STRING'}, {'name': 'Customer', 'type': 'STRING'}, {'name': 'Country', 'type': 'STRING'}, {'name': 'OpticMainID', 'type': 'STRING'}, {'name': 'Category', 'type': 'STRING'}, {'name': 'zoneId', 'type': 'STRING'}]}, 'skipLeadingRows': 1, 'fieldDelimiter': ',', 'quote': None, 'allowQuotedNewlines': False, 'encoding': 'UTF-8'}}
[2024-10-07T16:08:36.641+0000] {bigquery.py:1613} INFO - Inserting job ***_etl_with_cleaning_transfer_gcs_to_bigquery_gcs_to_bq_customer_2024_10_07T16_08_18_526165_00_00_429b088c59bedcfe4fb39105a8ef7107
[2024-10-07T16:08:40.571+0000] {taskinstance.py:441} INFO - ::group::Post task execution logs
[2024-10-07T16:08:40.578+0000] {taskinstance.py:1205} INFO - Marking task as SUCCESS. dag_id=etl_with_cleaning_transfer, task_id=gcs_to_bigquery.gcs_to_bq_customer, execution_date=20241007T160818, start_date=20241007T160835, end_date=20241007T160840
[2024-10-07T16:08:40.608+0000] {local_task_job_runner.py:240} INFO - Task exited with return code 0
[2024-10-07T16:08:40.627+0000] {taskinstance.py:3482} INFO - 0 downstream tasks scheduled from follow-on schedule check
[2024-10-07T16:08:40.635+0000] {local_task_job_runner.py:222} INFO - ::endgroup::
