[2024-09-29T14:36:28.829+0000] {local_task_job_runner.py:120} INFO - ::group::Pre task execution logs
[2024-09-29T14:36:28.876+0000] {taskinstance.py:2073} INFO - Dependencies all met for dep_context=non-requeueable deps ti=<TaskInstance: etl.gcs_to_bq_reorder scheduled__2024-09-23T00:00:00+00:00 [queued]>
[2024-09-29T14:36:28.897+0000] {taskinstance.py:2073} INFO - Dependencies all met for dep_context=requeueable deps ti=<TaskInstance: etl.gcs_to_bq_reorder scheduled__2024-09-23T00:00:00+00:00 [queued]>
[2024-09-29T14:36:28.898+0000] {taskinstance.py:2303} INFO - Starting attempt 1 of 1
[2024-09-29T14:36:28.941+0000] {taskinstance.py:2327} INFO - Executing <Task(GCSToBigQueryOperator): gcs_to_bq_reorder> on 2024-09-23 00:00:00+00:00
[2024-09-29T14:36:28.970+0000] {standard_task_runner.py:90} INFO - Running: ['***', 'tasks', 'run', 'etl', 'gcs_to_bq_reorder', 'scheduled__2024-09-23T00:00:00+00:00', '--job-id', '2624', '--raw', '--subdir', 'DAGS_FOLDER/etl.py', '--cfg-path', '/tmp/tmp1wzrxs20']
[2024-09-29T14:36:28.974+0000] {standard_task_runner.py:91} INFO - Job 2624: Subtask gcs_to_bq_reorder
[2024-09-29T14:36:28.967+0000] {logging_mixin.py:188} WARNING - /home/***/.local/lib/python3.12/site-packages/***/task/task_runner/standard_task_runner.py:61 DeprecationWarning: This process (pid=28031) is multi-threaded, use of fork() may lead to deadlocks in the child.
[2024-09-29T14:36:28.976+0000] {standard_task_runner.py:63} INFO - Started process 28095 to run task
[2024-09-29T14:36:29.101+0000] {task_command.py:426} INFO - Running <TaskInstance: etl.gcs_to_bq_reorder scheduled__2024-09-23T00:00:00+00:00 [running]> on host 71321b93f95e
[2024-09-29T14:36:29.402+0000] {taskinstance.py:2644} INFO - Exporting env vars: AIRFLOW_CTX_DAG_OWNER='***' AIRFLOW_CTX_DAG_ID='etl' AIRFLOW_CTX_TASK_ID='gcs_to_bq_reorder' AIRFLOW_CTX_EXECUTION_DATE='2024-09-23T00:00:00+00:00' AIRFLOW_CTX_TRY_NUMBER='1' AIRFLOW_CTX_DAG_RUN_ID='scheduled__2024-09-23T00:00:00+00:00'
[2024-09-29T14:36:29.404+0000] {taskinstance.py:430} INFO - ::endgroup::
[2024-09-29T14:36:29.421+0000] {connection.py:274} WARNING - Connection schemes (type: google_cloud_platform) shall not contain '_' according to RFC3986.
[2024-09-29T14:36:29.430+0000] {base.py:84} INFO - Using connection ID 'my-gcp-conn' for task execution.
[2024-09-29T14:36:29.434+0000] {gcs_to_bigquery.py:379} INFO - Using existing BigQuery table for storing data...
[2024-09-29T14:36:29.518+0000] {gcs_to_bigquery.py:383} INFO - Executing: {'load': {'autodetect': True, 'createDisposition': 'CREATE_IF_NEEDED', 'destinationTable': {'projectId': 'madt-finalproject', 'datasetId': 'finalproject_data', 'tableId': 'reorder'}, 'sourceFormat': 'CSV', 'sourceUris': ['gs://storage-madt-finalproject/reorder.csv'], 'writeDisposition': 'WRITE_TRUNCATE', 'ignoreUnknownValues': False, 'skipLeadingRows': None, 'fieldDelimiter': ',', 'quote': None, 'allowQuotedNewlines': False, 'encoding': 'UTF-8'}}
[2024-09-29T14:36:29.519+0000] {bigquery.py:1613} INFO - Inserting job ***_etl_gcs_to_bq_reorder_2024_09_23T00_00_00_00_00_47c2cfc8b26507cfd8f540d7a624b541
[2024-09-29T14:36:32.711+0000] {taskinstance.py:441} INFO - ::group::Post task execution logs
[2024-09-29T14:36:32.768+0000] {taskinstance.py:1205} INFO - Marking task as SUCCESS. dag_id=etl, task_id=gcs_to_bq_reorder, execution_date=20240923T000000, start_date=20240929T143628, end_date=20240929T143632
[2024-09-29T14:36:32.906+0000] {local_task_job_runner.py:240} INFO - Task exited with return code 0
[2024-09-29T14:36:33.187+0000] {taskinstance.py:3482} INFO - 0 downstream tasks scheduled from follow-on schedule check
[2024-09-29T14:36:33.212+0000] {local_task_job_runner.py:222} INFO - ::endgroup::
