[2024-09-29T14:26:34.764+0000] {local_task_job_runner.py:120} INFO - ::group::Pre task execution logs
[2024-09-29T14:26:34.848+0000] {taskinstance.py:2073} INFO - Dependencies all met for dep_context=non-requeueable deps ti=<TaskInstance: etl.upload_file_reorder_to_warehouse scheduled__2024-08-16T00:00:00+00:00 [queued]>
[2024-09-29T14:26:34.890+0000] {taskinstance.py:2073} INFO - Dependencies all met for dep_context=requeueable deps ti=<TaskInstance: etl.upload_file_reorder_to_warehouse scheduled__2024-08-16T00:00:00+00:00 [queued]>
[2024-09-29T14:26:34.891+0000] {taskinstance.py:2303} INFO - Starting attempt 1 of 1
[2024-09-29T14:26:34.969+0000] {taskinstance.py:2327} INFO - Executing <Task(GCSToGCSOperator): upload_file_reorder_to_warehouse> on 2024-08-16 00:00:00+00:00
[2024-09-29T14:26:35.023+0000] {standard_task_runner.py:90} INFO - Running: ['***', 'tasks', 'run', 'etl', 'upload_file_reorder_to_warehouse', 'scheduled__2024-08-16T00:00:00+00:00', '--job-id', '1760', '--raw', '--subdir', 'DAGS_FOLDER/etl.py', '--cfg-path', '/tmp/tmpdf0caovt']
[2024-09-29T14:26:35.026+0000] {standard_task_runner.py:91} INFO - Job 1760: Subtask upload_file_reorder_to_warehouse
[2024-09-29T14:26:35.046+0000] {logging_mixin.py:188} WARNING - /home/***/.local/lib/python3.12/site-packages/***/task/task_runner/standard_task_runner.py:61 DeprecationWarning: This process (pid=20315) is multi-threaded, use of fork() may lead to deadlocks in the child.
[2024-09-29T14:26:35.047+0000] {standard_task_runner.py:63} INFO - Started process 20398 to run task
[2024-09-29T14:26:35.141+0000] {task_command.py:426} INFO - Running <TaskInstance: etl.upload_file_reorder_to_warehouse scheduled__2024-08-16T00:00:00+00:00 [running]> on host 71321b93f95e
[2024-09-29T14:26:35.378+0000] {taskinstance.py:2644} INFO - Exporting env vars: AIRFLOW_CTX_DAG_OWNER='***' AIRFLOW_CTX_DAG_ID='etl' AIRFLOW_CTX_TASK_ID='upload_file_reorder_to_warehouse' AIRFLOW_CTX_EXECUTION_DATE='2024-08-16T00:00:00+00:00' AIRFLOW_CTX_TRY_NUMBER='1' AIRFLOW_CTX_DAG_RUN_ID='scheduled__2024-08-16T00:00:00+00:00'
[2024-09-29T14:26:35.380+0000] {taskinstance.py:430} INFO - ::endgroup::
[2024-09-29T14:26:35.404+0000] {connection.py:274} WARNING - Connection schemes (type: google_cloud_platform) shall not contain '_' according to RFC3986.
[2024-09-29T14:26:35.435+0000] {base.py:84} INFO - Using connection ID 'my-gcp-conn' for task execution.
[2024-09-29T14:26:36.244+0000] {gcs_to_gcs.py:535} INFO - Executing copy of gs://rawdata-madt-finalproject/reorder.csv to gs://storage-madt-finalproject/reorder.csv
[2024-09-29T14:26:37.657+0000] {gcs.py:256} INFO - Total Bytes: 404 | Bytes Written: 404
[2024-09-29T14:26:37.658+0000] {gcs.py:264} INFO - Object reorder.csv in bucket rawdata-madt-finalproject rewritten to object reorder.csv in bucket storage-madt-finalproject
[2024-09-29T14:26:37.660+0000] {taskinstance.py:441} INFO - ::group::Post task execution logs
[2024-09-29T14:26:37.716+0000] {taskinstance.py:1205} INFO - Marking task as SUCCESS. dag_id=etl, task_id=upload_file_reorder_to_warehouse, execution_date=20240816T000000, start_date=20240929T142634, end_date=20240929T142637
[2024-09-29T14:26:37.914+0000] {local_task_job_runner.py:240} INFO - Task exited with return code 0
[2024-09-29T14:26:38.105+0000] {taskinstance.py:3482} INFO - 1 downstream tasks scheduled from follow-on schedule check
[2024-09-29T14:26:38.119+0000] {local_task_job_runner.py:222} INFO - ::endgroup::
