[2024-09-29T09:09:15.728+0000] {local_task_job_runner.py:120} INFO - ::group::Pre task execution logs
[2024-09-29T09:09:15.805+0000] {taskinstance.py:2073} INFO - Dependencies all met for dep_context=non-requeueable deps ti=<TaskInstance: etl.create_dataset scheduled__2024-05-26T00:00:00+00:00 [queued]>
[2024-09-29T09:09:15.852+0000] {taskinstance.py:2073} INFO - Dependencies all met for dep_context=requeueable deps ti=<TaskInstance: etl.create_dataset scheduled__2024-05-26T00:00:00+00:00 [queued]>
[2024-09-29T09:09:15.853+0000] {taskinstance.py:2303} INFO - Starting attempt 1 of 1
[2024-09-29T09:09:15.940+0000] {taskinstance.py:2327} INFO - Executing <Task(BigQueryCreateEmptyDatasetOperator): create_dataset> on 2024-05-26 00:00:00+00:00
[2024-09-29T09:09:16.020+0000] {standard_task_runner.py:90} INFO - Running: ['***', 'tasks', 'run', 'etl', 'create_dataset', 'scheduled__2024-05-26T00:00:00+00:00', '--job-id', '311', '--raw', '--subdir', 'DAGS_FOLDER/etl.py', '--cfg-path', '/tmp/tmpyi8qrw3t']
[2024-09-29T09:09:16.034+0000] {standard_task_runner.py:91} INFO - Job 311: Subtask create_dataset
[2024-09-29T09:09:16.037+0000] {logging_mixin.py:188} WARNING - /home/***/.local/lib/python3.12/site-packages/***/task/task_runner/standard_task_runner.py:61 DeprecationWarning: This process (pid=30768) is multi-threaded, use of fork() may lead to deadlocks in the child.
[2024-09-29T09:09:16.038+0000] {standard_task_runner.py:63} INFO - Started process 30813 to run task
[2024-09-29T09:09:16.307+0000] {task_command.py:426} INFO - Running <TaskInstance: etl.create_dataset scheduled__2024-05-26T00:00:00+00:00 [running]> on host 71321b93f95e
[2024-09-29T09:09:16.571+0000] {taskinstance.py:2644} INFO - Exporting env vars: AIRFLOW_CTX_DAG_OWNER='***' AIRFLOW_CTX_DAG_ID='etl' AIRFLOW_CTX_TASK_ID='create_dataset' AIRFLOW_CTX_EXECUTION_DATE='2024-05-26T00:00:00+00:00' AIRFLOW_CTX_TRY_NUMBER='1' AIRFLOW_CTX_DAG_RUN_ID='scheduled__2024-05-26T00:00:00+00:00'
[2024-09-29T09:09:16.573+0000] {taskinstance.py:430} INFO - ::endgroup::
[2024-09-29T09:09:16.597+0000] {connection.py:274} WARNING - Connection schemes (type: google_cloud_platform) shall not contain '_' according to RFC3986.
[2024-09-29T09:09:16.622+0000] {base.py:84} INFO - Using connection ID 'my_gcp_conn' for task execution.
[2024-09-29T09:09:17.008+0000] {bigquery.py:470} INFO - datasetId was not specified in `dataset_reference`. Will use default value finalproject_data.
[2024-09-29T09:09:17.009+0000] {bigquery.py:470} INFO - projectId was not specified in `dataset_reference`. Will use default value madt-finalproject.
[2024-09-29T09:09:17.009+0000] {bigquery.py:481} INFO - Creating dataset: finalproject_data in project: madt-finalproject 
[2024-09-29T09:09:17.931+0000] {bigquery.py:2045} INFO - Dataset finalproject_data already exists.
[2024-09-29T09:09:17.985+0000] {taskinstance.py:441} INFO - ::group::Post task execution logs
[2024-09-29T09:09:18.013+0000] {taskinstance.py:1205} INFO - Marking task as SUCCESS. dag_id=etl, task_id=create_dataset, execution_date=20240526T000000, start_date=20240929T090915, end_date=20240929T090918
[2024-09-29T09:09:18.429+0000] {local_task_job_runner.py:240} INFO - Task exited with return code 0
[2024-09-29T09:09:18.543+0000] {taskinstance.py:3482} INFO - 9 downstream tasks scheduled from follow-on schedule check
[2024-09-29T09:09:18.550+0000] {local_task_job_runner.py:222} INFO - ::endgroup::
