[2024-09-29T14:59:31.798+0000] {local_task_job_runner.py:120} INFO - ::group::Pre task execution logs
[2024-09-29T14:59:31.816+0000] {taskinstance.py:2073} INFO - Dependencies all met for dep_context=non-requeueable deps ti=<TaskInstance: etl_with_cleaning_transfer.clean_and_transfer_csv_files.clean_and_transfer_zoning manual__2024-09-29T14:59:25.230087+00:00 [queued]>
[2024-09-29T14:59:31.824+0000] {taskinstance.py:2073} INFO - Dependencies all met for dep_context=requeueable deps ti=<TaskInstance: etl_with_cleaning_transfer.clean_and_transfer_csv_files.clean_and_transfer_zoning manual__2024-09-29T14:59:25.230087+00:00 [queued]>
[2024-09-29T14:59:31.825+0000] {taskinstance.py:2303} INFO - Starting attempt 1 of 1
[2024-09-29T14:59:31.852+0000] {taskinstance.py:2327} INFO - Executing <Task(PythonOperator): clean_and_transfer_csv_files.clean_and_transfer_zoning> on 2024-09-29 14:59:25.230087+00:00
[2024-09-29T14:59:31.878+0000] {logging_mixin.py:188} WARNING - /home/***/.local/lib/python3.12/site-packages/***/task/task_runner/standard_task_runner.py:61 DeprecationWarning: This process (pid=40410) is multi-threaded, use of fork() may lead to deadlocks in the child.
[2024-09-29T14:59:31.880+0000] {standard_task_runner.py:90} INFO - Running: ['***', 'tasks', 'run', 'etl_with_cleaning_transfer', 'clean_and_transfer_csv_files.clean_and_transfer_zoning', 'manual__2024-09-29T14:59:25.230087+00:00', '--job-id', '2712', '--raw', '--subdir', 'DAGS_FOLDER/etl.py', '--cfg-path', '/tmp/tmptehk6d_w']
[2024-09-29T14:59:31.881+0000] {standard_task_runner.py:91} INFO - Job 2712: Subtask clean_and_transfer_csv_files.clean_and_transfer_zoning
[2024-09-29T14:59:31.883+0000] {standard_task_runner.py:63} INFO - Started process 40486 to run task
[2024-09-29T14:59:32.017+0000] {task_command.py:426} INFO - Running <TaskInstance: etl_with_cleaning_transfer.clean_and_transfer_csv_files.clean_and_transfer_zoning manual__2024-09-29T14:59:25.230087+00:00 [running]> on host 71321b93f95e
[2024-09-29T14:59:32.248+0000] {taskinstance.py:2644} INFO - Exporting env vars: AIRFLOW_CTX_DAG_OWNER='***' AIRFLOW_CTX_DAG_ID='etl_with_cleaning_transfer' AIRFLOW_CTX_TASK_ID='clean_and_transfer_csv_files.clean_and_transfer_zoning' AIRFLOW_CTX_EXECUTION_DATE='2024-09-29T14:59:25.230087+00:00' AIRFLOW_CTX_TRY_NUMBER='1' AIRFLOW_CTX_DAG_RUN_ID='manual__2024-09-29T14:59:25.230087+00:00'
[2024-09-29T14:59:32.253+0000] {taskinstance.py:430} INFO - ::endgroup::
[2024-09-29T14:59:32.273+0000] {connection.py:274} WARNING - Connection schemes (type: google_cloud_platform) shall not contain '_' according to RFC3986.
[2024-09-29T14:59:32.284+0000] {base.py:84} INFO - Using connection ID 'my-gcp-conn' for task execution.
[2024-09-29T14:59:32.692+0000] {gcs.py:344} INFO - File downloaded to /tmp/zoning.csv
[2024-09-29T14:59:34.021+0000] {gcs.py:557} INFO - File /tmp/cleaned_zoning.csv uploaded to zoning.csv in storage-madt-finalproject bucket
[2024-09-29T14:59:34.021+0000] {python.py:237} INFO - Done. Returned value was: None
[2024-09-29T14:59:34.021+0000] {taskinstance.py:441} INFO - ::group::Post task execution logs
[2024-09-29T14:59:34.031+0000] {taskinstance.py:1205} INFO - Marking task as SUCCESS. dag_id=etl_with_cleaning_transfer, task_id=clean_and_transfer_csv_files.clean_and_transfer_zoning, execution_date=20240929T145925, start_date=20240929T145931, end_date=20240929T145934
[2024-09-29T14:59:34.078+0000] {local_task_job_runner.py:240} INFO - Task exited with return code 0
[2024-09-29T14:59:34.103+0000] {taskinstance.py:3482} INFO - 0 downstream tasks scheduled from follow-on schedule check
[2024-09-29T14:59:34.116+0000] {local_task_job_runner.py:222} INFO - ::endgroup::
