[2024-09-29T14:25:43.382+0000] {local_task_job_runner.py:120} INFO - ::group::Pre task execution logs
[2024-09-29T14:25:43.509+0000] {taskinstance.py:2073} INFO - Dependencies all met for dep_context=non-requeueable deps ti=<TaskInstance: etl.gcs_to_bq_customer scheduled__2024-08-02T00:00:00+00:00 [queued]>
[2024-09-29T14:25:43.562+0000] {taskinstance.py:2073} INFO - Dependencies all met for dep_context=requeueable deps ti=<TaskInstance: etl.gcs_to_bq_customer scheduled__2024-08-02T00:00:00+00:00 [queued]>
[2024-09-29T14:25:43.563+0000] {taskinstance.py:2303} INFO - Starting attempt 1 of 1
[2024-09-29T14:25:43.647+0000] {taskinstance.py:2327} INFO - Executing <Task(GCSToBigQueryOperator): gcs_to_bq_customer> on 2024-08-02 00:00:00+00:00
[2024-09-29T14:25:43.709+0000] {standard_task_runner.py:90} INFO - Running: ['***', 'tasks', 'run', 'etl', 'gcs_to_bq_customer', 'scheduled__2024-08-02T00:00:00+00:00', '--job-id', '1688', '--raw', '--subdir', 'DAGS_FOLDER/etl.py', '--cfg-path', '/tmp/tmpgcrzlqju']
[2024-09-29T14:25:43.712+0000] {standard_task_runner.py:91} INFO - Job 1688: Subtask gcs_to_bq_customer
[2024-09-29T14:25:43.708+0000] {logging_mixin.py:188} WARNING - /home/***/.local/lib/python3.12/site-packages/***/task/task_runner/standard_task_runner.py:61 DeprecationWarning: This process (pid=19630) is multi-threaded, use of fork() may lead to deadlocks in the child.
[2024-09-29T14:25:43.728+0000] {standard_task_runner.py:63} INFO - Started process 19754 to run task
[2024-09-29T14:25:43.922+0000] {task_command.py:426} INFO - Running <TaskInstance: etl.gcs_to_bq_customer scheduled__2024-08-02T00:00:00+00:00 [running]> on host 71321b93f95e
[2024-09-29T14:25:44.273+0000] {taskinstance.py:2644} INFO - Exporting env vars: AIRFLOW_CTX_DAG_OWNER='***' AIRFLOW_CTX_DAG_ID='etl' AIRFLOW_CTX_TASK_ID='gcs_to_bq_customer' AIRFLOW_CTX_EXECUTION_DATE='2024-08-02T00:00:00+00:00' AIRFLOW_CTX_TRY_NUMBER='1' AIRFLOW_CTX_DAG_RUN_ID='scheduled__2024-08-02T00:00:00+00:00'
[2024-09-29T14:25:44.279+0000] {taskinstance.py:430} INFO - ::endgroup::
[2024-09-29T14:25:44.316+0000] {connection.py:274} WARNING - Connection schemes (type: google_cloud_platform) shall not contain '_' according to RFC3986.
[2024-09-29T14:25:44.351+0000] {base.py:84} INFO - Using connection ID 'my-gcp-conn' for task execution.
[2024-09-29T14:25:44.352+0000] {gcs_to_bigquery.py:379} INFO - Using existing BigQuery table for storing data...
[2024-09-29T14:25:44.647+0000] {gcs_to_bigquery.py:383} INFO - Executing: {'load': {'autodetect': True, 'createDisposition': 'CREATE_IF_NEEDED', 'destinationTable': {'projectId': 'madt-finalproject', 'datasetId': 'finalproject_data', 'tableId': 'customer'}, 'sourceFormat': 'CSV', 'sourceUris': ['gs://storage-madt-finalproject/customer.csv'], 'writeDisposition': 'WRITE_TRUNCATE', 'ignoreUnknownValues': False, 'skipLeadingRows': None, 'fieldDelimiter': ',', 'quote': None, 'allowQuotedNewlines': False, 'encoding': 'UTF-8'}}
[2024-09-29T14:25:44.648+0000] {bigquery.py:1613} INFO - Inserting job ***_etl_gcs_to_bq_customer_2024_08_02T00_00_00_00_00_cc99b98b549e4b0a13922ae75dfdf21d
[2024-09-29T14:25:47.280+0000] {taskinstance.py:441} INFO - ::group::Post task execution logs
[2024-09-29T14:25:47.324+0000] {taskinstance.py:1205} INFO - Marking task as SUCCESS. dag_id=etl, task_id=gcs_to_bq_customer, execution_date=20240802T000000, start_date=20240929T142543, end_date=20240929T142547
[2024-09-29T14:25:47.444+0000] {local_task_job_runner.py:240} INFO - Task exited with return code 0
[2024-09-29T14:25:48.045+0000] {taskinstance.py:3482} INFO - 0 downstream tasks scheduled from follow-on schedule check
[2024-09-29T14:25:48.068+0000] {local_task_job_runner.py:222} INFO - ::endgroup::
