[2024-10-07T14:27:46.939+0000] {local_task_job_runner.py:120} INFO - ::group::Pre task execution logs
[2024-10-07T14:27:46.979+0000] {taskinstance.py:2073} INFO - Dependencies all met for dep_context=non-requeueable deps ti=<TaskInstance: etl_with_cleaning_transfer.gcs_to_bigquery.gcs_to_bq_store manual__2024-10-07T14:27:29.441108+00:00 [queued]>
[2024-10-07T14:27:46.997+0000] {taskinstance.py:2073} INFO - Dependencies all met for dep_context=requeueable deps ti=<TaskInstance: etl_with_cleaning_transfer.gcs_to_bigquery.gcs_to_bq_store manual__2024-10-07T14:27:29.441108+00:00 [queued]>
[2024-10-07T14:27:46.998+0000] {taskinstance.py:2303} INFO - Starting attempt 1 of 4
[2024-10-07T14:27:47.048+0000] {taskinstance.py:2327} INFO - Executing <Task(GCSToBigQueryOperator): gcs_to_bigquery.gcs_to_bq_store> on 2024-10-07 14:27:29.441108+00:00
[2024-10-07T14:27:47.069+0000] {logging_mixin.py:188} WARNING - /home/***/.local/lib/python3.12/site-packages/***/task/task_runner/standard_task_runner.py:61 DeprecationWarning: This process (pid=6403) is multi-threaded, use of fork() may lead to deadlocks in the child.
[2024-10-07T14:27:47.071+0000] {standard_task_runner.py:63} INFO - Started process 6418 to run task
[2024-10-07T14:27:47.078+0000] {standard_task_runner.py:90} INFO - Running: ['***', 'tasks', 'run', 'etl_with_cleaning_transfer', 'gcs_to_bigquery.gcs_to_bq_store', 'manual__2024-10-07T14:27:29.441108+00:00', '--job-id', '3281', '--raw', '--subdir', 'DAGS_FOLDER/etl.py', '--cfg-path', '/tmp/tmpjq5jv5xi']
[2024-10-07T14:27:47.079+0000] {standard_task_runner.py:91} INFO - Job 3281: Subtask gcs_to_bigquery.gcs_to_bq_store
[2024-10-07T14:27:47.182+0000] {task_command.py:426} INFO - Running <TaskInstance: etl_with_cleaning_transfer.gcs_to_bigquery.gcs_to_bq_store manual__2024-10-07T14:27:29.441108+00:00 [running]> on host 71321b93f95e
[2024-10-07T14:27:47.336+0000] {taskinstance.py:2644} INFO - Exporting env vars: AIRFLOW_CTX_DAG_OWNER='***' AIRFLOW_CTX_DAG_ID='etl_with_cleaning_transfer' AIRFLOW_CTX_TASK_ID='gcs_to_bigquery.gcs_to_bq_store' AIRFLOW_CTX_EXECUTION_DATE='2024-10-07T14:27:29.441108+00:00' AIRFLOW_CTX_TRY_NUMBER='1' AIRFLOW_CTX_DAG_RUN_ID='manual__2024-10-07T14:27:29.441108+00:00'
[2024-10-07T14:27:47.338+0000] {taskinstance.py:430} INFO - ::endgroup::
[2024-10-07T14:27:47.353+0000] {connection.py:274} WARNING - Connection schemes (type: google_cloud_platform) shall not contain '_' according to RFC3986.
[2024-10-07T14:27:47.361+0000] {base.py:84} INFO - Using connection ID 'my-gcp-conn' for task execution.
[2024-10-07T14:27:47.362+0000] {gcs_to_bigquery.py:379} INFO - Using existing BigQuery table for storing data...
[2024-10-07T14:27:47.430+0000] {gcs_to_bigquery.py:383} INFO - Executing: {'load': {'autodetect': True, 'createDisposition': 'CREATE_IF_NEEDED', 'destinationTable': {'projectId': 'madt-finalproject', 'datasetId': 'finalproject_data', 'tableId': 'store'}, 'sourceFormat': 'CSV', 'sourceUris': ['gs://storage-madt-finalproject/store.csv'], 'writeDisposition': 'WRITE_TRUNCATE', 'ignoreUnknownValues': True, 'skipLeadingRows': 1, 'fieldDelimiter': ',', 'quote': None, 'allowQuotedNewlines': False, 'encoding': 'UTF-8'}}
[2024-10-07T14:27:47.431+0000] {bigquery.py:1613} INFO - Inserting job ***_etl_with_cleaning_transfer_gcs_to_bigquery_gcs_to_bq_store_2024_10_07T14_27_29_441108_00_00_4eea6a0654528aeaa8af518d740bd0f1
[2024-10-07T14:27:54.963+0000] {taskinstance.py:441} INFO - ::group::Post task execution logs
[2024-10-07T14:27:54.971+0000] {taskinstance.py:1205} INFO - Marking task as SUCCESS. dag_id=etl_with_cleaning_transfer, task_id=gcs_to_bigquery.gcs_to_bq_store, execution_date=20241007T142729, start_date=20241007T142746, end_date=20241007T142754
[2024-10-07T14:27:55.022+0000] {local_task_job_runner.py:240} INFO - Task exited with return code 0
[2024-10-07T14:27:55.052+0000] {taskinstance.py:3482} INFO - 0 downstream tasks scheduled from follow-on schedule check
[2024-10-07T14:27:55.084+0000] {local_task_job_runner.py:222} INFO - ::endgroup::
