[2024-11-05T16:46:20.340+0000] {local_task_job_runner.py:120} INFO - ::group::Pre task execution logs
[2024-11-05T16:46:20.375+0000] {taskinstance.py:2073} INFO - Dependencies all met for dep_context=non-requeueable deps ti=<TaskInstance: etl_data_pipeline_v2.gcs_to_bigquery.gcs_to_bq_province manual__2024-11-05T16:46:02.792522+00:00 [queued]>
[2024-11-05T16:46:20.384+0000] {taskinstance.py:2073} INFO - Dependencies all met for dep_context=requeueable deps ti=<TaskInstance: etl_data_pipeline_v2.gcs_to_bigquery.gcs_to_bq_province manual__2024-11-05T16:46:02.792522+00:00 [queued]>
[2024-11-05T16:46:20.384+0000] {taskinstance.py:2303} INFO - Starting attempt 1 of 4
[2024-11-05T16:46:20.404+0000] {taskinstance.py:2327} INFO - Executing <Task(GCSToBigQueryOperator): gcs_to_bigquery.gcs_to_bq_province> on 2024-11-05 16:46:02.792522+00:00
[2024-11-05T16:46:20.416+0000] {logging_mixin.py:188} WARNING - /home/***/.local/lib/python3.12/site-packages/***/task/task_runner/standard_task_runner.py:61 DeprecationWarning: This process (pid=41355) is multi-threaded, use of fork() may lead to deadlocks in the child.
[2024-11-05T16:46:20.417+0000] {standard_task_runner.py:63} INFO - Started process 41384 to run task
[2024-11-05T16:46:20.436+0000] {standard_task_runner.py:90} INFO - Running: ['***', 'tasks', 'run', 'etl_data_pipeline_v2', 'gcs_to_bigquery.gcs_to_bq_province', 'manual__2024-11-05T16:46:02.792522+00:00', '--job-id', '3625', '--raw', '--subdir', 'DAGS_FOLDER/etl2.py', '--cfg-path', '/tmp/tmpsvx4uapw']
[2024-11-05T16:46:20.437+0000] {standard_task_runner.py:91} INFO - Job 3625: Subtask gcs_to_bigquery.gcs_to_bq_province
[2024-11-05T16:46:20.541+0000] {task_command.py:426} INFO - Running <TaskInstance: etl_data_pipeline_v2.gcs_to_bigquery.gcs_to_bq_province manual__2024-11-05T16:46:02.792522+00:00 [running]> on host 71321b93f95e
[2024-11-05T16:46:20.797+0000] {taskinstance.py:2644} INFO - Exporting env vars: AIRFLOW_CTX_DAG_OWNER='***' AIRFLOW_CTX_DAG_ID='etl_data_pipeline_v2' AIRFLOW_CTX_TASK_ID='gcs_to_bigquery.gcs_to_bq_province' AIRFLOW_CTX_EXECUTION_DATE='2024-11-05T16:46:02.792522+00:00' AIRFLOW_CTX_TRY_NUMBER='1' AIRFLOW_CTX_DAG_RUN_ID='manual__2024-11-05T16:46:02.792522+00:00'
[2024-11-05T16:46:20.798+0000] {taskinstance.py:430} INFO - ::endgroup::
[2024-11-05T16:46:20.815+0000] {connection.py:274} WARNING - Connection schemes (type: google_cloud_platform) shall not contain '_' according to RFC3986.
[2024-11-05T16:46:20.821+0000] {base.py:84} INFO - Using connection ID 'my-gcp-conn' for task execution.
[2024-11-05T16:46:20.831+0000] {gcs_to_bigquery.py:379} INFO - Using existing BigQuery table for storing data...
[2024-11-05T16:46:20.910+0000] {gcs_to_bigquery.py:383} INFO - Executing: {'load': {'autodetect': True, 'createDisposition': 'CREATE_IF_NEEDED', 'destinationTable': {'projectId': 'madt-finalproject', 'datasetId': 'finalproject_data', 'tableId': 'province'}, 'sourceFormat': 'CSV', 'sourceUris': ['gs://storage-madt-finalproject/province.csv'], 'writeDisposition': 'WRITE_TRUNCATE', 'ignoreUnknownValues': True, 'schema': {'fields': [{'name': 'provinceId', 'type': 'STRING'}, {'name': 'province_name', 'type': 'STRING'}, {'name': 'regionId', 'type': 'STRING'}, {'name': 'province_name_eng', 'type': 'STRING'}, {'name': 'zoneId', 'type': 'STRING'}]}, 'skipLeadingRows': 1, 'fieldDelimiter': ',', 'quote': None, 'allowQuotedNewlines': False, 'encoding': 'UTF-8'}}
[2024-11-05T16:46:20.911+0000] {bigquery.py:1613} INFO - Inserting job ***_etl_data_pipeline_v2_gcs_to_bigquery_gcs_to_bq_province_2024_11_05T16_46_02_792522_00_00_ddcfca75eea345e9616b194baf56db32
[2024-11-05T16:46:23.987+0000] {taskinstance.py:441} INFO - ::group::Post task execution logs
[2024-11-05T16:46:23.993+0000] {taskinstance.py:1205} INFO - Marking task as SUCCESS. dag_id=etl_data_pipeline_v2, task_id=gcs_to_bigquery.gcs_to_bq_province, execution_date=20241105T164602, start_date=20241105T164620, end_date=20241105T164623
[2024-11-05T16:46:24.050+0000] {local_task_job_runner.py:240} INFO - Task exited with return code 0
[2024-11-05T16:46:24.068+0000] {taskinstance.py:3482} INFO - 0 downstream tasks scheduled from follow-on schedule check
[2024-11-05T16:46:24.074+0000] {local_task_job_runner.py:222} INFO - ::endgroup::
