[2024-09-29T15:30:58.934+0000] {local_task_job_runner.py:120} INFO - ::group::Pre task execution logs
[2024-09-29T15:30:59.029+0000] {taskinstance.py:2073} INFO - Dependencies all met for dep_context=non-requeueable deps ti=<TaskInstance: etl_with_cleaning_transfer.clean_and_transfer_csv_files.clean_and_transfer_reorder manual__2024-09-29T15:30:53.499198+00:00 [queued]>
[2024-09-29T15:30:59.074+0000] {taskinstance.py:2073} INFO - Dependencies all met for dep_context=requeueable deps ti=<TaskInstance: etl_with_cleaning_transfer.clean_and_transfer_csv_files.clean_and_transfer_reorder manual__2024-09-29T15:30:53.499198+00:00 [queued]>
[2024-09-29T15:30:59.075+0000] {taskinstance.py:2303} INFO - Starting attempt 1 of 1
[2024-09-29T15:30:59.155+0000] {taskinstance.py:2327} INFO - Executing <Task(PythonOperator): clean_and_transfer_csv_files.clean_and_transfer_reorder> on 2024-09-29 15:30:53.499198+00:00
[2024-09-29T15:30:59.202+0000] {standard_task_runner.py:90} INFO - Running: ['***', 'tasks', 'run', 'etl_with_cleaning_transfer', 'clean_and_transfer_csv_files.clean_and_transfer_reorder', 'manual__2024-09-29T15:30:53.499198+00:00', '--job-id', '2752', '--raw', '--subdir', 'DAGS_FOLDER/etl.py', '--cfg-path', '/tmp/tmpdxkar2yy']
[2024-09-29T15:30:59.206+0000] {standard_task_runner.py:91} INFO - Job 2752: Subtask clean_and_transfer_csv_files.clean_and_transfer_reorder
[2024-09-29T15:30:59.198+0000] {logging_mixin.py:188} WARNING - /home/***/.local/lib/python3.12/site-packages/***/task/task_runner/standard_task_runner.py:61 DeprecationWarning: This process (pid=57020) is multi-threaded, use of fork() may lead to deadlocks in the child.
[2024-09-29T15:30:59.209+0000] {standard_task_runner.py:63} INFO - Started process 57091 to run task
[2024-09-29T15:30:59.352+0000] {task_command.py:426} INFO - Running <TaskInstance: etl_with_cleaning_transfer.clean_and_transfer_csv_files.clean_and_transfer_reorder manual__2024-09-29T15:30:53.499198+00:00 [running]> on host 71321b93f95e
[2024-09-29T15:30:59.632+0000] {taskinstance.py:2644} INFO - Exporting env vars: AIRFLOW_CTX_DAG_OWNER='***' AIRFLOW_CTX_DAG_ID='etl_with_cleaning_transfer' AIRFLOW_CTX_TASK_ID='clean_and_transfer_csv_files.clean_and_transfer_reorder' AIRFLOW_CTX_EXECUTION_DATE='2024-09-29T15:30:53.499198+00:00' AIRFLOW_CTX_TRY_NUMBER='1' AIRFLOW_CTX_DAG_RUN_ID='manual__2024-09-29T15:30:53.499198+00:00'
[2024-09-29T15:30:59.634+0000] {taskinstance.py:430} INFO - ::endgroup::
[2024-09-29T15:30:59.656+0000] {connection.py:274} WARNING - Connection schemes (type: google_cloud_platform) shall not contain '_' according to RFC3986.
[2024-09-29T15:30:59.704+0000] {base.py:84} INFO - Using connection ID 'my-gcp-conn' for task execution.
[2024-09-29T15:31:00.251+0000] {gcs.py:344} INFO - File downloaded to /tmp/reorder.csv
[2024-09-29T15:31:01.707+0000] {gcs.py:557} INFO - File /tmp/cleaned_reorder.csv uploaded to reorder.csv in storage-madt-finalproject bucket
[2024-09-29T15:31:01.708+0000] {python.py:237} INFO - Done. Returned value was: None
[2024-09-29T15:31:01.708+0000] {taskinstance.py:441} INFO - ::group::Post task execution logs
[2024-09-29T15:31:01.717+0000] {taskinstance.py:1205} INFO - Marking task as SUCCESS. dag_id=etl_with_cleaning_transfer, task_id=clean_and_transfer_csv_files.clean_and_transfer_reorder, execution_date=20240929T153053, start_date=20240929T153059, end_date=20240929T153101
[2024-09-29T15:31:01.772+0000] {local_task_job_runner.py:240} INFO - Task exited with return code 0
[2024-09-29T15:31:01.797+0000] {taskinstance.py:3482} INFO - 0 downstream tasks scheduled from follow-on schedule check
[2024-09-29T15:31:01.804+0000] {local_task_job_runner.py:222} INFO - ::endgroup::
