[2024-09-29T09:11:42.090+0000] {local_task_job_runner.py:120} INFO - ::group::Pre task execution logs
[2024-09-29T09:11:42.156+0000] {taskinstance.py:2073} INFO - Dependencies all met for dep_context=non-requeueable deps ti=<TaskInstance: etl.gcs_to_bq_invoice_trans scheduled__2024-06-02T00:00:00+00:00 [queued]>
[2024-09-29T09:11:42.207+0000] {taskinstance.py:2073} INFO - Dependencies all met for dep_context=requeueable deps ti=<TaskInstance: etl.gcs_to_bq_invoice_trans scheduled__2024-06-02T00:00:00+00:00 [queued]>
[2024-09-29T09:11:42.207+0000] {taskinstance.py:2303} INFO - Starting attempt 1 of 1
[2024-09-29T09:11:42.628+0000] {taskinstance.py:2327} INFO - Executing <Task(GCSToBigQueryOperator): gcs_to_bq_invoice_trans> on 2024-06-02 00:00:00+00:00
[2024-09-29T09:11:42.675+0000] {standard_task_runner.py:90} INFO - Running: ['***', 'tasks', 'run', 'etl', 'gcs_to_bq_invoice_trans', 'scheduled__2024-06-02T00:00:00+00:00', '--job-id', '515', '--raw', '--subdir', 'DAGS_FOLDER/etl.py', '--cfg-path', '/tmp/tmp4wf9tcyh']
[2024-09-29T09:11:42.679+0000] {standard_task_runner.py:91} INFO - Job 515: Subtask gcs_to_bq_invoice_trans
[2024-09-29T09:11:42.676+0000] {logging_mixin.py:188} WARNING - /home/***/.local/lib/python3.12/site-packages/***/task/task_runner/standard_task_runner.py:61 DeprecationWarning: This process (pid=32620) is multi-threaded, use of fork() may lead to deadlocks in the child.
[2024-09-29T09:11:42.682+0000] {standard_task_runner.py:63} INFO - Started process 32735 to run task
[2024-09-29T09:11:42.804+0000] {task_command.py:426} INFO - Running <TaskInstance: etl.gcs_to_bq_invoice_trans scheduled__2024-06-02T00:00:00+00:00 [running]> on host 71321b93f95e
[2024-09-29T09:11:43.091+0000] {taskinstance.py:2644} INFO - Exporting env vars: AIRFLOW_CTX_DAG_OWNER='***' AIRFLOW_CTX_DAG_ID='etl' AIRFLOW_CTX_TASK_ID='gcs_to_bq_invoice_trans' AIRFLOW_CTX_EXECUTION_DATE='2024-06-02T00:00:00+00:00' AIRFLOW_CTX_TRY_NUMBER='1' AIRFLOW_CTX_DAG_RUN_ID='scheduled__2024-06-02T00:00:00+00:00'
[2024-09-29T09:11:43.092+0000] {taskinstance.py:430} INFO - ::endgroup::
[2024-09-29T09:11:43.131+0000] {connection.py:274} WARNING - Connection schemes (type: google_cloud_platform) shall not contain '_' according to RFC3986.
[2024-09-29T09:11:43.159+0000] {base.py:84} INFO - Using connection ID 'my_gcp_conn' for task execution.
[2024-09-29T09:11:43.167+0000] {gcs_to_bigquery.py:379} INFO - Using existing BigQuery table for storing data...
[2024-09-29T09:11:43.470+0000] {bigquery.py:2328} INFO - Project is not included in destination_project_dataset_table: finalproject_data.invoice_trans; using project "madt-finalproject"
[2024-09-29T09:11:43.471+0000] {gcs_to_bigquery.py:383} INFO - Executing: {'load': {'autodetect': True, 'createDisposition': 'CREATE_IF_NEEDED', 'destinationTable': {'projectId': 'madt-finalproject', 'datasetId': 'finalproject_data', 'tableId': 'invoice_trans'}, 'sourceFormat': 'CSV', 'sourceUris': ['gs://storage-madt-finalproject/invoice_trans.csv'], 'writeDisposition': 'WRITE_TRUNCATE', 'ignoreUnknownValues': False, 'skipLeadingRows': None, 'fieldDelimiter': ',', 'quote': None, 'allowQuotedNewlines': False, 'encoding': 'UTF-8'}}
[2024-09-29T09:11:43.480+0000] {bigquery.py:1613} INFO - Inserting job ***_etl_gcs_to_bq_invoice_trans_2024_06_02T00_00_00_00_00_f6bce59e8ee869f42cd1c52796d4e9f6
[2024-09-29T09:11:46.983+0000] {taskinstance.py:441} INFO - ::group::Post task execution logs
[2024-09-29T09:11:47.011+0000] {taskinstance.py:1205} INFO - Marking task as SUCCESS. dag_id=etl, task_id=gcs_to_bq_invoice_trans, execution_date=20240602T000000, start_date=20240929T091142, end_date=20240929T091147
[2024-09-29T09:11:47.124+0000] {local_task_job_runner.py:240} INFO - Task exited with return code 0
[2024-09-29T09:11:47.171+0000] {taskinstance.py:3482} INFO - 0 downstream tasks scheduled from follow-on schedule check
[2024-09-29T09:11:47.184+0000] {local_task_job_runner.py:222} INFO - ::endgroup::
