[2024-09-30T16:36:34.384+0000] {local_task_job_runner.py:120} INFO - ::group::Pre task execution logs
[2024-09-30T16:36:34.426+0000] {taskinstance.py:2073} INFO - Dependencies all met for dep_context=non-requeueable deps ti=<TaskInstance: etl_with_cleaning_transfer.gcs_to_bigquery.gcs_to_bq_customer manual__2024-09-30T16:36:15.883105+00:00 [queued]>
[2024-09-30T16:36:34.459+0000] {taskinstance.py:2073} INFO - Dependencies all met for dep_context=requeueable deps ti=<TaskInstance: etl_with_cleaning_transfer.gcs_to_bigquery.gcs_to_bq_customer manual__2024-09-30T16:36:15.883105+00:00 [queued]>
[2024-09-30T16:36:34.460+0000] {taskinstance.py:2303} INFO - Starting attempt 1 of 4
[2024-09-30T16:36:34.503+0000] {taskinstance.py:2327} INFO - Executing <Task(GCSToBigQueryOperator): gcs_to_bigquery.gcs_to_bq_customer> on 2024-09-30 16:36:15.883105+00:00
[2024-09-30T16:36:34.535+0000] {standard_task_runner.py:90} INFO - Running: ['***', 'tasks', 'run', 'etl_with_cleaning_transfer', 'gcs_to_bigquery.gcs_to_bq_customer', 'manual__2024-09-30T16:36:15.883105+00:00', '--job-id', '2817', '--raw', '--subdir', 'DAGS_FOLDER/etl.py', '--cfg-path', '/tmp/tmplsn6jrpx']
[2024-09-30T16:36:34.546+0000] {standard_task_runner.py:91} INFO - Job 2817: Subtask gcs_to_bigquery.gcs_to_bq_customer
[2024-09-30T16:36:34.552+0000] {logging_mixin.py:188} WARNING - /home/***/.local/lib/python3.12/site-packages/***/task/task_runner/standard_task_runner.py:61 DeprecationWarning: This process (pid=1535) is multi-threaded, use of fork() may lead to deadlocks in the child.
[2024-09-30T16:36:34.559+0000] {standard_task_runner.py:63} INFO - Started process 1644 to run task
[2024-09-30T16:36:34.634+0000] {task_command.py:426} INFO - Running <TaskInstance: etl_with_cleaning_transfer.gcs_to_bigquery.gcs_to_bq_customer manual__2024-09-30T16:36:15.883105+00:00 [running]> on host 71321b93f95e
[2024-09-30T16:36:34.870+0000] {taskinstance.py:2644} INFO - Exporting env vars: AIRFLOW_CTX_DAG_OWNER='***' AIRFLOW_CTX_DAG_ID='etl_with_cleaning_transfer' AIRFLOW_CTX_TASK_ID='gcs_to_bigquery.gcs_to_bq_customer' AIRFLOW_CTX_EXECUTION_DATE='2024-09-30T16:36:15.883105+00:00' AIRFLOW_CTX_TRY_NUMBER='1' AIRFLOW_CTX_DAG_RUN_ID='manual__2024-09-30T16:36:15.883105+00:00'
[2024-09-30T16:36:34.871+0000] {taskinstance.py:430} INFO - ::endgroup::
[2024-09-30T16:36:34.884+0000] {connection.py:274} WARNING - Connection schemes (type: google_cloud_platform) shall not contain '_' according to RFC3986.
[2024-09-30T16:36:34.890+0000] {base.py:84} INFO - Using connection ID 'my-gcp-conn' for task execution.
[2024-09-30T16:36:34.892+0000] {gcs_to_bigquery.py:379} INFO - Using existing BigQuery table for storing data...
[2024-09-30T16:36:34.956+0000] {gcs_to_bigquery.py:383} INFO - Executing: {'load': {'autodetect': True, 'createDisposition': 'CREATE_IF_NEEDED', 'destinationTable': {'projectId': 'madt-finalproject', 'datasetId': 'finalproject_data', 'tableId': 'customer'}, 'sourceFormat': 'CSV', 'sourceUris': ['gs://storage-madt-finalproject/customer.csv'], 'writeDisposition': 'WRITE_TRUNCATE', 'ignoreUnknownValues': False, 'skipLeadingRows': 1, 'fieldDelimiter': ',', 'quote': None, 'allowQuotedNewlines': False, 'encoding': 'UTF-8'}}
[2024-09-30T16:36:34.957+0000] {bigquery.py:1613} INFO - Inserting job ***_etl_with_cleaning_transfer_gcs_to_bigquery_gcs_to_bq_customer_2024_09_30T16_36_15_883105_00_00_a9e80f84e07b32aa83c78307a5051707
[2024-09-30T16:37:32.688+0000] {taskinstance.py:441} INFO - ::group::Post task execution logs
[2024-09-30T16:37:32.696+0000] {taskinstance.py:1205} INFO - Marking task as SUCCESS. dag_id=etl_with_cleaning_transfer, task_id=gcs_to_bigquery.gcs_to_bq_customer, execution_date=20240930T163615, start_date=20240930T163634, end_date=20240930T163732
[2024-09-30T16:37:32.764+0000] {local_task_job_runner.py:240} INFO - Task exited with return code 0
[2024-09-30T16:37:32.778+0000] {taskinstance.py:3482} INFO - 0 downstream tasks scheduled from follow-on schedule check
[2024-09-30T16:37:32.787+0000] {local_task_job_runner.py:222} INFO - ::endgroup::
