[2024-10-01T18:34:29.186+0000] {local_task_job_runner.py:120} INFO - ::group::Pre task execution logs
[2024-10-01T18:34:29.224+0000] {taskinstance.py:2073} INFO - Dependencies all met for dep_context=non-requeueable deps ti=<TaskInstance: etl_with_cleaning_transfer.gcs_to_bigquery.gcs_to_bq_store manual__2024-10-01T18:34:13.082504+00:00 [queued]>
[2024-10-01T18:34:29.250+0000] {taskinstance.py:2073} INFO - Dependencies all met for dep_context=requeueable deps ti=<TaskInstance: etl_with_cleaning_transfer.gcs_to_bigquery.gcs_to_bq_store manual__2024-10-01T18:34:13.082504+00:00 [queued]>
[2024-10-01T18:34:29.251+0000] {taskinstance.py:2303} INFO - Starting attempt 1 of 4
[2024-10-01T18:34:29.340+0000] {taskinstance.py:2327} INFO - Executing <Task(GCSToBigQueryOperator): gcs_to_bigquery.gcs_to_bq_store> on 2024-10-01 18:34:13.082504+00:00
[2024-10-01T18:34:29.393+0000] {logging_mixin.py:188} WARNING - /home/***/.local/lib/python3.12/site-packages/***/task/task_runner/standard_task_runner.py:61 DeprecationWarning: This process (pid=27219) is multi-threaded, use of fork() may lead to deadlocks in the child.
[2024-10-01T18:34:29.400+0000] {standard_task_runner.py:90} INFO - Running: ['***', 'tasks', 'run', 'etl_with_cleaning_transfer', 'gcs_to_bigquery.gcs_to_bq_store', 'manual__2024-10-01T18:34:13.082504+00:00', '--job-id', '2955', '--raw', '--subdir', 'DAGS_FOLDER/etl.py', '--cfg-path', '/tmp/tmpuop3ax45']
[2024-10-01T18:34:29.402+0000] {standard_task_runner.py:91} INFO - Job 2955: Subtask gcs_to_bigquery.gcs_to_bq_store
[2024-10-01T18:34:29.406+0000] {standard_task_runner.py:63} INFO - Started process 27284 to run task
[2024-10-01T18:34:29.522+0000] {task_command.py:426} INFO - Running <TaskInstance: etl_with_cleaning_transfer.gcs_to_bigquery.gcs_to_bq_store manual__2024-10-01T18:34:13.082504+00:00 [running]> on host 71321b93f95e
[2024-10-01T18:34:29.846+0000] {taskinstance.py:2644} INFO - Exporting env vars: AIRFLOW_CTX_DAG_OWNER='***' AIRFLOW_CTX_DAG_ID='etl_with_cleaning_transfer' AIRFLOW_CTX_TASK_ID='gcs_to_bigquery.gcs_to_bq_store' AIRFLOW_CTX_EXECUTION_DATE='2024-10-01T18:34:13.082504+00:00' AIRFLOW_CTX_TRY_NUMBER='1' AIRFLOW_CTX_DAG_RUN_ID='manual__2024-10-01T18:34:13.082504+00:00'
[2024-10-01T18:34:29.850+0000] {taskinstance.py:430} INFO - ::endgroup::
[2024-10-01T18:34:29.868+0000] {connection.py:274} WARNING - Connection schemes (type: google_cloud_platform) shall not contain '_' according to RFC3986.
[2024-10-01T18:34:29.882+0000] {base.py:84} INFO - Using connection ID 'my-gcp-conn' for task execution.
[2024-10-01T18:34:29.884+0000] {gcs_to_bigquery.py:379} INFO - Using existing BigQuery table for storing data...
[2024-10-01T18:34:30.079+0000] {gcs_to_bigquery.py:383} INFO - Executing: {'load': {'autodetect': True, 'createDisposition': 'CREATE_IF_NEEDED', 'destinationTable': {'projectId': 'madt-finalproject', 'datasetId': 'finalproject_data', 'tableId': 'store'}, 'sourceFormat': 'CSV', 'sourceUris': ['gs://storage-madt-finalproject/cleaned_store.csv'], 'writeDisposition': 'WRITE_TRUNCATE', 'ignoreUnknownValues': True, 'maxBadRecords': 10, 'skipLeadingRows': 1, 'fieldDelimiter': ',', 'quote': None, 'allowQuotedNewlines': False, 'encoding': 'UTF-8'}}
[2024-10-01T18:34:30.081+0000] {bigquery.py:1613} INFO - Inserting job ***_etl_with_cleaning_transfer_gcs_to_bigquery_gcs_to_bq_store_2024_10_01T18_34_13_082504_00_00_8a147577bbbb04faf215222612e5ccdb
[2024-10-01T18:34:33.029+0000] {taskinstance.py:441} INFO - ::group::Post task execution logs
[2024-10-01T18:34:33.037+0000] {taskinstance.py:1205} INFO - Marking task as SUCCESS. dag_id=etl_with_cleaning_transfer, task_id=gcs_to_bigquery.gcs_to_bq_store, execution_date=20241001T183413, start_date=20241001T183429, end_date=20241001T183433
[2024-10-01T18:34:33.090+0000] {local_task_job_runner.py:240} INFO - Task exited with return code 0
[2024-10-01T18:34:33.110+0000] {taskinstance.py:3482} INFO - 0 downstream tasks scheduled from follow-on schedule check
[2024-10-01T18:34:33.122+0000] {local_task_job_runner.py:222} INFO - ::endgroup::
