[2024-09-29T14:30:23.350+0000] {local_task_job_runner.py:120} INFO - ::group::Pre task execution logs
[2024-09-29T14:30:23.405+0000] {taskinstance.py:2073} INFO - Dependencies all met for dep_context=non-requeueable deps ti=<TaskInstance: etl.upload_file_store_to_warehouse scheduled__2024-09-03T00:00:00+00:00 [queued]>
[2024-09-29T14:30:23.420+0000] {taskinstance.py:2073} INFO - Dependencies all met for dep_context=requeueable deps ti=<TaskInstance: etl.upload_file_store_to_warehouse scheduled__2024-09-03T00:00:00+00:00 [queued]>
[2024-09-29T14:30:23.421+0000] {taskinstance.py:2303} INFO - Starting attempt 1 of 1
[2024-09-29T14:30:23.477+0000] {taskinstance.py:2327} INFO - Executing <Task(GCSToGCSOperator): upload_file_store_to_warehouse> on 2024-09-03 00:00:00+00:00
[2024-09-29T14:30:23.515+0000] {standard_task_runner.py:90} INFO - Running: ['***', 'tasks', 'run', 'etl', 'upload_file_store_to_warehouse', 'scheduled__2024-09-03T00:00:00+00:00', '--job-id', '2093', '--raw', '--subdir', 'DAGS_FOLDER/etl.py', '--cfg-path', '/tmp/tmplwlikh6v']
[2024-09-29T14:30:23.517+0000] {standard_task_runner.py:91} INFO - Job 2093: Subtask upload_file_store_to_warehouse
[2024-09-29T14:30:23.515+0000] {logging_mixin.py:188} WARNING - /home/***/.local/lib/python3.12/site-packages/***/task/task_runner/standard_task_runner.py:61 DeprecationWarning: This process (pid=23297) is multi-threaded, use of fork() may lead to deadlocks in the child.
[2024-09-29T14:30:23.524+0000] {standard_task_runner.py:63} INFO - Started process 23367 to run task
[2024-09-29T14:30:23.634+0000] {task_command.py:426} INFO - Running <TaskInstance: etl.upload_file_store_to_warehouse scheduled__2024-09-03T00:00:00+00:00 [running]> on host 71321b93f95e
[2024-09-29T14:30:23.977+0000] {taskinstance.py:2644} INFO - Exporting env vars: AIRFLOW_CTX_DAG_OWNER='***' AIRFLOW_CTX_DAG_ID='etl' AIRFLOW_CTX_TASK_ID='upload_file_store_to_warehouse' AIRFLOW_CTX_EXECUTION_DATE='2024-09-03T00:00:00+00:00' AIRFLOW_CTX_TRY_NUMBER='1' AIRFLOW_CTX_DAG_RUN_ID='scheduled__2024-09-03T00:00:00+00:00'
[2024-09-29T14:30:23.979+0000] {taskinstance.py:430} INFO - ::endgroup::
[2024-09-29T14:30:24.003+0000] {connection.py:274} WARNING - Connection schemes (type: google_cloud_platform) shall not contain '_' according to RFC3986.
[2024-09-29T14:30:24.025+0000] {base.py:84} INFO - Using connection ID 'my-gcp-conn' for task execution.
[2024-09-29T14:30:25.179+0000] {gcs_to_gcs.py:535} INFO - Executing copy of gs://rawdata-madt-finalproject/store.csv to gs://storage-madt-finalproject/store.csv
[2024-09-29T14:30:26.285+0000] {gcs.py:256} INFO - Total Bytes: 48 | Bytes Written: 48
[2024-09-29T14:30:26.291+0000] {gcs.py:264} INFO - Object store.csv in bucket rawdata-madt-finalproject rewritten to object store.csv in bucket storage-madt-finalproject
[2024-09-29T14:30:26.292+0000] {taskinstance.py:441} INFO - ::group::Post task execution logs
[2024-09-29T14:30:26.332+0000] {taskinstance.py:1205} INFO - Marking task as SUCCESS. dag_id=etl, task_id=upload_file_store_to_warehouse, execution_date=20240903T000000, start_date=20240929T143023, end_date=20240929T143026
[2024-09-29T14:30:26.491+0000] {local_task_job_runner.py:240} INFO - Task exited with return code 0
[2024-09-29T14:30:27.358+0000] {taskinstance.py:3482} INFO - 0 downstream tasks scheduled from follow-on schedule check
[2024-09-29T14:30:27.380+0000] {local_task_job_runner.py:222} INFO - ::endgroup::
