[2024-09-29T14:17:57.556+0000] {local_task_job_runner.py:120} INFO - ::group::Pre task execution logs
[2024-09-29T14:17:57.621+0000] {taskinstance.py:2073} INFO - Dependencies all met for dep_context=non-requeueable deps ti=<TaskInstance: etl.upload_file_product_to_warehouse scheduled__2024-07-08T00:00:00+00:00 [queued]>
[2024-09-29T14:17:57.659+0000] {taskinstance.py:2073} INFO - Dependencies all met for dep_context=requeueable deps ti=<TaskInstance: etl.upload_file_product_to_warehouse scheduled__2024-07-08T00:00:00+00:00 [queued]>
[2024-09-29T14:17:57.663+0000] {taskinstance.py:2303} INFO - Starting attempt 1 of 1
[2024-09-29T14:17:57.734+0000] {taskinstance.py:2327} INFO - Executing <Task(GCSToGCSOperator): upload_file_product_to_warehouse> on 2024-07-08 00:00:00+00:00
[2024-09-29T14:17:57.818+0000] {standard_task_runner.py:90} INFO - Running: ['***', 'tasks', 'run', 'etl', 'upload_file_product_to_warehouse', 'scheduled__2024-07-08T00:00:00+00:00', '--job-id', '1015', '--raw', '--subdir', 'DAGS_FOLDER/etl.py', '--cfg-path', '/tmp/tmpe0zmit5i']
[2024-09-29T14:17:57.820+0000] {standard_task_runner.py:91} INFO - Job 1015: Subtask upload_file_product_to_warehouse
[2024-09-29T14:17:57.807+0000] {logging_mixin.py:188} WARNING - /home/***/.local/lib/python3.12/site-packages/***/task/task_runner/standard_task_runner.py:61 DeprecationWarning: This process (pid=13618) is multi-threaded, use of fork() may lead to deadlocks in the child.
[2024-09-29T14:17:57.825+0000] {standard_task_runner.py:63} INFO - Started process 13728 to run task
[2024-09-29T14:17:57.957+0000] {task_command.py:426} INFO - Running <TaskInstance: etl.upload_file_product_to_warehouse scheduled__2024-07-08T00:00:00+00:00 [running]> on host 71321b93f95e
[2024-09-29T14:17:58.270+0000] {taskinstance.py:2644} INFO - Exporting env vars: AIRFLOW_CTX_DAG_OWNER='***' AIRFLOW_CTX_DAG_ID='etl' AIRFLOW_CTX_TASK_ID='upload_file_product_to_warehouse' AIRFLOW_CTX_EXECUTION_DATE='2024-07-08T00:00:00+00:00' AIRFLOW_CTX_TRY_NUMBER='1' AIRFLOW_CTX_DAG_RUN_ID='scheduled__2024-07-08T00:00:00+00:00'
[2024-09-29T14:17:58.271+0000] {taskinstance.py:430} INFO - ::endgroup::
[2024-09-29T14:17:58.312+0000] {connection.py:274} WARNING - Connection schemes (type: google_cloud_platform) shall not contain '_' according to RFC3986.
[2024-09-29T14:17:58.351+0000] {base.py:84} INFO - Using connection ID 'my-gcp-conn' for task execution.
[2024-09-29T14:17:59.350+0000] {gcs_to_gcs.py:535} INFO - Executing copy of gs://rawdata-madt-finalproject/product.csv to gs://storage-madt-finalproject/product.csv
[2024-09-29T14:18:00.624+0000] {gcs.py:256} INFO - Total Bytes: 327228 | Bytes Written: 327228
[2024-09-29T14:18:00.625+0000] {gcs.py:264} INFO - Object product.csv in bucket rawdata-madt-finalproject rewritten to object product.csv in bucket storage-madt-finalproject
[2024-09-29T14:18:00.625+0000] {taskinstance.py:441} INFO - ::group::Post task execution logs
[2024-09-29T14:18:00.679+0000] {taskinstance.py:1205} INFO - Marking task as SUCCESS. dag_id=etl, task_id=upload_file_product_to_warehouse, execution_date=20240708T000000, start_date=20240929T141757, end_date=20240929T141800
[2024-09-29T14:18:00.831+0000] {local_task_job_runner.py:240} INFO - Task exited with return code 0
[2024-09-29T14:18:00.884+0000] {taskinstance.py:3482} INFO - 0 downstream tasks scheduled from follow-on schedule check
[2024-09-29T14:18:00.900+0000] {local_task_job_runner.py:222} INFO - ::endgroup::
