[2024-11-06T15:58:18.341+0000] {local_task_job_runner.py:120} INFO - ::group::Pre task execution logs
[2024-11-06T15:58:18.380+0000] {taskinstance.py:2073} INFO - Dependencies all met for dep_context=non-requeueable deps ti=<TaskInstance: etl_data_pipeline_v2.gcs_to_bigquery.gcs_to_bq_reorder manual__2024-11-06T15:57:58.254100+00:00 [queued]>
[2024-11-06T15:58:18.408+0000] {taskinstance.py:2073} INFO - Dependencies all met for dep_context=requeueable deps ti=<TaskInstance: etl_data_pipeline_v2.gcs_to_bigquery.gcs_to_bq_reorder manual__2024-11-06T15:57:58.254100+00:00 [queued]>
[2024-11-06T15:58:18.409+0000] {taskinstance.py:2303} INFO - Starting attempt 1 of 4
[2024-11-06T15:58:18.453+0000] {taskinstance.py:2327} INFO - Executing <Task(GCSToBigQueryOperator): gcs_to_bigquery.gcs_to_bq_reorder> on 2024-11-06 15:57:58.254100+00:00
[2024-11-06T15:58:18.477+0000] {standard_task_runner.py:90} INFO - Running: ['***', 'tasks', 'run', 'etl_data_pipeline_v2', 'gcs_to_bigquery.gcs_to_bq_reorder', 'manual__2024-11-06T15:57:58.254100+00:00', '--job-id', '3736', '--raw', '--subdir', 'DAGS_FOLDER/etl2.py', '--cfg-path', '/tmp/tmpe0x7lcv8']
[2024-11-06T15:58:18.493+0000] {logging_mixin.py:188} WARNING - /home/***/.local/lib/python3.12/site-packages/***/task/task_runner/standard_task_runner.py:61 DeprecationWarning: This process (pid=6719) is multi-threaded, use of fork() may lead to deadlocks in the child.
[2024-11-06T15:58:18.496+0000] {standard_task_runner.py:63} INFO - Started process 6746 to run task
[2024-11-06T15:58:18.497+0000] {standard_task_runner.py:91} INFO - Job 3736: Subtask gcs_to_bigquery.gcs_to_bq_reorder
[2024-11-06T15:58:18.621+0000] {task_command.py:426} INFO - Running <TaskInstance: etl_data_pipeline_v2.gcs_to_bigquery.gcs_to_bq_reorder manual__2024-11-06T15:57:58.254100+00:00 [running]> on host 71321b93f95e
[2024-11-06T15:58:18.953+0000] {taskinstance.py:2644} INFO - Exporting env vars: AIRFLOW_CTX_DAG_OWNER='***' AIRFLOW_CTX_DAG_ID='etl_data_pipeline_v2' AIRFLOW_CTX_TASK_ID='gcs_to_bigquery.gcs_to_bq_reorder' AIRFLOW_CTX_EXECUTION_DATE='2024-11-06T15:57:58.254100+00:00' AIRFLOW_CTX_TRY_NUMBER='1' AIRFLOW_CTX_DAG_RUN_ID='manual__2024-11-06T15:57:58.254100+00:00'
[2024-11-06T15:58:18.954+0000] {taskinstance.py:430} INFO - ::endgroup::
[2024-11-06T15:58:18.992+0000] {connection.py:274} WARNING - Connection schemes (type: google_cloud_platform) shall not contain '_' according to RFC3986.
[2024-11-06T15:58:19.000+0000] {base.py:84} INFO - Using connection ID 'my-gcp-conn' for task execution.
[2024-11-06T15:58:19.003+0000] {gcs_to_bigquery.py:379} INFO - Using existing BigQuery table for storing data...
[2024-11-06T15:58:19.216+0000] {gcs_to_bigquery.py:383} INFO - Executing: {'load': {'autodetect': True, 'createDisposition': 'CREATE_IF_NEEDED', 'destinationTable': {'projectId': 'madt-finalproject', 'datasetId': 'finalproject_data', 'tableId': 'reorder'}, 'sourceFormat': 'CSV', 'sourceUris': ['gs://storage-madt-finalproject/reorder.csv'], 'writeDisposition': 'WRITE_TRUNCATE', 'ignoreUnknownValues': True, 'schema': {'fields': [{'name': 'reorder_cause_id', 'type': 'STRING'}, {'name': 'cause', 'type': 'STRING'}]}, 'skipLeadingRows': 1, 'fieldDelimiter': ',', 'quote': None, 'allowQuotedNewlines': False, 'encoding': 'UTF-8'}}
[2024-11-06T15:58:19.219+0000] {bigquery.py:1613} INFO - Inserting job ***_etl_data_pipeline_v2_gcs_to_bigquery_gcs_to_bq_reorder_2024_11_06T15_57_58_254100_00_00_19aa08d1def2d18644e13f265b1ef534
[2024-11-06T15:58:22.932+0000] {taskinstance.py:441} INFO - ::group::Post task execution logs
[2024-11-06T15:58:22.940+0000] {taskinstance.py:1205} INFO - Marking task as SUCCESS. dag_id=etl_data_pipeline_v2, task_id=gcs_to_bigquery.gcs_to_bq_reorder, execution_date=20241106T155758, start_date=20241106T155818, end_date=20241106T155822
[2024-11-06T15:58:22.977+0000] {local_task_job_runner.py:240} INFO - Task exited with return code 0
[2024-11-06T15:58:23.000+0000] {taskinstance.py:3482} INFO - 0 downstream tasks scheduled from follow-on schedule check
[2024-11-06T15:58:23.005+0000] {local_task_job_runner.py:222} INFO - ::endgroup::
