[2024-10-07T16:00:06.067+0000] {local_task_job_runner.py:120} INFO - ::group::Pre task execution logs
[2024-10-07T16:00:06.100+0000] {taskinstance.py:2073} INFO - Dependencies all met for dep_context=non-requeueable deps ti=<TaskInstance: etl_with_cleaning_transfer.gcs_to_bigquery.gcs_to_bq_invoice_type manual__2024-10-07T15:59:47.761903+00:00 [queued]>
[2024-10-07T16:00:06.116+0000] {taskinstance.py:2073} INFO - Dependencies all met for dep_context=requeueable deps ti=<TaskInstance: etl_with_cleaning_transfer.gcs_to_bigquery.gcs_to_bq_invoice_type manual__2024-10-07T15:59:47.761903+00:00 [queued]>
[2024-10-07T16:00:06.117+0000] {taskinstance.py:2303} INFO - Starting attempt 1 of 4
[2024-10-07T16:00:06.145+0000] {taskinstance.py:2327} INFO - Executing <Task(GCSToBigQueryOperator): gcs_to_bigquery.gcs_to_bq_invoice_type> on 2024-10-07 15:59:47.761903+00:00
[2024-10-07T16:00:06.162+0000] {standard_task_runner.py:90} INFO - Running: ['***', 'tasks', 'run', 'etl_with_cleaning_transfer', 'gcs_to_bigquery.gcs_to_bq_invoice_type', 'manual__2024-10-07T15:59:47.761903+00:00', '--job-id', '3328', '--raw', '--subdir', 'DAGS_FOLDER/etl.py', '--cfg-path', '/tmp/tmpu7ib_cr2']
[2024-10-07T16:00:06.174+0000] {standard_task_runner.py:91} INFO - Job 3328: Subtask gcs_to_bigquery.gcs_to_bq_invoice_type
[2024-10-07T16:00:06.168+0000] {logging_mixin.py:188} WARNING - /home/***/.local/lib/python3.12/site-packages/***/task/task_runner/standard_task_runner.py:61 DeprecationWarning: This process (pid=997) is multi-threaded, use of fork() may lead to deadlocks in the child.
[2024-10-07T16:00:06.176+0000] {standard_task_runner.py:63} INFO - Started process 1018 to run task
[2024-10-07T16:00:06.266+0000] {task_command.py:426} INFO - Running <TaskInstance: etl_with_cleaning_transfer.gcs_to_bigquery.gcs_to_bq_invoice_type manual__2024-10-07T15:59:47.761903+00:00 [running]> on host 71321b93f95e
[2024-10-07T16:00:06.636+0000] {taskinstance.py:2644} INFO - Exporting env vars: AIRFLOW_CTX_DAG_OWNER='***' AIRFLOW_CTX_DAG_ID='etl_with_cleaning_transfer' AIRFLOW_CTX_TASK_ID='gcs_to_bigquery.gcs_to_bq_invoice_type' AIRFLOW_CTX_EXECUTION_DATE='2024-10-07T15:59:47.761903+00:00' AIRFLOW_CTX_TRY_NUMBER='1' AIRFLOW_CTX_DAG_RUN_ID='manual__2024-10-07T15:59:47.761903+00:00'
[2024-10-07T16:00:06.638+0000] {taskinstance.py:430} INFO - ::endgroup::
[2024-10-07T16:00:06.674+0000] {connection.py:274} WARNING - Connection schemes (type: google_cloud_platform) shall not contain '_' according to RFC3986.
[2024-10-07T16:00:06.680+0000] {base.py:84} INFO - Using connection ID 'my-gcp-conn' for task execution.
[2024-10-07T16:00:06.685+0000] {gcs_to_bigquery.py:379} INFO - Using existing BigQuery table for storing data...
[2024-10-07T16:00:06.914+0000] {gcs_to_bigquery.py:383} INFO - Executing: {'load': {'autodetect': True, 'createDisposition': 'CREATE_IF_NEEDED', 'destinationTable': {'projectId': 'madt-finalproject', 'datasetId': 'finalproject_data', 'tableId': 'invoice_type'}, 'sourceFormat': 'CSV', 'sourceUris': ['gs://storage-madt-finalproject/invoice_type.csv'], 'writeDisposition': 'WRITE_TRUNCATE', 'ignoreUnknownValues': True, 'skipLeadingRows': 1, 'fieldDelimiter': ',', 'quote': None, 'allowQuotedNewlines': False, 'encoding': 'UTF-8'}}
[2024-10-07T16:00:06.917+0000] {bigquery.py:1613} INFO - Inserting job ***_etl_with_cleaning_transfer_gcs_to_bigquery_gcs_to_bq_invoice_type_2024_10_07T15_59_47_761903_00_00_9c5d77f747d7f5ca8c8cbd8532ab8dda
[2024-10-07T16:00:11.391+0000] {taskinstance.py:441} INFO - ::group::Post task execution logs
[2024-10-07T16:00:11.397+0000] {taskinstance.py:1205} INFO - Marking task as SUCCESS. dag_id=etl_with_cleaning_transfer, task_id=gcs_to_bigquery.gcs_to_bq_invoice_type, execution_date=20241007T155947, start_date=20241007T160006, end_date=20241007T160011
[2024-10-07T16:00:11.455+0000] {local_task_job_runner.py:240} INFO - Task exited with return code 0
[2024-10-07T16:00:11.482+0000] {taskinstance.py:3482} INFO - 0 downstream tasks scheduled from follow-on schedule check
[2024-10-07T16:00:11.490+0000] {local_task_job_runner.py:222} INFO - ::endgroup::
