[2024-09-29T14:21:53.733+0000] {local_task_job_runner.py:120} INFO - ::group::Pre task execution logs
[2024-09-29T14:21:53.795+0000] {taskinstance.py:2073} INFO - Dependencies all met for dep_context=non-requeueable deps ti=<TaskInstance: etl.gcs_to_bq_reorder scheduled__2024-07-14T00:00:00+00:00 [queued]>
[2024-09-29T14:21:53.835+0000] {taskinstance.py:2073} INFO - Dependencies all met for dep_context=requeueable deps ti=<TaskInstance: etl.gcs_to_bq_reorder scheduled__2024-07-14T00:00:00+00:00 [queued]>
[2024-09-29T14:21:53.835+0000] {taskinstance.py:2303} INFO - Starting attempt 1 of 1
[2024-09-29T14:21:53.892+0000] {taskinstance.py:2327} INFO - Executing <Task(GCSToBigQueryOperator): gcs_to_bq_reorder> on 2024-07-14 00:00:00+00:00
[2024-09-29T14:21:53.946+0000] {standard_task_runner.py:90} INFO - Running: ['***', 'tasks', 'run', 'etl', 'gcs_to_bq_reorder', 'scheduled__2024-07-14T00:00:00+00:00', '--job-id', '1356', '--raw', '--subdir', 'DAGS_FOLDER/etl.py', '--cfg-path', '/tmp/tmp2qn4miyh']
[2024-09-29T14:21:53.947+0000] {standard_task_runner.py:91} INFO - Job 1356: Subtask gcs_to_bq_reorder
[2024-09-29T14:21:53.943+0000] {logging_mixin.py:188} WARNING - /home/***/.local/lib/python3.12/site-packages/***/task/task_runner/standard_task_runner.py:61 DeprecationWarning: This process (pid=16746) is multi-threaded, use of fork() may lead to deadlocks in the child.
[2024-09-29T14:21:53.951+0000] {standard_task_runner.py:63} INFO - Started process 16768 to run task
[2024-09-29T14:21:54.073+0000] {task_command.py:426} INFO - Running <TaskInstance: etl.gcs_to_bq_reorder scheduled__2024-07-14T00:00:00+00:00 [running]> on host 71321b93f95e
[2024-09-29T14:21:54.308+0000] {taskinstance.py:2644} INFO - Exporting env vars: AIRFLOW_CTX_DAG_OWNER='***' AIRFLOW_CTX_DAG_ID='etl' AIRFLOW_CTX_TASK_ID='gcs_to_bq_reorder' AIRFLOW_CTX_EXECUTION_DATE='2024-07-14T00:00:00+00:00' AIRFLOW_CTX_TRY_NUMBER='1' AIRFLOW_CTX_DAG_RUN_ID='scheduled__2024-07-14T00:00:00+00:00'
[2024-09-29T14:21:54.333+0000] {taskinstance.py:430} INFO - ::endgroup::
[2024-09-29T14:21:54.366+0000] {connection.py:274} WARNING - Connection schemes (type: google_cloud_platform) shall not contain '_' according to RFC3986.
[2024-09-29T14:21:54.392+0000] {base.py:84} INFO - Using connection ID 'my-gcp-conn' for task execution.
[2024-09-29T14:21:54.395+0000] {gcs_to_bigquery.py:379} INFO - Using existing BigQuery table for storing data...
[2024-09-29T14:21:54.599+0000] {gcs_to_bigquery.py:383} INFO - Executing: {'load': {'autodetect': True, 'createDisposition': 'CREATE_IF_NEEDED', 'destinationTable': {'projectId': 'madt-finalproject', 'datasetId': 'finalproject_data', 'tableId': 'reorder'}, 'sourceFormat': 'CSV', 'sourceUris': ['gs://storage-madt-finalproject/reorder.csv'], 'writeDisposition': 'WRITE_TRUNCATE', 'ignoreUnknownValues': False, 'skipLeadingRows': None, 'fieldDelimiter': ',', 'quote': None, 'allowQuotedNewlines': False, 'encoding': 'UTF-8'}}
[2024-09-29T14:21:54.600+0000] {bigquery.py:1613} INFO - Inserting job ***_etl_gcs_to_bq_reorder_2024_07_14T00_00_00_00_00_7ae319716515a830af2f974a20ce3b48
[2024-09-29T14:21:58.354+0000] {taskinstance.py:441} INFO - ::group::Post task execution logs
[2024-09-29T14:21:58.376+0000] {taskinstance.py:1205} INFO - Marking task as SUCCESS. dag_id=etl, task_id=gcs_to_bq_reorder, execution_date=20240714T000000, start_date=20240929T142153, end_date=20240929T142158
[2024-09-29T14:21:58.496+0000] {local_task_job_runner.py:240} INFO - Task exited with return code 0
[2024-09-29T14:21:58.940+0000] {taskinstance.py:3482} INFO - 0 downstream tasks scheduled from follow-on schedule check
[2024-09-29T14:21:58.955+0000] {local_task_job_runner.py:222} INFO - ::endgroup::
