[2024-09-29T14:27:50.744+0000] {local_task_job_runner.py:120} INFO - ::group::Pre task execution logs
[2024-09-29T14:27:50.871+0000] {taskinstance.py:2073} INFO - Dependencies all met for dep_context=non-requeueable deps ti=<TaskInstance: etl.upload_file_invoice_to_warehouse scheduled__2024-08-22T00:00:00+00:00 [queued]>
[2024-09-29T14:27:50.904+0000] {taskinstance.py:2073} INFO - Dependencies all met for dep_context=requeueable deps ti=<TaskInstance: etl.upload_file_invoice_to_warehouse scheduled__2024-08-22T00:00:00+00:00 [queued]>
[2024-09-29T14:27:50.906+0000] {taskinstance.py:2303} INFO - Starting attempt 1 of 1
[2024-09-29T14:27:51.187+0000] {taskinstance.py:2327} INFO - Executing <Task(GCSToGCSOperator): upload_file_invoice_to_warehouse> on 2024-08-22 00:00:00+00:00
[2024-09-29T14:27:51.275+0000] {standard_task_runner.py:90} INFO - Running: ['***', 'tasks', 'run', 'etl', 'upload_file_invoice_to_warehouse', 'scheduled__2024-08-22T00:00:00+00:00', '--job-id', '1869', '--raw', '--subdir', 'DAGS_FOLDER/etl.py', '--cfg-path', '/tmp/tmpg7uxuixt']
[2024-09-29T14:27:51.278+0000] {standard_task_runner.py:91} INFO - Job 1869: Subtask upload_file_invoice_to_warehouse
[2024-09-29T14:27:51.277+0000] {logging_mixin.py:188} WARNING - /home/***/.local/lib/python3.12/site-packages/***/task/task_runner/standard_task_runner.py:61 DeprecationWarning: This process (pid=21272) is multi-threaded, use of fork() may lead to deadlocks in the child.
[2024-09-29T14:27:51.308+0000] {standard_task_runner.py:63} INFO - Started process 21415 to run task
[2024-09-29T14:27:51.555+0000] {task_command.py:426} INFO - Running <TaskInstance: etl.upload_file_invoice_to_warehouse scheduled__2024-08-22T00:00:00+00:00 [running]> on host 71321b93f95e
[2024-09-29T14:27:51.953+0000] {taskinstance.py:2644} INFO - Exporting env vars: AIRFLOW_CTX_DAG_OWNER='***' AIRFLOW_CTX_DAG_ID='etl' AIRFLOW_CTX_TASK_ID='upload_file_invoice_to_warehouse' AIRFLOW_CTX_EXECUTION_DATE='2024-08-22T00:00:00+00:00' AIRFLOW_CTX_TRY_NUMBER='1' AIRFLOW_CTX_DAG_RUN_ID='scheduled__2024-08-22T00:00:00+00:00'
[2024-09-29T14:27:51.956+0000] {taskinstance.py:430} INFO - ::endgroup::
[2024-09-29T14:27:51.981+0000] {connection.py:274} WARNING - Connection schemes (type: google_cloud_platform) shall not contain '_' according to RFC3986.
[2024-09-29T14:27:52.012+0000] {base.py:84} INFO - Using connection ID 'my-gcp-conn' for task execution.
[2024-09-29T14:27:53.916+0000] {gcs_to_gcs.py:535} INFO - Executing copy of gs://rawdata-madt-finalproject/invoice.csv to gs://storage-madt-finalproject/invoice.csv
[2024-09-29T14:27:54.339+0000] {gcs.py:256} INFO - Total Bytes: 818167 | Bytes Written: 818167
[2024-09-29T14:27:54.342+0000] {gcs.py:264} INFO - Object invoice.csv in bucket rawdata-madt-finalproject rewritten to object invoice.csv in bucket storage-madt-finalproject
[2024-09-29T14:27:54.343+0000] {taskinstance.py:441} INFO - ::group::Post task execution logs
[2024-09-29T14:27:54.360+0000] {taskinstance.py:1205} INFO - Marking task as SUCCESS. dag_id=etl, task_id=upload_file_invoice_to_warehouse, execution_date=20240822T000000, start_date=20240929T142750, end_date=20240929T142754
[2024-09-29T14:27:54.411+0000] {local_task_job_runner.py:240} INFO - Task exited with return code 0
[2024-09-29T14:27:54.518+0000] {taskinstance.py:3482} INFO - 0 downstream tasks scheduled from follow-on schedule check
[2024-09-29T14:27:54.533+0000] {local_task_job_runner.py:222} INFO - ::endgroup::
