[2024-09-29T09:07:49.362+0000] {local_task_job_runner.py:120} INFO - ::group::Pre task execution logs
[2024-09-29T09:07:49.399+0000] {taskinstance.py:2073} INFO - Dependencies all met for dep_context=non-requeueable deps ti=<TaskInstance: etl.upload_file_store_to_warehouse scheduled__2024-05-22T00:00:00+00:00 [queued]>
[2024-09-29T09:07:49.414+0000] {taskinstance.py:2073} INFO - Dependencies all met for dep_context=requeueable deps ti=<TaskInstance: etl.upload_file_store_to_warehouse scheduled__2024-05-22T00:00:00+00:00 [queued]>
[2024-09-29T09:07:49.415+0000] {taskinstance.py:2303} INFO - Starting attempt 1 of 1
[2024-09-29T09:07:49.443+0000] {taskinstance.py:2327} INFO - Executing <Task(GCSToGCSOperator): upload_file_store_to_warehouse> on 2024-05-22 00:00:00+00:00
[2024-09-29T09:07:49.475+0000] {logging_mixin.py:188} WARNING - /home/***/.local/lib/python3.12/site-packages/***/task/task_runner/standard_task_runner.py:61 DeprecationWarning: This process (pid=29598) is multi-threaded, use of fork() may lead to deadlocks in the child.
[2024-09-29T09:07:49.478+0000] {standard_task_runner.py:63} INFO - Started process 29716 to run task
[2024-09-29T09:07:49.479+0000] {standard_task_runner.py:90} INFO - Running: ['***', 'tasks', 'run', 'etl', 'upload_file_store_to_warehouse', 'scheduled__2024-05-22T00:00:00+00:00', '--job-id', '189', '--raw', '--subdir', 'DAGS_FOLDER/etl.py', '--cfg-path', '/tmp/tmphsrbeg_w']
[2024-09-29T09:07:49.484+0000] {standard_task_runner.py:91} INFO - Job 189: Subtask upload_file_store_to_warehouse
[2024-09-29T09:07:49.682+0000] {task_command.py:426} INFO - Running <TaskInstance: etl.upload_file_store_to_warehouse scheduled__2024-05-22T00:00:00+00:00 [running]> on host 71321b93f95e
[2024-09-29T09:07:50.085+0000] {taskinstance.py:2644} INFO - Exporting env vars: AIRFLOW_CTX_DAG_OWNER='***' AIRFLOW_CTX_DAG_ID='etl' AIRFLOW_CTX_TASK_ID='upload_file_store_to_warehouse' AIRFLOW_CTX_EXECUTION_DATE='2024-05-22T00:00:00+00:00' AIRFLOW_CTX_TRY_NUMBER='1' AIRFLOW_CTX_DAG_RUN_ID='scheduled__2024-05-22T00:00:00+00:00'
[2024-09-29T09:07:50.089+0000] {taskinstance.py:430} INFO - ::endgroup::
[2024-09-29T09:07:50.125+0000] {connection.py:274} WARNING - Connection schemes (type: google_cloud_platform) shall not contain '_' according to RFC3986.
[2024-09-29T09:07:50.171+0000] {base.py:84} INFO - Using connection ID 'my_gcp_conn' for task execution.
[2024-09-29T09:07:51.897+0000] {gcs_to_gcs.py:535} INFO - Executing copy of gs://rawdata-madt-finalproject/store.csv to gs://storage-madt-finalproject/store.csv
[2024-09-29T09:07:52.323+0000] {gcs.py:256} INFO - Total Bytes: 48 | Bytes Written: 48
[2024-09-29T09:07:52.323+0000] {gcs.py:264} INFO - Object store.csv in bucket rawdata-madt-finalproject rewritten to object store.csv in bucket storage-madt-finalproject
[2024-09-29T09:07:52.324+0000] {taskinstance.py:441} INFO - ::group::Post task execution logs
[2024-09-29T09:07:52.367+0000] {taskinstance.py:1205} INFO - Marking task as SUCCESS. dag_id=etl, task_id=upload_file_store_to_warehouse, execution_date=20240522T000000, start_date=20240929T090749, end_date=20240929T090752
[2024-09-29T09:07:52.467+0000] {local_task_job_runner.py:240} INFO - Task exited with return code 0
[2024-09-29T09:07:52.789+0000] {taskinstance.py:3482} INFO - 0 downstream tasks scheduled from follow-on schedule check
[2024-09-29T09:07:52.800+0000] {local_task_job_runner.py:222} INFO - ::endgroup::
