[2024-09-29T09:12:28.825+0000] {local_task_job_runner.py:120} INFO - ::group::Pre task execution logs
[2024-09-29T09:12:28.875+0000] {taskinstance.py:2073} INFO - Dependencies all met for dep_context=non-requeueable deps ti=<TaskInstance: etl.upload_file_invoice_type_to_warehouse scheduled__2024-06-16T00:00:00+00:00 [queued]>
[2024-09-29T09:12:29.183+0000] {taskinstance.py:2073} INFO - Dependencies all met for dep_context=requeueable deps ti=<TaskInstance: etl.upload_file_invoice_type_to_warehouse scheduled__2024-06-16T00:00:00+00:00 [queued]>
[2024-09-29T09:12:29.186+0000] {taskinstance.py:2303} INFO - Starting attempt 1 of 1
[2024-09-29T09:12:29.652+0000] {taskinstance.py:2327} INFO - Executing <Task(GCSToGCSOperator): upload_file_invoice_type_to_warehouse> on 2024-06-16 00:00:00+00:00
[2024-09-29T09:12:29.698+0000] {standard_task_runner.py:90} INFO - Running: ['***', 'tasks', 'run', 'etl', 'upload_file_invoice_type_to_warehouse', 'scheduled__2024-06-16T00:00:00+00:00', '--job-id', '584', '--raw', '--subdir', 'DAGS_FOLDER/etl.py', '--cfg-path', '/tmp/tmp0xesj_fe']
[2024-09-29T09:12:29.699+0000] {standard_task_runner.py:91} INFO - Job 584: Subtask upload_file_invoice_type_to_warehouse
[2024-09-29T09:12:29.704+0000] {logging_mixin.py:188} WARNING - /home/***/.local/lib/python3.12/site-packages/***/task/task_runner/standard_task_runner.py:61 DeprecationWarning: This process (pid=33185) is multi-threaded, use of fork() may lead to deadlocks in the child.
[2024-09-29T09:12:29.708+0000] {standard_task_runner.py:63} INFO - Started process 33309 to run task
[2024-09-29T09:12:29.808+0000] {task_command.py:426} INFO - Running <TaskInstance: etl.upload_file_invoice_type_to_warehouse scheduled__2024-06-16T00:00:00+00:00 [running]> on host 71321b93f95e
[2024-09-29T09:12:30.199+0000] {taskinstance.py:2644} INFO - Exporting env vars: AIRFLOW_CTX_DAG_OWNER='***' AIRFLOW_CTX_DAG_ID='etl' AIRFLOW_CTX_TASK_ID='upload_file_invoice_type_to_warehouse' AIRFLOW_CTX_EXECUTION_DATE='2024-06-16T00:00:00+00:00' AIRFLOW_CTX_TRY_NUMBER='1' AIRFLOW_CTX_DAG_RUN_ID='scheduled__2024-06-16T00:00:00+00:00'
[2024-09-29T09:12:30.201+0000] {taskinstance.py:430} INFO - ::endgroup::
[2024-09-29T09:12:30.234+0000] {connection.py:274} WARNING - Connection schemes (type: google_cloud_platform) shall not contain '_' according to RFC3986.
[2024-09-29T09:12:30.247+0000] {base.py:84} INFO - Using connection ID 'my_gcp_conn' for task execution.
[2024-09-29T09:12:30.923+0000] {gcs_to_gcs.py:535} INFO - Executing copy of gs://rawdata-madt-finalproject/invoice_type.csv to gs://storage-madt-finalproject/invoice_type.csv
[2024-09-29T09:12:32.251+0000] {gcs.py:256} INFO - Total Bytes: 88 | Bytes Written: 88
[2024-09-29T09:12:32.252+0000] {gcs.py:264} INFO - Object invoice_type.csv in bucket rawdata-madt-finalproject rewritten to object invoice_type.csv in bucket storage-madt-finalproject
[2024-09-29T09:12:32.253+0000] {taskinstance.py:441} INFO - ::group::Post task execution logs
[2024-09-29T09:12:32.322+0000] {taskinstance.py:1205} INFO - Marking task as SUCCESS. dag_id=etl, task_id=upload_file_invoice_type_to_warehouse, execution_date=20240616T000000, start_date=20240929T091229, end_date=20240929T091232
[2024-09-29T09:12:33.254+0000] {local_task_job_runner.py:240} INFO - Task exited with return code 0
[2024-09-29T09:12:33.415+0000] {taskinstance.py:3482} INFO - 0 downstream tasks scheduled from follow-on schedule check
[2024-09-29T09:12:33.432+0000] {local_task_job_runner.py:222} INFO - ::endgroup::
