[2024-09-29T14:25:00.267+0000] {local_task_job_runner.py:120} INFO - ::group::Pre task execution logs
[2024-09-29T14:25:00.315+0000] {taskinstance.py:2073} INFO - Dependencies all met for dep_context=non-requeueable deps ti=<TaskInstance: etl.upload_file_product_to_warehouse scheduled__2024-08-09T00:00:00+00:00 [queued]>
[2024-09-29T14:25:00.331+0000] {taskinstance.py:2073} INFO - Dependencies all met for dep_context=requeueable deps ti=<TaskInstance: etl.upload_file_product_to_warehouse scheduled__2024-08-09T00:00:00+00:00 [queued]>
[2024-09-29T14:25:00.332+0000] {taskinstance.py:2303} INFO - Starting attempt 1 of 1
[2024-09-29T14:25:00.374+0000] {taskinstance.py:2327} INFO - Executing <Task(GCSToGCSOperator): upload_file_product_to_warehouse> on 2024-08-09 00:00:00+00:00
[2024-09-29T14:25:00.408+0000] {standard_task_runner.py:90} INFO - Running: ['***', 'tasks', 'run', 'etl', 'upload_file_product_to_warehouse', 'scheduled__2024-08-09T00:00:00+00:00', '--job-id', '1625', '--raw', '--subdir', 'DAGS_FOLDER/etl.py', '--cfg-path', '/tmp/tmpz_6lr8sv']
[2024-09-29T14:25:00.413+0000] {standard_task_runner.py:91} INFO - Job 1625: Subtask upload_file_product_to_warehouse
[2024-09-29T14:25:00.421+0000] {logging_mixin.py:188} WARNING - /home/***/.local/lib/python3.12/site-packages/***/task/task_runner/standard_task_runner.py:61 DeprecationWarning: This process (pid=19103) is multi-threaded, use of fork() may lead to deadlocks in the child.
[2024-09-29T14:25:00.440+0000] {standard_task_runner.py:63} INFO - Started process 19178 to run task
[2024-09-29T14:25:00.516+0000] {task_command.py:426} INFO - Running <TaskInstance: etl.upload_file_product_to_warehouse scheduled__2024-08-09T00:00:00+00:00 [running]> on host 71321b93f95e
[2024-09-29T14:25:00.811+0000] {taskinstance.py:2644} INFO - Exporting env vars: AIRFLOW_CTX_DAG_OWNER='***' AIRFLOW_CTX_DAG_ID='etl' AIRFLOW_CTX_TASK_ID='upload_file_product_to_warehouse' AIRFLOW_CTX_EXECUTION_DATE='2024-08-09T00:00:00+00:00' AIRFLOW_CTX_TRY_NUMBER='1' AIRFLOW_CTX_DAG_RUN_ID='scheduled__2024-08-09T00:00:00+00:00'
[2024-09-29T14:25:00.812+0000] {taskinstance.py:430} INFO - ::endgroup::
[2024-09-29T14:25:00.870+0000] {connection.py:274} WARNING - Connection schemes (type: google_cloud_platform) shall not contain '_' according to RFC3986.
[2024-09-29T14:25:00.908+0000] {base.py:84} INFO - Using connection ID 'my-gcp-conn' for task execution.
[2024-09-29T14:25:02.058+0000] {gcs_to_gcs.py:535} INFO - Executing copy of gs://rawdata-madt-finalproject/product.csv to gs://storage-madt-finalproject/product.csv
[2024-09-29T14:25:02.484+0000] {gcs.py:256} INFO - Total Bytes: 327228 | Bytes Written: 327228
[2024-09-29T14:25:02.484+0000] {gcs.py:264} INFO - Object product.csv in bucket rawdata-madt-finalproject rewritten to object product.csv in bucket storage-madt-finalproject
[2024-09-29T14:25:02.486+0000] {taskinstance.py:441} INFO - ::group::Post task execution logs
[2024-09-29T14:25:02.515+0000] {taskinstance.py:1205} INFO - Marking task as SUCCESS. dag_id=etl, task_id=upload_file_product_to_warehouse, execution_date=20240809T000000, start_date=20240929T142500, end_date=20240929T142502
[2024-09-29T14:25:02.615+0000] {local_task_job_runner.py:240} INFO - Task exited with return code 0
[2024-09-29T14:25:02.724+0000] {taskinstance.py:3482} INFO - 0 downstream tasks scheduled from follow-on schedule check
[2024-09-29T14:25:02.736+0000] {local_task_job_runner.py:222} INFO - ::endgroup::
