[2024-09-29T14:16:41.212+0000] {local_task_job_runner.py:120} INFO - ::group::Pre task execution logs
[2024-09-29T14:16:41.358+0000] {taskinstance.py:2073} INFO - Dependencies all met for dep_context=non-requeueable deps ti=<TaskInstance: etl.gcs_to_bq_fact scheduled__2024-06-20T00:00:00+00:00 [queued]>
[2024-09-29T14:16:41.414+0000] {taskinstance.py:2073} INFO - Dependencies all met for dep_context=requeueable deps ti=<TaskInstance: etl.gcs_to_bq_fact scheduled__2024-06-20T00:00:00+00:00 [queued]>
[2024-09-29T14:16:41.414+0000] {taskinstance.py:2303} INFO - Starting attempt 1 of 1
[2024-09-29T14:16:41.932+0000] {taskinstance.py:2327} INFO - Executing <Task(GCSToBigQueryOperator): gcs_to_bq_fact> on 2024-06-20 00:00:00+00:00
[2024-09-29T14:16:42.003+0000] {standard_task_runner.py:90} INFO - Running: ['***', 'tasks', 'run', 'etl', 'gcs_to_bq_fact', 'scheduled__2024-06-20T00:00:00+00:00', '--job-id', '903', '--raw', '--subdir', 'DAGS_FOLDER/etl.py', '--cfg-path', '/tmp/tmpgvxz_n5d']
[2024-09-29T14:16:42.008+0000] {standard_task_runner.py:91} INFO - Job 903: Subtask gcs_to_bq_fact
[2024-09-29T14:16:42.015+0000] {logging_mixin.py:188} WARNING - /home/***/.local/lib/python3.12/site-packages/***/task/task_runner/standard_task_runner.py:61 DeprecationWarning: This process (pid=12718) is multi-threaded, use of fork() may lead to deadlocks in the child.
[2024-09-29T14:16:42.041+0000] {standard_task_runner.py:63} INFO - Started process 12760 to run task
[2024-09-29T14:16:42.199+0000] {task_command.py:426} INFO - Running <TaskInstance: etl.gcs_to_bq_fact scheduled__2024-06-20T00:00:00+00:00 [running]> on host 71321b93f95e
[2024-09-29T14:16:42.732+0000] {taskinstance.py:2644} INFO - Exporting env vars: AIRFLOW_CTX_DAG_OWNER='***' AIRFLOW_CTX_DAG_ID='etl' AIRFLOW_CTX_TASK_ID='gcs_to_bq_fact' AIRFLOW_CTX_EXECUTION_DATE='2024-06-20T00:00:00+00:00' AIRFLOW_CTX_TRY_NUMBER='1' AIRFLOW_CTX_DAG_RUN_ID='scheduled__2024-06-20T00:00:00+00:00'
[2024-09-29T14:16:42.737+0000] {taskinstance.py:430} INFO - ::endgroup::
[2024-09-29T14:16:42.768+0000] {connection.py:274} WARNING - Connection schemes (type: google_cloud_platform) shall not contain '_' according to RFC3986.
[2024-09-29T14:16:42.807+0000] {base.py:84} INFO - Using connection ID 'my-gcp-conn' for task execution.
[2024-09-29T14:16:42.808+0000] {gcs_to_bigquery.py:379} INFO - Using existing BigQuery table for storing data...
[2024-09-29T14:16:43.158+0000] {gcs_to_bigquery.py:383} INFO - Executing: {'load': {'autodetect': True, 'createDisposition': 'CREATE_IF_NEEDED', 'destinationTable': {'projectId': 'madt-finalproject', 'datasetId': 'finalproject_data', 'tableId': 'fact'}, 'sourceFormat': 'CSV', 'sourceUris': ['gs://storage-madt-finalproject/fact.csv'], 'writeDisposition': 'WRITE_TRUNCATE', 'ignoreUnknownValues': False, 'skipLeadingRows': None, 'fieldDelimiter': ',', 'quote': None, 'allowQuotedNewlines': False, 'encoding': 'UTF-8'}}
[2024-09-29T14:16:43.161+0000] {bigquery.py:1613} INFO - Inserting job ***_etl_gcs_to_bq_fact_2024_06_20T00_00_00_00_00_983a08e49a7f2b936f49062e64e23a09
[2024-09-29T14:16:48.476+0000] {taskinstance.py:441} INFO - ::group::Post task execution logs
[2024-09-29T14:16:48.498+0000] {taskinstance.py:1205} INFO - Marking task as SUCCESS. dag_id=etl, task_id=gcs_to_bq_fact, execution_date=20240620T000000, start_date=20240929T141641, end_date=20240929T141648
[2024-09-29T14:16:48.573+0000] {local_task_job_runner.py:240} INFO - Task exited with return code 0
[2024-09-29T14:16:49.100+0000] {taskinstance.py:3482} INFO - 0 downstream tasks scheduled from follow-on schedule check
[2024-09-29T14:16:49.120+0000] {local_task_job_runner.py:222} INFO - ::endgroup::
