[2024-09-29T09:11:33.167+0000] {local_task_job_runner.py:120} INFO - ::group::Pre task execution logs
[2024-09-29T09:11:33.276+0000] {taskinstance.py:2073} INFO - Dependencies all met for dep_context=non-requeueable deps ti=<TaskInstance: etl.gcs_to_bq_invoice_type scheduled__2024-06-01T00:00:00+00:00 [queued]>
[2024-09-29T09:11:33.315+0000] {taskinstance.py:2073} INFO - Dependencies all met for dep_context=requeueable deps ti=<TaskInstance: etl.gcs_to_bq_invoice_type scheduled__2024-06-01T00:00:00+00:00 [queued]>
[2024-09-29T09:11:33.319+0000] {taskinstance.py:2303} INFO - Starting attempt 1 of 1
[2024-09-29T09:11:33.490+0000] {taskinstance.py:2327} INFO - Executing <Task(GCSToBigQueryOperator): gcs_to_bq_invoice_type> on 2024-06-01 00:00:00+00:00
[2024-09-29T09:11:33.549+0000] {logging_mixin.py:188} WARNING - /home/***/.local/lib/python3.12/site-packages/***/task/task_runner/standard_task_runner.py:61 DeprecationWarning: This process (pid=32497) is multi-threaded, use of fork() may lead to deadlocks in the child.
[2024-09-29T09:11:33.535+0000] {standard_task_runner.py:90} INFO - Running: ['***', 'tasks', 'run', 'etl', 'gcs_to_bq_invoice_type', 'scheduled__2024-06-01T00:00:00+00:00', '--job-id', '504', '--raw', '--subdir', 'DAGS_FOLDER/etl.py', '--cfg-path', '/tmp/tmppenxvo4p']
[2024-09-29T09:11:33.552+0000] {standard_task_runner.py:91} INFO - Job 504: Subtask gcs_to_bq_invoice_type
[2024-09-29T09:11:33.550+0000] {standard_task_runner.py:63} INFO - Started process 32590 to run task
[2024-09-29T09:11:33.696+0000] {task_command.py:426} INFO - Running <TaskInstance: etl.gcs_to_bq_invoice_type scheduled__2024-06-01T00:00:00+00:00 [running]> on host 71321b93f95e
[2024-09-29T09:11:34.019+0000] {taskinstance.py:2644} INFO - Exporting env vars: AIRFLOW_CTX_DAG_OWNER='***' AIRFLOW_CTX_DAG_ID='etl' AIRFLOW_CTX_TASK_ID='gcs_to_bq_invoice_type' AIRFLOW_CTX_EXECUTION_DATE='2024-06-01T00:00:00+00:00' AIRFLOW_CTX_TRY_NUMBER='1' AIRFLOW_CTX_DAG_RUN_ID='scheduled__2024-06-01T00:00:00+00:00'
[2024-09-29T09:11:34.022+0000] {taskinstance.py:430} INFO - ::endgroup::
[2024-09-29T09:11:34.057+0000] {connection.py:274} WARNING - Connection schemes (type: google_cloud_platform) shall not contain '_' according to RFC3986.
[2024-09-29T09:11:34.076+0000] {base.py:84} INFO - Using connection ID 'my_gcp_conn' for task execution.
[2024-09-29T09:11:34.082+0000] {gcs_to_bigquery.py:379} INFO - Using existing BigQuery table for storing data...
[2024-09-29T09:11:34.395+0000] {bigquery.py:2328} INFO - Project is not included in destination_project_dataset_table: finalproject_data.invoice_type; using project "madt-finalproject"
[2024-09-29T09:11:34.396+0000] {gcs_to_bigquery.py:383} INFO - Executing: {'load': {'autodetect': True, 'createDisposition': 'CREATE_IF_NEEDED', 'destinationTable': {'projectId': 'madt-finalproject', 'datasetId': 'finalproject_data', 'tableId': 'invoice_type'}, 'sourceFormat': 'CSV', 'sourceUris': ['gs://storage-madt-finalproject/invoice_type.csv'], 'writeDisposition': 'WRITE_TRUNCATE', 'ignoreUnknownValues': False, 'skipLeadingRows': None, 'fieldDelimiter': ',', 'quote': None, 'allowQuotedNewlines': False, 'encoding': 'UTF-8'}}
[2024-09-29T09:11:34.399+0000] {bigquery.py:1613} INFO - Inserting job ***_etl_gcs_to_bq_invoice_type_2024_06_01T00_00_00_00_00_c5b893190c9af85aa5f01316f00fd5d8
[2024-09-29T09:11:36.942+0000] {taskinstance.py:441} INFO - ::group::Post task execution logs
[2024-09-29T09:11:36.975+0000] {taskinstance.py:1205} INFO - Marking task as SUCCESS. dag_id=etl, task_id=gcs_to_bq_invoice_type, execution_date=20240601T000000, start_date=20240929T091133, end_date=20240929T091136
[2024-09-29T09:11:37.161+0000] {local_task_job_runner.py:240} INFO - Task exited with return code 0
[2024-09-29T09:11:37.208+0000] {taskinstance.py:3482} INFO - 0 downstream tasks scheduled from follow-on schedule check
[2024-09-29T09:11:37.223+0000] {local_task_job_runner.py:222} INFO - ::endgroup::
