[2024-09-29T14:29:47.135+0000] {local_task_job_runner.py:120} INFO - ::group::Pre task execution logs
[2024-09-29T14:29:47.193+0000] {taskinstance.py:2073} INFO - Dependencies all met for dep_context=non-requeueable deps ti=<TaskInstance: etl.upload_file_customer_to_warehouse scheduled__2024-09-01T00:00:00+00:00 [queued]>
[2024-09-29T14:29:47.218+0000] {taskinstance.py:2073} INFO - Dependencies all met for dep_context=requeueable deps ti=<TaskInstance: etl.upload_file_customer_to_warehouse scheduled__2024-09-01T00:00:00+00:00 [queued]>
[2024-09-29T14:29:47.219+0000] {taskinstance.py:2303} INFO - Starting attempt 1 of 1
[2024-09-29T14:29:47.276+0000] {taskinstance.py:2327} INFO - Executing <Task(GCSToGCSOperator): upload_file_customer_to_warehouse> on 2024-09-01 00:00:00+00:00
[2024-09-29T14:29:47.333+0000] {logging_mixin.py:188} WARNING - /home/***/.local/lib/python3.12/site-packages/***/task/task_runner/standard_task_runner.py:61 DeprecationWarning: This process (pid=22800) is multi-threaded, use of fork() may lead to deadlocks in the child.
[2024-09-29T14:29:47.331+0000] {standard_task_runner.py:90} INFO - Running: ['***', 'tasks', 'run', 'etl', 'upload_file_customer_to_warehouse', 'scheduled__2024-09-01T00:00:00+00:00', '--job-id', '2038', '--raw', '--subdir', 'DAGS_FOLDER/etl.py', '--cfg-path', '/tmp/tmparlkrms4']
[2024-09-29T14:29:47.337+0000] {standard_task_runner.py:91} INFO - Job 2038: Subtask upload_file_customer_to_warehouse
[2024-09-29T14:29:47.334+0000] {standard_task_runner.py:63} INFO - Started process 22891 to run task
[2024-09-29T14:29:47.507+0000] {task_command.py:426} INFO - Running <TaskInstance: etl.upload_file_customer_to_warehouse scheduled__2024-09-01T00:00:00+00:00 [running]> on host 71321b93f95e
[2024-09-29T14:29:47.990+0000] {taskinstance.py:2644} INFO - Exporting env vars: AIRFLOW_CTX_DAG_OWNER='***' AIRFLOW_CTX_DAG_ID='etl' AIRFLOW_CTX_TASK_ID='upload_file_customer_to_warehouse' AIRFLOW_CTX_EXECUTION_DATE='2024-09-01T00:00:00+00:00' AIRFLOW_CTX_TRY_NUMBER='1' AIRFLOW_CTX_DAG_RUN_ID='scheduled__2024-09-01T00:00:00+00:00'
[2024-09-29T14:29:47.991+0000] {taskinstance.py:430} INFO - ::endgroup::
[2024-09-29T14:29:48.046+0000] {connection.py:274} WARNING - Connection schemes (type: google_cloud_platform) shall not contain '_' according to RFC3986.
[2024-09-29T14:29:48.077+0000] {base.py:84} INFO - Using connection ID 'my-gcp-conn' for task execution.
[2024-09-29T14:29:49.467+0000] {gcs_to_gcs.py:535} INFO - Executing copy of gs://rawdata-madt-finalproject/customer.csv to gs://storage-madt-finalproject/customer.csv
[2024-09-29T14:29:50.834+0000] {gcs.py:256} INFO - Total Bytes: 14321 | Bytes Written: 14321
[2024-09-29T14:29:50.837+0000] {gcs.py:264} INFO - Object customer.csv in bucket rawdata-madt-finalproject rewritten to object customer.csv in bucket storage-madt-finalproject
[2024-09-29T14:29:50.838+0000] {taskinstance.py:441} INFO - ::group::Post task execution logs
[2024-09-29T14:29:50.871+0000] {taskinstance.py:1205} INFO - Marking task as SUCCESS. dag_id=etl, task_id=upload_file_customer_to_warehouse, execution_date=20240901T000000, start_date=20240929T142947, end_date=20240929T142950
[2024-09-29T14:29:50.973+0000] {local_task_job_runner.py:240} INFO - Task exited with return code 0
[2024-09-29T14:29:51.164+0000] {taskinstance.py:3482} INFO - 0 downstream tasks scheduled from follow-on schedule check
[2024-09-29T14:29:51.183+0000] {local_task_job_runner.py:222} INFO - ::endgroup::
