[2024-09-29T14:33:29.885+0000] {local_task_job_runner.py:120} INFO - ::group::Pre task execution logs
[2024-09-29T14:33:29.974+0000] {taskinstance.py:2073} INFO - Dependencies all met for dep_context=non-requeueable deps ti=<TaskInstance: etl.upload_file_zoning_to_warehouse scheduled__2024-09-18T00:00:00+00:00 [queued]>
[2024-09-29T14:33:29.999+0000] {taskinstance.py:2073} INFO - Dependencies all met for dep_context=requeueable deps ti=<TaskInstance: etl.upload_file_zoning_to_warehouse scheduled__2024-09-18T00:00:00+00:00 [queued]>
[2024-09-29T14:33:30.000+0000] {taskinstance.py:2303} INFO - Starting attempt 1 of 1
[2024-09-29T14:33:30.168+0000] {taskinstance.py:2327} INFO - Executing <Task(GCSToGCSOperator): upload_file_zoning_to_warehouse> on 2024-09-18 00:00:00+00:00
[2024-09-29T14:33:30.229+0000] {standard_task_runner.py:90} INFO - Running: ['***', 'tasks', 'run', 'etl', 'upload_file_zoning_to_warehouse', 'scheduled__2024-09-18T00:00:00+00:00', '--job-id', '2363', '--raw', '--subdir', 'DAGS_FOLDER/etl.py', '--cfg-path', '/tmp/tmp6_gt33ya']
[2024-09-29T14:33:30.236+0000] {standard_task_runner.py:91} INFO - Job 2363: Subtask upload_file_zoning_to_warehouse
[2024-09-29T14:33:30.232+0000] {logging_mixin.py:188} WARNING - /home/***/.local/lib/python3.12/site-packages/***/task/task_runner/standard_task_runner.py:61 DeprecationWarning: This process (pid=25681) is multi-threaded, use of fork() may lead to deadlocks in the child.
[2024-09-29T14:33:30.243+0000] {standard_task_runner.py:63} INFO - Started process 25778 to run task
[2024-09-29T14:33:30.409+0000] {task_command.py:426} INFO - Running <TaskInstance: etl.upload_file_zoning_to_warehouse scheduled__2024-09-18T00:00:00+00:00 [running]> on host 71321b93f95e
[2024-09-29T14:33:30.812+0000] {taskinstance.py:2644} INFO - Exporting env vars: AIRFLOW_CTX_DAG_OWNER='***' AIRFLOW_CTX_DAG_ID='etl' AIRFLOW_CTX_TASK_ID='upload_file_zoning_to_warehouse' AIRFLOW_CTX_EXECUTION_DATE='2024-09-18T00:00:00+00:00' AIRFLOW_CTX_TRY_NUMBER='1' AIRFLOW_CTX_DAG_RUN_ID='scheduled__2024-09-18T00:00:00+00:00'
[2024-09-29T14:33:30.813+0000] {taskinstance.py:430} INFO - ::endgroup::
[2024-09-29T14:33:30.845+0000] {connection.py:274} WARNING - Connection schemes (type: google_cloud_platform) shall not contain '_' according to RFC3986.
[2024-09-29T14:33:30.857+0000] {base.py:84} INFO - Using connection ID 'my-gcp-conn' for task execution.
[2024-09-29T14:33:31.874+0000] {gcs_to_gcs.py:535} INFO - Executing copy of gs://rawdata-madt-finalproject/zoning.csv to gs://storage-madt-finalproject/zoning.csv
[2024-09-29T14:33:32.275+0000] {gcs.py:256} INFO - Total Bytes: 3913 | Bytes Written: 3913
[2024-09-29T14:33:32.275+0000] {gcs.py:264} INFO - Object zoning.csv in bucket rawdata-madt-finalproject rewritten to object zoning.csv in bucket storage-madt-finalproject
[2024-09-29T14:33:32.276+0000] {taskinstance.py:441} INFO - ::group::Post task execution logs
[2024-09-29T14:33:32.318+0000] {taskinstance.py:1205} INFO - Marking task as SUCCESS. dag_id=etl, task_id=upload_file_zoning_to_warehouse, execution_date=20240918T000000, start_date=20240929T143329, end_date=20240929T143332
[2024-09-29T14:33:32.410+0000] {local_task_job_runner.py:240} INFO - Task exited with return code 0
[2024-09-29T14:33:33.224+0000] {taskinstance.py:3482} INFO - 0 downstream tasks scheduled from follow-on schedule check
[2024-09-29T14:33:33.240+0000] {local_task_job_runner.py:222} INFO - ::endgroup::
