[2024-09-29T14:31:05.845+0000] {local_task_job_runner.py:120} INFO - ::group::Pre task execution logs
[2024-09-29T14:31:05.912+0000] {taskinstance.py:2073} INFO - Dependencies all met for dep_context=non-requeueable deps ti=<TaskInstance: etl.gcs_to_bq_fact scheduled__2024-08-26T00:00:00+00:00 [queued]>
[2024-09-29T14:31:05.964+0000] {taskinstance.py:2073} INFO - Dependencies all met for dep_context=requeueable deps ti=<TaskInstance: etl.gcs_to_bq_fact scheduled__2024-08-26T00:00:00+00:00 [queued]>
[2024-09-29T14:31:05.966+0000] {taskinstance.py:2303} INFO - Starting attempt 1 of 1
[2024-09-29T14:31:06.044+0000] {taskinstance.py:2327} INFO - Executing <Task(GCSToBigQueryOperator): gcs_to_bq_fact> on 2024-08-26 00:00:00+00:00
[2024-09-29T14:31:06.068+0000] {standard_task_runner.py:90} INFO - Running: ['***', 'tasks', 'run', 'etl', 'gcs_to_bq_fact', 'scheduled__2024-08-26T00:00:00+00:00', '--job-id', '2154', '--raw', '--subdir', 'DAGS_FOLDER/etl.py', '--cfg-path', '/tmp/tmpqmmnx974']
[2024-09-29T14:31:06.070+0000] {standard_task_runner.py:91} INFO - Job 2154: Subtask gcs_to_bq_fact
[2024-09-29T14:31:06.069+0000] {logging_mixin.py:188} WARNING - /home/***/.local/lib/python3.12/site-packages/***/task/task_runner/standard_task_runner.py:61 DeprecationWarning: This process (pid=23869) is multi-threaded, use of fork() may lead to deadlocks in the child.
[2024-09-29T14:31:06.071+0000] {standard_task_runner.py:63} INFO - Started process 23935 to run task
[2024-09-29T14:31:06.204+0000] {task_command.py:426} INFO - Running <TaskInstance: etl.gcs_to_bq_fact scheduled__2024-08-26T00:00:00+00:00 [running]> on host 71321b93f95e
[2024-09-29T14:31:06.489+0000] {taskinstance.py:2644} INFO - Exporting env vars: AIRFLOW_CTX_DAG_OWNER='***' AIRFLOW_CTX_DAG_ID='etl' AIRFLOW_CTX_TASK_ID='gcs_to_bq_fact' AIRFLOW_CTX_EXECUTION_DATE='2024-08-26T00:00:00+00:00' AIRFLOW_CTX_TRY_NUMBER='1' AIRFLOW_CTX_DAG_RUN_ID='scheduled__2024-08-26T00:00:00+00:00'
[2024-09-29T14:31:06.496+0000] {taskinstance.py:430} INFO - ::endgroup::
[2024-09-29T14:31:06.529+0000] {connection.py:274} WARNING - Connection schemes (type: google_cloud_platform) shall not contain '_' according to RFC3986.
[2024-09-29T14:31:06.552+0000] {base.py:84} INFO - Using connection ID 'my-gcp-conn' for task execution.
[2024-09-29T14:31:06.560+0000] {gcs_to_bigquery.py:379} INFO - Using existing BigQuery table for storing data...
[2024-09-29T14:31:06.798+0000] {gcs_to_bigquery.py:383} INFO - Executing: {'load': {'autodetect': True, 'createDisposition': 'CREATE_IF_NEEDED', 'destinationTable': {'projectId': 'madt-finalproject', 'datasetId': 'finalproject_data', 'tableId': 'fact'}, 'sourceFormat': 'CSV', 'sourceUris': ['gs://storage-madt-finalproject/fact.csv'], 'writeDisposition': 'WRITE_TRUNCATE', 'ignoreUnknownValues': False, 'skipLeadingRows': None, 'fieldDelimiter': ',', 'quote': None, 'allowQuotedNewlines': False, 'encoding': 'UTF-8'}}
[2024-09-29T14:31:06.808+0000] {bigquery.py:1613} INFO - Inserting job ***_etl_gcs_to_bq_fact_2024_08_26T00_00_00_00_00_c99ee6a35dcfc415c154a9528d9d88d3
[2024-09-29T14:31:10.064+0000] {taskinstance.py:441} INFO - ::group::Post task execution logs
[2024-09-29T14:31:10.118+0000] {taskinstance.py:1205} INFO - Marking task as SUCCESS. dag_id=etl, task_id=gcs_to_bq_fact, execution_date=20240826T000000, start_date=20240929T143105, end_date=20240929T143110
[2024-09-29T14:31:10.238+0000] {local_task_job_runner.py:240} INFO - Task exited with return code 0
[2024-09-29T14:31:10.294+0000] {taskinstance.py:3482} INFO - 0 downstream tasks scheduled from follow-on schedule check
[2024-09-29T14:31:10.301+0000] {local_task_job_runner.py:222} INFO - ::endgroup::
